[2024-03-30T06:06:13.861+0000] {processor.py:157} INFO - Started process (PID=53) to work on /home/airflow/.local/lib/python3.7/site-packages/airflow/example_dags/example_python_operator.py
[2024-03-30T06:06:13.861+0000] {processor.py:826} INFO - Processing file /home/airflow/.local/lib/python3.7/site-packages/airflow/example_dags/example_python_operator.py for tasks to queue
[2024-03-30T06:06:13.862+0000] {logging_mixin.py:149} INFO - [2024-03-30T06:06:13.862+0000] {dagbag.py:541} INFO - Filling up the DagBag from /home/airflow/.local/lib/python3.7/site-packages/airflow/example_dags/example_python_operator.py
[2024-03-30T06:06:13.871+0000] {logging_mixin.py:149} INFO - [2024-03-30T06:06:13.871+0000] {taskmixin.py:211} WARNING - Dependency <Task(_PythonDecoratedOperator): print_the_context>, log_sql_query already registered for DAG: example_python_operator
[2024-03-30T06:06:13.871+0000] {logging_mixin.py:149} INFO - [2024-03-30T06:06:13.871+0000] {taskmixin.py:211} WARNING - Dependency <Task(_PythonDecoratedOperator): log_sql_query>, print_the_context already registered for DAG: example_python_operator
[2024-03-30T06:06:13.872+0000] {logging_mixin.py:149} INFO - [2024-03-30T06:06:13.872+0000] {taskmixin.py:211} WARNING - Dependency <Task(_PythonDecoratedOperator): print_the_context>, log_sql_query already registered for DAG: example_python_operator
[2024-03-30T06:06:13.872+0000] {logging_mixin.py:149} INFO - [2024-03-30T06:06:13.872+0000] {taskmixin.py:211} WARNING - Dependency <Task(_PythonDecoratedOperator): log_sql_query>, print_the_context already registered for DAG: example_python_operator
[2024-03-30T06:06:13.872+0000] {logging_mixin.py:149} INFO - [2024-03-30T06:06:13.872+0000] {taskmixin.py:211} WARNING - Dependency <Task(_PythonDecoratedOperator): print_the_context>, log_sql_query already registered for DAG: example_python_operator
[2024-03-30T06:06:13.873+0000] {logging_mixin.py:149} INFO - [2024-03-30T06:06:13.873+0000] {taskmixin.py:211} WARNING - Dependency <Task(_PythonDecoratedOperator): log_sql_query>, print_the_context already registered for DAG: example_python_operator
[2024-03-30T06:06:13.873+0000] {logging_mixin.py:149} INFO - [2024-03-30T06:06:13.873+0000] {taskmixin.py:211} WARNING - Dependency <Task(_PythonDecoratedOperator): print_the_context>, log_sql_query already registered for DAG: example_python_operator
[2024-03-30T06:06:13.873+0000] {logging_mixin.py:149} INFO - [2024-03-30T06:06:13.873+0000] {taskmixin.py:211} WARNING - Dependency <Task(_PythonDecoratedOperator): log_sql_query>, print_the_context already registered for DAG: example_python_operator
[2024-03-30T06:06:13.880+0000] {processor.py:836} INFO - DAG(s) dict_keys(['example_python_operator']) retrieved from /home/airflow/.local/lib/python3.7/site-packages/airflow/example_dags/example_python_operator.py
[2024-03-30T06:06:13.909+0000] {logging_mixin.py:149} INFO - [2024-03-30T06:06:13.908+0000] {dag.py:2726} INFO - Sync 1 DAGs
[2024-03-30T06:06:13.943+0000] {logging_mixin.py:149} INFO - [2024-03-30T06:06:13.943+0000] {dag.py:3490} INFO - Setting next_dagrun for example_python_operator to None, run_after=None
[2024-03-30T06:06:13.984+0000] {processor.py:179} INFO - Processing /home/airflow/.local/lib/python3.7/site-packages/airflow/example_dags/example_python_operator.py took 0.127 seconds
[2024-03-30T06:06:44.934+0000] {processor.py:157} INFO - Started process (PID=113) to work on /home/airflow/.local/lib/python3.7/site-packages/airflow/example_dags/example_python_operator.py
[2024-03-30T06:06:44.935+0000] {processor.py:826} INFO - Processing file /home/airflow/.local/lib/python3.7/site-packages/airflow/example_dags/example_python_operator.py for tasks to queue
[2024-03-30T06:06:44.936+0000] {logging_mixin.py:149} INFO - [2024-03-30T06:06:44.936+0000] {dagbag.py:541} INFO - Filling up the DagBag from /home/airflow/.local/lib/python3.7/site-packages/airflow/example_dags/example_python_operator.py
[2024-03-30T06:06:44.941+0000] {logging_mixin.py:149} INFO - [2024-03-30T06:06:44.941+0000] {taskmixin.py:211} WARNING - Dependency <Task(_PythonDecoratedOperator): print_the_context>, log_sql_query already registered for DAG: example_python_operator
[2024-03-30T06:06:44.942+0000] {logging_mixin.py:149} INFO - [2024-03-30T06:06:44.942+0000] {taskmixin.py:211} WARNING - Dependency <Task(_PythonDecoratedOperator): log_sql_query>, print_the_context already registered for DAG: example_python_operator
[2024-03-30T06:06:44.942+0000] {logging_mixin.py:149} INFO - [2024-03-30T06:06:44.942+0000] {taskmixin.py:211} WARNING - Dependency <Task(_PythonDecoratedOperator): print_the_context>, log_sql_query already registered for DAG: example_python_operator
[2024-03-30T06:06:44.942+0000] {logging_mixin.py:149} INFO - [2024-03-30T06:06:44.942+0000] {taskmixin.py:211} WARNING - Dependency <Task(_PythonDecoratedOperator): log_sql_query>, print_the_context already registered for DAG: example_python_operator
[2024-03-30T06:06:44.943+0000] {logging_mixin.py:149} INFO - [2024-03-30T06:06:44.943+0000] {taskmixin.py:211} WARNING - Dependency <Task(_PythonDecoratedOperator): print_the_context>, log_sql_query already registered for DAG: example_python_operator
[2024-03-30T06:06:44.943+0000] {logging_mixin.py:149} INFO - [2024-03-30T06:06:44.943+0000] {taskmixin.py:211} WARNING - Dependency <Task(_PythonDecoratedOperator): log_sql_query>, print_the_context already registered for DAG: example_python_operator
[2024-03-30T06:06:44.943+0000] {logging_mixin.py:149} INFO - [2024-03-30T06:06:44.943+0000] {taskmixin.py:211} WARNING - Dependency <Task(_PythonDecoratedOperator): print_the_context>, log_sql_query already registered for DAG: example_python_operator
[2024-03-30T06:06:44.944+0000] {logging_mixin.py:149} INFO - [2024-03-30T06:06:44.943+0000] {taskmixin.py:211} WARNING - Dependency <Task(_PythonDecoratedOperator): log_sql_query>, print_the_context already registered for DAG: example_python_operator
[2024-03-30T06:06:44.946+0000] {processor.py:836} INFO - DAG(s) dict_keys(['example_python_operator']) retrieved from /home/airflow/.local/lib/python3.7/site-packages/airflow/example_dags/example_python_operator.py
[2024-03-30T06:06:45.019+0000] {logging_mixin.py:149} INFO - [2024-03-30T06:06:45.019+0000] {dag.py:2726} INFO - Sync 1 DAGs
[2024-03-30T06:06:45.040+0000] {logging_mixin.py:149} INFO - [2024-03-30T06:06:45.040+0000] {dag.py:3490} INFO - Setting next_dagrun for example_python_operator to None, run_after=None
[2024-03-30T06:06:45.136+0000] {processor.py:179} INFO - Processing /home/airflow/.local/lib/python3.7/site-packages/airflow/example_dags/example_python_operator.py took 0.205 seconds
