[2024-03-30T06:15:32.020+0000] {processor.py:157} INFO - Started process (PID=38) to work on /home/airflow/.local/lib/python3.7/site-packages/airflow/example_dags/example_branch_operator_decorator.py
[2024-03-30T06:15:32.021+0000] {processor.py:826} INFO - Processing file /home/airflow/.local/lib/python3.7/site-packages/airflow/example_dags/example_branch_operator_decorator.py for tasks to queue
[2024-03-30T06:15:32.021+0000] {logging_mixin.py:149} INFO - [2024-03-30T06:15:32.021+0000] {dagbag.py:541} INFO - Filling up the DagBag from /home/airflow/.local/lib/python3.7/site-packages/airflow/example_dags/example_branch_operator_decorator.py
[2024-03-30T06:15:32.032+0000] {processor.py:836} INFO - DAG(s) dict_keys(['example_branch_python_operator_decorator']) retrieved from /home/airflow/.local/lib/python3.7/site-packages/airflow/example_dags/example_branch_operator_decorator.py
[2024-03-30T06:15:32.060+0000] {logging_mixin.py:149} INFO - [2024-03-30T06:15:32.059+0000] {dag.py:2726} INFO - Sync 1 DAGs
[2024-03-30T06:15:32.090+0000] {logging_mixin.py:149} INFO - [2024-03-30T06:15:32.089+0000] {dag.py:3490} INFO - Setting next_dagrun for example_branch_python_operator_decorator to 2024-03-29T00:00:00+00:00, run_after=2024-03-30T00:00:00+00:00
[2024-03-30T06:15:32.127+0000] {processor.py:179} INFO - Processing /home/airflow/.local/lib/python3.7/site-packages/airflow/example_dags/example_branch_operator_decorator.py took 0.109 seconds
[2024-03-30T06:16:02.758+0000] {processor.py:157} INFO - Started process (PID=97) to work on /home/airflow/.local/lib/python3.7/site-packages/airflow/example_dags/example_branch_operator_decorator.py
[2024-03-30T06:16:02.759+0000] {processor.py:826} INFO - Processing file /home/airflow/.local/lib/python3.7/site-packages/airflow/example_dags/example_branch_operator_decorator.py for tasks to queue
[2024-03-30T06:16:02.759+0000] {logging_mixin.py:149} INFO - [2024-03-30T06:16:02.759+0000] {dagbag.py:541} INFO - Filling up the DagBag from /home/airflow/.local/lib/python3.7/site-packages/airflow/example_dags/example_branch_operator_decorator.py
[2024-03-30T06:16:02.769+0000] {processor.py:836} INFO - DAG(s) dict_keys(['example_branch_python_operator_decorator']) retrieved from /home/airflow/.local/lib/python3.7/site-packages/airflow/example_dags/example_branch_operator_decorator.py
[2024-03-30T06:16:02.816+0000] {logging_mixin.py:149} INFO - [2024-03-30T06:16:02.816+0000] {dag.py:2726} INFO - Sync 1 DAGs
[2024-03-30T06:16:02.843+0000] {logging_mixin.py:149} INFO - [2024-03-30T06:16:02.842+0000] {dag.py:3490} INFO - Setting next_dagrun for example_branch_python_operator_decorator to 2024-03-29T00:00:00+00:00, run_after=2024-03-30T00:00:00+00:00
[2024-03-30T06:16:02.876+0000] {processor.py:179} INFO - Processing /home/airflow/.local/lib/python3.7/site-packages/airflow/example_dags/example_branch_operator_decorator.py took 0.123 seconds
[2024-03-30T06:16:33.436+0000] {processor.py:157} INFO - Started process (PID=157) to work on /home/airflow/.local/lib/python3.7/site-packages/airflow/example_dags/example_branch_operator_decorator.py
[2024-03-30T06:16:33.437+0000] {processor.py:826} INFO - Processing file /home/airflow/.local/lib/python3.7/site-packages/airflow/example_dags/example_branch_operator_decorator.py for tasks to queue
[2024-03-30T06:16:33.438+0000] {logging_mixin.py:149} INFO - [2024-03-30T06:16:33.438+0000] {dagbag.py:541} INFO - Filling up the DagBag from /home/airflow/.local/lib/python3.7/site-packages/airflow/example_dags/example_branch_operator_decorator.py
[2024-03-30T06:16:33.446+0000] {processor.py:836} INFO - DAG(s) dict_keys(['example_branch_python_operator_decorator']) retrieved from /home/airflow/.local/lib/python3.7/site-packages/airflow/example_dags/example_branch_operator_decorator.py
[2024-03-30T06:16:33.484+0000] {logging_mixin.py:149} INFO - [2024-03-30T06:16:33.484+0000] {dag.py:2726} INFO - Sync 1 DAGs
[2024-03-30T06:16:33.508+0000] {logging_mixin.py:149} INFO - [2024-03-30T06:16:33.508+0000] {dag.py:3490} INFO - Setting next_dagrun for example_branch_python_operator_decorator to 2024-03-29T00:00:00+00:00, run_after=2024-03-30T00:00:00+00:00
[2024-03-30T06:16:33.543+0000] {processor.py:179} INFO - Processing /home/airflow/.local/lib/python3.7/site-packages/airflow/example_dags/example_branch_operator_decorator.py took 0.110 seconds
[2024-03-30T06:17:03.665+0000] {processor.py:157} INFO - Started process (PID=217) to work on /home/airflow/.local/lib/python3.7/site-packages/airflow/example_dags/example_branch_operator_decorator.py
[2024-03-30T06:17:03.666+0000] {processor.py:826} INFO - Processing file /home/airflow/.local/lib/python3.7/site-packages/airflow/example_dags/example_branch_operator_decorator.py for tasks to queue
[2024-03-30T06:17:03.666+0000] {logging_mixin.py:149} INFO - [2024-03-30T06:17:03.666+0000] {dagbag.py:541} INFO - Filling up the DagBag from /home/airflow/.local/lib/python3.7/site-packages/airflow/example_dags/example_branch_operator_decorator.py
[2024-03-30T06:17:03.677+0000] {processor.py:836} INFO - DAG(s) dict_keys(['example_branch_python_operator_decorator']) retrieved from /home/airflow/.local/lib/python3.7/site-packages/airflow/example_dags/example_branch_operator_decorator.py
[2024-03-30T06:17:03.719+0000] {logging_mixin.py:149} INFO - [2024-03-30T06:17:03.719+0000] {dag.py:2726} INFO - Sync 1 DAGs
[2024-03-30T06:17:03.743+0000] {logging_mixin.py:149} INFO - [2024-03-30T06:17:03.743+0000] {dag.py:3490} INFO - Setting next_dagrun for example_branch_python_operator_decorator to 2024-03-29T00:00:00+00:00, run_after=2024-03-30T00:00:00+00:00
[2024-03-30T06:17:03.776+0000] {processor.py:179} INFO - Processing /home/airflow/.local/lib/python3.7/site-packages/airflow/example_dags/example_branch_operator_decorator.py took 0.114 seconds
[2024-03-30T06:17:34.202+0000] {processor.py:157} INFO - Started process (PID=277) to work on /home/airflow/.local/lib/python3.7/site-packages/airflow/example_dags/example_branch_operator_decorator.py
[2024-03-30T06:17:34.203+0000] {processor.py:826} INFO - Processing file /home/airflow/.local/lib/python3.7/site-packages/airflow/example_dags/example_branch_operator_decorator.py for tasks to queue
[2024-03-30T06:17:34.203+0000] {logging_mixin.py:149} INFO - [2024-03-30T06:17:34.203+0000] {dagbag.py:541} INFO - Filling up the DagBag from /home/airflow/.local/lib/python3.7/site-packages/airflow/example_dags/example_branch_operator_decorator.py
[2024-03-30T06:17:34.213+0000] {processor.py:836} INFO - DAG(s) dict_keys(['example_branch_python_operator_decorator']) retrieved from /home/airflow/.local/lib/python3.7/site-packages/airflow/example_dags/example_branch_operator_decorator.py
[2024-03-30T06:17:34.251+0000] {logging_mixin.py:149} INFO - [2024-03-30T06:17:34.251+0000] {dag.py:2726} INFO - Sync 1 DAGs
[2024-03-30T06:17:34.277+0000] {logging_mixin.py:149} INFO - [2024-03-30T06:17:34.277+0000] {dag.py:3490} INFO - Setting next_dagrun for example_branch_python_operator_decorator to 2024-03-29T00:00:00+00:00, run_after=2024-03-30T00:00:00+00:00
[2024-03-30T06:17:34.310+0000] {processor.py:179} INFO - Processing /home/airflow/.local/lib/python3.7/site-packages/airflow/example_dags/example_branch_operator_decorator.py took 0.111 seconds
[2024-03-30T06:18:04.637+0000] {processor.py:157} INFO - Started process (PID=337) to work on /home/airflow/.local/lib/python3.7/site-packages/airflow/example_dags/example_branch_operator_decorator.py
[2024-03-30T06:18:04.638+0000] {processor.py:826} INFO - Processing file /home/airflow/.local/lib/python3.7/site-packages/airflow/example_dags/example_branch_operator_decorator.py for tasks to queue
[2024-03-30T06:18:04.638+0000] {logging_mixin.py:149} INFO - [2024-03-30T06:18:04.638+0000] {dagbag.py:541} INFO - Filling up the DagBag from /home/airflow/.local/lib/python3.7/site-packages/airflow/example_dags/example_branch_operator_decorator.py
[2024-03-30T06:18:04.648+0000] {processor.py:836} INFO - DAG(s) dict_keys(['example_branch_python_operator_decorator']) retrieved from /home/airflow/.local/lib/python3.7/site-packages/airflow/example_dags/example_branch_operator_decorator.py
[2024-03-30T06:18:04.691+0000] {logging_mixin.py:149} INFO - [2024-03-30T06:18:04.691+0000] {dag.py:2726} INFO - Sync 1 DAGs
[2024-03-30T06:18:04.720+0000] {logging_mixin.py:149} INFO - [2024-03-30T06:18:04.720+0000] {dag.py:3490} INFO - Setting next_dagrun for example_branch_python_operator_decorator to 2024-03-29T00:00:00+00:00, run_after=2024-03-30T00:00:00+00:00
[2024-03-30T06:18:04.762+0000] {processor.py:179} INFO - Processing /home/airflow/.local/lib/python3.7/site-packages/airflow/example_dags/example_branch_operator_decorator.py took 0.129 seconds
[2024-03-30T06:18:34.924+0000] {processor.py:157} INFO - Started process (PID=398) to work on /home/airflow/.local/lib/python3.7/site-packages/airflow/example_dags/example_branch_operator_decorator.py
[2024-03-30T06:18:34.925+0000] {processor.py:826} INFO - Processing file /home/airflow/.local/lib/python3.7/site-packages/airflow/example_dags/example_branch_operator_decorator.py for tasks to queue
[2024-03-30T06:18:34.926+0000] {logging_mixin.py:149} INFO - [2024-03-30T06:18:34.926+0000] {dagbag.py:541} INFO - Filling up the DagBag from /home/airflow/.local/lib/python3.7/site-packages/airflow/example_dags/example_branch_operator_decorator.py
[2024-03-30T06:18:34.935+0000] {processor.py:836} INFO - DAG(s) dict_keys(['example_branch_python_operator_decorator']) retrieved from /home/airflow/.local/lib/python3.7/site-packages/airflow/example_dags/example_branch_operator_decorator.py
[2024-03-30T06:18:34.977+0000] {logging_mixin.py:149} INFO - [2024-03-30T06:18:34.977+0000] {dag.py:2726} INFO - Sync 1 DAGs
[2024-03-30T06:18:35.007+0000] {logging_mixin.py:149} INFO - [2024-03-30T06:18:35.007+0000] {dag.py:3490} INFO - Setting next_dagrun for example_branch_python_operator_decorator to 2024-03-29T00:00:00+00:00, run_after=2024-03-30T00:00:00+00:00
[2024-03-30T06:18:35.045+0000] {processor.py:179} INFO - Processing /home/airflow/.local/lib/python3.7/site-packages/airflow/example_dags/example_branch_operator_decorator.py took 0.125 seconds
[2024-03-30T06:19:05.283+0000] {processor.py:157} INFO - Started process (PID=458) to work on /home/airflow/.local/lib/python3.7/site-packages/airflow/example_dags/example_branch_operator_decorator.py
[2024-03-30T06:19:05.284+0000] {processor.py:826} INFO - Processing file /home/airflow/.local/lib/python3.7/site-packages/airflow/example_dags/example_branch_operator_decorator.py for tasks to queue
[2024-03-30T06:19:05.285+0000] {logging_mixin.py:149} INFO - [2024-03-30T06:19:05.285+0000] {dagbag.py:541} INFO - Filling up the DagBag from /home/airflow/.local/lib/python3.7/site-packages/airflow/example_dags/example_branch_operator_decorator.py
[2024-03-30T06:19:05.295+0000] {processor.py:836} INFO - DAG(s) dict_keys(['example_branch_python_operator_decorator']) retrieved from /home/airflow/.local/lib/python3.7/site-packages/airflow/example_dags/example_branch_operator_decorator.py
[2024-03-30T06:19:05.335+0000] {logging_mixin.py:149} INFO - [2024-03-30T06:19:05.335+0000] {dag.py:2726} INFO - Sync 1 DAGs
[2024-03-30T06:19:05.363+0000] {logging_mixin.py:149} INFO - [2024-03-30T06:19:05.363+0000] {dag.py:3490} INFO - Setting next_dagrun for example_branch_python_operator_decorator to 2024-03-29T00:00:00+00:00, run_after=2024-03-30T00:00:00+00:00
[2024-03-30T06:19:05.398+0000] {processor.py:179} INFO - Processing /home/airflow/.local/lib/python3.7/site-packages/airflow/example_dags/example_branch_operator_decorator.py took 0.118 seconds
[2024-03-30T06:19:36.315+0000] {processor.py:157} INFO - Started process (PID=518) to work on /home/airflow/.local/lib/python3.7/site-packages/airflow/example_dags/example_branch_operator_decorator.py
[2024-03-30T06:19:36.316+0000] {processor.py:826} INFO - Processing file /home/airflow/.local/lib/python3.7/site-packages/airflow/example_dags/example_branch_operator_decorator.py for tasks to queue
[2024-03-30T06:19:36.317+0000] {logging_mixin.py:149} INFO - [2024-03-30T06:19:36.317+0000] {dagbag.py:541} INFO - Filling up the DagBag from /home/airflow/.local/lib/python3.7/site-packages/airflow/example_dags/example_branch_operator_decorator.py
[2024-03-30T06:19:36.327+0000] {processor.py:836} INFO - DAG(s) dict_keys(['example_branch_python_operator_decorator']) retrieved from /home/airflow/.local/lib/python3.7/site-packages/airflow/example_dags/example_branch_operator_decorator.py
[2024-03-30T06:19:36.369+0000] {logging_mixin.py:149} INFO - [2024-03-30T06:19:36.368+0000] {dag.py:2726} INFO - Sync 1 DAGs
[2024-03-30T06:19:36.414+0000] {logging_mixin.py:149} INFO - [2024-03-30T06:19:36.414+0000] {dag.py:3490} INFO - Setting next_dagrun for example_branch_python_operator_decorator to 2024-03-29T00:00:00+00:00, run_after=2024-03-30T00:00:00+00:00
[2024-03-30T06:19:36.459+0000] {processor.py:179} INFO - Processing /home/airflow/.local/lib/python3.7/site-packages/airflow/example_dags/example_branch_operator_decorator.py took 0.147 seconds
[2024-03-30T06:20:06.508+0000] {processor.py:157} INFO - Started process (PID=578) to work on /home/airflow/.local/lib/python3.7/site-packages/airflow/example_dags/example_branch_operator_decorator.py
[2024-03-30T06:20:06.509+0000] {processor.py:826} INFO - Processing file /home/airflow/.local/lib/python3.7/site-packages/airflow/example_dags/example_branch_operator_decorator.py for tasks to queue
[2024-03-30T06:20:06.510+0000] {logging_mixin.py:149} INFO - [2024-03-30T06:20:06.510+0000] {dagbag.py:541} INFO - Filling up the DagBag from /home/airflow/.local/lib/python3.7/site-packages/airflow/example_dags/example_branch_operator_decorator.py
[2024-03-30T06:20:06.520+0000] {processor.py:836} INFO - DAG(s) dict_keys(['example_branch_python_operator_decorator']) retrieved from /home/airflow/.local/lib/python3.7/site-packages/airflow/example_dags/example_branch_operator_decorator.py
[2024-03-30T06:20:06.557+0000] {logging_mixin.py:149} INFO - [2024-03-30T06:20:06.557+0000] {dag.py:2726} INFO - Sync 1 DAGs
[2024-03-30T06:20:06.583+0000] {logging_mixin.py:149} INFO - [2024-03-30T06:20:06.582+0000] {dag.py:3490} INFO - Setting next_dagrun for example_branch_python_operator_decorator to 2024-03-29T00:00:00+00:00, run_after=2024-03-30T00:00:00+00:00
[2024-03-30T06:20:06.616+0000] {processor.py:179} INFO - Processing /home/airflow/.local/lib/python3.7/site-packages/airflow/example_dags/example_branch_operator_decorator.py took 0.111 seconds
[2024-03-30T06:20:37.165+0000] {processor.py:157} INFO - Started process (PID=639) to work on /home/airflow/.local/lib/python3.7/site-packages/airflow/example_dags/example_branch_operator_decorator.py
[2024-03-30T06:20:37.166+0000] {processor.py:826} INFO - Processing file /home/airflow/.local/lib/python3.7/site-packages/airflow/example_dags/example_branch_operator_decorator.py for tasks to queue
[2024-03-30T06:20:37.166+0000] {logging_mixin.py:149} INFO - [2024-03-30T06:20:37.166+0000] {dagbag.py:541} INFO - Filling up the DagBag from /home/airflow/.local/lib/python3.7/site-packages/airflow/example_dags/example_branch_operator_decorator.py
[2024-03-30T06:20:37.175+0000] {processor.py:836} INFO - DAG(s) dict_keys(['example_branch_python_operator_decorator']) retrieved from /home/airflow/.local/lib/python3.7/site-packages/airflow/example_dags/example_branch_operator_decorator.py
[2024-03-30T06:20:37.215+0000] {logging_mixin.py:149} INFO - [2024-03-30T06:20:37.214+0000] {dag.py:2726} INFO - Sync 1 DAGs
[2024-03-30T06:20:37.242+0000] {logging_mixin.py:149} INFO - [2024-03-30T06:20:37.242+0000] {dag.py:3490} INFO - Setting next_dagrun for example_branch_python_operator_decorator to 2024-03-29T00:00:00+00:00, run_after=2024-03-30T00:00:00+00:00
[2024-03-30T06:20:37.276+0000] {processor.py:179} INFO - Processing /home/airflow/.local/lib/python3.7/site-packages/airflow/example_dags/example_branch_operator_decorator.py took 0.114 seconds
[2024-03-30T06:21:08.208+0000] {processor.py:157} INFO - Started process (PID=700) to work on /home/airflow/.local/lib/python3.7/site-packages/airflow/example_dags/example_branch_operator_decorator.py
[2024-03-30T06:21:08.209+0000] {processor.py:826} INFO - Processing file /home/airflow/.local/lib/python3.7/site-packages/airflow/example_dags/example_branch_operator_decorator.py for tasks to queue
[2024-03-30T06:21:08.209+0000] {logging_mixin.py:149} INFO - [2024-03-30T06:21:08.209+0000] {dagbag.py:541} INFO - Filling up the DagBag from /home/airflow/.local/lib/python3.7/site-packages/airflow/example_dags/example_branch_operator_decorator.py
[2024-03-30T06:21:08.218+0000] {processor.py:836} INFO - DAG(s) dict_keys(['example_branch_python_operator_decorator']) retrieved from /home/airflow/.local/lib/python3.7/site-packages/airflow/example_dags/example_branch_operator_decorator.py
[2024-03-30T06:21:08.258+0000] {logging_mixin.py:149} INFO - [2024-03-30T06:21:08.258+0000] {dag.py:2726} INFO - Sync 1 DAGs
[2024-03-30T06:21:08.285+0000] {logging_mixin.py:149} INFO - [2024-03-30T06:21:08.285+0000] {dag.py:3490} INFO - Setting next_dagrun for example_branch_python_operator_decorator to 2024-03-29T00:00:00+00:00, run_after=2024-03-30T00:00:00+00:00
[2024-03-30T06:21:08.317+0000] {processor.py:179} INFO - Processing /home/airflow/.local/lib/python3.7/site-packages/airflow/example_dags/example_branch_operator_decorator.py took 0.112 seconds
[2024-03-30T06:21:38.794+0000] {processor.py:157} INFO - Started process (PID=761) to work on /home/airflow/.local/lib/python3.7/site-packages/airflow/example_dags/example_branch_operator_decorator.py
[2024-03-30T06:21:38.795+0000] {processor.py:826} INFO - Processing file /home/airflow/.local/lib/python3.7/site-packages/airflow/example_dags/example_branch_operator_decorator.py for tasks to queue
[2024-03-30T06:21:38.795+0000] {logging_mixin.py:149} INFO - [2024-03-30T06:21:38.795+0000] {dagbag.py:541} INFO - Filling up the DagBag from /home/airflow/.local/lib/python3.7/site-packages/airflow/example_dags/example_branch_operator_decorator.py
[2024-03-30T06:21:38.805+0000] {processor.py:836} INFO - DAG(s) dict_keys(['example_branch_python_operator_decorator']) retrieved from /home/airflow/.local/lib/python3.7/site-packages/airflow/example_dags/example_branch_operator_decorator.py
[2024-03-30T06:21:38.844+0000] {logging_mixin.py:149} INFO - [2024-03-30T06:21:38.844+0000] {dag.py:2726} INFO - Sync 1 DAGs
[2024-03-30T06:21:38.868+0000] {logging_mixin.py:149} INFO - [2024-03-30T06:21:38.868+0000] {dag.py:3490} INFO - Setting next_dagrun for example_branch_python_operator_decorator to 2024-03-29T00:00:00+00:00, run_after=2024-03-30T00:00:00+00:00
[2024-03-30T06:21:38.899+0000] {processor.py:179} INFO - Processing /home/airflow/.local/lib/python3.7/site-packages/airflow/example_dags/example_branch_operator_decorator.py took 0.108 seconds
[2024-03-30T06:22:09.063+0000] {processor.py:157} INFO - Started process (PID=822) to work on /home/airflow/.local/lib/python3.7/site-packages/airflow/example_dags/example_branch_operator_decorator.py
[2024-03-30T06:22:09.063+0000] {processor.py:826} INFO - Processing file /home/airflow/.local/lib/python3.7/site-packages/airflow/example_dags/example_branch_operator_decorator.py for tasks to queue
[2024-03-30T06:22:09.064+0000] {logging_mixin.py:149} INFO - [2024-03-30T06:22:09.064+0000] {dagbag.py:541} INFO - Filling up the DagBag from /home/airflow/.local/lib/python3.7/site-packages/airflow/example_dags/example_branch_operator_decorator.py
[2024-03-30T06:22:09.074+0000] {processor.py:836} INFO - DAG(s) dict_keys(['example_branch_python_operator_decorator']) retrieved from /home/airflow/.local/lib/python3.7/site-packages/airflow/example_dags/example_branch_operator_decorator.py
[2024-03-30T06:22:09.111+0000] {logging_mixin.py:149} INFO - [2024-03-30T06:22:09.111+0000] {dag.py:2726} INFO - Sync 1 DAGs
[2024-03-30T06:22:09.139+0000] {logging_mixin.py:149} INFO - [2024-03-30T06:22:09.139+0000] {dag.py:3490} INFO - Setting next_dagrun for example_branch_python_operator_decorator to 2024-03-29T00:00:00+00:00, run_after=2024-03-30T00:00:00+00:00
[2024-03-30T06:22:09.176+0000] {processor.py:179} INFO - Processing /home/airflow/.local/lib/python3.7/site-packages/airflow/example_dags/example_branch_operator_decorator.py took 0.116 seconds
[2024-03-30T06:22:39.639+0000] {processor.py:157} INFO - Started process (PID=884) to work on /home/airflow/.local/lib/python3.7/site-packages/airflow/example_dags/example_branch_operator_decorator.py
[2024-03-30T06:22:39.640+0000] {processor.py:826} INFO - Processing file /home/airflow/.local/lib/python3.7/site-packages/airflow/example_dags/example_branch_operator_decorator.py for tasks to queue
[2024-03-30T06:22:39.641+0000] {logging_mixin.py:149} INFO - [2024-03-30T06:22:39.640+0000] {dagbag.py:541} INFO - Filling up the DagBag from /home/airflow/.local/lib/python3.7/site-packages/airflow/example_dags/example_branch_operator_decorator.py
[2024-03-30T06:22:39.653+0000] {processor.py:836} INFO - DAG(s) dict_keys(['example_branch_python_operator_decorator']) retrieved from /home/airflow/.local/lib/python3.7/site-packages/airflow/example_dags/example_branch_operator_decorator.py
[2024-03-30T06:22:39.689+0000] {logging_mixin.py:149} INFO - [2024-03-30T06:22:39.689+0000] {dag.py:2726} INFO - Sync 1 DAGs
[2024-03-30T06:22:39.715+0000] {logging_mixin.py:149} INFO - [2024-03-30T06:22:39.715+0000] {dag.py:3490} INFO - Setting next_dagrun for example_branch_python_operator_decorator to 2024-03-29T00:00:00+00:00, run_after=2024-03-30T00:00:00+00:00
[2024-03-30T06:22:39.750+0000] {processor.py:179} INFO - Processing /home/airflow/.local/lib/python3.7/site-packages/airflow/example_dags/example_branch_operator_decorator.py took 0.115 seconds
[2024-03-30T06:23:09.970+0000] {processor.py:157} INFO - Started process (PID=945) to work on /home/airflow/.local/lib/python3.7/site-packages/airflow/example_dags/example_branch_operator_decorator.py
[2024-03-30T06:23:09.971+0000] {processor.py:826} INFO - Processing file /home/airflow/.local/lib/python3.7/site-packages/airflow/example_dags/example_branch_operator_decorator.py for tasks to queue
[2024-03-30T06:23:09.972+0000] {logging_mixin.py:149} INFO - [2024-03-30T06:23:09.972+0000] {dagbag.py:541} INFO - Filling up the DagBag from /home/airflow/.local/lib/python3.7/site-packages/airflow/example_dags/example_branch_operator_decorator.py
[2024-03-30T06:23:09.982+0000] {processor.py:836} INFO - DAG(s) dict_keys(['example_branch_python_operator_decorator']) retrieved from /home/airflow/.local/lib/python3.7/site-packages/airflow/example_dags/example_branch_operator_decorator.py
[2024-03-30T06:23:10.021+0000] {logging_mixin.py:149} INFO - [2024-03-30T06:23:10.021+0000] {dag.py:2726} INFO - Sync 1 DAGs
[2024-03-30T06:23:10.054+0000] {logging_mixin.py:149} INFO - [2024-03-30T06:23:10.054+0000] {dag.py:3490} INFO - Setting next_dagrun for example_branch_python_operator_decorator to 2024-03-29T00:00:00+00:00, run_after=2024-03-30T00:00:00+00:00
[2024-03-30T06:23:10.090+0000] {processor.py:179} INFO - Processing /home/airflow/.local/lib/python3.7/site-packages/airflow/example_dags/example_branch_operator_decorator.py took 0.123 seconds
[2024-03-30T06:23:40.298+0000] {processor.py:157} INFO - Started process (PID=1006) to work on /home/airflow/.local/lib/python3.7/site-packages/airflow/example_dags/example_branch_operator_decorator.py
[2024-03-30T06:23:40.300+0000] {processor.py:826} INFO - Processing file /home/airflow/.local/lib/python3.7/site-packages/airflow/example_dags/example_branch_operator_decorator.py for tasks to queue
[2024-03-30T06:23:40.300+0000] {logging_mixin.py:149} INFO - [2024-03-30T06:23:40.300+0000] {dagbag.py:541} INFO - Filling up the DagBag from /home/airflow/.local/lib/python3.7/site-packages/airflow/example_dags/example_branch_operator_decorator.py
[2024-03-30T06:23:40.310+0000] {processor.py:836} INFO - DAG(s) dict_keys(['example_branch_python_operator_decorator']) retrieved from /home/airflow/.local/lib/python3.7/site-packages/airflow/example_dags/example_branch_operator_decorator.py
[2024-03-30T06:23:40.346+0000] {logging_mixin.py:149} INFO - [2024-03-30T06:23:40.346+0000] {dag.py:2726} INFO - Sync 1 DAGs
[2024-03-30T06:23:40.376+0000] {logging_mixin.py:149} INFO - [2024-03-30T06:23:40.375+0000] {dag.py:3490} INFO - Setting next_dagrun for example_branch_python_operator_decorator to 2024-03-29T00:00:00+00:00, run_after=2024-03-30T00:00:00+00:00
[2024-03-30T06:23:40.411+0000] {processor.py:179} INFO - Processing /home/airflow/.local/lib/python3.7/site-packages/airflow/example_dags/example_branch_operator_decorator.py took 0.118 seconds
[2024-03-30T06:24:10.811+0000] {processor.py:157} INFO - Started process (PID=1067) to work on /home/airflow/.local/lib/python3.7/site-packages/airflow/example_dags/example_branch_operator_decorator.py
[2024-03-30T06:24:10.812+0000] {processor.py:826} INFO - Processing file /home/airflow/.local/lib/python3.7/site-packages/airflow/example_dags/example_branch_operator_decorator.py for tasks to queue
[2024-03-30T06:24:10.812+0000] {logging_mixin.py:149} INFO - [2024-03-30T06:24:10.812+0000] {dagbag.py:541} INFO - Filling up the DagBag from /home/airflow/.local/lib/python3.7/site-packages/airflow/example_dags/example_branch_operator_decorator.py
[2024-03-30T06:24:10.820+0000] {processor.py:836} INFO - DAG(s) dict_keys(['example_branch_python_operator_decorator']) retrieved from /home/airflow/.local/lib/python3.7/site-packages/airflow/example_dags/example_branch_operator_decorator.py
[2024-03-30T06:24:10.855+0000] {logging_mixin.py:149} INFO - [2024-03-30T06:24:10.855+0000] {dag.py:2726} INFO - Sync 1 DAGs
[2024-03-30T06:24:10.880+0000] {logging_mixin.py:149} INFO - [2024-03-30T06:24:10.880+0000] {dag.py:3490} INFO - Setting next_dagrun for example_branch_python_operator_decorator to 2024-03-29T00:00:00+00:00, run_after=2024-03-30T00:00:00+00:00
[2024-03-30T06:24:10.912+0000] {processor.py:179} INFO - Processing /home/airflow/.local/lib/python3.7/site-packages/airflow/example_dags/example_branch_operator_decorator.py took 0.103 seconds
[2024-03-30T06:24:41.217+0000] {processor.py:157} INFO - Started process (PID=1128) to work on /home/airflow/.local/lib/python3.7/site-packages/airflow/example_dags/example_branch_operator_decorator.py
[2024-03-30T06:24:41.218+0000] {processor.py:826} INFO - Processing file /home/airflow/.local/lib/python3.7/site-packages/airflow/example_dags/example_branch_operator_decorator.py for tasks to queue
[2024-03-30T06:24:41.218+0000] {logging_mixin.py:149} INFO - [2024-03-30T06:24:41.218+0000] {dagbag.py:541} INFO - Filling up the DagBag from /home/airflow/.local/lib/python3.7/site-packages/airflow/example_dags/example_branch_operator_decorator.py
[2024-03-30T06:24:41.227+0000] {processor.py:836} INFO - DAG(s) dict_keys(['example_branch_python_operator_decorator']) retrieved from /home/airflow/.local/lib/python3.7/site-packages/airflow/example_dags/example_branch_operator_decorator.py
[2024-03-30T06:24:41.262+0000] {logging_mixin.py:149} INFO - [2024-03-30T06:24:41.262+0000] {dag.py:2726} INFO - Sync 1 DAGs
[2024-03-30T06:24:41.287+0000] {logging_mixin.py:149} INFO - [2024-03-30T06:24:41.286+0000] {dag.py:3490} INFO - Setting next_dagrun for example_branch_python_operator_decorator to 2024-03-29T00:00:00+00:00, run_after=2024-03-30T00:00:00+00:00
[2024-03-30T06:24:41.317+0000] {processor.py:179} INFO - Processing /home/airflow/.local/lib/python3.7/site-packages/airflow/example_dags/example_branch_operator_decorator.py took 0.103 seconds
[2024-03-30T06:25:11.496+0000] {processor.py:157} INFO - Started process (PID=1189) to work on /home/airflow/.local/lib/python3.7/site-packages/airflow/example_dags/example_branch_operator_decorator.py
[2024-03-30T06:25:11.497+0000] {processor.py:826} INFO - Processing file /home/airflow/.local/lib/python3.7/site-packages/airflow/example_dags/example_branch_operator_decorator.py for tasks to queue
[2024-03-30T06:25:11.497+0000] {logging_mixin.py:149} INFO - [2024-03-30T06:25:11.497+0000] {dagbag.py:541} INFO - Filling up the DagBag from /home/airflow/.local/lib/python3.7/site-packages/airflow/example_dags/example_branch_operator_decorator.py
[2024-03-30T06:25:11.506+0000] {processor.py:836} INFO - DAG(s) dict_keys(['example_branch_python_operator_decorator']) retrieved from /home/airflow/.local/lib/python3.7/site-packages/airflow/example_dags/example_branch_operator_decorator.py
[2024-03-30T06:25:11.541+0000] {logging_mixin.py:149} INFO - [2024-03-30T06:25:11.541+0000] {dag.py:2726} INFO - Sync 1 DAGs
[2024-03-30T06:25:11.567+0000] {logging_mixin.py:149} INFO - [2024-03-30T06:25:11.567+0000] {dag.py:3490} INFO - Setting next_dagrun for example_branch_python_operator_decorator to 2024-03-29T00:00:00+00:00, run_after=2024-03-30T00:00:00+00:00
[2024-03-30T06:25:11.598+0000] {processor.py:179} INFO - Processing /home/airflow/.local/lib/python3.7/site-packages/airflow/example_dags/example_branch_operator_decorator.py took 0.104 seconds
[2024-03-30T06:25:41.960+0000] {processor.py:157} INFO - Started process (PID=1250) to work on /home/airflow/.local/lib/python3.7/site-packages/airflow/example_dags/example_branch_operator_decorator.py
[2024-03-30T06:25:41.961+0000] {processor.py:826} INFO - Processing file /home/airflow/.local/lib/python3.7/site-packages/airflow/example_dags/example_branch_operator_decorator.py for tasks to queue
[2024-03-30T06:25:41.962+0000] {logging_mixin.py:149} INFO - [2024-03-30T06:25:41.962+0000] {dagbag.py:541} INFO - Filling up the DagBag from /home/airflow/.local/lib/python3.7/site-packages/airflow/example_dags/example_branch_operator_decorator.py
[2024-03-30T06:25:41.971+0000] {processor.py:836} INFO - DAG(s) dict_keys(['example_branch_python_operator_decorator']) retrieved from /home/airflow/.local/lib/python3.7/site-packages/airflow/example_dags/example_branch_operator_decorator.py
[2024-03-30T06:25:42.009+0000] {logging_mixin.py:149} INFO - [2024-03-30T06:25:42.009+0000] {dag.py:2726} INFO - Sync 1 DAGs
[2024-03-30T06:25:42.034+0000] {logging_mixin.py:149} INFO - [2024-03-30T06:25:42.034+0000] {dag.py:3490} INFO - Setting next_dagrun for example_branch_python_operator_decorator to 2024-03-29T00:00:00+00:00, run_after=2024-03-30T00:00:00+00:00
[2024-03-30T06:25:42.065+0000] {processor.py:179} INFO - Processing /home/airflow/.local/lib/python3.7/site-packages/airflow/example_dags/example_branch_operator_decorator.py took 0.107 seconds
[2024-03-30T06:26:12.334+0000] {processor.py:157} INFO - Started process (PID=1311) to work on /home/airflow/.local/lib/python3.7/site-packages/airflow/example_dags/example_branch_operator_decorator.py
[2024-03-30T06:26:12.335+0000] {processor.py:826} INFO - Processing file /home/airflow/.local/lib/python3.7/site-packages/airflow/example_dags/example_branch_operator_decorator.py for tasks to queue
[2024-03-30T06:26:12.336+0000] {logging_mixin.py:149} INFO - [2024-03-30T06:26:12.335+0000] {dagbag.py:541} INFO - Filling up the DagBag from /home/airflow/.local/lib/python3.7/site-packages/airflow/example_dags/example_branch_operator_decorator.py
[2024-03-30T06:26:12.344+0000] {processor.py:836} INFO - DAG(s) dict_keys(['example_branch_python_operator_decorator']) retrieved from /home/airflow/.local/lib/python3.7/site-packages/airflow/example_dags/example_branch_operator_decorator.py
[2024-03-30T06:26:12.381+0000] {logging_mixin.py:149} INFO - [2024-03-30T06:26:12.381+0000] {dag.py:2726} INFO - Sync 1 DAGs
[2024-03-30T06:26:12.407+0000] {logging_mixin.py:149} INFO - [2024-03-30T06:26:12.407+0000] {dag.py:3490} INFO - Setting next_dagrun for example_branch_python_operator_decorator to 2024-03-29T00:00:00+00:00, run_after=2024-03-30T00:00:00+00:00
[2024-03-30T06:26:12.437+0000] {processor.py:179} INFO - Processing /home/airflow/.local/lib/python3.7/site-packages/airflow/example_dags/example_branch_operator_decorator.py took 0.105 seconds
[2024-03-30T06:26:42.460+0000] {processor.py:157} INFO - Started process (PID=1373) to work on /home/airflow/.local/lib/python3.7/site-packages/airflow/example_dags/example_branch_operator_decorator.py
[2024-03-30T06:26:42.461+0000] {processor.py:826} INFO - Processing file /home/airflow/.local/lib/python3.7/site-packages/airflow/example_dags/example_branch_operator_decorator.py for tasks to queue
[2024-03-30T06:26:42.462+0000] {logging_mixin.py:149} INFO - [2024-03-30T06:26:42.461+0000] {dagbag.py:541} INFO - Filling up the DagBag from /home/airflow/.local/lib/python3.7/site-packages/airflow/example_dags/example_branch_operator_decorator.py
[2024-03-30T06:26:42.470+0000] {processor.py:836} INFO - DAG(s) dict_keys(['example_branch_python_operator_decorator']) retrieved from /home/airflow/.local/lib/python3.7/site-packages/airflow/example_dags/example_branch_operator_decorator.py
[2024-03-30T06:26:42.506+0000] {logging_mixin.py:149} INFO - [2024-03-30T06:26:42.506+0000] {dag.py:2726} INFO - Sync 1 DAGs
[2024-03-30T06:26:42.533+0000] {logging_mixin.py:149} INFO - [2024-03-30T06:26:42.532+0000] {dag.py:3490} INFO - Setting next_dagrun for example_branch_python_operator_decorator to 2024-03-29T00:00:00+00:00, run_after=2024-03-30T00:00:00+00:00
[2024-03-30T06:26:42.565+0000] {processor.py:179} INFO - Processing /home/airflow/.local/lib/python3.7/site-packages/airflow/example_dags/example_branch_operator_decorator.py took 0.108 seconds
[2024-03-30T06:27:13.169+0000] {processor.py:157} INFO - Started process (PID=1434) to work on /home/airflow/.local/lib/python3.7/site-packages/airflow/example_dags/example_branch_operator_decorator.py
[2024-03-30T06:27:13.169+0000] {processor.py:826} INFO - Processing file /home/airflow/.local/lib/python3.7/site-packages/airflow/example_dags/example_branch_operator_decorator.py for tasks to queue
[2024-03-30T06:27:13.170+0000] {logging_mixin.py:149} INFO - [2024-03-30T06:27:13.170+0000] {dagbag.py:541} INFO - Filling up the DagBag from /home/airflow/.local/lib/python3.7/site-packages/airflow/example_dags/example_branch_operator_decorator.py
[2024-03-30T06:27:13.179+0000] {processor.py:836} INFO - DAG(s) dict_keys(['example_branch_python_operator_decorator']) retrieved from /home/airflow/.local/lib/python3.7/site-packages/airflow/example_dags/example_branch_operator_decorator.py
[2024-03-30T06:27:13.218+0000] {logging_mixin.py:149} INFO - [2024-03-30T06:27:13.218+0000] {dag.py:2726} INFO - Sync 1 DAGs
[2024-03-30T06:27:13.304+0000] {logging_mixin.py:149} INFO - [2024-03-30T06:27:13.304+0000] {dag.py:3490} INFO - Setting next_dagrun for example_branch_python_operator_decorator to 2024-03-29T00:00:00+00:00, run_after=2024-03-30T00:00:00+00:00
[2024-03-30T06:27:13.336+0000] {processor.py:179} INFO - Processing /home/airflow/.local/lib/python3.7/site-packages/airflow/example_dags/example_branch_operator_decorator.py took 0.170 seconds
[2024-03-30T06:27:43.775+0000] {processor.py:157} INFO - Started process (PID=1496) to work on /home/airflow/.local/lib/python3.7/site-packages/airflow/example_dags/example_branch_operator_decorator.py
[2024-03-30T06:27:43.776+0000] {processor.py:826} INFO - Processing file /home/airflow/.local/lib/python3.7/site-packages/airflow/example_dags/example_branch_operator_decorator.py for tasks to queue
[2024-03-30T06:27:43.777+0000] {logging_mixin.py:149} INFO - [2024-03-30T06:27:43.777+0000] {dagbag.py:541} INFO - Filling up the DagBag from /home/airflow/.local/lib/python3.7/site-packages/airflow/example_dags/example_branch_operator_decorator.py
[2024-03-30T06:27:43.785+0000] {processor.py:836} INFO - DAG(s) dict_keys(['example_branch_python_operator_decorator']) retrieved from /home/airflow/.local/lib/python3.7/site-packages/airflow/example_dags/example_branch_operator_decorator.py
[2024-03-30T06:27:43.822+0000] {logging_mixin.py:149} INFO - [2024-03-30T06:27:43.822+0000] {dag.py:2726} INFO - Sync 1 DAGs
[2024-03-30T06:27:43.848+0000] {logging_mixin.py:149} INFO - [2024-03-30T06:27:43.848+0000] {dag.py:3490} INFO - Setting next_dagrun for example_branch_python_operator_decorator to 2024-03-29T00:00:00+00:00, run_after=2024-03-30T00:00:00+00:00
[2024-03-30T06:27:43.881+0000] {processor.py:179} INFO - Processing /home/airflow/.local/lib/python3.7/site-packages/airflow/example_dags/example_branch_operator_decorator.py took 0.108 seconds
[2024-03-30T06:28:14.040+0000] {processor.py:157} INFO - Started process (PID=1557) to work on /home/airflow/.local/lib/python3.7/site-packages/airflow/example_dags/example_branch_operator_decorator.py
[2024-03-30T06:28:14.040+0000] {processor.py:826} INFO - Processing file /home/airflow/.local/lib/python3.7/site-packages/airflow/example_dags/example_branch_operator_decorator.py for tasks to queue
[2024-03-30T06:28:14.041+0000] {logging_mixin.py:149} INFO - [2024-03-30T06:28:14.041+0000] {dagbag.py:541} INFO - Filling up the DagBag from /home/airflow/.local/lib/python3.7/site-packages/airflow/example_dags/example_branch_operator_decorator.py
[2024-03-30T06:28:14.050+0000] {processor.py:836} INFO - DAG(s) dict_keys(['example_branch_python_operator_decorator']) retrieved from /home/airflow/.local/lib/python3.7/site-packages/airflow/example_dags/example_branch_operator_decorator.py
[2024-03-30T06:28:14.089+0000] {logging_mixin.py:149} INFO - [2024-03-30T06:28:14.089+0000] {dag.py:2726} INFO - Sync 1 DAGs
[2024-03-30T06:28:14.118+0000] {logging_mixin.py:149} INFO - [2024-03-30T06:28:14.118+0000] {dag.py:3490} INFO - Setting next_dagrun for example_branch_python_operator_decorator to 2024-03-29T00:00:00+00:00, run_after=2024-03-30T00:00:00+00:00
[2024-03-30T06:28:14.168+0000] {processor.py:179} INFO - Processing /home/airflow/.local/lib/python3.7/site-packages/airflow/example_dags/example_branch_operator_decorator.py took 0.131 seconds
[2024-03-30T06:28:44.348+0000] {processor.py:157} INFO - Started process (PID=1618) to work on /home/airflow/.local/lib/python3.7/site-packages/airflow/example_dags/example_branch_operator_decorator.py
[2024-03-30T06:28:44.349+0000] {processor.py:826} INFO - Processing file /home/airflow/.local/lib/python3.7/site-packages/airflow/example_dags/example_branch_operator_decorator.py for tasks to queue
[2024-03-30T06:28:44.349+0000] {logging_mixin.py:149} INFO - [2024-03-30T06:28:44.349+0000] {dagbag.py:541} INFO - Filling up the DagBag from /home/airflow/.local/lib/python3.7/site-packages/airflow/example_dags/example_branch_operator_decorator.py
[2024-03-30T06:28:44.358+0000] {processor.py:836} INFO - DAG(s) dict_keys(['example_branch_python_operator_decorator']) retrieved from /home/airflow/.local/lib/python3.7/site-packages/airflow/example_dags/example_branch_operator_decorator.py
[2024-03-30T06:28:44.395+0000] {logging_mixin.py:149} INFO - [2024-03-30T06:28:44.395+0000] {dag.py:2726} INFO - Sync 1 DAGs
[2024-03-30T06:28:44.420+0000] {logging_mixin.py:149} INFO - [2024-03-30T06:28:44.420+0000] {dag.py:3490} INFO - Setting next_dagrun for example_branch_python_operator_decorator to 2024-03-29T00:00:00+00:00, run_after=2024-03-30T00:00:00+00:00
[2024-03-30T06:28:44.453+0000] {processor.py:179} INFO - Processing /home/airflow/.local/lib/python3.7/site-packages/airflow/example_dags/example_branch_operator_decorator.py took 0.108 seconds
[2024-03-30T06:29:14.995+0000] {processor.py:157} INFO - Started process (PID=1679) to work on /home/airflow/.local/lib/python3.7/site-packages/airflow/example_dags/example_branch_operator_decorator.py
[2024-03-30T06:29:14.995+0000] {processor.py:826} INFO - Processing file /home/airflow/.local/lib/python3.7/site-packages/airflow/example_dags/example_branch_operator_decorator.py for tasks to queue
[2024-03-30T06:29:14.996+0000] {logging_mixin.py:149} INFO - [2024-03-30T06:29:14.996+0000] {dagbag.py:541} INFO - Filling up the DagBag from /home/airflow/.local/lib/python3.7/site-packages/airflow/example_dags/example_branch_operator_decorator.py
[2024-03-30T06:29:15.005+0000] {processor.py:836} INFO - DAG(s) dict_keys(['example_branch_python_operator_decorator']) retrieved from /home/airflow/.local/lib/python3.7/site-packages/airflow/example_dags/example_branch_operator_decorator.py
[2024-03-30T06:29:15.041+0000] {logging_mixin.py:149} INFO - [2024-03-30T06:29:15.041+0000] {dag.py:2726} INFO - Sync 1 DAGs
[2024-03-30T06:29:15.072+0000] {logging_mixin.py:149} INFO - [2024-03-30T06:29:15.072+0000] {dag.py:3490} INFO - Setting next_dagrun for example_branch_python_operator_decorator to 2024-03-29T00:00:00+00:00, run_after=2024-03-30T00:00:00+00:00
[2024-03-30T06:29:15.110+0000] {processor.py:179} INFO - Processing /home/airflow/.local/lib/python3.7/site-packages/airflow/example_dags/example_branch_operator_decorator.py took 0.119 seconds
[2024-03-30T06:29:45.341+0000] {processor.py:157} INFO - Started process (PID=1740) to work on /home/airflow/.local/lib/python3.7/site-packages/airflow/example_dags/example_branch_operator_decorator.py
[2024-03-30T06:29:45.342+0000] {processor.py:826} INFO - Processing file /home/airflow/.local/lib/python3.7/site-packages/airflow/example_dags/example_branch_operator_decorator.py for tasks to queue
[2024-03-30T06:29:45.343+0000] {logging_mixin.py:149} INFO - [2024-03-30T06:29:45.343+0000] {dagbag.py:541} INFO - Filling up the DagBag from /home/airflow/.local/lib/python3.7/site-packages/airflow/example_dags/example_branch_operator_decorator.py
[2024-03-30T06:29:45.352+0000] {processor.py:836} INFO - DAG(s) dict_keys(['example_branch_python_operator_decorator']) retrieved from /home/airflow/.local/lib/python3.7/site-packages/airflow/example_dags/example_branch_operator_decorator.py
[2024-03-30T06:29:45.387+0000] {logging_mixin.py:149} INFO - [2024-03-30T06:29:45.387+0000] {dag.py:2726} INFO - Sync 1 DAGs
[2024-03-30T06:29:45.412+0000] {logging_mixin.py:149} INFO - [2024-03-30T06:29:45.412+0000] {dag.py:3490} INFO - Setting next_dagrun for example_branch_python_operator_decorator to 2024-03-29T00:00:00+00:00, run_after=2024-03-30T00:00:00+00:00
[2024-03-30T06:29:45.445+0000] {processor.py:179} INFO - Processing /home/airflow/.local/lib/python3.7/site-packages/airflow/example_dags/example_branch_operator_decorator.py took 0.106 seconds
[2024-03-30T06:30:16.163+0000] {processor.py:157} INFO - Started process (PID=1801) to work on /home/airflow/.local/lib/python3.7/site-packages/airflow/example_dags/example_branch_operator_decorator.py
[2024-03-30T06:30:16.164+0000] {processor.py:826} INFO - Processing file /home/airflow/.local/lib/python3.7/site-packages/airflow/example_dags/example_branch_operator_decorator.py for tasks to queue
[2024-03-30T06:30:16.165+0000] {logging_mixin.py:149} INFO - [2024-03-30T06:30:16.165+0000] {dagbag.py:541} INFO - Filling up the DagBag from /home/airflow/.local/lib/python3.7/site-packages/airflow/example_dags/example_branch_operator_decorator.py
[2024-03-30T06:30:16.173+0000] {processor.py:836} INFO - DAG(s) dict_keys(['example_branch_python_operator_decorator']) retrieved from /home/airflow/.local/lib/python3.7/site-packages/airflow/example_dags/example_branch_operator_decorator.py
[2024-03-30T06:30:16.211+0000] {logging_mixin.py:149} INFO - [2024-03-30T06:30:16.211+0000] {dag.py:2726} INFO - Sync 1 DAGs
[2024-03-30T06:30:16.285+0000] {logging_mixin.py:149} INFO - [2024-03-30T06:30:16.285+0000] {dag.py:3490} INFO - Setting next_dagrun for example_branch_python_operator_decorator to 2024-03-29T00:00:00+00:00, run_after=2024-03-30T00:00:00+00:00
[2024-03-30T06:30:16.318+0000] {processor.py:179} INFO - Processing /home/airflow/.local/lib/python3.7/site-packages/airflow/example_dags/example_branch_operator_decorator.py took 0.158 seconds
[2024-03-30T06:30:46.526+0000] {processor.py:157} INFO - Started process (PID=1862) to work on /home/airflow/.local/lib/python3.7/site-packages/airflow/example_dags/example_branch_operator_decorator.py
[2024-03-30T06:30:46.527+0000] {processor.py:826} INFO - Processing file /home/airflow/.local/lib/python3.7/site-packages/airflow/example_dags/example_branch_operator_decorator.py for tasks to queue
[2024-03-30T06:30:46.527+0000] {logging_mixin.py:149} INFO - [2024-03-30T06:30:46.527+0000] {dagbag.py:541} INFO - Filling up the DagBag from /home/airflow/.local/lib/python3.7/site-packages/airflow/example_dags/example_branch_operator_decorator.py
[2024-03-30T06:30:46.537+0000] {processor.py:836} INFO - DAG(s) dict_keys(['example_branch_python_operator_decorator']) retrieved from /home/airflow/.local/lib/python3.7/site-packages/airflow/example_dags/example_branch_operator_decorator.py
[2024-03-30T06:30:46.576+0000] {logging_mixin.py:149} INFO - [2024-03-30T06:30:46.576+0000] {dag.py:2726} INFO - Sync 1 DAGs
[2024-03-30T06:30:46.600+0000] {logging_mixin.py:149} INFO - [2024-03-30T06:30:46.600+0000] {dag.py:3490} INFO - Setting next_dagrun for example_branch_python_operator_decorator to 2024-03-29T00:00:00+00:00, run_after=2024-03-30T00:00:00+00:00
[2024-03-30T06:30:46.636+0000] {processor.py:179} INFO - Processing /home/airflow/.local/lib/python3.7/site-packages/airflow/example_dags/example_branch_operator_decorator.py took 0.113 seconds
[2024-03-30T06:31:17.292+0000] {processor.py:157} INFO - Started process (PID=1923) to work on /home/airflow/.local/lib/python3.7/site-packages/airflow/example_dags/example_branch_operator_decorator.py
[2024-03-30T06:31:17.293+0000] {processor.py:826} INFO - Processing file /home/airflow/.local/lib/python3.7/site-packages/airflow/example_dags/example_branch_operator_decorator.py for tasks to queue
[2024-03-30T06:31:17.294+0000] {logging_mixin.py:149} INFO - [2024-03-30T06:31:17.294+0000] {dagbag.py:541} INFO - Filling up the DagBag from /home/airflow/.local/lib/python3.7/site-packages/airflow/example_dags/example_branch_operator_decorator.py
[2024-03-30T06:31:17.304+0000] {processor.py:836} INFO - DAG(s) dict_keys(['example_branch_python_operator_decorator']) retrieved from /home/airflow/.local/lib/python3.7/site-packages/airflow/example_dags/example_branch_operator_decorator.py
[2024-03-30T06:31:17.344+0000] {logging_mixin.py:149} INFO - [2024-03-30T06:31:17.344+0000] {dag.py:2726} INFO - Sync 1 DAGs
[2024-03-30T06:31:17.376+0000] {logging_mixin.py:149} INFO - [2024-03-30T06:31:17.376+0000] {dag.py:3490} INFO - Setting next_dagrun for example_branch_python_operator_decorator to 2024-03-29T00:00:00+00:00, run_after=2024-03-30T00:00:00+00:00
[2024-03-30T06:31:17.412+0000] {processor.py:179} INFO - Processing /home/airflow/.local/lib/python3.7/site-packages/airflow/example_dags/example_branch_operator_decorator.py took 0.125 seconds
[2024-03-30T08:20:54.070+0000] {processor.py:157} INFO - Started process (PID=38) to work on /home/airflow/.local/lib/python3.7/site-packages/airflow/example_dags/example_branch_operator_decorator.py
[2024-03-30T08:20:54.071+0000] {processor.py:826} INFO - Processing file /home/airflow/.local/lib/python3.7/site-packages/airflow/example_dags/example_branch_operator_decorator.py for tasks to queue
[2024-03-30T08:20:54.072+0000] {logging_mixin.py:149} INFO - [2024-03-30T08:20:54.072+0000] {dagbag.py:541} INFO - Filling up the DagBag from /home/airflow/.local/lib/python3.7/site-packages/airflow/example_dags/example_branch_operator_decorator.py
[2024-03-30T08:20:54.087+0000] {processor.py:836} INFO - DAG(s) dict_keys(['example_branch_python_operator_decorator']) retrieved from /home/airflow/.local/lib/python3.7/site-packages/airflow/example_dags/example_branch_operator_decorator.py
[2024-03-30T08:20:54.139+0000] {logging_mixin.py:149} INFO - [2024-03-30T08:20:54.138+0000] {dag.py:2726} INFO - Sync 1 DAGs
[2024-03-30T08:20:54.173+0000] {logging_mixin.py:149} INFO - [2024-03-30T08:20:54.173+0000] {dag.py:3490} INFO - Setting next_dagrun for example_branch_python_operator_decorator to 2024-03-29T00:00:00+00:00, run_after=2024-03-30T00:00:00+00:00
[2024-03-30T08:20:54.225+0000] {processor.py:179} INFO - Processing /home/airflow/.local/lib/python3.7/site-packages/airflow/example_dags/example_branch_operator_decorator.py took 0.158 seconds
[2024-03-30T08:21:24.610+0000] {processor.py:157} INFO - Started process (PID=99) to work on /home/airflow/.local/lib/python3.7/site-packages/airflow/example_dags/example_branch_operator_decorator.py
[2024-03-30T08:21:24.611+0000] {processor.py:826} INFO - Processing file /home/airflow/.local/lib/python3.7/site-packages/airflow/example_dags/example_branch_operator_decorator.py for tasks to queue
[2024-03-30T08:21:24.611+0000] {logging_mixin.py:149} INFO - [2024-03-30T08:21:24.611+0000] {dagbag.py:541} INFO - Filling up the DagBag from /home/airflow/.local/lib/python3.7/site-packages/airflow/example_dags/example_branch_operator_decorator.py
[2024-03-30T08:21:24.625+0000] {processor.py:836} INFO - DAG(s) dict_keys(['example_branch_python_operator_decorator']) retrieved from /home/airflow/.local/lib/python3.7/site-packages/airflow/example_dags/example_branch_operator_decorator.py
[2024-03-30T08:21:24.699+0000] {logging_mixin.py:149} INFO - [2024-03-30T08:21:24.699+0000] {dag.py:2726} INFO - Sync 1 DAGs
[2024-03-30T08:21:24.803+0000] {logging_mixin.py:149} INFO - [2024-03-30T08:21:24.803+0000] {dag.py:3490} INFO - Setting next_dagrun for example_branch_python_operator_decorator to 2024-03-29T00:00:00+00:00, run_after=2024-03-30T00:00:00+00:00
[2024-03-30T08:21:24.889+0000] {processor.py:179} INFO - Processing /home/airflow/.local/lib/python3.7/site-packages/airflow/example_dags/example_branch_operator_decorator.py took 0.285 seconds
[2024-03-30T08:21:54.996+0000] {processor.py:157} INFO - Started process (PID=160) to work on /home/airflow/.local/lib/python3.7/site-packages/airflow/example_dags/example_branch_operator_decorator.py
[2024-03-30T08:21:54.997+0000] {processor.py:826} INFO - Processing file /home/airflow/.local/lib/python3.7/site-packages/airflow/example_dags/example_branch_operator_decorator.py for tasks to queue
[2024-03-30T08:21:54.998+0000] {logging_mixin.py:149} INFO - [2024-03-30T08:21:54.998+0000] {dagbag.py:541} INFO - Filling up the DagBag from /home/airflow/.local/lib/python3.7/site-packages/airflow/example_dags/example_branch_operator_decorator.py
[2024-03-30T08:21:55.007+0000] {processor.py:836} INFO - DAG(s) dict_keys(['example_branch_python_operator_decorator']) retrieved from /home/airflow/.local/lib/python3.7/site-packages/airflow/example_dags/example_branch_operator_decorator.py
[2024-03-30T08:21:55.050+0000] {logging_mixin.py:149} INFO - [2024-03-30T08:21:55.050+0000] {dag.py:2726} INFO - Sync 1 DAGs
[2024-03-30T08:21:55.083+0000] {logging_mixin.py:149} INFO - [2024-03-30T08:21:55.082+0000] {dag.py:3490} INFO - Setting next_dagrun for example_branch_python_operator_decorator to 2024-03-29T00:00:00+00:00, run_after=2024-03-30T00:00:00+00:00
[2024-03-30T08:21:55.238+0000] {processor.py:179} INFO - Processing /home/airflow/.local/lib/python3.7/site-packages/airflow/example_dags/example_branch_operator_decorator.py took 0.245 seconds
[2024-03-30T08:22:25.670+0000] {processor.py:157} INFO - Started process (PID=221) to work on /home/airflow/.local/lib/python3.7/site-packages/airflow/example_dags/example_branch_operator_decorator.py
[2024-03-30T08:22:25.670+0000] {processor.py:826} INFO - Processing file /home/airflow/.local/lib/python3.7/site-packages/airflow/example_dags/example_branch_operator_decorator.py for tasks to queue
[2024-03-30T08:22:25.671+0000] {logging_mixin.py:149} INFO - [2024-03-30T08:22:25.671+0000] {dagbag.py:541} INFO - Filling up the DagBag from /home/airflow/.local/lib/python3.7/site-packages/airflow/example_dags/example_branch_operator_decorator.py
[2024-03-30T08:22:25.682+0000] {processor.py:836} INFO - DAG(s) dict_keys(['example_branch_python_operator_decorator']) retrieved from /home/airflow/.local/lib/python3.7/site-packages/airflow/example_dags/example_branch_operator_decorator.py
[2024-03-30T08:22:25.844+0000] {logging_mixin.py:149} INFO - [2024-03-30T08:22:25.844+0000] {dag.py:2726} INFO - Sync 1 DAGs
[2024-03-30T08:22:25.873+0000] {logging_mixin.py:149} INFO - [2024-03-30T08:22:25.873+0000] {dag.py:3490} INFO - Setting next_dagrun for example_branch_python_operator_decorator to 2024-03-29T00:00:00+00:00, run_after=2024-03-30T00:00:00+00:00
[2024-03-30T08:22:25.920+0000] {processor.py:179} INFO - Processing /home/airflow/.local/lib/python3.7/site-packages/airflow/example_dags/example_branch_operator_decorator.py took 0.253 seconds
[2024-03-30T08:22:56.546+0000] {processor.py:157} INFO - Started process (PID=282) to work on /home/airflow/.local/lib/python3.7/site-packages/airflow/example_dags/example_branch_operator_decorator.py
[2024-03-30T08:22:56.547+0000] {processor.py:826} INFO - Processing file /home/airflow/.local/lib/python3.7/site-packages/airflow/example_dags/example_branch_operator_decorator.py for tasks to queue
[2024-03-30T08:22:56.548+0000] {logging_mixin.py:149} INFO - [2024-03-30T08:22:56.548+0000] {dagbag.py:541} INFO - Filling up the DagBag from /home/airflow/.local/lib/python3.7/site-packages/airflow/example_dags/example_branch_operator_decorator.py
[2024-03-30T08:22:56.558+0000] {processor.py:836} INFO - DAG(s) dict_keys(['example_branch_python_operator_decorator']) retrieved from /home/airflow/.local/lib/python3.7/site-packages/airflow/example_dags/example_branch_operator_decorator.py
[2024-03-30T08:22:56.606+0000] {logging_mixin.py:149} INFO - [2024-03-30T08:22:56.606+0000] {dag.py:2726} INFO - Sync 1 DAGs
[2024-03-30T08:22:56.636+0000] {logging_mixin.py:149} INFO - [2024-03-30T08:22:56.636+0000] {dag.py:3490} INFO - Setting next_dagrun for example_branch_python_operator_decorator to 2024-03-29T00:00:00+00:00, run_after=2024-03-30T00:00:00+00:00
[2024-03-30T08:22:56.681+0000] {processor.py:179} INFO - Processing /home/airflow/.local/lib/python3.7/site-packages/airflow/example_dags/example_branch_operator_decorator.py took 0.138 seconds
[2024-03-30T08:23:26.703+0000] {processor.py:157} INFO - Started process (PID=342) to work on /home/airflow/.local/lib/python3.7/site-packages/airflow/example_dags/example_branch_operator_decorator.py
[2024-03-30T08:23:26.703+0000] {processor.py:826} INFO - Processing file /home/airflow/.local/lib/python3.7/site-packages/airflow/example_dags/example_branch_operator_decorator.py for tasks to queue
[2024-03-30T08:23:26.704+0000] {logging_mixin.py:149} INFO - [2024-03-30T08:23:26.704+0000] {dagbag.py:541} INFO - Filling up the DagBag from /home/airflow/.local/lib/python3.7/site-packages/airflow/example_dags/example_branch_operator_decorator.py
[2024-03-30T08:23:26.714+0000] {processor.py:836} INFO - DAG(s) dict_keys(['example_branch_python_operator_decorator']) retrieved from /home/airflow/.local/lib/python3.7/site-packages/airflow/example_dags/example_branch_operator_decorator.py
[2024-03-30T08:23:26.756+0000] {logging_mixin.py:149} INFO - [2024-03-30T08:23:26.756+0000] {dag.py:2726} INFO - Sync 1 DAGs
[2024-03-30T08:23:26.787+0000] {logging_mixin.py:149} INFO - [2024-03-30T08:23:26.787+0000] {dag.py:3490} INFO - Setting next_dagrun for example_branch_python_operator_decorator to 2024-03-29T00:00:00+00:00, run_after=2024-03-30T00:00:00+00:00
[2024-03-30T08:23:26.831+0000] {processor.py:179} INFO - Processing /home/airflow/.local/lib/python3.7/site-packages/airflow/example_dags/example_branch_operator_decorator.py took 0.131 seconds
[2024-03-30T08:23:56.982+0000] {processor.py:157} INFO - Started process (PID=403) to work on /home/airflow/.local/lib/python3.7/site-packages/airflow/example_dags/example_branch_operator_decorator.py
[2024-03-30T08:23:56.983+0000] {processor.py:826} INFO - Processing file /home/airflow/.local/lib/python3.7/site-packages/airflow/example_dags/example_branch_operator_decorator.py for tasks to queue
[2024-03-30T08:23:56.984+0000] {logging_mixin.py:149} INFO - [2024-03-30T08:23:56.984+0000] {dagbag.py:541} INFO - Filling up the DagBag from /home/airflow/.local/lib/python3.7/site-packages/airflow/example_dags/example_branch_operator_decorator.py
[2024-03-30T08:23:56.995+0000] {processor.py:836} INFO - DAG(s) dict_keys(['example_branch_python_operator_decorator']) retrieved from /home/airflow/.local/lib/python3.7/site-packages/airflow/example_dags/example_branch_operator_decorator.py
[2024-03-30T08:23:57.042+0000] {logging_mixin.py:149} INFO - [2024-03-30T08:23:57.042+0000] {dag.py:2726} INFO - Sync 1 DAGs
[2024-03-30T08:23:57.072+0000] {logging_mixin.py:149} INFO - [2024-03-30T08:23:57.072+0000] {dag.py:3490} INFO - Setting next_dagrun for example_branch_python_operator_decorator to 2024-03-29T00:00:00+00:00, run_after=2024-03-30T00:00:00+00:00
[2024-03-30T08:23:57.117+0000] {processor.py:179} INFO - Processing /home/airflow/.local/lib/python3.7/site-packages/airflow/example_dags/example_branch_operator_decorator.py took 0.138 seconds
[2024-03-30T08:24:27.595+0000] {processor.py:157} INFO - Started process (PID=464) to work on /home/airflow/.local/lib/python3.7/site-packages/airflow/example_dags/example_branch_operator_decorator.py
[2024-03-30T08:24:27.596+0000] {processor.py:826} INFO - Processing file /home/airflow/.local/lib/python3.7/site-packages/airflow/example_dags/example_branch_operator_decorator.py for tasks to queue
[2024-03-30T08:24:27.596+0000] {logging_mixin.py:149} INFO - [2024-03-30T08:24:27.596+0000] {dagbag.py:541} INFO - Filling up the DagBag from /home/airflow/.local/lib/python3.7/site-packages/airflow/example_dags/example_branch_operator_decorator.py
[2024-03-30T08:24:27.608+0000] {processor.py:836} INFO - DAG(s) dict_keys(['example_branch_python_operator_decorator']) retrieved from /home/airflow/.local/lib/python3.7/site-packages/airflow/example_dags/example_branch_operator_decorator.py
[2024-03-30T08:24:27.653+0000] {logging_mixin.py:149} INFO - [2024-03-30T08:24:27.653+0000] {dag.py:2726} INFO - Sync 1 DAGs
[2024-03-30T08:24:27.683+0000] {logging_mixin.py:149} INFO - [2024-03-30T08:24:27.683+0000] {dag.py:3490} INFO - Setting next_dagrun for example_branch_python_operator_decorator to 2024-03-29T00:00:00+00:00, run_after=2024-03-30T00:00:00+00:00
[2024-03-30T08:24:27.727+0000] {processor.py:179} INFO - Processing /home/airflow/.local/lib/python3.7/site-packages/airflow/example_dags/example_branch_operator_decorator.py took 0.137 seconds
[2024-03-30T08:24:58.009+0000] {processor.py:157} INFO - Started process (PID=525) to work on /home/airflow/.local/lib/python3.7/site-packages/airflow/example_dags/example_branch_operator_decorator.py
[2024-03-30T08:24:58.011+0000] {processor.py:826} INFO - Processing file /home/airflow/.local/lib/python3.7/site-packages/airflow/example_dags/example_branch_operator_decorator.py for tasks to queue
[2024-03-30T08:24:58.011+0000] {logging_mixin.py:149} INFO - [2024-03-30T08:24:58.011+0000] {dagbag.py:541} INFO - Filling up the DagBag from /home/airflow/.local/lib/python3.7/site-packages/airflow/example_dags/example_branch_operator_decorator.py
[2024-03-30T08:24:58.021+0000] {processor.py:836} INFO - DAG(s) dict_keys(['example_branch_python_operator_decorator']) retrieved from /home/airflow/.local/lib/python3.7/site-packages/airflow/example_dags/example_branch_operator_decorator.py
[2024-03-30T08:24:58.063+0000] {logging_mixin.py:149} INFO - [2024-03-30T08:24:58.062+0000] {dag.py:2726} INFO - Sync 1 DAGs
[2024-03-30T08:24:58.093+0000] {logging_mixin.py:149} INFO - [2024-03-30T08:24:58.092+0000] {dag.py:3490} INFO - Setting next_dagrun for example_branch_python_operator_decorator to 2024-03-29T00:00:00+00:00, run_after=2024-03-30T00:00:00+00:00
[2024-03-30T08:24:58.138+0000] {processor.py:179} INFO - Processing /home/airflow/.local/lib/python3.7/site-packages/airflow/example_dags/example_branch_operator_decorator.py took 0.132 seconds
[2024-03-30T08:25:28.386+0000] {processor.py:157} INFO - Started process (PID=586) to work on /home/airflow/.local/lib/python3.7/site-packages/airflow/example_dags/example_branch_operator_decorator.py
[2024-03-30T08:25:28.387+0000] {processor.py:826} INFO - Processing file /home/airflow/.local/lib/python3.7/site-packages/airflow/example_dags/example_branch_operator_decorator.py for tasks to queue
[2024-03-30T08:25:28.388+0000] {logging_mixin.py:149} INFO - [2024-03-30T08:25:28.388+0000] {dagbag.py:541} INFO - Filling up the DagBag from /home/airflow/.local/lib/python3.7/site-packages/airflow/example_dags/example_branch_operator_decorator.py
[2024-03-30T08:25:28.400+0000] {processor.py:836} INFO - DAG(s) dict_keys(['example_branch_python_operator_decorator']) retrieved from /home/airflow/.local/lib/python3.7/site-packages/airflow/example_dags/example_branch_operator_decorator.py
[2024-03-30T08:25:28.445+0000] {logging_mixin.py:149} INFO - [2024-03-30T08:25:28.445+0000] {dag.py:2726} INFO - Sync 1 DAGs
[2024-03-30T08:25:28.475+0000] {logging_mixin.py:149} INFO - [2024-03-30T08:25:28.475+0000] {dag.py:3490} INFO - Setting next_dagrun for example_branch_python_operator_decorator to 2024-03-29T00:00:00+00:00, run_after=2024-03-30T00:00:00+00:00
[2024-03-30T08:25:28.514+0000] {processor.py:179} INFO - Processing /home/airflow/.local/lib/python3.7/site-packages/airflow/example_dags/example_branch_operator_decorator.py took 0.132 seconds
[2024-03-30T08:25:58.695+0000] {processor.py:157} INFO - Started process (PID=648) to work on /home/airflow/.local/lib/python3.7/site-packages/airflow/example_dags/example_branch_operator_decorator.py
[2024-03-30T08:25:58.696+0000] {processor.py:826} INFO - Processing file /home/airflow/.local/lib/python3.7/site-packages/airflow/example_dags/example_branch_operator_decorator.py for tasks to queue
[2024-03-30T08:25:58.697+0000] {logging_mixin.py:149} INFO - [2024-03-30T08:25:58.697+0000] {dagbag.py:541} INFO - Filling up the DagBag from /home/airflow/.local/lib/python3.7/site-packages/airflow/example_dags/example_branch_operator_decorator.py
[2024-03-30T08:25:58.708+0000] {processor.py:836} INFO - DAG(s) dict_keys(['example_branch_python_operator_decorator']) retrieved from /home/airflow/.local/lib/python3.7/site-packages/airflow/example_dags/example_branch_operator_decorator.py
[2024-03-30T08:25:58.751+0000] {logging_mixin.py:149} INFO - [2024-03-30T08:25:58.751+0000] {dag.py:2726} INFO - Sync 1 DAGs
[2024-03-30T08:25:58.831+0000] {logging_mixin.py:149} INFO - [2024-03-30T08:25:58.831+0000] {dag.py:3490} INFO - Setting next_dagrun for example_branch_python_operator_decorator to 2024-03-29T00:00:00+00:00, run_after=2024-03-30T00:00:00+00:00
[2024-03-30T08:25:58.873+0000] {processor.py:179} INFO - Processing /home/airflow/.local/lib/python3.7/site-packages/airflow/example_dags/example_branch_operator_decorator.py took 0.182 seconds
