[2024-03-30T06:15:34.892+0000] {processor.py:157} INFO - Started process (PID=58) to work on /home/airflow/.local/lib/python3.7/site-packages/airflow/example_dags/example_xcom.py
[2024-03-30T06:15:34.893+0000] {processor.py:826} INFO - Processing file /home/airflow/.local/lib/python3.7/site-packages/airflow/example_dags/example_xcom.py for tasks to queue
[2024-03-30T06:15:34.894+0000] {logging_mixin.py:149} INFO - [2024-03-30T06:15:34.894+0000] {dagbag.py:541} INFO - Filling up the DagBag from /home/airflow/.local/lib/python3.7/site-packages/airflow/example_dags/example_xcom.py
[2024-03-30T06:15:34.908+0000] {processor.py:836} INFO - DAG(s) dict_keys(['example_xcom']) retrieved from /home/airflow/.local/lib/python3.7/site-packages/airflow/example_dags/example_xcom.py
[2024-03-30T06:15:34.943+0000] {logging_mixin.py:149} INFO - [2024-03-30T06:15:34.942+0000] {dag.py:2726} INFO - Sync 1 DAGs
[2024-03-30T06:15:34.984+0000] {logging_mixin.py:149} INFO - [2024-03-30T06:15:34.984+0000] {dag.py:3490} INFO - Setting next_dagrun for example_xcom to 2021-01-01T00:00:00+00:00, run_after=2021-01-01T00:00:00+00:00
[2024-03-30T06:15:35.035+0000] {processor.py:179} INFO - Processing /home/airflow/.local/lib/python3.7/site-packages/airflow/example_dags/example_xcom.py took 0.148 seconds
[2024-03-30T06:16:05.419+0000] {processor.py:157} INFO - Started process (PID=117) to work on /home/airflow/.local/lib/python3.7/site-packages/airflow/example_dags/example_xcom.py
[2024-03-30T06:16:05.420+0000] {processor.py:826} INFO - Processing file /home/airflow/.local/lib/python3.7/site-packages/airflow/example_dags/example_xcom.py for tasks to queue
[2024-03-30T06:16:05.420+0000] {logging_mixin.py:149} INFO - [2024-03-30T06:16:05.420+0000] {dagbag.py:541} INFO - Filling up the DagBag from /home/airflow/.local/lib/python3.7/site-packages/airflow/example_dags/example_xcom.py
[2024-03-30T06:16:05.427+0000] {processor.py:836} INFO - DAG(s) dict_keys(['example_xcom']) retrieved from /home/airflow/.local/lib/python3.7/site-packages/airflow/example_dags/example_xcom.py
[2024-03-30T06:16:05.463+0000] {logging_mixin.py:149} INFO - [2024-03-30T06:16:05.463+0000] {dag.py:2726} INFO - Sync 1 DAGs
[2024-03-30T06:16:05.486+0000] {logging_mixin.py:149} INFO - [2024-03-30T06:16:05.486+0000] {dag.py:3490} INFO - Setting next_dagrun for example_xcom to 2021-01-01T00:00:00+00:00, run_after=2021-01-01T00:00:00+00:00
[2024-03-30T06:16:05.524+0000] {processor.py:179} INFO - Processing /home/airflow/.local/lib/python3.7/site-packages/airflow/example_dags/example_xcom.py took 0.108 seconds
[2024-03-30T06:16:36.176+0000] {processor.py:157} INFO - Started process (PID=177) to work on /home/airflow/.local/lib/python3.7/site-packages/airflow/example_dags/example_xcom.py
[2024-03-30T06:16:36.177+0000] {processor.py:826} INFO - Processing file /home/airflow/.local/lib/python3.7/site-packages/airflow/example_dags/example_xcom.py for tasks to queue
[2024-03-30T06:16:36.178+0000] {logging_mixin.py:149} INFO - [2024-03-30T06:16:36.178+0000] {dagbag.py:541} INFO - Filling up the DagBag from /home/airflow/.local/lib/python3.7/site-packages/airflow/example_dags/example_xcom.py
[2024-03-30T06:16:36.184+0000] {processor.py:836} INFO - DAG(s) dict_keys(['example_xcom']) retrieved from /home/airflow/.local/lib/python3.7/site-packages/airflow/example_dags/example_xcom.py
[2024-03-30T06:16:36.223+0000] {logging_mixin.py:149} INFO - [2024-03-30T06:16:36.223+0000] {dag.py:2726} INFO - Sync 1 DAGs
[2024-03-30T06:16:36.290+0000] {logging_mixin.py:149} INFO - [2024-03-30T06:16:36.290+0000] {dag.py:3490} INFO - Setting next_dagrun for example_xcom to 2021-01-01T00:00:00+00:00, run_after=2021-01-01T00:00:00+00:00
[2024-03-30T06:16:36.322+0000] {processor.py:179} INFO - Processing /home/airflow/.local/lib/python3.7/site-packages/airflow/example_dags/example_xcom.py took 0.149 seconds
[2024-03-30T06:17:06.504+0000] {processor.py:157} INFO - Started process (PID=237) to work on /home/airflow/.local/lib/python3.7/site-packages/airflow/example_dags/example_xcom.py
[2024-03-30T06:17:06.505+0000] {processor.py:826} INFO - Processing file /home/airflow/.local/lib/python3.7/site-packages/airflow/example_dags/example_xcom.py for tasks to queue
[2024-03-30T06:17:06.506+0000] {logging_mixin.py:149} INFO - [2024-03-30T06:17:06.505+0000] {dagbag.py:541} INFO - Filling up the DagBag from /home/airflow/.local/lib/python3.7/site-packages/airflow/example_dags/example_xcom.py
[2024-03-30T06:17:06.512+0000] {processor.py:836} INFO - DAG(s) dict_keys(['example_xcom']) retrieved from /home/airflow/.local/lib/python3.7/site-packages/airflow/example_dags/example_xcom.py
[2024-03-30T06:17:06.547+0000] {logging_mixin.py:149} INFO - [2024-03-30T06:17:06.547+0000] {dag.py:2726} INFO - Sync 1 DAGs
[2024-03-30T06:17:06.571+0000] {logging_mixin.py:149} INFO - [2024-03-30T06:17:06.571+0000] {dag.py:3490} INFO - Setting next_dagrun for example_xcom to 2021-01-01T00:00:00+00:00, run_after=2021-01-01T00:00:00+00:00
[2024-03-30T06:17:06.605+0000] {processor.py:179} INFO - Processing /home/airflow/.local/lib/python3.7/site-packages/airflow/example_dags/example_xcom.py took 0.103 seconds
[2024-03-30T06:17:36.831+0000] {processor.py:157} INFO - Started process (PID=297) to work on /home/airflow/.local/lib/python3.7/site-packages/airflow/example_dags/example_xcom.py
[2024-03-30T06:17:36.832+0000] {processor.py:826} INFO - Processing file /home/airflow/.local/lib/python3.7/site-packages/airflow/example_dags/example_xcom.py for tasks to queue
[2024-03-30T06:17:36.833+0000] {logging_mixin.py:149} INFO - [2024-03-30T06:17:36.833+0000] {dagbag.py:541} INFO - Filling up the DagBag from /home/airflow/.local/lib/python3.7/site-packages/airflow/example_dags/example_xcom.py
[2024-03-30T06:17:36.840+0000] {processor.py:836} INFO - DAG(s) dict_keys(['example_xcom']) retrieved from /home/airflow/.local/lib/python3.7/site-packages/airflow/example_dags/example_xcom.py
[2024-03-30T06:17:36.882+0000] {logging_mixin.py:149} INFO - [2024-03-30T06:17:36.882+0000] {dag.py:2726} INFO - Sync 1 DAGs
[2024-03-30T06:17:36.920+0000] {logging_mixin.py:149} INFO - [2024-03-30T06:17:36.920+0000] {dag.py:3490} INFO - Setting next_dagrun for example_xcom to 2021-01-01T00:00:00+00:00, run_after=2021-01-01T00:00:00+00:00
[2024-03-30T06:17:36.959+0000] {processor.py:179} INFO - Processing /home/airflow/.local/lib/python3.7/site-packages/airflow/example_dags/example_xcom.py took 0.131 seconds
[2024-03-30T06:18:07.158+0000] {processor.py:157} INFO - Started process (PID=357) to work on /home/airflow/.local/lib/python3.7/site-packages/airflow/example_dags/example_xcom.py
[2024-03-30T06:18:07.158+0000] {processor.py:826} INFO - Processing file /home/airflow/.local/lib/python3.7/site-packages/airflow/example_dags/example_xcom.py for tasks to queue
[2024-03-30T06:18:07.159+0000] {logging_mixin.py:149} INFO - [2024-03-30T06:18:07.159+0000] {dagbag.py:541} INFO - Filling up the DagBag from /home/airflow/.local/lib/python3.7/site-packages/airflow/example_dags/example_xcom.py
[2024-03-30T06:18:07.165+0000] {processor.py:836} INFO - DAG(s) dict_keys(['example_xcom']) retrieved from /home/airflow/.local/lib/python3.7/site-packages/airflow/example_dags/example_xcom.py
[2024-03-30T06:18:07.204+0000] {logging_mixin.py:149} INFO - [2024-03-30T06:18:07.204+0000] {dag.py:2726} INFO - Sync 1 DAGs
[2024-03-30T06:18:07.280+0000] {logging_mixin.py:149} INFO - [2024-03-30T06:18:07.280+0000] {dag.py:3490} INFO - Setting next_dagrun for example_xcom to 2021-01-01T00:00:00+00:00, run_after=2021-01-01T00:00:00+00:00
[2024-03-30T06:18:07.313+0000] {processor.py:179} INFO - Processing /home/airflow/.local/lib/python3.7/site-packages/airflow/example_dags/example_xcom.py took 0.158 seconds
[2024-03-30T06:18:37.984+0000] {processor.py:157} INFO - Started process (PID=418) to work on /home/airflow/.local/lib/python3.7/site-packages/airflow/example_dags/example_xcom.py
[2024-03-30T06:18:37.986+0000] {processor.py:826} INFO - Processing file /home/airflow/.local/lib/python3.7/site-packages/airflow/example_dags/example_xcom.py for tasks to queue
[2024-03-30T06:18:37.987+0000] {logging_mixin.py:149} INFO - [2024-03-30T06:18:37.986+0000] {dagbag.py:541} INFO - Filling up the DagBag from /home/airflow/.local/lib/python3.7/site-packages/airflow/example_dags/example_xcom.py
[2024-03-30T06:18:37.996+0000] {processor.py:836} INFO - DAG(s) dict_keys(['example_xcom']) retrieved from /home/airflow/.local/lib/python3.7/site-packages/airflow/example_dags/example_xcom.py
[2024-03-30T06:18:38.043+0000] {logging_mixin.py:149} INFO - [2024-03-30T06:18:38.043+0000] {dag.py:2726} INFO - Sync 1 DAGs
[2024-03-30T06:18:38.072+0000] {logging_mixin.py:149} INFO - [2024-03-30T06:18:38.071+0000] {dag.py:3490} INFO - Setting next_dagrun for example_xcom to 2021-01-01T00:00:00+00:00, run_after=2021-01-01T00:00:00+00:00
[2024-03-30T06:18:38.107+0000] {processor.py:179} INFO - Processing /home/airflow/.local/lib/python3.7/site-packages/airflow/example_dags/example_xcom.py took 0.126 seconds
[2024-03-30T06:19:08.191+0000] {processor.py:157} INFO - Started process (PID=478) to work on /home/airflow/.local/lib/python3.7/site-packages/airflow/example_dags/example_xcom.py
[2024-03-30T06:19:08.192+0000] {processor.py:826} INFO - Processing file /home/airflow/.local/lib/python3.7/site-packages/airflow/example_dags/example_xcom.py for tasks to queue
[2024-03-30T06:19:08.193+0000] {logging_mixin.py:149} INFO - [2024-03-30T06:19:08.193+0000] {dagbag.py:541} INFO - Filling up the DagBag from /home/airflow/.local/lib/python3.7/site-packages/airflow/example_dags/example_xcom.py
[2024-03-30T06:19:08.200+0000] {processor.py:836} INFO - DAG(s) dict_keys(['example_xcom']) retrieved from /home/airflow/.local/lib/python3.7/site-packages/airflow/example_dags/example_xcom.py
[2024-03-30T06:19:08.238+0000] {logging_mixin.py:149} INFO - [2024-03-30T06:19:08.237+0000] {dag.py:2726} INFO - Sync 1 DAGs
[2024-03-30T06:19:08.264+0000] {logging_mixin.py:149} INFO - [2024-03-30T06:19:08.264+0000] {dag.py:3490} INFO - Setting next_dagrun for example_xcom to 2021-01-01T00:00:00+00:00, run_after=2021-01-01T00:00:00+00:00
[2024-03-30T06:19:08.295+0000] {processor.py:179} INFO - Processing /home/airflow/.local/lib/python3.7/site-packages/airflow/example_dags/example_xcom.py took 0.106 seconds
[2024-03-30T06:19:39.364+0000] {processor.py:157} INFO - Started process (PID=538) to work on /home/airflow/.local/lib/python3.7/site-packages/airflow/example_dags/example_xcom.py
[2024-03-30T06:19:39.365+0000] {processor.py:826} INFO - Processing file /home/airflow/.local/lib/python3.7/site-packages/airflow/example_dags/example_xcom.py for tasks to queue
[2024-03-30T06:19:39.365+0000] {logging_mixin.py:149} INFO - [2024-03-30T06:19:39.365+0000] {dagbag.py:541} INFO - Filling up the DagBag from /home/airflow/.local/lib/python3.7/site-packages/airflow/example_dags/example_xcom.py
[2024-03-30T06:19:39.373+0000] {processor.py:836} INFO - DAG(s) dict_keys(['example_xcom']) retrieved from /home/airflow/.local/lib/python3.7/site-packages/airflow/example_dags/example_xcom.py
[2024-03-30T06:19:39.410+0000] {logging_mixin.py:149} INFO - [2024-03-30T06:19:39.410+0000] {dag.py:2726} INFO - Sync 1 DAGs
[2024-03-30T06:19:39.435+0000] {logging_mixin.py:149} INFO - [2024-03-30T06:19:39.435+0000] {dag.py:3490} INFO - Setting next_dagrun for example_xcom to 2021-01-01T00:00:00+00:00, run_after=2021-01-01T00:00:00+00:00
[2024-03-30T06:19:39.465+0000] {processor.py:179} INFO - Processing /home/airflow/.local/lib/python3.7/site-packages/airflow/example_dags/example_xcom.py took 0.105 seconds
[2024-03-30T06:20:10.343+0000] {processor.py:157} INFO - Started process (PID=598) to work on /home/airflow/.local/lib/python3.7/site-packages/airflow/example_dags/example_xcom.py
[2024-03-30T06:20:10.344+0000] {processor.py:826} INFO - Processing file /home/airflow/.local/lib/python3.7/site-packages/airflow/example_dags/example_xcom.py for tasks to queue
[2024-03-30T06:20:10.345+0000] {logging_mixin.py:149} INFO - [2024-03-30T06:20:10.345+0000] {dagbag.py:541} INFO - Filling up the DagBag from /home/airflow/.local/lib/python3.7/site-packages/airflow/example_dags/example_xcom.py
[2024-03-30T06:20:10.353+0000] {processor.py:836} INFO - DAG(s) dict_keys(['example_xcom']) retrieved from /home/airflow/.local/lib/python3.7/site-packages/airflow/example_dags/example_xcom.py
[2024-03-30T06:20:10.395+0000] {logging_mixin.py:149} INFO - [2024-03-30T06:20:10.395+0000] {dag.py:2726} INFO - Sync 1 DAGs
[2024-03-30T06:20:10.425+0000] {logging_mixin.py:149} INFO - [2024-03-30T06:20:10.424+0000] {dag.py:3490} INFO - Setting next_dagrun for example_xcom to 2021-01-01T00:00:00+00:00, run_after=2021-01-01T00:00:00+00:00
[2024-03-30T06:20:10.463+0000] {processor.py:179} INFO - Processing /home/airflow/.local/lib/python3.7/site-packages/airflow/example_dags/example_xcom.py took 0.123 seconds
[2024-03-30T06:20:40.922+0000] {processor.py:157} INFO - Started process (PID=660) to work on /home/airflow/.local/lib/python3.7/site-packages/airflow/example_dags/example_xcom.py
[2024-03-30T06:20:40.923+0000] {processor.py:826} INFO - Processing file /home/airflow/.local/lib/python3.7/site-packages/airflow/example_dags/example_xcom.py for tasks to queue
[2024-03-30T06:20:40.924+0000] {logging_mixin.py:149} INFO - [2024-03-30T06:20:40.924+0000] {dagbag.py:541} INFO - Filling up the DagBag from /home/airflow/.local/lib/python3.7/site-packages/airflow/example_dags/example_xcom.py
[2024-03-30T06:20:40.934+0000] {processor.py:836} INFO - DAG(s) dict_keys(['example_xcom']) retrieved from /home/airflow/.local/lib/python3.7/site-packages/airflow/example_dags/example_xcom.py
[2024-03-30T06:20:40.973+0000] {logging_mixin.py:149} INFO - [2024-03-30T06:20:40.972+0000] {dag.py:2726} INFO - Sync 1 DAGs
[2024-03-30T06:20:40.999+0000] {logging_mixin.py:149} INFO - [2024-03-30T06:20:40.999+0000] {dag.py:3490} INFO - Setting next_dagrun for example_xcom to 2021-01-01T00:00:00+00:00, run_after=2021-01-01T00:00:00+00:00
[2024-03-30T06:20:41.033+0000] {processor.py:179} INFO - Processing /home/airflow/.local/lib/python3.7/site-packages/airflow/example_dags/example_xcom.py took 0.116 seconds
[2024-03-30T06:21:11.752+0000] {processor.py:157} INFO - Started process (PID=721) to work on /home/airflow/.local/lib/python3.7/site-packages/airflow/example_dags/example_xcom.py
[2024-03-30T06:21:11.753+0000] {processor.py:826} INFO - Processing file /home/airflow/.local/lib/python3.7/site-packages/airflow/example_dags/example_xcom.py for tasks to queue
[2024-03-30T06:21:11.753+0000] {logging_mixin.py:149} INFO - [2024-03-30T06:21:11.753+0000] {dagbag.py:541} INFO - Filling up the DagBag from /home/airflow/.local/lib/python3.7/site-packages/airflow/example_dags/example_xcom.py
[2024-03-30T06:21:11.759+0000] {processor.py:836} INFO - DAG(s) dict_keys(['example_xcom']) retrieved from /home/airflow/.local/lib/python3.7/site-packages/airflow/example_dags/example_xcom.py
[2024-03-30T06:21:11.794+0000] {logging_mixin.py:149} INFO - [2024-03-30T06:21:11.794+0000] {dag.py:2726} INFO - Sync 1 DAGs
[2024-03-30T06:21:11.819+0000] {logging_mixin.py:149} INFO - [2024-03-30T06:21:11.818+0000] {dag.py:3490} INFO - Setting next_dagrun for example_xcom to 2021-01-01T00:00:00+00:00, run_after=2021-01-01T00:00:00+00:00
[2024-03-30T06:21:11.852+0000] {processor.py:179} INFO - Processing /home/airflow/.local/lib/python3.7/site-packages/airflow/example_dags/example_xcom.py took 0.102 seconds
[2024-03-30T06:21:42.866+0000] {processor.py:157} INFO - Started process (PID=782) to work on /home/airflow/.local/lib/python3.7/site-packages/airflow/example_dags/example_xcom.py
[2024-03-30T06:21:42.867+0000] {processor.py:826} INFO - Processing file /home/airflow/.local/lib/python3.7/site-packages/airflow/example_dags/example_xcom.py for tasks to queue
[2024-03-30T06:21:42.868+0000] {logging_mixin.py:149} INFO - [2024-03-30T06:21:42.867+0000] {dagbag.py:541} INFO - Filling up the DagBag from /home/airflow/.local/lib/python3.7/site-packages/airflow/example_dags/example_xcom.py
[2024-03-30T06:21:42.874+0000] {processor.py:836} INFO - DAG(s) dict_keys(['example_xcom']) retrieved from /home/airflow/.local/lib/python3.7/site-packages/airflow/example_dags/example_xcom.py
[2024-03-30T06:21:42.914+0000] {logging_mixin.py:149} INFO - [2024-03-30T06:21:42.914+0000] {dag.py:2726} INFO - Sync 1 DAGs
[2024-03-30T06:21:42.937+0000] {logging_mixin.py:149} INFO - [2024-03-30T06:21:42.937+0000] {dag.py:3490} INFO - Setting next_dagrun for example_xcom to 2021-01-01T00:00:00+00:00, run_after=2021-01-01T00:00:00+00:00
[2024-03-30T06:21:42.972+0000] {processor.py:179} INFO - Processing /home/airflow/.local/lib/python3.7/site-packages/airflow/example_dags/example_xcom.py took 0.110 seconds
[2024-03-30T06:22:13.734+0000] {processor.py:157} INFO - Started process (PID=843) to work on /home/airflow/.local/lib/python3.7/site-packages/airflow/example_dags/example_xcom.py
[2024-03-30T06:22:13.735+0000] {processor.py:826} INFO - Processing file /home/airflow/.local/lib/python3.7/site-packages/airflow/example_dags/example_xcom.py for tasks to queue
[2024-03-30T06:22:13.736+0000] {logging_mixin.py:149} INFO - [2024-03-30T06:22:13.735+0000] {dagbag.py:541} INFO - Filling up the DagBag from /home/airflow/.local/lib/python3.7/site-packages/airflow/example_dags/example_xcom.py
[2024-03-30T06:22:13.744+0000] {processor.py:836} INFO - DAG(s) dict_keys(['example_xcom']) retrieved from /home/airflow/.local/lib/python3.7/site-packages/airflow/example_dags/example_xcom.py
[2024-03-30T06:22:13.783+0000] {logging_mixin.py:149} INFO - [2024-03-30T06:22:13.783+0000] {dag.py:2726} INFO - Sync 1 DAGs
[2024-03-30T06:22:13.814+0000] {logging_mixin.py:149} INFO - [2024-03-30T06:22:13.814+0000] {dag.py:3490} INFO - Setting next_dagrun for example_xcom to 2021-01-01T00:00:00+00:00, run_after=2021-01-01T00:00:00+00:00
[2024-03-30T06:22:13.851+0000] {processor.py:179} INFO - Processing /home/airflow/.local/lib/python3.7/site-packages/airflow/example_dags/example_xcom.py took 0.120 seconds
[2024-03-30T06:22:44.213+0000] {processor.py:157} INFO - Started process (PID=904) to work on /home/airflow/.local/lib/python3.7/site-packages/airflow/example_dags/example_xcom.py
[2024-03-30T06:22:44.214+0000] {processor.py:826} INFO - Processing file /home/airflow/.local/lib/python3.7/site-packages/airflow/example_dags/example_xcom.py for tasks to queue
[2024-03-30T06:22:44.215+0000] {logging_mixin.py:149} INFO - [2024-03-30T06:22:44.215+0000] {dagbag.py:541} INFO - Filling up the DagBag from /home/airflow/.local/lib/python3.7/site-packages/airflow/example_dags/example_xcom.py
[2024-03-30T06:22:44.221+0000] {processor.py:836} INFO - DAG(s) dict_keys(['example_xcom']) retrieved from /home/airflow/.local/lib/python3.7/site-packages/airflow/example_dags/example_xcom.py
[2024-03-30T06:22:44.257+0000] {logging_mixin.py:149} INFO - [2024-03-30T06:22:44.257+0000] {dag.py:2726} INFO - Sync 1 DAGs
[2024-03-30T06:22:44.287+0000] {logging_mixin.py:149} INFO - [2024-03-30T06:22:44.286+0000] {dag.py:3490} INFO - Setting next_dagrun for example_xcom to 2021-01-01T00:00:00+00:00, run_after=2021-01-01T00:00:00+00:00
[2024-03-30T06:22:44.322+0000] {processor.py:179} INFO - Processing /home/airflow/.local/lib/python3.7/site-packages/airflow/example_dags/example_xcom.py took 0.112 seconds
[2024-03-30T06:23:14.654+0000] {processor.py:157} INFO - Started process (PID=965) to work on /home/airflow/.local/lib/python3.7/site-packages/airflow/example_dags/example_xcom.py
[2024-03-30T06:23:14.654+0000] {processor.py:826} INFO - Processing file /home/airflow/.local/lib/python3.7/site-packages/airflow/example_dags/example_xcom.py for tasks to queue
[2024-03-30T06:23:14.655+0000] {logging_mixin.py:149} INFO - [2024-03-30T06:23:14.655+0000] {dagbag.py:541} INFO - Filling up the DagBag from /home/airflow/.local/lib/python3.7/site-packages/airflow/example_dags/example_xcom.py
[2024-03-30T06:23:14.661+0000] {processor.py:836} INFO - DAG(s) dict_keys(['example_xcom']) retrieved from /home/airflow/.local/lib/python3.7/site-packages/airflow/example_dags/example_xcom.py
[2024-03-30T06:23:14.698+0000] {logging_mixin.py:149} INFO - [2024-03-30T06:23:14.698+0000] {dag.py:2726} INFO - Sync 1 DAGs
[2024-03-30T06:23:14.723+0000] {logging_mixin.py:149} INFO - [2024-03-30T06:23:14.722+0000] {dag.py:3490} INFO - Setting next_dagrun for example_xcom to 2021-01-01T00:00:00+00:00, run_after=2021-01-01T00:00:00+00:00
[2024-03-30T06:23:14.755+0000] {processor.py:179} INFO - Processing /home/airflow/.local/lib/python3.7/site-packages/airflow/example_dags/example_xcom.py took 0.104 seconds
[2024-03-30T06:23:45.951+0000] {processor.py:157} INFO - Started process (PID=1026) to work on /home/airflow/.local/lib/python3.7/site-packages/airflow/example_dags/example_xcom.py
[2024-03-30T06:23:45.952+0000] {processor.py:826} INFO - Processing file /home/airflow/.local/lib/python3.7/site-packages/airflow/example_dags/example_xcom.py for tasks to queue
[2024-03-30T06:23:45.953+0000] {logging_mixin.py:149} INFO - [2024-03-30T06:23:45.953+0000] {dagbag.py:541} INFO - Filling up the DagBag from /home/airflow/.local/lib/python3.7/site-packages/airflow/example_dags/example_xcom.py
[2024-03-30T06:23:45.959+0000] {processor.py:836} INFO - DAG(s) dict_keys(['example_xcom']) retrieved from /home/airflow/.local/lib/python3.7/site-packages/airflow/example_dags/example_xcom.py
[2024-03-30T06:23:45.993+0000] {logging_mixin.py:149} INFO - [2024-03-30T06:23:45.993+0000] {dag.py:2726} INFO - Sync 1 DAGs
[2024-03-30T06:23:46.016+0000] {logging_mixin.py:149} INFO - [2024-03-30T06:23:46.016+0000] {dag.py:3490} INFO - Setting next_dagrun for example_xcom to 2021-01-01T00:00:00+00:00, run_after=2021-01-01T00:00:00+00:00
[2024-03-30T06:23:46.047+0000] {processor.py:179} INFO - Processing /home/airflow/.local/lib/python3.7/site-packages/airflow/example_dags/example_xcom.py took 0.099 seconds
[2024-03-30T06:24:16.458+0000] {processor.py:157} INFO - Started process (PID=1087) to work on /home/airflow/.local/lib/python3.7/site-packages/airflow/example_dags/example_xcom.py
[2024-03-30T06:24:16.459+0000] {processor.py:826} INFO - Processing file /home/airflow/.local/lib/python3.7/site-packages/airflow/example_dags/example_xcom.py for tasks to queue
[2024-03-30T06:24:16.460+0000] {logging_mixin.py:149} INFO - [2024-03-30T06:24:16.460+0000] {dagbag.py:541} INFO - Filling up the DagBag from /home/airflow/.local/lib/python3.7/site-packages/airflow/example_dags/example_xcom.py
[2024-03-30T06:24:16.466+0000] {processor.py:836} INFO - DAG(s) dict_keys(['example_xcom']) retrieved from /home/airflow/.local/lib/python3.7/site-packages/airflow/example_dags/example_xcom.py
[2024-03-30T06:24:16.502+0000] {logging_mixin.py:149} INFO - [2024-03-30T06:24:16.502+0000] {dag.py:2726} INFO - Sync 1 DAGs
[2024-03-30T06:24:16.527+0000] {logging_mixin.py:149} INFO - [2024-03-30T06:24:16.527+0000] {dag.py:3490} INFO - Setting next_dagrun for example_xcom to 2021-01-01T00:00:00+00:00, run_after=2021-01-01T00:00:00+00:00
[2024-03-30T06:24:16.559+0000] {processor.py:179} INFO - Processing /home/airflow/.local/lib/python3.7/site-packages/airflow/example_dags/example_xcom.py took 0.103 seconds
[2024-03-30T06:24:46.786+0000] {processor.py:157} INFO - Started process (PID=1148) to work on /home/airflow/.local/lib/python3.7/site-packages/airflow/example_dags/example_xcom.py
[2024-03-30T06:24:46.787+0000] {processor.py:826} INFO - Processing file /home/airflow/.local/lib/python3.7/site-packages/airflow/example_dags/example_xcom.py for tasks to queue
[2024-03-30T06:24:46.787+0000] {logging_mixin.py:149} INFO - [2024-03-30T06:24:46.787+0000] {dagbag.py:541} INFO - Filling up the DagBag from /home/airflow/.local/lib/python3.7/site-packages/airflow/example_dags/example_xcom.py
[2024-03-30T06:24:46.794+0000] {processor.py:836} INFO - DAG(s) dict_keys(['example_xcom']) retrieved from /home/airflow/.local/lib/python3.7/site-packages/airflow/example_dags/example_xcom.py
[2024-03-30T06:24:46.833+0000] {logging_mixin.py:149} INFO - [2024-03-30T06:24:46.833+0000] {dag.py:2726} INFO - Sync 1 DAGs
[2024-03-30T06:24:46.901+0000] {logging_mixin.py:149} INFO - [2024-03-30T06:24:46.901+0000] {dag.py:3490} INFO - Setting next_dagrun for example_xcom to 2021-01-01T00:00:00+00:00, run_after=2021-01-01T00:00:00+00:00
[2024-03-30T06:24:46.934+0000] {processor.py:179} INFO - Processing /home/airflow/.local/lib/python3.7/site-packages/airflow/example_dags/example_xcom.py took 0.151 seconds
[2024-03-30T06:25:17.257+0000] {processor.py:157} INFO - Started process (PID=1209) to work on /home/airflow/.local/lib/python3.7/site-packages/airflow/example_dags/example_xcom.py
[2024-03-30T06:25:17.258+0000] {processor.py:826} INFO - Processing file /home/airflow/.local/lib/python3.7/site-packages/airflow/example_dags/example_xcom.py for tasks to queue
[2024-03-30T06:25:17.258+0000] {logging_mixin.py:149} INFO - [2024-03-30T06:25:17.258+0000] {dagbag.py:541} INFO - Filling up the DagBag from /home/airflow/.local/lib/python3.7/site-packages/airflow/example_dags/example_xcom.py
[2024-03-30T06:25:17.265+0000] {processor.py:836} INFO - DAG(s) dict_keys(['example_xcom']) retrieved from /home/airflow/.local/lib/python3.7/site-packages/airflow/example_dags/example_xcom.py
[2024-03-30T06:25:17.301+0000] {logging_mixin.py:149} INFO - [2024-03-30T06:25:17.301+0000] {dag.py:2726} INFO - Sync 1 DAGs
[2024-03-30T06:25:17.370+0000] {logging_mixin.py:149} INFO - [2024-03-30T06:25:17.370+0000] {dag.py:3490} INFO - Setting next_dagrun for example_xcom to 2021-01-01T00:00:00+00:00, run_after=2021-01-01T00:00:00+00:00
[2024-03-30T06:25:17.405+0000] {processor.py:179} INFO - Processing /home/airflow/.local/lib/python3.7/site-packages/airflow/example_dags/example_xcom.py took 0.151 seconds
[2024-03-30T06:25:47.600+0000] {processor.py:157} INFO - Started process (PID=1270) to work on /home/airflow/.local/lib/python3.7/site-packages/airflow/example_dags/example_xcom.py
[2024-03-30T06:25:47.601+0000] {processor.py:826} INFO - Processing file /home/airflow/.local/lib/python3.7/site-packages/airflow/example_dags/example_xcom.py for tasks to queue
[2024-03-30T06:25:47.602+0000] {logging_mixin.py:149} INFO - [2024-03-30T06:25:47.602+0000] {dagbag.py:541} INFO - Filling up the DagBag from /home/airflow/.local/lib/python3.7/site-packages/airflow/example_dags/example_xcom.py
[2024-03-30T06:25:47.609+0000] {processor.py:836} INFO - DAG(s) dict_keys(['example_xcom']) retrieved from /home/airflow/.local/lib/python3.7/site-packages/airflow/example_dags/example_xcom.py
[2024-03-30T06:25:47.645+0000] {logging_mixin.py:149} INFO - [2024-03-30T06:25:47.644+0000] {dag.py:2726} INFO - Sync 1 DAGs
[2024-03-30T06:25:47.670+0000] {logging_mixin.py:149} INFO - [2024-03-30T06:25:47.670+0000] {dag.py:3490} INFO - Setting next_dagrun for example_xcom to 2021-01-01T00:00:00+00:00, run_after=2021-01-01T00:00:00+00:00
[2024-03-30T06:25:47.704+0000] {processor.py:179} INFO - Processing /home/airflow/.local/lib/python3.7/site-packages/airflow/example_dags/example_xcom.py took 0.106 seconds
[2024-03-30T06:26:18.308+0000] {processor.py:157} INFO - Started process (PID=1331) to work on /home/airflow/.local/lib/python3.7/site-packages/airflow/example_dags/example_xcom.py
[2024-03-30T06:26:18.308+0000] {processor.py:826} INFO - Processing file /home/airflow/.local/lib/python3.7/site-packages/airflow/example_dags/example_xcom.py for tasks to queue
[2024-03-30T06:26:18.309+0000] {logging_mixin.py:149} INFO - [2024-03-30T06:26:18.309+0000] {dagbag.py:541} INFO - Filling up the DagBag from /home/airflow/.local/lib/python3.7/site-packages/airflow/example_dags/example_xcom.py
[2024-03-30T06:26:18.315+0000] {processor.py:836} INFO - DAG(s) dict_keys(['example_xcom']) retrieved from /home/airflow/.local/lib/python3.7/site-packages/airflow/example_dags/example_xcom.py
[2024-03-30T06:26:18.352+0000] {logging_mixin.py:149} INFO - [2024-03-30T06:26:18.352+0000] {dag.py:2726} INFO - Sync 1 DAGs
[2024-03-30T06:26:18.381+0000] {logging_mixin.py:149} INFO - [2024-03-30T06:26:18.381+0000] {dag.py:3490} INFO - Setting next_dagrun for example_xcom to 2021-01-01T00:00:00+00:00, run_after=2021-01-01T00:00:00+00:00
[2024-03-30T06:26:18.415+0000] {processor.py:179} INFO - Processing /home/airflow/.local/lib/python3.7/site-packages/airflow/example_dags/example_xcom.py took 0.110 seconds
[2024-03-30T06:26:49.399+0000] {processor.py:157} INFO - Started process (PID=1393) to work on /home/airflow/.local/lib/python3.7/site-packages/airflow/example_dags/example_xcom.py
[2024-03-30T06:26:49.400+0000] {processor.py:826} INFO - Processing file /home/airflow/.local/lib/python3.7/site-packages/airflow/example_dags/example_xcom.py for tasks to queue
[2024-03-30T06:26:49.401+0000] {logging_mixin.py:149} INFO - [2024-03-30T06:26:49.401+0000] {dagbag.py:541} INFO - Filling up the DagBag from /home/airflow/.local/lib/python3.7/site-packages/airflow/example_dags/example_xcom.py
[2024-03-30T06:26:49.407+0000] {processor.py:836} INFO - DAG(s) dict_keys(['example_xcom']) retrieved from /home/airflow/.local/lib/python3.7/site-packages/airflow/example_dags/example_xcom.py
[2024-03-30T06:26:49.443+0000] {logging_mixin.py:149} INFO - [2024-03-30T06:26:49.442+0000] {dag.py:2726} INFO - Sync 1 DAGs
[2024-03-30T06:26:49.469+0000] {logging_mixin.py:149} INFO - [2024-03-30T06:26:49.469+0000] {dag.py:3490} INFO - Setting next_dagrun for example_xcom to 2021-01-01T00:00:00+00:00, run_after=2021-01-01T00:00:00+00:00
[2024-03-30T06:26:49.502+0000] {processor.py:179} INFO - Processing /home/airflow/.local/lib/python3.7/site-packages/airflow/example_dags/example_xcom.py took 0.105 seconds
[2024-03-30T06:27:19.848+0000] {processor.py:157} INFO - Started process (PID=1454) to work on /home/airflow/.local/lib/python3.7/site-packages/airflow/example_dags/example_xcom.py
[2024-03-30T06:27:19.848+0000] {processor.py:826} INFO - Processing file /home/airflow/.local/lib/python3.7/site-packages/airflow/example_dags/example_xcom.py for tasks to queue
[2024-03-30T06:27:19.849+0000] {logging_mixin.py:149} INFO - [2024-03-30T06:27:19.849+0000] {dagbag.py:541} INFO - Filling up the DagBag from /home/airflow/.local/lib/python3.7/site-packages/airflow/example_dags/example_xcom.py
[2024-03-30T06:27:19.855+0000] {processor.py:836} INFO - DAG(s) dict_keys(['example_xcom']) retrieved from /home/airflow/.local/lib/python3.7/site-packages/airflow/example_dags/example_xcom.py
[2024-03-30T06:27:19.893+0000] {logging_mixin.py:149} INFO - [2024-03-30T06:27:19.893+0000] {dag.py:2726} INFO - Sync 1 DAGs
[2024-03-30T06:27:19.922+0000] {logging_mixin.py:149} INFO - [2024-03-30T06:27:19.922+0000] {dag.py:3490} INFO - Setting next_dagrun for example_xcom to 2021-01-01T00:00:00+00:00, run_after=2021-01-01T00:00:00+00:00
[2024-03-30T06:27:19.960+0000] {processor.py:179} INFO - Processing /home/airflow/.local/lib/python3.7/site-packages/airflow/example_dags/example_xcom.py took 0.116 seconds
[2024-03-30T06:27:50.501+0000] {processor.py:157} INFO - Started process (PID=1516) to work on /home/airflow/.local/lib/python3.7/site-packages/airflow/example_dags/example_xcom.py
[2024-03-30T06:27:50.503+0000] {processor.py:826} INFO - Processing file /home/airflow/.local/lib/python3.7/site-packages/airflow/example_dags/example_xcom.py for tasks to queue
[2024-03-30T06:27:50.503+0000] {logging_mixin.py:149} INFO - [2024-03-30T06:27:50.503+0000] {dagbag.py:541} INFO - Filling up the DagBag from /home/airflow/.local/lib/python3.7/site-packages/airflow/example_dags/example_xcom.py
[2024-03-30T06:27:50.513+0000] {processor.py:836} INFO - DAG(s) dict_keys(['example_xcom']) retrieved from /home/airflow/.local/lib/python3.7/site-packages/airflow/example_dags/example_xcom.py
[2024-03-30T06:27:50.557+0000] {logging_mixin.py:149} INFO - [2024-03-30T06:27:50.557+0000] {dag.py:2726} INFO - Sync 1 DAGs
[2024-03-30T06:27:50.580+0000] {logging_mixin.py:149} INFO - [2024-03-30T06:27:50.580+0000] {dag.py:3490} INFO - Setting next_dagrun for example_xcom to 2021-01-01T00:00:00+00:00, run_after=2021-01-01T00:00:00+00:00
[2024-03-30T06:27:50.623+0000] {processor.py:179} INFO - Processing /home/airflow/.local/lib/python3.7/site-packages/airflow/example_dags/example_xcom.py took 0.125 seconds
[2024-03-30T06:28:21.540+0000] {processor.py:157} INFO - Started process (PID=1577) to work on /home/airflow/.local/lib/python3.7/site-packages/airflow/example_dags/example_xcom.py
[2024-03-30T06:28:21.540+0000] {processor.py:826} INFO - Processing file /home/airflow/.local/lib/python3.7/site-packages/airflow/example_dags/example_xcom.py for tasks to queue
[2024-03-30T06:28:21.541+0000] {logging_mixin.py:149} INFO - [2024-03-30T06:28:21.541+0000] {dagbag.py:541} INFO - Filling up the DagBag from /home/airflow/.local/lib/python3.7/site-packages/airflow/example_dags/example_xcom.py
[2024-03-30T06:28:21.547+0000] {processor.py:836} INFO - DAG(s) dict_keys(['example_xcom']) retrieved from /home/airflow/.local/lib/python3.7/site-packages/airflow/example_dags/example_xcom.py
[2024-03-30T06:28:21.582+0000] {logging_mixin.py:149} INFO - [2024-03-30T06:28:21.581+0000] {dag.py:2726} INFO - Sync 1 DAGs
[2024-03-30T06:28:21.605+0000] {logging_mixin.py:149} INFO - [2024-03-30T06:28:21.605+0000] {dag.py:3490} INFO - Setting next_dagrun for example_xcom to 2021-01-01T00:00:00+00:00, run_after=2021-01-01T00:00:00+00:00
[2024-03-30T06:28:21.638+0000] {processor.py:179} INFO - Processing /home/airflow/.local/lib/python3.7/site-packages/airflow/example_dags/example_xcom.py took 0.101 seconds
[2024-03-30T06:28:52.237+0000] {processor.py:157} INFO - Started process (PID=1638) to work on /home/airflow/.local/lib/python3.7/site-packages/airflow/example_dags/example_xcom.py
[2024-03-30T06:28:52.238+0000] {processor.py:826} INFO - Processing file /home/airflow/.local/lib/python3.7/site-packages/airflow/example_dags/example_xcom.py for tasks to queue
[2024-03-30T06:28:52.239+0000] {logging_mixin.py:149} INFO - [2024-03-30T06:28:52.239+0000] {dagbag.py:541} INFO - Filling up the DagBag from /home/airflow/.local/lib/python3.7/site-packages/airflow/example_dags/example_xcom.py
[2024-03-30T06:28:52.246+0000] {processor.py:836} INFO - DAG(s) dict_keys(['example_xcom']) retrieved from /home/airflow/.local/lib/python3.7/site-packages/airflow/example_dags/example_xcom.py
[2024-03-30T06:28:52.283+0000] {logging_mixin.py:149} INFO - [2024-03-30T06:28:52.283+0000] {dag.py:2726} INFO - Sync 1 DAGs
[2024-03-30T06:28:52.310+0000] {logging_mixin.py:149} INFO - [2024-03-30T06:28:52.310+0000] {dag.py:3490} INFO - Setting next_dagrun for example_xcom to 2021-01-01T00:00:00+00:00, run_after=2021-01-01T00:00:00+00:00
[2024-03-30T06:28:52.344+0000] {processor.py:179} INFO - Processing /home/airflow/.local/lib/python3.7/site-packages/airflow/example_dags/example_xcom.py took 0.110 seconds
[2024-03-30T06:29:22.684+0000] {processor.py:157} INFO - Started process (PID=1699) to work on /home/airflow/.local/lib/python3.7/site-packages/airflow/example_dags/example_xcom.py
[2024-03-30T06:29:22.685+0000] {processor.py:826} INFO - Processing file /home/airflow/.local/lib/python3.7/site-packages/airflow/example_dags/example_xcom.py for tasks to queue
[2024-03-30T06:29:22.686+0000] {logging_mixin.py:149} INFO - [2024-03-30T06:29:22.686+0000] {dagbag.py:541} INFO - Filling up the DagBag from /home/airflow/.local/lib/python3.7/site-packages/airflow/example_dags/example_xcom.py
[2024-03-30T06:29:22.692+0000] {processor.py:836} INFO - DAG(s) dict_keys(['example_xcom']) retrieved from /home/airflow/.local/lib/python3.7/site-packages/airflow/example_dags/example_xcom.py
[2024-03-30T06:29:22.729+0000] {logging_mixin.py:149} INFO - [2024-03-30T06:29:22.728+0000] {dag.py:2726} INFO - Sync 1 DAGs
[2024-03-30T06:29:22.800+0000] {logging_mixin.py:149} INFO - [2024-03-30T06:29:22.800+0000] {dag.py:3490} INFO - Setting next_dagrun for example_xcom to 2021-01-01T00:00:00+00:00, run_after=2021-01-01T00:00:00+00:00
[2024-03-30T06:29:22.835+0000] {processor.py:179} INFO - Processing /home/airflow/.local/lib/python3.7/site-packages/airflow/example_dags/example_xcom.py took 0.153 seconds
[2024-03-30T06:29:53.326+0000] {processor.py:157} INFO - Started process (PID=1760) to work on /home/airflow/.local/lib/python3.7/site-packages/airflow/example_dags/example_xcom.py
[2024-03-30T06:29:53.327+0000] {processor.py:826} INFO - Processing file /home/airflow/.local/lib/python3.7/site-packages/airflow/example_dags/example_xcom.py for tasks to queue
[2024-03-30T06:29:53.328+0000] {logging_mixin.py:149} INFO - [2024-03-30T06:29:53.328+0000] {dagbag.py:541} INFO - Filling up the DagBag from /home/airflow/.local/lib/python3.7/site-packages/airflow/example_dags/example_xcom.py
[2024-03-30T06:29:53.333+0000] {processor.py:836} INFO - DAG(s) dict_keys(['example_xcom']) retrieved from /home/airflow/.local/lib/python3.7/site-packages/airflow/example_dags/example_xcom.py
[2024-03-30T06:29:53.368+0000] {logging_mixin.py:149} INFO - [2024-03-30T06:29:53.368+0000] {dag.py:2726} INFO - Sync 1 DAGs
[2024-03-30T06:29:53.442+0000] {logging_mixin.py:149} INFO - [2024-03-30T06:29:53.441+0000] {dag.py:3490} INFO - Setting next_dagrun for example_xcom to 2021-01-01T00:00:00+00:00, run_after=2021-01-01T00:00:00+00:00
[2024-03-30T06:29:53.479+0000] {processor.py:179} INFO - Processing /home/airflow/.local/lib/python3.7/site-packages/airflow/example_dags/example_xcom.py took 0.156 seconds
[2024-03-30T06:30:23.698+0000] {processor.py:157} INFO - Started process (PID=1821) to work on /home/airflow/.local/lib/python3.7/site-packages/airflow/example_dags/example_xcom.py
[2024-03-30T06:30:23.699+0000] {processor.py:826} INFO - Processing file /home/airflow/.local/lib/python3.7/site-packages/airflow/example_dags/example_xcom.py for tasks to queue
[2024-03-30T06:30:23.700+0000] {logging_mixin.py:149} INFO - [2024-03-30T06:30:23.700+0000] {dagbag.py:541} INFO - Filling up the DagBag from /home/airflow/.local/lib/python3.7/site-packages/airflow/example_dags/example_xcom.py
[2024-03-30T06:30:23.706+0000] {processor.py:836} INFO - DAG(s) dict_keys(['example_xcom']) retrieved from /home/airflow/.local/lib/python3.7/site-packages/airflow/example_dags/example_xcom.py
[2024-03-30T06:30:23.749+0000] {logging_mixin.py:149} INFO - [2024-03-30T06:30:23.749+0000] {dag.py:2726} INFO - Sync 1 DAGs
[2024-03-30T06:30:23.774+0000] {logging_mixin.py:149} INFO - [2024-03-30T06:30:23.774+0000] {dag.py:3490} INFO - Setting next_dagrun for example_xcom to 2021-01-01T00:00:00+00:00, run_after=2021-01-01T00:00:00+00:00
[2024-03-30T06:30:23.808+0000] {processor.py:179} INFO - Processing /home/airflow/.local/lib/python3.7/site-packages/airflow/example_dags/example_xcom.py took 0.112 seconds
[2024-03-30T06:30:54.275+0000] {processor.py:157} INFO - Started process (PID=1882) to work on /home/airflow/.local/lib/python3.7/site-packages/airflow/example_dags/example_xcom.py
[2024-03-30T06:30:54.276+0000] {processor.py:826} INFO - Processing file /home/airflow/.local/lib/python3.7/site-packages/airflow/example_dags/example_xcom.py for tasks to queue
[2024-03-30T06:30:54.276+0000] {logging_mixin.py:149} INFO - [2024-03-30T06:30:54.276+0000] {dagbag.py:541} INFO - Filling up the DagBag from /home/airflow/.local/lib/python3.7/site-packages/airflow/example_dags/example_xcom.py
[2024-03-30T06:30:54.283+0000] {processor.py:836} INFO - DAG(s) dict_keys(['example_xcom']) retrieved from /home/airflow/.local/lib/python3.7/site-packages/airflow/example_dags/example_xcom.py
[2024-03-30T06:30:54.321+0000] {logging_mixin.py:149} INFO - [2024-03-30T06:30:54.321+0000] {dag.py:2726} INFO - Sync 1 DAGs
[2024-03-30T06:30:54.347+0000] {logging_mixin.py:149} INFO - [2024-03-30T06:30:54.347+0000] {dag.py:3490} INFO - Setting next_dagrun for example_xcom to 2021-01-01T00:00:00+00:00, run_after=2021-01-01T00:00:00+00:00
[2024-03-30T06:30:54.395+0000] {processor.py:179} INFO - Processing /home/airflow/.local/lib/python3.7/site-packages/airflow/example_dags/example_xcom.py took 0.122 seconds
[2024-03-30T06:31:25.295+0000] {processor.py:157} INFO - Started process (PID=1950) to work on /home/airflow/.local/lib/python3.7/site-packages/airflow/example_dags/example_xcom.py
[2024-03-30T06:31:25.296+0000] {processor.py:826} INFO - Processing file /home/airflow/.local/lib/python3.7/site-packages/airflow/example_dags/example_xcom.py for tasks to queue
[2024-03-30T06:31:25.297+0000] {logging_mixin.py:149} INFO - [2024-03-30T06:31:25.297+0000] {dagbag.py:541} INFO - Filling up the DagBag from /home/airflow/.local/lib/python3.7/site-packages/airflow/example_dags/example_xcom.py
[2024-03-30T06:31:25.303+0000] {processor.py:836} INFO - DAG(s) dict_keys(['example_xcom']) retrieved from /home/airflow/.local/lib/python3.7/site-packages/airflow/example_dags/example_xcom.py
[2024-03-30T06:31:25.347+0000] {logging_mixin.py:149} INFO - [2024-03-30T06:31:25.347+0000] {dag.py:2726} INFO - Sync 1 DAGs
[2024-03-30T06:31:25.372+0000] {logging_mixin.py:149} INFO - [2024-03-30T06:31:25.371+0000] {dag.py:3490} INFO - Setting next_dagrun for example_xcom to 2021-01-01T00:00:00+00:00, run_after=2021-01-01T00:00:00+00:00
[2024-03-30T06:31:25.408+0000] {processor.py:179} INFO - Processing /home/airflow/.local/lib/python3.7/site-packages/airflow/example_dags/example_xcom.py took 0.116 seconds
[2024-03-30T08:20:57.087+0000] {processor.py:157} INFO - Started process (PID=58) to work on /home/airflow/.local/lib/python3.7/site-packages/airflow/example_dags/example_xcom.py
[2024-03-30T08:20:57.088+0000] {processor.py:826} INFO - Processing file /home/airflow/.local/lib/python3.7/site-packages/airflow/example_dags/example_xcom.py for tasks to queue
[2024-03-30T08:20:57.089+0000] {logging_mixin.py:149} INFO - [2024-03-30T08:20:57.089+0000] {dagbag.py:541} INFO - Filling up the DagBag from /home/airflow/.local/lib/python3.7/site-packages/airflow/example_dags/example_xcom.py
[2024-03-30T08:20:57.099+0000] {processor.py:836} INFO - DAG(s) dict_keys(['example_xcom']) retrieved from /home/airflow/.local/lib/python3.7/site-packages/airflow/example_dags/example_xcom.py
[2024-03-30T08:20:57.157+0000] {logging_mixin.py:149} INFO - [2024-03-30T08:20:57.157+0000] {dag.py:2726} INFO - Sync 1 DAGs
[2024-03-30T08:20:57.187+0000] {logging_mixin.py:149} INFO - [2024-03-30T08:20:57.187+0000] {dag.py:3490} INFO - Setting next_dagrun for example_xcom to 2021-01-01T00:00:00+00:00, run_after=2021-01-01T00:00:00+00:00
[2024-03-30T08:20:57.248+0000] {processor.py:179} INFO - Processing /home/airflow/.local/lib/python3.7/site-packages/airflow/example_dags/example_xcom.py took 0.164 seconds
[2024-03-30T08:21:27.281+0000] {processor.py:157} INFO - Started process (PID=119) to work on /home/airflow/.local/lib/python3.7/site-packages/airflow/example_dags/example_xcom.py
[2024-03-30T08:21:27.282+0000] {processor.py:826} INFO - Processing file /home/airflow/.local/lib/python3.7/site-packages/airflow/example_dags/example_xcom.py for tasks to queue
[2024-03-30T08:21:27.283+0000] {logging_mixin.py:149} INFO - [2024-03-30T08:21:27.283+0000] {dagbag.py:541} INFO - Filling up the DagBag from /home/airflow/.local/lib/python3.7/site-packages/airflow/example_dags/example_xcom.py
[2024-03-30T08:21:27.291+0000] {processor.py:836} INFO - DAG(s) dict_keys(['example_xcom']) retrieved from /home/airflow/.local/lib/python3.7/site-packages/airflow/example_dags/example_xcom.py
[2024-03-30T08:21:27.340+0000] {logging_mixin.py:149} INFO - [2024-03-30T08:21:27.340+0000] {dag.py:2726} INFO - Sync 1 DAGs
[2024-03-30T08:21:27.369+0000] {logging_mixin.py:149} INFO - [2024-03-30T08:21:27.368+0000] {dag.py:3490} INFO - Setting next_dagrun for example_xcom to 2021-01-01T00:00:00+00:00, run_after=2021-01-01T00:00:00+00:00
[2024-03-30T08:21:27.408+0000] {processor.py:179} INFO - Processing /home/airflow/.local/lib/python3.7/site-packages/airflow/example_dags/example_xcom.py took 0.131 seconds
[2024-03-30T08:21:58.139+0000] {processor.py:157} INFO - Started process (PID=180) to work on /home/airflow/.local/lib/python3.7/site-packages/airflow/example_dags/example_xcom.py
[2024-03-30T08:21:58.141+0000] {processor.py:826} INFO - Processing file /home/airflow/.local/lib/python3.7/site-packages/airflow/example_dags/example_xcom.py for tasks to queue
[2024-03-30T08:21:58.141+0000] {logging_mixin.py:149} INFO - [2024-03-30T08:21:58.141+0000] {dagbag.py:541} INFO - Filling up the DagBag from /home/airflow/.local/lib/python3.7/site-packages/airflow/example_dags/example_xcom.py
[2024-03-30T08:21:58.148+0000] {processor.py:836} INFO - DAG(s) dict_keys(['example_xcom']) retrieved from /home/airflow/.local/lib/python3.7/site-packages/airflow/example_dags/example_xcom.py
[2024-03-30T08:21:58.198+0000] {logging_mixin.py:149} INFO - [2024-03-30T08:21:58.198+0000] {dag.py:2726} INFO - Sync 1 DAGs
[2024-03-30T08:21:58.340+0000] {logging_mixin.py:149} INFO - [2024-03-30T08:21:58.340+0000] {dag.py:3490} INFO - Setting next_dagrun for example_xcom to 2021-01-01T00:00:00+00:00, run_after=2021-01-01T00:00:00+00:00
[2024-03-30T08:21:58.382+0000] {processor.py:179} INFO - Processing /home/airflow/.local/lib/python3.7/site-packages/airflow/example_dags/example_xcom.py took 0.246 seconds
[2024-03-30T08:22:28.705+0000] {processor.py:157} INFO - Started process (PID=241) to work on /home/airflow/.local/lib/python3.7/site-packages/airflow/example_dags/example_xcom.py
[2024-03-30T08:22:28.706+0000] {processor.py:826} INFO - Processing file /home/airflow/.local/lib/python3.7/site-packages/airflow/example_dags/example_xcom.py for tasks to queue
[2024-03-30T08:22:28.707+0000] {logging_mixin.py:149} INFO - [2024-03-30T08:22:28.707+0000] {dagbag.py:541} INFO - Filling up the DagBag from /home/airflow/.local/lib/python3.7/site-packages/airflow/example_dags/example_xcom.py
[2024-03-30T08:22:28.718+0000] {processor.py:836} INFO - DAG(s) dict_keys(['example_xcom']) retrieved from /home/airflow/.local/lib/python3.7/site-packages/airflow/example_dags/example_xcom.py
[2024-03-30T08:22:28.771+0000] {logging_mixin.py:149} INFO - [2024-03-30T08:22:28.771+0000] {dag.py:2726} INFO - Sync 1 DAGs
[2024-03-30T08:22:28.799+0000] {logging_mixin.py:149} INFO - [2024-03-30T08:22:28.799+0000] {dag.py:3490} INFO - Setting next_dagrun for example_xcom to 2021-01-01T00:00:00+00:00, run_after=2021-01-01T00:00:00+00:00
[2024-03-30T08:22:28.846+0000] {processor.py:179} INFO - Processing /home/airflow/.local/lib/python3.7/site-packages/airflow/example_dags/example_xcom.py took 0.145 seconds
[2024-03-30T08:22:59.231+0000] {processor.py:157} INFO - Started process (PID=302) to work on /home/airflow/.local/lib/python3.7/site-packages/airflow/example_dags/example_xcom.py
[2024-03-30T08:22:59.232+0000] {processor.py:826} INFO - Processing file /home/airflow/.local/lib/python3.7/site-packages/airflow/example_dags/example_xcom.py for tasks to queue
[2024-03-30T08:22:59.233+0000] {logging_mixin.py:149} INFO - [2024-03-30T08:22:59.233+0000] {dagbag.py:541} INFO - Filling up the DagBag from /home/airflow/.local/lib/python3.7/site-packages/airflow/example_dags/example_xcom.py
[2024-03-30T08:22:59.239+0000] {processor.py:836} INFO - DAG(s) dict_keys(['example_xcom']) retrieved from /home/airflow/.local/lib/python3.7/site-packages/airflow/example_dags/example_xcom.py
[2024-03-30T08:22:59.286+0000] {logging_mixin.py:149} INFO - [2024-03-30T08:22:59.286+0000] {dag.py:2726} INFO - Sync 1 DAGs
[2024-03-30T08:22:59.314+0000] {logging_mixin.py:149} INFO - [2024-03-30T08:22:59.314+0000] {dag.py:3490} INFO - Setting next_dagrun for example_xcom to 2021-01-01T00:00:00+00:00, run_after=2021-01-01T00:00:00+00:00
[2024-03-30T08:22:59.356+0000] {processor.py:179} INFO - Processing /home/airflow/.local/lib/python3.7/site-packages/airflow/example_dags/example_xcom.py took 0.128 seconds
[2024-03-30T08:23:30.396+0000] {processor.py:157} INFO - Started process (PID=363) to work on /home/airflow/.local/lib/python3.7/site-packages/airflow/example_dags/example_xcom.py
[2024-03-30T08:23:30.396+0000] {processor.py:826} INFO - Processing file /home/airflow/.local/lib/python3.7/site-packages/airflow/example_dags/example_xcom.py for tasks to queue
[2024-03-30T08:23:30.397+0000] {logging_mixin.py:149} INFO - [2024-03-30T08:23:30.397+0000] {dagbag.py:541} INFO - Filling up the DagBag from /home/airflow/.local/lib/python3.7/site-packages/airflow/example_dags/example_xcom.py
[2024-03-30T08:23:30.405+0000] {processor.py:836} INFO - DAG(s) dict_keys(['example_xcom']) retrieved from /home/airflow/.local/lib/python3.7/site-packages/airflow/example_dags/example_xcom.py
[2024-03-30T08:23:30.456+0000] {logging_mixin.py:149} INFO - [2024-03-30T08:23:30.456+0000] {dag.py:2726} INFO - Sync 1 DAGs
[2024-03-30T08:23:30.492+0000] {logging_mixin.py:149} INFO - [2024-03-30T08:23:30.492+0000] {dag.py:3490} INFO - Setting next_dagrun for example_xcom to 2021-01-01T00:00:00+00:00, run_after=2021-01-01T00:00:00+00:00
[2024-03-30T08:23:30.533+0000] {processor.py:179} INFO - Processing /home/airflow/.local/lib/python3.7/site-packages/airflow/example_dags/example_xcom.py took 0.143 seconds
[2024-03-30T08:24:01.243+0000] {processor.py:157} INFO - Started process (PID=423) to work on /home/airflow/.local/lib/python3.7/site-packages/airflow/example_dags/example_xcom.py
[2024-03-30T08:24:01.245+0000] {processor.py:826} INFO - Processing file /home/airflow/.local/lib/python3.7/site-packages/airflow/example_dags/example_xcom.py for tasks to queue
[2024-03-30T08:24:01.245+0000] {logging_mixin.py:149} INFO - [2024-03-30T08:24:01.245+0000] {dagbag.py:541} INFO - Filling up the DagBag from /home/airflow/.local/lib/python3.7/site-packages/airflow/example_dags/example_xcom.py
[2024-03-30T08:24:01.254+0000] {processor.py:836} INFO - DAG(s) dict_keys(['example_xcom']) retrieved from /home/airflow/.local/lib/python3.7/site-packages/airflow/example_dags/example_xcom.py
[2024-03-30T08:24:01.299+0000] {logging_mixin.py:149} INFO - [2024-03-30T08:24:01.299+0000] {dag.py:2726} INFO - Sync 1 DAGs
[2024-03-30T08:24:01.345+0000] {logging_mixin.py:149} INFO - [2024-03-30T08:24:01.345+0000] {dag.py:3490} INFO - Setting next_dagrun for example_xcom to 2021-01-01T00:00:00+00:00, run_after=2021-01-01T00:00:00+00:00
[2024-03-30T08:24:01.419+0000] {processor.py:179} INFO - Processing /home/airflow/.local/lib/python3.7/site-packages/airflow/example_dags/example_xcom.py took 0.180 seconds
[2024-03-30T08:24:31.961+0000] {processor.py:157} INFO - Started process (PID=484) to work on /home/airflow/.local/lib/python3.7/site-packages/airflow/example_dags/example_xcom.py
[2024-03-30T08:24:31.961+0000] {processor.py:826} INFO - Processing file /home/airflow/.local/lib/python3.7/site-packages/airflow/example_dags/example_xcom.py for tasks to queue
[2024-03-30T08:24:31.962+0000] {logging_mixin.py:149} INFO - [2024-03-30T08:24:31.962+0000] {dagbag.py:541} INFO - Filling up the DagBag from /home/airflow/.local/lib/python3.7/site-packages/airflow/example_dags/example_xcom.py
[2024-03-30T08:24:31.970+0000] {processor.py:836} INFO - DAG(s) dict_keys(['example_xcom']) retrieved from /home/airflow/.local/lib/python3.7/site-packages/airflow/example_dags/example_xcom.py
[2024-03-30T08:24:32.017+0000] {logging_mixin.py:149} INFO - [2024-03-30T08:24:32.016+0000] {dag.py:2726} INFO - Sync 1 DAGs
[2024-03-30T08:24:32.049+0000] {logging_mixin.py:149} INFO - [2024-03-30T08:24:32.049+0000] {dag.py:3490} INFO - Setting next_dagrun for example_xcom to 2021-01-01T00:00:00+00:00, run_after=2021-01-01T00:00:00+00:00
[2024-03-30T08:24:32.093+0000] {processor.py:179} INFO - Processing /home/airflow/.local/lib/python3.7/site-packages/airflow/example_dags/example_xcom.py took 0.136 seconds
[2024-03-30T08:25:02.909+0000] {processor.py:157} INFO - Started process (PID=545) to work on /home/airflow/.local/lib/python3.7/site-packages/airflow/example_dags/example_xcom.py
[2024-03-30T08:25:02.910+0000] {processor.py:826} INFO - Processing file /home/airflow/.local/lib/python3.7/site-packages/airflow/example_dags/example_xcom.py for tasks to queue
[2024-03-30T08:25:02.912+0000] {logging_mixin.py:149} INFO - [2024-03-30T08:25:02.911+0000] {dagbag.py:541} INFO - Filling up the DagBag from /home/airflow/.local/lib/python3.7/site-packages/airflow/example_dags/example_xcom.py
[2024-03-30T08:25:02.920+0000] {processor.py:836} INFO - DAG(s) dict_keys(['example_xcom']) retrieved from /home/airflow/.local/lib/python3.7/site-packages/airflow/example_dags/example_xcom.py
[2024-03-30T08:25:02.969+0000] {logging_mixin.py:149} INFO - [2024-03-30T08:25:02.968+0000] {dag.py:2726} INFO - Sync 1 DAGs
[2024-03-30T08:25:03.003+0000] {logging_mixin.py:149} INFO - [2024-03-30T08:25:03.003+0000] {dag.py:3490} INFO - Setting next_dagrun for example_xcom to 2021-01-01T00:00:00+00:00, run_after=2021-01-01T00:00:00+00:00
[2024-03-30T08:25:03.050+0000] {processor.py:179} INFO - Processing /home/airflow/.local/lib/python3.7/site-packages/airflow/example_dags/example_xcom.py took 0.146 seconds
[2024-03-30T08:25:33.086+0000] {processor.py:157} INFO - Started process (PID=605) to work on /home/airflow/.local/lib/python3.7/site-packages/airflow/example_dags/example_xcom.py
[2024-03-30T08:25:33.086+0000] {processor.py:826} INFO - Processing file /home/airflow/.local/lib/python3.7/site-packages/airflow/example_dags/example_xcom.py for tasks to queue
[2024-03-30T08:25:33.087+0000] {logging_mixin.py:149} INFO - [2024-03-30T08:25:33.087+0000] {dagbag.py:541} INFO - Filling up the DagBag from /home/airflow/.local/lib/python3.7/site-packages/airflow/example_dags/example_xcom.py
[2024-03-30T08:25:33.095+0000] {processor.py:836} INFO - DAG(s) dict_keys(['example_xcom']) retrieved from /home/airflow/.local/lib/python3.7/site-packages/airflow/example_dags/example_xcom.py
[2024-03-30T08:25:33.134+0000] {logging_mixin.py:149} INFO - [2024-03-30T08:25:33.134+0000] {dag.py:2726} INFO - Sync 1 DAGs
[2024-03-30T08:25:33.157+0000] {logging_mixin.py:149} INFO - [2024-03-30T08:25:33.157+0000] {dag.py:3490} INFO - Setting next_dagrun for example_xcom to 2021-01-01T00:00:00+00:00, run_after=2021-01-01T00:00:00+00:00
[2024-03-30T08:25:33.198+0000] {processor.py:179} INFO - Processing /home/airflow/.local/lib/python3.7/site-packages/airflow/example_dags/example_xcom.py took 0.115 seconds
[2024-03-30T08:26:03.446+0000] {processor.py:157} INFO - Started process (PID=667) to work on /home/airflow/.local/lib/python3.7/site-packages/airflow/example_dags/example_xcom.py
[2024-03-30T08:26:03.448+0000] {processor.py:826} INFO - Processing file /home/airflow/.local/lib/python3.7/site-packages/airflow/example_dags/example_xcom.py for tasks to queue
[2024-03-30T08:26:03.448+0000] {logging_mixin.py:149} INFO - [2024-03-30T08:26:03.448+0000] {dagbag.py:541} INFO - Filling up the DagBag from /home/airflow/.local/lib/python3.7/site-packages/airflow/example_dags/example_xcom.py
[2024-03-30T08:26:03.454+0000] {processor.py:836} INFO - DAG(s) dict_keys(['example_xcom']) retrieved from /home/airflow/.local/lib/python3.7/site-packages/airflow/example_dags/example_xcom.py
[2024-03-30T08:26:03.509+0000] {logging_mixin.py:149} INFO - [2024-03-30T08:26:03.509+0000] {dag.py:2726} INFO - Sync 1 DAGs
[2024-03-30T08:26:03.543+0000] {logging_mixin.py:149} INFO - [2024-03-30T08:26:03.543+0000] {dag.py:3490} INFO - Setting next_dagrun for example_xcom to 2021-01-01T00:00:00+00:00, run_after=2021-01-01T00:00:00+00:00
[2024-03-30T08:26:03.586+0000] {processor.py:179} INFO - Processing /home/airflow/.local/lib/python3.7/site-packages/airflow/example_dags/example_xcom.py took 0.143 seconds
[2024-03-30T08:26:33.787+0000] {processor.py:157} INFO - Started process (PID=728) to work on /home/airflow/.local/lib/python3.7/site-packages/airflow/example_dags/example_xcom.py
[2024-03-30T08:26:33.788+0000] {processor.py:826} INFO - Processing file /home/airflow/.local/lib/python3.7/site-packages/airflow/example_dags/example_xcom.py for tasks to queue
[2024-03-30T08:26:33.789+0000] {logging_mixin.py:149} INFO - [2024-03-30T08:26:33.789+0000] {dagbag.py:541} INFO - Filling up the DagBag from /home/airflow/.local/lib/python3.7/site-packages/airflow/example_dags/example_xcom.py
[2024-03-30T08:26:33.796+0000] {processor.py:836} INFO - DAG(s) dict_keys(['example_xcom']) retrieved from /home/airflow/.local/lib/python3.7/site-packages/airflow/example_dags/example_xcom.py
[2024-03-30T08:26:33.844+0000] {logging_mixin.py:149} INFO - [2024-03-30T08:26:33.843+0000] {dag.py:2726} INFO - Sync 1 DAGs
[2024-03-30T08:26:33.877+0000] {logging_mixin.py:149} INFO - [2024-03-30T08:26:33.877+0000] {dag.py:3490} INFO - Setting next_dagrun for example_xcom to 2021-01-01T00:00:00+00:00, run_after=2021-01-01T00:00:00+00:00
[2024-03-30T08:26:33.919+0000] {processor.py:179} INFO - Processing /home/airflow/.local/lib/python3.7/site-packages/airflow/example_dags/example_xcom.py took 0.135 seconds
[2024-03-30T08:27:04.038+0000] {processor.py:157} INFO - Started process (PID=789) to work on /home/airflow/.local/lib/python3.7/site-packages/airflow/example_dags/example_xcom.py
[2024-03-30T08:27:04.040+0000] {processor.py:826} INFO - Processing file /home/airflow/.local/lib/python3.7/site-packages/airflow/example_dags/example_xcom.py for tasks to queue
[2024-03-30T08:27:04.041+0000] {logging_mixin.py:149} INFO - [2024-03-30T08:27:04.040+0000] {dagbag.py:541} INFO - Filling up the DagBag from /home/airflow/.local/lib/python3.7/site-packages/airflow/example_dags/example_xcom.py
[2024-03-30T08:27:04.054+0000] {processor.py:836} INFO - DAG(s) dict_keys(['example_xcom']) retrieved from /home/airflow/.local/lib/python3.7/site-packages/airflow/example_dags/example_xcom.py
[2024-03-30T08:27:04.118+0000] {logging_mixin.py:149} INFO - [2024-03-30T08:27:04.117+0000] {dag.py:2726} INFO - Sync 1 DAGs
[2024-03-30T08:27:04.166+0000] {logging_mixin.py:149} INFO - [2024-03-30T08:27:04.166+0000] {dag.py:3490} INFO - Setting next_dagrun for example_xcom to 2021-01-01T00:00:00+00:00, run_after=2021-01-01T00:00:00+00:00
[2024-03-30T08:27:04.222+0000] {processor.py:179} INFO - Processing /home/airflow/.local/lib/python3.7/site-packages/airflow/example_dags/example_xcom.py took 0.189 seconds
[2024-03-30T08:27:34.566+0000] {processor.py:157} INFO - Started process (PID=849) to work on /home/airflow/.local/lib/python3.7/site-packages/airflow/example_dags/example_xcom.py
[2024-03-30T08:27:34.567+0000] {processor.py:826} INFO - Processing file /home/airflow/.local/lib/python3.7/site-packages/airflow/example_dags/example_xcom.py for tasks to queue
[2024-03-30T08:27:34.568+0000] {logging_mixin.py:149} INFO - [2024-03-30T08:27:34.568+0000] {dagbag.py:541} INFO - Filling up the DagBag from /home/airflow/.local/lib/python3.7/site-packages/airflow/example_dags/example_xcom.py
[2024-03-30T08:27:34.575+0000] {processor.py:836} INFO - DAG(s) dict_keys(['example_xcom']) retrieved from /home/airflow/.local/lib/python3.7/site-packages/airflow/example_dags/example_xcom.py
[2024-03-30T08:27:34.629+0000] {logging_mixin.py:149} INFO - [2024-03-30T08:27:34.629+0000] {dag.py:2726} INFO - Sync 1 DAGs
[2024-03-30T08:27:34.661+0000] {logging_mixin.py:149} INFO - [2024-03-30T08:27:34.660+0000] {dag.py:3490} INFO - Setting next_dagrun for example_xcom to 2021-01-01T00:00:00+00:00, run_after=2021-01-01T00:00:00+00:00
[2024-03-30T08:27:34.702+0000] {processor.py:179} INFO - Processing /home/airflow/.local/lib/python3.7/site-packages/airflow/example_dags/example_xcom.py took 0.144 seconds
[2024-03-30T08:28:04.910+0000] {processor.py:157} INFO - Started process (PID=910) to work on /home/airflow/.local/lib/python3.7/site-packages/airflow/example_dags/example_xcom.py
[2024-03-30T08:28:04.911+0000] {processor.py:826} INFO - Processing file /home/airflow/.local/lib/python3.7/site-packages/airflow/example_dags/example_xcom.py for tasks to queue
[2024-03-30T08:28:04.912+0000] {logging_mixin.py:149} INFO - [2024-03-30T08:28:04.912+0000] {dagbag.py:541} INFO - Filling up the DagBag from /home/airflow/.local/lib/python3.7/site-packages/airflow/example_dags/example_xcom.py
[2024-03-30T08:28:04.919+0000] {processor.py:836} INFO - DAG(s) dict_keys(['example_xcom']) retrieved from /home/airflow/.local/lib/python3.7/site-packages/airflow/example_dags/example_xcom.py
[2024-03-30T08:28:04.965+0000] {logging_mixin.py:149} INFO - [2024-03-30T08:28:04.965+0000] {dag.py:2726} INFO - Sync 1 DAGs
[2024-03-30T08:28:04.995+0000] {logging_mixin.py:149} INFO - [2024-03-30T08:28:04.995+0000] {dag.py:3490} INFO - Setting next_dagrun for example_xcom to 2021-01-01T00:00:00+00:00, run_after=2021-01-01T00:00:00+00:00
[2024-03-30T08:28:05.041+0000] {processor.py:179} INFO - Processing /home/airflow/.local/lib/python3.7/site-packages/airflow/example_dags/example_xcom.py took 0.134 seconds
[2024-03-30T08:28:35.464+0000] {processor.py:157} INFO - Started process (PID=971) to work on /home/airflow/.local/lib/python3.7/site-packages/airflow/example_dags/example_xcom.py
[2024-03-30T08:28:35.465+0000] {processor.py:826} INFO - Processing file /home/airflow/.local/lib/python3.7/site-packages/airflow/example_dags/example_xcom.py for tasks to queue
[2024-03-30T08:28:35.466+0000] {logging_mixin.py:149} INFO - [2024-03-30T08:28:35.466+0000] {dagbag.py:541} INFO - Filling up the DagBag from /home/airflow/.local/lib/python3.7/site-packages/airflow/example_dags/example_xcom.py
[2024-03-30T08:28:35.475+0000] {processor.py:836} INFO - DAG(s) dict_keys(['example_xcom']) retrieved from /home/airflow/.local/lib/python3.7/site-packages/airflow/example_dags/example_xcom.py
[2024-03-30T08:28:35.527+0000] {logging_mixin.py:149} INFO - [2024-03-30T08:28:35.527+0000] {dag.py:2726} INFO - Sync 1 DAGs
[2024-03-30T08:28:35.608+0000] {logging_mixin.py:149} INFO - [2024-03-30T08:28:35.607+0000] {dag.py:3490} INFO - Setting next_dagrun for example_xcom to 2021-01-01T00:00:00+00:00, run_after=2021-01-01T00:00:00+00:00
[2024-03-30T08:28:35.644+0000] {processor.py:179} INFO - Processing /home/airflow/.local/lib/python3.7/site-packages/airflow/example_dags/example_xcom.py took 0.184 seconds
