[2024-03-30T06:15:32.274+0000] {processor.py:157} INFO - Started process (PID=40) to work on /home/airflow/.local/lib/python3.7/site-packages/airflow/example_dags/example_short_circuit_operator.py
[2024-03-30T06:15:32.275+0000] {processor.py:826} INFO - Processing file /home/airflow/.local/lib/python3.7/site-packages/airflow/example_dags/example_short_circuit_operator.py for tasks to queue
[2024-03-30T06:15:32.276+0000] {logging_mixin.py:149} INFO - [2024-03-30T06:15:32.276+0000] {dagbag.py:541} INFO - Filling up the DagBag from /home/airflow/.local/lib/python3.7/site-packages/airflow/example_dags/example_short_circuit_operator.py
[2024-03-30T06:15:32.287+0000] {processor.py:836} INFO - DAG(s) dict_keys(['example_short_circuit_operator']) retrieved from /home/airflow/.local/lib/python3.7/site-packages/airflow/example_dags/example_short_circuit_operator.py
[2024-03-30T06:15:32.316+0000] {logging_mixin.py:149} INFO - [2024-03-30T06:15:32.316+0000] {dag.py:2726} INFO - Sync 1 DAGs
[2024-03-30T06:15:32.343+0000] {logging_mixin.py:149} INFO - [2024-03-30T06:15:32.343+0000] {dag.py:3490} INFO - Setting next_dagrun for example_short_circuit_operator to 2024-03-29T06:15:32.343363+00:00, run_after=2024-03-30T06:15:32.343363+00:00
[2024-03-30T06:15:32.382+0000] {processor.py:179} INFO - Processing /home/airflow/.local/lib/python3.7/site-packages/airflow/example_dags/example_short_circuit_operator.py took 0.111 seconds
[2024-03-30T06:16:02.894+0000] {processor.py:157} INFO - Started process (PID=99) to work on /home/airflow/.local/lib/python3.7/site-packages/airflow/example_dags/example_short_circuit_operator.py
[2024-03-30T06:16:02.895+0000] {processor.py:826} INFO - Processing file /home/airflow/.local/lib/python3.7/site-packages/airflow/example_dags/example_short_circuit_operator.py for tasks to queue
[2024-03-30T06:16:02.896+0000] {logging_mixin.py:149} INFO - [2024-03-30T06:16:02.895+0000] {dagbag.py:541} INFO - Filling up the DagBag from /home/airflow/.local/lib/python3.7/site-packages/airflow/example_dags/example_short_circuit_operator.py
[2024-03-30T06:16:02.902+0000] {processor.py:836} INFO - DAG(s) dict_keys(['example_short_circuit_operator']) retrieved from /home/airflow/.local/lib/python3.7/site-packages/airflow/example_dags/example_short_circuit_operator.py
[2024-03-30T06:16:02.940+0000] {logging_mixin.py:149} INFO - [2024-03-30T06:16:02.939+0000] {dag.py:2726} INFO - Sync 1 DAGs
[2024-03-30T06:16:02.965+0000] {logging_mixin.py:149} INFO - [2024-03-30T06:16:02.964+0000] {dag.py:3490} INFO - Setting next_dagrun for example_short_circuit_operator to 2024-03-29T06:16:02.964656+00:00, run_after=2024-03-30T06:16:02.964656+00:00
[2024-03-30T06:16:02.999+0000] {processor.py:179} INFO - Processing /home/airflow/.local/lib/python3.7/site-packages/airflow/example_dags/example_short_circuit_operator.py took 0.107 seconds
[2024-03-30T06:16:33.565+0000] {processor.py:157} INFO - Started process (PID=159) to work on /home/airflow/.local/lib/python3.7/site-packages/airflow/example_dags/example_short_circuit_operator.py
[2024-03-30T06:16:33.566+0000] {processor.py:826} INFO - Processing file /home/airflow/.local/lib/python3.7/site-packages/airflow/example_dags/example_short_circuit_operator.py for tasks to queue
[2024-03-30T06:16:33.567+0000] {logging_mixin.py:149} INFO - [2024-03-30T06:16:33.567+0000] {dagbag.py:541} INFO - Filling up the DagBag from /home/airflow/.local/lib/python3.7/site-packages/airflow/example_dags/example_short_circuit_operator.py
[2024-03-30T06:16:33.573+0000] {processor.py:836} INFO - DAG(s) dict_keys(['example_short_circuit_operator']) retrieved from /home/airflow/.local/lib/python3.7/site-packages/airflow/example_dags/example_short_circuit_operator.py
[2024-03-30T06:16:33.612+0000] {logging_mixin.py:149} INFO - [2024-03-30T06:16:33.612+0000] {dag.py:2726} INFO - Sync 1 DAGs
[2024-03-30T06:16:33.634+0000] {logging_mixin.py:149} INFO - [2024-03-30T06:16:33.634+0000] {dag.py:3490} INFO - Setting next_dagrun for example_short_circuit_operator to 2024-03-29T06:16:33.634381+00:00, run_after=2024-03-30T06:16:33.634381+00:00
[2024-03-30T06:16:33.670+0000] {processor.py:179} INFO - Processing /home/airflow/.local/lib/python3.7/site-packages/airflow/example_dags/example_short_circuit_operator.py took 0.108 seconds
[2024-03-30T06:17:03.797+0000] {processor.py:157} INFO - Started process (PID=219) to work on /home/airflow/.local/lib/python3.7/site-packages/airflow/example_dags/example_short_circuit_operator.py
[2024-03-30T06:17:03.798+0000] {processor.py:826} INFO - Processing file /home/airflow/.local/lib/python3.7/site-packages/airflow/example_dags/example_short_circuit_operator.py for tasks to queue
[2024-03-30T06:17:03.798+0000] {logging_mixin.py:149} INFO - [2024-03-30T06:17:03.798+0000] {dagbag.py:541} INFO - Filling up the DagBag from /home/airflow/.local/lib/python3.7/site-packages/airflow/example_dags/example_short_circuit_operator.py
[2024-03-30T06:17:03.807+0000] {processor.py:836} INFO - DAG(s) dict_keys(['example_short_circuit_operator']) retrieved from /home/airflow/.local/lib/python3.7/site-packages/airflow/example_dags/example_short_circuit_operator.py
[2024-03-30T06:17:03.849+0000] {logging_mixin.py:149} INFO - [2024-03-30T06:17:03.849+0000] {dag.py:2726} INFO - Sync 1 DAGs
[2024-03-30T06:17:03.877+0000] {logging_mixin.py:149} INFO - [2024-03-30T06:17:03.877+0000] {dag.py:3490} INFO - Setting next_dagrun for example_short_circuit_operator to 2024-03-29T06:17:03.877203+00:00, run_after=2024-03-30T06:17:03.877203+00:00
[2024-03-30T06:17:03.915+0000] {processor.py:179} INFO - Processing /home/airflow/.local/lib/python3.7/site-packages/airflow/example_dags/example_short_circuit_operator.py took 0.121 seconds
[2024-03-30T06:17:34.329+0000] {processor.py:157} INFO - Started process (PID=279) to work on /home/airflow/.local/lib/python3.7/site-packages/airflow/example_dags/example_short_circuit_operator.py
[2024-03-30T06:17:34.330+0000] {processor.py:826} INFO - Processing file /home/airflow/.local/lib/python3.7/site-packages/airflow/example_dags/example_short_circuit_operator.py for tasks to queue
[2024-03-30T06:17:34.331+0000] {logging_mixin.py:149} INFO - [2024-03-30T06:17:34.331+0000] {dagbag.py:541} INFO - Filling up the DagBag from /home/airflow/.local/lib/python3.7/site-packages/airflow/example_dags/example_short_circuit_operator.py
[2024-03-30T06:17:34.337+0000] {processor.py:836} INFO - DAG(s) dict_keys(['example_short_circuit_operator']) retrieved from /home/airflow/.local/lib/python3.7/site-packages/airflow/example_dags/example_short_circuit_operator.py
[2024-03-30T06:17:34.377+0000] {logging_mixin.py:149} INFO - [2024-03-30T06:17:34.377+0000] {dag.py:2726} INFO - Sync 1 DAGs
[2024-03-30T06:17:34.401+0000] {logging_mixin.py:149} INFO - [2024-03-30T06:17:34.401+0000] {dag.py:3490} INFO - Setting next_dagrun for example_short_circuit_operator to 2024-03-29T06:17:34.401227+00:00, run_after=2024-03-30T06:17:34.401227+00:00
[2024-03-30T06:17:34.436+0000] {processor.py:179} INFO - Processing /home/airflow/.local/lib/python3.7/site-packages/airflow/example_dags/example_short_circuit_operator.py took 0.110 seconds
[2024-03-30T06:18:04.783+0000] {processor.py:157} INFO - Started process (PID=339) to work on /home/airflow/.local/lib/python3.7/site-packages/airflow/example_dags/example_short_circuit_operator.py
[2024-03-30T06:18:04.783+0000] {processor.py:826} INFO - Processing file /home/airflow/.local/lib/python3.7/site-packages/airflow/example_dags/example_short_circuit_operator.py for tasks to queue
[2024-03-30T06:18:04.784+0000] {logging_mixin.py:149} INFO - [2024-03-30T06:18:04.784+0000] {dagbag.py:541} INFO - Filling up the DagBag from /home/airflow/.local/lib/python3.7/site-packages/airflow/example_dags/example_short_circuit_operator.py
[2024-03-30T06:18:04.792+0000] {processor.py:836} INFO - DAG(s) dict_keys(['example_short_circuit_operator']) retrieved from /home/airflow/.local/lib/python3.7/site-packages/airflow/example_dags/example_short_circuit_operator.py
[2024-03-30T06:18:04.834+0000] {logging_mixin.py:149} INFO - [2024-03-30T06:18:04.834+0000] {dag.py:2726} INFO - Sync 1 DAGs
[2024-03-30T06:18:04.862+0000] {logging_mixin.py:149} INFO - [2024-03-30T06:18:04.862+0000] {dag.py:3490} INFO - Setting next_dagrun for example_short_circuit_operator to 2024-03-29T06:18:04.862184+00:00, run_after=2024-03-30T06:18:04.862184+00:00
[2024-03-30T06:18:04.896+0000] {processor.py:179} INFO - Processing /home/airflow/.local/lib/python3.7/site-packages/airflow/example_dags/example_short_circuit_operator.py took 0.116 seconds
[2024-03-30T06:18:35.067+0000] {processor.py:157} INFO - Started process (PID=400) to work on /home/airflow/.local/lib/python3.7/site-packages/airflow/example_dags/example_short_circuit_operator.py
[2024-03-30T06:18:35.068+0000] {processor.py:826} INFO - Processing file /home/airflow/.local/lib/python3.7/site-packages/airflow/example_dags/example_short_circuit_operator.py for tasks to queue
[2024-03-30T06:18:35.069+0000] {logging_mixin.py:149} INFO - [2024-03-30T06:18:35.069+0000] {dagbag.py:541} INFO - Filling up the DagBag from /home/airflow/.local/lib/python3.7/site-packages/airflow/example_dags/example_short_circuit_operator.py
[2024-03-30T06:18:35.078+0000] {processor.py:836} INFO - DAG(s) dict_keys(['example_short_circuit_operator']) retrieved from /home/airflow/.local/lib/python3.7/site-packages/airflow/example_dags/example_short_circuit_operator.py
[2024-03-30T06:18:35.123+0000] {logging_mixin.py:149} INFO - [2024-03-30T06:18:35.122+0000] {dag.py:2726} INFO - Sync 1 DAGs
[2024-03-30T06:18:35.149+0000] {logging_mixin.py:149} INFO - [2024-03-30T06:18:35.149+0000] {dag.py:3490} INFO - Setting next_dagrun for example_short_circuit_operator to 2024-03-29T06:18:35.149343+00:00, run_after=2024-03-30T06:18:35.149343+00:00
[2024-03-30T06:18:35.187+0000] {processor.py:179} INFO - Processing /home/airflow/.local/lib/python3.7/site-packages/airflow/example_dags/example_short_circuit_operator.py took 0.123 seconds
[2024-03-30T06:19:05.418+0000] {processor.py:157} INFO - Started process (PID=460) to work on /home/airflow/.local/lib/python3.7/site-packages/airflow/example_dags/example_short_circuit_operator.py
[2024-03-30T06:19:05.419+0000] {processor.py:826} INFO - Processing file /home/airflow/.local/lib/python3.7/site-packages/airflow/example_dags/example_short_circuit_operator.py for tasks to queue
[2024-03-30T06:19:05.419+0000] {logging_mixin.py:149} INFO - [2024-03-30T06:19:05.419+0000] {dagbag.py:541} INFO - Filling up the DagBag from /home/airflow/.local/lib/python3.7/site-packages/airflow/example_dags/example_short_circuit_operator.py
[2024-03-30T06:19:05.427+0000] {processor.py:836} INFO - DAG(s) dict_keys(['example_short_circuit_operator']) retrieved from /home/airflow/.local/lib/python3.7/site-packages/airflow/example_dags/example_short_circuit_operator.py
[2024-03-30T06:19:05.470+0000] {logging_mixin.py:149} INFO - [2024-03-30T06:19:05.470+0000] {dag.py:2726} INFO - Sync 1 DAGs
[2024-03-30T06:19:05.499+0000] {logging_mixin.py:149} INFO - [2024-03-30T06:19:05.499+0000] {dag.py:3490} INFO - Setting next_dagrun for example_short_circuit_operator to 2024-03-29T06:19:05.498832+00:00, run_after=2024-03-30T06:19:05.498832+00:00
[2024-03-30T06:19:05.532+0000] {processor.py:179} INFO - Processing /home/airflow/.local/lib/python3.7/site-packages/airflow/example_dags/example_short_circuit_operator.py took 0.117 seconds
[2024-03-30T06:19:36.486+0000] {processor.py:157} INFO - Started process (PID=520) to work on /home/airflow/.local/lib/python3.7/site-packages/airflow/example_dags/example_short_circuit_operator.py
[2024-03-30T06:19:36.488+0000] {processor.py:826} INFO - Processing file /home/airflow/.local/lib/python3.7/site-packages/airflow/example_dags/example_short_circuit_operator.py for tasks to queue
[2024-03-30T06:19:36.490+0000] {logging_mixin.py:149} INFO - [2024-03-30T06:19:36.489+0000] {dagbag.py:541} INFO - Filling up the DagBag from /home/airflow/.local/lib/python3.7/site-packages/airflow/example_dags/example_short_circuit_operator.py
[2024-03-30T06:19:36.506+0000] {processor.py:836} INFO - DAG(s) dict_keys(['example_short_circuit_operator']) retrieved from /home/airflow/.local/lib/python3.7/site-packages/airflow/example_dags/example_short_circuit_operator.py
[2024-03-30T06:19:36.556+0000] {logging_mixin.py:149} INFO - [2024-03-30T06:19:36.555+0000] {dag.py:2726} INFO - Sync 1 DAGs
[2024-03-30T06:19:36.589+0000] {logging_mixin.py:149} INFO - [2024-03-30T06:19:36.589+0000] {dag.py:3490} INFO - Setting next_dagrun for example_short_circuit_operator to 2024-03-29T06:19:36.589166+00:00, run_after=2024-03-30T06:19:36.589166+00:00
[2024-03-30T06:19:36.636+0000] {processor.py:179} INFO - Processing /home/airflow/.local/lib/python3.7/site-packages/airflow/example_dags/example_short_circuit_operator.py took 0.154 seconds
[2024-03-30T06:20:07.637+0000] {processor.py:157} INFO - Started process (PID=580) to work on /home/airflow/.local/lib/python3.7/site-packages/airflow/example_dags/example_short_circuit_operator.py
[2024-03-30T06:20:07.638+0000] {processor.py:826} INFO - Processing file /home/airflow/.local/lib/python3.7/site-packages/airflow/example_dags/example_short_circuit_operator.py for tasks to queue
[2024-03-30T06:20:07.639+0000] {logging_mixin.py:149} INFO - [2024-03-30T06:20:07.638+0000] {dagbag.py:541} INFO - Filling up the DagBag from /home/airflow/.local/lib/python3.7/site-packages/airflow/example_dags/example_short_circuit_operator.py
[2024-03-30T06:20:07.645+0000] {processor.py:836} INFO - DAG(s) dict_keys(['example_short_circuit_operator']) retrieved from /home/airflow/.local/lib/python3.7/site-packages/airflow/example_dags/example_short_circuit_operator.py
[2024-03-30T06:20:07.687+0000] {logging_mixin.py:149} INFO - [2024-03-30T06:20:07.687+0000] {dag.py:2726} INFO - Sync 1 DAGs
[2024-03-30T06:20:07.713+0000] {logging_mixin.py:149} INFO - [2024-03-30T06:20:07.713+0000] {dag.py:3490} INFO - Setting next_dagrun for example_short_circuit_operator to 2024-03-29T06:20:07.712891+00:00, run_after=2024-03-30T06:20:07.712891+00:00
[2024-03-30T06:20:07.745+0000] {processor.py:179} INFO - Processing /home/airflow/.local/lib/python3.7/site-packages/airflow/example_dags/example_short_circuit_operator.py took 0.112 seconds
[2024-03-30T06:20:38.287+0000] {processor.py:157} INFO - Started process (PID=641) to work on /home/airflow/.local/lib/python3.7/site-packages/airflow/example_dags/example_short_circuit_operator.py
[2024-03-30T06:20:38.288+0000] {processor.py:826} INFO - Processing file /home/airflow/.local/lib/python3.7/site-packages/airflow/example_dags/example_short_circuit_operator.py for tasks to queue
[2024-03-30T06:20:38.288+0000] {logging_mixin.py:149} INFO - [2024-03-30T06:20:38.288+0000] {dagbag.py:541} INFO - Filling up the DagBag from /home/airflow/.local/lib/python3.7/site-packages/airflow/example_dags/example_short_circuit_operator.py
[2024-03-30T06:20:38.296+0000] {processor.py:836} INFO - DAG(s) dict_keys(['example_short_circuit_operator']) retrieved from /home/airflow/.local/lib/python3.7/site-packages/airflow/example_dags/example_short_circuit_operator.py
[2024-03-30T06:20:38.334+0000] {logging_mixin.py:149} INFO - [2024-03-30T06:20:38.334+0000] {dag.py:2726} INFO - Sync 1 DAGs
[2024-03-30T06:20:38.360+0000] {logging_mixin.py:149} INFO - [2024-03-30T06:20:38.360+0000] {dag.py:3490} INFO - Setting next_dagrun for example_short_circuit_operator to 2024-03-29T06:20:38.360395+00:00, run_after=2024-03-30T06:20:38.360395+00:00
[2024-03-30T06:20:38.395+0000] {processor.py:179} INFO - Processing /home/airflow/.local/lib/python3.7/site-packages/airflow/example_dags/example_short_circuit_operator.py took 0.111 seconds
[2024-03-30T06:21:09.326+0000] {processor.py:157} INFO - Started process (PID=702) to work on /home/airflow/.local/lib/python3.7/site-packages/airflow/example_dags/example_short_circuit_operator.py
[2024-03-30T06:21:09.327+0000] {processor.py:826} INFO - Processing file /home/airflow/.local/lib/python3.7/site-packages/airflow/example_dags/example_short_circuit_operator.py for tasks to queue
[2024-03-30T06:21:09.327+0000] {logging_mixin.py:149} INFO - [2024-03-30T06:21:09.327+0000] {dagbag.py:541} INFO - Filling up the DagBag from /home/airflow/.local/lib/python3.7/site-packages/airflow/example_dags/example_short_circuit_operator.py
[2024-03-30T06:21:09.336+0000] {processor.py:836} INFO - DAG(s) dict_keys(['example_short_circuit_operator']) retrieved from /home/airflow/.local/lib/python3.7/site-packages/airflow/example_dags/example_short_circuit_operator.py
[2024-03-30T06:21:09.374+0000] {logging_mixin.py:149} INFO - [2024-03-30T06:21:09.373+0000] {dag.py:2726} INFO - Sync 1 DAGs
[2024-03-30T06:21:09.397+0000] {logging_mixin.py:149} INFO - [2024-03-30T06:21:09.396+0000] {dag.py:3490} INFO - Setting next_dagrun for example_short_circuit_operator to 2024-03-29T06:21:09.396635+00:00, run_after=2024-03-30T06:21:09.396635+00:00
[2024-03-30T06:21:09.430+0000] {processor.py:179} INFO - Processing /home/airflow/.local/lib/python3.7/site-packages/airflow/example_dags/example_short_circuit_operator.py took 0.107 seconds
[2024-03-30T06:21:39.970+0000] {processor.py:157} INFO - Started process (PID=763) to work on /home/airflow/.local/lib/python3.7/site-packages/airflow/example_dags/example_short_circuit_operator.py
[2024-03-30T06:21:39.972+0000] {processor.py:826} INFO - Processing file /home/airflow/.local/lib/python3.7/site-packages/airflow/example_dags/example_short_circuit_operator.py for tasks to queue
[2024-03-30T06:21:39.973+0000] {logging_mixin.py:149} INFO - [2024-03-30T06:21:39.973+0000] {dagbag.py:541} INFO - Filling up the DagBag from /home/airflow/.local/lib/python3.7/site-packages/airflow/example_dags/example_short_circuit_operator.py
[2024-03-30T06:21:39.993+0000] {processor.py:836} INFO - DAG(s) dict_keys(['example_short_circuit_operator']) retrieved from /home/airflow/.local/lib/python3.7/site-packages/airflow/example_dags/example_short_circuit_operator.py
[2024-03-30T06:21:40.151+0000] {logging_mixin.py:149} INFO - [2024-03-30T06:21:40.151+0000] {dag.py:2726} INFO - Sync 1 DAGs
[2024-03-30T06:21:40.209+0000] {logging_mixin.py:149} INFO - [2024-03-30T06:21:40.209+0000] {dag.py:3490} INFO - Setting next_dagrun for example_short_circuit_operator to 2024-03-29T06:21:40.208716+00:00, run_after=2024-03-30T06:21:40.208716+00:00
[2024-03-30T06:21:40.252+0000] {processor.py:179} INFO - Processing /home/airflow/.local/lib/python3.7/site-packages/airflow/example_dags/example_short_circuit_operator.py took 0.286 seconds
[2024-03-30T06:22:11.088+0000] {processor.py:157} INFO - Started process (PID=824) to work on /home/airflow/.local/lib/python3.7/site-packages/airflow/example_dags/example_short_circuit_operator.py
[2024-03-30T06:22:11.089+0000] {processor.py:826} INFO - Processing file /home/airflow/.local/lib/python3.7/site-packages/airflow/example_dags/example_short_circuit_operator.py for tasks to queue
[2024-03-30T06:22:11.090+0000] {logging_mixin.py:149} INFO - [2024-03-30T06:22:11.089+0000] {dagbag.py:541} INFO - Filling up the DagBag from /home/airflow/.local/lib/python3.7/site-packages/airflow/example_dags/example_short_circuit_operator.py
[2024-03-30T06:22:11.097+0000] {processor.py:836} INFO - DAG(s) dict_keys(['example_short_circuit_operator']) retrieved from /home/airflow/.local/lib/python3.7/site-packages/airflow/example_dags/example_short_circuit_operator.py
[2024-03-30T06:22:11.147+0000] {logging_mixin.py:149} INFO - [2024-03-30T06:22:11.147+0000] {dag.py:2726} INFO - Sync 1 DAGs
[2024-03-30T06:22:11.186+0000] {logging_mixin.py:149} INFO - [2024-03-30T06:22:11.185+0000] {dag.py:3490} INFO - Setting next_dagrun for example_short_circuit_operator to 2024-03-29T06:22:11.184840+00:00, run_after=2024-03-30T06:22:11.184840+00:00
[2024-03-30T06:22:11.230+0000] {processor.py:179} INFO - Processing /home/airflow/.local/lib/python3.7/site-packages/airflow/example_dags/example_short_circuit_operator.py took 0.144 seconds
[2024-03-30T06:22:41.792+0000] {processor.py:157} INFO - Started process (PID=886) to work on /home/airflow/.local/lib/python3.7/site-packages/airflow/example_dags/example_short_circuit_operator.py
[2024-03-30T06:22:41.793+0000] {processor.py:826} INFO - Processing file /home/airflow/.local/lib/python3.7/site-packages/airflow/example_dags/example_short_circuit_operator.py for tasks to queue
[2024-03-30T06:22:41.794+0000] {logging_mixin.py:149} INFO - [2024-03-30T06:22:41.793+0000] {dagbag.py:541} INFO - Filling up the DagBag from /home/airflow/.local/lib/python3.7/site-packages/airflow/example_dags/example_short_circuit_operator.py
[2024-03-30T06:22:41.801+0000] {processor.py:836} INFO - DAG(s) dict_keys(['example_short_circuit_operator']) retrieved from /home/airflow/.local/lib/python3.7/site-packages/airflow/example_dags/example_short_circuit_operator.py
[2024-03-30T06:22:41.841+0000] {logging_mixin.py:149} INFO - [2024-03-30T06:22:41.841+0000] {dag.py:2726} INFO - Sync 1 DAGs
[2024-03-30T06:22:41.865+0000] {logging_mixin.py:149} INFO - [2024-03-30T06:22:41.865+0000] {dag.py:3490} INFO - Setting next_dagrun for example_short_circuit_operator to 2024-03-29T06:22:41.864824+00:00, run_after=2024-03-30T06:22:41.864824+00:00
[2024-03-30T06:22:41.897+0000] {processor.py:179} INFO - Processing /home/airflow/.local/lib/python3.7/site-packages/airflow/example_dags/example_short_circuit_operator.py took 0.108 seconds
[2024-03-30T06:23:12.110+0000] {processor.py:157} INFO - Started process (PID=947) to work on /home/airflow/.local/lib/python3.7/site-packages/airflow/example_dags/example_short_circuit_operator.py
[2024-03-30T06:23:12.111+0000] {processor.py:826} INFO - Processing file /home/airflow/.local/lib/python3.7/site-packages/airflow/example_dags/example_short_circuit_operator.py for tasks to queue
[2024-03-30T06:23:12.112+0000] {logging_mixin.py:149} INFO - [2024-03-30T06:23:12.112+0000] {dagbag.py:541} INFO - Filling up the DagBag from /home/airflow/.local/lib/python3.7/site-packages/airflow/example_dags/example_short_circuit_operator.py
[2024-03-30T06:23:12.121+0000] {processor.py:836} INFO - DAG(s) dict_keys(['example_short_circuit_operator']) retrieved from /home/airflow/.local/lib/python3.7/site-packages/airflow/example_dags/example_short_circuit_operator.py
[2024-03-30T06:23:12.162+0000] {logging_mixin.py:149} INFO - [2024-03-30T06:23:12.161+0000] {dag.py:2726} INFO - Sync 1 DAGs
[2024-03-30T06:23:12.189+0000] {logging_mixin.py:149} INFO - [2024-03-30T06:23:12.189+0000] {dag.py:3490} INFO - Setting next_dagrun for example_short_circuit_operator to 2024-03-29T06:23:12.189141+00:00, run_after=2024-03-30T06:23:12.189141+00:00
[2024-03-30T06:23:12.227+0000] {processor.py:179} INFO - Processing /home/airflow/.local/lib/python3.7/site-packages/airflow/example_dags/example_short_circuit_operator.py took 0.120 seconds
[2024-03-30T06:23:42.439+0000] {processor.py:157} INFO - Started process (PID=1008) to work on /home/airflow/.local/lib/python3.7/site-packages/airflow/example_dags/example_short_circuit_operator.py
[2024-03-30T06:23:42.440+0000] {processor.py:826} INFO - Processing file /home/airflow/.local/lib/python3.7/site-packages/airflow/example_dags/example_short_circuit_operator.py for tasks to queue
[2024-03-30T06:23:42.440+0000] {logging_mixin.py:149} INFO - [2024-03-30T06:23:42.440+0000] {dagbag.py:541} INFO - Filling up the DagBag from /home/airflow/.local/lib/python3.7/site-packages/airflow/example_dags/example_short_circuit_operator.py
[2024-03-30T06:23:42.448+0000] {processor.py:836} INFO - DAG(s) dict_keys(['example_short_circuit_operator']) retrieved from /home/airflow/.local/lib/python3.7/site-packages/airflow/example_dags/example_short_circuit_operator.py
[2024-03-30T06:23:42.485+0000] {logging_mixin.py:149} INFO - [2024-03-30T06:23:42.485+0000] {dag.py:2726} INFO - Sync 1 DAGs
[2024-03-30T06:23:42.510+0000] {logging_mixin.py:149} INFO - [2024-03-30T06:23:42.510+0000] {dag.py:3490} INFO - Setting next_dagrun for example_short_circuit_operator to 2024-03-29T06:23:42.510408+00:00, run_after=2024-03-30T06:23:42.510408+00:00
[2024-03-30T06:23:42.543+0000] {processor.py:179} INFO - Processing /home/airflow/.local/lib/python3.7/site-packages/airflow/example_dags/example_short_circuit_operator.py took 0.107 seconds
[2024-03-30T06:24:12.840+0000] {processor.py:157} INFO - Started process (PID=1069) to work on /home/airflow/.local/lib/python3.7/site-packages/airflow/example_dags/example_short_circuit_operator.py
[2024-03-30T06:24:12.840+0000] {processor.py:826} INFO - Processing file /home/airflow/.local/lib/python3.7/site-packages/airflow/example_dags/example_short_circuit_operator.py for tasks to queue
[2024-03-30T06:24:12.841+0000] {logging_mixin.py:149} INFO - [2024-03-30T06:24:12.841+0000] {dagbag.py:541} INFO - Filling up the DagBag from /home/airflow/.local/lib/python3.7/site-packages/airflow/example_dags/example_short_circuit_operator.py
[2024-03-30T06:24:12.850+0000] {processor.py:836} INFO - DAG(s) dict_keys(['example_short_circuit_operator']) retrieved from /home/airflow/.local/lib/python3.7/site-packages/airflow/example_dags/example_short_circuit_operator.py
[2024-03-30T06:24:12.893+0000] {logging_mixin.py:149} INFO - [2024-03-30T06:24:12.893+0000] {dag.py:2726} INFO - Sync 1 DAGs
[2024-03-30T06:24:12.961+0000] {logging_mixin.py:149} INFO - [2024-03-30T06:24:12.961+0000] {dag.py:3490} INFO - Setting next_dagrun for example_short_circuit_operator to 2024-03-29T06:24:12.961431+00:00, run_after=2024-03-30T06:24:12.961431+00:00
[2024-03-30T06:24:12.993+0000] {processor.py:179} INFO - Processing /home/airflow/.local/lib/python3.7/site-packages/airflow/example_dags/example_short_circuit_operator.py took 0.158 seconds
[2024-03-30T06:24:43.246+0000] {processor.py:157} INFO - Started process (PID=1130) to work on /home/airflow/.local/lib/python3.7/site-packages/airflow/example_dags/example_short_circuit_operator.py
[2024-03-30T06:24:43.247+0000] {processor.py:826} INFO - Processing file /home/airflow/.local/lib/python3.7/site-packages/airflow/example_dags/example_short_circuit_operator.py for tasks to queue
[2024-03-30T06:24:43.247+0000] {logging_mixin.py:149} INFO - [2024-03-30T06:24:43.247+0000] {dagbag.py:541} INFO - Filling up the DagBag from /home/airflow/.local/lib/python3.7/site-packages/airflow/example_dags/example_short_circuit_operator.py
[2024-03-30T06:24:43.254+0000] {processor.py:836} INFO - DAG(s) dict_keys(['example_short_circuit_operator']) retrieved from /home/airflow/.local/lib/python3.7/site-packages/airflow/example_dags/example_short_circuit_operator.py
[2024-03-30T06:24:43.293+0000] {logging_mixin.py:149} INFO - [2024-03-30T06:24:43.293+0000] {dag.py:2726} INFO - Sync 1 DAGs
[2024-03-30T06:24:43.318+0000] {logging_mixin.py:149} INFO - [2024-03-30T06:24:43.318+0000] {dag.py:3490} INFO - Setting next_dagrun for example_short_circuit_operator to 2024-03-29T06:24:43.317839+00:00, run_after=2024-03-30T06:24:43.317839+00:00
[2024-03-30T06:24:43.357+0000] {processor.py:179} INFO - Processing /home/airflow/.local/lib/python3.7/site-packages/airflow/example_dags/example_short_circuit_operator.py took 0.115 seconds
[2024-03-30T06:25:13.621+0000] {processor.py:157} INFO - Started process (PID=1191) to work on /home/airflow/.local/lib/python3.7/site-packages/airflow/example_dags/example_short_circuit_operator.py
[2024-03-30T06:25:13.622+0000] {processor.py:826} INFO - Processing file /home/airflow/.local/lib/python3.7/site-packages/airflow/example_dags/example_short_circuit_operator.py for tasks to queue
[2024-03-30T06:25:13.623+0000] {logging_mixin.py:149} INFO - [2024-03-30T06:25:13.623+0000] {dagbag.py:541} INFO - Filling up the DagBag from /home/airflow/.local/lib/python3.7/site-packages/airflow/example_dags/example_short_circuit_operator.py
[2024-03-30T06:25:13.632+0000] {processor.py:836} INFO - DAG(s) dict_keys(['example_short_circuit_operator']) retrieved from /home/airflow/.local/lib/python3.7/site-packages/airflow/example_dags/example_short_circuit_operator.py
[2024-03-30T06:25:13.678+0000] {logging_mixin.py:149} INFO - [2024-03-30T06:25:13.678+0000] {dag.py:2726} INFO - Sync 1 DAGs
[2024-03-30T06:25:13.718+0000] {logging_mixin.py:149} INFO - [2024-03-30T06:25:13.718+0000] {dag.py:3490} INFO - Setting next_dagrun for example_short_circuit_operator to 2024-03-29T06:25:13.718056+00:00, run_after=2024-03-30T06:25:13.718056+00:00
[2024-03-30T06:25:13.754+0000] {processor.py:179} INFO - Processing /home/airflow/.local/lib/python3.7/site-packages/airflow/example_dags/example_short_circuit_operator.py took 0.135 seconds
[2024-03-30T06:25:44.029+0000] {processor.py:157} INFO - Started process (PID=1252) to work on /home/airflow/.local/lib/python3.7/site-packages/airflow/example_dags/example_short_circuit_operator.py
[2024-03-30T06:25:44.031+0000] {processor.py:826} INFO - Processing file /home/airflow/.local/lib/python3.7/site-packages/airflow/example_dags/example_short_circuit_operator.py for tasks to queue
[2024-03-30T06:25:44.032+0000] {logging_mixin.py:149} INFO - [2024-03-30T06:25:44.032+0000] {dagbag.py:541} INFO - Filling up the DagBag from /home/airflow/.local/lib/python3.7/site-packages/airflow/example_dags/example_short_circuit_operator.py
[2024-03-30T06:25:44.038+0000] {processor.py:836} INFO - DAG(s) dict_keys(['example_short_circuit_operator']) retrieved from /home/airflow/.local/lib/python3.7/site-packages/airflow/example_dags/example_short_circuit_operator.py
[2024-03-30T06:25:44.079+0000] {logging_mixin.py:149} INFO - [2024-03-30T06:25:44.078+0000] {dag.py:2726} INFO - Sync 1 DAGs
[2024-03-30T06:25:44.110+0000] {logging_mixin.py:149} INFO - [2024-03-30T06:25:44.109+0000] {dag.py:3490} INFO - Setting next_dagrun for example_short_circuit_operator to 2024-03-29T06:25:44.109681+00:00, run_after=2024-03-30T06:25:44.109681+00:00
[2024-03-30T06:25:44.149+0000] {processor.py:179} INFO - Processing /home/airflow/.local/lib/python3.7/site-packages/airflow/example_dags/example_short_circuit_operator.py took 0.123 seconds
[2024-03-30T06:26:14.365+0000] {processor.py:157} INFO - Started process (PID=1313) to work on /home/airflow/.local/lib/python3.7/site-packages/airflow/example_dags/example_short_circuit_operator.py
[2024-03-30T06:26:14.366+0000] {processor.py:826} INFO - Processing file /home/airflow/.local/lib/python3.7/site-packages/airflow/example_dags/example_short_circuit_operator.py for tasks to queue
[2024-03-30T06:26:14.367+0000] {logging_mixin.py:149} INFO - [2024-03-30T06:26:14.366+0000] {dagbag.py:541} INFO - Filling up the DagBag from /home/airflow/.local/lib/python3.7/site-packages/airflow/example_dags/example_short_circuit_operator.py
[2024-03-30T06:26:14.373+0000] {processor.py:836} INFO - DAG(s) dict_keys(['example_short_circuit_operator']) retrieved from /home/airflow/.local/lib/python3.7/site-packages/airflow/example_dags/example_short_circuit_operator.py
[2024-03-30T06:26:14.415+0000] {logging_mixin.py:149} INFO - [2024-03-30T06:26:14.415+0000] {dag.py:2726} INFO - Sync 1 DAGs
[2024-03-30T06:26:14.439+0000] {logging_mixin.py:149} INFO - [2024-03-30T06:26:14.439+0000] {dag.py:3490} INFO - Setting next_dagrun for example_short_circuit_operator to 2024-03-29T06:26:14.439457+00:00, run_after=2024-03-30T06:26:14.439457+00:00
[2024-03-30T06:26:14.474+0000] {processor.py:179} INFO - Processing /home/airflow/.local/lib/python3.7/site-packages/airflow/example_dags/example_short_circuit_operator.py took 0.111 seconds
[2024-03-30T06:26:44.583+0000] {processor.py:157} INFO - Started process (PID=1375) to work on /home/airflow/.local/lib/python3.7/site-packages/airflow/example_dags/example_short_circuit_operator.py
[2024-03-30T06:26:44.584+0000] {processor.py:826} INFO - Processing file /home/airflow/.local/lib/python3.7/site-packages/airflow/example_dags/example_short_circuit_operator.py for tasks to queue
[2024-03-30T06:26:44.585+0000] {logging_mixin.py:149} INFO - [2024-03-30T06:26:44.585+0000] {dagbag.py:541} INFO - Filling up the DagBag from /home/airflow/.local/lib/python3.7/site-packages/airflow/example_dags/example_short_circuit_operator.py
[2024-03-30T06:26:44.592+0000] {processor.py:836} INFO - DAG(s) dict_keys(['example_short_circuit_operator']) retrieved from /home/airflow/.local/lib/python3.7/site-packages/airflow/example_dags/example_short_circuit_operator.py
[2024-03-30T06:26:44.629+0000] {logging_mixin.py:149} INFO - [2024-03-30T06:26:44.629+0000] {dag.py:2726} INFO - Sync 1 DAGs
[2024-03-30T06:26:44.699+0000] {logging_mixin.py:149} INFO - [2024-03-30T06:26:44.699+0000] {dag.py:3490} INFO - Setting next_dagrun for example_short_circuit_operator to 2024-03-29T06:26:44.699450+00:00, run_after=2024-03-30T06:26:44.699450+00:00
[2024-03-30T06:26:44.733+0000] {processor.py:179} INFO - Processing /home/airflow/.local/lib/python3.7/site-packages/airflow/example_dags/example_short_circuit_operator.py took 0.152 seconds
[2024-03-30T06:27:15.272+0000] {processor.py:157} INFO - Started process (PID=1436) to work on /home/airflow/.local/lib/python3.7/site-packages/airflow/example_dags/example_short_circuit_operator.py
[2024-03-30T06:27:15.273+0000] {processor.py:826} INFO - Processing file /home/airflow/.local/lib/python3.7/site-packages/airflow/example_dags/example_short_circuit_operator.py for tasks to queue
[2024-03-30T06:27:15.273+0000] {logging_mixin.py:149} INFO - [2024-03-30T06:27:15.273+0000] {dagbag.py:541} INFO - Filling up the DagBag from /home/airflow/.local/lib/python3.7/site-packages/airflow/example_dags/example_short_circuit_operator.py
[2024-03-30T06:27:15.281+0000] {processor.py:836} INFO - DAG(s) dict_keys(['example_short_circuit_operator']) retrieved from /home/airflow/.local/lib/python3.7/site-packages/airflow/example_dags/example_short_circuit_operator.py
[2024-03-30T06:27:15.318+0000] {logging_mixin.py:149} INFO - [2024-03-30T06:27:15.318+0000] {dag.py:2726} INFO - Sync 1 DAGs
[2024-03-30T06:27:15.345+0000] {logging_mixin.py:149} INFO - [2024-03-30T06:27:15.345+0000] {dag.py:3490} INFO - Setting next_dagrun for example_short_circuit_operator to 2024-03-29T06:27:15.344865+00:00, run_after=2024-03-30T06:27:15.344865+00:00
[2024-03-30T06:27:15.383+0000] {processor.py:179} INFO - Processing /home/airflow/.local/lib/python3.7/site-packages/airflow/example_dags/example_short_circuit_operator.py took 0.113 seconds
[2024-03-30T06:27:45.806+0000] {processor.py:157} INFO - Started process (PID=1498) to work on /home/airflow/.local/lib/python3.7/site-packages/airflow/example_dags/example_short_circuit_operator.py
[2024-03-30T06:27:45.807+0000] {processor.py:826} INFO - Processing file /home/airflow/.local/lib/python3.7/site-packages/airflow/example_dags/example_short_circuit_operator.py for tasks to queue
[2024-03-30T06:27:45.808+0000] {logging_mixin.py:149} INFO - [2024-03-30T06:27:45.808+0000] {dagbag.py:541} INFO - Filling up the DagBag from /home/airflow/.local/lib/python3.7/site-packages/airflow/example_dags/example_short_circuit_operator.py
[2024-03-30T06:27:45.817+0000] {processor.py:836} INFO - DAG(s) dict_keys(['example_short_circuit_operator']) retrieved from /home/airflow/.local/lib/python3.7/site-packages/airflow/example_dags/example_short_circuit_operator.py
[2024-03-30T06:27:45.860+0000] {logging_mixin.py:149} INFO - [2024-03-30T06:27:45.860+0000] {dag.py:2726} INFO - Sync 1 DAGs
[2024-03-30T06:27:45.931+0000] {logging_mixin.py:149} INFO - [2024-03-30T06:27:45.931+0000] {dag.py:3490} INFO - Setting next_dagrun for example_short_circuit_operator to 2024-03-29T06:27:45.930795+00:00, run_after=2024-03-30T06:27:45.930795+00:00
[2024-03-30T06:27:45.966+0000] {processor.py:179} INFO - Processing /home/airflow/.local/lib/python3.7/site-packages/airflow/example_dags/example_short_circuit_operator.py took 0.165 seconds
[2024-03-30T06:28:16.062+0000] {processor.py:157} INFO - Started process (PID=1559) to work on /home/airflow/.local/lib/python3.7/site-packages/airflow/example_dags/example_short_circuit_operator.py
[2024-03-30T06:28:16.062+0000] {processor.py:826} INFO - Processing file /home/airflow/.local/lib/python3.7/site-packages/airflow/example_dags/example_short_circuit_operator.py for tasks to queue
[2024-03-30T06:28:16.063+0000] {logging_mixin.py:149} INFO - [2024-03-30T06:28:16.063+0000] {dagbag.py:541} INFO - Filling up the DagBag from /home/airflow/.local/lib/python3.7/site-packages/airflow/example_dags/example_short_circuit_operator.py
[2024-03-30T06:28:16.069+0000] {processor.py:836} INFO - DAG(s) dict_keys(['example_short_circuit_operator']) retrieved from /home/airflow/.local/lib/python3.7/site-packages/airflow/example_dags/example_short_circuit_operator.py
[2024-03-30T06:28:16.111+0000] {logging_mixin.py:149} INFO - [2024-03-30T06:28:16.110+0000] {dag.py:2726} INFO - Sync 1 DAGs
[2024-03-30T06:28:16.142+0000] {logging_mixin.py:149} INFO - [2024-03-30T06:28:16.142+0000] {dag.py:3490} INFO - Setting next_dagrun for example_short_circuit_operator to 2024-03-29T06:28:16.142348+00:00, run_after=2024-03-30T06:28:16.142348+00:00
[2024-03-30T06:28:16.182+0000] {processor.py:179} INFO - Processing /home/airflow/.local/lib/python3.7/site-packages/airflow/example_dags/example_short_circuit_operator.py took 0.123 seconds
[2024-03-30T06:28:46.489+0000] {processor.py:157} INFO - Started process (PID=1620) to work on /home/airflow/.local/lib/python3.7/site-packages/airflow/example_dags/example_short_circuit_operator.py
[2024-03-30T06:28:46.490+0000] {processor.py:826} INFO - Processing file /home/airflow/.local/lib/python3.7/site-packages/airflow/example_dags/example_short_circuit_operator.py for tasks to queue
[2024-03-30T06:28:46.490+0000] {logging_mixin.py:149} INFO - [2024-03-30T06:28:46.490+0000] {dagbag.py:541} INFO - Filling up the DagBag from /home/airflow/.local/lib/python3.7/site-packages/airflow/example_dags/example_short_circuit_operator.py
[2024-03-30T06:28:46.499+0000] {processor.py:836} INFO - DAG(s) dict_keys(['example_short_circuit_operator']) retrieved from /home/airflow/.local/lib/python3.7/site-packages/airflow/example_dags/example_short_circuit_operator.py
[2024-03-30T06:28:46.539+0000] {logging_mixin.py:149} INFO - [2024-03-30T06:28:46.538+0000] {dag.py:2726} INFO - Sync 1 DAGs
[2024-03-30T06:28:46.565+0000] {logging_mixin.py:149} INFO - [2024-03-30T06:28:46.565+0000] {dag.py:3490} INFO - Setting next_dagrun for example_short_circuit_operator to 2024-03-29T06:28:46.565393+00:00, run_after=2024-03-30T06:28:46.565393+00:00
[2024-03-30T06:28:46.601+0000] {processor.py:179} INFO - Processing /home/airflow/.local/lib/python3.7/site-packages/airflow/example_dags/example_short_circuit_operator.py took 0.115 seconds
[2024-03-30T06:29:17.130+0000] {processor.py:157} INFO - Started process (PID=1681) to work on /home/airflow/.local/lib/python3.7/site-packages/airflow/example_dags/example_short_circuit_operator.py
[2024-03-30T06:29:17.130+0000] {processor.py:826} INFO - Processing file /home/airflow/.local/lib/python3.7/site-packages/airflow/example_dags/example_short_circuit_operator.py for tasks to queue
[2024-03-30T06:29:17.131+0000] {logging_mixin.py:149} INFO - [2024-03-30T06:29:17.131+0000] {dagbag.py:541} INFO - Filling up the DagBag from /home/airflow/.local/lib/python3.7/site-packages/airflow/example_dags/example_short_circuit_operator.py
[2024-03-30T06:29:17.138+0000] {processor.py:836} INFO - DAG(s) dict_keys(['example_short_circuit_operator']) retrieved from /home/airflow/.local/lib/python3.7/site-packages/airflow/example_dags/example_short_circuit_operator.py
[2024-03-30T06:29:17.176+0000] {logging_mixin.py:149} INFO - [2024-03-30T06:29:17.176+0000] {dag.py:2726} INFO - Sync 1 DAGs
[2024-03-30T06:29:17.202+0000] {logging_mixin.py:149} INFO - [2024-03-30T06:29:17.202+0000] {dag.py:3490} INFO - Setting next_dagrun for example_short_circuit_operator to 2024-03-29T06:29:17.201868+00:00, run_after=2024-03-30T06:29:17.201868+00:00
[2024-03-30T06:29:17.238+0000] {processor.py:179} INFO - Processing /home/airflow/.local/lib/python3.7/site-packages/airflow/example_dags/example_short_circuit_operator.py took 0.111 seconds
[2024-03-30T06:29:47.480+0000] {processor.py:157} INFO - Started process (PID=1742) to work on /home/airflow/.local/lib/python3.7/site-packages/airflow/example_dags/example_short_circuit_operator.py
[2024-03-30T06:29:47.481+0000] {processor.py:826} INFO - Processing file /home/airflow/.local/lib/python3.7/site-packages/airflow/example_dags/example_short_circuit_operator.py for tasks to queue
[2024-03-30T06:29:47.482+0000] {logging_mixin.py:149} INFO - [2024-03-30T06:29:47.481+0000] {dagbag.py:541} INFO - Filling up the DagBag from /home/airflow/.local/lib/python3.7/site-packages/airflow/example_dags/example_short_circuit_operator.py
[2024-03-30T06:29:47.491+0000] {processor.py:836} INFO - DAG(s) dict_keys(['example_short_circuit_operator']) retrieved from /home/airflow/.local/lib/python3.7/site-packages/airflow/example_dags/example_short_circuit_operator.py
[2024-03-30T06:29:47.532+0000] {logging_mixin.py:149} INFO - [2024-03-30T06:29:47.532+0000] {dag.py:2726} INFO - Sync 1 DAGs
[2024-03-30T06:29:47.558+0000] {logging_mixin.py:149} INFO - [2024-03-30T06:29:47.558+0000] {dag.py:3490} INFO - Setting next_dagrun for example_short_circuit_operator to 2024-03-29T06:29:47.558552+00:00, run_after=2024-03-30T06:29:47.558552+00:00
[2024-03-30T06:29:47.595+0000] {processor.py:179} INFO - Processing /home/airflow/.local/lib/python3.7/site-packages/airflow/example_dags/example_short_circuit_operator.py took 0.118 seconds
[2024-03-30T06:30:18.197+0000] {processor.py:157} INFO - Started process (PID=1803) to work on /home/airflow/.local/lib/python3.7/site-packages/airflow/example_dags/example_short_circuit_operator.py
[2024-03-30T06:30:18.198+0000] {processor.py:826} INFO - Processing file /home/airflow/.local/lib/python3.7/site-packages/airflow/example_dags/example_short_circuit_operator.py for tasks to queue
[2024-03-30T06:30:18.198+0000] {logging_mixin.py:149} INFO - [2024-03-30T06:30:18.198+0000] {dagbag.py:541} INFO - Filling up the DagBag from /home/airflow/.local/lib/python3.7/site-packages/airflow/example_dags/example_short_circuit_operator.py
[2024-03-30T06:30:18.205+0000] {processor.py:836} INFO - DAG(s) dict_keys(['example_short_circuit_operator']) retrieved from /home/airflow/.local/lib/python3.7/site-packages/airflow/example_dags/example_short_circuit_operator.py
[2024-03-30T06:30:18.243+0000] {logging_mixin.py:149} INFO - [2024-03-30T06:30:18.243+0000] {dag.py:2726} INFO - Sync 1 DAGs
[2024-03-30T06:30:18.269+0000] {logging_mixin.py:149} INFO - [2024-03-30T06:30:18.268+0000] {dag.py:3490} INFO - Setting next_dagrun for example_short_circuit_operator to 2024-03-29T06:30:18.268650+00:00, run_after=2024-03-30T06:30:18.268650+00:00
[2024-03-30T06:30:18.302+0000] {processor.py:179} INFO - Processing /home/airflow/.local/lib/python3.7/site-packages/airflow/example_dags/example_short_circuit_operator.py took 0.107 seconds
[2024-03-30T06:30:48.622+0000] {processor.py:157} INFO - Started process (PID=1864) to work on /home/airflow/.local/lib/python3.7/site-packages/airflow/example_dags/example_short_circuit_operator.py
[2024-03-30T06:30:48.623+0000] {processor.py:826} INFO - Processing file /home/airflow/.local/lib/python3.7/site-packages/airflow/example_dags/example_short_circuit_operator.py for tasks to queue
[2024-03-30T06:30:48.623+0000] {logging_mixin.py:149} INFO - [2024-03-30T06:30:48.623+0000] {dagbag.py:541} INFO - Filling up the DagBag from /home/airflow/.local/lib/python3.7/site-packages/airflow/example_dags/example_short_circuit_operator.py
[2024-03-30T06:30:48.630+0000] {processor.py:836} INFO - DAG(s) dict_keys(['example_short_circuit_operator']) retrieved from /home/airflow/.local/lib/python3.7/site-packages/airflow/example_dags/example_short_circuit_operator.py
[2024-03-30T06:30:48.670+0000] {logging_mixin.py:149} INFO - [2024-03-30T06:30:48.670+0000] {dag.py:2726} INFO - Sync 1 DAGs
[2024-03-30T06:30:48.740+0000] {logging_mixin.py:149} INFO - [2024-03-30T06:30:48.740+0000] {dag.py:3490} INFO - Setting next_dagrun for example_short_circuit_operator to 2024-03-29T06:30:48.740498+00:00, run_after=2024-03-30T06:30:48.740498+00:00
[2024-03-30T06:30:48.773+0000] {processor.py:179} INFO - Processing /home/airflow/.local/lib/python3.7/site-packages/airflow/example_dags/example_short_circuit_operator.py took 0.154 seconds
[2024-03-30T06:31:19.448+0000] {processor.py:157} INFO - Started process (PID=1925) to work on /home/airflow/.local/lib/python3.7/site-packages/airflow/example_dags/example_short_circuit_operator.py
[2024-03-30T06:31:19.449+0000] {processor.py:826} INFO - Processing file /home/airflow/.local/lib/python3.7/site-packages/airflow/example_dags/example_short_circuit_operator.py for tasks to queue
[2024-03-30T06:31:19.450+0000] {logging_mixin.py:149} INFO - [2024-03-30T06:31:19.449+0000] {dagbag.py:541} INFO - Filling up the DagBag from /home/airflow/.local/lib/python3.7/site-packages/airflow/example_dags/example_short_circuit_operator.py
[2024-03-30T06:31:19.459+0000] {processor.py:836} INFO - DAG(s) dict_keys(['example_short_circuit_operator']) retrieved from /home/airflow/.local/lib/python3.7/site-packages/airflow/example_dags/example_short_circuit_operator.py
[2024-03-30T06:31:19.510+0000] {logging_mixin.py:149} INFO - [2024-03-30T06:31:19.510+0000] {dag.py:2726} INFO - Sync 1 DAGs
[2024-03-30T06:31:19.540+0000] {logging_mixin.py:149} INFO - [2024-03-30T06:31:19.539+0000] {dag.py:3490} INFO - Setting next_dagrun for example_short_circuit_operator to 2024-03-29T06:31:19.539697+00:00, run_after=2024-03-30T06:31:19.539697+00:00
[2024-03-30T06:31:19.579+0000] {processor.py:179} INFO - Processing /home/airflow/.local/lib/python3.7/site-packages/airflow/example_dags/example_short_circuit_operator.py took 0.135 seconds
[2024-03-30T08:20:54.295+0000] {processor.py:157} INFO - Started process (PID=40) to work on /home/airflow/.local/lib/python3.7/site-packages/airflow/example_dags/example_short_circuit_operator.py
[2024-03-30T08:20:54.297+0000] {processor.py:826} INFO - Processing file /home/airflow/.local/lib/python3.7/site-packages/airflow/example_dags/example_short_circuit_operator.py for tasks to queue
[2024-03-30T08:20:54.297+0000] {logging_mixin.py:149} INFO - [2024-03-30T08:20:54.297+0000] {dagbag.py:541} INFO - Filling up the DagBag from /home/airflow/.local/lib/python3.7/site-packages/airflow/example_dags/example_short_circuit_operator.py
[2024-03-30T08:20:54.308+0000] {processor.py:836} INFO - DAG(s) dict_keys(['example_short_circuit_operator']) retrieved from /home/airflow/.local/lib/python3.7/site-packages/airflow/example_dags/example_short_circuit_operator.py
[2024-03-30T08:20:54.367+0000] {logging_mixin.py:149} INFO - [2024-03-30T08:20:54.367+0000] {dag.py:2726} INFO - Sync 1 DAGs
[2024-03-30T08:20:54.404+0000] {logging_mixin.py:149} INFO - [2024-03-30T08:20:54.404+0000] {dag.py:3490} INFO - Setting next_dagrun for example_short_circuit_operator to 2024-03-29T08:20:54.403891+00:00, run_after=2024-03-30T08:20:54.403891+00:00
[2024-03-30T08:20:54.455+0000] {processor.py:179} INFO - Processing /home/airflow/.local/lib/python3.7/site-packages/airflow/example_dags/example_short_circuit_operator.py took 0.164 seconds
[2024-03-30T08:21:24.931+0000] {processor.py:157} INFO - Started process (PID=101) to work on /home/airflow/.local/lib/python3.7/site-packages/airflow/example_dags/example_short_circuit_operator.py
[2024-03-30T08:21:24.932+0000] {processor.py:826} INFO - Processing file /home/airflow/.local/lib/python3.7/site-packages/airflow/example_dags/example_short_circuit_operator.py for tasks to queue
[2024-03-30T08:21:24.933+0000] {logging_mixin.py:149} INFO - [2024-03-30T08:21:24.932+0000] {dagbag.py:541} INFO - Filling up the DagBag from /home/airflow/.local/lib/python3.7/site-packages/airflow/example_dags/example_short_circuit_operator.py
[2024-03-30T08:21:24.942+0000] {processor.py:836} INFO - DAG(s) dict_keys(['example_short_circuit_operator']) retrieved from /home/airflow/.local/lib/python3.7/site-packages/airflow/example_dags/example_short_circuit_operator.py
[2024-03-30T08:21:24.999+0000] {logging_mixin.py:149} INFO - [2024-03-30T08:21:24.999+0000] {dag.py:2726} INFO - Sync 1 DAGs
[2024-03-30T08:21:25.031+0000] {logging_mixin.py:149} INFO - [2024-03-30T08:21:25.031+0000] {dag.py:3490} INFO - Setting next_dagrun for example_short_circuit_operator to 2024-03-29T08:21:25.030940+00:00, run_after=2024-03-30T08:21:25.030940+00:00
[2024-03-30T08:21:25.073+0000] {processor.py:179} INFO - Processing /home/airflow/.local/lib/python3.7/site-packages/airflow/example_dags/example_short_circuit_operator.py took 0.148 seconds
[2024-03-30T08:21:55.263+0000] {processor.py:157} INFO - Started process (PID=162) to work on /home/airflow/.local/lib/python3.7/site-packages/airflow/example_dags/example_short_circuit_operator.py
[2024-03-30T08:21:55.264+0000] {processor.py:826} INFO - Processing file /home/airflow/.local/lib/python3.7/site-packages/airflow/example_dags/example_short_circuit_operator.py for tasks to queue
[2024-03-30T08:21:55.265+0000] {logging_mixin.py:149} INFO - [2024-03-30T08:21:55.264+0000] {dagbag.py:541} INFO - Filling up the DagBag from /home/airflow/.local/lib/python3.7/site-packages/airflow/example_dags/example_short_circuit_operator.py
[2024-03-30T08:21:55.271+0000] {processor.py:836} INFO - DAG(s) dict_keys(['example_short_circuit_operator']) retrieved from /home/airflow/.local/lib/python3.7/site-packages/airflow/example_dags/example_short_circuit_operator.py
[2024-03-30T08:21:55.317+0000] {logging_mixin.py:149} INFO - [2024-03-30T08:21:55.316+0000] {dag.py:2726} INFO - Sync 1 DAGs
[2024-03-30T08:21:55.345+0000] {logging_mixin.py:149} INFO - [2024-03-30T08:21:55.345+0000] {dag.py:3490} INFO - Setting next_dagrun for example_short_circuit_operator to 2024-03-29T08:21:55.345476+00:00, run_after=2024-03-30T08:21:55.345476+00:00
[2024-03-30T08:21:55.490+0000] {processor.py:179} INFO - Processing /home/airflow/.local/lib/python3.7/site-packages/airflow/example_dags/example_short_circuit_operator.py took 0.232 seconds
[2024-03-30T08:22:25.964+0000] {processor.py:157} INFO - Started process (PID=223) to work on /home/airflow/.local/lib/python3.7/site-packages/airflow/example_dags/example_short_circuit_operator.py
[2024-03-30T08:22:25.964+0000] {processor.py:826} INFO - Processing file /home/airflow/.local/lib/python3.7/site-packages/airflow/example_dags/example_short_circuit_operator.py for tasks to queue
[2024-03-30T08:22:25.965+0000] {logging_mixin.py:149} INFO - [2024-03-30T08:22:25.965+0000] {dagbag.py:541} INFO - Filling up the DagBag from /home/airflow/.local/lib/python3.7/site-packages/airflow/example_dags/example_short_circuit_operator.py
[2024-03-30T08:22:25.973+0000] {processor.py:836} INFO - DAG(s) dict_keys(['example_short_circuit_operator']) retrieved from /home/airflow/.local/lib/python3.7/site-packages/airflow/example_dags/example_short_circuit_operator.py
[2024-03-30T08:22:26.142+0000] {logging_mixin.py:149} INFO - [2024-03-30T08:22:26.141+0000] {dag.py:2726} INFO - Sync 1 DAGs
[2024-03-30T08:22:26.167+0000] {logging_mixin.py:149} INFO - [2024-03-30T08:22:26.167+0000] {dag.py:3490} INFO - Setting next_dagrun for example_short_circuit_operator to 2024-03-29T08:22:26.167130+00:00, run_after=2024-03-30T08:22:26.167130+00:00
[2024-03-30T08:22:26.203+0000] {processor.py:179} INFO - Processing /home/airflow/.local/lib/python3.7/site-packages/airflow/example_dags/example_short_circuit_operator.py took 0.243 seconds
[2024-03-30T08:22:56.722+0000] {processor.py:157} INFO - Started process (PID=284) to work on /home/airflow/.local/lib/python3.7/site-packages/airflow/example_dags/example_short_circuit_operator.py
[2024-03-30T08:22:56.723+0000] {processor.py:826} INFO - Processing file /home/airflow/.local/lib/python3.7/site-packages/airflow/example_dags/example_short_circuit_operator.py for tasks to queue
[2024-03-30T08:22:56.724+0000] {logging_mixin.py:149} INFO - [2024-03-30T08:22:56.724+0000] {dagbag.py:541} INFO - Filling up the DagBag from /home/airflow/.local/lib/python3.7/site-packages/airflow/example_dags/example_short_circuit_operator.py
[2024-03-30T08:22:56.735+0000] {processor.py:836} INFO - DAG(s) dict_keys(['example_short_circuit_operator']) retrieved from /home/airflow/.local/lib/python3.7/site-packages/airflow/example_dags/example_short_circuit_operator.py
[2024-03-30T08:22:56.780+0000] {logging_mixin.py:149} INFO - [2024-03-30T08:22:56.780+0000] {dag.py:2726} INFO - Sync 1 DAGs
[2024-03-30T08:22:56.806+0000] {logging_mixin.py:149} INFO - [2024-03-30T08:22:56.806+0000] {dag.py:3490} INFO - Setting next_dagrun for example_short_circuit_operator to 2024-03-29T08:22:56.806070+00:00, run_after=2024-03-30T08:22:56.806070+00:00
[2024-03-30T08:22:56.851+0000] {processor.py:179} INFO - Processing /home/airflow/.local/lib/python3.7/site-packages/airflow/example_dags/example_short_circuit_operator.py took 0.132 seconds
[2024-03-30T08:23:26.904+0000] {processor.py:157} INFO - Started process (PID=345) to work on /home/airflow/.local/lib/python3.7/site-packages/airflow/example_dags/example_short_circuit_operator.py
[2024-03-30T08:23:26.905+0000] {processor.py:826} INFO - Processing file /home/airflow/.local/lib/python3.7/site-packages/airflow/example_dags/example_short_circuit_operator.py for tasks to queue
[2024-03-30T08:23:26.906+0000] {logging_mixin.py:149} INFO - [2024-03-30T08:23:26.905+0000] {dagbag.py:541} INFO - Filling up the DagBag from /home/airflow/.local/lib/python3.7/site-packages/airflow/example_dags/example_short_circuit_operator.py
[2024-03-30T08:23:26.913+0000] {processor.py:836} INFO - DAG(s) dict_keys(['example_short_circuit_operator']) retrieved from /home/airflow/.local/lib/python3.7/site-packages/airflow/example_dags/example_short_circuit_operator.py
[2024-03-30T08:23:26.962+0000] {logging_mixin.py:149} INFO - [2024-03-30T08:23:26.961+0000] {dag.py:2726} INFO - Sync 1 DAGs
[2024-03-30T08:23:26.996+0000] {logging_mixin.py:149} INFO - [2024-03-30T08:23:26.996+0000] {dag.py:3490} INFO - Setting next_dagrun for example_short_circuit_operator to 2024-03-29T08:23:26.995799+00:00, run_after=2024-03-30T08:23:26.995799+00:00
[2024-03-30T08:23:27.041+0000] {processor.py:179} INFO - Processing /home/airflow/.local/lib/python3.7/site-packages/airflow/example_dags/example_short_circuit_operator.py took 0.140 seconds
[2024-03-30T08:23:57.145+0000] {processor.py:157} INFO - Started process (PID=405) to work on /home/airflow/.local/lib/python3.7/site-packages/airflow/example_dags/example_short_circuit_operator.py
[2024-03-30T08:23:57.147+0000] {processor.py:826} INFO - Processing file /home/airflow/.local/lib/python3.7/site-packages/airflow/example_dags/example_short_circuit_operator.py for tasks to queue
[2024-03-30T08:23:57.148+0000] {logging_mixin.py:149} INFO - [2024-03-30T08:23:57.148+0000] {dagbag.py:541} INFO - Filling up the DagBag from /home/airflow/.local/lib/python3.7/site-packages/airflow/example_dags/example_short_circuit_operator.py
[2024-03-30T08:23:57.157+0000] {processor.py:836} INFO - DAG(s) dict_keys(['example_short_circuit_operator']) retrieved from /home/airflow/.local/lib/python3.7/site-packages/airflow/example_dags/example_short_circuit_operator.py
[2024-03-30T08:23:57.208+0000] {logging_mixin.py:149} INFO - [2024-03-30T08:23:57.208+0000] {dag.py:2726} INFO - Sync 1 DAGs
[2024-03-30T08:23:57.247+0000] {logging_mixin.py:149} INFO - [2024-03-30T08:23:57.246+0000] {dag.py:3490} INFO - Setting next_dagrun for example_short_circuit_operator to 2024-03-29T08:23:57.246593+00:00, run_after=2024-03-30T08:23:57.246593+00:00
[2024-03-30T08:23:57.291+0000] {processor.py:179} INFO - Processing /home/airflow/.local/lib/python3.7/site-packages/airflow/example_dags/example_short_circuit_operator.py took 0.150 seconds
[2024-03-30T08:24:27.752+0000] {processor.py:157} INFO - Started process (PID=466) to work on /home/airflow/.local/lib/python3.7/site-packages/airflow/example_dags/example_short_circuit_operator.py
[2024-03-30T08:24:27.753+0000] {processor.py:826} INFO - Processing file /home/airflow/.local/lib/python3.7/site-packages/airflow/example_dags/example_short_circuit_operator.py for tasks to queue
[2024-03-30T08:24:27.753+0000] {logging_mixin.py:149} INFO - [2024-03-30T08:24:27.753+0000] {dagbag.py:541} INFO - Filling up the DagBag from /home/airflow/.local/lib/python3.7/site-packages/airflow/example_dags/example_short_circuit_operator.py
[2024-03-30T08:24:27.763+0000] {processor.py:836} INFO - DAG(s) dict_keys(['example_short_circuit_operator']) retrieved from /home/airflow/.local/lib/python3.7/site-packages/airflow/example_dags/example_short_circuit_operator.py
[2024-03-30T08:24:27.809+0000] {logging_mixin.py:149} INFO - [2024-03-30T08:24:27.809+0000] {dag.py:2726} INFO - Sync 1 DAGs
[2024-03-30T08:24:27.839+0000] {logging_mixin.py:149} INFO - [2024-03-30T08:24:27.839+0000] {dag.py:3490} INFO - Setting next_dagrun for example_short_circuit_operator to 2024-03-29T08:24:27.838894+00:00, run_after=2024-03-30T08:24:27.838894+00:00
[2024-03-30T08:24:27.881+0000] {processor.py:179} INFO - Processing /home/airflow/.local/lib/python3.7/site-packages/airflow/example_dags/example_short_circuit_operator.py took 0.133 seconds
[2024-03-30T08:24:58.164+0000] {processor.py:157} INFO - Started process (PID=527) to work on /home/airflow/.local/lib/python3.7/site-packages/airflow/example_dags/example_short_circuit_operator.py
[2024-03-30T08:24:58.166+0000] {processor.py:826} INFO - Processing file /home/airflow/.local/lib/python3.7/site-packages/airflow/example_dags/example_short_circuit_operator.py for tasks to queue
[2024-03-30T08:24:58.167+0000] {logging_mixin.py:149} INFO - [2024-03-30T08:24:58.166+0000] {dagbag.py:541} INFO - Filling up the DagBag from /home/airflow/.local/lib/python3.7/site-packages/airflow/example_dags/example_short_circuit_operator.py
[2024-03-30T08:24:58.178+0000] {processor.py:836} INFO - DAG(s) dict_keys(['example_short_circuit_operator']) retrieved from /home/airflow/.local/lib/python3.7/site-packages/airflow/example_dags/example_short_circuit_operator.py
[2024-03-30T08:24:58.227+0000] {logging_mixin.py:149} INFO - [2024-03-30T08:24:58.227+0000] {dag.py:2726} INFO - Sync 1 DAGs
[2024-03-30T08:24:58.261+0000] {logging_mixin.py:149} INFO - [2024-03-30T08:24:58.261+0000] {dag.py:3490} INFO - Setting next_dagrun for example_short_circuit_operator to 2024-03-29T08:24:58.261310+00:00, run_after=2024-03-30T08:24:58.261310+00:00
[2024-03-30T08:24:58.309+0000] {processor.py:179} INFO - Processing /home/airflow/.local/lib/python3.7/site-packages/airflow/example_dags/example_short_circuit_operator.py took 0.149 seconds
[2024-03-30T08:25:28.536+0000] {processor.py:157} INFO - Started process (PID=588) to work on /home/airflow/.local/lib/python3.7/site-packages/airflow/example_dags/example_short_circuit_operator.py
[2024-03-30T08:25:28.537+0000] {processor.py:826} INFO - Processing file /home/airflow/.local/lib/python3.7/site-packages/airflow/example_dags/example_short_circuit_operator.py for tasks to queue
[2024-03-30T08:25:28.538+0000] {logging_mixin.py:149} INFO - [2024-03-30T08:25:28.538+0000] {dagbag.py:541} INFO - Filling up the DagBag from /home/airflow/.local/lib/python3.7/site-packages/airflow/example_dags/example_short_circuit_operator.py
[2024-03-30T08:25:28.547+0000] {processor.py:836} INFO - DAG(s) dict_keys(['example_short_circuit_operator']) retrieved from /home/airflow/.local/lib/python3.7/site-packages/airflow/example_dags/example_short_circuit_operator.py
[2024-03-30T08:25:28.593+0000] {logging_mixin.py:149} INFO - [2024-03-30T08:25:28.593+0000] {dag.py:2726} INFO - Sync 1 DAGs
[2024-03-30T08:25:28.631+0000] {logging_mixin.py:149} INFO - [2024-03-30T08:25:28.630+0000] {dag.py:3490} INFO - Setting next_dagrun for example_short_circuit_operator to 2024-03-29T08:25:28.630648+00:00, run_after=2024-03-30T08:25:28.630648+00:00
[2024-03-30T08:25:28.681+0000] {processor.py:179} INFO - Processing /home/airflow/.local/lib/python3.7/site-packages/airflow/example_dags/example_short_circuit_operator.py took 0.147 seconds
[2024-03-30T08:25:58.897+0000] {processor.py:157} INFO - Started process (PID=650) to work on /home/airflow/.local/lib/python3.7/site-packages/airflow/example_dags/example_short_circuit_operator.py
[2024-03-30T08:25:58.899+0000] {processor.py:826} INFO - Processing file /home/airflow/.local/lib/python3.7/site-packages/airflow/example_dags/example_short_circuit_operator.py for tasks to queue
[2024-03-30T08:25:58.901+0000] {logging_mixin.py:149} INFO - [2024-03-30T08:25:58.901+0000] {dagbag.py:541} INFO - Filling up the DagBag from /home/airflow/.local/lib/python3.7/site-packages/airflow/example_dags/example_short_circuit_operator.py
[2024-03-30T08:25:58.912+0000] {processor.py:836} INFO - DAG(s) dict_keys(['example_short_circuit_operator']) retrieved from /home/airflow/.local/lib/python3.7/site-packages/airflow/example_dags/example_short_circuit_operator.py
[2024-03-30T08:25:58.979+0000] {logging_mixin.py:149} INFO - [2024-03-30T08:25:58.979+0000] {dag.py:2726} INFO - Sync 1 DAGs
[2024-03-30T08:25:59.113+0000] {logging_mixin.py:149} INFO - [2024-03-30T08:25:59.113+0000] {dag.py:3490} INFO - Setting next_dagrun for example_short_circuit_operator to 2024-03-29T08:25:59.113198+00:00, run_after=2024-03-30T08:25:59.113198+00:00
[2024-03-30T08:25:59.168+0000] {processor.py:179} INFO - Processing /home/airflow/.local/lib/python3.7/site-packages/airflow/example_dags/example_short_circuit_operator.py took 0.273 seconds
[2024-03-30T08:26:29.367+0000] {processor.py:157} INFO - Started process (PID=711) to work on /home/airflow/.local/lib/python3.7/site-packages/airflow/example_dags/example_short_circuit_operator.py
[2024-03-30T08:26:29.367+0000] {processor.py:826} INFO - Processing file /home/airflow/.local/lib/python3.7/site-packages/airflow/example_dags/example_short_circuit_operator.py for tasks to queue
[2024-03-30T08:26:29.368+0000] {logging_mixin.py:149} INFO - [2024-03-30T08:26:29.368+0000] {dagbag.py:541} INFO - Filling up the DagBag from /home/airflow/.local/lib/python3.7/site-packages/airflow/example_dags/example_short_circuit_operator.py
[2024-03-30T08:26:29.376+0000] {processor.py:836} INFO - DAG(s) dict_keys(['example_short_circuit_operator']) retrieved from /home/airflow/.local/lib/python3.7/site-packages/airflow/example_dags/example_short_circuit_operator.py
[2024-03-30T08:26:29.427+0000] {logging_mixin.py:149} INFO - [2024-03-30T08:26:29.427+0000] {dag.py:2726} INFO - Sync 1 DAGs
[2024-03-30T08:26:29.454+0000] {logging_mixin.py:149} INFO - [2024-03-30T08:26:29.454+0000] {dag.py:3490} INFO - Setting next_dagrun for example_short_circuit_operator to 2024-03-29T08:26:29.454029+00:00, run_after=2024-03-30T08:26:29.454029+00:00
[2024-03-30T08:26:29.496+0000] {processor.py:179} INFO - Processing /home/airflow/.local/lib/python3.7/site-packages/airflow/example_dags/example_short_circuit_operator.py took 0.132 seconds
[2024-03-30T08:26:59.526+0000] {processor.py:157} INFO - Started process (PID=771) to work on /home/airflow/.local/lib/python3.7/site-packages/airflow/example_dags/example_short_circuit_operator.py
[2024-03-30T08:26:59.528+0000] {processor.py:826} INFO - Processing file /home/airflow/.local/lib/python3.7/site-packages/airflow/example_dags/example_short_circuit_operator.py for tasks to queue
[2024-03-30T08:26:59.528+0000] {logging_mixin.py:149} INFO - [2024-03-30T08:26:59.528+0000] {dagbag.py:541} INFO - Filling up the DagBag from /home/airflow/.local/lib/python3.7/site-packages/airflow/example_dags/example_short_circuit_operator.py
[2024-03-30T08:26:59.535+0000] {processor.py:836} INFO - DAG(s) dict_keys(['example_short_circuit_operator']) retrieved from /home/airflow/.local/lib/python3.7/site-packages/airflow/example_dags/example_short_circuit_operator.py
[2024-03-30T08:26:59.574+0000] {logging_mixin.py:149} INFO - [2024-03-30T08:26:59.574+0000] {dag.py:2726} INFO - Sync 1 DAGs
[2024-03-30T08:26:59.597+0000] {logging_mixin.py:149} INFO - [2024-03-30T08:26:59.597+0000] {dag.py:3490} INFO - Setting next_dagrun for example_short_circuit_operator to 2024-03-29T08:26:59.597379+00:00, run_after=2024-03-30T08:26:59.597379+00:00
[2024-03-30T08:26:59.633+0000] {processor.py:179} INFO - Processing /home/airflow/.local/lib/python3.7/site-packages/airflow/example_dags/example_short_circuit_operator.py took 0.111 seconds
[2024-03-30T08:27:29.705+0000] {processor.py:157} INFO - Started process (PID=831) to work on /home/airflow/.local/lib/python3.7/site-packages/airflow/example_dags/example_short_circuit_operator.py
[2024-03-30T08:27:29.706+0000] {processor.py:826} INFO - Processing file /home/airflow/.local/lib/python3.7/site-packages/airflow/example_dags/example_short_circuit_operator.py for tasks to queue
[2024-03-30T08:27:29.707+0000] {logging_mixin.py:149} INFO - [2024-03-30T08:27:29.707+0000] {dagbag.py:541} INFO - Filling up the DagBag from /home/airflow/.local/lib/python3.7/site-packages/airflow/example_dags/example_short_circuit_operator.py
[2024-03-30T08:27:29.715+0000] {processor.py:836} INFO - DAG(s) dict_keys(['example_short_circuit_operator']) retrieved from /home/airflow/.local/lib/python3.7/site-packages/airflow/example_dags/example_short_circuit_operator.py
[2024-03-30T08:27:29.770+0000] {logging_mixin.py:149} INFO - [2024-03-30T08:27:29.769+0000] {dag.py:2726} INFO - Sync 1 DAGs
[2024-03-30T08:27:29.853+0000] {logging_mixin.py:149} INFO - [2024-03-30T08:27:29.853+0000] {dag.py:3490} INFO - Setting next_dagrun for example_short_circuit_operator to 2024-03-29T08:27:29.852801+00:00, run_after=2024-03-30T08:27:29.852801+00:00
[2024-03-30T08:27:29.895+0000] {processor.py:179} INFO - Processing /home/airflow/.local/lib/python3.7/site-packages/airflow/example_dags/example_short_circuit_operator.py took 0.193 seconds
[2024-03-30T08:28:00.209+0000] {processor.py:157} INFO - Started process (PID=893) to work on /home/airflow/.local/lib/python3.7/site-packages/airflow/example_dags/example_short_circuit_operator.py
[2024-03-30T08:28:00.211+0000] {processor.py:826} INFO - Processing file /home/airflow/.local/lib/python3.7/site-packages/airflow/example_dags/example_short_circuit_operator.py for tasks to queue
[2024-03-30T08:28:00.211+0000] {logging_mixin.py:149} INFO - [2024-03-30T08:28:00.211+0000] {dagbag.py:541} INFO - Filling up the DagBag from /home/airflow/.local/lib/python3.7/site-packages/airflow/example_dags/example_short_circuit_operator.py
[2024-03-30T08:28:00.220+0000] {processor.py:836} INFO - DAG(s) dict_keys(['example_short_circuit_operator']) retrieved from /home/airflow/.local/lib/python3.7/site-packages/airflow/example_dags/example_short_circuit_operator.py
[2024-03-30T08:28:00.271+0000] {logging_mixin.py:149} INFO - [2024-03-30T08:28:00.271+0000] {dag.py:2726} INFO - Sync 1 DAGs
[2024-03-30T08:28:00.307+0000] {logging_mixin.py:149} INFO - [2024-03-30T08:28:00.306+0000] {dag.py:3490} INFO - Setting next_dagrun for example_short_circuit_operator to 2024-03-29T08:28:00.306535+00:00, run_after=2024-03-30T08:28:00.306535+00:00
[2024-03-30T08:28:00.349+0000] {processor.py:179} INFO - Processing /home/airflow/.local/lib/python3.7/site-packages/airflow/example_dags/example_short_circuit_operator.py took 0.142 seconds
[2024-03-30T08:28:30.921+0000] {processor.py:157} INFO - Started process (PID=954) to work on /home/airflow/.local/lib/python3.7/site-packages/airflow/example_dags/example_short_circuit_operator.py
[2024-03-30T08:28:30.921+0000] {processor.py:826} INFO - Processing file /home/airflow/.local/lib/python3.7/site-packages/airflow/example_dags/example_short_circuit_operator.py for tasks to queue
[2024-03-30T08:28:30.922+0000] {logging_mixin.py:149} INFO - [2024-03-30T08:28:30.922+0000] {dagbag.py:541} INFO - Filling up the DagBag from /home/airflow/.local/lib/python3.7/site-packages/airflow/example_dags/example_short_circuit_operator.py
[2024-03-30T08:28:30.929+0000] {processor.py:836} INFO - DAG(s) dict_keys(['example_short_circuit_operator']) retrieved from /home/airflow/.local/lib/python3.7/site-packages/airflow/example_dags/example_short_circuit_operator.py
[2024-03-30T08:28:30.977+0000] {logging_mixin.py:149} INFO - [2024-03-30T08:28:30.976+0000] {dag.py:2726} INFO - Sync 1 DAGs
[2024-03-30T08:28:31.003+0000] {logging_mixin.py:149} INFO - [2024-03-30T08:28:31.003+0000] {dag.py:3490} INFO - Setting next_dagrun for example_short_circuit_operator to 2024-03-29T08:28:31.003120+00:00, run_after=2024-03-30T08:28:31.003120+00:00
[2024-03-30T08:28:31.042+0000] {processor.py:179} INFO - Processing /home/airflow/.local/lib/python3.7/site-packages/airflow/example_dags/example_short_circuit_operator.py took 0.125 seconds
