[2024-03-30T06:06:15.603+0000] {processor.py:157} INFO - Started process (PID=71) to work on /home/airflow/.local/lib/python3.7/site-packages/airflow/example_dags/example_subdag_operator.py
[2024-03-30T06:06:15.604+0000] {processor.py:826} INFO - Processing file /home/airflow/.local/lib/python3.7/site-packages/airflow/example_dags/example_subdag_operator.py for tasks to queue
[2024-03-30T06:06:15.605+0000] {logging_mixin.py:149} INFO - [2024-03-30T06:06:15.604+0000] {dagbag.py:541} INFO - Filling up the DagBag from /home/airflow/.local/lib/python3.7/site-packages/airflow/example_dags/example_subdag_operator.py
[2024-03-30T06:06:15.646+0000] {processor.py:836} INFO - DAG(s) dict_keys(['example_subdag_operator.section-1', 'example_subdag_operator.section-2', 'example_subdag_operator']) retrieved from /home/airflow/.local/lib/python3.7/site-packages/airflow/example_dags/example_subdag_operator.py
[2024-03-30T06:06:15.651+0000] {logging_mixin.py:149} INFO - [2024-03-30T06:06:15.651+0000] {dag.py:2726} INFO - Sync 3 DAGs
[2024-03-30T06:06:15.682+0000] {logging_mixin.py:149} INFO - [2024-03-30T06:06:15.682+0000] {dag.py:3490} INFO - Setting next_dagrun for example_subdag_operator to 2022-01-01T00:00:00+00:00, run_after=2022-01-01T00:00:00+00:00
[2024-03-30T06:06:15.686+0000] {logging_mixin.py:149} INFO - [2024-03-30T06:06:15.686+0000] {dag.py:3490} INFO - Setting next_dagrun for example_subdag_operator.section-1 to None, run_after=None
[2024-03-30T06:06:15.688+0000] {logging_mixin.py:149} INFO - [2024-03-30T06:06:15.688+0000] {dag.py:3490} INFO - Setting next_dagrun for example_subdag_operator.section-2 to None, run_after=None
[2024-03-30T06:06:15.700+0000] {logging_mixin.py:149} INFO - [2024-03-30T06:06:15.700+0000] {dag.py:2726} INFO - Sync 2 DAGs
[2024-03-30T06:06:15.708+0000] {logging_mixin.py:149} INFO - [2024-03-30T06:06:15.707+0000] {dag.py:3490} INFO - Setting next_dagrun for example_subdag_operator.section-1 to None, run_after=None
[2024-03-30T06:06:15.708+0000] {logging_mixin.py:149} INFO - [2024-03-30T06:06:15.708+0000] {dag.py:3490} INFO - Setting next_dagrun for example_subdag_operator.section-2 to None, run_after=None
[2024-03-30T06:06:15.737+0000] {processor.py:179} INFO - Processing /home/airflow/.local/lib/python3.7/site-packages/airflow/example_dags/example_subdag_operator.py took 0.137 seconds
[2024-03-30T06:06:46.796+0000] {processor.py:157} INFO - Started process (PID=131) to work on /home/airflow/.local/lib/python3.7/site-packages/airflow/example_dags/example_subdag_operator.py
[2024-03-30T06:06:46.797+0000] {processor.py:826} INFO - Processing file /home/airflow/.local/lib/python3.7/site-packages/airflow/example_dags/example_subdag_operator.py for tasks to queue
[2024-03-30T06:06:46.798+0000] {logging_mixin.py:149} INFO - [2024-03-30T06:06:46.798+0000] {dagbag.py:541} INFO - Filling up the DagBag from /home/airflow/.local/lib/python3.7/site-packages/airflow/example_dags/example_subdag_operator.py
[2024-03-30T06:06:46.836+0000] {processor.py:836} INFO - DAG(s) dict_keys(['example_subdag_operator.section-1', 'example_subdag_operator.section-2', 'example_subdag_operator']) retrieved from /home/airflow/.local/lib/python3.7/site-packages/airflow/example_dags/example_subdag_operator.py
[2024-03-30T06:06:46.855+0000] {logging_mixin.py:149} INFO - [2024-03-30T06:06:46.854+0000] {dag.py:2726} INFO - Sync 3 DAGs
[2024-03-30T06:06:46.883+0000] {logging_mixin.py:149} INFO - [2024-03-30T06:06:46.882+0000] {dag.py:3490} INFO - Setting next_dagrun for example_subdag_operator to 2022-01-01T00:00:00+00:00, run_after=2022-01-01T00:00:00+00:00
[2024-03-30T06:06:46.887+0000] {logging_mixin.py:149} INFO - [2024-03-30T06:06:46.887+0000] {dag.py:3490} INFO - Setting next_dagrun for example_subdag_operator.section-1 to None, run_after=None
[2024-03-30T06:06:46.888+0000] {logging_mixin.py:149} INFO - [2024-03-30T06:06:46.888+0000] {dag.py:3490} INFO - Setting next_dagrun for example_subdag_operator.section-2 to None, run_after=None
[2024-03-30T06:06:46.898+0000] {logging_mixin.py:149} INFO - [2024-03-30T06:06:46.898+0000] {dag.py:2726} INFO - Sync 2 DAGs
[2024-03-30T06:06:46.905+0000] {logging_mixin.py:149} INFO - [2024-03-30T06:06:46.905+0000] {dag.py:3490} INFO - Setting next_dagrun for example_subdag_operator.section-1 to None, run_after=None
[2024-03-30T06:06:46.906+0000] {logging_mixin.py:149} INFO - [2024-03-30T06:06:46.906+0000] {dag.py:3490} INFO - Setting next_dagrun for example_subdag_operator.section-2 to None, run_after=None
[2024-03-30T06:06:46.931+0000] {processor.py:179} INFO - Processing /home/airflow/.local/lib/python3.7/site-packages/airflow/example_dags/example_subdag_operator.py took 0.137 seconds
