[2024-03-30T06:15:35.676+0000] {processor.py:157} INFO - Started process (PID=67) to work on /home/airflow/.local/lib/python3.7/site-packages/airflow/example_dags/example_branch_python_dop_operator_3.py
[2024-03-30T06:15:35.676+0000] {processor.py:826} INFO - Processing file /home/airflow/.local/lib/python3.7/site-packages/airflow/example_dags/example_branch_python_dop_operator_3.py for tasks to queue
[2024-03-30T06:15:35.677+0000] {logging_mixin.py:149} INFO - [2024-03-30T06:15:35.677+0000] {dagbag.py:541} INFO - Filling up the DagBag from /home/airflow/.local/lib/python3.7/site-packages/airflow/example_dags/example_branch_python_dop_operator_3.py
[2024-03-30T06:15:35.685+0000] {processor.py:836} INFO - DAG(s) dict_keys(['example_branch_dop_operator_v3']) retrieved from /home/airflow/.local/lib/python3.7/site-packages/airflow/example_dags/example_branch_python_dop_operator_3.py
[2024-03-30T06:15:35.707+0000] {logging_mixin.py:149} INFO - [2024-03-30T06:15:35.707+0000] {dag.py:2726} INFO - Sync 1 DAGs
[2024-03-30T06:15:35.734+0000] {logging_mixin.py:149} INFO - [2024-03-30T06:15:35.734+0000] {dag.py:3490} INFO - Setting next_dagrun for example_branch_dop_operator_v3 to 2024-03-30T06:14:00+00:00, run_after=2024-03-30T06:15:00+00:00
[2024-03-30T06:15:35.766+0000] {processor.py:179} INFO - Processing /home/airflow/.local/lib/python3.7/site-packages/airflow/example_dags/example_branch_python_dop_operator_3.py took 0.093 seconds
[2024-03-30T06:16:06.036+0000] {processor.py:157} INFO - Started process (PID=126) to work on /home/airflow/.local/lib/python3.7/site-packages/airflow/example_dags/example_branch_python_dop_operator_3.py
[2024-03-30T06:16:06.037+0000] {processor.py:826} INFO - Processing file /home/airflow/.local/lib/python3.7/site-packages/airflow/example_dags/example_branch_python_dop_operator_3.py for tasks to queue
[2024-03-30T06:16:06.038+0000] {logging_mixin.py:149} INFO - [2024-03-30T06:16:06.037+0000] {dagbag.py:541} INFO - Filling up the DagBag from /home/airflow/.local/lib/python3.7/site-packages/airflow/example_dags/example_branch_python_dop_operator_3.py
[2024-03-30T06:16:06.047+0000] {processor.py:836} INFO - DAG(s) dict_keys(['example_branch_dop_operator_v3']) retrieved from /home/airflow/.local/lib/python3.7/site-packages/airflow/example_dags/example_branch_python_dop_operator_3.py
[2024-03-30T06:16:06.082+0000] {logging_mixin.py:149} INFO - [2024-03-30T06:16:06.082+0000] {dag.py:2726} INFO - Sync 1 DAGs
[2024-03-30T06:16:06.110+0000] {logging_mixin.py:149} INFO - [2024-03-30T06:16:06.110+0000] {dag.py:3490} INFO - Setting next_dagrun for example_branch_dop_operator_v3 to 2024-03-30T06:15:00+00:00, run_after=2024-03-30T06:16:00+00:00
[2024-03-30T06:16:06.145+0000] {processor.py:179} INFO - Processing /home/airflow/.local/lib/python3.7/site-packages/airflow/example_dags/example_branch_python_dop_operator_3.py took 0.112 seconds
[2024-03-30T06:16:36.893+0000] {processor.py:157} INFO - Started process (PID=186) to work on /home/airflow/.local/lib/python3.7/site-packages/airflow/example_dags/example_branch_python_dop_operator_3.py
[2024-03-30T06:16:36.894+0000] {processor.py:826} INFO - Processing file /home/airflow/.local/lib/python3.7/site-packages/airflow/example_dags/example_branch_python_dop_operator_3.py for tasks to queue
[2024-03-30T06:16:36.894+0000] {logging_mixin.py:149} INFO - [2024-03-30T06:16:36.894+0000] {dagbag.py:541} INFO - Filling up the DagBag from /home/airflow/.local/lib/python3.7/site-packages/airflow/example_dags/example_branch_python_dop_operator_3.py
[2024-03-30T06:16:36.901+0000] {processor.py:836} INFO - DAG(s) dict_keys(['example_branch_dop_operator_v3']) retrieved from /home/airflow/.local/lib/python3.7/site-packages/airflow/example_dags/example_branch_python_dop_operator_3.py
[2024-03-30T06:16:36.941+0000] {logging_mixin.py:149} INFO - [2024-03-30T06:16:36.941+0000] {dag.py:2726} INFO - Sync 1 DAGs
[2024-03-30T06:16:37.015+0000] {logging_mixin.py:149} INFO - [2024-03-30T06:16:37.015+0000] {dag.py:3490} INFO - Setting next_dagrun for example_branch_dop_operator_v3 to 2024-03-30T06:15:00+00:00, run_after=2024-03-30T06:16:00+00:00
[2024-03-30T06:16:37.069+0000] {processor.py:179} INFO - Processing /home/airflow/.local/lib/python3.7/site-packages/airflow/example_dags/example_branch_python_dop_operator_3.py took 0.179 seconds
[2024-03-30T06:17:07.201+0000] {processor.py:157} INFO - Started process (PID=246) to work on /home/airflow/.local/lib/python3.7/site-packages/airflow/example_dags/example_branch_python_dop_operator_3.py
[2024-03-30T06:17:07.202+0000] {processor.py:826} INFO - Processing file /home/airflow/.local/lib/python3.7/site-packages/airflow/example_dags/example_branch_python_dop_operator_3.py for tasks to queue
[2024-03-30T06:17:07.203+0000] {logging_mixin.py:149} INFO - [2024-03-30T06:17:07.202+0000] {dagbag.py:541} INFO - Filling up the DagBag from /home/airflow/.local/lib/python3.7/site-packages/airflow/example_dags/example_branch_python_dop_operator_3.py
[2024-03-30T06:17:07.210+0000] {processor.py:836} INFO - DAG(s) dict_keys(['example_branch_dop_operator_v3']) retrieved from /home/airflow/.local/lib/python3.7/site-packages/airflow/example_dags/example_branch_python_dop_operator_3.py
[2024-03-30T06:17:07.244+0000] {logging_mixin.py:149} INFO - [2024-03-30T06:17:07.244+0000] {dag.py:2726} INFO - Sync 1 DAGs
[2024-03-30T06:17:07.272+0000] {logging_mixin.py:149} INFO - [2024-03-30T06:17:07.272+0000] {dag.py:3490} INFO - Setting next_dagrun for example_branch_dop_operator_v3 to 2024-03-30T06:16:00+00:00, run_after=2024-03-30T06:17:00+00:00
[2024-03-30T06:17:07.304+0000] {processor.py:179} INFO - Processing /home/airflow/.local/lib/python3.7/site-packages/airflow/example_dags/example_branch_python_dop_operator_3.py took 0.106 seconds
[2024-03-30T06:17:37.563+0000] {processor.py:157} INFO - Started process (PID=306) to work on /home/airflow/.local/lib/python3.7/site-packages/airflow/example_dags/example_branch_python_dop_operator_3.py
[2024-03-30T06:17:37.564+0000] {processor.py:826} INFO - Processing file /home/airflow/.local/lib/python3.7/site-packages/airflow/example_dags/example_branch_python_dop_operator_3.py for tasks to queue
[2024-03-30T06:17:37.565+0000] {logging_mixin.py:149} INFO - [2024-03-30T06:17:37.565+0000] {dagbag.py:541} INFO - Filling up the DagBag from /home/airflow/.local/lib/python3.7/site-packages/airflow/example_dags/example_branch_python_dop_operator_3.py
[2024-03-30T06:17:37.571+0000] {processor.py:836} INFO - DAG(s) dict_keys(['example_branch_dop_operator_v3']) retrieved from /home/airflow/.local/lib/python3.7/site-packages/airflow/example_dags/example_branch_python_dop_operator_3.py
[2024-03-30T06:17:37.606+0000] {logging_mixin.py:149} INFO - [2024-03-30T06:17:37.606+0000] {dag.py:2726} INFO - Sync 1 DAGs
[2024-03-30T06:17:37.635+0000] {logging_mixin.py:149} INFO - [2024-03-30T06:17:37.635+0000] {dag.py:3490} INFO - Setting next_dagrun for example_branch_dop_operator_v3 to 2024-03-30T06:16:00+00:00, run_after=2024-03-30T06:17:00+00:00
[2024-03-30T06:17:37.670+0000] {processor.py:179} INFO - Processing /home/airflow/.local/lib/python3.7/site-packages/airflow/example_dags/example_branch_python_dop_operator_3.py took 0.109 seconds
[2024-03-30T06:18:07.801+0000] {processor.py:157} INFO - Started process (PID=366) to work on /home/airflow/.local/lib/python3.7/site-packages/airflow/example_dags/example_branch_python_dop_operator_3.py
[2024-03-30T06:18:07.801+0000] {processor.py:826} INFO - Processing file /home/airflow/.local/lib/python3.7/site-packages/airflow/example_dags/example_branch_python_dop_operator_3.py for tasks to queue
[2024-03-30T06:18:07.802+0000] {logging_mixin.py:149} INFO - [2024-03-30T06:18:07.802+0000] {dagbag.py:541} INFO - Filling up the DagBag from /home/airflow/.local/lib/python3.7/site-packages/airflow/example_dags/example_branch_python_dop_operator_3.py
[2024-03-30T06:18:07.810+0000] {processor.py:836} INFO - DAG(s) dict_keys(['example_branch_dop_operator_v3']) retrieved from /home/airflow/.local/lib/python3.7/site-packages/airflow/example_dags/example_branch_python_dop_operator_3.py
[2024-03-30T06:18:07.845+0000] {logging_mixin.py:149} INFO - [2024-03-30T06:18:07.845+0000] {dag.py:2726} INFO - Sync 1 DAGs
[2024-03-30T06:18:07.873+0000] {logging_mixin.py:149} INFO - [2024-03-30T06:18:07.873+0000] {dag.py:3490} INFO - Setting next_dagrun for example_branch_dop_operator_v3 to 2024-03-30T06:17:00+00:00, run_after=2024-03-30T06:18:00+00:00
[2024-03-30T06:18:07.912+0000] {processor.py:179} INFO - Processing /home/airflow/.local/lib/python3.7/site-packages/airflow/example_dags/example_branch_python_dop_operator_3.py took 0.114 seconds
[2024-03-30T06:18:38.626+0000] {processor.py:157} INFO - Started process (PID=427) to work on /home/airflow/.local/lib/python3.7/site-packages/airflow/example_dags/example_branch_python_dop_operator_3.py
[2024-03-30T06:18:38.627+0000] {processor.py:826} INFO - Processing file /home/airflow/.local/lib/python3.7/site-packages/airflow/example_dags/example_branch_python_dop_operator_3.py for tasks to queue
[2024-03-30T06:18:38.628+0000] {logging_mixin.py:149} INFO - [2024-03-30T06:18:38.628+0000] {dagbag.py:541} INFO - Filling up the DagBag from /home/airflow/.local/lib/python3.7/site-packages/airflow/example_dags/example_branch_python_dop_operator_3.py
[2024-03-30T06:18:38.638+0000] {processor.py:836} INFO - DAG(s) dict_keys(['example_branch_dop_operator_v3']) retrieved from /home/airflow/.local/lib/python3.7/site-packages/airflow/example_dags/example_branch_python_dop_operator_3.py
[2024-03-30T06:18:38.681+0000] {logging_mixin.py:149} INFO - [2024-03-30T06:18:38.681+0000] {dag.py:2726} INFO - Sync 1 DAGs
[2024-03-30T06:18:38.718+0000] {logging_mixin.py:149} INFO - [2024-03-30T06:18:38.718+0000] {dag.py:3490} INFO - Setting next_dagrun for example_branch_dop_operator_v3 to 2024-03-30T06:17:00+00:00, run_after=2024-03-30T06:18:00+00:00
[2024-03-30T06:18:38.763+0000] {processor.py:179} INFO - Processing /home/airflow/.local/lib/python3.7/site-packages/airflow/example_dags/example_branch_python_dop_operator_3.py took 0.140 seconds
[2024-03-30T06:19:08.908+0000] {processor.py:157} INFO - Started process (PID=487) to work on /home/airflow/.local/lib/python3.7/site-packages/airflow/example_dags/example_branch_python_dop_operator_3.py
[2024-03-30T06:19:08.909+0000] {processor.py:826} INFO - Processing file /home/airflow/.local/lib/python3.7/site-packages/airflow/example_dags/example_branch_python_dop_operator_3.py for tasks to queue
[2024-03-30T06:19:08.909+0000] {logging_mixin.py:149} INFO - [2024-03-30T06:19:08.909+0000] {dagbag.py:541} INFO - Filling up the DagBag from /home/airflow/.local/lib/python3.7/site-packages/airflow/example_dags/example_branch_python_dop_operator_3.py
[2024-03-30T06:19:08.916+0000] {processor.py:836} INFO - DAG(s) dict_keys(['example_branch_dop_operator_v3']) retrieved from /home/airflow/.local/lib/python3.7/site-packages/airflow/example_dags/example_branch_python_dop_operator_3.py
[2024-03-30T06:19:08.950+0000] {logging_mixin.py:149} INFO - [2024-03-30T06:19:08.950+0000] {dag.py:2726} INFO - Sync 1 DAGs
[2024-03-30T06:19:08.979+0000] {logging_mixin.py:149} INFO - [2024-03-30T06:19:08.979+0000] {dag.py:3490} INFO - Setting next_dagrun for example_branch_dop_operator_v3 to 2024-03-30T06:18:00+00:00, run_after=2024-03-30T06:19:00+00:00
[2024-03-30T06:19:09.014+0000] {processor.py:179} INFO - Processing /home/airflow/.local/lib/python3.7/site-packages/airflow/example_dags/example_branch_python_dop_operator_3.py took 0.109 seconds
[2024-03-30T06:19:39.993+0000] {processor.py:157} INFO - Started process (PID=547) to work on /home/airflow/.local/lib/python3.7/site-packages/airflow/example_dags/example_branch_python_dop_operator_3.py
[2024-03-30T06:19:39.994+0000] {processor.py:826} INFO - Processing file /home/airflow/.local/lib/python3.7/site-packages/airflow/example_dags/example_branch_python_dop_operator_3.py for tasks to queue
[2024-03-30T06:19:39.995+0000] {logging_mixin.py:149} INFO - [2024-03-30T06:19:39.995+0000] {dagbag.py:541} INFO - Filling up the DagBag from /home/airflow/.local/lib/python3.7/site-packages/airflow/example_dags/example_branch_python_dop_operator_3.py
[2024-03-30T06:19:40.003+0000] {processor.py:836} INFO - DAG(s) dict_keys(['example_branch_dop_operator_v3']) retrieved from /home/airflow/.local/lib/python3.7/site-packages/airflow/example_dags/example_branch_python_dop_operator_3.py
[2024-03-30T06:19:40.039+0000] {logging_mixin.py:149} INFO - [2024-03-30T06:19:40.038+0000] {dag.py:2726} INFO - Sync 1 DAGs
[2024-03-30T06:19:40.068+0000] {logging_mixin.py:149} INFO - [2024-03-30T06:19:40.067+0000] {dag.py:3490} INFO - Setting next_dagrun for example_branch_dop_operator_v3 to 2024-03-30T06:18:00+00:00, run_after=2024-03-30T06:19:00+00:00
[2024-03-30T06:19:40.100+0000] {processor.py:179} INFO - Processing /home/airflow/.local/lib/python3.7/site-packages/airflow/example_dags/example_branch_python_dop_operator_3.py took 0.111 seconds
[2024-03-30T06:20:10.970+0000] {processor.py:157} INFO - Started process (PID=607) to work on /home/airflow/.local/lib/python3.7/site-packages/airflow/example_dags/example_branch_python_dop_operator_3.py
[2024-03-30T06:20:10.971+0000] {processor.py:826} INFO - Processing file /home/airflow/.local/lib/python3.7/site-packages/airflow/example_dags/example_branch_python_dop_operator_3.py for tasks to queue
[2024-03-30T06:20:10.971+0000] {logging_mixin.py:149} INFO - [2024-03-30T06:20:10.971+0000] {dagbag.py:541} INFO - Filling up the DagBag from /home/airflow/.local/lib/python3.7/site-packages/airflow/example_dags/example_branch_python_dop_operator_3.py
[2024-03-30T06:20:10.979+0000] {processor.py:836} INFO - DAG(s) dict_keys(['example_branch_dop_operator_v3']) retrieved from /home/airflow/.local/lib/python3.7/site-packages/airflow/example_dags/example_branch_python_dop_operator_3.py
[2024-03-30T06:20:11.014+0000] {logging_mixin.py:149} INFO - [2024-03-30T06:20:11.013+0000] {dag.py:2726} INFO - Sync 1 DAGs
[2024-03-30T06:20:11.044+0000] {logging_mixin.py:149} INFO - [2024-03-30T06:20:11.044+0000] {dag.py:3490} INFO - Setting next_dagrun for example_branch_dop_operator_v3 to 2024-03-30T06:19:00+00:00, run_after=2024-03-30T06:20:00+00:00
[2024-03-30T06:20:11.079+0000] {processor.py:179} INFO - Processing /home/airflow/.local/lib/python3.7/site-packages/airflow/example_dags/example_branch_python_dop_operator_3.py took 0.113 seconds
[2024-03-30T06:20:41.713+0000] {processor.py:157} INFO - Started process (PID=669) to work on /home/airflow/.local/lib/python3.7/site-packages/airflow/example_dags/example_branch_python_dop_operator_3.py
[2024-03-30T06:20:41.714+0000] {processor.py:826} INFO - Processing file /home/airflow/.local/lib/python3.7/site-packages/airflow/example_dags/example_branch_python_dop_operator_3.py for tasks to queue
[2024-03-30T06:20:41.715+0000] {logging_mixin.py:149} INFO - [2024-03-30T06:20:41.714+0000] {dagbag.py:541} INFO - Filling up the DagBag from /home/airflow/.local/lib/python3.7/site-packages/airflow/example_dags/example_branch_python_dop_operator_3.py
[2024-03-30T06:20:41.726+0000] {processor.py:836} INFO - DAG(s) dict_keys(['example_branch_dop_operator_v3']) retrieved from /home/airflow/.local/lib/python3.7/site-packages/airflow/example_dags/example_branch_python_dop_operator_3.py
[2024-03-30T06:20:41.767+0000] {logging_mixin.py:149} INFO - [2024-03-30T06:20:41.767+0000] {dag.py:2726} INFO - Sync 1 DAGs
[2024-03-30T06:20:41.861+0000] {logging_mixin.py:149} INFO - [2024-03-30T06:20:41.861+0000] {dag.py:3490} INFO - Setting next_dagrun for example_branch_dop_operator_v3 to 2024-03-30T06:19:00+00:00, run_after=2024-03-30T06:20:00+00:00
[2024-03-30T06:20:41.900+0000] {processor.py:179} INFO - Processing /home/airflow/.local/lib/python3.7/site-packages/airflow/example_dags/example_branch_python_dop_operator_3.py took 0.191 seconds
[2024-03-30T06:21:12.428+0000] {processor.py:157} INFO - Started process (PID=730) to work on /home/airflow/.local/lib/python3.7/site-packages/airflow/example_dags/example_branch_python_dop_operator_3.py
[2024-03-30T06:21:12.428+0000] {processor.py:826} INFO - Processing file /home/airflow/.local/lib/python3.7/site-packages/airflow/example_dags/example_branch_python_dop_operator_3.py for tasks to queue
[2024-03-30T06:21:12.429+0000] {logging_mixin.py:149} INFO - [2024-03-30T06:21:12.429+0000] {dagbag.py:541} INFO - Filling up the DagBag from /home/airflow/.local/lib/python3.7/site-packages/airflow/example_dags/example_branch_python_dop_operator_3.py
[2024-03-30T06:21:12.438+0000] {processor.py:836} INFO - DAG(s) dict_keys(['example_branch_dop_operator_v3']) retrieved from /home/airflow/.local/lib/python3.7/site-packages/airflow/example_dags/example_branch_python_dop_operator_3.py
[2024-03-30T06:21:12.472+0000] {logging_mixin.py:149} INFO - [2024-03-30T06:21:12.472+0000] {dag.py:2726} INFO - Sync 1 DAGs
[2024-03-30T06:21:12.545+0000] {logging_mixin.py:149} INFO - [2024-03-30T06:21:12.545+0000] {dag.py:3490} INFO - Setting next_dagrun for example_branch_dop_operator_v3 to 2024-03-30T06:20:00+00:00, run_after=2024-03-30T06:21:00+00:00
[2024-03-30T06:21:12.578+0000] {processor.py:179} INFO - Processing /home/airflow/.local/lib/python3.7/site-packages/airflow/example_dags/example_branch_python_dop_operator_3.py took 0.153 seconds
[2024-03-30T06:21:43.659+0000] {processor.py:157} INFO - Started process (PID=791) to work on /home/airflow/.local/lib/python3.7/site-packages/airflow/example_dags/example_branch_python_dop_operator_3.py
[2024-03-30T06:21:43.660+0000] {processor.py:826} INFO - Processing file /home/airflow/.local/lib/python3.7/site-packages/airflow/example_dags/example_branch_python_dop_operator_3.py for tasks to queue
[2024-03-30T06:21:43.661+0000] {logging_mixin.py:149} INFO - [2024-03-30T06:21:43.661+0000] {dagbag.py:541} INFO - Filling up the DagBag from /home/airflow/.local/lib/python3.7/site-packages/airflow/example_dags/example_branch_python_dop_operator_3.py
[2024-03-30T06:21:43.668+0000] {processor.py:836} INFO - DAG(s) dict_keys(['example_branch_dop_operator_v3']) retrieved from /home/airflow/.local/lib/python3.7/site-packages/airflow/example_dags/example_branch_python_dop_operator_3.py
[2024-03-30T06:21:43.705+0000] {logging_mixin.py:149} INFO - [2024-03-30T06:21:43.705+0000] {dag.py:2726} INFO - Sync 1 DAGs
[2024-03-30T06:21:43.736+0000] {logging_mixin.py:149} INFO - [2024-03-30T06:21:43.736+0000] {dag.py:3490} INFO - Setting next_dagrun for example_branch_dop_operator_v3 to 2024-03-30T06:20:00+00:00, run_after=2024-03-30T06:21:00+00:00
[2024-03-30T06:21:43.769+0000] {processor.py:179} INFO - Processing /home/airflow/.local/lib/python3.7/site-packages/airflow/example_dags/example_branch_python_dop_operator_3.py took 0.112 seconds
[2024-03-30T06:22:14.379+0000] {processor.py:157} INFO - Started process (PID=852) to work on /home/airflow/.local/lib/python3.7/site-packages/airflow/example_dags/example_branch_python_dop_operator_3.py
[2024-03-30T06:22:14.379+0000] {processor.py:826} INFO - Processing file /home/airflow/.local/lib/python3.7/site-packages/airflow/example_dags/example_branch_python_dop_operator_3.py for tasks to queue
[2024-03-30T06:22:14.380+0000] {logging_mixin.py:149} INFO - [2024-03-30T06:22:14.380+0000] {dagbag.py:541} INFO - Filling up the DagBag from /home/airflow/.local/lib/python3.7/site-packages/airflow/example_dags/example_branch_python_dop_operator_3.py
[2024-03-30T06:22:14.389+0000] {processor.py:836} INFO - DAG(s) dict_keys(['example_branch_dop_operator_v3']) retrieved from /home/airflow/.local/lib/python3.7/site-packages/airflow/example_dags/example_branch_python_dop_operator_3.py
[2024-03-30T06:22:14.437+0000] {logging_mixin.py:149} INFO - [2024-03-30T06:22:14.437+0000] {dag.py:2726} INFO - Sync 1 DAGs
[2024-03-30T06:22:14.471+0000] {logging_mixin.py:149} INFO - [2024-03-30T06:22:14.471+0000] {dag.py:3490} INFO - Setting next_dagrun for example_branch_dop_operator_v3 to 2024-03-30T06:21:00+00:00, run_after=2024-03-30T06:22:00+00:00
[2024-03-30T06:22:14.512+0000] {processor.py:179} INFO - Processing /home/airflow/.local/lib/python3.7/site-packages/airflow/example_dags/example_branch_python_dop_operator_3.py took 0.136 seconds
[2024-03-30T06:22:44.841+0000] {processor.py:157} INFO - Started process (PID=913) to work on /home/airflow/.local/lib/python3.7/site-packages/airflow/example_dags/example_branch_python_dop_operator_3.py
[2024-03-30T06:22:44.842+0000] {processor.py:826} INFO - Processing file /home/airflow/.local/lib/python3.7/site-packages/airflow/example_dags/example_branch_python_dop_operator_3.py for tasks to queue
[2024-03-30T06:22:44.842+0000] {logging_mixin.py:149} INFO - [2024-03-30T06:22:44.842+0000] {dagbag.py:541} INFO - Filling up the DagBag from /home/airflow/.local/lib/python3.7/site-packages/airflow/example_dags/example_branch_python_dop_operator_3.py
[2024-03-30T06:22:44.850+0000] {processor.py:836} INFO - DAG(s) dict_keys(['example_branch_dop_operator_v3']) retrieved from /home/airflow/.local/lib/python3.7/site-packages/airflow/example_dags/example_branch_python_dop_operator_3.py
[2024-03-30T06:22:44.887+0000] {logging_mixin.py:149} INFO - [2024-03-30T06:22:44.887+0000] {dag.py:2726} INFO - Sync 1 DAGs
[2024-03-30T06:22:44.915+0000] {logging_mixin.py:149} INFO - [2024-03-30T06:22:44.914+0000] {dag.py:3490} INFO - Setting next_dagrun for example_branch_dop_operator_v3 to 2024-03-30T06:21:00+00:00, run_after=2024-03-30T06:22:00+00:00
[2024-03-30T06:22:44.955+0000] {processor.py:179} INFO - Processing /home/airflow/.local/lib/python3.7/site-packages/airflow/example_dags/example_branch_python_dop_operator_3.py took 0.118 seconds
[2024-03-30T06:23:15.215+0000] {processor.py:157} INFO - Started process (PID=974) to work on /home/airflow/.local/lib/python3.7/site-packages/airflow/example_dags/example_branch_python_dop_operator_3.py
[2024-03-30T06:23:15.215+0000] {processor.py:826} INFO - Processing file /home/airflow/.local/lib/python3.7/site-packages/airflow/example_dags/example_branch_python_dop_operator_3.py for tasks to queue
[2024-03-30T06:23:15.216+0000] {logging_mixin.py:149} INFO - [2024-03-30T06:23:15.216+0000] {dagbag.py:541} INFO - Filling up the DagBag from /home/airflow/.local/lib/python3.7/site-packages/airflow/example_dags/example_branch_python_dop_operator_3.py
[2024-03-30T06:23:15.223+0000] {processor.py:836} INFO - DAG(s) dict_keys(['example_branch_dop_operator_v3']) retrieved from /home/airflow/.local/lib/python3.7/site-packages/airflow/example_dags/example_branch_python_dop_operator_3.py
[2024-03-30T06:23:15.258+0000] {logging_mixin.py:149} INFO - [2024-03-30T06:23:15.258+0000] {dag.py:2726} INFO - Sync 1 DAGs
[2024-03-30T06:23:15.347+0000] {logging_mixin.py:149} INFO - [2024-03-30T06:23:15.347+0000] {dag.py:3490} INFO - Setting next_dagrun for example_branch_dop_operator_v3 to 2024-03-30T06:22:00+00:00, run_after=2024-03-30T06:23:00+00:00
[2024-03-30T06:23:15.379+0000] {processor.py:179} INFO - Processing /home/airflow/.local/lib/python3.7/site-packages/airflow/example_dags/example_branch_python_dop_operator_3.py took 0.167 seconds
[2024-03-30T06:23:46.547+0000] {processor.py:157} INFO - Started process (PID=1035) to work on /home/airflow/.local/lib/python3.7/site-packages/airflow/example_dags/example_branch_python_dop_operator_3.py
[2024-03-30T06:23:46.548+0000] {processor.py:826} INFO - Processing file /home/airflow/.local/lib/python3.7/site-packages/airflow/example_dags/example_branch_python_dop_operator_3.py for tasks to queue
[2024-03-30T06:23:46.549+0000] {logging_mixin.py:149} INFO - [2024-03-30T06:23:46.549+0000] {dagbag.py:541} INFO - Filling up the DagBag from /home/airflow/.local/lib/python3.7/site-packages/airflow/example_dags/example_branch_python_dop_operator_3.py
[2024-03-30T06:23:46.555+0000] {processor.py:836} INFO - DAG(s) dict_keys(['example_branch_dop_operator_v3']) retrieved from /home/airflow/.local/lib/python3.7/site-packages/airflow/example_dags/example_branch_python_dop_operator_3.py
[2024-03-30T06:23:46.589+0000] {logging_mixin.py:149} INFO - [2024-03-30T06:23:46.589+0000] {dag.py:2726} INFO - Sync 1 DAGs
[2024-03-30T06:23:46.618+0000] {logging_mixin.py:149} INFO - [2024-03-30T06:23:46.617+0000] {dag.py:3490} INFO - Setting next_dagrun for example_branch_dop_operator_v3 to 2024-03-30T06:22:00+00:00, run_after=2024-03-30T06:23:00+00:00
[2024-03-30T06:23:46.650+0000] {processor.py:179} INFO - Processing /home/airflow/.local/lib/python3.7/site-packages/airflow/example_dags/example_branch_python_dop_operator_3.py took 0.106 seconds
[2024-03-30T06:24:17.012+0000] {processor.py:157} INFO - Started process (PID=1096) to work on /home/airflow/.local/lib/python3.7/site-packages/airflow/example_dags/example_branch_python_dop_operator_3.py
[2024-03-30T06:24:17.013+0000] {processor.py:826} INFO - Processing file /home/airflow/.local/lib/python3.7/site-packages/airflow/example_dags/example_branch_python_dop_operator_3.py for tasks to queue
[2024-03-30T06:24:17.014+0000] {logging_mixin.py:149} INFO - [2024-03-30T06:24:17.013+0000] {dagbag.py:541} INFO - Filling up the DagBag from /home/airflow/.local/lib/python3.7/site-packages/airflow/example_dags/example_branch_python_dop_operator_3.py
[2024-03-30T06:24:17.021+0000] {processor.py:836} INFO - DAG(s) dict_keys(['example_branch_dop_operator_v3']) retrieved from /home/airflow/.local/lib/python3.7/site-packages/airflow/example_dags/example_branch_python_dop_operator_3.py
[2024-03-30T06:24:17.055+0000] {logging_mixin.py:149} INFO - [2024-03-30T06:24:17.055+0000] {dag.py:2726} INFO - Sync 1 DAGs
[2024-03-30T06:24:17.083+0000] {logging_mixin.py:149} INFO - [2024-03-30T06:24:17.083+0000] {dag.py:3490} INFO - Setting next_dagrun for example_branch_dop_operator_v3 to 2024-03-30T06:23:00+00:00, run_after=2024-03-30T06:24:00+00:00
[2024-03-30T06:24:17.116+0000] {processor.py:179} INFO - Processing /home/airflow/.local/lib/python3.7/site-packages/airflow/example_dags/example_branch_python_dop_operator_3.py took 0.107 seconds
[2024-03-30T06:24:47.484+0000] {processor.py:157} INFO - Started process (PID=1157) to work on /home/airflow/.local/lib/python3.7/site-packages/airflow/example_dags/example_branch_python_dop_operator_3.py
[2024-03-30T06:24:47.485+0000] {processor.py:826} INFO - Processing file /home/airflow/.local/lib/python3.7/site-packages/airflow/example_dags/example_branch_python_dop_operator_3.py for tasks to queue
[2024-03-30T06:24:47.486+0000] {logging_mixin.py:149} INFO - [2024-03-30T06:24:47.486+0000] {dagbag.py:541} INFO - Filling up the DagBag from /home/airflow/.local/lib/python3.7/site-packages/airflow/example_dags/example_branch_python_dop_operator_3.py
[2024-03-30T06:24:47.493+0000] {processor.py:836} INFO - DAG(s) dict_keys(['example_branch_dop_operator_v3']) retrieved from /home/airflow/.local/lib/python3.7/site-packages/airflow/example_dags/example_branch_python_dop_operator_3.py
[2024-03-30T06:24:47.528+0000] {logging_mixin.py:149} INFO - [2024-03-30T06:24:47.528+0000] {dag.py:2726} INFO - Sync 1 DAGs
[2024-03-30T06:24:47.556+0000] {logging_mixin.py:149} INFO - [2024-03-30T06:24:47.556+0000] {dag.py:3490} INFO - Setting next_dagrun for example_branch_dop_operator_v3 to 2024-03-30T06:23:00+00:00, run_after=2024-03-30T06:24:00+00:00
[2024-03-30T06:24:47.593+0000] {processor.py:179} INFO - Processing /home/airflow/.local/lib/python3.7/site-packages/airflow/example_dags/example_branch_python_dop_operator_3.py took 0.112 seconds
[2024-03-30T06:25:17.908+0000] {processor.py:157} INFO - Started process (PID=1218) to work on /home/airflow/.local/lib/python3.7/site-packages/airflow/example_dags/example_branch_python_dop_operator_3.py
[2024-03-30T06:25:17.909+0000] {processor.py:826} INFO - Processing file /home/airflow/.local/lib/python3.7/site-packages/airflow/example_dags/example_branch_python_dop_operator_3.py for tasks to queue
[2024-03-30T06:25:17.909+0000] {logging_mixin.py:149} INFO - [2024-03-30T06:25:17.909+0000] {dagbag.py:541} INFO - Filling up the DagBag from /home/airflow/.local/lib/python3.7/site-packages/airflow/example_dags/example_branch_python_dop_operator_3.py
[2024-03-30T06:25:17.916+0000] {processor.py:836} INFO - DAG(s) dict_keys(['example_branch_dop_operator_v3']) retrieved from /home/airflow/.local/lib/python3.7/site-packages/airflow/example_dags/example_branch_python_dop_operator_3.py
[2024-03-30T06:25:17.953+0000] {logging_mixin.py:149} INFO - [2024-03-30T06:25:17.953+0000] {dag.py:2726} INFO - Sync 1 DAGs
[2024-03-30T06:25:17.981+0000] {logging_mixin.py:149} INFO - [2024-03-30T06:25:17.981+0000] {dag.py:3490} INFO - Setting next_dagrun for example_branch_dop_operator_v3 to 2024-03-30T06:24:00+00:00, run_after=2024-03-30T06:25:00+00:00
[2024-03-30T06:25:18.017+0000] {processor.py:179} INFO - Processing /home/airflow/.local/lib/python3.7/site-packages/airflow/example_dags/example_branch_python_dop_operator_3.py took 0.111 seconds
[2024-03-30T06:25:48.219+0000] {processor.py:157} INFO - Started process (PID=1279) to work on /home/airflow/.local/lib/python3.7/site-packages/airflow/example_dags/example_branch_python_dop_operator_3.py
[2024-03-30T06:25:48.221+0000] {processor.py:826} INFO - Processing file /home/airflow/.local/lib/python3.7/site-packages/airflow/example_dags/example_branch_python_dop_operator_3.py for tasks to queue
[2024-03-30T06:25:48.221+0000] {logging_mixin.py:149} INFO - [2024-03-30T06:25:48.221+0000] {dagbag.py:541} INFO - Filling up the DagBag from /home/airflow/.local/lib/python3.7/site-packages/airflow/example_dags/example_branch_python_dop_operator_3.py
[2024-03-30T06:25:48.231+0000] {processor.py:836} INFO - DAG(s) dict_keys(['example_branch_dop_operator_v3']) retrieved from /home/airflow/.local/lib/python3.7/site-packages/airflow/example_dags/example_branch_python_dop_operator_3.py
[2024-03-30T06:25:48.274+0000] {logging_mixin.py:149} INFO - [2024-03-30T06:25:48.274+0000] {dag.py:2726} INFO - Sync 1 DAGs
[2024-03-30T06:25:48.304+0000] {logging_mixin.py:149} INFO - [2024-03-30T06:25:48.304+0000] {dag.py:3490} INFO - Setting next_dagrun for example_branch_dop_operator_v3 to 2024-03-30T06:24:00+00:00, run_after=2024-03-30T06:25:00+00:00
[2024-03-30T06:25:48.338+0000] {processor.py:179} INFO - Processing /home/airflow/.local/lib/python3.7/site-packages/airflow/example_dags/example_branch_python_dop_operator_3.py took 0.121 seconds
[2024-03-30T06:26:19.087+0000] {processor.py:157} INFO - Started process (PID=1340) to work on /home/airflow/.local/lib/python3.7/site-packages/airflow/example_dags/example_branch_python_dop_operator_3.py
[2024-03-30T06:26:19.087+0000] {processor.py:826} INFO - Processing file /home/airflow/.local/lib/python3.7/site-packages/airflow/example_dags/example_branch_python_dop_operator_3.py for tasks to queue
[2024-03-30T06:26:19.088+0000] {logging_mixin.py:149} INFO - [2024-03-30T06:26:19.088+0000] {dagbag.py:541} INFO - Filling up the DagBag from /home/airflow/.local/lib/python3.7/site-packages/airflow/example_dags/example_branch_python_dop_operator_3.py
[2024-03-30T06:26:19.095+0000] {processor.py:836} INFO - DAG(s) dict_keys(['example_branch_dop_operator_v3']) retrieved from /home/airflow/.local/lib/python3.7/site-packages/airflow/example_dags/example_branch_python_dop_operator_3.py
[2024-03-30T06:26:19.132+0000] {logging_mixin.py:149} INFO - [2024-03-30T06:26:19.131+0000] {dag.py:2726} INFO - Sync 1 DAGs
[2024-03-30T06:26:19.161+0000] {logging_mixin.py:149} INFO - [2024-03-30T06:26:19.161+0000] {dag.py:3490} INFO - Setting next_dagrun for example_branch_dop_operator_v3 to 2024-03-30T06:25:00+00:00, run_after=2024-03-30T06:26:00+00:00
[2024-03-30T06:26:19.194+0000] {processor.py:179} INFO - Processing /home/airflow/.local/lib/python3.7/site-packages/airflow/example_dags/example_branch_python_dop_operator_3.py took 0.110 seconds
[2024-03-30T06:26:50.071+0000] {processor.py:157} INFO - Started process (PID=1402) to work on /home/airflow/.local/lib/python3.7/site-packages/airflow/example_dags/example_branch_python_dop_operator_3.py
[2024-03-30T06:26:50.072+0000] {processor.py:826} INFO - Processing file /home/airflow/.local/lib/python3.7/site-packages/airflow/example_dags/example_branch_python_dop_operator_3.py for tasks to queue
[2024-03-30T06:26:50.072+0000] {logging_mixin.py:149} INFO - [2024-03-30T06:26:50.072+0000] {dagbag.py:541} INFO - Filling up the DagBag from /home/airflow/.local/lib/python3.7/site-packages/airflow/example_dags/example_branch_python_dop_operator_3.py
[2024-03-30T06:26:50.080+0000] {processor.py:836} INFO - DAG(s) dict_keys(['example_branch_dop_operator_v3']) retrieved from /home/airflow/.local/lib/python3.7/site-packages/airflow/example_dags/example_branch_python_dop_operator_3.py
[2024-03-30T06:26:50.117+0000] {logging_mixin.py:149} INFO - [2024-03-30T06:26:50.117+0000] {dag.py:2726} INFO - Sync 1 DAGs
[2024-03-30T06:26:50.145+0000] {logging_mixin.py:149} INFO - [2024-03-30T06:26:50.145+0000] {dag.py:3490} INFO - Setting next_dagrun for example_branch_dop_operator_v3 to 2024-03-30T06:25:00+00:00, run_after=2024-03-30T06:26:00+00:00
[2024-03-30T06:26:50.179+0000] {processor.py:179} INFO - Processing /home/airflow/.local/lib/python3.7/site-packages/airflow/example_dags/example_branch_python_dop_operator_3.py took 0.111 seconds
[2024-03-30T06:27:20.579+0000] {processor.py:157} INFO - Started process (PID=1463) to work on /home/airflow/.local/lib/python3.7/site-packages/airflow/example_dags/example_branch_python_dop_operator_3.py
[2024-03-30T06:27:20.580+0000] {processor.py:826} INFO - Processing file /home/airflow/.local/lib/python3.7/site-packages/airflow/example_dags/example_branch_python_dop_operator_3.py for tasks to queue
[2024-03-30T06:27:20.581+0000] {logging_mixin.py:149} INFO - [2024-03-30T06:27:20.581+0000] {dagbag.py:541} INFO - Filling up the DagBag from /home/airflow/.local/lib/python3.7/site-packages/airflow/example_dags/example_branch_python_dop_operator_3.py
[2024-03-30T06:27:20.588+0000] {processor.py:836} INFO - DAG(s) dict_keys(['example_branch_dop_operator_v3']) retrieved from /home/airflow/.local/lib/python3.7/site-packages/airflow/example_dags/example_branch_python_dop_operator_3.py
[2024-03-30T06:27:20.630+0000] {logging_mixin.py:149} INFO - [2024-03-30T06:27:20.630+0000] {dag.py:2726} INFO - Sync 1 DAGs
[2024-03-30T06:27:20.660+0000] {logging_mixin.py:149} INFO - [2024-03-30T06:27:20.660+0000] {dag.py:3490} INFO - Setting next_dagrun for example_branch_dop_operator_v3 to 2024-03-30T06:26:00+00:00, run_after=2024-03-30T06:27:00+00:00
[2024-03-30T06:27:20.692+0000] {processor.py:179} INFO - Processing /home/airflow/.local/lib/python3.7/site-packages/airflow/example_dags/example_branch_python_dop_operator_3.py took 0.116 seconds
[2024-03-30T06:27:51.488+0000] {processor.py:157} INFO - Started process (PID=1525) to work on /home/airflow/.local/lib/python3.7/site-packages/airflow/example_dags/example_branch_python_dop_operator_3.py
[2024-03-30T06:27:51.490+0000] {processor.py:826} INFO - Processing file /home/airflow/.local/lib/python3.7/site-packages/airflow/example_dags/example_branch_python_dop_operator_3.py for tasks to queue
[2024-03-30T06:27:51.491+0000] {logging_mixin.py:149} INFO - [2024-03-30T06:27:51.491+0000] {dagbag.py:541} INFO - Filling up the DagBag from /home/airflow/.local/lib/python3.7/site-packages/airflow/example_dags/example_branch_python_dop_operator_3.py
[2024-03-30T06:27:51.506+0000] {processor.py:836} INFO - DAG(s) dict_keys(['example_branch_dop_operator_v3']) retrieved from /home/airflow/.local/lib/python3.7/site-packages/airflow/example_dags/example_branch_python_dop_operator_3.py
[2024-03-30T06:27:51.557+0000] {logging_mixin.py:149} INFO - [2024-03-30T06:27:51.557+0000] {dag.py:2726} INFO - Sync 1 DAGs
[2024-03-30T06:27:51.593+0000] {logging_mixin.py:149} INFO - [2024-03-30T06:27:51.593+0000] {dag.py:3490} INFO - Setting next_dagrun for example_branch_dop_operator_v3 to 2024-03-30T06:26:00+00:00, run_after=2024-03-30T06:27:00+00:00
[2024-03-30T06:27:51.636+0000] {processor.py:179} INFO - Processing /home/airflow/.local/lib/python3.7/site-packages/airflow/example_dags/example_branch_python_dop_operator_3.py took 0.152 seconds
[2024-03-30T06:28:22.237+0000] {processor.py:157} INFO - Started process (PID=1586) to work on /home/airflow/.local/lib/python3.7/site-packages/airflow/example_dags/example_branch_python_dop_operator_3.py
[2024-03-30T06:28:22.238+0000] {processor.py:826} INFO - Processing file /home/airflow/.local/lib/python3.7/site-packages/airflow/example_dags/example_branch_python_dop_operator_3.py for tasks to queue
[2024-03-30T06:28:22.239+0000] {logging_mixin.py:149} INFO - [2024-03-30T06:28:22.238+0000] {dagbag.py:541} INFO - Filling up the DagBag from /home/airflow/.local/lib/python3.7/site-packages/airflow/example_dags/example_branch_python_dop_operator_3.py
[2024-03-30T06:28:22.247+0000] {processor.py:836} INFO - DAG(s) dict_keys(['example_branch_dop_operator_v3']) retrieved from /home/airflow/.local/lib/python3.7/site-packages/airflow/example_dags/example_branch_python_dop_operator_3.py
[2024-03-30T06:28:22.285+0000] {logging_mixin.py:149} INFO - [2024-03-30T06:28:22.284+0000] {dag.py:2726} INFO - Sync 1 DAGs
[2024-03-30T06:28:22.370+0000] {logging_mixin.py:149} INFO - [2024-03-30T06:28:22.370+0000] {dag.py:3490} INFO - Setting next_dagrun for example_branch_dop_operator_v3 to 2024-03-30T06:27:00+00:00, run_after=2024-03-30T06:28:00+00:00
[2024-03-30T06:28:22.408+0000] {processor.py:179} INFO - Processing /home/airflow/.local/lib/python3.7/site-packages/airflow/example_dags/example_branch_python_dop_operator_3.py took 0.174 seconds
[2024-03-30T06:28:52.832+0000] {processor.py:157} INFO - Started process (PID=1647) to work on /home/airflow/.local/lib/python3.7/site-packages/airflow/example_dags/example_branch_python_dop_operator_3.py
[2024-03-30T06:28:52.833+0000] {processor.py:826} INFO - Processing file /home/airflow/.local/lib/python3.7/site-packages/airflow/example_dags/example_branch_python_dop_operator_3.py for tasks to queue
[2024-03-30T06:28:52.834+0000] {logging_mixin.py:149} INFO - [2024-03-30T06:28:52.834+0000] {dagbag.py:541} INFO - Filling up the DagBag from /home/airflow/.local/lib/python3.7/site-packages/airflow/example_dags/example_branch_python_dop_operator_3.py
[2024-03-30T06:28:52.841+0000] {processor.py:836} INFO - DAG(s) dict_keys(['example_branch_dop_operator_v3']) retrieved from /home/airflow/.local/lib/python3.7/site-packages/airflow/example_dags/example_branch_python_dop_operator_3.py
[2024-03-30T06:28:52.875+0000] {logging_mixin.py:149} INFO - [2024-03-30T06:28:52.875+0000] {dag.py:2726} INFO - Sync 1 DAGs
[2024-03-30T06:28:52.905+0000] {logging_mixin.py:149} INFO - [2024-03-30T06:28:52.904+0000] {dag.py:3490} INFO - Setting next_dagrun for example_branch_dop_operator_v3 to 2024-03-30T06:27:00+00:00, run_after=2024-03-30T06:28:00+00:00
[2024-03-30T06:28:52.939+0000] {processor.py:179} INFO - Processing /home/airflow/.local/lib/python3.7/site-packages/airflow/example_dags/example_branch_python_dop_operator_3.py took 0.111 seconds
[2024-03-30T06:29:23.303+0000] {processor.py:157} INFO - Started process (PID=1708) to work on /home/airflow/.local/lib/python3.7/site-packages/airflow/example_dags/example_branch_python_dop_operator_3.py
[2024-03-30T06:29:23.304+0000] {processor.py:826} INFO - Processing file /home/airflow/.local/lib/python3.7/site-packages/airflow/example_dags/example_branch_python_dop_operator_3.py for tasks to queue
[2024-03-30T06:29:23.305+0000] {logging_mixin.py:149} INFO - [2024-03-30T06:29:23.304+0000] {dagbag.py:541} INFO - Filling up the DagBag from /home/airflow/.local/lib/python3.7/site-packages/airflow/example_dags/example_branch_python_dop_operator_3.py
[2024-03-30T06:29:23.312+0000] {processor.py:836} INFO - DAG(s) dict_keys(['example_branch_dop_operator_v3']) retrieved from /home/airflow/.local/lib/python3.7/site-packages/airflow/example_dags/example_branch_python_dop_operator_3.py
[2024-03-30T06:29:23.350+0000] {logging_mixin.py:149} INFO - [2024-03-30T06:29:23.350+0000] {dag.py:2726} INFO - Sync 1 DAGs
[2024-03-30T06:29:23.377+0000] {logging_mixin.py:149} INFO - [2024-03-30T06:29:23.377+0000] {dag.py:3490} INFO - Setting next_dagrun for example_branch_dop_operator_v3 to 2024-03-30T06:28:00+00:00, run_after=2024-03-30T06:29:00+00:00
[2024-03-30T06:29:23.411+0000] {processor.py:179} INFO - Processing /home/airflow/.local/lib/python3.7/site-packages/airflow/example_dags/example_branch_python_dop_operator_3.py took 0.111 seconds
[2024-03-30T06:29:54.005+0000] {processor.py:157} INFO - Started process (PID=1769) to work on /home/airflow/.local/lib/python3.7/site-packages/airflow/example_dags/example_branch_python_dop_operator_3.py
[2024-03-30T06:29:54.006+0000] {processor.py:826} INFO - Processing file /home/airflow/.local/lib/python3.7/site-packages/airflow/example_dags/example_branch_python_dop_operator_3.py for tasks to queue
[2024-03-30T06:29:54.006+0000] {logging_mixin.py:149} INFO - [2024-03-30T06:29:54.006+0000] {dagbag.py:541} INFO - Filling up the DagBag from /home/airflow/.local/lib/python3.7/site-packages/airflow/example_dags/example_branch_python_dop_operator_3.py
[2024-03-30T06:29:54.013+0000] {processor.py:836} INFO - DAG(s) dict_keys(['example_branch_dop_operator_v3']) retrieved from /home/airflow/.local/lib/python3.7/site-packages/airflow/example_dags/example_branch_python_dop_operator_3.py
[2024-03-30T06:29:54.048+0000] {logging_mixin.py:149} INFO - [2024-03-30T06:29:54.048+0000] {dag.py:2726} INFO - Sync 1 DAGs
[2024-03-30T06:29:54.082+0000] {logging_mixin.py:149} INFO - [2024-03-30T06:29:54.081+0000] {dag.py:3490} INFO - Setting next_dagrun for example_branch_dop_operator_v3 to 2024-03-30T06:28:00+00:00, run_after=2024-03-30T06:29:00+00:00
[2024-03-30T06:29:54.118+0000] {processor.py:179} INFO - Processing /home/airflow/.local/lib/python3.7/site-packages/airflow/example_dags/example_branch_python_dop_operator_3.py took 0.117 seconds
[2024-03-30T06:30:24.309+0000] {processor.py:157} INFO - Started process (PID=1830) to work on /home/airflow/.local/lib/python3.7/site-packages/airflow/example_dags/example_branch_python_dop_operator_3.py
[2024-03-30T06:30:24.309+0000] {processor.py:826} INFO - Processing file /home/airflow/.local/lib/python3.7/site-packages/airflow/example_dags/example_branch_python_dop_operator_3.py for tasks to queue
[2024-03-30T06:30:24.310+0000] {logging_mixin.py:149} INFO - [2024-03-30T06:30:24.310+0000] {dagbag.py:541} INFO - Filling up the DagBag from /home/airflow/.local/lib/python3.7/site-packages/airflow/example_dags/example_branch_python_dop_operator_3.py
[2024-03-30T06:30:24.317+0000] {processor.py:836} INFO - DAG(s) dict_keys(['example_branch_dop_operator_v3']) retrieved from /home/airflow/.local/lib/python3.7/site-packages/airflow/example_dags/example_branch_python_dop_operator_3.py
[2024-03-30T06:30:24.366+0000] {logging_mixin.py:149} INFO - [2024-03-30T06:30:24.366+0000] {dag.py:2726} INFO - Sync 1 DAGs
[2024-03-30T06:30:24.396+0000] {logging_mixin.py:149} INFO - [2024-03-30T06:30:24.396+0000] {dag.py:3490} INFO - Setting next_dagrun for example_branch_dop_operator_v3 to 2024-03-30T06:29:00+00:00, run_after=2024-03-30T06:30:00+00:00
[2024-03-30T06:30:24.432+0000] {processor.py:179} INFO - Processing /home/airflow/.local/lib/python3.7/site-packages/airflow/example_dags/example_branch_python_dop_operator_3.py took 0.126 seconds
[2024-03-30T06:30:54.973+0000] {processor.py:157} INFO - Started process (PID=1898) to work on /home/airflow/.local/lib/python3.7/site-packages/airflow/example_dags/example_branch_python_dop_operator_3.py
[2024-03-30T06:30:54.974+0000] {processor.py:826} INFO - Processing file /home/airflow/.local/lib/python3.7/site-packages/airflow/example_dags/example_branch_python_dop_operator_3.py for tasks to queue
[2024-03-30T06:30:54.975+0000] {logging_mixin.py:149} INFO - [2024-03-30T06:30:54.975+0000] {dagbag.py:541} INFO - Filling up the DagBag from /home/airflow/.local/lib/python3.7/site-packages/airflow/example_dags/example_branch_python_dop_operator_3.py
[2024-03-30T06:30:54.982+0000] {processor.py:836} INFO - DAG(s) dict_keys(['example_branch_dop_operator_v3']) retrieved from /home/airflow/.local/lib/python3.7/site-packages/airflow/example_dags/example_branch_python_dop_operator_3.py
[2024-03-30T06:30:55.019+0000] {logging_mixin.py:149} INFO - [2024-03-30T06:30:55.019+0000] {dag.py:2726} INFO - Sync 1 DAGs
[2024-03-30T06:30:55.048+0000] {logging_mixin.py:149} INFO - [2024-03-30T06:30:55.048+0000] {dag.py:3490} INFO - Setting next_dagrun for example_branch_dop_operator_v3 to 2024-03-30T06:29:00+00:00, run_after=2024-03-30T06:30:00+00:00
[2024-03-30T06:30:55.081+0000] {processor.py:179} INFO - Processing /home/airflow/.local/lib/python3.7/site-packages/airflow/example_dags/example_branch_python_dop_operator_3.py took 0.110 seconds
[2024-03-30T06:31:25.902+0000] {processor.py:157} INFO - Started process (PID=1959) to work on /home/airflow/.local/lib/python3.7/site-packages/airflow/example_dags/example_branch_python_dop_operator_3.py
[2024-03-30T06:31:25.903+0000] {processor.py:826} INFO - Processing file /home/airflow/.local/lib/python3.7/site-packages/airflow/example_dags/example_branch_python_dop_operator_3.py for tasks to queue
[2024-03-30T06:31:25.903+0000] {logging_mixin.py:149} INFO - [2024-03-30T06:31:25.903+0000] {dagbag.py:541} INFO - Filling up the DagBag from /home/airflow/.local/lib/python3.7/site-packages/airflow/example_dags/example_branch_python_dop_operator_3.py
[2024-03-30T06:31:25.911+0000] {processor.py:836} INFO - DAG(s) dict_keys(['example_branch_dop_operator_v3']) retrieved from /home/airflow/.local/lib/python3.7/site-packages/airflow/example_dags/example_branch_python_dop_operator_3.py
[2024-03-30T06:31:25.946+0000] {logging_mixin.py:149} INFO - [2024-03-30T06:31:25.946+0000] {dag.py:2726} INFO - Sync 1 DAGs
[2024-03-30T06:31:25.975+0000] {logging_mixin.py:149} INFO - [2024-03-30T06:31:25.975+0000] {dag.py:3490} INFO - Setting next_dagrun for example_branch_dop_operator_v3 to 2024-03-30T06:30:00+00:00, run_after=2024-03-30T06:31:00+00:00
[2024-03-30T06:31:26.012+0000] {processor.py:179} INFO - Processing /home/airflow/.local/lib/python3.7/site-packages/airflow/example_dags/example_branch_python_dop_operator_3.py took 0.113 seconds
[2024-03-30T08:20:58.234+0000] {processor.py:157} INFO - Started process (PID=67) to work on /home/airflow/.local/lib/python3.7/site-packages/airflow/example_dags/example_branch_python_dop_operator_3.py
[2024-03-30T08:20:58.235+0000] {processor.py:826} INFO - Processing file /home/airflow/.local/lib/python3.7/site-packages/airflow/example_dags/example_branch_python_dop_operator_3.py for tasks to queue
[2024-03-30T08:20:58.236+0000] {logging_mixin.py:149} INFO - [2024-03-30T08:20:58.236+0000] {dagbag.py:541} INFO - Filling up the DagBag from /home/airflow/.local/lib/python3.7/site-packages/airflow/example_dags/example_branch_python_dop_operator_3.py
[2024-03-30T08:20:58.245+0000] {processor.py:836} INFO - DAG(s) dict_keys(['example_branch_dop_operator_v3']) retrieved from /home/airflow/.local/lib/python3.7/site-packages/airflow/example_dags/example_branch_python_dop_operator_3.py
[2024-03-30T08:20:58.301+0000] {logging_mixin.py:149} INFO - [2024-03-30T08:20:58.301+0000] {dag.py:2726} INFO - Sync 1 DAGs
[2024-03-30T08:20:58.393+0000] {logging_mixin.py:149} INFO - [2024-03-30T08:20:58.393+0000] {dag.py:3490} INFO - Setting next_dagrun for example_branch_dop_operator_v3 to 2024-03-30T08:19:00+00:00, run_after=2024-03-30T08:20:00+00:00
[2024-03-30T08:20:58.454+0000] {processor.py:179} INFO - Processing /home/airflow/.local/lib/python3.7/site-packages/airflow/example_dags/example_branch_python_dop_operator_3.py took 0.223 seconds
[2024-03-30T08:21:28.940+0000] {processor.py:157} INFO - Started process (PID=128) to work on /home/airflow/.local/lib/python3.7/site-packages/airflow/example_dags/example_branch_python_dop_operator_3.py
[2024-03-30T08:21:28.941+0000] {processor.py:826} INFO - Processing file /home/airflow/.local/lib/python3.7/site-packages/airflow/example_dags/example_branch_python_dop_operator_3.py for tasks to queue
[2024-03-30T08:21:28.941+0000] {logging_mixin.py:149} INFO - [2024-03-30T08:21:28.941+0000] {dagbag.py:541} INFO - Filling up the DagBag from /home/airflow/.local/lib/python3.7/site-packages/airflow/example_dags/example_branch_python_dop_operator_3.py
[2024-03-30T08:21:28.949+0000] {processor.py:836} INFO - DAG(s) dict_keys(['example_branch_dop_operator_v3']) retrieved from /home/airflow/.local/lib/python3.7/site-packages/airflow/example_dags/example_branch_python_dop_operator_3.py
[2024-03-30T08:21:28.989+0000] {logging_mixin.py:149} INFO - [2024-03-30T08:21:28.989+0000] {dag.py:2726} INFO - Sync 1 DAGs
[2024-03-30T08:21:29.020+0000] {logging_mixin.py:149} INFO - [2024-03-30T08:21:29.019+0000] {dag.py:3490} INFO - Setting next_dagrun for example_branch_dop_operator_v3 to 2024-03-30T08:20:00+00:00, run_after=2024-03-30T08:21:00+00:00
[2024-03-30T08:21:29.058+0000] {processor.py:179} INFO - Processing /home/airflow/.local/lib/python3.7/site-packages/airflow/example_dags/example_branch_python_dop_operator_3.py took 0.120 seconds
[2024-03-30T08:21:59.653+0000] {processor.py:157} INFO - Started process (PID=189) to work on /home/airflow/.local/lib/python3.7/site-packages/airflow/example_dags/example_branch_python_dop_operator_3.py
[2024-03-30T08:21:59.654+0000] {processor.py:826} INFO - Processing file /home/airflow/.local/lib/python3.7/site-packages/airflow/example_dags/example_branch_python_dop_operator_3.py for tasks to queue
[2024-03-30T08:21:59.655+0000] {logging_mixin.py:149} INFO - [2024-03-30T08:21:59.655+0000] {dagbag.py:541} INFO - Filling up the DagBag from /home/airflow/.local/lib/python3.7/site-packages/airflow/example_dags/example_branch_python_dop_operator_3.py
[2024-03-30T08:21:59.663+0000] {processor.py:836} INFO - DAG(s) dict_keys(['example_branch_dop_operator_v3']) retrieved from /home/airflow/.local/lib/python3.7/site-packages/airflow/example_dags/example_branch_python_dop_operator_3.py
[2024-03-30T08:21:59.703+0000] {logging_mixin.py:149} INFO - [2024-03-30T08:21:59.703+0000] {dag.py:2726} INFO - Sync 1 DAGs
[2024-03-30T08:21:59.832+0000] {logging_mixin.py:149} INFO - [2024-03-30T08:21:59.832+0000] {dag.py:3490} INFO - Setting next_dagrun for example_branch_dop_operator_v3 to 2024-03-30T08:20:00+00:00, run_after=2024-03-30T08:21:00+00:00
[2024-03-30T08:21:59.873+0000] {processor.py:179} INFO - Processing /home/airflow/.local/lib/python3.7/site-packages/airflow/example_dags/example_branch_python_dop_operator_3.py took 0.225 seconds
[2024-03-30T08:22:30.051+0000] {processor.py:157} INFO - Started process (PID=250) to work on /home/airflow/.local/lib/python3.7/site-packages/airflow/example_dags/example_branch_python_dop_operator_3.py
[2024-03-30T08:22:30.052+0000] {processor.py:826} INFO - Processing file /home/airflow/.local/lib/python3.7/site-packages/airflow/example_dags/example_branch_python_dop_operator_3.py for tasks to queue
[2024-03-30T08:22:30.052+0000] {logging_mixin.py:149} INFO - [2024-03-30T08:22:30.052+0000] {dagbag.py:541} INFO - Filling up the DagBag from /home/airflow/.local/lib/python3.7/site-packages/airflow/example_dags/example_branch_python_dop_operator_3.py
[2024-03-30T08:22:30.063+0000] {processor.py:836} INFO - DAG(s) dict_keys(['example_branch_dop_operator_v3']) retrieved from /home/airflow/.local/lib/python3.7/site-packages/airflow/example_dags/example_branch_python_dop_operator_3.py
[2024-03-30T08:22:30.117+0000] {logging_mixin.py:149} INFO - [2024-03-30T08:22:30.116+0000] {dag.py:2726} INFO - Sync 1 DAGs
[2024-03-30T08:22:30.163+0000] {logging_mixin.py:149} INFO - [2024-03-30T08:22:30.163+0000] {dag.py:3490} INFO - Setting next_dagrun for example_branch_dop_operator_v3 to 2024-03-30T08:21:00+00:00, run_after=2024-03-30T08:22:00+00:00
[2024-03-30T08:22:30.216+0000] {processor.py:179} INFO - Processing /home/airflow/.local/lib/python3.7/site-packages/airflow/example_dags/example_branch_python_dop_operator_3.py took 0.169 seconds
[2024-03-30T08:23:00.281+0000] {processor.py:157} INFO - Started process (PID=311) to work on /home/airflow/.local/lib/python3.7/site-packages/airflow/example_dags/example_branch_python_dop_operator_3.py
[2024-03-30T08:23:00.282+0000] {processor.py:826} INFO - Processing file /home/airflow/.local/lib/python3.7/site-packages/airflow/example_dags/example_branch_python_dop_operator_3.py for tasks to queue
[2024-03-30T08:23:00.283+0000] {logging_mixin.py:149} INFO - [2024-03-30T08:23:00.283+0000] {dagbag.py:541} INFO - Filling up the DagBag from /home/airflow/.local/lib/python3.7/site-packages/airflow/example_dags/example_branch_python_dop_operator_3.py
[2024-03-30T08:23:00.301+0000] {processor.py:836} INFO - DAG(s) dict_keys(['example_branch_dop_operator_v3']) retrieved from /home/airflow/.local/lib/python3.7/site-packages/airflow/example_dags/example_branch_python_dop_operator_3.py
[2024-03-30T08:23:00.358+0000] {logging_mixin.py:149} INFO - [2024-03-30T08:23:00.357+0000] {dag.py:2726} INFO - Sync 1 DAGs
[2024-03-30T08:23:00.437+0000] {logging_mixin.py:149} INFO - [2024-03-30T08:23:00.437+0000] {dag.py:3490} INFO - Setting next_dagrun for example_branch_dop_operator_v3 to 2024-03-30T08:22:00+00:00, run_after=2024-03-30T08:23:00+00:00
[2024-03-30T08:23:00.492+0000] {processor.py:179} INFO - Processing /home/airflow/.local/lib/python3.7/site-packages/airflow/example_dags/example_branch_python_dop_operator_3.py took 0.216 seconds
[2024-03-30T08:23:31.214+0000] {processor.py:157} INFO - Started process (PID=372) to work on /home/airflow/.local/lib/python3.7/site-packages/airflow/example_dags/example_branch_python_dop_operator_3.py
[2024-03-30T08:23:31.215+0000] {processor.py:826} INFO - Processing file /home/airflow/.local/lib/python3.7/site-packages/airflow/example_dags/example_branch_python_dop_operator_3.py for tasks to queue
[2024-03-30T08:23:31.216+0000] {logging_mixin.py:149} INFO - [2024-03-30T08:23:31.216+0000] {dagbag.py:541} INFO - Filling up the DagBag from /home/airflow/.local/lib/python3.7/site-packages/airflow/example_dags/example_branch_python_dop_operator_3.py
[2024-03-30T08:23:31.230+0000] {processor.py:836} INFO - DAG(s) dict_keys(['example_branch_dop_operator_v3']) retrieved from /home/airflow/.local/lib/python3.7/site-packages/airflow/example_dags/example_branch_python_dop_operator_3.py
[2024-03-30T08:23:31.290+0000] {logging_mixin.py:149} INFO - [2024-03-30T08:23:31.289+0000] {dag.py:2726} INFO - Sync 1 DAGs
[2024-03-30T08:23:31.335+0000] {logging_mixin.py:149} INFO - [2024-03-30T08:23:31.335+0000] {dag.py:3490} INFO - Setting next_dagrun for example_branch_dop_operator_v3 to 2024-03-30T08:22:00+00:00, run_after=2024-03-30T08:23:00+00:00
[2024-03-30T08:23:31.378+0000] {processor.py:179} INFO - Processing /home/airflow/.local/lib/python3.7/site-packages/airflow/example_dags/example_branch_python_dop_operator_3.py took 0.167 seconds
[2024-03-30T08:24:02.061+0000] {processor.py:157} INFO - Started process (PID=432) to work on /home/airflow/.local/lib/python3.7/site-packages/airflow/example_dags/example_branch_python_dop_operator_3.py
[2024-03-30T08:24:02.063+0000] {processor.py:826} INFO - Processing file /home/airflow/.local/lib/python3.7/site-packages/airflow/example_dags/example_branch_python_dop_operator_3.py for tasks to queue
[2024-03-30T08:24:02.063+0000] {logging_mixin.py:149} INFO - [2024-03-30T08:24:02.063+0000] {dagbag.py:541} INFO - Filling up the DagBag from /home/airflow/.local/lib/python3.7/site-packages/airflow/example_dags/example_branch_python_dop_operator_3.py
[2024-03-30T08:24:02.071+0000] {processor.py:836} INFO - DAG(s) dict_keys(['example_branch_dop_operator_v3']) retrieved from /home/airflow/.local/lib/python3.7/site-packages/airflow/example_dags/example_branch_python_dop_operator_3.py
[2024-03-30T08:24:02.114+0000] {logging_mixin.py:149} INFO - [2024-03-30T08:24:02.114+0000] {dag.py:2726} INFO - Sync 1 DAGs
[2024-03-30T08:24:02.215+0000] {logging_mixin.py:149} INFO - [2024-03-30T08:24:02.214+0000] {dag.py:3490} INFO - Setting next_dagrun for example_branch_dop_operator_v3 to 2024-03-30T08:23:00+00:00, run_after=2024-03-30T08:24:00+00:00
[2024-03-30T08:24:02.264+0000] {processor.py:179} INFO - Processing /home/airflow/.local/lib/python3.7/site-packages/airflow/example_dags/example_branch_python_dop_operator_3.py took 0.207 seconds
[2024-03-30T08:24:32.778+0000] {processor.py:157} INFO - Started process (PID=493) to work on /home/airflow/.local/lib/python3.7/site-packages/airflow/example_dags/example_branch_python_dop_operator_3.py
[2024-03-30T08:24:32.779+0000] {processor.py:826} INFO - Processing file /home/airflow/.local/lib/python3.7/site-packages/airflow/example_dags/example_branch_python_dop_operator_3.py for tasks to queue
[2024-03-30T08:24:32.779+0000] {logging_mixin.py:149} INFO - [2024-03-30T08:24:32.779+0000] {dagbag.py:541} INFO - Filling up the DagBag from /home/airflow/.local/lib/python3.7/site-packages/airflow/example_dags/example_branch_python_dop_operator_3.py
[2024-03-30T08:24:32.787+0000] {processor.py:836} INFO - DAG(s) dict_keys(['example_branch_dop_operator_v3']) retrieved from /home/airflow/.local/lib/python3.7/site-packages/airflow/example_dags/example_branch_python_dop_operator_3.py
[2024-03-30T08:24:32.829+0000] {logging_mixin.py:149} INFO - [2024-03-30T08:24:32.829+0000] {dag.py:2726} INFO - Sync 1 DAGs
[2024-03-30T08:24:32.929+0000] {logging_mixin.py:149} INFO - [2024-03-30T08:24:32.928+0000] {dag.py:3490} INFO - Setting next_dagrun for example_branch_dop_operator_v3 to 2024-03-30T08:23:00+00:00, run_after=2024-03-30T08:24:00+00:00
[2024-03-30T08:24:32.972+0000] {processor.py:179} INFO - Processing /home/airflow/.local/lib/python3.7/site-packages/airflow/example_dags/example_branch_python_dop_operator_3.py took 0.197 seconds
[2024-03-30T08:25:03.822+0000] {processor.py:157} INFO - Started process (PID=554) to work on /home/airflow/.local/lib/python3.7/site-packages/airflow/example_dags/example_branch_python_dop_operator_3.py
[2024-03-30T08:25:03.824+0000] {processor.py:826} INFO - Processing file /home/airflow/.local/lib/python3.7/site-packages/airflow/example_dags/example_branch_python_dop_operator_3.py for tasks to queue
[2024-03-30T08:25:03.825+0000] {logging_mixin.py:149} INFO - [2024-03-30T08:25:03.825+0000] {dagbag.py:541} INFO - Filling up the DagBag from /home/airflow/.local/lib/python3.7/site-packages/airflow/example_dags/example_branch_python_dop_operator_3.py
[2024-03-30T08:25:03.835+0000] {processor.py:836} INFO - DAG(s) dict_keys(['example_branch_dop_operator_v3']) retrieved from /home/airflow/.local/lib/python3.7/site-packages/airflow/example_dags/example_branch_python_dop_operator_3.py
[2024-03-30T08:25:03.879+0000] {logging_mixin.py:149} INFO - [2024-03-30T08:25:03.879+0000] {dag.py:2726} INFO - Sync 1 DAGs
[2024-03-30T08:25:03.928+0000] {logging_mixin.py:149} INFO - [2024-03-30T08:25:03.928+0000] {dag.py:3490} INFO - Setting next_dagrun for example_branch_dop_operator_v3 to 2024-03-30T08:24:00+00:00, run_after=2024-03-30T08:25:00+00:00
[2024-03-30T08:25:03.982+0000] {processor.py:179} INFO - Processing /home/airflow/.local/lib/python3.7/site-packages/airflow/example_dags/example_branch_python_dop_operator_3.py took 0.163 seconds
[2024-03-30T08:25:34.164+0000] {processor.py:157} INFO - Started process (PID=615) to work on /home/airflow/.local/lib/python3.7/site-packages/airflow/example_dags/example_branch_python_dop_operator_3.py
[2024-03-30T08:25:34.165+0000] {processor.py:826} INFO - Processing file /home/airflow/.local/lib/python3.7/site-packages/airflow/example_dags/example_branch_python_dop_operator_3.py for tasks to queue
[2024-03-30T08:25:34.166+0000] {logging_mixin.py:149} INFO - [2024-03-30T08:25:34.165+0000] {dagbag.py:541} INFO - Filling up the DagBag from /home/airflow/.local/lib/python3.7/site-packages/airflow/example_dags/example_branch_python_dop_operator_3.py
[2024-03-30T08:25:34.173+0000] {processor.py:836} INFO - DAG(s) dict_keys(['example_branch_dop_operator_v3']) retrieved from /home/airflow/.local/lib/python3.7/site-packages/airflow/example_dags/example_branch_python_dop_operator_3.py
[2024-03-30T08:25:34.215+0000] {logging_mixin.py:149} INFO - [2024-03-30T08:25:34.215+0000] {dag.py:2726} INFO - Sync 1 DAGs
[2024-03-30T08:25:34.304+0000] {logging_mixin.py:149} INFO - [2024-03-30T08:25:34.304+0000] {dag.py:3490} INFO - Setting next_dagrun for example_branch_dop_operator_v3 to 2024-03-30T08:24:00+00:00, run_after=2024-03-30T08:25:00+00:00
[2024-03-30T08:25:34.347+0000] {processor.py:179} INFO - Processing /home/airflow/.local/lib/python3.7/site-packages/airflow/example_dags/example_branch_python_dop_operator_3.py took 0.185 seconds
[2024-03-30T08:26:04.548+0000] {processor.py:157} INFO - Started process (PID=677) to work on /home/airflow/.local/lib/python3.7/site-packages/airflow/example_dags/example_branch_python_dop_operator_3.py
[2024-03-30T08:26:04.549+0000] {processor.py:826} INFO - Processing file /home/airflow/.local/lib/python3.7/site-packages/airflow/example_dags/example_branch_python_dop_operator_3.py for tasks to queue
[2024-03-30T08:26:04.550+0000] {logging_mixin.py:149} INFO - [2024-03-30T08:26:04.550+0000] {dagbag.py:541} INFO - Filling up the DagBag from /home/airflow/.local/lib/python3.7/site-packages/airflow/example_dags/example_branch_python_dop_operator_3.py
[2024-03-30T08:26:04.558+0000] {processor.py:836} INFO - DAG(s) dict_keys(['example_branch_dop_operator_v3']) retrieved from /home/airflow/.local/lib/python3.7/site-packages/airflow/example_dags/example_branch_python_dop_operator_3.py
[2024-03-30T08:26:04.597+0000] {logging_mixin.py:149} INFO - [2024-03-30T08:26:04.597+0000] {dag.py:2726} INFO - Sync 1 DAGs
[2024-03-30T08:26:04.627+0000] {logging_mixin.py:149} INFO - [2024-03-30T08:26:04.626+0000] {dag.py:3490} INFO - Setting next_dagrun for example_branch_dop_operator_v3 to 2024-03-30T08:25:00+00:00, run_after=2024-03-30T08:26:00+00:00
[2024-03-30T08:26:04.684+0000] {processor.py:179} INFO - Processing /home/airflow/.local/lib/python3.7/site-packages/airflow/example_dags/example_branch_python_dop_operator_3.py took 0.139 seconds
