[2024-03-30T06:15:32.146+0000] {processor.py:157} INFO - Started process (PID=39) to work on /home/airflow/.local/lib/python3.7/site-packages/airflow/example_dags/example_bash_operator.py
[2024-03-30T06:15:32.147+0000] {processor.py:826} INFO - Processing file /home/airflow/.local/lib/python3.7/site-packages/airflow/example_dags/example_bash_operator.py for tasks to queue
[2024-03-30T06:15:32.148+0000] {logging_mixin.py:149} INFO - [2024-03-30T06:15:32.148+0000] {dagbag.py:541} INFO - Filling up the DagBag from /home/airflow/.local/lib/python3.7/site-packages/airflow/example_dags/example_bash_operator.py
[2024-03-30T06:15:32.164+0000] {processor.py:836} INFO - DAG(s) dict_keys(['example_bash_operator']) retrieved from /home/airflow/.local/lib/python3.7/site-packages/airflow/example_dags/example_bash_operator.py
[2024-03-30T06:15:32.190+0000] {logging_mixin.py:149} INFO - [2024-03-30T06:15:32.190+0000] {dag.py:2726} INFO - Sync 1 DAGs
[2024-03-30T06:15:32.220+0000] {logging_mixin.py:149} INFO - [2024-03-30T06:15:32.220+0000] {dag.py:3490} INFO - Setting next_dagrun for example_bash_operator to 2024-03-29T00:00:00+00:00, run_after=2024-03-30T00:00:00+00:00
[2024-03-30T06:15:32.256+0000] {processor.py:179} INFO - Processing /home/airflow/.local/lib/python3.7/site-packages/airflow/example_dags/example_bash_operator.py took 0.112 seconds
[2024-03-30T06:16:02.834+0000] {processor.py:157} INFO - Started process (PID=98) to work on /home/airflow/.local/lib/python3.7/site-packages/airflow/example_dags/example_bash_operator.py
[2024-03-30T06:16:02.834+0000] {processor.py:826} INFO - Processing file /home/airflow/.local/lib/python3.7/site-packages/airflow/example_dags/example_bash_operator.py for tasks to queue
[2024-03-30T06:16:02.835+0000] {logging_mixin.py:149} INFO - [2024-03-30T06:16:02.835+0000] {dagbag.py:541} INFO - Filling up the DagBag from /home/airflow/.local/lib/python3.7/site-packages/airflow/example_dags/example_bash_operator.py
[2024-03-30T06:16:02.848+0000] {processor.py:836} INFO - DAG(s) dict_keys(['example_bash_operator']) retrieved from /home/airflow/.local/lib/python3.7/site-packages/airflow/example_dags/example_bash_operator.py
[2024-03-30T06:16:02.898+0000] {logging_mixin.py:149} INFO - [2024-03-30T06:16:02.898+0000] {dag.py:2726} INFO - Sync 1 DAGs
[2024-03-30T06:16:02.924+0000] {logging_mixin.py:149} INFO - [2024-03-30T06:16:02.924+0000] {dag.py:3490} INFO - Setting next_dagrun for example_bash_operator to 2024-03-29T00:00:00+00:00, run_after=2024-03-30T00:00:00+00:00
[2024-03-30T06:16:02.955+0000] {processor.py:179} INFO - Processing /home/airflow/.local/lib/python3.7/site-packages/airflow/example_dags/example_bash_operator.py took 0.124 seconds
[2024-03-30T06:16:33.515+0000] {processor.py:157} INFO - Started process (PID=158) to work on /home/airflow/.local/lib/python3.7/site-packages/airflow/example_dags/example_bash_operator.py
[2024-03-30T06:16:33.516+0000] {processor.py:826} INFO - Processing file /home/airflow/.local/lib/python3.7/site-packages/airflow/example_dags/example_bash_operator.py for tasks to queue
[2024-03-30T06:16:33.517+0000] {logging_mixin.py:149} INFO - [2024-03-30T06:16:33.517+0000] {dagbag.py:541} INFO - Filling up the DagBag from /home/airflow/.local/lib/python3.7/site-packages/airflow/example_dags/example_bash_operator.py
[2024-03-30T06:16:33.530+0000] {processor.py:836} INFO - DAG(s) dict_keys(['example_bash_operator']) retrieved from /home/airflow/.local/lib/python3.7/site-packages/airflow/example_dags/example_bash_operator.py
[2024-03-30T06:16:33.582+0000] {logging_mixin.py:149} INFO - [2024-03-30T06:16:33.582+0000] {dag.py:2726} INFO - Sync 1 DAGs
[2024-03-30T06:16:33.664+0000] {logging_mixin.py:149} INFO - [2024-03-30T06:16:33.664+0000] {dag.py:3490} INFO - Setting next_dagrun for example_bash_operator to 2024-03-29T00:00:00+00:00, run_after=2024-03-30T00:00:00+00:00
[2024-03-30T06:16:33.700+0000] {processor.py:179} INFO - Processing /home/airflow/.local/lib/python3.7/site-packages/airflow/example_dags/example_bash_operator.py took 0.188 seconds
[2024-03-30T06:17:03.774+0000] {processor.py:157} INFO - Started process (PID=218) to work on /home/airflow/.local/lib/python3.7/site-packages/airflow/example_dags/example_bash_operator.py
[2024-03-30T06:17:03.775+0000] {processor.py:826} INFO - Processing file /home/airflow/.local/lib/python3.7/site-packages/airflow/example_dags/example_bash_operator.py for tasks to queue
[2024-03-30T06:17:03.775+0000] {logging_mixin.py:149} INFO - [2024-03-30T06:17:03.775+0000] {dagbag.py:541} INFO - Filling up the DagBag from /home/airflow/.local/lib/python3.7/site-packages/airflow/example_dags/example_bash_operator.py
[2024-03-30T06:17:03.789+0000] {processor.py:836} INFO - DAG(s) dict_keys(['example_bash_operator']) retrieved from /home/airflow/.local/lib/python3.7/site-packages/airflow/example_dags/example_bash_operator.py
[2024-03-30T06:17:03.844+0000] {logging_mixin.py:149} INFO - [2024-03-30T06:17:03.844+0000] {dag.py:2726} INFO - Sync 1 DAGs
[2024-03-30T06:17:03.873+0000] {logging_mixin.py:149} INFO - [2024-03-30T06:17:03.873+0000] {dag.py:3490} INFO - Setting next_dagrun for example_bash_operator to 2024-03-29T00:00:00+00:00, run_after=2024-03-30T00:00:00+00:00
[2024-03-30T06:17:03.910+0000] {processor.py:179} INFO - Processing /home/airflow/.local/lib/python3.7/site-packages/airflow/example_dags/example_bash_operator.py took 0.140 seconds
[2024-03-30T06:17:34.265+0000] {processor.py:157} INFO - Started process (PID=278) to work on /home/airflow/.local/lib/python3.7/site-packages/airflow/example_dags/example_bash_operator.py
[2024-03-30T06:17:34.266+0000] {processor.py:826} INFO - Processing file /home/airflow/.local/lib/python3.7/site-packages/airflow/example_dags/example_bash_operator.py for tasks to queue
[2024-03-30T06:17:34.267+0000] {logging_mixin.py:149} INFO - [2024-03-30T06:17:34.267+0000] {dagbag.py:541} INFO - Filling up the DagBag from /home/airflow/.local/lib/python3.7/site-packages/airflow/example_dags/example_bash_operator.py
[2024-03-30T06:17:34.279+0000] {processor.py:836} INFO - DAG(s) dict_keys(['example_bash_operator']) retrieved from /home/airflow/.local/lib/python3.7/site-packages/airflow/example_dags/example_bash_operator.py
[2024-03-30T06:17:34.329+0000] {logging_mixin.py:149} INFO - [2024-03-30T06:17:34.329+0000] {dag.py:2726} INFO - Sync 1 DAGs
[2024-03-30T06:17:34.355+0000] {logging_mixin.py:149} INFO - [2024-03-30T06:17:34.355+0000] {dag.py:3490} INFO - Setting next_dagrun for example_bash_operator to 2024-03-29T00:00:00+00:00, run_after=2024-03-30T00:00:00+00:00
[2024-03-30T06:17:34.388+0000] {processor.py:179} INFO - Processing /home/airflow/.local/lib/python3.7/site-packages/airflow/example_dags/example_bash_operator.py took 0.126 seconds
[2024-03-30T06:18:04.712+0000] {processor.py:157} INFO - Started process (PID=338) to work on /home/airflow/.local/lib/python3.7/site-packages/airflow/example_dags/example_bash_operator.py
[2024-03-30T06:18:04.713+0000] {processor.py:826} INFO - Processing file /home/airflow/.local/lib/python3.7/site-packages/airflow/example_dags/example_bash_operator.py for tasks to queue
[2024-03-30T06:18:04.713+0000] {logging_mixin.py:149} INFO - [2024-03-30T06:18:04.713+0000] {dagbag.py:541} INFO - Filling up the DagBag from /home/airflow/.local/lib/python3.7/site-packages/airflow/example_dags/example_bash_operator.py
[2024-03-30T06:18:04.727+0000] {processor.py:836} INFO - DAG(s) dict_keys(['example_bash_operator']) retrieved from /home/airflow/.local/lib/python3.7/site-packages/airflow/example_dags/example_bash_operator.py
[2024-03-30T06:18:04.784+0000] {logging_mixin.py:149} INFO - [2024-03-30T06:18:04.783+0000] {dag.py:2726} INFO - Sync 1 DAGs
[2024-03-30T06:18:04.816+0000] {logging_mixin.py:149} INFO - [2024-03-30T06:18:04.815+0000] {dag.py:3490} INFO - Setting next_dagrun for example_bash_operator to 2024-03-29T00:00:00+00:00, run_after=2024-03-30T00:00:00+00:00
[2024-03-30T06:18:04.847+0000] {processor.py:179} INFO - Processing /home/airflow/.local/lib/python3.7/site-packages/airflow/example_dags/example_bash_operator.py took 0.138 seconds
[2024-03-30T06:18:35.045+0000] {processor.py:157} INFO - Started process (PID=399) to work on /home/airflow/.local/lib/python3.7/site-packages/airflow/example_dags/example_bash_operator.py
[2024-03-30T06:18:35.047+0000] {processor.py:826} INFO - Processing file /home/airflow/.local/lib/python3.7/site-packages/airflow/example_dags/example_bash_operator.py for tasks to queue
[2024-03-30T06:18:35.047+0000] {logging_mixin.py:149} INFO - [2024-03-30T06:18:35.047+0000] {dagbag.py:541} INFO - Filling up the DagBag from /home/airflow/.local/lib/python3.7/site-packages/airflow/example_dags/example_bash_operator.py
[2024-03-30T06:18:35.062+0000] {processor.py:836} INFO - DAG(s) dict_keys(['example_bash_operator']) retrieved from /home/airflow/.local/lib/python3.7/site-packages/airflow/example_dags/example_bash_operator.py
[2024-03-30T06:18:35.118+0000] {logging_mixin.py:149} INFO - [2024-03-30T06:18:35.118+0000] {dag.py:2726} INFO - Sync 1 DAGs
[2024-03-30T06:18:35.147+0000] {logging_mixin.py:149} INFO - [2024-03-30T06:18:35.147+0000] {dag.py:3490} INFO - Setting next_dagrun for example_bash_operator to 2024-03-29T00:00:00+00:00, run_after=2024-03-30T00:00:00+00:00
[2024-03-30T06:18:35.185+0000] {processor.py:179} INFO - Processing /home/airflow/.local/lib/python3.7/site-packages/airflow/example_dags/example_bash_operator.py took 0.143 seconds
[2024-03-30T06:19:05.349+0000] {processor.py:157} INFO - Started process (PID=459) to work on /home/airflow/.local/lib/python3.7/site-packages/airflow/example_dags/example_bash_operator.py
[2024-03-30T06:19:05.350+0000] {processor.py:826} INFO - Processing file /home/airflow/.local/lib/python3.7/site-packages/airflow/example_dags/example_bash_operator.py for tasks to queue
[2024-03-30T06:19:05.350+0000] {logging_mixin.py:149} INFO - [2024-03-30T06:19:05.350+0000] {dagbag.py:541} INFO - Filling up the DagBag from /home/airflow/.local/lib/python3.7/site-packages/airflow/example_dags/example_bash_operator.py
[2024-03-30T06:19:05.365+0000] {processor.py:836} INFO - DAG(s) dict_keys(['example_bash_operator']) retrieved from /home/airflow/.local/lib/python3.7/site-packages/airflow/example_dags/example_bash_operator.py
[2024-03-30T06:19:05.419+0000] {logging_mixin.py:149} INFO - [2024-03-30T06:19:05.419+0000] {dag.py:2726} INFO - Sync 1 DAGs
[2024-03-30T06:19:05.452+0000] {logging_mixin.py:149} INFO - [2024-03-30T06:19:05.451+0000] {dag.py:3490} INFO - Setting next_dagrun for example_bash_operator to 2024-03-29T00:00:00+00:00, run_after=2024-03-30T00:00:00+00:00
[2024-03-30T06:19:05.486+0000] {processor.py:179} INFO - Processing /home/airflow/.local/lib/python3.7/site-packages/airflow/example_dags/example_bash_operator.py took 0.141 seconds
[2024-03-30T06:19:36.460+0000] {processor.py:157} INFO - Started process (PID=519) to work on /home/airflow/.local/lib/python3.7/site-packages/airflow/example_dags/example_bash_operator.py
[2024-03-30T06:19:36.461+0000] {processor.py:826} INFO - Processing file /home/airflow/.local/lib/python3.7/site-packages/airflow/example_dags/example_bash_operator.py for tasks to queue
[2024-03-30T06:19:36.462+0000] {logging_mixin.py:149} INFO - [2024-03-30T06:19:36.462+0000] {dagbag.py:541} INFO - Filling up the DagBag from /home/airflow/.local/lib/python3.7/site-packages/airflow/example_dags/example_bash_operator.py
[2024-03-30T06:19:36.483+0000] {processor.py:836} INFO - DAG(s) dict_keys(['example_bash_operator']) retrieved from /home/airflow/.local/lib/python3.7/site-packages/airflow/example_dags/example_bash_operator.py
[2024-03-30T06:19:36.556+0000] {logging_mixin.py:149} INFO - [2024-03-30T06:19:36.556+0000] {dag.py:2726} INFO - Sync 1 DAGs
[2024-03-30T06:19:36.590+0000] {logging_mixin.py:149} INFO - [2024-03-30T06:19:36.590+0000] {dag.py:3490} INFO - Setting next_dagrun for example_bash_operator to 2024-03-29T00:00:00+00:00, run_after=2024-03-30T00:00:00+00:00
[2024-03-30T06:19:36.637+0000] {processor.py:179} INFO - Processing /home/airflow/.local/lib/python3.7/site-packages/airflow/example_dags/example_bash_operator.py took 0.181 seconds
[2024-03-30T06:20:07.630+0000] {processor.py:157} INFO - Started process (PID=579) to work on /home/airflow/.local/lib/python3.7/site-packages/airflow/example_dags/example_bash_operator.py
[2024-03-30T06:20:07.631+0000] {processor.py:826} INFO - Processing file /home/airflow/.local/lib/python3.7/site-packages/airflow/example_dags/example_bash_operator.py for tasks to queue
[2024-03-30T06:20:07.632+0000] {logging_mixin.py:149} INFO - [2024-03-30T06:20:07.632+0000] {dagbag.py:541} INFO - Filling up the DagBag from /home/airflow/.local/lib/python3.7/site-packages/airflow/example_dags/example_bash_operator.py
[2024-03-30T06:20:07.646+0000] {processor.py:836} INFO - DAG(s) dict_keys(['example_bash_operator']) retrieved from /home/airflow/.local/lib/python3.7/site-packages/airflow/example_dags/example_bash_operator.py
[2024-03-30T06:20:07.697+0000] {logging_mixin.py:149} INFO - [2024-03-30T06:20:07.697+0000] {dag.py:2726} INFO - Sync 1 DAGs
[2024-03-30T06:20:07.789+0000] {logging_mixin.py:149} INFO - [2024-03-30T06:20:07.788+0000] {dag.py:3490} INFO - Setting next_dagrun for example_bash_operator to 2024-03-29T00:00:00+00:00, run_after=2024-03-30T00:00:00+00:00
[2024-03-30T06:20:07.822+0000] {processor.py:179} INFO - Processing /home/airflow/.local/lib/python3.7/site-packages/airflow/example_dags/example_bash_operator.py took 0.195 seconds
[2024-03-30T06:20:38.282+0000] {processor.py:157} INFO - Started process (PID=640) to work on /home/airflow/.local/lib/python3.7/site-packages/airflow/example_dags/example_bash_operator.py
[2024-03-30T06:20:38.284+0000] {processor.py:826} INFO - Processing file /home/airflow/.local/lib/python3.7/site-packages/airflow/example_dags/example_bash_operator.py for tasks to queue
[2024-03-30T06:20:38.285+0000] {logging_mixin.py:149} INFO - [2024-03-30T06:20:38.284+0000] {dagbag.py:541} INFO - Filling up the DagBag from /home/airflow/.local/lib/python3.7/site-packages/airflow/example_dags/example_bash_operator.py
[2024-03-30T06:20:38.297+0000] {processor.py:836} INFO - DAG(s) dict_keys(['example_bash_operator']) retrieved from /home/airflow/.local/lib/python3.7/site-packages/airflow/example_dags/example_bash_operator.py
[2024-03-30T06:20:38.346+0000] {logging_mixin.py:149} INFO - [2024-03-30T06:20:38.346+0000] {dag.py:2726} INFO - Sync 1 DAGs
[2024-03-30T06:20:38.372+0000] {logging_mixin.py:149} INFO - [2024-03-30T06:20:38.372+0000] {dag.py:3490} INFO - Setting next_dagrun for example_bash_operator to 2024-03-29T00:00:00+00:00, run_after=2024-03-30T00:00:00+00:00
[2024-03-30T06:20:38.408+0000] {processor.py:179} INFO - Processing /home/airflow/.local/lib/python3.7/site-packages/airflow/example_dags/example_bash_operator.py took 0.128 seconds
[2024-03-30T06:21:09.320+0000] {processor.py:157} INFO - Started process (PID=701) to work on /home/airflow/.local/lib/python3.7/site-packages/airflow/example_dags/example_bash_operator.py
[2024-03-30T06:21:09.321+0000] {processor.py:826} INFO - Processing file /home/airflow/.local/lib/python3.7/site-packages/airflow/example_dags/example_bash_operator.py for tasks to queue
[2024-03-30T06:21:09.322+0000] {logging_mixin.py:149} INFO - [2024-03-30T06:21:09.322+0000] {dagbag.py:541} INFO - Filling up the DagBag from /home/airflow/.local/lib/python3.7/site-packages/airflow/example_dags/example_bash_operator.py
[2024-03-30T06:21:09.335+0000] {processor.py:836} INFO - DAG(s) dict_keys(['example_bash_operator']) retrieved from /home/airflow/.local/lib/python3.7/site-packages/airflow/example_dags/example_bash_operator.py
[2024-03-30T06:21:09.384+0000] {logging_mixin.py:149} INFO - [2024-03-30T06:21:09.384+0000] {dag.py:2726} INFO - Sync 1 DAGs
[2024-03-30T06:21:09.409+0000] {logging_mixin.py:149} INFO - [2024-03-30T06:21:09.409+0000] {dag.py:3490} INFO - Setting next_dagrun for example_bash_operator to 2024-03-29T00:00:00+00:00, run_after=2024-03-30T00:00:00+00:00
[2024-03-30T06:21:09.446+0000] {processor.py:179} INFO - Processing /home/airflow/.local/lib/python3.7/site-packages/airflow/example_dags/example_bash_operator.py took 0.129 seconds
[2024-03-30T06:21:39.953+0000] {processor.py:157} INFO - Started process (PID=762) to work on /home/airflow/.local/lib/python3.7/site-packages/airflow/example_dags/example_bash_operator.py
[2024-03-30T06:21:39.955+0000] {processor.py:826} INFO - Processing file /home/airflow/.local/lib/python3.7/site-packages/airflow/example_dags/example_bash_operator.py for tasks to queue
[2024-03-30T06:21:39.956+0000] {logging_mixin.py:149} INFO - [2024-03-30T06:21:39.956+0000] {dagbag.py:541} INFO - Filling up the DagBag from /home/airflow/.local/lib/python3.7/site-packages/airflow/example_dags/example_bash_operator.py
[2024-03-30T06:21:40.003+0000] {processor.py:836} INFO - DAG(s) dict_keys(['example_bash_operator']) retrieved from /home/airflow/.local/lib/python3.7/site-packages/airflow/example_dags/example_bash_operator.py
[2024-03-30T06:21:40.184+0000] {logging_mixin.py:149} INFO - [2024-03-30T06:21:40.184+0000] {dag.py:2726} INFO - Sync 1 DAGs
[2024-03-30T06:21:40.228+0000] {logging_mixin.py:149} INFO - [2024-03-30T06:21:40.228+0000] {dag.py:3490} INFO - Setting next_dagrun for example_bash_operator to 2024-03-29T00:00:00+00:00, run_after=2024-03-30T00:00:00+00:00
[2024-03-30T06:21:40.273+0000] {processor.py:179} INFO - Processing /home/airflow/.local/lib/python3.7/site-packages/airflow/example_dags/example_bash_operator.py took 0.324 seconds
[2024-03-30T06:22:11.083+0000] {processor.py:157} INFO - Started process (PID=823) to work on /home/airflow/.local/lib/python3.7/site-packages/airflow/example_dags/example_bash_operator.py
[2024-03-30T06:22:11.084+0000] {processor.py:826} INFO - Processing file /home/airflow/.local/lib/python3.7/site-packages/airflow/example_dags/example_bash_operator.py for tasks to queue
[2024-03-30T06:22:11.085+0000] {logging_mixin.py:149} INFO - [2024-03-30T06:22:11.085+0000] {dagbag.py:541} INFO - Filling up the DagBag from /home/airflow/.local/lib/python3.7/site-packages/airflow/example_dags/example_bash_operator.py
[2024-03-30T06:22:11.097+0000] {processor.py:836} INFO - DAG(s) dict_keys(['example_bash_operator']) retrieved from /home/airflow/.local/lib/python3.7/site-packages/airflow/example_dags/example_bash_operator.py
[2024-03-30T06:22:11.164+0000] {logging_mixin.py:149} INFO - [2024-03-30T06:22:11.164+0000] {dag.py:2726} INFO - Sync 1 DAGs
[2024-03-30T06:22:11.202+0000] {logging_mixin.py:149} INFO - [2024-03-30T06:22:11.202+0000] {dag.py:3490} INFO - Setting next_dagrun for example_bash_operator to 2024-03-29T00:00:00+00:00, run_after=2024-03-30T00:00:00+00:00
[2024-03-30T06:22:11.242+0000] {processor.py:179} INFO - Processing /home/airflow/.local/lib/python3.7/site-packages/airflow/example_dags/example_bash_operator.py took 0.161 seconds
[2024-03-30T06:22:41.785+0000] {processor.py:157} INFO - Started process (PID=885) to work on /home/airflow/.local/lib/python3.7/site-packages/airflow/example_dags/example_bash_operator.py
[2024-03-30T06:22:41.787+0000] {processor.py:826} INFO - Processing file /home/airflow/.local/lib/python3.7/site-packages/airflow/example_dags/example_bash_operator.py for tasks to queue
[2024-03-30T06:22:41.788+0000] {logging_mixin.py:149} INFO - [2024-03-30T06:22:41.788+0000] {dagbag.py:541} INFO - Filling up the DagBag from /home/airflow/.local/lib/python3.7/site-packages/airflow/example_dags/example_bash_operator.py
[2024-03-30T06:22:41.801+0000] {processor.py:836} INFO - DAG(s) dict_keys(['example_bash_operator']) retrieved from /home/airflow/.local/lib/python3.7/site-packages/airflow/example_dags/example_bash_operator.py
[2024-03-30T06:22:41.851+0000] {logging_mixin.py:149} INFO - [2024-03-30T06:22:41.851+0000] {dag.py:2726} INFO - Sync 1 DAGs
[2024-03-30T06:22:41.877+0000] {logging_mixin.py:149} INFO - [2024-03-30T06:22:41.876+0000] {dag.py:3490} INFO - Setting next_dagrun for example_bash_operator to 2024-03-29T00:00:00+00:00, run_after=2024-03-30T00:00:00+00:00
[2024-03-30T06:22:41.913+0000] {processor.py:179} INFO - Processing /home/airflow/.local/lib/python3.7/site-packages/airflow/example_dags/example_bash_operator.py took 0.131 seconds
[2024-03-30T06:23:12.105+0000] {processor.py:157} INFO - Started process (PID=946) to work on /home/airflow/.local/lib/python3.7/site-packages/airflow/example_dags/example_bash_operator.py
[2024-03-30T06:23:12.105+0000] {processor.py:826} INFO - Processing file /home/airflow/.local/lib/python3.7/site-packages/airflow/example_dags/example_bash_operator.py for tasks to queue
[2024-03-30T06:23:12.106+0000] {logging_mixin.py:149} INFO - [2024-03-30T06:23:12.106+0000] {dagbag.py:541} INFO - Filling up the DagBag from /home/airflow/.local/lib/python3.7/site-packages/airflow/example_dags/example_bash_operator.py
[2024-03-30T06:23:12.120+0000] {processor.py:836} INFO - DAG(s) dict_keys(['example_bash_operator']) retrieved from /home/airflow/.local/lib/python3.7/site-packages/airflow/example_dags/example_bash_operator.py
[2024-03-30T06:23:12.172+0000] {logging_mixin.py:149} INFO - [2024-03-30T06:23:12.172+0000] {dag.py:2726} INFO - Sync 1 DAGs
[2024-03-30T06:23:12.200+0000] {logging_mixin.py:149} INFO - [2024-03-30T06:23:12.199+0000] {dag.py:3490} INFO - Setting next_dagrun for example_bash_operator to 2024-03-29T00:00:00+00:00, run_after=2024-03-30T00:00:00+00:00
[2024-03-30T06:23:12.236+0000] {processor.py:179} INFO - Processing /home/airflow/.local/lib/python3.7/site-packages/airflow/example_dags/example_bash_operator.py took 0.134 seconds
[2024-03-30T06:23:42.434+0000] {processor.py:157} INFO - Started process (PID=1007) to work on /home/airflow/.local/lib/python3.7/site-packages/airflow/example_dags/example_bash_operator.py
[2024-03-30T06:23:42.436+0000] {processor.py:826} INFO - Processing file /home/airflow/.local/lib/python3.7/site-packages/airflow/example_dags/example_bash_operator.py for tasks to queue
[2024-03-30T06:23:42.436+0000] {logging_mixin.py:149} INFO - [2024-03-30T06:23:42.436+0000] {dagbag.py:541} INFO - Filling up the DagBag from /home/airflow/.local/lib/python3.7/site-packages/airflow/example_dags/example_bash_operator.py
[2024-03-30T06:23:42.449+0000] {processor.py:836} INFO - DAG(s) dict_keys(['example_bash_operator']) retrieved from /home/airflow/.local/lib/python3.7/site-packages/airflow/example_dags/example_bash_operator.py
[2024-03-30T06:23:42.495+0000] {logging_mixin.py:149} INFO - [2024-03-30T06:23:42.495+0000] {dag.py:2726} INFO - Sync 1 DAGs
[2024-03-30T06:23:42.521+0000] {logging_mixin.py:149} INFO - [2024-03-30T06:23:42.521+0000] {dag.py:3490} INFO - Setting next_dagrun for example_bash_operator to 2024-03-29T00:00:00+00:00, run_after=2024-03-30T00:00:00+00:00
[2024-03-30T06:23:42.556+0000] {processor.py:179} INFO - Processing /home/airflow/.local/lib/python3.7/site-packages/airflow/example_dags/example_bash_operator.py took 0.125 seconds
[2024-03-30T06:24:12.835+0000] {processor.py:157} INFO - Started process (PID=1068) to work on /home/airflow/.local/lib/python3.7/site-packages/airflow/example_dags/example_bash_operator.py
[2024-03-30T06:24:12.835+0000] {processor.py:826} INFO - Processing file /home/airflow/.local/lib/python3.7/site-packages/airflow/example_dags/example_bash_operator.py for tasks to queue
[2024-03-30T06:24:12.836+0000] {logging_mixin.py:149} INFO - [2024-03-30T06:24:12.836+0000] {dagbag.py:541} INFO - Filling up the DagBag from /home/airflow/.local/lib/python3.7/site-packages/airflow/example_dags/example_bash_operator.py
[2024-03-30T06:24:12.854+0000] {processor.py:836} INFO - DAG(s) dict_keys(['example_bash_operator']) retrieved from /home/airflow/.local/lib/python3.7/site-packages/airflow/example_dags/example_bash_operator.py
[2024-03-30T06:24:12.914+0000] {logging_mixin.py:149} INFO - [2024-03-30T06:24:12.913+0000] {dag.py:2726} INFO - Sync 1 DAGs
[2024-03-30T06:24:12.980+0000] {logging_mixin.py:149} INFO - [2024-03-30T06:24:12.980+0000] {dag.py:3490} INFO - Setting next_dagrun for example_bash_operator to 2024-03-29T00:00:00+00:00, run_after=2024-03-30T00:00:00+00:00
[2024-03-30T06:24:13.019+0000] {processor.py:179} INFO - Processing /home/airflow/.local/lib/python3.7/site-packages/airflow/example_dags/example_bash_operator.py took 0.189 seconds
[2024-03-30T06:24:43.240+0000] {processor.py:157} INFO - Started process (PID=1129) to work on /home/airflow/.local/lib/python3.7/site-packages/airflow/example_dags/example_bash_operator.py
[2024-03-30T06:24:43.241+0000] {processor.py:826} INFO - Processing file /home/airflow/.local/lib/python3.7/site-packages/airflow/example_dags/example_bash_operator.py for tasks to queue
[2024-03-30T06:24:43.242+0000] {logging_mixin.py:149} INFO - [2024-03-30T06:24:43.242+0000] {dagbag.py:541} INFO - Filling up the DagBag from /home/airflow/.local/lib/python3.7/site-packages/airflow/example_dags/example_bash_operator.py
[2024-03-30T06:24:43.254+0000] {processor.py:836} INFO - DAG(s) dict_keys(['example_bash_operator']) retrieved from /home/airflow/.local/lib/python3.7/site-packages/airflow/example_dags/example_bash_operator.py
[2024-03-30T06:24:43.305+0000] {logging_mixin.py:149} INFO - [2024-03-30T06:24:43.305+0000] {dag.py:2726} INFO - Sync 1 DAGs
[2024-03-30T06:24:43.331+0000] {logging_mixin.py:149} INFO - [2024-03-30T06:24:43.331+0000] {dag.py:3490} INFO - Setting next_dagrun for example_bash_operator to 2024-03-29T00:00:00+00:00, run_after=2024-03-30T00:00:00+00:00
[2024-03-30T06:24:43.367+0000] {processor.py:179} INFO - Processing /home/airflow/.local/lib/python3.7/site-packages/airflow/example_dags/example_bash_operator.py took 0.130 seconds
[2024-03-30T06:25:13.615+0000] {processor.py:157} INFO - Started process (PID=1190) to work on /home/airflow/.local/lib/python3.7/site-packages/airflow/example_dags/example_bash_operator.py
[2024-03-30T06:25:13.616+0000] {processor.py:826} INFO - Processing file /home/airflow/.local/lib/python3.7/site-packages/airflow/example_dags/example_bash_operator.py for tasks to queue
[2024-03-30T06:25:13.617+0000] {logging_mixin.py:149} INFO - [2024-03-30T06:25:13.617+0000] {dagbag.py:541} INFO - Filling up the DagBag from /home/airflow/.local/lib/python3.7/site-packages/airflow/example_dags/example_bash_operator.py
[2024-03-30T06:25:13.634+0000] {processor.py:836} INFO - DAG(s) dict_keys(['example_bash_operator']) retrieved from /home/airflow/.local/lib/python3.7/site-packages/airflow/example_dags/example_bash_operator.py
[2024-03-30T06:25:13.691+0000] {logging_mixin.py:149} INFO - [2024-03-30T06:25:13.691+0000] {dag.py:2726} INFO - Sync 1 DAGs
[2024-03-30T06:25:13.731+0000] {logging_mixin.py:149} INFO - [2024-03-30T06:25:13.731+0000] {dag.py:3490} INFO - Setting next_dagrun for example_bash_operator to 2024-03-29T00:00:00+00:00, run_after=2024-03-30T00:00:00+00:00
[2024-03-30T06:25:13.764+0000] {processor.py:179} INFO - Processing /home/airflow/.local/lib/python3.7/site-packages/airflow/example_dags/example_bash_operator.py took 0.152 seconds
[2024-03-30T06:25:44.025+0000] {processor.py:157} INFO - Started process (PID=1251) to work on /home/airflow/.local/lib/python3.7/site-packages/airflow/example_dags/example_bash_operator.py
[2024-03-30T06:25:44.026+0000] {processor.py:826} INFO - Processing file /home/airflow/.local/lib/python3.7/site-packages/airflow/example_dags/example_bash_operator.py for tasks to queue
[2024-03-30T06:25:44.027+0000] {logging_mixin.py:149} INFO - [2024-03-30T06:25:44.026+0000] {dagbag.py:541} INFO - Filling up the DagBag from /home/airflow/.local/lib/python3.7/site-packages/airflow/example_dags/example_bash_operator.py
[2024-03-30T06:25:44.038+0000] {processor.py:836} INFO - DAG(s) dict_keys(['example_bash_operator']) retrieved from /home/airflow/.local/lib/python3.7/site-packages/airflow/example_dags/example_bash_operator.py
[2024-03-30T06:25:44.091+0000] {logging_mixin.py:149} INFO - [2024-03-30T06:25:44.091+0000] {dag.py:2726} INFO - Sync 1 DAGs
[2024-03-30T06:25:44.123+0000] {logging_mixin.py:149} INFO - [2024-03-30T06:25:44.123+0000] {dag.py:3490} INFO - Setting next_dagrun for example_bash_operator to 2024-03-29T00:00:00+00:00, run_after=2024-03-30T00:00:00+00:00
[2024-03-30T06:25:44.161+0000] {processor.py:179} INFO - Processing /home/airflow/.local/lib/python3.7/site-packages/airflow/example_dags/example_bash_operator.py took 0.139 seconds
[2024-03-30T06:26:14.360+0000] {processor.py:157} INFO - Started process (PID=1312) to work on /home/airflow/.local/lib/python3.7/site-packages/airflow/example_dags/example_bash_operator.py
[2024-03-30T06:26:14.361+0000] {processor.py:826} INFO - Processing file /home/airflow/.local/lib/python3.7/site-packages/airflow/example_dags/example_bash_operator.py for tasks to queue
[2024-03-30T06:26:14.362+0000] {logging_mixin.py:149} INFO - [2024-03-30T06:26:14.362+0000] {dagbag.py:541} INFO - Filling up the DagBag from /home/airflow/.local/lib/python3.7/site-packages/airflow/example_dags/example_bash_operator.py
[2024-03-30T06:26:14.373+0000] {processor.py:836} INFO - DAG(s) dict_keys(['example_bash_operator']) retrieved from /home/airflow/.local/lib/python3.7/site-packages/airflow/example_dags/example_bash_operator.py
[2024-03-30T06:26:14.426+0000] {logging_mixin.py:149} INFO - [2024-03-30T06:26:14.426+0000] {dag.py:2726} INFO - Sync 1 DAGs
[2024-03-30T06:26:14.452+0000] {logging_mixin.py:149} INFO - [2024-03-30T06:26:14.452+0000] {dag.py:3490} INFO - Setting next_dagrun for example_bash_operator to 2024-03-29T00:00:00+00:00, run_after=2024-03-30T00:00:00+00:00
[2024-03-30T06:26:14.486+0000] {processor.py:179} INFO - Processing /home/airflow/.local/lib/python3.7/site-packages/airflow/example_dags/example_bash_operator.py took 0.129 seconds
[2024-03-30T06:26:44.578+0000] {processor.py:157} INFO - Started process (PID=1374) to work on /home/airflow/.local/lib/python3.7/site-packages/airflow/example_dags/example_bash_operator.py
[2024-03-30T06:26:44.580+0000] {processor.py:826} INFO - Processing file /home/airflow/.local/lib/python3.7/site-packages/airflow/example_dags/example_bash_operator.py for tasks to queue
[2024-03-30T06:26:44.581+0000] {logging_mixin.py:149} INFO - [2024-03-30T06:26:44.581+0000] {dagbag.py:541} INFO - Filling up the DagBag from /home/airflow/.local/lib/python3.7/site-packages/airflow/example_dags/example_bash_operator.py
[2024-03-30T06:26:44.594+0000] {processor.py:836} INFO - DAG(s) dict_keys(['example_bash_operator']) retrieved from /home/airflow/.local/lib/python3.7/site-packages/airflow/example_dags/example_bash_operator.py
[2024-03-30T06:26:44.640+0000] {logging_mixin.py:149} INFO - [2024-03-30T06:26:44.640+0000] {dag.py:2726} INFO - Sync 1 DAGs
[2024-03-30T06:26:44.665+0000] {logging_mixin.py:149} INFO - [2024-03-30T06:26:44.665+0000] {dag.py:3490} INFO - Setting next_dagrun for example_bash_operator to 2024-03-29T00:00:00+00:00, run_after=2024-03-30T00:00:00+00:00
[2024-03-30T06:26:44.697+0000] {processor.py:179} INFO - Processing /home/airflow/.local/lib/python3.7/site-packages/airflow/example_dags/example_bash_operator.py took 0.122 seconds
[2024-03-30T06:27:15.267+0000] {processor.py:157} INFO - Started process (PID=1435) to work on /home/airflow/.local/lib/python3.7/site-packages/airflow/example_dags/example_bash_operator.py
[2024-03-30T06:27:15.268+0000] {processor.py:826} INFO - Processing file /home/airflow/.local/lib/python3.7/site-packages/airflow/example_dags/example_bash_operator.py for tasks to queue
[2024-03-30T06:27:15.269+0000] {logging_mixin.py:149} INFO - [2024-03-30T06:27:15.268+0000] {dagbag.py:541} INFO - Filling up the DagBag from /home/airflow/.local/lib/python3.7/site-packages/airflow/example_dags/example_bash_operator.py
[2024-03-30T06:27:15.281+0000] {processor.py:836} INFO - DAG(s) dict_keys(['example_bash_operator']) retrieved from /home/airflow/.local/lib/python3.7/site-packages/airflow/example_dags/example_bash_operator.py
[2024-03-30T06:27:15.331+0000] {logging_mixin.py:149} INFO - [2024-03-30T06:27:15.331+0000] {dag.py:2726} INFO - Sync 1 DAGs
[2024-03-30T06:27:15.410+0000] {logging_mixin.py:149} INFO - [2024-03-30T06:27:15.410+0000] {dag.py:3490} INFO - Setting next_dagrun for example_bash_operator to 2024-03-29T00:00:00+00:00, run_after=2024-03-30T00:00:00+00:00
[2024-03-30T06:27:15.443+0000] {processor.py:179} INFO - Processing /home/airflow/.local/lib/python3.7/site-packages/airflow/example_dags/example_bash_operator.py took 0.179 seconds
[2024-03-30T06:27:45.799+0000] {processor.py:157} INFO - Started process (PID=1497) to work on /home/airflow/.local/lib/python3.7/site-packages/airflow/example_dags/example_bash_operator.py
[2024-03-30T06:27:45.801+0000] {processor.py:826} INFO - Processing file /home/airflow/.local/lib/python3.7/site-packages/airflow/example_dags/example_bash_operator.py for tasks to queue
[2024-03-30T06:27:45.802+0000] {logging_mixin.py:149} INFO - [2024-03-30T06:27:45.802+0000] {dagbag.py:541} INFO - Filling up the DagBag from /home/airflow/.local/lib/python3.7/site-packages/airflow/example_dags/example_bash_operator.py
[2024-03-30T06:27:45.817+0000] {processor.py:836} INFO - DAG(s) dict_keys(['example_bash_operator']) retrieved from /home/airflow/.local/lib/python3.7/site-packages/airflow/example_dags/example_bash_operator.py
[2024-03-30T06:27:45.871+0000] {logging_mixin.py:149} INFO - [2024-03-30T06:27:45.871+0000] {dag.py:2726} INFO - Sync 1 DAGs
[2024-03-30T06:27:45.903+0000] {logging_mixin.py:149} INFO - [2024-03-30T06:27:45.903+0000] {dag.py:3490} INFO - Setting next_dagrun for example_bash_operator to 2024-03-29T00:00:00+00:00, run_after=2024-03-30T00:00:00+00:00
[2024-03-30T06:27:45.942+0000] {processor.py:179} INFO - Processing /home/airflow/.local/lib/python3.7/site-packages/airflow/example_dags/example_bash_operator.py took 0.146 seconds
[2024-03-30T06:28:16.057+0000] {processor.py:157} INFO - Started process (PID=1558) to work on /home/airflow/.local/lib/python3.7/site-packages/airflow/example_dags/example_bash_operator.py
[2024-03-30T06:28:16.058+0000] {processor.py:826} INFO - Processing file /home/airflow/.local/lib/python3.7/site-packages/airflow/example_dags/example_bash_operator.py for tasks to queue
[2024-03-30T06:28:16.058+0000] {logging_mixin.py:149} INFO - [2024-03-30T06:28:16.058+0000] {dagbag.py:541} INFO - Filling up the DagBag from /home/airflow/.local/lib/python3.7/site-packages/airflow/example_dags/example_bash_operator.py
[2024-03-30T06:28:16.070+0000] {processor.py:836} INFO - DAG(s) dict_keys(['example_bash_operator']) retrieved from /home/airflow/.local/lib/python3.7/site-packages/airflow/example_dags/example_bash_operator.py
[2024-03-30T06:28:16.126+0000] {logging_mixin.py:149} INFO - [2024-03-30T06:28:16.126+0000] {dag.py:2726} INFO - Sync 1 DAGs
[2024-03-30T06:28:16.218+0000] {logging_mixin.py:149} INFO - [2024-03-30T06:28:16.218+0000] {dag.py:3490} INFO - Setting next_dagrun for example_bash_operator to 2024-03-29T00:00:00+00:00, run_after=2024-03-30T00:00:00+00:00
[2024-03-30T06:28:16.255+0000] {processor.py:179} INFO - Processing /home/airflow/.local/lib/python3.7/site-packages/airflow/example_dags/example_bash_operator.py took 0.201 seconds
[2024-03-30T06:28:46.484+0000] {processor.py:157} INFO - Started process (PID=1619) to work on /home/airflow/.local/lib/python3.7/site-packages/airflow/example_dags/example_bash_operator.py
[2024-03-30T06:28:46.486+0000] {processor.py:826} INFO - Processing file /home/airflow/.local/lib/python3.7/site-packages/airflow/example_dags/example_bash_operator.py for tasks to queue
[2024-03-30T06:28:46.487+0000] {logging_mixin.py:149} INFO - [2024-03-30T06:28:46.486+0000] {dagbag.py:541} INFO - Filling up the DagBag from /home/airflow/.local/lib/python3.7/site-packages/airflow/example_dags/example_bash_operator.py
[2024-03-30T06:28:46.500+0000] {processor.py:836} INFO - DAG(s) dict_keys(['example_bash_operator']) retrieved from /home/airflow/.local/lib/python3.7/site-packages/airflow/example_dags/example_bash_operator.py
[2024-03-30T06:28:46.549+0000] {logging_mixin.py:149} INFO - [2024-03-30T06:28:46.549+0000] {dag.py:2726} INFO - Sync 1 DAGs
[2024-03-30T06:28:46.575+0000] {logging_mixin.py:149} INFO - [2024-03-30T06:28:46.575+0000] {dag.py:3490} INFO - Setting next_dagrun for example_bash_operator to 2024-03-29T00:00:00+00:00, run_after=2024-03-30T00:00:00+00:00
[2024-03-30T06:28:46.608+0000] {processor.py:179} INFO - Processing /home/airflow/.local/lib/python3.7/site-packages/airflow/example_dags/example_bash_operator.py took 0.127 seconds
[2024-03-30T06:29:17.125+0000] {processor.py:157} INFO - Started process (PID=1680) to work on /home/airflow/.local/lib/python3.7/site-packages/airflow/example_dags/example_bash_operator.py
[2024-03-30T06:29:17.125+0000] {processor.py:826} INFO - Processing file /home/airflow/.local/lib/python3.7/site-packages/airflow/example_dags/example_bash_operator.py for tasks to queue
[2024-03-30T06:29:17.126+0000] {logging_mixin.py:149} INFO - [2024-03-30T06:29:17.126+0000] {dagbag.py:541} INFO - Filling up the DagBag from /home/airflow/.local/lib/python3.7/site-packages/airflow/example_dags/example_bash_operator.py
[2024-03-30T06:29:17.139+0000] {processor.py:836} INFO - DAG(s) dict_keys(['example_bash_operator']) retrieved from /home/airflow/.local/lib/python3.7/site-packages/airflow/example_dags/example_bash_operator.py
[2024-03-30T06:29:17.189+0000] {logging_mixin.py:149} INFO - [2024-03-30T06:29:17.188+0000] {dag.py:2726} INFO - Sync 1 DAGs
[2024-03-30T06:29:17.218+0000] {logging_mixin.py:149} INFO - [2024-03-30T06:29:17.218+0000] {dag.py:3490} INFO - Setting next_dagrun for example_bash_operator to 2024-03-29T00:00:00+00:00, run_after=2024-03-30T00:00:00+00:00
[2024-03-30T06:29:17.253+0000] {processor.py:179} INFO - Processing /home/airflow/.local/lib/python3.7/site-packages/airflow/example_dags/example_bash_operator.py took 0.131 seconds
[2024-03-30T06:29:47.474+0000] {processor.py:157} INFO - Started process (PID=1741) to work on /home/airflow/.local/lib/python3.7/site-packages/airflow/example_dags/example_bash_operator.py
[2024-03-30T06:29:47.476+0000] {processor.py:826} INFO - Processing file /home/airflow/.local/lib/python3.7/site-packages/airflow/example_dags/example_bash_operator.py for tasks to queue
[2024-03-30T06:29:47.476+0000] {logging_mixin.py:149} INFO - [2024-03-30T06:29:47.476+0000] {dagbag.py:541} INFO - Filling up the DagBag from /home/airflow/.local/lib/python3.7/site-packages/airflow/example_dags/example_bash_operator.py
[2024-03-30T06:29:47.490+0000] {processor.py:836} INFO - DAG(s) dict_keys(['example_bash_operator']) retrieved from /home/airflow/.local/lib/python3.7/site-packages/airflow/example_dags/example_bash_operator.py
[2024-03-30T06:29:47.544+0000] {logging_mixin.py:149} INFO - [2024-03-30T06:29:47.544+0000] {dag.py:2726} INFO - Sync 1 DAGs
[2024-03-30T06:29:47.571+0000] {logging_mixin.py:149} INFO - [2024-03-30T06:29:47.570+0000] {dag.py:3490} INFO - Setting next_dagrun for example_bash_operator to 2024-03-29T00:00:00+00:00, run_after=2024-03-30T00:00:00+00:00
[2024-03-30T06:29:47.605+0000] {processor.py:179} INFO - Processing /home/airflow/.local/lib/python3.7/site-packages/airflow/example_dags/example_bash_operator.py took 0.134 seconds
[2024-03-30T06:30:18.193+0000] {processor.py:157} INFO - Started process (PID=1802) to work on /home/airflow/.local/lib/python3.7/site-packages/airflow/example_dags/example_bash_operator.py
[2024-03-30T06:30:18.194+0000] {processor.py:826} INFO - Processing file /home/airflow/.local/lib/python3.7/site-packages/airflow/example_dags/example_bash_operator.py for tasks to queue
[2024-03-30T06:30:18.194+0000] {logging_mixin.py:149} INFO - [2024-03-30T06:30:18.194+0000] {dagbag.py:541} INFO - Filling up the DagBag from /home/airflow/.local/lib/python3.7/site-packages/airflow/example_dags/example_bash_operator.py
[2024-03-30T06:30:18.207+0000] {processor.py:836} INFO - DAG(s) dict_keys(['example_bash_operator']) retrieved from /home/airflow/.local/lib/python3.7/site-packages/airflow/example_dags/example_bash_operator.py
[2024-03-30T06:30:18.253+0000] {logging_mixin.py:149} INFO - [2024-03-30T06:30:18.253+0000] {dag.py:2726} INFO - Sync 1 DAGs
[2024-03-30T06:30:18.278+0000] {logging_mixin.py:149} INFO - [2024-03-30T06:30:18.278+0000] {dag.py:3490} INFO - Setting next_dagrun for example_bash_operator to 2024-03-29T00:00:00+00:00, run_after=2024-03-30T00:00:00+00:00
[2024-03-30T06:30:18.312+0000] {processor.py:179} INFO - Processing /home/airflow/.local/lib/python3.7/site-packages/airflow/example_dags/example_bash_operator.py took 0.122 seconds
[2024-03-30T06:30:48.617+0000] {processor.py:157} INFO - Started process (PID=1863) to work on /home/airflow/.local/lib/python3.7/site-packages/airflow/example_dags/example_bash_operator.py
[2024-03-30T06:30:48.619+0000] {processor.py:826} INFO - Processing file /home/airflow/.local/lib/python3.7/site-packages/airflow/example_dags/example_bash_operator.py for tasks to queue
[2024-03-30T06:30:48.620+0000] {logging_mixin.py:149} INFO - [2024-03-30T06:30:48.620+0000] {dagbag.py:541} INFO - Filling up the DagBag from /home/airflow/.local/lib/python3.7/site-packages/airflow/example_dags/example_bash_operator.py
[2024-03-30T06:30:48.631+0000] {processor.py:836} INFO - DAG(s) dict_keys(['example_bash_operator']) retrieved from /home/airflow/.local/lib/python3.7/site-packages/airflow/example_dags/example_bash_operator.py
[2024-03-30T06:30:48.679+0000] {logging_mixin.py:149} INFO - [2024-03-30T06:30:48.679+0000] {dag.py:2726} INFO - Sync 1 DAGs
[2024-03-30T06:30:48.750+0000] {logging_mixin.py:149} INFO - [2024-03-30T06:30:48.750+0000] {dag.py:3490} INFO - Setting next_dagrun for example_bash_operator to 2024-03-29T00:00:00+00:00, run_after=2024-03-30T00:00:00+00:00
[2024-03-30T06:30:48.782+0000] {processor.py:179} INFO - Processing /home/airflow/.local/lib/python3.7/site-packages/airflow/example_dags/example_bash_operator.py took 0.167 seconds
[2024-03-30T06:31:19.440+0000] {processor.py:157} INFO - Started process (PID=1924) to work on /home/airflow/.local/lib/python3.7/site-packages/airflow/example_dags/example_bash_operator.py
[2024-03-30T06:31:19.441+0000] {processor.py:826} INFO - Processing file /home/airflow/.local/lib/python3.7/site-packages/airflow/example_dags/example_bash_operator.py for tasks to queue
[2024-03-30T06:31:19.443+0000] {logging_mixin.py:149} INFO - [2024-03-30T06:31:19.443+0000] {dagbag.py:541} INFO - Filling up the DagBag from /home/airflow/.local/lib/python3.7/site-packages/airflow/example_dags/example_bash_operator.py
[2024-03-30T06:31:19.461+0000] {processor.py:836} INFO - DAG(s) dict_keys(['example_bash_operator']) retrieved from /home/airflow/.local/lib/python3.7/site-packages/airflow/example_dags/example_bash_operator.py
[2024-03-30T06:31:19.520+0000] {logging_mixin.py:149} INFO - [2024-03-30T06:31:19.520+0000] {dag.py:2726} INFO - Sync 1 DAGs
[2024-03-30T06:31:19.551+0000] {logging_mixin.py:149} INFO - [2024-03-30T06:31:19.551+0000] {dag.py:3490} INFO - Setting next_dagrun for example_bash_operator to 2024-03-29T00:00:00+00:00, run_after=2024-03-30T00:00:00+00:00
[2024-03-30T06:31:19.589+0000] {processor.py:179} INFO - Processing /home/airflow/.local/lib/python3.7/site-packages/airflow/example_dags/example_bash_operator.py took 0.153 seconds
[2024-03-30T08:20:54.250+0000] {processor.py:157} INFO - Started process (PID=39) to work on /home/airflow/.local/lib/python3.7/site-packages/airflow/example_dags/example_bash_operator.py
[2024-03-30T08:20:54.252+0000] {processor.py:826} INFO - Processing file /home/airflow/.local/lib/python3.7/site-packages/airflow/example_dags/example_bash_operator.py for tasks to queue
[2024-03-30T08:20:54.252+0000] {logging_mixin.py:149} INFO - [2024-03-30T08:20:54.252+0000] {dagbag.py:541} INFO - Filling up the DagBag from /home/airflow/.local/lib/python3.7/site-packages/airflow/example_dags/example_bash_operator.py
[2024-03-30T08:20:54.274+0000] {processor.py:836} INFO - DAG(s) dict_keys(['example_bash_operator']) retrieved from /home/airflow/.local/lib/python3.7/site-packages/airflow/example_dags/example_bash_operator.py
[2024-03-30T08:20:54.348+0000] {logging_mixin.py:149} INFO - [2024-03-30T08:20:54.347+0000] {dag.py:2726} INFO - Sync 1 DAGs
[2024-03-30T08:20:54.384+0000] {logging_mixin.py:149} INFO - [2024-03-30T08:20:54.383+0000] {dag.py:3490} INFO - Setting next_dagrun for example_bash_operator to 2024-03-29T00:00:00+00:00, run_after=2024-03-30T00:00:00+00:00
[2024-03-30T08:20:54.433+0000] {processor.py:179} INFO - Processing /home/airflow/.local/lib/python3.7/site-packages/airflow/example_dags/example_bash_operator.py took 0.187 seconds
[2024-03-30T08:21:24.830+0000] {processor.py:157} INFO - Started process (PID=100) to work on /home/airflow/.local/lib/python3.7/site-packages/airflow/example_dags/example_bash_operator.py
[2024-03-30T08:21:24.831+0000] {processor.py:826} INFO - Processing file /home/airflow/.local/lib/python3.7/site-packages/airflow/example_dags/example_bash_operator.py for tasks to queue
[2024-03-30T08:21:24.832+0000] {logging_mixin.py:149} INFO - [2024-03-30T08:21:24.832+0000] {dagbag.py:541} INFO - Filling up the DagBag from /home/airflow/.local/lib/python3.7/site-packages/airflow/example_dags/example_bash_operator.py
[2024-03-30T08:21:24.866+0000] {processor.py:836} INFO - DAG(s) dict_keys(['example_bash_operator']) retrieved from /home/airflow/.local/lib/python3.7/site-packages/airflow/example_dags/example_bash_operator.py
[2024-03-30T08:21:24.965+0000] {logging_mixin.py:149} INFO - [2024-03-30T08:21:24.965+0000] {dag.py:2726} INFO - Sync 1 DAGs
[2024-03-30T08:21:24.997+0000] {logging_mixin.py:149} INFO - [2024-03-30T08:21:24.997+0000] {dag.py:3490} INFO - Setting next_dagrun for example_bash_operator to 2024-03-29T00:00:00+00:00, run_after=2024-03-30T00:00:00+00:00
[2024-03-30T08:21:25.043+0000] {processor.py:179} INFO - Processing /home/airflow/.local/lib/python3.7/site-packages/airflow/example_dags/example_bash_operator.py took 0.221 seconds
[2024-03-30T08:21:55.182+0000] {processor.py:157} INFO - Started process (PID=161) to work on /home/airflow/.local/lib/python3.7/site-packages/airflow/example_dags/example_bash_operator.py
[2024-03-30T08:21:55.183+0000] {processor.py:826} INFO - Processing file /home/airflow/.local/lib/python3.7/site-packages/airflow/example_dags/example_bash_operator.py for tasks to queue
[2024-03-30T08:21:55.184+0000] {logging_mixin.py:149} INFO - [2024-03-30T08:21:55.184+0000] {dagbag.py:541} INFO - Filling up the DagBag from /home/airflow/.local/lib/python3.7/site-packages/airflow/example_dags/example_bash_operator.py
[2024-03-30T08:21:55.201+0000] {processor.py:836} INFO - DAG(s) dict_keys(['example_bash_operator']) retrieved from /home/airflow/.local/lib/python3.7/site-packages/airflow/example_dags/example_bash_operator.py
[2024-03-30T08:21:55.262+0000] {logging_mixin.py:149} INFO - [2024-03-30T08:21:55.261+0000] {dag.py:2726} INFO - Sync 1 DAGs
[2024-03-30T08:21:55.387+0000] {logging_mixin.py:149} INFO - [2024-03-30T08:21:55.387+0000] {dag.py:3490} INFO - Setting next_dagrun for example_bash_operator to 2024-03-29T00:00:00+00:00, run_after=2024-03-30T00:00:00+00:00
[2024-03-30T08:21:55.428+0000] {processor.py:179} INFO - Processing /home/airflow/.local/lib/python3.7/site-packages/airflow/example_dags/example_bash_operator.py took 0.249 seconds
[2024-03-30T08:22:25.957+0000] {processor.py:157} INFO - Started process (PID=222) to work on /home/airflow/.local/lib/python3.7/site-packages/airflow/example_dags/example_bash_operator.py
[2024-03-30T08:22:25.959+0000] {processor.py:826} INFO - Processing file /home/airflow/.local/lib/python3.7/site-packages/airflow/example_dags/example_bash_operator.py for tasks to queue
[2024-03-30T08:22:25.960+0000] {logging_mixin.py:149} INFO - [2024-03-30T08:22:25.960+0000] {dagbag.py:541} INFO - Filling up the DagBag from /home/airflow/.local/lib/python3.7/site-packages/airflow/example_dags/example_bash_operator.py
[2024-03-30T08:22:26.095+0000] {processor.py:836} INFO - DAG(s) dict_keys(['example_bash_operator']) retrieved from /home/airflow/.local/lib/python3.7/site-packages/airflow/example_dags/example_bash_operator.py
[2024-03-30T08:22:26.153+0000] {logging_mixin.py:149} INFO - [2024-03-30T08:22:26.152+0000] {dag.py:2726} INFO - Sync 1 DAGs
[2024-03-30T08:22:26.176+0000] {logging_mixin.py:149} INFO - [2024-03-30T08:22:26.176+0000] {dag.py:3490} INFO - Setting next_dagrun for example_bash_operator to 2024-03-29T00:00:00+00:00, run_after=2024-03-30T00:00:00+00:00
[2024-03-30T08:22:26.214+0000] {processor.py:179} INFO - Processing /home/airflow/.local/lib/python3.7/site-packages/airflow/example_dags/example_bash_operator.py took 0.260 seconds
[2024-03-30T08:22:56.705+0000] {processor.py:157} INFO - Started process (PID=283) to work on /home/airflow/.local/lib/python3.7/site-packages/airflow/example_dags/example_bash_operator.py
[2024-03-30T08:22:56.706+0000] {processor.py:826} INFO - Processing file /home/airflow/.local/lib/python3.7/site-packages/airflow/example_dags/example_bash_operator.py for tasks to queue
[2024-03-30T08:22:56.706+0000] {logging_mixin.py:149} INFO - [2024-03-30T08:22:56.706+0000] {dagbag.py:541} INFO - Filling up the DagBag from /home/airflow/.local/lib/python3.7/site-packages/airflow/example_dags/example_bash_operator.py
[2024-03-30T08:22:56.720+0000] {processor.py:836} INFO - DAG(s) dict_keys(['example_bash_operator']) retrieved from /home/airflow/.local/lib/python3.7/site-packages/airflow/example_dags/example_bash_operator.py
[2024-03-30T08:22:56.779+0000] {logging_mixin.py:149} INFO - [2024-03-30T08:22:56.778+0000] {dag.py:2726} INFO - Sync 1 DAGs
[2024-03-30T08:22:56.807+0000] {logging_mixin.py:149} INFO - [2024-03-30T08:22:56.807+0000] {dag.py:3490} INFO - Setting next_dagrun for example_bash_operator to 2024-03-29T00:00:00+00:00, run_after=2024-03-30T00:00:00+00:00
[2024-03-30T08:22:56.852+0000] {processor.py:179} INFO - Processing /home/airflow/.local/lib/python3.7/site-packages/airflow/example_dags/example_bash_operator.py took 0.150 seconds
[2024-03-30T08:23:26.898+0000] {processor.py:157} INFO - Started process (PID=344) to work on /home/airflow/.local/lib/python3.7/site-packages/airflow/example_dags/example_bash_operator.py
[2024-03-30T08:23:26.898+0000] {processor.py:826} INFO - Processing file /home/airflow/.local/lib/python3.7/site-packages/airflow/example_dags/example_bash_operator.py for tasks to queue
[2024-03-30T08:23:26.899+0000] {logging_mixin.py:149} INFO - [2024-03-30T08:23:26.899+0000] {dagbag.py:541} INFO - Filling up the DagBag from /home/airflow/.local/lib/python3.7/site-packages/airflow/example_dags/example_bash_operator.py
[2024-03-30T08:23:26.913+0000] {processor.py:836} INFO - DAG(s) dict_keys(['example_bash_operator']) retrieved from /home/airflow/.local/lib/python3.7/site-packages/airflow/example_dags/example_bash_operator.py
[2024-03-30T08:23:26.975+0000] {logging_mixin.py:149} INFO - [2024-03-30T08:23:26.975+0000] {dag.py:2726} INFO - Sync 1 DAGs
[2024-03-30T08:23:27.012+0000] {logging_mixin.py:149} INFO - [2024-03-30T08:23:27.012+0000] {dag.py:3490} INFO - Setting next_dagrun for example_bash_operator to 2024-03-29T00:00:00+00:00, run_after=2024-03-30T00:00:00+00:00
[2024-03-30T08:23:27.061+0000] {processor.py:179} INFO - Processing /home/airflow/.local/lib/python3.7/site-packages/airflow/example_dags/example_bash_operator.py took 0.167 seconds
[2024-03-30T08:23:57.121+0000] {processor.py:157} INFO - Started process (PID=404) to work on /home/airflow/.local/lib/python3.7/site-packages/airflow/example_dags/example_bash_operator.py
[2024-03-30T08:23:57.122+0000] {processor.py:826} INFO - Processing file /home/airflow/.local/lib/python3.7/site-packages/airflow/example_dags/example_bash_operator.py for tasks to queue
[2024-03-30T08:23:57.123+0000] {logging_mixin.py:149} INFO - [2024-03-30T08:23:57.122+0000] {dagbag.py:541} INFO - Filling up the DagBag from /home/airflow/.local/lib/python3.7/site-packages/airflow/example_dags/example_bash_operator.py
[2024-03-30T08:23:57.141+0000] {processor.py:836} INFO - DAG(s) dict_keys(['example_bash_operator']) retrieved from /home/airflow/.local/lib/python3.7/site-packages/airflow/example_dags/example_bash_operator.py
[2024-03-30T08:23:57.208+0000] {logging_mixin.py:149} INFO - [2024-03-30T08:23:57.207+0000] {dag.py:2726} INFO - Sync 1 DAGs
[2024-03-30T08:23:57.248+0000] {logging_mixin.py:149} INFO - [2024-03-30T08:23:57.248+0000] {dag.py:3490} INFO - Setting next_dagrun for example_bash_operator to 2024-03-29T00:00:00+00:00, run_after=2024-03-30T00:00:00+00:00
[2024-03-30T08:23:57.291+0000] {processor.py:179} INFO - Processing /home/airflow/.local/lib/python3.7/site-packages/airflow/example_dags/example_bash_operator.py took 0.174 seconds
[2024-03-30T08:24:27.727+0000] {processor.py:157} INFO - Started process (PID=465) to work on /home/airflow/.local/lib/python3.7/site-packages/airflow/example_dags/example_bash_operator.py
[2024-03-30T08:24:27.728+0000] {processor.py:826} INFO - Processing file /home/airflow/.local/lib/python3.7/site-packages/airflow/example_dags/example_bash_operator.py for tasks to queue
[2024-03-30T08:24:27.729+0000] {logging_mixin.py:149} INFO - [2024-03-30T08:24:27.729+0000] {dagbag.py:541} INFO - Filling up the DagBag from /home/airflow/.local/lib/python3.7/site-packages/airflow/example_dags/example_bash_operator.py
[2024-03-30T08:24:27.743+0000] {processor.py:836} INFO - DAG(s) dict_keys(['example_bash_operator']) retrieved from /home/airflow/.local/lib/python3.7/site-packages/airflow/example_dags/example_bash_operator.py
[2024-03-30T08:24:27.800+0000] {logging_mixin.py:149} INFO - [2024-03-30T08:24:27.800+0000] {dag.py:2726} INFO - Sync 1 DAGs
[2024-03-30T08:24:27.828+0000] {logging_mixin.py:149} INFO - [2024-03-30T08:24:27.828+0000] {dag.py:3490} INFO - Setting next_dagrun for example_bash_operator to 2024-03-29T00:00:00+00:00, run_after=2024-03-30T00:00:00+00:00
[2024-03-30T08:24:27.868+0000] {processor.py:179} INFO - Processing /home/airflow/.local/lib/python3.7/site-packages/airflow/example_dags/example_bash_operator.py took 0.144 seconds
[2024-03-30T08:24:58.142+0000] {processor.py:157} INFO - Started process (PID=526) to work on /home/airflow/.local/lib/python3.7/site-packages/airflow/example_dags/example_bash_operator.py
[2024-03-30T08:24:58.143+0000] {processor.py:826} INFO - Processing file /home/airflow/.local/lib/python3.7/site-packages/airflow/example_dags/example_bash_operator.py for tasks to queue
[2024-03-30T08:24:58.144+0000] {logging_mixin.py:149} INFO - [2024-03-30T08:24:58.144+0000] {dagbag.py:541} INFO - Filling up the DagBag from /home/airflow/.local/lib/python3.7/site-packages/airflow/example_dags/example_bash_operator.py
[2024-03-30T08:24:58.159+0000] {processor.py:836} INFO - DAG(s) dict_keys(['example_bash_operator']) retrieved from /home/airflow/.local/lib/python3.7/site-packages/airflow/example_dags/example_bash_operator.py
[2024-03-30T08:24:58.222+0000] {logging_mixin.py:149} INFO - [2024-03-30T08:24:58.221+0000] {dag.py:2726} INFO - Sync 1 DAGs
[2024-03-30T08:24:58.305+0000] {logging_mixin.py:149} INFO - [2024-03-30T08:24:58.304+0000] {dag.py:3490} INFO - Setting next_dagrun for example_bash_operator to 2024-03-29T00:00:00+00:00, run_after=2024-03-30T00:00:00+00:00
[2024-03-30T08:24:58.351+0000] {processor.py:179} INFO - Processing /home/airflow/.local/lib/python3.7/site-packages/airflow/example_dags/example_bash_operator.py took 0.214 seconds
[2024-03-30T08:25:28.470+0000] {processor.py:157} INFO - Started process (PID=587) to work on /home/airflow/.local/lib/python3.7/site-packages/airflow/example_dags/example_bash_operator.py
[2024-03-30T08:25:28.471+0000] {processor.py:826} INFO - Processing file /home/airflow/.local/lib/python3.7/site-packages/airflow/example_dags/example_bash_operator.py for tasks to queue
[2024-03-30T08:25:28.471+0000] {logging_mixin.py:149} INFO - [2024-03-30T08:25:28.471+0000] {dagbag.py:541} INFO - Filling up the DagBag from /home/airflow/.local/lib/python3.7/site-packages/airflow/example_dags/example_bash_operator.py
[2024-03-30T08:25:28.486+0000] {processor.py:836} INFO - DAG(s) dict_keys(['example_bash_operator']) retrieved from /home/airflow/.local/lib/python3.7/site-packages/airflow/example_dags/example_bash_operator.py
[2024-03-30T08:25:28.540+0000] {logging_mixin.py:149} INFO - [2024-03-30T08:25:28.540+0000] {dag.py:2726} INFO - Sync 1 DAGs
[2024-03-30T08:25:28.572+0000] {logging_mixin.py:149} INFO - [2024-03-30T08:25:28.572+0000] {dag.py:3490} INFO - Setting next_dagrun for example_bash_operator to 2024-03-29T00:00:00+00:00, run_after=2024-03-30T00:00:00+00:00
[2024-03-30T08:25:28.615+0000] {processor.py:179} INFO - Processing /home/airflow/.local/lib/python3.7/site-packages/airflow/example_dags/example_bash_operator.py took 0.149 seconds
[2024-03-30T08:25:58.805+0000] {processor.py:157} INFO - Started process (PID=649) to work on /home/airflow/.local/lib/python3.7/site-packages/airflow/example_dags/example_bash_operator.py
[2024-03-30T08:25:58.806+0000] {processor.py:826} INFO - Processing file /home/airflow/.local/lib/python3.7/site-packages/airflow/example_dags/example_bash_operator.py for tasks to queue
[2024-03-30T08:25:58.807+0000] {logging_mixin.py:149} INFO - [2024-03-30T08:25:58.807+0000] {dagbag.py:541} INFO - Filling up the DagBag from /home/airflow/.local/lib/python3.7/site-packages/airflow/example_dags/example_bash_operator.py
[2024-03-30T08:25:58.822+0000] {processor.py:836} INFO - DAG(s) dict_keys(['example_bash_operator']) retrieved from /home/airflow/.local/lib/python3.7/site-packages/airflow/example_dags/example_bash_operator.py
[2024-03-30T08:25:58.887+0000] {logging_mixin.py:149} INFO - [2024-03-30T08:25:58.887+0000] {dag.py:2726} INFO - Sync 1 DAGs
[2024-03-30T08:25:58.936+0000] {logging_mixin.py:149} INFO - [2024-03-30T08:25:58.935+0000] {dag.py:3490} INFO - Setting next_dagrun for example_bash_operator to 2024-03-29T00:00:00+00:00, run_after=2024-03-30T00:00:00+00:00
[2024-03-30T08:25:58.993+0000] {processor.py:179} INFO - Processing /home/airflow/.local/lib/python3.7/site-packages/airflow/example_dags/example_bash_operator.py took 0.192 seconds
[2024-03-30T08:26:29.362+0000] {processor.py:157} INFO - Started process (PID=710) to work on /home/airflow/.local/lib/python3.7/site-packages/airflow/example_dags/example_bash_operator.py
[2024-03-30T08:26:29.363+0000] {processor.py:826} INFO - Processing file /home/airflow/.local/lib/python3.7/site-packages/airflow/example_dags/example_bash_operator.py for tasks to queue
[2024-03-30T08:26:29.363+0000] {logging_mixin.py:149} INFO - [2024-03-30T08:26:29.363+0000] {dagbag.py:541} INFO - Filling up the DagBag from /home/airflow/.local/lib/python3.7/site-packages/airflow/example_dags/example_bash_operator.py
[2024-03-30T08:26:29.378+0000] {processor.py:836} INFO - DAG(s) dict_keys(['example_bash_operator']) retrieved from /home/airflow/.local/lib/python3.7/site-packages/airflow/example_dags/example_bash_operator.py
[2024-03-30T08:26:29.440+0000] {logging_mixin.py:149} INFO - [2024-03-30T08:26:29.439+0000] {dag.py:2726} INFO - Sync 1 DAGs
[2024-03-30T08:26:29.521+0000] {logging_mixin.py:149} INFO - [2024-03-30T08:26:29.521+0000] {dag.py:3490} INFO - Setting next_dagrun for example_bash_operator to 2024-03-29T00:00:00+00:00, run_after=2024-03-30T00:00:00+00:00
[2024-03-30T08:26:29.568+0000] {processor.py:179} INFO - Processing /home/airflow/.local/lib/python3.7/site-packages/airflow/example_dags/example_bash_operator.py took 0.209 seconds
[2024-03-30T08:26:59.658+0000] {processor.py:157} INFO - Started process (PID=772) to work on /home/airflow/.local/lib/python3.7/site-packages/airflow/example_dags/example_bash_operator.py
[2024-03-30T08:26:59.659+0000] {processor.py:826} INFO - Processing file /home/airflow/.local/lib/python3.7/site-packages/airflow/example_dags/example_bash_operator.py for tasks to queue
[2024-03-30T08:26:59.660+0000] {logging_mixin.py:149} INFO - [2024-03-30T08:26:59.660+0000] {dagbag.py:541} INFO - Filling up the DagBag from /home/airflow/.local/lib/python3.7/site-packages/airflow/example_dags/example_bash_operator.py
[2024-03-30T08:26:59.674+0000] {processor.py:836} INFO - DAG(s) dict_keys(['example_bash_operator']) retrieved from /home/airflow/.local/lib/python3.7/site-packages/airflow/example_dags/example_bash_operator.py
[2024-03-30T08:26:59.725+0000] {logging_mixin.py:149} INFO - [2024-03-30T08:26:59.725+0000] {dag.py:2726} INFO - Sync 1 DAGs
[2024-03-30T08:26:59.750+0000] {logging_mixin.py:149} INFO - [2024-03-30T08:26:59.750+0000] {dag.py:3490} INFO - Setting next_dagrun for example_bash_operator to 2024-03-29T00:00:00+00:00, run_after=2024-03-30T00:00:00+00:00
[2024-03-30T08:26:59.786+0000] {processor.py:179} INFO - Processing /home/airflow/.local/lib/python3.7/site-packages/airflow/example_dags/example_bash_operator.py took 0.131 seconds
[2024-03-30T08:27:29.828+0000] {processor.py:157} INFO - Started process (PID=832) to work on /home/airflow/.local/lib/python3.7/site-packages/airflow/example_dags/example_bash_operator.py
[2024-03-30T08:27:29.829+0000] {processor.py:826} INFO - Processing file /home/airflow/.local/lib/python3.7/site-packages/airflow/example_dags/example_bash_operator.py for tasks to queue
[2024-03-30T08:27:29.830+0000] {logging_mixin.py:149} INFO - [2024-03-30T08:27:29.829+0000] {dagbag.py:541} INFO - Filling up the DagBag from /home/airflow/.local/lib/python3.7/site-packages/airflow/example_dags/example_bash_operator.py
[2024-03-30T08:27:29.842+0000] {processor.py:836} INFO - DAG(s) dict_keys(['example_bash_operator']) retrieved from /home/airflow/.local/lib/python3.7/site-packages/airflow/example_dags/example_bash_operator.py
[2024-03-30T08:27:29.902+0000] {logging_mixin.py:149} INFO - [2024-03-30T08:27:29.902+0000] {dag.py:2726} INFO - Sync 1 DAGs
[2024-03-30T08:27:29.931+0000] {logging_mixin.py:149} INFO - [2024-03-30T08:27:29.931+0000] {dag.py:3490} INFO - Setting next_dagrun for example_bash_operator to 2024-03-29T00:00:00+00:00, run_after=2024-03-30T00:00:00+00:00
[2024-03-30T08:27:29.968+0000] {processor.py:179} INFO - Processing /home/airflow/.local/lib/python3.7/site-packages/airflow/example_dags/example_bash_operator.py took 0.142 seconds
[2024-03-30T08:28:00.100+0000] {processor.py:157} INFO - Started process (PID=892) to work on /home/airflow/.local/lib/python3.7/site-packages/airflow/example_dags/example_bash_operator.py
[2024-03-30T08:28:00.101+0000] {processor.py:826} INFO - Processing file /home/airflow/.local/lib/python3.7/site-packages/airflow/example_dags/example_bash_operator.py for tasks to queue
[2024-03-30T08:28:00.102+0000] {logging_mixin.py:149} INFO - [2024-03-30T08:28:00.101+0000] {dagbag.py:541} INFO - Filling up the DagBag from /home/airflow/.local/lib/python3.7/site-packages/airflow/example_dags/example_bash_operator.py
[2024-03-30T08:28:00.118+0000] {processor.py:836} INFO - DAG(s) dict_keys(['example_bash_operator']) retrieved from /home/airflow/.local/lib/python3.7/site-packages/airflow/example_dags/example_bash_operator.py
[2024-03-30T08:28:00.172+0000] {logging_mixin.py:149} INFO - [2024-03-30T08:28:00.172+0000] {dag.py:2726} INFO - Sync 1 DAGs
[2024-03-30T08:28:00.202+0000] {logging_mixin.py:149} INFO - [2024-03-30T08:28:00.202+0000] {dag.py:3490} INFO - Setting next_dagrun for example_bash_operator to 2024-03-29T00:00:00+00:00, run_after=2024-03-30T00:00:00+00:00
[2024-03-30T08:28:00.248+0000] {processor.py:179} INFO - Processing /home/airflow/.local/lib/python3.7/site-packages/airflow/example_dags/example_bash_operator.py took 0.152 seconds
[2024-03-30T08:28:30.736+0000] {processor.py:157} INFO - Started process (PID=953) to work on /home/airflow/.local/lib/python3.7/site-packages/airflow/example_dags/example_bash_operator.py
[2024-03-30T08:28:30.737+0000] {processor.py:826} INFO - Processing file /home/airflow/.local/lib/python3.7/site-packages/airflow/example_dags/example_bash_operator.py for tasks to queue
[2024-03-30T08:28:30.737+0000] {logging_mixin.py:149} INFO - [2024-03-30T08:28:30.737+0000] {dagbag.py:541} INFO - Filling up the DagBag from /home/airflow/.local/lib/python3.7/site-packages/airflow/example_dags/example_bash_operator.py
[2024-03-30T08:28:30.753+0000] {processor.py:836} INFO - DAG(s) dict_keys(['example_bash_operator']) retrieved from /home/airflow/.local/lib/python3.7/site-packages/airflow/example_dags/example_bash_operator.py
[2024-03-30T08:28:30.817+0000] {logging_mixin.py:149} INFO - [2024-03-30T08:28:30.816+0000] {dag.py:2726} INFO - Sync 1 DAGs
[2024-03-30T08:28:30.854+0000] {logging_mixin.py:149} INFO - [2024-03-30T08:28:30.854+0000] {dag.py:3490} INFO - Setting next_dagrun for example_bash_operator to 2024-03-29T00:00:00+00:00, run_after=2024-03-30T00:00:00+00:00
[2024-03-30T08:28:30.900+0000] {processor.py:179} INFO - Processing /home/airflow/.local/lib/python3.7/site-packages/airflow/example_dags/example_bash_operator.py took 0.167 seconds
