[2024-03-30T06:15:34.999+0000] {processor.py:157} INFO - Started process (PID=59) to work on /home/airflow/.local/lib/python3.7/site-packages/airflow/example_dags/example_time_delta_sensor_async.py
[2024-03-30T06:15:35.000+0000] {processor.py:826} INFO - Processing file /home/airflow/.local/lib/python3.7/site-packages/airflow/example_dags/example_time_delta_sensor_async.py for tasks to queue
[2024-03-30T06:15:35.000+0000] {logging_mixin.py:149} INFO - [2024-03-30T06:15:35.000+0000] {dagbag.py:541} INFO - Filling up the DagBag from /home/airflow/.local/lib/python3.7/site-packages/airflow/example_dags/example_time_delta_sensor_async.py
[2024-03-30T06:15:35.008+0000] {processor.py:836} INFO - DAG(s) dict_keys(['example_time_delta_sensor_async']) retrieved from /home/airflow/.local/lib/python3.7/site-packages/airflow/example_dags/example_time_delta_sensor_async.py
[2024-03-30T06:15:35.042+0000] {logging_mixin.py:149} INFO - [2024-03-30T06:15:35.041+0000] {dag.py:2726} INFO - Sync 1 DAGs
[2024-03-30T06:15:35.082+0000] {logging_mixin.py:149} INFO - [2024-03-30T06:15:35.082+0000] {dag.py:3490} INFO - Setting next_dagrun for example_time_delta_sensor_async to None, run_after=None
[2024-03-30T06:15:35.130+0000] {processor.py:179} INFO - Processing /home/airflow/.local/lib/python3.7/site-packages/airflow/example_dags/example_time_delta_sensor_async.py took 0.136 seconds
[2024-03-30T06:16:05.506+0000] {processor.py:157} INFO - Started process (PID=118) to work on /home/airflow/.local/lib/python3.7/site-packages/airflow/example_dags/example_time_delta_sensor_async.py
[2024-03-30T06:16:05.507+0000] {processor.py:826} INFO - Processing file /home/airflow/.local/lib/python3.7/site-packages/airflow/example_dags/example_time_delta_sensor_async.py for tasks to queue
[2024-03-30T06:16:05.507+0000] {logging_mixin.py:149} INFO - [2024-03-30T06:16:05.507+0000] {dagbag.py:541} INFO - Filling up the DagBag from /home/airflow/.local/lib/python3.7/site-packages/airflow/example_dags/example_time_delta_sensor_async.py
[2024-03-30T06:16:05.511+0000] {processor.py:836} INFO - DAG(s) dict_keys(['example_time_delta_sensor_async']) retrieved from /home/airflow/.local/lib/python3.7/site-packages/airflow/example_dags/example_time_delta_sensor_async.py
[2024-03-30T06:16:05.549+0000] {logging_mixin.py:149} INFO - [2024-03-30T06:16:05.549+0000] {dag.py:2726} INFO - Sync 1 DAGs
[2024-03-30T06:16:05.574+0000] {logging_mixin.py:149} INFO - [2024-03-30T06:16:05.574+0000] {dag.py:3490} INFO - Setting next_dagrun for example_time_delta_sensor_async to None, run_after=None
[2024-03-30T06:16:05.608+0000] {processor.py:179} INFO - Processing /home/airflow/.local/lib/python3.7/site-packages/airflow/example_dags/example_time_delta_sensor_async.py took 0.105 seconds
[2024-03-30T06:16:36.248+0000] {processor.py:157} INFO - Started process (PID=178) to work on /home/airflow/.local/lib/python3.7/site-packages/airflow/example_dags/example_time_delta_sensor_async.py
[2024-03-30T06:16:36.249+0000] {processor.py:826} INFO - Processing file /home/airflow/.local/lib/python3.7/site-packages/airflow/example_dags/example_time_delta_sensor_async.py for tasks to queue
[2024-03-30T06:16:36.250+0000] {logging_mixin.py:149} INFO - [2024-03-30T06:16:36.249+0000] {dagbag.py:541} INFO - Filling up the DagBag from /home/airflow/.local/lib/python3.7/site-packages/airflow/example_dags/example_time_delta_sensor_async.py
[2024-03-30T06:16:36.253+0000] {processor.py:836} INFO - DAG(s) dict_keys(['example_time_delta_sensor_async']) retrieved from /home/airflow/.local/lib/python3.7/site-packages/airflow/example_dags/example_time_delta_sensor_async.py
[2024-03-30T06:16:36.286+0000] {logging_mixin.py:149} INFO - [2024-03-30T06:16:36.286+0000] {dag.py:2726} INFO - Sync 1 DAGs
[2024-03-30T06:16:36.350+0000] {logging_mixin.py:149} INFO - [2024-03-30T06:16:36.350+0000] {dag.py:3490} INFO - Setting next_dagrun for example_time_delta_sensor_async to None, run_after=None
[2024-03-30T06:16:36.384+0000] {processor.py:179} INFO - Processing /home/airflow/.local/lib/python3.7/site-packages/airflow/example_dags/example_time_delta_sensor_async.py took 0.139 seconds
[2024-03-30T06:17:06.622+0000] {processor.py:157} INFO - Started process (PID=238) to work on /home/airflow/.local/lib/python3.7/site-packages/airflow/example_dags/example_time_delta_sensor_async.py
[2024-03-30T06:17:06.623+0000] {processor.py:826} INFO - Processing file /home/airflow/.local/lib/python3.7/site-packages/airflow/example_dags/example_time_delta_sensor_async.py for tasks to queue
[2024-03-30T06:17:06.623+0000] {logging_mixin.py:149} INFO - [2024-03-30T06:17:06.623+0000] {dagbag.py:541} INFO - Filling up the DagBag from /home/airflow/.local/lib/python3.7/site-packages/airflow/example_dags/example_time_delta_sensor_async.py
[2024-03-30T06:17:06.626+0000] {processor.py:836} INFO - DAG(s) dict_keys(['example_time_delta_sensor_async']) retrieved from /home/airflow/.local/lib/python3.7/site-packages/airflow/example_dags/example_time_delta_sensor_async.py
[2024-03-30T06:17:06.658+0000] {logging_mixin.py:149} INFO - [2024-03-30T06:17:06.658+0000] {dag.py:2726} INFO - Sync 1 DAGs
[2024-03-30T06:17:06.683+0000] {logging_mixin.py:149} INFO - [2024-03-30T06:17:06.683+0000] {dag.py:3490} INFO - Setting next_dagrun for example_time_delta_sensor_async to None, run_after=None
[2024-03-30T06:17:06.713+0000] {processor.py:179} INFO - Processing /home/airflow/.local/lib/python3.7/site-packages/airflow/example_dags/example_time_delta_sensor_async.py took 0.093 seconds
[2024-03-30T06:17:36.922+0000] {processor.py:157} INFO - Started process (PID=298) to work on /home/airflow/.local/lib/python3.7/site-packages/airflow/example_dags/example_time_delta_sensor_async.py
[2024-03-30T06:17:36.924+0000] {processor.py:826} INFO - Processing file /home/airflow/.local/lib/python3.7/site-packages/airflow/example_dags/example_time_delta_sensor_async.py for tasks to queue
[2024-03-30T06:17:36.925+0000] {logging_mixin.py:149} INFO - [2024-03-30T06:17:36.924+0000] {dagbag.py:541} INFO - Filling up the DagBag from /home/airflow/.local/lib/python3.7/site-packages/airflow/example_dags/example_time_delta_sensor_async.py
[2024-03-30T06:17:36.928+0000] {processor.py:836} INFO - DAG(s) dict_keys(['example_time_delta_sensor_async']) retrieved from /home/airflow/.local/lib/python3.7/site-packages/airflow/example_dags/example_time_delta_sensor_async.py
[2024-03-30T06:17:36.967+0000] {logging_mixin.py:149} INFO - [2024-03-30T06:17:36.967+0000] {dag.py:2726} INFO - Sync 1 DAGs
[2024-03-30T06:17:36.991+0000] {logging_mixin.py:149} INFO - [2024-03-30T06:17:36.991+0000] {dag.py:3490} INFO - Setting next_dagrun for example_time_delta_sensor_async to None, run_after=None
[2024-03-30T06:17:37.024+0000] {processor.py:179} INFO - Processing /home/airflow/.local/lib/python3.7/site-packages/airflow/example_dags/example_time_delta_sensor_async.py took 0.106 seconds
[2024-03-30T06:18:07.239+0000] {processor.py:157} INFO - Started process (PID=358) to work on /home/airflow/.local/lib/python3.7/site-packages/airflow/example_dags/example_time_delta_sensor_async.py
[2024-03-30T06:18:07.239+0000] {processor.py:826} INFO - Processing file /home/airflow/.local/lib/python3.7/site-packages/airflow/example_dags/example_time_delta_sensor_async.py for tasks to queue
[2024-03-30T06:18:07.240+0000] {logging_mixin.py:149} INFO - [2024-03-30T06:18:07.240+0000] {dagbag.py:541} INFO - Filling up the DagBag from /home/airflow/.local/lib/python3.7/site-packages/airflow/example_dags/example_time_delta_sensor_async.py
[2024-03-30T06:18:07.243+0000] {processor.py:836} INFO - DAG(s) dict_keys(['example_time_delta_sensor_async']) retrieved from /home/airflow/.local/lib/python3.7/site-packages/airflow/example_dags/example_time_delta_sensor_async.py
[2024-03-30T06:18:07.276+0000] {logging_mixin.py:149} INFO - [2024-03-30T06:18:07.276+0000] {dag.py:2726} INFO - Sync 1 DAGs
[2024-03-30T06:18:07.301+0000] {logging_mixin.py:149} INFO - [2024-03-30T06:18:07.301+0000] {dag.py:3490} INFO - Setting next_dagrun for example_time_delta_sensor_async to None, run_after=None
[2024-03-30T06:18:07.333+0000] {processor.py:179} INFO - Processing /home/airflow/.local/lib/python3.7/site-packages/airflow/example_dags/example_time_delta_sensor_async.py took 0.097 seconds
[2024-03-30T06:18:38.023+0000] {processor.py:157} INFO - Started process (PID=419) to work on /home/airflow/.local/lib/python3.7/site-packages/airflow/example_dags/example_time_delta_sensor_async.py
[2024-03-30T06:18:38.025+0000] {processor.py:826} INFO - Processing file /home/airflow/.local/lib/python3.7/site-packages/airflow/example_dags/example_time_delta_sensor_async.py for tasks to queue
[2024-03-30T06:18:38.025+0000] {logging_mixin.py:149} INFO - [2024-03-30T06:18:38.025+0000] {dagbag.py:541} INFO - Filling up the DagBag from /home/airflow/.local/lib/python3.7/site-packages/airflow/example_dags/example_time_delta_sensor_async.py
[2024-03-30T06:18:38.029+0000] {processor.py:836} INFO - DAG(s) dict_keys(['example_time_delta_sensor_async']) retrieved from /home/airflow/.local/lib/python3.7/site-packages/airflow/example_dags/example_time_delta_sensor_async.py
[2024-03-30T06:18:38.067+0000] {logging_mixin.py:149} INFO - [2024-03-30T06:18:38.067+0000] {dag.py:2726} INFO - Sync 1 DAGs
[2024-03-30T06:18:38.094+0000] {logging_mixin.py:149} INFO - [2024-03-30T06:18:38.094+0000] {dag.py:3490} INFO - Setting next_dagrun for example_time_delta_sensor_async to None, run_after=None
[2024-03-30T06:18:38.130+0000] {processor.py:179} INFO - Processing /home/airflow/.local/lib/python3.7/site-packages/airflow/example_dags/example_time_delta_sensor_async.py took 0.111 seconds
[2024-03-30T06:19:08.237+0000] {processor.py:157} INFO - Started process (PID=479) to work on /home/airflow/.local/lib/python3.7/site-packages/airflow/example_dags/example_time_delta_sensor_async.py
[2024-03-30T06:19:08.238+0000] {processor.py:826} INFO - Processing file /home/airflow/.local/lib/python3.7/site-packages/airflow/example_dags/example_time_delta_sensor_async.py for tasks to queue
[2024-03-30T06:19:08.238+0000] {logging_mixin.py:149} INFO - [2024-03-30T06:19:08.238+0000] {dagbag.py:541} INFO - Filling up the DagBag from /home/airflow/.local/lib/python3.7/site-packages/airflow/example_dags/example_time_delta_sensor_async.py
[2024-03-30T06:19:08.242+0000] {processor.py:836} INFO - DAG(s) dict_keys(['example_time_delta_sensor_async']) retrieved from /home/airflow/.local/lib/python3.7/site-packages/airflow/example_dags/example_time_delta_sensor_async.py
[2024-03-30T06:19:08.277+0000] {logging_mixin.py:149} INFO - [2024-03-30T06:19:08.277+0000] {dag.py:2726} INFO - Sync 1 DAGs
[2024-03-30T06:19:08.301+0000] {logging_mixin.py:149} INFO - [2024-03-30T06:19:08.301+0000] {dag.py:3490} INFO - Setting next_dagrun for example_time_delta_sensor_async to None, run_after=None
[2024-03-30T06:19:08.335+0000] {processor.py:179} INFO - Processing /home/airflow/.local/lib/python3.7/site-packages/airflow/example_dags/example_time_delta_sensor_async.py took 0.101 seconds
[2024-03-30T06:19:39.391+0000] {processor.py:157} INFO - Started process (PID=539) to work on /home/airflow/.local/lib/python3.7/site-packages/airflow/example_dags/example_time_delta_sensor_async.py
[2024-03-30T06:19:39.392+0000] {processor.py:826} INFO - Processing file /home/airflow/.local/lib/python3.7/site-packages/airflow/example_dags/example_time_delta_sensor_async.py for tasks to queue
[2024-03-30T06:19:39.393+0000] {logging_mixin.py:149} INFO - [2024-03-30T06:19:39.393+0000] {dagbag.py:541} INFO - Filling up the DagBag from /home/airflow/.local/lib/python3.7/site-packages/airflow/example_dags/example_time_delta_sensor_async.py
[2024-03-30T06:19:39.396+0000] {processor.py:836} INFO - DAG(s) dict_keys(['example_time_delta_sensor_async']) retrieved from /home/airflow/.local/lib/python3.7/site-packages/airflow/example_dags/example_time_delta_sensor_async.py
[2024-03-30T06:19:39.432+0000] {logging_mixin.py:149} INFO - [2024-03-30T06:19:39.432+0000] {dag.py:2726} INFO - Sync 1 DAGs
[2024-03-30T06:19:39.513+0000] {logging_mixin.py:149} INFO - [2024-03-30T06:19:39.513+0000] {dag.py:3490} INFO - Setting next_dagrun for example_time_delta_sensor_async to None, run_after=None
[2024-03-30T06:19:39.545+0000] {processor.py:179} INFO - Processing /home/airflow/.local/lib/python3.7/site-packages/airflow/example_dags/example_time_delta_sensor_async.py took 0.157 seconds
[2024-03-30T06:20:10.372+0000] {processor.py:157} INFO - Started process (PID=599) to work on /home/airflow/.local/lib/python3.7/site-packages/airflow/example_dags/example_time_delta_sensor_async.py
[2024-03-30T06:20:10.372+0000] {processor.py:826} INFO - Processing file /home/airflow/.local/lib/python3.7/site-packages/airflow/example_dags/example_time_delta_sensor_async.py for tasks to queue
[2024-03-30T06:20:10.373+0000] {logging_mixin.py:149} INFO - [2024-03-30T06:20:10.373+0000] {dagbag.py:541} INFO - Filling up the DagBag from /home/airflow/.local/lib/python3.7/site-packages/airflow/example_dags/example_time_delta_sensor_async.py
[2024-03-30T06:20:10.377+0000] {processor.py:836} INFO - DAG(s) dict_keys(['example_time_delta_sensor_async']) retrieved from /home/airflow/.local/lib/python3.7/site-packages/airflow/example_dags/example_time_delta_sensor_async.py
[2024-03-30T06:20:10.420+0000] {logging_mixin.py:149} INFO - [2024-03-30T06:20:10.420+0000] {dag.py:2726} INFO - Sync 1 DAGs
[2024-03-30T06:20:10.447+0000] {logging_mixin.py:149} INFO - [2024-03-30T06:20:10.447+0000] {dag.py:3490} INFO - Setting next_dagrun for example_time_delta_sensor_async to None, run_after=None
[2024-03-30T06:20:10.486+0000] {processor.py:179} INFO - Processing /home/airflow/.local/lib/python3.7/site-packages/airflow/example_dags/example_time_delta_sensor_async.py took 0.117 seconds
[2024-03-30T06:20:41.054+0000] {processor.py:157} INFO - Started process (PID=661) to work on /home/airflow/.local/lib/python3.7/site-packages/airflow/example_dags/example_time_delta_sensor_async.py
[2024-03-30T06:20:41.055+0000] {processor.py:826} INFO - Processing file /home/airflow/.local/lib/python3.7/site-packages/airflow/example_dags/example_time_delta_sensor_async.py for tasks to queue
[2024-03-30T06:20:41.056+0000] {logging_mixin.py:149} INFO - [2024-03-30T06:20:41.056+0000] {dagbag.py:541} INFO - Filling up the DagBag from /home/airflow/.local/lib/python3.7/site-packages/airflow/example_dags/example_time_delta_sensor_async.py
[2024-03-30T06:20:41.059+0000] {processor.py:836} INFO - DAG(s) dict_keys(['example_time_delta_sensor_async']) retrieved from /home/airflow/.local/lib/python3.7/site-packages/airflow/example_dags/example_time_delta_sensor_async.py
[2024-03-30T06:20:41.094+0000] {logging_mixin.py:149} INFO - [2024-03-30T06:20:41.094+0000] {dag.py:2726} INFO - Sync 1 DAGs
[2024-03-30T06:20:41.122+0000] {logging_mixin.py:149} INFO - [2024-03-30T06:20:41.122+0000] {dag.py:3490} INFO - Setting next_dagrun for example_time_delta_sensor_async to None, run_after=None
[2024-03-30T06:20:41.155+0000] {processor.py:179} INFO - Processing /home/airflow/.local/lib/python3.7/site-packages/airflow/example_dags/example_time_delta_sensor_async.py took 0.105 seconds
[2024-03-30T06:21:11.865+0000] {processor.py:157} INFO - Started process (PID=722) to work on /home/airflow/.local/lib/python3.7/site-packages/airflow/example_dags/example_time_delta_sensor_async.py
[2024-03-30T06:21:11.866+0000] {processor.py:826} INFO - Processing file /home/airflow/.local/lib/python3.7/site-packages/airflow/example_dags/example_time_delta_sensor_async.py for tasks to queue
[2024-03-30T06:21:11.866+0000] {logging_mixin.py:149} INFO - [2024-03-30T06:21:11.866+0000] {dagbag.py:541} INFO - Filling up the DagBag from /home/airflow/.local/lib/python3.7/site-packages/airflow/example_dags/example_time_delta_sensor_async.py
[2024-03-30T06:21:11.870+0000] {processor.py:836} INFO - DAG(s) dict_keys(['example_time_delta_sensor_async']) retrieved from /home/airflow/.local/lib/python3.7/site-packages/airflow/example_dags/example_time_delta_sensor_async.py
[2024-03-30T06:21:11.903+0000] {logging_mixin.py:149} INFO - [2024-03-30T06:21:11.903+0000] {dag.py:2726} INFO - Sync 1 DAGs
[2024-03-30T06:21:11.927+0000] {logging_mixin.py:149} INFO - [2024-03-30T06:21:11.927+0000] {dag.py:3490} INFO - Setting next_dagrun for example_time_delta_sensor_async to None, run_after=None
[2024-03-30T06:21:11.962+0000] {processor.py:179} INFO - Processing /home/airflow/.local/lib/python3.7/site-packages/airflow/example_dags/example_time_delta_sensor_async.py took 0.099 seconds
[2024-03-30T06:21:42.991+0000] {processor.py:157} INFO - Started process (PID=783) to work on /home/airflow/.local/lib/python3.7/site-packages/airflow/example_dags/example_time_delta_sensor_async.py
[2024-03-30T06:21:42.992+0000] {processor.py:826} INFO - Processing file /home/airflow/.local/lib/python3.7/site-packages/airflow/example_dags/example_time_delta_sensor_async.py for tasks to queue
[2024-03-30T06:21:42.993+0000] {logging_mixin.py:149} INFO - [2024-03-30T06:21:42.993+0000] {dagbag.py:541} INFO - Filling up the DagBag from /home/airflow/.local/lib/python3.7/site-packages/airflow/example_dags/example_time_delta_sensor_async.py
[2024-03-30T06:21:42.996+0000] {processor.py:836} INFO - DAG(s) dict_keys(['example_time_delta_sensor_async']) retrieved from /home/airflow/.local/lib/python3.7/site-packages/airflow/example_dags/example_time_delta_sensor_async.py
[2024-03-30T06:21:43.032+0000] {logging_mixin.py:149} INFO - [2024-03-30T06:21:43.032+0000] {dag.py:2726} INFO - Sync 1 DAGs
[2024-03-30T06:21:43.058+0000] {logging_mixin.py:149} INFO - [2024-03-30T06:21:43.058+0000] {dag.py:3490} INFO - Setting next_dagrun for example_time_delta_sensor_async to None, run_after=None
[2024-03-30T06:21:43.093+0000] {processor.py:179} INFO - Processing /home/airflow/.local/lib/python3.7/site-packages/airflow/example_dags/example_time_delta_sensor_async.py took 0.105 seconds
[2024-03-30T06:22:13.842+0000] {processor.py:157} INFO - Started process (PID=844) to work on /home/airflow/.local/lib/python3.7/site-packages/airflow/example_dags/example_time_delta_sensor_async.py
[2024-03-30T06:22:13.843+0000] {processor.py:826} INFO - Processing file /home/airflow/.local/lib/python3.7/site-packages/airflow/example_dags/example_time_delta_sensor_async.py for tasks to queue
[2024-03-30T06:22:13.844+0000] {logging_mixin.py:149} INFO - [2024-03-30T06:22:13.843+0000] {dagbag.py:541} INFO - Filling up the DagBag from /home/airflow/.local/lib/python3.7/site-packages/airflow/example_dags/example_time_delta_sensor_async.py
[2024-03-30T06:22:13.849+0000] {processor.py:836} INFO - DAG(s) dict_keys(['example_time_delta_sensor_async']) retrieved from /home/airflow/.local/lib/python3.7/site-packages/airflow/example_dags/example_time_delta_sensor_async.py
[2024-03-30T06:22:13.890+0000] {logging_mixin.py:149} INFO - [2024-03-30T06:22:13.890+0000] {dag.py:2726} INFO - Sync 1 DAGs
[2024-03-30T06:22:13.918+0000] {logging_mixin.py:149} INFO - [2024-03-30T06:22:13.917+0000] {dag.py:3490} INFO - Setting next_dagrun for example_time_delta_sensor_async to None, run_after=None
[2024-03-30T06:22:13.953+0000] {processor.py:179} INFO - Processing /home/airflow/.local/lib/python3.7/site-packages/airflow/example_dags/example_time_delta_sensor_async.py took 0.114 seconds
[2024-03-30T06:22:44.316+0000] {processor.py:157} INFO - Started process (PID=905) to work on /home/airflow/.local/lib/python3.7/site-packages/airflow/example_dags/example_time_delta_sensor_async.py
[2024-03-30T06:22:44.317+0000] {processor.py:826} INFO - Processing file /home/airflow/.local/lib/python3.7/site-packages/airflow/example_dags/example_time_delta_sensor_async.py for tasks to queue
[2024-03-30T06:22:44.317+0000] {logging_mixin.py:149} INFO - [2024-03-30T06:22:44.317+0000] {dagbag.py:541} INFO - Filling up the DagBag from /home/airflow/.local/lib/python3.7/site-packages/airflow/example_dags/example_time_delta_sensor_async.py
[2024-03-30T06:22:44.321+0000] {processor.py:836} INFO - DAG(s) dict_keys(['example_time_delta_sensor_async']) retrieved from /home/airflow/.local/lib/python3.7/site-packages/airflow/example_dags/example_time_delta_sensor_async.py
[2024-03-30T06:22:44.358+0000] {logging_mixin.py:149} INFO - [2024-03-30T06:22:44.358+0000] {dag.py:2726} INFO - Sync 1 DAGs
[2024-03-30T06:22:44.386+0000] {logging_mixin.py:149} INFO - [2024-03-30T06:22:44.386+0000] {dag.py:3490} INFO - Setting next_dagrun for example_time_delta_sensor_async to None, run_after=None
[2024-03-30T06:22:44.418+0000] {processor.py:179} INFO - Processing /home/airflow/.local/lib/python3.7/site-packages/airflow/example_dags/example_time_delta_sensor_async.py took 0.105 seconds
[2024-03-30T06:23:14.710+0000] {processor.py:157} INFO - Started process (PID=966) to work on /home/airflow/.local/lib/python3.7/site-packages/airflow/example_dags/example_time_delta_sensor_async.py
[2024-03-30T06:23:14.711+0000] {processor.py:826} INFO - Processing file /home/airflow/.local/lib/python3.7/site-packages/airflow/example_dags/example_time_delta_sensor_async.py for tasks to queue
[2024-03-30T06:23:14.711+0000] {logging_mixin.py:149} INFO - [2024-03-30T06:23:14.711+0000] {dagbag.py:541} INFO - Filling up the DagBag from /home/airflow/.local/lib/python3.7/site-packages/airflow/example_dags/example_time_delta_sensor_async.py
[2024-03-30T06:23:14.715+0000] {processor.py:836} INFO - DAG(s) dict_keys(['example_time_delta_sensor_async']) retrieved from /home/airflow/.local/lib/python3.7/site-packages/airflow/example_dags/example_time_delta_sensor_async.py
[2024-03-30T06:23:14.750+0000] {logging_mixin.py:149} INFO - [2024-03-30T06:23:14.750+0000] {dag.py:2726} INFO - Sync 1 DAGs
[2024-03-30T06:23:14.774+0000] {logging_mixin.py:149} INFO - [2024-03-30T06:23:14.774+0000] {dag.py:3490} INFO - Setting next_dagrun for example_time_delta_sensor_async to None, run_after=None
[2024-03-30T06:23:14.805+0000] {processor.py:179} INFO - Processing /home/airflow/.local/lib/python3.7/site-packages/airflow/example_dags/example_time_delta_sensor_async.py took 0.098 seconds
[2024-03-30T06:23:46.065+0000] {processor.py:157} INFO - Started process (PID=1027) to work on /home/airflow/.local/lib/python3.7/site-packages/airflow/example_dags/example_time_delta_sensor_async.py
[2024-03-30T06:23:46.066+0000] {processor.py:826} INFO - Processing file /home/airflow/.local/lib/python3.7/site-packages/airflow/example_dags/example_time_delta_sensor_async.py for tasks to queue
[2024-03-30T06:23:46.066+0000] {logging_mixin.py:149} INFO - [2024-03-30T06:23:46.066+0000] {dagbag.py:541} INFO - Filling up the DagBag from /home/airflow/.local/lib/python3.7/site-packages/airflow/example_dags/example_time_delta_sensor_async.py
[2024-03-30T06:23:46.069+0000] {processor.py:836} INFO - DAG(s) dict_keys(['example_time_delta_sensor_async']) retrieved from /home/airflow/.local/lib/python3.7/site-packages/airflow/example_dags/example_time_delta_sensor_async.py
[2024-03-30T06:23:46.107+0000] {logging_mixin.py:149} INFO - [2024-03-30T06:23:46.107+0000] {dag.py:2726} INFO - Sync 1 DAGs
[2024-03-30T06:23:46.130+0000] {logging_mixin.py:149} INFO - [2024-03-30T06:23:46.130+0000] {dag.py:3490} INFO - Setting next_dagrun for example_time_delta_sensor_async to None, run_after=None
[2024-03-30T06:23:46.161+0000] {processor.py:179} INFO - Processing /home/airflow/.local/lib/python3.7/site-packages/airflow/example_dags/example_time_delta_sensor_async.py took 0.099 seconds
[2024-03-30T06:24:16.512+0000] {processor.py:157} INFO - Started process (PID=1088) to work on /home/airflow/.local/lib/python3.7/site-packages/airflow/example_dags/example_time_delta_sensor_async.py
[2024-03-30T06:24:16.513+0000] {processor.py:826} INFO - Processing file /home/airflow/.local/lib/python3.7/site-packages/airflow/example_dags/example_time_delta_sensor_async.py for tasks to queue
[2024-03-30T06:24:16.513+0000] {logging_mixin.py:149} INFO - [2024-03-30T06:24:16.513+0000] {dagbag.py:541} INFO - Filling up the DagBag from /home/airflow/.local/lib/python3.7/site-packages/airflow/example_dags/example_time_delta_sensor_async.py
[2024-03-30T06:24:16.517+0000] {processor.py:836} INFO - DAG(s) dict_keys(['example_time_delta_sensor_async']) retrieved from /home/airflow/.local/lib/python3.7/site-packages/airflow/example_dags/example_time_delta_sensor_async.py
[2024-03-30T06:24:16.550+0000] {logging_mixin.py:149} INFO - [2024-03-30T06:24:16.550+0000] {dag.py:2726} INFO - Sync 1 DAGs
[2024-03-30T06:24:16.575+0000] {logging_mixin.py:149} INFO - [2024-03-30T06:24:16.575+0000] {dag.py:3490} INFO - Setting next_dagrun for example_time_delta_sensor_async to None, run_after=None
[2024-03-30T06:24:16.606+0000] {processor.py:179} INFO - Processing /home/airflow/.local/lib/python3.7/site-packages/airflow/example_dags/example_time_delta_sensor_async.py took 0.097 seconds
[2024-03-30T06:24:46.882+0000] {processor.py:157} INFO - Started process (PID=1149) to work on /home/airflow/.local/lib/python3.7/site-packages/airflow/example_dags/example_time_delta_sensor_async.py
[2024-03-30T06:24:46.883+0000] {processor.py:826} INFO - Processing file /home/airflow/.local/lib/python3.7/site-packages/airflow/example_dags/example_time_delta_sensor_async.py for tasks to queue
[2024-03-30T06:24:46.884+0000] {logging_mixin.py:149} INFO - [2024-03-30T06:24:46.884+0000] {dagbag.py:541} INFO - Filling up the DagBag from /home/airflow/.local/lib/python3.7/site-packages/airflow/example_dags/example_time_delta_sensor_async.py
[2024-03-30T06:24:46.888+0000] {processor.py:836} INFO - DAG(s) dict_keys(['example_time_delta_sensor_async']) retrieved from /home/airflow/.local/lib/python3.7/site-packages/airflow/example_dags/example_time_delta_sensor_async.py
[2024-03-30T06:24:46.924+0000] {logging_mixin.py:149} INFO - [2024-03-30T06:24:46.924+0000] {dag.py:2726} INFO - Sync 1 DAGs
[2024-03-30T06:24:46.949+0000] {logging_mixin.py:149} INFO - [2024-03-30T06:24:46.949+0000] {dag.py:3490} INFO - Setting next_dagrun for example_time_delta_sensor_async to None, run_after=None
[2024-03-30T06:24:46.985+0000] {processor.py:179} INFO - Processing /home/airflow/.local/lib/python3.7/site-packages/airflow/example_dags/example_time_delta_sensor_async.py took 0.106 seconds
[2024-03-30T06:25:17.377+0000] {processor.py:157} INFO - Started process (PID=1210) to work on /home/airflow/.local/lib/python3.7/site-packages/airflow/example_dags/example_time_delta_sensor_async.py
[2024-03-30T06:25:17.378+0000] {processor.py:826} INFO - Processing file /home/airflow/.local/lib/python3.7/site-packages/airflow/example_dags/example_time_delta_sensor_async.py for tasks to queue
[2024-03-30T06:25:17.378+0000] {logging_mixin.py:149} INFO - [2024-03-30T06:25:17.378+0000] {dagbag.py:541} INFO - Filling up the DagBag from /home/airflow/.local/lib/python3.7/site-packages/airflow/example_dags/example_time_delta_sensor_async.py
[2024-03-30T06:25:17.382+0000] {processor.py:836} INFO - DAG(s) dict_keys(['example_time_delta_sensor_async']) retrieved from /home/airflow/.local/lib/python3.7/site-packages/airflow/example_dags/example_time_delta_sensor_async.py
[2024-03-30T06:25:17.426+0000] {logging_mixin.py:149} INFO - [2024-03-30T06:25:17.425+0000] {dag.py:2726} INFO - Sync 1 DAGs
[2024-03-30T06:25:17.452+0000] {logging_mixin.py:149} INFO - [2024-03-30T06:25:17.452+0000] {dag.py:3490} INFO - Setting next_dagrun for example_time_delta_sensor_async to None, run_after=None
[2024-03-30T06:25:17.484+0000] {processor.py:179} INFO - Processing /home/airflow/.local/lib/python3.7/site-packages/airflow/example_dags/example_time_delta_sensor_async.py took 0.110 seconds
[2024-03-30T06:25:47.682+0000] {processor.py:157} INFO - Started process (PID=1271) to work on /home/airflow/.local/lib/python3.7/site-packages/airflow/example_dags/example_time_delta_sensor_async.py
[2024-03-30T06:25:47.683+0000] {processor.py:826} INFO - Processing file /home/airflow/.local/lib/python3.7/site-packages/airflow/example_dags/example_time_delta_sensor_async.py for tasks to queue
[2024-03-30T06:25:47.684+0000] {logging_mixin.py:149} INFO - [2024-03-30T06:25:47.684+0000] {dagbag.py:541} INFO - Filling up the DagBag from /home/airflow/.local/lib/python3.7/site-packages/airflow/example_dags/example_time_delta_sensor_async.py
[2024-03-30T06:25:47.688+0000] {processor.py:836} INFO - DAG(s) dict_keys(['example_time_delta_sensor_async']) retrieved from /home/airflow/.local/lib/python3.7/site-packages/airflow/example_dags/example_time_delta_sensor_async.py
[2024-03-30T06:25:47.723+0000] {logging_mixin.py:149} INFO - [2024-03-30T06:25:47.723+0000] {dag.py:2726} INFO - Sync 1 DAGs
[2024-03-30T06:25:47.800+0000] {logging_mixin.py:149} INFO - [2024-03-30T06:25:47.799+0000] {dag.py:3490} INFO - Setting next_dagrun for example_time_delta_sensor_async to None, run_after=None
[2024-03-30T06:25:47.831+0000] {processor.py:179} INFO - Processing /home/airflow/.local/lib/python3.7/site-packages/airflow/example_dags/example_time_delta_sensor_async.py took 0.152 seconds
[2024-03-30T06:26:18.434+0000] {processor.py:157} INFO - Started process (PID=1332) to work on /home/airflow/.local/lib/python3.7/site-packages/airflow/example_dags/example_time_delta_sensor_async.py
[2024-03-30T06:26:18.435+0000] {processor.py:826} INFO - Processing file /home/airflow/.local/lib/python3.7/site-packages/airflow/example_dags/example_time_delta_sensor_async.py for tasks to queue
[2024-03-30T06:26:18.435+0000] {logging_mixin.py:149} INFO - [2024-03-30T06:26:18.435+0000] {dagbag.py:541} INFO - Filling up the DagBag from /home/airflow/.local/lib/python3.7/site-packages/airflow/example_dags/example_time_delta_sensor_async.py
[2024-03-30T06:26:18.438+0000] {processor.py:836} INFO - DAG(s) dict_keys(['example_time_delta_sensor_async']) retrieved from /home/airflow/.local/lib/python3.7/site-packages/airflow/example_dags/example_time_delta_sensor_async.py
[2024-03-30T06:26:18.482+0000] {logging_mixin.py:149} INFO - [2024-03-30T06:26:18.481+0000] {dag.py:2726} INFO - Sync 1 DAGs
[2024-03-30T06:26:18.553+0000] {logging_mixin.py:149} INFO - [2024-03-30T06:26:18.553+0000] {dag.py:3490} INFO - Setting next_dagrun for example_time_delta_sensor_async to None, run_after=None
[2024-03-30T06:26:18.587+0000] {processor.py:179} INFO - Processing /home/airflow/.local/lib/python3.7/site-packages/airflow/example_dags/example_time_delta_sensor_async.py took 0.156 seconds
[2024-03-30T06:26:49.462+0000] {processor.py:157} INFO - Started process (PID=1394) to work on /home/airflow/.local/lib/python3.7/site-packages/airflow/example_dags/example_time_delta_sensor_async.py
[2024-03-30T06:26:49.464+0000] {processor.py:826} INFO - Processing file /home/airflow/.local/lib/python3.7/site-packages/airflow/example_dags/example_time_delta_sensor_async.py for tasks to queue
[2024-03-30T06:26:49.465+0000] {logging_mixin.py:149} INFO - [2024-03-30T06:26:49.464+0000] {dagbag.py:541} INFO - Filling up the DagBag from /home/airflow/.local/lib/python3.7/site-packages/airflow/example_dags/example_time_delta_sensor_async.py
[2024-03-30T06:26:49.469+0000] {processor.py:836} INFO - DAG(s) dict_keys(['example_time_delta_sensor_async']) retrieved from /home/airflow/.local/lib/python3.7/site-packages/airflow/example_dags/example_time_delta_sensor_async.py
[2024-03-30T06:26:49.506+0000] {logging_mixin.py:149} INFO - [2024-03-30T06:26:49.506+0000] {dag.py:2726} INFO - Sync 1 DAGs
[2024-03-30T06:26:49.532+0000] {logging_mixin.py:149} INFO - [2024-03-30T06:26:49.531+0000] {dag.py:3490} INFO - Setting next_dagrun for example_time_delta_sensor_async to None, run_after=None
[2024-03-30T06:26:49.568+0000] {processor.py:179} INFO - Processing /home/airflow/.local/lib/python3.7/site-packages/airflow/example_dags/example_time_delta_sensor_async.py took 0.109 seconds
[2024-03-30T06:27:19.923+0000] {processor.py:157} INFO - Started process (PID=1455) to work on /home/airflow/.local/lib/python3.7/site-packages/airflow/example_dags/example_time_delta_sensor_async.py
[2024-03-30T06:27:19.924+0000] {processor.py:826} INFO - Processing file /home/airflow/.local/lib/python3.7/site-packages/airflow/example_dags/example_time_delta_sensor_async.py for tasks to queue
[2024-03-30T06:27:19.924+0000] {logging_mixin.py:149} INFO - [2024-03-30T06:27:19.924+0000] {dagbag.py:541} INFO - Filling up the DagBag from /home/airflow/.local/lib/python3.7/site-packages/airflow/example_dags/example_time_delta_sensor_async.py
[2024-03-30T06:27:19.929+0000] {processor.py:836} INFO - DAG(s) dict_keys(['example_time_delta_sensor_async']) retrieved from /home/airflow/.local/lib/python3.7/site-packages/airflow/example_dags/example_time_delta_sensor_async.py
[2024-03-30T06:27:19.971+0000] {logging_mixin.py:149} INFO - [2024-03-30T06:27:19.970+0000] {dag.py:2726} INFO - Sync 1 DAGs
[2024-03-30T06:27:20.001+0000] {logging_mixin.py:149} INFO - [2024-03-30T06:27:20.000+0000] {dag.py:3490} INFO - Setting next_dagrun for example_time_delta_sensor_async to None, run_after=None
[2024-03-30T06:27:20.035+0000] {processor.py:179} INFO - Processing /home/airflow/.local/lib/python3.7/site-packages/airflow/example_dags/example_time_delta_sensor_async.py took 0.115 seconds
[2024-03-30T06:27:50.646+0000] {processor.py:157} INFO - Started process (PID=1517) to work on /home/airflow/.local/lib/python3.7/site-packages/airflow/example_dags/example_time_delta_sensor_async.py
[2024-03-30T06:27:50.648+0000] {processor.py:826} INFO - Processing file /home/airflow/.local/lib/python3.7/site-packages/airflow/example_dags/example_time_delta_sensor_async.py for tasks to queue
[2024-03-30T06:27:50.649+0000] {logging_mixin.py:149} INFO - [2024-03-30T06:27:50.648+0000] {dagbag.py:541} INFO - Filling up the DagBag from /home/airflow/.local/lib/python3.7/site-packages/airflow/example_dags/example_time_delta_sensor_async.py
[2024-03-30T06:27:50.655+0000] {processor.py:836} INFO - DAG(s) dict_keys(['example_time_delta_sensor_async']) retrieved from /home/airflow/.local/lib/python3.7/site-packages/airflow/example_dags/example_time_delta_sensor_async.py
[2024-03-30T06:27:50.708+0000] {logging_mixin.py:149} INFO - [2024-03-30T06:27:50.708+0000] {dag.py:2726} INFO - Sync 1 DAGs
[2024-03-30T06:27:50.745+0000] {logging_mixin.py:149} INFO - [2024-03-30T06:27:50.745+0000] {dag.py:3490} INFO - Setting next_dagrun for example_time_delta_sensor_async to None, run_after=None
[2024-03-30T06:27:50.784+0000] {processor.py:179} INFO - Processing /home/airflow/.local/lib/python3.7/site-packages/airflow/example_dags/example_time_delta_sensor_async.py took 0.142 seconds
[2024-03-30T06:28:21.636+0000] {processor.py:157} INFO - Started process (PID=1578) to work on /home/airflow/.local/lib/python3.7/site-packages/airflow/example_dags/example_time_delta_sensor_async.py
[2024-03-30T06:28:21.637+0000] {processor.py:826} INFO - Processing file /home/airflow/.local/lib/python3.7/site-packages/airflow/example_dags/example_time_delta_sensor_async.py for tasks to queue
[2024-03-30T06:28:21.637+0000] {logging_mixin.py:149} INFO - [2024-03-30T06:28:21.637+0000] {dagbag.py:541} INFO - Filling up the DagBag from /home/airflow/.local/lib/python3.7/site-packages/airflow/example_dags/example_time_delta_sensor_async.py
[2024-03-30T06:28:21.641+0000] {processor.py:836} INFO - DAG(s) dict_keys(['example_time_delta_sensor_async']) retrieved from /home/airflow/.local/lib/python3.7/site-packages/airflow/example_dags/example_time_delta_sensor_async.py
[2024-03-30T06:28:21.676+0000] {logging_mixin.py:149} INFO - [2024-03-30T06:28:21.676+0000] {dag.py:2726} INFO - Sync 1 DAGs
[2024-03-30T06:28:21.703+0000] {logging_mixin.py:149} INFO - [2024-03-30T06:28:21.703+0000] {dag.py:3490} INFO - Setting next_dagrun for example_time_delta_sensor_async to None, run_after=None
[2024-03-30T06:28:21.734+0000] {processor.py:179} INFO - Processing /home/airflow/.local/lib/python3.7/site-packages/airflow/example_dags/example_time_delta_sensor_async.py took 0.101 seconds
[2024-03-30T06:28:52.272+0000] {processor.py:157} INFO - Started process (PID=1639) to work on /home/airflow/.local/lib/python3.7/site-packages/airflow/example_dags/example_time_delta_sensor_async.py
[2024-03-30T06:28:52.273+0000] {processor.py:826} INFO - Processing file /home/airflow/.local/lib/python3.7/site-packages/airflow/example_dags/example_time_delta_sensor_async.py for tasks to queue
[2024-03-30T06:28:52.274+0000] {logging_mixin.py:149} INFO - [2024-03-30T06:28:52.274+0000] {dagbag.py:541} INFO - Filling up the DagBag from /home/airflow/.local/lib/python3.7/site-packages/airflow/example_dags/example_time_delta_sensor_async.py
[2024-03-30T06:28:52.277+0000] {processor.py:836} INFO - DAG(s) dict_keys(['example_time_delta_sensor_async']) retrieved from /home/airflow/.local/lib/python3.7/site-packages/airflow/example_dags/example_time_delta_sensor_async.py
[2024-03-30T06:28:52.315+0000] {logging_mixin.py:149} INFO - [2024-03-30T06:28:52.315+0000] {dag.py:2726} INFO - Sync 1 DAGs
[2024-03-30T06:28:52.339+0000] {logging_mixin.py:149} INFO - [2024-03-30T06:28:52.339+0000] {dag.py:3490} INFO - Setting next_dagrun for example_time_delta_sensor_async to None, run_after=None
[2024-03-30T06:28:52.372+0000] {processor.py:179} INFO - Processing /home/airflow/.local/lib/python3.7/site-packages/airflow/example_dags/example_time_delta_sensor_async.py took 0.104 seconds
[2024-03-30T06:29:22.751+0000] {processor.py:157} INFO - Started process (PID=1700) to work on /home/airflow/.local/lib/python3.7/site-packages/airflow/example_dags/example_time_delta_sensor_async.py
[2024-03-30T06:29:22.751+0000] {processor.py:826} INFO - Processing file /home/airflow/.local/lib/python3.7/site-packages/airflow/example_dags/example_time_delta_sensor_async.py for tasks to queue
[2024-03-30T06:29:22.752+0000] {logging_mixin.py:149} INFO - [2024-03-30T06:29:22.752+0000] {dagbag.py:541} INFO - Filling up the DagBag from /home/airflow/.local/lib/python3.7/site-packages/airflow/example_dags/example_time_delta_sensor_async.py
[2024-03-30T06:29:22.755+0000] {processor.py:836} INFO - DAG(s) dict_keys(['example_time_delta_sensor_async']) retrieved from /home/airflow/.local/lib/python3.7/site-packages/airflow/example_dags/example_time_delta_sensor_async.py
[2024-03-30T06:29:22.789+0000] {logging_mixin.py:149} INFO - [2024-03-30T06:29:22.789+0000] {dag.py:2726} INFO - Sync 1 DAGs
[2024-03-30T06:29:22.814+0000] {logging_mixin.py:149} INFO - [2024-03-30T06:29:22.813+0000] {dag.py:3490} INFO - Setting next_dagrun for example_time_delta_sensor_async to None, run_after=None
[2024-03-30T06:29:22.849+0000] {processor.py:179} INFO - Processing /home/airflow/.local/lib/python3.7/site-packages/airflow/example_dags/example_time_delta_sensor_async.py took 0.100 seconds
[2024-03-30T06:29:53.497+0000] {processor.py:157} INFO - Started process (PID=1761) to work on /home/airflow/.local/lib/python3.7/site-packages/airflow/example_dags/example_time_delta_sensor_async.py
[2024-03-30T06:29:53.498+0000] {processor.py:826} INFO - Processing file /home/airflow/.local/lib/python3.7/site-packages/airflow/example_dags/example_time_delta_sensor_async.py for tasks to queue
[2024-03-30T06:29:53.499+0000] {logging_mixin.py:149} INFO - [2024-03-30T06:29:53.499+0000] {dagbag.py:541} INFO - Filling up the DagBag from /home/airflow/.local/lib/python3.7/site-packages/airflow/example_dags/example_time_delta_sensor_async.py
[2024-03-30T06:29:53.502+0000] {processor.py:836} INFO - DAG(s) dict_keys(['example_time_delta_sensor_async']) retrieved from /home/airflow/.local/lib/python3.7/site-packages/airflow/example_dags/example_time_delta_sensor_async.py
[2024-03-30T06:29:53.539+0000] {logging_mixin.py:149} INFO - [2024-03-30T06:29:53.539+0000] {dag.py:2726} INFO - Sync 1 DAGs
[2024-03-30T06:29:53.564+0000] {logging_mixin.py:149} INFO - [2024-03-30T06:29:53.564+0000] {dag.py:3490} INFO - Setting next_dagrun for example_time_delta_sensor_async to None, run_after=None
[2024-03-30T06:29:53.601+0000] {processor.py:179} INFO - Processing /home/airflow/.local/lib/python3.7/site-packages/airflow/example_dags/example_time_delta_sensor_async.py took 0.106 seconds
[2024-03-30T06:30:23.810+0000] {processor.py:157} INFO - Started process (PID=1822) to work on /home/airflow/.local/lib/python3.7/site-packages/airflow/example_dags/example_time_delta_sensor_async.py
[2024-03-30T06:30:23.811+0000] {processor.py:826} INFO - Processing file /home/airflow/.local/lib/python3.7/site-packages/airflow/example_dags/example_time_delta_sensor_async.py for tasks to queue
[2024-03-30T06:30:23.811+0000] {logging_mixin.py:149} INFO - [2024-03-30T06:30:23.811+0000] {dagbag.py:541} INFO - Filling up the DagBag from /home/airflow/.local/lib/python3.7/site-packages/airflow/example_dags/example_time_delta_sensor_async.py
[2024-03-30T06:30:23.815+0000] {processor.py:836} INFO - DAG(s) dict_keys(['example_time_delta_sensor_async']) retrieved from /home/airflow/.local/lib/python3.7/site-packages/airflow/example_dags/example_time_delta_sensor_async.py
[2024-03-30T06:30:23.851+0000] {logging_mixin.py:149} INFO - [2024-03-30T06:30:23.850+0000] {dag.py:2726} INFO - Sync 1 DAGs
[2024-03-30T06:30:23.879+0000] {logging_mixin.py:149} INFO - [2024-03-30T06:30:23.879+0000] {dag.py:3490} INFO - Setting next_dagrun for example_time_delta_sensor_async to None, run_after=None
[2024-03-30T06:30:23.911+0000] {processor.py:179} INFO - Processing /home/airflow/.local/lib/python3.7/site-packages/airflow/example_dags/example_time_delta_sensor_async.py took 0.103 seconds
[2024-03-30T06:30:54.363+0000] {processor.py:157} INFO - Started process (PID=1883) to work on /home/airflow/.local/lib/python3.7/site-packages/airflow/example_dags/example_time_delta_sensor_async.py
[2024-03-30T06:30:54.366+0000] {processor.py:826} INFO - Processing file /home/airflow/.local/lib/python3.7/site-packages/airflow/example_dags/example_time_delta_sensor_async.py for tasks to queue
[2024-03-30T06:30:54.367+0000] {logging_mixin.py:149} INFO - [2024-03-30T06:30:54.367+0000] {dagbag.py:541} INFO - Filling up the DagBag from /home/airflow/.local/lib/python3.7/site-packages/airflow/example_dags/example_time_delta_sensor_async.py
[2024-03-30T06:30:54.374+0000] {processor.py:836} INFO - DAG(s) dict_keys(['example_time_delta_sensor_async']) retrieved from /home/airflow/.local/lib/python3.7/site-packages/airflow/example_dags/example_time_delta_sensor_async.py
[2024-03-30T06:30:54.422+0000] {logging_mixin.py:149} INFO - [2024-03-30T06:30:54.422+0000] {dag.py:2726} INFO - Sync 1 DAGs
[2024-03-30T06:30:54.450+0000] {logging_mixin.py:149} INFO - [2024-03-30T06:30:54.450+0000] {dag.py:3490} INFO - Setting next_dagrun for example_time_delta_sensor_async to None, run_after=None
[2024-03-30T06:30:54.483+0000] {processor.py:179} INFO - Processing /home/airflow/.local/lib/python3.7/site-packages/airflow/example_dags/example_time_delta_sensor_async.py took 0.124 seconds
[2024-03-30T06:31:25.321+0000] {processor.py:157} INFO - Started process (PID=1951) to work on /home/airflow/.local/lib/python3.7/site-packages/airflow/example_dags/example_time_delta_sensor_async.py
[2024-03-30T06:31:25.321+0000] {processor.py:826} INFO - Processing file /home/airflow/.local/lib/python3.7/site-packages/airflow/example_dags/example_time_delta_sensor_async.py for tasks to queue
[2024-03-30T06:31:25.322+0000] {logging_mixin.py:149} INFO - [2024-03-30T06:31:25.322+0000] {dagbag.py:541} INFO - Filling up the DagBag from /home/airflow/.local/lib/python3.7/site-packages/airflow/example_dags/example_time_delta_sensor_async.py
[2024-03-30T06:31:25.328+0000] {processor.py:836} INFO - DAG(s) dict_keys(['example_time_delta_sensor_async']) retrieved from /home/airflow/.local/lib/python3.7/site-packages/airflow/example_dags/example_time_delta_sensor_async.py
[2024-03-30T06:31:25.366+0000] {logging_mixin.py:149} INFO - [2024-03-30T06:31:25.366+0000] {dag.py:2726} INFO - Sync 1 DAGs
[2024-03-30T06:31:25.392+0000] {logging_mixin.py:149} INFO - [2024-03-30T06:31:25.392+0000] {dag.py:3490} INFO - Setting next_dagrun for example_time_delta_sensor_async to None, run_after=None
[2024-03-30T06:31:25.428+0000] {processor.py:179} INFO - Processing /home/airflow/.local/lib/python3.7/site-packages/airflow/example_dags/example_time_delta_sensor_async.py took 0.111 seconds
[2024-03-30T08:20:57.091+0000] {processor.py:157} INFO - Started process (PID=59) to work on /home/airflow/.local/lib/python3.7/site-packages/airflow/example_dags/example_time_delta_sensor_async.py
[2024-03-30T08:20:57.091+0000] {processor.py:826} INFO - Processing file /home/airflow/.local/lib/python3.7/site-packages/airflow/example_dags/example_time_delta_sensor_async.py for tasks to queue
[2024-03-30T08:20:57.092+0000] {logging_mixin.py:149} INFO - [2024-03-30T08:20:57.092+0000] {dagbag.py:541} INFO - Filling up the DagBag from /home/airflow/.local/lib/python3.7/site-packages/airflow/example_dags/example_time_delta_sensor_async.py
[2024-03-30T08:20:57.099+0000] {processor.py:836} INFO - DAG(s) dict_keys(['example_time_delta_sensor_async']) retrieved from /home/airflow/.local/lib/python3.7/site-packages/airflow/example_dags/example_time_delta_sensor_async.py
[2024-03-30T08:20:57.156+0000] {logging_mixin.py:149} INFO - [2024-03-30T08:20:57.156+0000] {dag.py:2726} INFO - Sync 1 DAGs
[2024-03-30T08:20:57.187+0000] {logging_mixin.py:149} INFO - [2024-03-30T08:20:57.187+0000] {dag.py:3490} INFO - Setting next_dagrun for example_time_delta_sensor_async to None, run_after=None
[2024-03-30T08:20:57.248+0000] {processor.py:179} INFO - Processing /home/airflow/.local/lib/python3.7/site-packages/airflow/example_dags/example_time_delta_sensor_async.py took 0.159 seconds
[2024-03-30T08:21:27.352+0000] {processor.py:157} INFO - Started process (PID=120) to work on /home/airflow/.local/lib/python3.7/site-packages/airflow/example_dags/example_time_delta_sensor_async.py
[2024-03-30T08:21:27.352+0000] {processor.py:826} INFO - Processing file /home/airflow/.local/lib/python3.7/site-packages/airflow/example_dags/example_time_delta_sensor_async.py for tasks to queue
[2024-03-30T08:21:27.353+0000] {logging_mixin.py:149} INFO - [2024-03-30T08:21:27.353+0000] {dagbag.py:541} INFO - Filling up the DagBag from /home/airflow/.local/lib/python3.7/site-packages/airflow/example_dags/example_time_delta_sensor_async.py
[2024-03-30T08:21:27.357+0000] {processor.py:836} INFO - DAG(s) dict_keys(['example_time_delta_sensor_async']) retrieved from /home/airflow/.local/lib/python3.7/site-packages/airflow/example_dags/example_time_delta_sensor_async.py
[2024-03-30T08:21:27.400+0000] {logging_mixin.py:149} INFO - [2024-03-30T08:21:27.400+0000] {dag.py:2726} INFO - Sync 1 DAGs
[2024-03-30T08:21:27.426+0000] {logging_mixin.py:149} INFO - [2024-03-30T08:21:27.426+0000] {dag.py:3490} INFO - Setting next_dagrun for example_time_delta_sensor_async to None, run_after=None
[2024-03-30T08:21:27.461+0000] {processor.py:179} INFO - Processing /home/airflow/.local/lib/python3.7/site-packages/airflow/example_dags/example_time_delta_sensor_async.py took 0.112 seconds
[2024-03-30T08:21:58.355+0000] {processor.py:157} INFO - Started process (PID=181) to work on /home/airflow/.local/lib/python3.7/site-packages/airflow/example_dags/example_time_delta_sensor_async.py
[2024-03-30T08:21:58.356+0000] {processor.py:826} INFO - Processing file /home/airflow/.local/lib/python3.7/site-packages/airflow/example_dags/example_time_delta_sensor_async.py for tasks to queue
[2024-03-30T08:21:58.357+0000] {logging_mixin.py:149} INFO - [2024-03-30T08:21:58.356+0000] {dagbag.py:541} INFO - Filling up the DagBag from /home/airflow/.local/lib/python3.7/site-packages/airflow/example_dags/example_time_delta_sensor_async.py
[2024-03-30T08:21:58.361+0000] {processor.py:836} INFO - DAG(s) dict_keys(['example_time_delta_sensor_async']) retrieved from /home/airflow/.local/lib/python3.7/site-packages/airflow/example_dags/example_time_delta_sensor_async.py
[2024-03-30T08:21:58.407+0000] {logging_mixin.py:149} INFO - [2024-03-30T08:21:58.406+0000] {dag.py:2726} INFO - Sync 1 DAGs
[2024-03-30T08:21:58.605+0000] {logging_mixin.py:149} INFO - [2024-03-30T08:21:58.605+0000] {dag.py:3490} INFO - Setting next_dagrun for example_time_delta_sensor_async to None, run_after=None
[2024-03-30T08:21:58.656+0000] {processor.py:179} INFO - Processing /home/airflow/.local/lib/python3.7/site-packages/airflow/example_dags/example_time_delta_sensor_async.py took 0.304 seconds
[2024-03-30T08:22:28.869+0000] {processor.py:157} INFO - Started process (PID=242) to work on /home/airflow/.local/lib/python3.7/site-packages/airflow/example_dags/example_time_delta_sensor_async.py
[2024-03-30T08:22:28.869+0000] {processor.py:826} INFO - Processing file /home/airflow/.local/lib/python3.7/site-packages/airflow/example_dags/example_time_delta_sensor_async.py for tasks to queue
[2024-03-30T08:22:28.870+0000] {logging_mixin.py:149} INFO - [2024-03-30T08:22:28.870+0000] {dagbag.py:541} INFO - Filling up the DagBag from /home/airflow/.local/lib/python3.7/site-packages/airflow/example_dags/example_time_delta_sensor_async.py
[2024-03-30T08:22:28.873+0000] {processor.py:836} INFO - DAG(s) dict_keys(['example_time_delta_sensor_async']) retrieved from /home/airflow/.local/lib/python3.7/site-packages/airflow/example_dags/example_time_delta_sensor_async.py
[2024-03-30T08:22:28.915+0000] {logging_mixin.py:149} INFO - [2024-03-30T08:22:28.915+0000] {dag.py:2726} INFO - Sync 1 DAGs
[2024-03-30T08:22:28.941+0000] {logging_mixin.py:149} INFO - [2024-03-30T08:22:28.940+0000] {dag.py:3490} INFO - Setting next_dagrun for example_time_delta_sensor_async to None, run_after=None
[2024-03-30T08:22:28.986+0000] {processor.py:179} INFO - Processing /home/airflow/.local/lib/python3.7/site-packages/airflow/example_dags/example_time_delta_sensor_async.py took 0.121 seconds
[2024-03-30T08:22:59.351+0000] {processor.py:157} INFO - Started process (PID=303) to work on /home/airflow/.local/lib/python3.7/site-packages/airflow/example_dags/example_time_delta_sensor_async.py
[2024-03-30T08:22:59.352+0000] {processor.py:826} INFO - Processing file /home/airflow/.local/lib/python3.7/site-packages/airflow/example_dags/example_time_delta_sensor_async.py for tasks to queue
[2024-03-30T08:22:59.353+0000] {logging_mixin.py:149} INFO - [2024-03-30T08:22:59.353+0000] {dagbag.py:541} INFO - Filling up the DagBag from /home/airflow/.local/lib/python3.7/site-packages/airflow/example_dags/example_time_delta_sensor_async.py
[2024-03-30T08:22:59.356+0000] {processor.py:836} INFO - DAG(s) dict_keys(['example_time_delta_sensor_async']) retrieved from /home/airflow/.local/lib/python3.7/site-packages/airflow/example_dags/example_time_delta_sensor_async.py
[2024-03-30T08:22:59.404+0000] {logging_mixin.py:149} INFO - [2024-03-30T08:22:59.404+0000] {dag.py:2726} INFO - Sync 1 DAGs
[2024-03-30T08:22:59.434+0000] {logging_mixin.py:149} INFO - [2024-03-30T08:22:59.434+0000] {dag.py:3490} INFO - Setting next_dagrun for example_time_delta_sensor_async to None, run_after=None
[2024-03-30T08:22:59.479+0000] {processor.py:179} INFO - Processing /home/airflow/.local/lib/python3.7/site-packages/airflow/example_dags/example_time_delta_sensor_async.py took 0.131 seconds
[2024-03-30T08:23:30.454+0000] {processor.py:157} INFO - Started process (PID=364) to work on /home/airflow/.local/lib/python3.7/site-packages/airflow/example_dags/example_time_delta_sensor_async.py
[2024-03-30T08:23:30.455+0000] {processor.py:826} INFO - Processing file /home/airflow/.local/lib/python3.7/site-packages/airflow/example_dags/example_time_delta_sensor_async.py for tasks to queue
[2024-03-30T08:23:30.456+0000] {logging_mixin.py:149} INFO - [2024-03-30T08:23:30.456+0000] {dagbag.py:541} INFO - Filling up the DagBag from /home/airflow/.local/lib/python3.7/site-packages/airflow/example_dags/example_time_delta_sensor_async.py
[2024-03-30T08:23:30.463+0000] {processor.py:836} INFO - DAG(s) dict_keys(['example_time_delta_sensor_async']) retrieved from /home/airflow/.local/lib/python3.7/site-packages/airflow/example_dags/example_time_delta_sensor_async.py
[2024-03-30T08:23:30.512+0000] {logging_mixin.py:149} INFO - [2024-03-30T08:23:30.512+0000] {dag.py:2726} INFO - Sync 1 DAGs
[2024-03-30T08:23:30.542+0000] {logging_mixin.py:149} INFO - [2024-03-30T08:23:30.541+0000] {dag.py:3490} INFO - Setting next_dagrun for example_time_delta_sensor_async to None, run_after=None
[2024-03-30T08:23:30.588+0000] {processor.py:179} INFO - Processing /home/airflow/.local/lib/python3.7/site-packages/airflow/example_dags/example_time_delta_sensor_async.py took 0.137 seconds
[2024-03-30T08:24:01.302+0000] {processor.py:157} INFO - Started process (PID=424) to work on /home/airflow/.local/lib/python3.7/site-packages/airflow/example_dags/example_time_delta_sensor_async.py
[2024-03-30T08:24:01.303+0000] {processor.py:826} INFO - Processing file /home/airflow/.local/lib/python3.7/site-packages/airflow/example_dags/example_time_delta_sensor_async.py for tasks to queue
[2024-03-30T08:24:01.304+0000] {logging_mixin.py:149} INFO - [2024-03-30T08:24:01.303+0000] {dagbag.py:541} INFO - Filling up the DagBag from /home/airflow/.local/lib/python3.7/site-packages/airflow/example_dags/example_time_delta_sensor_async.py
[2024-03-30T08:24:01.308+0000] {processor.py:836} INFO - DAG(s) dict_keys(['example_time_delta_sensor_async']) retrieved from /home/airflow/.local/lib/python3.7/site-packages/airflow/example_dags/example_time_delta_sensor_async.py
[2024-03-30T08:24:01.397+0000] {logging_mixin.py:149} INFO - [2024-03-30T08:24:01.397+0000] {dag.py:2726} INFO - Sync 1 DAGs
[2024-03-30T08:24:01.431+0000] {logging_mixin.py:149} INFO - [2024-03-30T08:24:01.431+0000] {dag.py:3490} INFO - Setting next_dagrun for example_time_delta_sensor_async to None, run_after=None
[2024-03-30T08:24:01.482+0000] {processor.py:179} INFO - Processing /home/airflow/.local/lib/python3.7/site-packages/airflow/example_dags/example_time_delta_sensor_async.py took 0.184 seconds
[2024-03-30T08:24:31.980+0000] {processor.py:157} INFO - Started process (PID=485) to work on /home/airflow/.local/lib/python3.7/site-packages/airflow/example_dags/example_time_delta_sensor_async.py
[2024-03-30T08:24:31.981+0000] {processor.py:826} INFO - Processing file /home/airflow/.local/lib/python3.7/site-packages/airflow/example_dags/example_time_delta_sensor_async.py for tasks to queue
[2024-03-30T08:24:31.982+0000] {logging_mixin.py:149} INFO - [2024-03-30T08:24:31.982+0000] {dagbag.py:541} INFO - Filling up the DagBag from /home/airflow/.local/lib/python3.7/site-packages/airflow/example_dags/example_time_delta_sensor_async.py
[2024-03-30T08:24:31.987+0000] {processor.py:836} INFO - DAG(s) dict_keys(['example_time_delta_sensor_async']) retrieved from /home/airflow/.local/lib/python3.7/site-packages/airflow/example_dags/example_time_delta_sensor_async.py
[2024-03-30T08:24:32.032+0000] {logging_mixin.py:149} INFO - [2024-03-30T08:24:32.032+0000] {dag.py:2726} INFO - Sync 1 DAGs
[2024-03-30T08:24:32.062+0000] {logging_mixin.py:149} INFO - [2024-03-30T08:24:32.062+0000] {dag.py:3490} INFO - Setting next_dagrun for example_time_delta_sensor_async to None, run_after=None
[2024-03-30T08:24:32.103+0000] {processor.py:179} INFO - Processing /home/airflow/.local/lib/python3.7/site-packages/airflow/example_dags/example_time_delta_sensor_async.py took 0.127 seconds
[2024-03-30T08:25:03.078+0000] {processor.py:157} INFO - Started process (PID=546) to work on /home/airflow/.local/lib/python3.7/site-packages/airflow/example_dags/example_time_delta_sensor_async.py
[2024-03-30T08:25:03.079+0000] {processor.py:826} INFO - Processing file /home/airflow/.local/lib/python3.7/site-packages/airflow/example_dags/example_time_delta_sensor_async.py for tasks to queue
[2024-03-30T08:25:03.080+0000] {logging_mixin.py:149} INFO - [2024-03-30T08:25:03.079+0000] {dagbag.py:541} INFO - Filling up the DagBag from /home/airflow/.local/lib/python3.7/site-packages/airflow/example_dags/example_time_delta_sensor_async.py
[2024-03-30T08:25:03.084+0000] {processor.py:836} INFO - DAG(s) dict_keys(['example_time_delta_sensor_async']) retrieved from /home/airflow/.local/lib/python3.7/site-packages/airflow/example_dags/example_time_delta_sensor_async.py
[2024-03-30T08:25:03.130+0000] {logging_mixin.py:149} INFO - [2024-03-30T08:25:03.130+0000] {dag.py:2726} INFO - Sync 1 DAGs
[2024-03-30T08:25:03.162+0000] {logging_mixin.py:149} INFO - [2024-03-30T08:25:03.162+0000] {dag.py:3490} INFO - Setting next_dagrun for example_time_delta_sensor_async to None, run_after=None
[2024-03-30T08:25:03.203+0000] {processor.py:179} INFO - Processing /home/airflow/.local/lib/python3.7/site-packages/airflow/example_dags/example_time_delta_sensor_async.py took 0.130 seconds
[2024-03-30T08:25:33.536+0000] {processor.py:157} INFO - Started process (PID=607) to work on /home/airflow/.local/lib/python3.7/site-packages/airflow/example_dags/example_time_delta_sensor_async.py
[2024-03-30T08:25:33.537+0000] {processor.py:826} INFO - Processing file /home/airflow/.local/lib/python3.7/site-packages/airflow/example_dags/example_time_delta_sensor_async.py for tasks to queue
[2024-03-30T08:25:33.538+0000] {logging_mixin.py:149} INFO - [2024-03-30T08:25:33.537+0000] {dagbag.py:541} INFO - Filling up the DagBag from /home/airflow/.local/lib/python3.7/site-packages/airflow/example_dags/example_time_delta_sensor_async.py
[2024-03-30T08:25:33.542+0000] {processor.py:836} INFO - DAG(s) dict_keys(['example_time_delta_sensor_async']) retrieved from /home/airflow/.local/lib/python3.7/site-packages/airflow/example_dags/example_time_delta_sensor_async.py
[2024-03-30T08:25:33.590+0000] {logging_mixin.py:149} INFO - [2024-03-30T08:25:33.590+0000] {dag.py:2726} INFO - Sync 1 DAGs
[2024-03-30T08:25:33.619+0000] {logging_mixin.py:149} INFO - [2024-03-30T08:25:33.619+0000] {dag.py:3490} INFO - Setting next_dagrun for example_time_delta_sensor_async to None, run_after=None
[2024-03-30T08:25:33.663+0000] {processor.py:179} INFO - Processing /home/airflow/.local/lib/python3.7/site-packages/airflow/example_dags/example_time_delta_sensor_async.py took 0.129 seconds
[2024-03-30T08:26:03.939+0000] {processor.py:157} INFO - Started process (PID=669) to work on /home/airflow/.local/lib/python3.7/site-packages/airflow/example_dags/example_time_delta_sensor_async.py
[2024-03-30T08:26:03.941+0000] {processor.py:826} INFO - Processing file /home/airflow/.local/lib/python3.7/site-packages/airflow/example_dags/example_time_delta_sensor_async.py for tasks to queue
[2024-03-30T08:26:03.941+0000] {logging_mixin.py:149} INFO - [2024-03-30T08:26:03.941+0000] {dagbag.py:541} INFO - Filling up the DagBag from /home/airflow/.local/lib/python3.7/site-packages/airflow/example_dags/example_time_delta_sensor_async.py
[2024-03-30T08:26:03.945+0000] {processor.py:836} INFO - DAG(s) dict_keys(['example_time_delta_sensor_async']) retrieved from /home/airflow/.local/lib/python3.7/site-packages/airflow/example_dags/example_time_delta_sensor_async.py
[2024-03-30T08:26:03.992+0000] {logging_mixin.py:149} INFO - [2024-03-30T08:26:03.992+0000] {dag.py:2726} INFO - Sync 1 DAGs
[2024-03-30T08:26:04.021+0000] {logging_mixin.py:149} INFO - [2024-03-30T08:26:04.021+0000] {dag.py:3490} INFO - Setting next_dagrun for example_time_delta_sensor_async to None, run_after=None
[2024-03-30T08:26:04.063+0000] {processor.py:179} INFO - Processing /home/airflow/.local/lib/python3.7/site-packages/airflow/example_dags/example_time_delta_sensor_async.py took 0.127 seconds
