[2024-03-30T06:15:35.161+0000] {processor.py:157} INFO - Started process (PID=61) to work on /home/airflow/.local/lib/python3.7/site-packages/airflow/example_dags/example_dynamic_task_mapping.py
[2024-03-30T06:15:35.162+0000] {processor.py:826} INFO - Processing file /home/airflow/.local/lib/python3.7/site-packages/airflow/example_dags/example_dynamic_task_mapping.py for tasks to queue
[2024-03-30T06:15:35.162+0000] {logging_mixin.py:149} INFO - [2024-03-30T06:15:35.162+0000] {dagbag.py:541} INFO - Filling up the DagBag from /home/airflow/.local/lib/python3.7/site-packages/airflow/example_dags/example_dynamic_task_mapping.py
[2024-03-30T06:15:35.176+0000] {processor.py:836} INFO - DAG(s) dict_keys(['example_dynamic_task_mapping']) retrieved from /home/airflow/.local/lib/python3.7/site-packages/airflow/example_dags/example_dynamic_task_mapping.py
[2024-03-30T06:15:35.211+0000] {logging_mixin.py:149} INFO - [2024-03-30T06:15:35.211+0000] {dag.py:2726} INFO - Sync 1 DAGs
[2024-03-30T06:15:35.245+0000] {logging_mixin.py:149} INFO - [2024-03-30T06:15:35.245+0000] {dag.py:3490} INFO - Setting next_dagrun for example_dynamic_task_mapping to 2022-03-04T00:00:00+00:00, run_after=2022-03-05T00:00:00+00:00
[2024-03-30T06:15:35.290+0000] {processor.py:179} INFO - Processing /home/airflow/.local/lib/python3.7/site-packages/airflow/example_dags/example_dynamic_task_mapping.py took 0.134 seconds
[2024-03-30T06:16:05.627+0000] {processor.py:157} INFO - Started process (PID=120) to work on /home/airflow/.local/lib/python3.7/site-packages/airflow/example_dags/example_dynamic_task_mapping.py
[2024-03-30T06:16:05.627+0000] {processor.py:826} INFO - Processing file /home/airflow/.local/lib/python3.7/site-packages/airflow/example_dags/example_dynamic_task_mapping.py for tasks to queue
[2024-03-30T06:16:05.628+0000] {logging_mixin.py:149} INFO - [2024-03-30T06:16:05.628+0000] {dagbag.py:541} INFO - Filling up the DagBag from /home/airflow/.local/lib/python3.7/site-packages/airflow/example_dags/example_dynamic_task_mapping.py
[2024-03-30T06:16:05.635+0000] {processor.py:836} INFO - DAG(s) dict_keys(['example_dynamic_task_mapping']) retrieved from /home/airflow/.local/lib/python3.7/site-packages/airflow/example_dags/example_dynamic_task_mapping.py
[2024-03-30T06:16:05.669+0000] {logging_mixin.py:149} INFO - [2024-03-30T06:16:05.669+0000] {dag.py:2726} INFO - Sync 1 DAGs
[2024-03-30T06:16:05.693+0000] {logging_mixin.py:149} INFO - [2024-03-30T06:16:05.693+0000] {dag.py:3490} INFO - Setting next_dagrun for example_dynamic_task_mapping to 2022-03-04T00:00:00+00:00, run_after=2022-03-05T00:00:00+00:00
[2024-03-30T06:16:05.725+0000] {processor.py:179} INFO - Processing /home/airflow/.local/lib/python3.7/site-packages/airflow/example_dags/example_dynamic_task_mapping.py took 0.101 seconds
[2024-03-30T06:16:36.405+0000] {processor.py:157} INFO - Started process (PID=180) to work on /home/airflow/.local/lib/python3.7/site-packages/airflow/example_dags/example_dynamic_task_mapping.py
[2024-03-30T06:16:36.406+0000] {processor.py:826} INFO - Processing file /home/airflow/.local/lib/python3.7/site-packages/airflow/example_dags/example_dynamic_task_mapping.py for tasks to queue
[2024-03-30T06:16:36.407+0000] {logging_mixin.py:149} INFO - [2024-03-30T06:16:36.407+0000] {dagbag.py:541} INFO - Filling up the DagBag from /home/airflow/.local/lib/python3.7/site-packages/airflow/example_dags/example_dynamic_task_mapping.py
[2024-03-30T06:16:36.413+0000] {processor.py:836} INFO - DAG(s) dict_keys(['example_dynamic_task_mapping']) retrieved from /home/airflow/.local/lib/python3.7/site-packages/airflow/example_dags/example_dynamic_task_mapping.py
[2024-03-30T06:16:36.447+0000] {logging_mixin.py:149} INFO - [2024-03-30T06:16:36.447+0000] {dag.py:2726} INFO - Sync 1 DAGs
[2024-03-30T06:16:36.473+0000] {logging_mixin.py:149} INFO - [2024-03-30T06:16:36.473+0000] {dag.py:3490} INFO - Setting next_dagrun for example_dynamic_task_mapping to 2022-03-04T00:00:00+00:00, run_after=2022-03-05T00:00:00+00:00
[2024-03-30T06:16:36.508+0000] {processor.py:179} INFO - Processing /home/airflow/.local/lib/python3.7/site-packages/airflow/example_dags/example_dynamic_task_mapping.py took 0.106 seconds
[2024-03-30T06:17:06.734+0000] {processor.py:157} INFO - Started process (PID=240) to work on /home/airflow/.local/lib/python3.7/site-packages/airflow/example_dags/example_dynamic_task_mapping.py
[2024-03-30T06:17:06.735+0000] {processor.py:826} INFO - Processing file /home/airflow/.local/lib/python3.7/site-packages/airflow/example_dags/example_dynamic_task_mapping.py for tasks to queue
[2024-03-30T06:17:06.735+0000] {logging_mixin.py:149} INFO - [2024-03-30T06:17:06.735+0000] {dagbag.py:541} INFO - Filling up the DagBag from /home/airflow/.local/lib/python3.7/site-packages/airflow/example_dags/example_dynamic_task_mapping.py
[2024-03-30T06:17:06.742+0000] {processor.py:836} INFO - DAG(s) dict_keys(['example_dynamic_task_mapping']) retrieved from /home/airflow/.local/lib/python3.7/site-packages/airflow/example_dags/example_dynamic_task_mapping.py
[2024-03-30T06:17:06.776+0000] {logging_mixin.py:149} INFO - [2024-03-30T06:17:06.776+0000] {dag.py:2726} INFO - Sync 1 DAGs
[2024-03-30T06:17:06.842+0000] {logging_mixin.py:149} INFO - [2024-03-30T06:17:06.842+0000] {dag.py:3490} INFO - Setting next_dagrun for example_dynamic_task_mapping to 2022-03-04T00:00:00+00:00, run_after=2022-03-05T00:00:00+00:00
[2024-03-30T06:17:06.877+0000] {processor.py:179} INFO - Processing /home/airflow/.local/lib/python3.7/site-packages/airflow/example_dags/example_dynamic_task_mapping.py took 0.146 seconds
[2024-03-30T06:17:36.977+0000] {processor.py:157} INFO - Started process (PID=299) to work on /home/airflow/.local/lib/python3.7/site-packages/airflow/example_dags/example_dynamic_task_mapping.py
[2024-03-30T06:17:36.978+0000] {processor.py:826} INFO - Processing file /home/airflow/.local/lib/python3.7/site-packages/airflow/example_dags/example_dynamic_task_mapping.py for tasks to queue
[2024-03-30T06:17:36.978+0000] {logging_mixin.py:149} INFO - [2024-03-30T06:17:36.978+0000] {dagbag.py:541} INFO - Filling up the DagBag from /home/airflow/.local/lib/python3.7/site-packages/airflow/example_dags/example_dynamic_task_mapping.py
[2024-03-30T06:17:36.984+0000] {processor.py:836} INFO - DAG(s) dict_keys(['example_dynamic_task_mapping']) retrieved from /home/airflow/.local/lib/python3.7/site-packages/airflow/example_dags/example_dynamic_task_mapping.py
[2024-03-30T06:17:37.018+0000] {logging_mixin.py:149} INFO - [2024-03-30T06:17:37.017+0000] {dag.py:2726} INFO - Sync 1 DAGs
[2024-03-30T06:17:37.044+0000] {logging_mixin.py:149} INFO - [2024-03-30T06:17:37.044+0000] {dag.py:3490} INFO - Setting next_dagrun for example_dynamic_task_mapping to 2022-03-04T00:00:00+00:00, run_after=2022-03-05T00:00:00+00:00
[2024-03-30T06:17:37.076+0000] {processor.py:179} INFO - Processing /home/airflow/.local/lib/python3.7/site-packages/airflow/example_dags/example_dynamic_task_mapping.py took 0.102 seconds
[2024-03-30T06:18:07.332+0000] {processor.py:157} INFO - Started process (PID=359) to work on /home/airflow/.local/lib/python3.7/site-packages/airflow/example_dags/example_dynamic_task_mapping.py
[2024-03-30T06:18:07.332+0000] {processor.py:826} INFO - Processing file /home/airflow/.local/lib/python3.7/site-packages/airflow/example_dags/example_dynamic_task_mapping.py for tasks to queue
[2024-03-30T06:18:07.333+0000] {logging_mixin.py:149} INFO - [2024-03-30T06:18:07.333+0000] {dagbag.py:541} INFO - Filling up the DagBag from /home/airflow/.local/lib/python3.7/site-packages/airflow/example_dags/example_dynamic_task_mapping.py
[2024-03-30T06:18:07.339+0000] {processor.py:836} INFO - DAG(s) dict_keys(['example_dynamic_task_mapping']) retrieved from /home/airflow/.local/lib/python3.7/site-packages/airflow/example_dags/example_dynamic_task_mapping.py
[2024-03-30T06:18:07.372+0000] {logging_mixin.py:149} INFO - [2024-03-30T06:18:07.372+0000] {dag.py:2726} INFO - Sync 1 DAGs
[2024-03-30T06:18:07.398+0000] {logging_mixin.py:149} INFO - [2024-03-30T06:18:07.398+0000] {dag.py:3490} INFO - Setting next_dagrun for example_dynamic_task_mapping to 2022-03-04T00:00:00+00:00, run_after=2022-03-05T00:00:00+00:00
[2024-03-30T06:18:07.429+0000] {processor.py:179} INFO - Processing /home/airflow/.local/lib/python3.7/site-packages/airflow/example_dags/example_dynamic_task_mapping.py took 0.100 seconds
[2024-03-30T06:18:38.152+0000] {processor.py:157} INFO - Started process (PID=421) to work on /home/airflow/.local/lib/python3.7/site-packages/airflow/example_dags/example_dynamic_task_mapping.py
[2024-03-30T06:18:38.154+0000] {processor.py:826} INFO - Processing file /home/airflow/.local/lib/python3.7/site-packages/airflow/example_dags/example_dynamic_task_mapping.py for tasks to queue
[2024-03-30T06:18:38.155+0000] {logging_mixin.py:149} INFO - [2024-03-30T06:18:38.155+0000] {dagbag.py:541} INFO - Filling up the DagBag from /home/airflow/.local/lib/python3.7/site-packages/airflow/example_dags/example_dynamic_task_mapping.py
[2024-03-30T06:18:38.162+0000] {processor.py:836} INFO - DAG(s) dict_keys(['example_dynamic_task_mapping']) retrieved from /home/airflow/.local/lib/python3.7/site-packages/airflow/example_dags/example_dynamic_task_mapping.py
[2024-03-30T06:18:38.199+0000] {logging_mixin.py:149} INFO - [2024-03-30T06:18:38.199+0000] {dag.py:2726} INFO - Sync 1 DAGs
[2024-03-30T06:18:38.227+0000] {logging_mixin.py:149} INFO - [2024-03-30T06:18:38.227+0000] {dag.py:3490} INFO - Setting next_dagrun for example_dynamic_task_mapping to 2022-03-04T00:00:00+00:00, run_after=2022-03-05T00:00:00+00:00
[2024-03-30T06:18:38.267+0000] {processor.py:179} INFO - Processing /home/airflow/.local/lib/python3.7/site-packages/airflow/example_dags/example_dynamic_task_mapping.py took 0.118 seconds
[2024-03-30T06:19:08.314+0000] {processor.py:157} INFO - Started process (PID=480) to work on /home/airflow/.local/lib/python3.7/site-packages/airflow/example_dags/example_dynamic_task_mapping.py
[2024-03-30T06:19:08.315+0000] {processor.py:826} INFO - Processing file /home/airflow/.local/lib/python3.7/site-packages/airflow/example_dags/example_dynamic_task_mapping.py for tasks to queue
[2024-03-30T06:19:08.315+0000] {logging_mixin.py:149} INFO - [2024-03-30T06:19:08.315+0000] {dagbag.py:541} INFO - Filling up the DagBag from /home/airflow/.local/lib/python3.7/site-packages/airflow/example_dags/example_dynamic_task_mapping.py
[2024-03-30T06:19:08.322+0000] {processor.py:836} INFO - DAG(s) dict_keys(['example_dynamic_task_mapping']) retrieved from /home/airflow/.local/lib/python3.7/site-packages/airflow/example_dags/example_dynamic_task_mapping.py
[2024-03-30T06:19:08.355+0000] {logging_mixin.py:149} INFO - [2024-03-30T06:19:08.355+0000] {dag.py:2726} INFO - Sync 1 DAGs
[2024-03-30T06:19:08.380+0000] {logging_mixin.py:149} INFO - [2024-03-30T06:19:08.380+0000] {dag.py:3490} INFO - Setting next_dagrun for example_dynamic_task_mapping to 2022-03-04T00:00:00+00:00, run_after=2022-03-05T00:00:00+00:00
[2024-03-30T06:19:08.411+0000] {processor.py:179} INFO - Processing /home/airflow/.local/lib/python3.7/site-packages/airflow/example_dags/example_dynamic_task_mapping.py took 0.100 seconds
[2024-03-30T06:19:39.565+0000] {processor.py:157} INFO - Started process (PID=541) to work on /home/airflow/.local/lib/python3.7/site-packages/airflow/example_dags/example_dynamic_task_mapping.py
[2024-03-30T06:19:39.566+0000] {processor.py:826} INFO - Processing file /home/airflow/.local/lib/python3.7/site-packages/airflow/example_dags/example_dynamic_task_mapping.py for tasks to queue
[2024-03-30T06:19:39.566+0000] {logging_mixin.py:149} INFO - [2024-03-30T06:19:39.566+0000] {dagbag.py:541} INFO - Filling up the DagBag from /home/airflow/.local/lib/python3.7/site-packages/airflow/example_dags/example_dynamic_task_mapping.py
[2024-03-30T06:19:39.573+0000] {processor.py:836} INFO - DAG(s) dict_keys(['example_dynamic_task_mapping']) retrieved from /home/airflow/.local/lib/python3.7/site-packages/airflow/example_dags/example_dynamic_task_mapping.py
[2024-03-30T06:19:39.612+0000] {logging_mixin.py:149} INFO - [2024-03-30T06:19:39.612+0000] {dag.py:2726} INFO - Sync 1 DAGs
[2024-03-30T06:19:39.651+0000] {logging_mixin.py:149} INFO - [2024-03-30T06:19:39.651+0000] {dag.py:3490} INFO - Setting next_dagrun for example_dynamic_task_mapping to 2022-03-04T00:00:00+00:00, run_after=2022-03-05T00:00:00+00:00
[2024-03-30T06:19:39.703+0000] {processor.py:179} INFO - Processing /home/airflow/.local/lib/python3.7/site-packages/airflow/example_dags/example_dynamic_task_mapping.py took 0.141 seconds
[2024-03-30T06:20:10.508+0000] {processor.py:157} INFO - Started process (PID=601) to work on /home/airflow/.local/lib/python3.7/site-packages/airflow/example_dags/example_dynamic_task_mapping.py
[2024-03-30T06:20:10.509+0000] {processor.py:826} INFO - Processing file /home/airflow/.local/lib/python3.7/site-packages/airflow/example_dags/example_dynamic_task_mapping.py for tasks to queue
[2024-03-30T06:20:10.510+0000] {logging_mixin.py:149} INFO - [2024-03-30T06:20:10.510+0000] {dagbag.py:541} INFO - Filling up the DagBag from /home/airflow/.local/lib/python3.7/site-packages/airflow/example_dags/example_dynamic_task_mapping.py
[2024-03-30T06:20:10.518+0000] {processor.py:836} INFO - DAG(s) dict_keys(['example_dynamic_task_mapping']) retrieved from /home/airflow/.local/lib/python3.7/site-packages/airflow/example_dags/example_dynamic_task_mapping.py
[2024-03-30T06:20:10.558+0000] {logging_mixin.py:149} INFO - [2024-03-30T06:20:10.558+0000] {dag.py:2726} INFO - Sync 1 DAGs
[2024-03-30T06:20:10.629+0000] {logging_mixin.py:149} INFO - [2024-03-30T06:20:10.629+0000] {dag.py:3490} INFO - Setting next_dagrun for example_dynamic_task_mapping to 2022-03-04T00:00:00+00:00, run_after=2022-03-05T00:00:00+00:00
[2024-03-30T06:20:10.661+0000] {processor.py:179} INFO - Processing /home/airflow/.local/lib/python3.7/site-packages/airflow/example_dags/example_dynamic_task_mapping.py took 0.158 seconds
[2024-03-30T06:20:41.180+0000] {processor.py:157} INFO - Started process (PID=663) to work on /home/airflow/.local/lib/python3.7/site-packages/airflow/example_dags/example_dynamic_task_mapping.py
[2024-03-30T06:20:41.181+0000] {processor.py:826} INFO - Processing file /home/airflow/.local/lib/python3.7/site-packages/airflow/example_dags/example_dynamic_task_mapping.py for tasks to queue
[2024-03-30T06:20:41.182+0000] {logging_mixin.py:149} INFO - [2024-03-30T06:20:41.181+0000] {dagbag.py:541} INFO - Filling up the DagBag from /home/airflow/.local/lib/python3.7/site-packages/airflow/example_dags/example_dynamic_task_mapping.py
[2024-03-30T06:20:41.189+0000] {processor.py:836} INFO - DAG(s) dict_keys(['example_dynamic_task_mapping']) retrieved from /home/airflow/.local/lib/python3.7/site-packages/airflow/example_dags/example_dynamic_task_mapping.py
[2024-03-30T06:20:41.226+0000] {logging_mixin.py:149} INFO - [2024-03-30T06:20:41.226+0000] {dag.py:2726} INFO - Sync 1 DAGs
[2024-03-30T06:20:41.253+0000] {logging_mixin.py:149} INFO - [2024-03-30T06:20:41.253+0000] {dag.py:3490} INFO - Setting next_dagrun for example_dynamic_task_mapping to 2022-03-04T00:00:00+00:00, run_after=2022-03-05T00:00:00+00:00
[2024-03-30T06:20:41.289+0000] {processor.py:179} INFO - Processing /home/airflow/.local/lib/python3.7/site-packages/airflow/example_dags/example_dynamic_task_mapping.py took 0.112 seconds
[2024-03-30T06:21:11.987+0000] {processor.py:157} INFO - Started process (PID=724) to work on /home/airflow/.local/lib/python3.7/site-packages/airflow/example_dags/example_dynamic_task_mapping.py
[2024-03-30T06:21:11.988+0000] {processor.py:826} INFO - Processing file /home/airflow/.local/lib/python3.7/site-packages/airflow/example_dags/example_dynamic_task_mapping.py for tasks to queue
[2024-03-30T06:21:11.989+0000] {logging_mixin.py:149} INFO - [2024-03-30T06:21:11.988+0000] {dagbag.py:541} INFO - Filling up the DagBag from /home/airflow/.local/lib/python3.7/site-packages/airflow/example_dags/example_dynamic_task_mapping.py
[2024-03-30T06:21:11.997+0000] {processor.py:836} INFO - DAG(s) dict_keys(['example_dynamic_task_mapping']) retrieved from /home/airflow/.local/lib/python3.7/site-packages/airflow/example_dags/example_dynamic_task_mapping.py
[2024-03-30T06:21:12.033+0000] {logging_mixin.py:149} INFO - [2024-03-30T06:21:12.033+0000] {dag.py:2726} INFO - Sync 1 DAGs
[2024-03-30T06:21:12.059+0000] {logging_mixin.py:149} INFO - [2024-03-30T06:21:12.059+0000] {dag.py:3490} INFO - Setting next_dagrun for example_dynamic_task_mapping to 2022-03-04T00:00:00+00:00, run_after=2022-03-05T00:00:00+00:00
[2024-03-30T06:21:12.093+0000] {processor.py:179} INFO - Processing /home/airflow/.local/lib/python3.7/site-packages/airflow/example_dags/example_dynamic_task_mapping.py took 0.110 seconds
[2024-03-30T06:21:42.995+0000] {processor.py:157} INFO - Started process (PID=784) to work on /home/airflow/.local/lib/python3.7/site-packages/airflow/example_dags/example_dynamic_task_mapping.py
[2024-03-30T06:21:42.997+0000] {processor.py:826} INFO - Processing file /home/airflow/.local/lib/python3.7/site-packages/airflow/example_dags/example_dynamic_task_mapping.py for tasks to queue
[2024-03-30T06:21:42.997+0000] {logging_mixin.py:149} INFO - [2024-03-30T06:21:42.997+0000] {dagbag.py:541} INFO - Filling up the DagBag from /home/airflow/.local/lib/python3.7/site-packages/airflow/example_dags/example_dynamic_task_mapping.py
[2024-03-30T06:21:43.004+0000] {processor.py:836} INFO - DAG(s) dict_keys(['example_dynamic_task_mapping']) retrieved from /home/airflow/.local/lib/python3.7/site-packages/airflow/example_dags/example_dynamic_task_mapping.py
[2024-03-30T06:21:43.038+0000] {logging_mixin.py:149} INFO - [2024-03-30T06:21:43.038+0000] {dag.py:2726} INFO - Sync 1 DAGs
[2024-03-30T06:21:43.065+0000] {logging_mixin.py:149} INFO - [2024-03-30T06:21:43.065+0000] {dag.py:3490} INFO - Setting next_dagrun for example_dynamic_task_mapping to 2022-03-04T00:00:00+00:00, run_after=2022-03-05T00:00:00+00:00
[2024-03-30T06:21:43.101+0000] {processor.py:179} INFO - Processing /home/airflow/.local/lib/python3.7/site-packages/airflow/example_dags/example_dynamic_task_mapping.py took 0.108 seconds
[2024-03-30T06:22:13.973+0000] {processor.py:157} INFO - Started process (PID=846) to work on /home/airflow/.local/lib/python3.7/site-packages/airflow/example_dags/example_dynamic_task_mapping.py
[2024-03-30T06:22:13.974+0000] {processor.py:826} INFO - Processing file /home/airflow/.local/lib/python3.7/site-packages/airflow/example_dags/example_dynamic_task_mapping.py for tasks to queue
[2024-03-30T06:22:13.975+0000] {logging_mixin.py:149} INFO - [2024-03-30T06:22:13.975+0000] {dagbag.py:541} INFO - Filling up the DagBag from /home/airflow/.local/lib/python3.7/site-packages/airflow/example_dags/example_dynamic_task_mapping.py
[2024-03-30T06:22:13.987+0000] {processor.py:836} INFO - DAG(s) dict_keys(['example_dynamic_task_mapping']) retrieved from /home/airflow/.local/lib/python3.7/site-packages/airflow/example_dags/example_dynamic_task_mapping.py
[2024-03-30T06:22:14.024+0000] {logging_mixin.py:149} INFO - [2024-03-30T06:22:14.024+0000] {dag.py:2726} INFO - Sync 1 DAGs
[2024-03-30T06:22:14.053+0000] {logging_mixin.py:149} INFO - [2024-03-30T06:22:14.052+0000] {dag.py:3490} INFO - Setting next_dagrun for example_dynamic_task_mapping to 2022-03-04T00:00:00+00:00, run_after=2022-03-05T00:00:00+00:00
[2024-03-30T06:22:14.097+0000] {processor.py:179} INFO - Processing /home/airflow/.local/lib/python3.7/site-packages/airflow/example_dags/example_dynamic_task_mapping.py took 0.127 seconds
[2024-03-30T06:22:44.440+0000] {processor.py:157} INFO - Started process (PID=907) to work on /home/airflow/.local/lib/python3.7/site-packages/airflow/example_dags/example_dynamic_task_mapping.py
[2024-03-30T06:22:44.441+0000] {processor.py:826} INFO - Processing file /home/airflow/.local/lib/python3.7/site-packages/airflow/example_dags/example_dynamic_task_mapping.py for tasks to queue
[2024-03-30T06:22:44.441+0000] {logging_mixin.py:149} INFO - [2024-03-30T06:22:44.441+0000] {dagbag.py:541} INFO - Filling up the DagBag from /home/airflow/.local/lib/python3.7/site-packages/airflow/example_dags/example_dynamic_task_mapping.py
[2024-03-30T06:22:44.447+0000] {processor.py:836} INFO - DAG(s) dict_keys(['example_dynamic_task_mapping']) retrieved from /home/airflow/.local/lib/python3.7/site-packages/airflow/example_dags/example_dynamic_task_mapping.py
[2024-03-30T06:22:44.486+0000] {logging_mixin.py:149} INFO - [2024-03-30T06:22:44.486+0000] {dag.py:2726} INFO - Sync 1 DAGs
[2024-03-30T06:22:44.515+0000] {logging_mixin.py:149} INFO - [2024-03-30T06:22:44.514+0000] {dag.py:3490} INFO - Setting next_dagrun for example_dynamic_task_mapping to 2022-03-04T00:00:00+00:00, run_after=2022-03-05T00:00:00+00:00
[2024-03-30T06:22:44.554+0000] {processor.py:179} INFO - Processing /home/airflow/.local/lib/python3.7/site-packages/airflow/example_dags/example_dynamic_task_mapping.py took 0.118 seconds
[2024-03-30T06:23:14.825+0000] {processor.py:157} INFO - Started process (PID=968) to work on /home/airflow/.local/lib/python3.7/site-packages/airflow/example_dags/example_dynamic_task_mapping.py
[2024-03-30T06:23:14.826+0000] {processor.py:826} INFO - Processing file /home/airflow/.local/lib/python3.7/site-packages/airflow/example_dags/example_dynamic_task_mapping.py for tasks to queue
[2024-03-30T06:23:14.827+0000] {logging_mixin.py:149} INFO - [2024-03-30T06:23:14.827+0000] {dagbag.py:541} INFO - Filling up the DagBag from /home/airflow/.local/lib/python3.7/site-packages/airflow/example_dags/example_dynamic_task_mapping.py
[2024-03-30T06:23:14.835+0000] {processor.py:836} INFO - DAG(s) dict_keys(['example_dynamic_task_mapping']) retrieved from /home/airflow/.local/lib/python3.7/site-packages/airflow/example_dags/example_dynamic_task_mapping.py
[2024-03-30T06:23:14.873+0000] {logging_mixin.py:149} INFO - [2024-03-30T06:23:14.873+0000] {dag.py:2726} INFO - Sync 1 DAGs
[2024-03-30T06:23:14.897+0000] {logging_mixin.py:149} INFO - [2024-03-30T06:23:14.897+0000] {dag.py:3490} INFO - Setting next_dagrun for example_dynamic_task_mapping to 2022-03-04T00:00:00+00:00, run_after=2022-03-05T00:00:00+00:00
[2024-03-30T06:23:14.930+0000] {processor.py:179} INFO - Processing /home/airflow/.local/lib/python3.7/site-packages/airflow/example_dags/example_dynamic_task_mapping.py took 0.107 seconds
[2024-03-30T06:23:46.180+0000] {processor.py:157} INFO - Started process (PID=1029) to work on /home/airflow/.local/lib/python3.7/site-packages/airflow/example_dags/example_dynamic_task_mapping.py
[2024-03-30T06:23:46.181+0000] {processor.py:826} INFO - Processing file /home/airflow/.local/lib/python3.7/site-packages/airflow/example_dags/example_dynamic_task_mapping.py for tasks to queue
[2024-03-30T06:23:46.182+0000] {logging_mixin.py:149} INFO - [2024-03-30T06:23:46.181+0000] {dagbag.py:541} INFO - Filling up the DagBag from /home/airflow/.local/lib/python3.7/site-packages/airflow/example_dags/example_dynamic_task_mapping.py
[2024-03-30T06:23:46.188+0000] {processor.py:836} INFO - DAG(s) dict_keys(['example_dynamic_task_mapping']) retrieved from /home/airflow/.local/lib/python3.7/site-packages/airflow/example_dags/example_dynamic_task_mapping.py
[2024-03-30T06:23:46.225+0000] {logging_mixin.py:149} INFO - [2024-03-30T06:23:46.225+0000] {dag.py:2726} INFO - Sync 1 DAGs
[2024-03-30T06:23:46.254+0000] {logging_mixin.py:149} INFO - [2024-03-30T06:23:46.254+0000] {dag.py:3490} INFO - Setting next_dagrun for example_dynamic_task_mapping to 2022-03-04T00:00:00+00:00, run_after=2022-03-05T00:00:00+00:00
[2024-03-30T06:23:46.287+0000] {processor.py:179} INFO - Processing /home/airflow/.local/lib/python3.7/site-packages/airflow/example_dags/example_dynamic_task_mapping.py took 0.110 seconds
[2024-03-30T06:24:16.625+0000] {processor.py:157} INFO - Started process (PID=1090) to work on /home/airflow/.local/lib/python3.7/site-packages/airflow/example_dags/example_dynamic_task_mapping.py
[2024-03-30T06:24:16.625+0000] {processor.py:826} INFO - Processing file /home/airflow/.local/lib/python3.7/site-packages/airflow/example_dags/example_dynamic_task_mapping.py for tasks to queue
[2024-03-30T06:24:16.626+0000] {logging_mixin.py:149} INFO - [2024-03-30T06:24:16.626+0000] {dagbag.py:541} INFO - Filling up the DagBag from /home/airflow/.local/lib/python3.7/site-packages/airflow/example_dags/example_dynamic_task_mapping.py
[2024-03-30T06:24:16.632+0000] {processor.py:836} INFO - DAG(s) dict_keys(['example_dynamic_task_mapping']) retrieved from /home/airflow/.local/lib/python3.7/site-packages/airflow/example_dags/example_dynamic_task_mapping.py
[2024-03-30T06:24:16.665+0000] {logging_mixin.py:149} INFO - [2024-03-30T06:24:16.665+0000] {dag.py:2726} INFO - Sync 1 DAGs
[2024-03-30T06:24:16.689+0000] {logging_mixin.py:149} INFO - [2024-03-30T06:24:16.689+0000] {dag.py:3490} INFO - Setting next_dagrun for example_dynamic_task_mapping to 2022-03-04T00:00:00+00:00, run_after=2022-03-05T00:00:00+00:00
[2024-03-30T06:24:16.720+0000] {processor.py:179} INFO - Processing /home/airflow/.local/lib/python3.7/site-packages/airflow/example_dags/example_dynamic_task_mapping.py took 0.098 seconds
[2024-03-30T06:24:46.955+0000] {processor.py:157} INFO - Started process (PID=1150) to work on /home/airflow/.local/lib/python3.7/site-packages/airflow/example_dags/example_dynamic_task_mapping.py
[2024-03-30T06:24:46.956+0000] {processor.py:826} INFO - Processing file /home/airflow/.local/lib/python3.7/site-packages/airflow/example_dags/example_dynamic_task_mapping.py for tasks to queue
[2024-03-30T06:24:46.957+0000] {logging_mixin.py:149} INFO - [2024-03-30T06:24:46.957+0000] {dagbag.py:541} INFO - Filling up the DagBag from /home/airflow/.local/lib/python3.7/site-packages/airflow/example_dags/example_dynamic_task_mapping.py
[2024-03-30T06:24:46.964+0000] {processor.py:836} INFO - DAG(s) dict_keys(['example_dynamic_task_mapping']) retrieved from /home/airflow/.local/lib/python3.7/site-packages/airflow/example_dags/example_dynamic_task_mapping.py
[2024-03-30T06:24:47.001+0000] {logging_mixin.py:149} INFO - [2024-03-30T06:24:47.001+0000] {dag.py:2726} INFO - Sync 1 DAGs
[2024-03-30T06:24:47.029+0000] {logging_mixin.py:149} INFO - [2024-03-30T06:24:47.028+0000] {dag.py:3490} INFO - Setting next_dagrun for example_dynamic_task_mapping to 2022-03-04T00:00:00+00:00, run_after=2022-03-05T00:00:00+00:00
[2024-03-30T06:24:47.066+0000] {processor.py:179} INFO - Processing /home/airflow/.local/lib/python3.7/site-packages/airflow/example_dags/example_dynamic_task_mapping.py took 0.114 seconds
[2024-03-30T06:25:17.425+0000] {processor.py:157} INFO - Started process (PID=1211) to work on /home/airflow/.local/lib/python3.7/site-packages/airflow/example_dags/example_dynamic_task_mapping.py
[2024-03-30T06:25:17.425+0000] {processor.py:826} INFO - Processing file /home/airflow/.local/lib/python3.7/site-packages/airflow/example_dags/example_dynamic_task_mapping.py for tasks to queue
[2024-03-30T06:25:17.426+0000] {logging_mixin.py:149} INFO - [2024-03-30T06:25:17.426+0000] {dagbag.py:541} INFO - Filling up the DagBag from /home/airflow/.local/lib/python3.7/site-packages/airflow/example_dags/example_dynamic_task_mapping.py
[2024-03-30T06:25:17.432+0000] {processor.py:836} INFO - DAG(s) dict_keys(['example_dynamic_task_mapping']) retrieved from /home/airflow/.local/lib/python3.7/site-packages/airflow/example_dags/example_dynamic_task_mapping.py
[2024-03-30T06:25:17.465+0000] {logging_mixin.py:149} INFO - [2024-03-30T06:25:17.465+0000] {dag.py:2726} INFO - Sync 1 DAGs
[2024-03-30T06:25:17.490+0000] {logging_mixin.py:149} INFO - [2024-03-30T06:25:17.490+0000] {dag.py:3490} INFO - Setting next_dagrun for example_dynamic_task_mapping to 2022-03-04T00:00:00+00:00, run_after=2022-03-05T00:00:00+00:00
[2024-03-30T06:25:17.525+0000] {processor.py:179} INFO - Processing /home/airflow/.local/lib/python3.7/site-packages/airflow/example_dags/example_dynamic_task_mapping.py took 0.103 seconds
[2024-03-30T06:25:47.723+0000] {processor.py:157} INFO - Started process (PID=1272) to work on /home/airflow/.local/lib/python3.7/site-packages/airflow/example_dags/example_dynamic_task_mapping.py
[2024-03-30T06:25:47.724+0000] {processor.py:826} INFO - Processing file /home/airflow/.local/lib/python3.7/site-packages/airflow/example_dags/example_dynamic_task_mapping.py for tasks to queue
[2024-03-30T06:25:47.725+0000] {logging_mixin.py:149} INFO - [2024-03-30T06:25:47.725+0000] {dagbag.py:541} INFO - Filling up the DagBag from /home/airflow/.local/lib/python3.7/site-packages/airflow/example_dags/example_dynamic_task_mapping.py
[2024-03-30T06:25:47.731+0000] {processor.py:836} INFO - DAG(s) dict_keys(['example_dynamic_task_mapping']) retrieved from /home/airflow/.local/lib/python3.7/site-packages/airflow/example_dags/example_dynamic_task_mapping.py
[2024-03-30T06:25:47.765+0000] {logging_mixin.py:149} INFO - [2024-03-30T06:25:47.764+0000] {dag.py:2726} INFO - Sync 1 DAGs
[2024-03-30T06:25:47.788+0000] {logging_mixin.py:149} INFO - [2024-03-30T06:25:47.788+0000] {dag.py:3490} INFO - Setting next_dagrun for example_dynamic_task_mapping to 2022-03-04T00:00:00+00:00, run_after=2022-03-05T00:00:00+00:00
[2024-03-30T06:25:47.819+0000] {processor.py:179} INFO - Processing /home/airflow/.local/lib/python3.7/site-packages/airflow/example_dags/example_dynamic_task_mapping.py took 0.098 seconds
[2024-03-30T06:26:18.616+0000] {processor.py:157} INFO - Started process (PID=1334) to work on /home/airflow/.local/lib/python3.7/site-packages/airflow/example_dags/example_dynamic_task_mapping.py
[2024-03-30T06:26:18.617+0000] {processor.py:826} INFO - Processing file /home/airflow/.local/lib/python3.7/site-packages/airflow/example_dags/example_dynamic_task_mapping.py for tasks to queue
[2024-03-30T06:26:18.617+0000] {logging_mixin.py:149} INFO - [2024-03-30T06:26:18.617+0000] {dagbag.py:541} INFO - Filling up the DagBag from /home/airflow/.local/lib/python3.7/site-packages/airflow/example_dags/example_dynamic_task_mapping.py
[2024-03-30T06:26:18.624+0000] {processor.py:836} INFO - DAG(s) dict_keys(['example_dynamic_task_mapping']) retrieved from /home/airflow/.local/lib/python3.7/site-packages/airflow/example_dags/example_dynamic_task_mapping.py
[2024-03-30T06:26:18.659+0000] {logging_mixin.py:149} INFO - [2024-03-30T06:26:18.659+0000] {dag.py:2726} INFO - Sync 1 DAGs
[2024-03-30T06:26:18.683+0000] {logging_mixin.py:149} INFO - [2024-03-30T06:26:18.683+0000] {dag.py:3490} INFO - Setting next_dagrun for example_dynamic_task_mapping to 2022-03-04T00:00:00+00:00, run_after=2022-03-05T00:00:00+00:00
[2024-03-30T06:26:18.720+0000] {processor.py:179} INFO - Processing /home/airflow/.local/lib/python3.7/site-packages/airflow/example_dags/example_dynamic_task_mapping.py took 0.107 seconds
[2024-03-30T06:26:49.588+0000] {processor.py:157} INFO - Started process (PID=1396) to work on /home/airflow/.local/lib/python3.7/site-packages/airflow/example_dags/example_dynamic_task_mapping.py
[2024-03-30T06:26:49.589+0000] {processor.py:826} INFO - Processing file /home/airflow/.local/lib/python3.7/site-packages/airflow/example_dags/example_dynamic_task_mapping.py for tasks to queue
[2024-03-30T06:26:49.590+0000] {logging_mixin.py:149} INFO - [2024-03-30T06:26:49.590+0000] {dagbag.py:541} INFO - Filling up the DagBag from /home/airflow/.local/lib/python3.7/site-packages/airflow/example_dags/example_dynamic_task_mapping.py
[2024-03-30T06:26:49.596+0000] {processor.py:836} INFO - DAG(s) dict_keys(['example_dynamic_task_mapping']) retrieved from /home/airflow/.local/lib/python3.7/site-packages/airflow/example_dags/example_dynamic_task_mapping.py
[2024-03-30T06:26:49.631+0000] {logging_mixin.py:149} INFO - [2024-03-30T06:26:49.631+0000] {dag.py:2726} INFO - Sync 1 DAGs
[2024-03-30T06:26:49.656+0000] {logging_mixin.py:149} INFO - [2024-03-30T06:26:49.655+0000] {dag.py:3490} INFO - Setting next_dagrun for example_dynamic_task_mapping to 2022-03-04T00:00:00+00:00, run_after=2022-03-05T00:00:00+00:00
[2024-03-30T06:26:49.695+0000] {processor.py:179} INFO - Processing /home/airflow/.local/lib/python3.7/site-packages/airflow/example_dags/example_dynamic_task_mapping.py took 0.110 seconds
[2024-03-30T06:27:20.056+0000] {processor.py:157} INFO - Started process (PID=1457) to work on /home/airflow/.local/lib/python3.7/site-packages/airflow/example_dags/example_dynamic_task_mapping.py
[2024-03-30T06:27:20.057+0000] {processor.py:826} INFO - Processing file /home/airflow/.local/lib/python3.7/site-packages/airflow/example_dags/example_dynamic_task_mapping.py for tasks to queue
[2024-03-30T06:27:20.057+0000] {logging_mixin.py:149} INFO - [2024-03-30T06:27:20.057+0000] {dagbag.py:541} INFO - Filling up the DagBag from /home/airflow/.local/lib/python3.7/site-packages/airflow/example_dags/example_dynamic_task_mapping.py
[2024-03-30T06:27:20.066+0000] {processor.py:836} INFO - DAG(s) dict_keys(['example_dynamic_task_mapping']) retrieved from /home/airflow/.local/lib/python3.7/site-packages/airflow/example_dags/example_dynamic_task_mapping.py
[2024-03-30T06:27:20.103+0000] {logging_mixin.py:149} INFO - [2024-03-30T06:27:20.103+0000] {dag.py:2726} INFO - Sync 1 DAGs
[2024-03-30T06:27:20.130+0000] {logging_mixin.py:149} INFO - [2024-03-30T06:27:20.129+0000] {dag.py:3490} INFO - Setting next_dagrun for example_dynamic_task_mapping to 2022-03-04T00:00:00+00:00, run_after=2022-03-05T00:00:00+00:00
[2024-03-30T06:27:20.162+0000] {processor.py:179} INFO - Processing /home/airflow/.local/lib/python3.7/site-packages/airflow/example_dags/example_dynamic_task_mapping.py took 0.110 seconds
[2024-03-30T06:27:50.807+0000] {processor.py:157} INFO - Started process (PID=1519) to work on /home/airflow/.local/lib/python3.7/site-packages/airflow/example_dags/example_dynamic_task_mapping.py
[2024-03-30T06:27:50.808+0000] {processor.py:826} INFO - Processing file /home/airflow/.local/lib/python3.7/site-packages/airflow/example_dags/example_dynamic_task_mapping.py for tasks to queue
[2024-03-30T06:27:50.809+0000] {logging_mixin.py:149} INFO - [2024-03-30T06:27:50.809+0000] {dagbag.py:541} INFO - Filling up the DagBag from /home/airflow/.local/lib/python3.7/site-packages/airflow/example_dags/example_dynamic_task_mapping.py
[2024-03-30T06:27:50.818+0000] {processor.py:836} INFO - DAG(s) dict_keys(['example_dynamic_task_mapping']) retrieved from /home/airflow/.local/lib/python3.7/site-packages/airflow/example_dags/example_dynamic_task_mapping.py
[2024-03-30T06:27:50.869+0000] {logging_mixin.py:149} INFO - [2024-03-30T06:27:50.869+0000] {dag.py:2726} INFO - Sync 1 DAGs
[2024-03-30T06:27:50.909+0000] {logging_mixin.py:149} INFO - [2024-03-30T06:27:50.909+0000] {dag.py:3490} INFO - Setting next_dagrun for example_dynamic_task_mapping to 2022-03-04T00:00:00+00:00, run_after=2022-03-05T00:00:00+00:00
[2024-03-30T06:27:50.952+0000] {processor.py:179} INFO - Processing /home/airflow/.local/lib/python3.7/site-packages/airflow/example_dags/example_dynamic_task_mapping.py took 0.148 seconds
[2024-03-30T06:28:21.755+0000] {processor.py:157} INFO - Started process (PID=1580) to work on /home/airflow/.local/lib/python3.7/site-packages/airflow/example_dags/example_dynamic_task_mapping.py
[2024-03-30T06:28:21.756+0000] {processor.py:826} INFO - Processing file /home/airflow/.local/lib/python3.7/site-packages/airflow/example_dags/example_dynamic_task_mapping.py for tasks to queue
[2024-03-30T06:28:21.756+0000] {logging_mixin.py:149} INFO - [2024-03-30T06:28:21.756+0000] {dagbag.py:541} INFO - Filling up the DagBag from /home/airflow/.local/lib/python3.7/site-packages/airflow/example_dags/example_dynamic_task_mapping.py
[2024-03-30T06:28:21.763+0000] {processor.py:836} INFO - DAG(s) dict_keys(['example_dynamic_task_mapping']) retrieved from /home/airflow/.local/lib/python3.7/site-packages/airflow/example_dags/example_dynamic_task_mapping.py
[2024-03-30T06:28:21.806+0000] {logging_mixin.py:149} INFO - [2024-03-30T06:28:21.806+0000] {dag.py:2726} INFO - Sync 1 DAGs
[2024-03-30T06:28:21.894+0000] {logging_mixin.py:149} INFO - [2024-03-30T06:28:21.894+0000] {dag.py:3490} INFO - Setting next_dagrun for example_dynamic_task_mapping to 2022-03-04T00:00:00+00:00, run_after=2022-03-05T00:00:00+00:00
[2024-03-30T06:28:21.933+0000] {processor.py:179} INFO - Processing /home/airflow/.local/lib/python3.7/site-packages/airflow/example_dags/example_dynamic_task_mapping.py took 0.181 seconds
[2024-03-30T06:28:52.395+0000] {processor.py:157} INFO - Started process (PID=1641) to work on /home/airflow/.local/lib/python3.7/site-packages/airflow/example_dags/example_dynamic_task_mapping.py
[2024-03-30T06:28:52.397+0000] {processor.py:826} INFO - Processing file /home/airflow/.local/lib/python3.7/site-packages/airflow/example_dags/example_dynamic_task_mapping.py for tasks to queue
[2024-03-30T06:28:52.397+0000] {logging_mixin.py:149} INFO - [2024-03-30T06:28:52.397+0000] {dagbag.py:541} INFO - Filling up the DagBag from /home/airflow/.local/lib/python3.7/site-packages/airflow/example_dags/example_dynamic_task_mapping.py
[2024-03-30T06:28:52.403+0000] {processor.py:836} INFO - DAG(s) dict_keys(['example_dynamic_task_mapping']) retrieved from /home/airflow/.local/lib/python3.7/site-packages/airflow/example_dags/example_dynamic_task_mapping.py
[2024-03-30T06:28:52.436+0000] {logging_mixin.py:149} INFO - [2024-03-30T06:28:52.436+0000] {dag.py:2726} INFO - Sync 1 DAGs
[2024-03-30T06:28:52.465+0000] {logging_mixin.py:149} INFO - [2024-03-30T06:28:52.465+0000] {dag.py:3490} INFO - Setting next_dagrun for example_dynamic_task_mapping to 2022-03-04T00:00:00+00:00, run_after=2022-03-05T00:00:00+00:00
[2024-03-30T06:28:52.502+0000] {processor.py:179} INFO - Processing /home/airflow/.local/lib/python3.7/site-packages/airflow/example_dags/example_dynamic_task_mapping.py took 0.112 seconds
[2024-03-30T06:29:22.870+0000] {processor.py:157} INFO - Started process (PID=1702) to work on /home/airflow/.local/lib/python3.7/site-packages/airflow/example_dags/example_dynamic_task_mapping.py
[2024-03-30T06:29:22.871+0000] {processor.py:826} INFO - Processing file /home/airflow/.local/lib/python3.7/site-packages/airflow/example_dags/example_dynamic_task_mapping.py for tasks to queue
[2024-03-30T06:29:22.872+0000] {logging_mixin.py:149} INFO - [2024-03-30T06:29:22.872+0000] {dagbag.py:541} INFO - Filling up the DagBag from /home/airflow/.local/lib/python3.7/site-packages/airflow/example_dags/example_dynamic_task_mapping.py
[2024-03-30T06:29:22.879+0000] {processor.py:836} INFO - DAG(s) dict_keys(['example_dynamic_task_mapping']) retrieved from /home/airflow/.local/lib/python3.7/site-packages/airflow/example_dags/example_dynamic_task_mapping.py
[2024-03-30T06:29:22.914+0000] {logging_mixin.py:149} INFO - [2024-03-30T06:29:22.914+0000] {dag.py:2726} INFO - Sync 1 DAGs
[2024-03-30T06:29:22.938+0000] {logging_mixin.py:149} INFO - [2024-03-30T06:29:22.938+0000] {dag.py:3490} INFO - Setting next_dagrun for example_dynamic_task_mapping to 2022-03-04T00:00:00+00:00, run_after=2022-03-05T00:00:00+00:00
[2024-03-30T06:29:22.971+0000] {processor.py:179} INFO - Processing /home/airflow/.local/lib/python3.7/site-packages/airflow/example_dags/example_dynamic_task_mapping.py took 0.104 seconds
[2024-03-30T06:29:53.621+0000] {processor.py:157} INFO - Started process (PID=1763) to work on /home/airflow/.local/lib/python3.7/site-packages/airflow/example_dags/example_dynamic_task_mapping.py
[2024-03-30T06:29:53.622+0000] {processor.py:826} INFO - Processing file /home/airflow/.local/lib/python3.7/site-packages/airflow/example_dags/example_dynamic_task_mapping.py for tasks to queue
[2024-03-30T06:29:53.623+0000] {logging_mixin.py:149} INFO - [2024-03-30T06:29:53.623+0000] {dagbag.py:541} INFO - Filling up the DagBag from /home/airflow/.local/lib/python3.7/site-packages/airflow/example_dags/example_dynamic_task_mapping.py
[2024-03-30T06:29:53.630+0000] {processor.py:836} INFO - DAG(s) dict_keys(['example_dynamic_task_mapping']) retrieved from /home/airflow/.local/lib/python3.7/site-packages/airflow/example_dags/example_dynamic_task_mapping.py
[2024-03-30T06:29:53.668+0000] {logging_mixin.py:149} INFO - [2024-03-30T06:29:53.668+0000] {dag.py:2726} INFO - Sync 1 DAGs
[2024-03-30T06:29:53.695+0000] {logging_mixin.py:149} INFO - [2024-03-30T06:29:53.694+0000] {dag.py:3490} INFO - Setting next_dagrun for example_dynamic_task_mapping to 2022-03-04T00:00:00+00:00, run_after=2022-03-05T00:00:00+00:00
[2024-03-30T06:29:53.732+0000] {processor.py:179} INFO - Processing /home/airflow/.local/lib/python3.7/site-packages/airflow/example_dags/example_dynamic_task_mapping.py took 0.114 seconds
[2024-03-30T06:30:23.931+0000] {processor.py:157} INFO - Started process (PID=1824) to work on /home/airflow/.local/lib/python3.7/site-packages/airflow/example_dags/example_dynamic_task_mapping.py
[2024-03-30T06:30:23.931+0000] {processor.py:826} INFO - Processing file /home/airflow/.local/lib/python3.7/site-packages/airflow/example_dags/example_dynamic_task_mapping.py for tasks to queue
[2024-03-30T06:30:23.932+0000] {logging_mixin.py:149} INFO - [2024-03-30T06:30:23.932+0000] {dagbag.py:541} INFO - Filling up the DagBag from /home/airflow/.local/lib/python3.7/site-packages/airflow/example_dags/example_dynamic_task_mapping.py
[2024-03-30T06:30:23.939+0000] {processor.py:836} INFO - DAG(s) dict_keys(['example_dynamic_task_mapping']) retrieved from /home/airflow/.local/lib/python3.7/site-packages/airflow/example_dags/example_dynamic_task_mapping.py
[2024-03-30T06:30:23.972+0000] {logging_mixin.py:149} INFO - [2024-03-30T06:30:23.972+0000] {dag.py:2726} INFO - Sync 1 DAGs
[2024-03-30T06:30:23.999+0000] {logging_mixin.py:149} INFO - [2024-03-30T06:30:23.999+0000] {dag.py:3490} INFO - Setting next_dagrun for example_dynamic_task_mapping to 2022-03-04T00:00:00+00:00, run_after=2022-03-05T00:00:00+00:00
[2024-03-30T06:30:24.034+0000] {processor.py:179} INFO - Processing /home/airflow/.local/lib/python3.7/site-packages/airflow/example_dags/example_dynamic_task_mapping.py took 0.107 seconds
[2024-03-30T06:30:54.504+0000] {processor.py:157} INFO - Started process (PID=1892) to work on /home/airflow/.local/lib/python3.7/site-packages/airflow/example_dags/example_dynamic_task_mapping.py
[2024-03-30T06:30:54.505+0000] {processor.py:826} INFO - Processing file /home/airflow/.local/lib/python3.7/site-packages/airflow/example_dags/example_dynamic_task_mapping.py for tasks to queue
[2024-03-30T06:30:54.506+0000] {logging_mixin.py:149} INFO - [2024-03-30T06:30:54.506+0000] {dagbag.py:541} INFO - Filling up the DagBag from /home/airflow/.local/lib/python3.7/site-packages/airflow/example_dags/example_dynamic_task_mapping.py
[2024-03-30T06:30:54.514+0000] {processor.py:836} INFO - DAG(s) dict_keys(['example_dynamic_task_mapping']) retrieved from /home/airflow/.local/lib/python3.7/site-packages/airflow/example_dags/example_dynamic_task_mapping.py
[2024-03-30T06:30:54.554+0000] {logging_mixin.py:149} INFO - [2024-03-30T06:30:54.554+0000] {dag.py:2726} INFO - Sync 1 DAGs
[2024-03-30T06:30:54.579+0000] {logging_mixin.py:149} INFO - [2024-03-30T06:30:54.578+0000] {dag.py:3490} INFO - Setting next_dagrun for example_dynamic_task_mapping to 2022-03-04T00:00:00+00:00, run_after=2022-03-05T00:00:00+00:00
[2024-03-30T06:30:54.609+0000] {processor.py:179} INFO - Processing /home/airflow/.local/lib/python3.7/site-packages/airflow/example_dags/example_dynamic_task_mapping.py took 0.109 seconds
[2024-03-30T06:31:25.451+0000] {processor.py:157} INFO - Started process (PID=1953) to work on /home/airflow/.local/lib/python3.7/site-packages/airflow/example_dags/example_dynamic_task_mapping.py
[2024-03-30T06:31:25.452+0000] {processor.py:826} INFO - Processing file /home/airflow/.local/lib/python3.7/site-packages/airflow/example_dags/example_dynamic_task_mapping.py for tasks to queue
[2024-03-30T06:31:25.452+0000] {logging_mixin.py:149} INFO - [2024-03-30T06:31:25.452+0000] {dagbag.py:541} INFO - Filling up the DagBag from /home/airflow/.local/lib/python3.7/site-packages/airflow/example_dags/example_dynamic_task_mapping.py
[2024-03-30T06:31:25.461+0000] {processor.py:836} INFO - DAG(s) dict_keys(['example_dynamic_task_mapping']) retrieved from /home/airflow/.local/lib/python3.7/site-packages/airflow/example_dags/example_dynamic_task_mapping.py
[2024-03-30T06:31:25.498+0000] {logging_mixin.py:149} INFO - [2024-03-30T06:31:25.497+0000] {dag.py:2726} INFO - Sync 1 DAGs
[2024-03-30T06:31:25.526+0000] {logging_mixin.py:149} INFO - [2024-03-30T06:31:25.526+0000] {dag.py:3490} INFO - Setting next_dagrun for example_dynamic_task_mapping to 2022-03-04T00:00:00+00:00, run_after=2022-03-05T00:00:00+00:00
[2024-03-30T06:31:25.561+0000] {processor.py:179} INFO - Processing /home/airflow/.local/lib/python3.7/site-packages/airflow/example_dags/example_dynamic_task_mapping.py took 0.113 seconds
[2024-03-30T08:20:57.625+0000] {processor.py:157} INFO - Started process (PID=61) to work on /home/airflow/.local/lib/python3.7/site-packages/airflow/example_dags/example_dynamic_task_mapping.py
[2024-03-30T08:20:57.626+0000] {processor.py:826} INFO - Processing file /home/airflow/.local/lib/python3.7/site-packages/airflow/example_dags/example_dynamic_task_mapping.py for tasks to queue
[2024-03-30T08:20:57.627+0000] {logging_mixin.py:149} INFO - [2024-03-30T08:20:57.627+0000] {dagbag.py:541} INFO - Filling up the DagBag from /home/airflow/.local/lib/python3.7/site-packages/airflow/example_dags/example_dynamic_task_mapping.py
[2024-03-30T08:20:57.637+0000] {processor.py:836} INFO - DAG(s) dict_keys(['example_dynamic_task_mapping']) retrieved from /home/airflow/.local/lib/python3.7/site-packages/airflow/example_dags/example_dynamic_task_mapping.py
[2024-03-30T08:20:57.690+0000] {logging_mixin.py:149} INFO - [2024-03-30T08:20:57.690+0000] {dag.py:2726} INFO - Sync 1 DAGs
[2024-03-30T08:20:57.782+0000] {logging_mixin.py:149} INFO - [2024-03-30T08:20:57.781+0000] {dag.py:3490} INFO - Setting next_dagrun for example_dynamic_task_mapping to 2022-03-04T00:00:00+00:00, run_after=2022-03-05T00:00:00+00:00
[2024-03-30T08:20:57.833+0000] {processor.py:179} INFO - Processing /home/airflow/.local/lib/python3.7/site-packages/airflow/example_dags/example_dynamic_task_mapping.py took 0.211 seconds
[2024-03-30T08:21:28.441+0000] {processor.py:157} INFO - Started process (PID=122) to work on /home/airflow/.local/lib/python3.7/site-packages/airflow/example_dags/example_dynamic_task_mapping.py
[2024-03-30T08:21:28.443+0000] {processor.py:826} INFO - Processing file /home/airflow/.local/lib/python3.7/site-packages/airflow/example_dags/example_dynamic_task_mapping.py for tasks to queue
[2024-03-30T08:21:28.443+0000] {logging_mixin.py:149} INFO - [2024-03-30T08:21:28.443+0000] {dagbag.py:541} INFO - Filling up the DagBag from /home/airflow/.local/lib/python3.7/site-packages/airflow/example_dags/example_dynamic_task_mapping.py
[2024-03-30T08:21:28.451+0000] {processor.py:836} INFO - DAG(s) dict_keys(['example_dynamic_task_mapping']) retrieved from /home/airflow/.local/lib/python3.7/site-packages/airflow/example_dags/example_dynamic_task_mapping.py
[2024-03-30T08:21:28.498+0000] {logging_mixin.py:149} INFO - [2024-03-30T08:21:28.497+0000] {dag.py:2726} INFO - Sync 1 DAGs
[2024-03-30T08:21:28.529+0000] {logging_mixin.py:149} INFO - [2024-03-30T08:21:28.529+0000] {dag.py:3490} INFO - Setting next_dagrun for example_dynamic_task_mapping to 2022-03-04T00:00:00+00:00, run_after=2022-03-05T00:00:00+00:00
[2024-03-30T08:21:28.569+0000] {processor.py:179} INFO - Processing /home/airflow/.local/lib/python3.7/site-packages/airflow/example_dags/example_dynamic_task_mapping.py took 0.131 seconds
[2024-03-30T08:21:58.704+0000] {processor.py:157} INFO - Started process (PID=183) to work on /home/airflow/.local/lib/python3.7/site-packages/airflow/example_dags/example_dynamic_task_mapping.py
[2024-03-30T08:21:58.705+0000] {processor.py:826} INFO - Processing file /home/airflow/.local/lib/python3.7/site-packages/airflow/example_dags/example_dynamic_task_mapping.py for tasks to queue
[2024-03-30T08:21:58.706+0000] {logging_mixin.py:149} INFO - [2024-03-30T08:21:58.706+0000] {dagbag.py:541} INFO - Filling up the DagBag from /home/airflow/.local/lib/python3.7/site-packages/airflow/example_dags/example_dynamic_task_mapping.py
[2024-03-30T08:21:58.714+0000] {processor.py:836} INFO - DAG(s) dict_keys(['example_dynamic_task_mapping']) retrieved from /home/airflow/.local/lib/python3.7/site-packages/airflow/example_dags/example_dynamic_task_mapping.py
[2024-03-30T08:21:58.757+0000] {logging_mixin.py:149} INFO - [2024-03-30T08:21:58.757+0000] {dag.py:2726} INFO - Sync 1 DAGs
[2024-03-30T08:21:58.937+0000] {logging_mixin.py:149} INFO - [2024-03-30T08:21:58.936+0000] {dag.py:3490} INFO - Setting next_dagrun for example_dynamic_task_mapping to 2022-03-04T00:00:00+00:00, run_after=2022-03-05T00:00:00+00:00
[2024-03-30T08:21:58.985+0000] {processor.py:179} INFO - Processing /home/airflow/.local/lib/python3.7/site-packages/airflow/example_dags/example_dynamic_task_mapping.py took 0.284 seconds
[2024-03-30T08:22:29.007+0000] {processor.py:157} INFO - Started process (PID=243) to work on /home/airflow/.local/lib/python3.7/site-packages/airflow/example_dags/example_dynamic_task_mapping.py
[2024-03-30T08:22:29.008+0000] {processor.py:826} INFO - Processing file /home/airflow/.local/lib/python3.7/site-packages/airflow/example_dags/example_dynamic_task_mapping.py for tasks to queue
[2024-03-30T08:22:29.009+0000] {logging_mixin.py:149} INFO - [2024-03-30T08:22:29.009+0000] {dagbag.py:541} INFO - Filling up the DagBag from /home/airflow/.local/lib/python3.7/site-packages/airflow/example_dags/example_dynamic_task_mapping.py
[2024-03-30T08:22:29.016+0000] {processor.py:836} INFO - DAG(s) dict_keys(['example_dynamic_task_mapping']) retrieved from /home/airflow/.local/lib/python3.7/site-packages/airflow/example_dags/example_dynamic_task_mapping.py
[2024-03-30T08:22:29.056+0000] {logging_mixin.py:149} INFO - [2024-03-30T08:22:29.055+0000] {dag.py:2726} INFO - Sync 1 DAGs
[2024-03-30T08:22:29.138+0000] {logging_mixin.py:149} INFO - [2024-03-30T08:22:29.137+0000] {dag.py:3490} INFO - Setting next_dagrun for example_dynamic_task_mapping to 2022-03-04T00:00:00+00:00, run_after=2022-03-05T00:00:00+00:00
[2024-03-30T08:22:29.185+0000] {processor.py:179} INFO - Processing /home/airflow/.local/lib/python3.7/site-packages/airflow/example_dags/example_dynamic_task_mapping.py took 0.180 seconds
[2024-03-30T08:22:59.382+0000] {processor.py:157} INFO - Started process (PID=304) to work on /home/airflow/.local/lib/python3.7/site-packages/airflow/example_dags/example_dynamic_task_mapping.py
[2024-03-30T08:22:59.383+0000] {processor.py:826} INFO - Processing file /home/airflow/.local/lib/python3.7/site-packages/airflow/example_dags/example_dynamic_task_mapping.py for tasks to queue
[2024-03-30T08:22:59.384+0000] {logging_mixin.py:149} INFO - [2024-03-30T08:22:59.384+0000] {dagbag.py:541} INFO - Filling up the DagBag from /home/airflow/.local/lib/python3.7/site-packages/airflow/example_dags/example_dynamic_task_mapping.py
[2024-03-30T08:22:59.391+0000] {processor.py:836} INFO - DAG(s) dict_keys(['example_dynamic_task_mapping']) retrieved from /home/airflow/.local/lib/python3.7/site-packages/airflow/example_dags/example_dynamic_task_mapping.py
[2024-03-30T08:22:59.436+0000] {logging_mixin.py:149} INFO - [2024-03-30T08:22:59.436+0000] {dag.py:2726} INFO - Sync 1 DAGs
[2024-03-30T08:22:59.467+0000] {logging_mixin.py:149} INFO - [2024-03-30T08:22:59.467+0000] {dag.py:3490} INFO - Setting next_dagrun for example_dynamic_task_mapping to 2022-03-04T00:00:00+00:00, run_after=2022-03-05T00:00:00+00:00
[2024-03-30T08:22:59.513+0000] {processor.py:179} INFO - Processing /home/airflow/.local/lib/python3.7/site-packages/airflow/example_dags/example_dynamic_task_mapping.py took 0.133 seconds
[2024-03-30T08:23:30.558+0000] {processor.py:157} INFO - Started process (PID=365) to work on /home/airflow/.local/lib/python3.7/site-packages/airflow/example_dags/example_dynamic_task_mapping.py
[2024-03-30T08:23:30.560+0000] {processor.py:826} INFO - Processing file /home/airflow/.local/lib/python3.7/site-packages/airflow/example_dags/example_dynamic_task_mapping.py for tasks to queue
[2024-03-30T08:23:30.561+0000] {logging_mixin.py:149} INFO - [2024-03-30T08:23:30.561+0000] {dagbag.py:541} INFO - Filling up the DagBag from /home/airflow/.local/lib/python3.7/site-packages/airflow/example_dags/example_dynamic_task_mapping.py
[2024-03-30T08:23:30.569+0000] {processor.py:836} INFO - DAG(s) dict_keys(['example_dynamic_task_mapping']) retrieved from /home/airflow/.local/lib/python3.7/site-packages/airflow/example_dags/example_dynamic_task_mapping.py
[2024-03-30T08:23:30.619+0000] {logging_mixin.py:149} INFO - [2024-03-30T08:23:30.619+0000] {dag.py:2726} INFO - Sync 1 DAGs
[2024-03-30T08:23:30.655+0000] {logging_mixin.py:149} INFO - [2024-03-30T08:23:30.655+0000] {dag.py:3490} INFO - Setting next_dagrun for example_dynamic_task_mapping to 2022-03-04T00:00:00+00:00, run_after=2022-03-05T00:00:00+00:00
[2024-03-30T08:23:30.699+0000] {processor.py:179} INFO - Processing /home/airflow/.local/lib/python3.7/site-packages/airflow/example_dags/example_dynamic_task_mapping.py took 0.145 seconds
[2024-03-30T08:24:01.446+0000] {processor.py:157} INFO - Started process (PID=425) to work on /home/airflow/.local/lib/python3.7/site-packages/airflow/example_dags/example_dynamic_task_mapping.py
[2024-03-30T08:24:01.447+0000] {processor.py:826} INFO - Processing file /home/airflow/.local/lib/python3.7/site-packages/airflow/example_dags/example_dynamic_task_mapping.py for tasks to queue
[2024-03-30T08:24:01.448+0000] {logging_mixin.py:149} INFO - [2024-03-30T08:24:01.448+0000] {dagbag.py:541} INFO - Filling up the DagBag from /home/airflow/.local/lib/python3.7/site-packages/airflow/example_dags/example_dynamic_task_mapping.py
[2024-03-30T08:24:01.454+0000] {processor.py:836} INFO - DAG(s) dict_keys(['example_dynamic_task_mapping']) retrieved from /home/airflow/.local/lib/python3.7/site-packages/airflow/example_dags/example_dynamic_task_mapping.py
[2024-03-30T08:24:01.505+0000] {logging_mixin.py:149} INFO - [2024-03-30T08:24:01.505+0000] {dag.py:2726} INFO - Sync 1 DAGs
[2024-03-30T08:24:01.560+0000] {logging_mixin.py:149} INFO - [2024-03-30T08:24:01.560+0000] {dag.py:3490} INFO - Setting next_dagrun for example_dynamic_task_mapping to 2022-03-04T00:00:00+00:00, run_after=2022-03-05T00:00:00+00:00
[2024-03-30T08:24:01.610+0000] {processor.py:179} INFO - Processing /home/airflow/.local/lib/python3.7/site-packages/airflow/example_dags/example_dynamic_task_mapping.py took 0.168 seconds
[2024-03-30T08:24:32.353+0000] {processor.py:157} INFO - Started process (PID=487) to work on /home/airflow/.local/lib/python3.7/site-packages/airflow/example_dags/example_dynamic_task_mapping.py
[2024-03-30T08:24:32.354+0000] {processor.py:826} INFO - Processing file /home/airflow/.local/lib/python3.7/site-packages/airflow/example_dags/example_dynamic_task_mapping.py for tasks to queue
[2024-03-30T08:24:32.355+0000] {logging_mixin.py:149} INFO - [2024-03-30T08:24:32.355+0000] {dagbag.py:541} INFO - Filling up the DagBag from /home/airflow/.local/lib/python3.7/site-packages/airflow/example_dags/example_dynamic_task_mapping.py
[2024-03-30T08:24:32.365+0000] {processor.py:836} INFO - DAG(s) dict_keys(['example_dynamic_task_mapping']) retrieved from /home/airflow/.local/lib/python3.7/site-packages/airflow/example_dags/example_dynamic_task_mapping.py
[2024-03-30T08:24:32.408+0000] {logging_mixin.py:149} INFO - [2024-03-30T08:24:32.408+0000] {dag.py:2726} INFO - Sync 1 DAGs
[2024-03-30T08:24:32.490+0000] {logging_mixin.py:149} INFO - [2024-03-30T08:24:32.490+0000] {dag.py:3490} INFO - Setting next_dagrun for example_dynamic_task_mapping to 2022-03-04T00:00:00+00:00, run_after=2022-03-05T00:00:00+00:00
[2024-03-30T08:24:32.530+0000] {processor.py:179} INFO - Processing /home/airflow/.local/lib/python3.7/site-packages/airflow/example_dags/example_dynamic_task_mapping.py took 0.181 seconds
[2024-03-30T08:25:03.225+0000] {processor.py:157} INFO - Started process (PID=548) to work on /home/airflow/.local/lib/python3.7/site-packages/airflow/example_dags/example_dynamic_task_mapping.py
[2024-03-30T08:25:03.226+0000] {processor.py:826} INFO - Processing file /home/airflow/.local/lib/python3.7/site-packages/airflow/example_dags/example_dynamic_task_mapping.py for tasks to queue
[2024-03-30T08:25:03.227+0000] {logging_mixin.py:149} INFO - [2024-03-30T08:25:03.227+0000] {dagbag.py:541} INFO - Filling up the DagBag from /home/airflow/.local/lib/python3.7/site-packages/airflow/example_dags/example_dynamic_task_mapping.py
[2024-03-30T08:25:03.233+0000] {processor.py:836} INFO - DAG(s) dict_keys(['example_dynamic_task_mapping']) retrieved from /home/airflow/.local/lib/python3.7/site-packages/airflow/example_dags/example_dynamic_task_mapping.py
[2024-03-30T08:25:03.275+0000] {logging_mixin.py:149} INFO - [2024-03-30T08:25:03.275+0000] {dag.py:2726} INFO - Sync 1 DAGs
[2024-03-30T08:25:03.306+0000] {logging_mixin.py:149} INFO - [2024-03-30T08:25:03.305+0000] {dag.py:3490} INFO - Setting next_dagrun for example_dynamic_task_mapping to 2022-03-04T00:00:00+00:00, run_after=2022-03-05T00:00:00+00:00
[2024-03-30T08:25:03.347+0000] {processor.py:179} INFO - Processing /home/airflow/.local/lib/python3.7/site-packages/airflow/example_dags/example_dynamic_task_mapping.py took 0.125 seconds
[2024-03-30T08:25:33.684+0000] {processor.py:157} INFO - Started process (PID=609) to work on /home/airflow/.local/lib/python3.7/site-packages/airflow/example_dags/example_dynamic_task_mapping.py
[2024-03-30T08:25:33.684+0000] {processor.py:826} INFO - Processing file /home/airflow/.local/lib/python3.7/site-packages/airflow/example_dags/example_dynamic_task_mapping.py for tasks to queue
[2024-03-30T08:25:33.685+0000] {logging_mixin.py:149} INFO - [2024-03-30T08:25:33.685+0000] {dagbag.py:541} INFO - Filling up the DagBag from /home/airflow/.local/lib/python3.7/site-packages/airflow/example_dags/example_dynamic_task_mapping.py
[2024-03-30T08:25:33.692+0000] {processor.py:836} INFO - DAG(s) dict_keys(['example_dynamic_task_mapping']) retrieved from /home/airflow/.local/lib/python3.7/site-packages/airflow/example_dags/example_dynamic_task_mapping.py
[2024-03-30T08:25:33.735+0000] {logging_mixin.py:149} INFO - [2024-03-30T08:25:33.735+0000] {dag.py:2726} INFO - Sync 1 DAGs
[2024-03-30T08:25:33.810+0000] {logging_mixin.py:149} INFO - [2024-03-30T08:25:33.810+0000] {dag.py:3490} INFO - Setting next_dagrun for example_dynamic_task_mapping to 2022-03-04T00:00:00+00:00, run_after=2022-03-05T00:00:00+00:00
[2024-03-30T08:25:33.849+0000] {processor.py:179} INFO - Processing /home/airflow/.local/lib/python3.7/site-packages/airflow/example_dags/example_dynamic_task_mapping.py took 0.169 seconds
[2024-03-30T08:26:04.085+0000] {processor.py:157} INFO - Started process (PID=671) to work on /home/airflow/.local/lib/python3.7/site-packages/airflow/example_dags/example_dynamic_task_mapping.py
[2024-03-30T08:26:04.086+0000] {processor.py:826} INFO - Processing file /home/airflow/.local/lib/python3.7/site-packages/airflow/example_dags/example_dynamic_task_mapping.py for tasks to queue
[2024-03-30T08:26:04.088+0000] {logging_mixin.py:149} INFO - [2024-03-30T08:26:04.087+0000] {dagbag.py:541} INFO - Filling up the DagBag from /home/airflow/.local/lib/python3.7/site-packages/airflow/example_dags/example_dynamic_task_mapping.py
[2024-03-30T08:26:04.095+0000] {processor.py:836} INFO - DAG(s) dict_keys(['example_dynamic_task_mapping']) retrieved from /home/airflow/.local/lib/python3.7/site-packages/airflow/example_dags/example_dynamic_task_mapping.py
[2024-03-30T08:26:04.137+0000] {logging_mixin.py:149} INFO - [2024-03-30T08:26:04.137+0000] {dag.py:2726} INFO - Sync 1 DAGs
[2024-03-30T08:26:04.164+0000] {logging_mixin.py:149} INFO - [2024-03-30T08:26:04.164+0000] {dag.py:3490} INFO - Setting next_dagrun for example_dynamic_task_mapping to 2022-03-04T00:00:00+00:00, run_after=2022-03-05T00:00:00+00:00
[2024-03-30T08:26:04.202+0000] {processor.py:179} INFO - Processing /home/airflow/.local/lib/python3.7/site-packages/airflow/example_dags/example_dynamic_task_mapping.py took 0.120 seconds
