[2024-03-30T06:15:32.816+0000] {processor.py:157} INFO - Started process (PID=47) to work on /home/airflow/.local/lib/python3.7/site-packages/airflow/example_dags/example_dag_decorator.py
[2024-03-30T06:15:32.817+0000] {processor.py:826} INFO - Processing file /home/airflow/.local/lib/python3.7/site-packages/airflow/example_dags/example_dag_decorator.py for tasks to queue
[2024-03-30T06:15:32.818+0000] {logging_mixin.py:149} INFO - [2024-03-30T06:15:32.817+0000] {dagbag.py:541} INFO - Filling up the DagBag from /home/airflow/.local/lib/python3.7/site-packages/airflow/example_dags/example_dag_decorator.py
[2024-03-30T06:15:32.824+0000] {logging_mixin.py:149} INFO - [2024-03-30T06:15:32.823+0000] {taskmixin.py:211} WARNING - Dependency <Task(_PythonDecoratedOperator): prepare_email>, send_email already registered for DAG: example_dag_decorator
[2024-03-30T06:15:32.824+0000] {logging_mixin.py:149} INFO - [2024-03-30T06:15:32.824+0000] {taskmixin.py:211} WARNING - Dependency <Task(EmailOperator): send_email>, prepare_email already registered for DAG: example_dag_decorator
[2024-03-30T06:15:32.832+0000] {processor.py:836} INFO - DAG(s) dict_keys(['example_dag_decorator']) retrieved from /home/airflow/.local/lib/python3.7/site-packages/airflow/example_dags/example_dag_decorator.py
[2024-03-30T06:15:32.859+0000] {logging_mixin.py:149} INFO - [2024-03-30T06:15:32.859+0000] {dag.py:2726} INFO - Sync 1 DAGs
[2024-03-30T06:15:32.885+0000] {logging_mixin.py:149} INFO - [2024-03-30T06:15:32.884+0000] {dag.py:3490} INFO - Setting next_dagrun for example_dag_decorator to None, run_after=None
[2024-03-30T06:15:32.922+0000] {processor.py:179} INFO - Processing /home/airflow/.local/lib/python3.7/site-packages/airflow/example_dags/example_dag_decorator.py took 0.108 seconds
[2024-03-30T06:16:03.399+0000] {processor.py:157} INFO - Started process (PID=106) to work on /home/airflow/.local/lib/python3.7/site-packages/airflow/example_dags/example_dag_decorator.py
[2024-03-30T06:16:03.400+0000] {processor.py:826} INFO - Processing file /home/airflow/.local/lib/python3.7/site-packages/airflow/example_dags/example_dag_decorator.py for tasks to queue
[2024-03-30T06:16:03.400+0000] {logging_mixin.py:149} INFO - [2024-03-30T06:16:03.400+0000] {dagbag.py:541} INFO - Filling up the DagBag from /home/airflow/.local/lib/python3.7/site-packages/airflow/example_dags/example_dag_decorator.py
[2024-03-30T06:16:03.406+0000] {logging_mixin.py:149} INFO - [2024-03-30T06:16:03.406+0000] {taskmixin.py:211} WARNING - Dependency <Task(_PythonDecoratedOperator): prepare_email>, send_email already registered for DAG: example_dag_decorator
[2024-03-30T06:16:03.406+0000] {logging_mixin.py:149} INFO - [2024-03-30T06:16:03.406+0000] {taskmixin.py:211} WARNING - Dependency <Task(EmailOperator): send_email>, prepare_email already registered for DAG: example_dag_decorator
[2024-03-30T06:16:03.413+0000] {processor.py:836} INFO - DAG(s) dict_keys(['example_dag_decorator']) retrieved from /home/airflow/.local/lib/python3.7/site-packages/airflow/example_dags/example_dag_decorator.py
[2024-03-30T06:16:03.486+0000] {logging_mixin.py:149} INFO - [2024-03-30T06:16:03.486+0000] {dag.py:2726} INFO - Sync 1 DAGs
[2024-03-30T06:16:03.507+0000] {logging_mixin.py:149} INFO - [2024-03-30T06:16:03.507+0000] {dag.py:3490} INFO - Setting next_dagrun for example_dag_decorator to None, run_after=None
[2024-03-30T06:16:03.544+0000] {processor.py:179} INFO - Processing /home/airflow/.local/lib/python3.7/site-packages/airflow/example_dags/example_dag_decorator.py took 0.148 seconds
[2024-03-30T06:16:34.142+0000] {processor.py:157} INFO - Started process (PID=166) to work on /home/airflow/.local/lib/python3.7/site-packages/airflow/example_dags/example_dag_decorator.py
[2024-03-30T06:16:34.143+0000] {processor.py:826} INFO - Processing file /home/airflow/.local/lib/python3.7/site-packages/airflow/example_dags/example_dag_decorator.py for tasks to queue
[2024-03-30T06:16:34.143+0000] {logging_mixin.py:149} INFO - [2024-03-30T06:16:34.143+0000] {dagbag.py:541} INFO - Filling up the DagBag from /home/airflow/.local/lib/python3.7/site-packages/airflow/example_dags/example_dag_decorator.py
[2024-03-30T06:16:34.148+0000] {logging_mixin.py:149} INFO - [2024-03-30T06:16:34.148+0000] {taskmixin.py:211} WARNING - Dependency <Task(_PythonDecoratedOperator): prepare_email>, send_email already registered for DAG: example_dag_decorator
[2024-03-30T06:16:34.149+0000] {logging_mixin.py:149} INFO - [2024-03-30T06:16:34.149+0000] {taskmixin.py:211} WARNING - Dependency <Task(EmailOperator): send_email>, prepare_email already registered for DAG: example_dag_decorator
[2024-03-30T06:16:34.157+0000] {processor.py:836} INFO - DAG(s) dict_keys(['example_dag_decorator']) retrieved from /home/airflow/.local/lib/python3.7/site-packages/airflow/example_dags/example_dag_decorator.py
[2024-03-30T06:16:34.246+0000] {logging_mixin.py:149} INFO - [2024-03-30T06:16:34.246+0000] {dag.py:2726} INFO - Sync 1 DAGs
[2024-03-30T06:16:34.273+0000] {logging_mixin.py:149} INFO - [2024-03-30T06:16:34.272+0000] {dag.py:3490} INFO - Setting next_dagrun for example_dag_decorator to None, run_after=None
[2024-03-30T06:16:34.318+0000] {processor.py:179} INFO - Processing /home/airflow/.local/lib/python3.7/site-packages/airflow/example_dags/example_dag_decorator.py took 0.179 seconds
[2024-03-30T06:17:04.438+0000] {processor.py:157} INFO - Started process (PID=226) to work on /home/airflow/.local/lib/python3.7/site-packages/airflow/example_dags/example_dag_decorator.py
[2024-03-30T06:17:04.439+0000] {processor.py:826} INFO - Processing file /home/airflow/.local/lib/python3.7/site-packages/airflow/example_dags/example_dag_decorator.py for tasks to queue
[2024-03-30T06:17:04.439+0000] {logging_mixin.py:149} INFO - [2024-03-30T06:17:04.439+0000] {dagbag.py:541} INFO - Filling up the DagBag from /home/airflow/.local/lib/python3.7/site-packages/airflow/example_dags/example_dag_decorator.py
[2024-03-30T06:17:04.445+0000] {logging_mixin.py:149} INFO - [2024-03-30T06:17:04.445+0000] {taskmixin.py:211} WARNING - Dependency <Task(_PythonDecoratedOperator): prepare_email>, send_email already registered for DAG: example_dag_decorator
[2024-03-30T06:17:04.446+0000] {logging_mixin.py:149} INFO - [2024-03-30T06:17:04.446+0000] {taskmixin.py:211} WARNING - Dependency <Task(EmailOperator): send_email>, prepare_email already registered for DAG: example_dag_decorator
[2024-03-30T06:17:04.453+0000] {processor.py:836} INFO - DAG(s) dict_keys(['example_dag_decorator']) retrieved from /home/airflow/.local/lib/python3.7/site-packages/airflow/example_dags/example_dag_decorator.py
[2024-03-30T06:17:04.531+0000] {logging_mixin.py:149} INFO - [2024-03-30T06:17:04.531+0000] {dag.py:2726} INFO - Sync 1 DAGs
[2024-03-30T06:17:04.555+0000] {logging_mixin.py:149} INFO - [2024-03-30T06:17:04.554+0000] {dag.py:3490} INFO - Setting next_dagrun for example_dag_decorator to None, run_after=None
[2024-03-30T06:17:04.588+0000] {processor.py:179} INFO - Processing /home/airflow/.local/lib/python3.7/site-packages/airflow/example_dags/example_dag_decorator.py took 0.152 seconds
[2024-03-30T06:17:34.853+0000] {processor.py:157} INFO - Started process (PID=286) to work on /home/airflow/.local/lib/python3.7/site-packages/airflow/example_dags/example_dag_decorator.py
[2024-03-30T06:17:34.854+0000] {processor.py:826} INFO - Processing file /home/airflow/.local/lib/python3.7/site-packages/airflow/example_dags/example_dag_decorator.py for tasks to queue
[2024-03-30T06:17:34.854+0000] {logging_mixin.py:149} INFO - [2024-03-30T06:17:34.854+0000] {dagbag.py:541} INFO - Filling up the DagBag from /home/airflow/.local/lib/python3.7/site-packages/airflow/example_dags/example_dag_decorator.py
[2024-03-30T06:17:34.860+0000] {logging_mixin.py:149} INFO - [2024-03-30T06:17:34.860+0000] {taskmixin.py:211} WARNING - Dependency <Task(_PythonDecoratedOperator): prepare_email>, send_email already registered for DAG: example_dag_decorator
[2024-03-30T06:17:34.860+0000] {logging_mixin.py:149} INFO - [2024-03-30T06:17:34.860+0000] {taskmixin.py:211} WARNING - Dependency <Task(EmailOperator): send_email>, prepare_email already registered for DAG: example_dag_decorator
[2024-03-30T06:17:34.867+0000] {processor.py:836} INFO - DAG(s) dict_keys(['example_dag_decorator']) retrieved from /home/airflow/.local/lib/python3.7/site-packages/airflow/example_dags/example_dag_decorator.py
[2024-03-30T06:17:34.942+0000] {logging_mixin.py:149} INFO - [2024-03-30T06:17:34.942+0000] {dag.py:2726} INFO - Sync 1 DAGs
[2024-03-30T06:17:34.977+0000] {logging_mixin.py:149} INFO - [2024-03-30T06:17:34.976+0000] {dag.py:3490} INFO - Setting next_dagrun for example_dag_decorator to None, run_after=None
[2024-03-30T06:17:35.020+0000] {processor.py:179} INFO - Processing /home/airflow/.local/lib/python3.7/site-packages/airflow/example_dags/example_dag_decorator.py took 0.170 seconds
[2024-03-30T06:18:05.373+0000] {processor.py:157} INFO - Started process (PID=347) to work on /home/airflow/.local/lib/python3.7/site-packages/airflow/example_dags/example_dag_decorator.py
[2024-03-30T06:18:05.374+0000] {processor.py:826} INFO - Processing file /home/airflow/.local/lib/python3.7/site-packages/airflow/example_dags/example_dag_decorator.py for tasks to queue
[2024-03-30T06:18:05.374+0000] {logging_mixin.py:149} INFO - [2024-03-30T06:18:05.374+0000] {dagbag.py:541} INFO - Filling up the DagBag from /home/airflow/.local/lib/python3.7/site-packages/airflow/example_dags/example_dag_decorator.py
[2024-03-30T06:18:05.381+0000] {logging_mixin.py:149} INFO - [2024-03-30T06:18:05.381+0000] {taskmixin.py:211} WARNING - Dependency <Task(_PythonDecoratedOperator): prepare_email>, send_email already registered for DAG: example_dag_decorator
[2024-03-30T06:18:05.382+0000] {logging_mixin.py:149} INFO - [2024-03-30T06:18:05.382+0000] {taskmixin.py:211} WARNING - Dependency <Task(EmailOperator): send_email>, prepare_email already registered for DAG: example_dag_decorator
[2024-03-30T06:18:05.390+0000] {processor.py:836} INFO - DAG(s) dict_keys(['example_dag_decorator']) retrieved from /home/airflow/.local/lib/python3.7/site-packages/airflow/example_dags/example_dag_decorator.py
[2024-03-30T06:18:05.468+0000] {logging_mixin.py:149} INFO - [2024-03-30T06:18:05.468+0000] {dag.py:2726} INFO - Sync 1 DAGs
[2024-03-30T06:18:05.491+0000] {logging_mixin.py:149} INFO - [2024-03-30T06:18:05.491+0000] {dag.py:3490} INFO - Setting next_dagrun for example_dag_decorator to None, run_after=None
[2024-03-30T06:18:05.530+0000] {processor.py:179} INFO - Processing /home/airflow/.local/lib/python3.7/site-packages/airflow/example_dags/example_dag_decorator.py took 0.160 seconds
[2024-03-30T06:18:35.906+0000] {processor.py:157} INFO - Started process (PID=407) to work on /home/airflow/.local/lib/python3.7/site-packages/airflow/example_dags/example_dag_decorator.py
[2024-03-30T06:18:35.907+0000] {processor.py:826} INFO - Processing file /home/airflow/.local/lib/python3.7/site-packages/airflow/example_dags/example_dag_decorator.py for tasks to queue
[2024-03-30T06:18:35.908+0000] {logging_mixin.py:149} INFO - [2024-03-30T06:18:35.908+0000] {dagbag.py:541} INFO - Filling up the DagBag from /home/airflow/.local/lib/python3.7/site-packages/airflow/example_dags/example_dag_decorator.py
[2024-03-30T06:18:35.913+0000] {logging_mixin.py:149} INFO - [2024-03-30T06:18:35.913+0000] {taskmixin.py:211} WARNING - Dependency <Task(_PythonDecoratedOperator): prepare_email>, send_email already registered for DAG: example_dag_decorator
[2024-03-30T06:18:35.913+0000] {logging_mixin.py:149} INFO - [2024-03-30T06:18:35.913+0000] {taskmixin.py:211} WARNING - Dependency <Task(EmailOperator): send_email>, prepare_email already registered for DAG: example_dag_decorator
[2024-03-30T06:18:35.920+0000] {processor.py:836} INFO - DAG(s) dict_keys(['example_dag_decorator']) retrieved from /home/airflow/.local/lib/python3.7/site-packages/airflow/example_dags/example_dag_decorator.py
[2024-03-30T06:18:36.004+0000] {logging_mixin.py:149} INFO - [2024-03-30T06:18:36.004+0000] {dag.py:2726} INFO - Sync 1 DAGs
[2024-03-30T06:18:36.029+0000] {logging_mixin.py:149} INFO - [2024-03-30T06:18:36.028+0000] {dag.py:3490} INFO - Setting next_dagrun for example_dag_decorator to None, run_after=None
[2024-03-30T06:18:36.070+0000] {processor.py:179} INFO - Processing /home/airflow/.local/lib/python3.7/site-packages/airflow/example_dags/example_dag_decorator.py took 0.167 seconds
[2024-03-30T06:19:06.156+0000] {processor.py:157} INFO - Started process (PID=467) to work on /home/airflow/.local/lib/python3.7/site-packages/airflow/example_dags/example_dag_decorator.py
[2024-03-30T06:19:06.156+0000] {processor.py:826} INFO - Processing file /home/airflow/.local/lib/python3.7/site-packages/airflow/example_dags/example_dag_decorator.py for tasks to queue
[2024-03-30T06:19:06.157+0000] {logging_mixin.py:149} INFO - [2024-03-30T06:19:06.157+0000] {dagbag.py:541} INFO - Filling up the DagBag from /home/airflow/.local/lib/python3.7/site-packages/airflow/example_dags/example_dag_decorator.py
[2024-03-30T06:19:06.169+0000] {logging_mixin.py:149} INFO - [2024-03-30T06:19:06.169+0000] {taskmixin.py:211} WARNING - Dependency <Task(_PythonDecoratedOperator): prepare_email>, send_email already registered for DAG: example_dag_decorator
[2024-03-30T06:19:06.169+0000] {logging_mixin.py:149} INFO - [2024-03-30T06:19:06.169+0000] {taskmixin.py:211} WARNING - Dependency <Task(EmailOperator): send_email>, prepare_email already registered for DAG: example_dag_decorator
[2024-03-30T06:19:06.182+0000] {processor.py:836} INFO - DAG(s) dict_keys(['example_dag_decorator']) retrieved from /home/airflow/.local/lib/python3.7/site-packages/airflow/example_dags/example_dag_decorator.py
[2024-03-30T06:19:06.291+0000] {logging_mixin.py:149} INFO - [2024-03-30T06:19:06.290+0000] {dag.py:2726} INFO - Sync 1 DAGs
[2024-03-30T06:19:06.322+0000] {logging_mixin.py:149} INFO - [2024-03-30T06:19:06.322+0000] {dag.py:3490} INFO - Setting next_dagrun for example_dag_decorator to None, run_after=None
[2024-03-30T06:19:06.371+0000] {processor.py:179} INFO - Processing /home/airflow/.local/lib/python3.7/site-packages/airflow/example_dags/example_dag_decorator.py took 0.218 seconds
[2024-03-30T06:19:37.237+0000] {processor.py:157} INFO - Started process (PID=527) to work on /home/airflow/.local/lib/python3.7/site-packages/airflow/example_dags/example_dag_decorator.py
[2024-03-30T06:19:37.240+0000] {processor.py:826} INFO - Processing file /home/airflow/.local/lib/python3.7/site-packages/airflow/example_dags/example_dag_decorator.py for tasks to queue
[2024-03-30T06:19:37.241+0000] {logging_mixin.py:149} INFO - [2024-03-30T06:19:37.241+0000] {dagbag.py:541} INFO - Filling up the DagBag from /home/airflow/.local/lib/python3.7/site-packages/airflow/example_dags/example_dag_decorator.py
[2024-03-30T06:19:37.248+0000] {logging_mixin.py:149} INFO - [2024-03-30T06:19:37.248+0000] {taskmixin.py:211} WARNING - Dependency <Task(_PythonDecoratedOperator): prepare_email>, send_email already registered for DAG: example_dag_decorator
[2024-03-30T06:19:37.249+0000] {logging_mixin.py:149} INFO - [2024-03-30T06:19:37.248+0000] {taskmixin.py:211} WARNING - Dependency <Task(EmailOperator): send_email>, prepare_email already registered for DAG: example_dag_decorator
[2024-03-30T06:19:37.258+0000] {processor.py:836} INFO - DAG(s) dict_keys(['example_dag_decorator']) retrieved from /home/airflow/.local/lib/python3.7/site-packages/airflow/example_dags/example_dag_decorator.py
[2024-03-30T06:19:37.348+0000] {logging_mixin.py:149} INFO - [2024-03-30T06:19:37.348+0000] {dag.py:2726} INFO - Sync 1 DAGs
[2024-03-30T06:19:37.376+0000] {logging_mixin.py:149} INFO - [2024-03-30T06:19:37.375+0000] {dag.py:3490} INFO - Setting next_dagrun for example_dag_decorator to None, run_after=None
[2024-03-30T06:19:37.420+0000] {processor.py:179} INFO - Processing /home/airflow/.local/lib/python3.7/site-packages/airflow/example_dags/example_dag_decorator.py took 0.188 seconds
[2024-03-30T06:20:08.243+0000] {processor.py:157} INFO - Started process (PID=587) to work on /home/airflow/.local/lib/python3.7/site-packages/airflow/example_dags/example_dag_decorator.py
[2024-03-30T06:20:08.244+0000] {processor.py:826} INFO - Processing file /home/airflow/.local/lib/python3.7/site-packages/airflow/example_dags/example_dag_decorator.py for tasks to queue
[2024-03-30T06:20:08.245+0000] {logging_mixin.py:149} INFO - [2024-03-30T06:20:08.245+0000] {dagbag.py:541} INFO - Filling up the DagBag from /home/airflow/.local/lib/python3.7/site-packages/airflow/example_dags/example_dag_decorator.py
[2024-03-30T06:20:08.252+0000] {logging_mixin.py:149} INFO - [2024-03-30T06:20:08.251+0000] {taskmixin.py:211} WARNING - Dependency <Task(_PythonDecoratedOperator): prepare_email>, send_email already registered for DAG: example_dag_decorator
[2024-03-30T06:20:08.252+0000] {logging_mixin.py:149} INFO - [2024-03-30T06:20:08.252+0000] {taskmixin.py:211} WARNING - Dependency <Task(EmailOperator): send_email>, prepare_email already registered for DAG: example_dag_decorator
[2024-03-30T06:20:08.261+0000] {processor.py:836} INFO - DAG(s) dict_keys(['example_dag_decorator']) retrieved from /home/airflow/.local/lib/python3.7/site-packages/airflow/example_dags/example_dag_decorator.py
[2024-03-30T06:20:08.338+0000] {logging_mixin.py:149} INFO - [2024-03-30T06:20:08.338+0000] {dag.py:2726} INFO - Sync 1 DAGs
[2024-03-30T06:20:08.362+0000] {logging_mixin.py:149} INFO - [2024-03-30T06:20:08.362+0000] {dag.py:3490} INFO - Setting next_dagrun for example_dag_decorator to None, run_after=None
[2024-03-30T06:20:08.399+0000] {processor.py:179} INFO - Processing /home/airflow/.local/lib/python3.7/site-packages/airflow/example_dags/example_dag_decorator.py took 0.159 seconds
[2024-03-30T06:20:38.890+0000] {processor.py:157} INFO - Started process (PID=648) to work on /home/airflow/.local/lib/python3.7/site-packages/airflow/example_dags/example_dag_decorator.py
[2024-03-30T06:20:38.891+0000] {processor.py:826} INFO - Processing file /home/airflow/.local/lib/python3.7/site-packages/airflow/example_dags/example_dag_decorator.py for tasks to queue
[2024-03-30T06:20:38.892+0000] {logging_mixin.py:149} INFO - [2024-03-30T06:20:38.891+0000] {dagbag.py:541} INFO - Filling up the DagBag from /home/airflow/.local/lib/python3.7/site-packages/airflow/example_dags/example_dag_decorator.py
[2024-03-30T06:20:38.897+0000] {logging_mixin.py:149} INFO - [2024-03-30T06:20:38.897+0000] {taskmixin.py:211} WARNING - Dependency <Task(_PythonDecoratedOperator): prepare_email>, send_email already registered for DAG: example_dag_decorator
[2024-03-30T06:20:38.898+0000] {logging_mixin.py:149} INFO - [2024-03-30T06:20:38.898+0000] {taskmixin.py:211} WARNING - Dependency <Task(EmailOperator): send_email>, prepare_email already registered for DAG: example_dag_decorator
[2024-03-30T06:20:38.905+0000] {processor.py:836} INFO - DAG(s) dict_keys(['example_dag_decorator']) retrieved from /home/airflow/.local/lib/python3.7/site-packages/airflow/example_dags/example_dag_decorator.py
[2024-03-30T06:20:38.985+0000] {logging_mixin.py:149} INFO - [2024-03-30T06:20:38.985+0000] {dag.py:2726} INFO - Sync 1 DAGs
[2024-03-30T06:20:39.010+0000] {logging_mixin.py:149} INFO - [2024-03-30T06:20:39.010+0000] {dag.py:3490} INFO - Setting next_dagrun for example_dag_decorator to None, run_after=None
[2024-03-30T06:20:39.045+0000] {processor.py:179} INFO - Processing /home/airflow/.local/lib/python3.7/site-packages/airflow/example_dags/example_dag_decorator.py took 0.158 seconds
[2024-03-30T06:21:09.851+0000] {processor.py:157} INFO - Started process (PID=709) to work on /home/airflow/.local/lib/python3.7/site-packages/airflow/example_dags/example_dag_decorator.py
[2024-03-30T06:21:09.851+0000] {processor.py:826} INFO - Processing file /home/airflow/.local/lib/python3.7/site-packages/airflow/example_dags/example_dag_decorator.py for tasks to queue
[2024-03-30T06:21:09.852+0000] {logging_mixin.py:149} INFO - [2024-03-30T06:21:09.852+0000] {dagbag.py:541} INFO - Filling up the DagBag from /home/airflow/.local/lib/python3.7/site-packages/airflow/example_dags/example_dag_decorator.py
[2024-03-30T06:21:09.858+0000] {logging_mixin.py:149} INFO - [2024-03-30T06:21:09.858+0000] {taskmixin.py:211} WARNING - Dependency <Task(_PythonDecoratedOperator): prepare_email>, send_email already registered for DAG: example_dag_decorator
[2024-03-30T06:21:09.858+0000] {logging_mixin.py:149} INFO - [2024-03-30T06:21:09.858+0000] {taskmixin.py:211} WARNING - Dependency <Task(EmailOperator): send_email>, prepare_email already registered for DAG: example_dag_decorator
[2024-03-30T06:21:09.866+0000] {processor.py:836} INFO - DAG(s) dict_keys(['example_dag_decorator']) retrieved from /home/airflow/.local/lib/python3.7/site-packages/airflow/example_dags/example_dag_decorator.py
[2024-03-30T06:21:09.939+0000] {logging_mixin.py:149} INFO - [2024-03-30T06:21:09.939+0000] {dag.py:2726} INFO - Sync 1 DAGs
[2024-03-30T06:21:09.962+0000] {logging_mixin.py:149} INFO - [2024-03-30T06:21:09.961+0000] {dag.py:3490} INFO - Setting next_dagrun for example_dag_decorator to None, run_after=None
[2024-03-30T06:21:10.002+0000] {processor.py:179} INFO - Processing /home/airflow/.local/lib/python3.7/site-packages/airflow/example_dags/example_dag_decorator.py took 0.154 seconds
[2024-03-30T06:21:40.824+0000] {processor.py:157} INFO - Started process (PID=770) to work on /home/airflow/.local/lib/python3.7/site-packages/airflow/example_dags/example_dag_decorator.py
[2024-03-30T06:21:40.825+0000] {processor.py:826} INFO - Processing file /home/airflow/.local/lib/python3.7/site-packages/airflow/example_dags/example_dag_decorator.py for tasks to queue
[2024-03-30T06:21:40.826+0000] {logging_mixin.py:149} INFO - [2024-03-30T06:21:40.826+0000] {dagbag.py:541} INFO - Filling up the DagBag from /home/airflow/.local/lib/python3.7/site-packages/airflow/example_dags/example_dag_decorator.py
[2024-03-30T06:21:40.832+0000] {logging_mixin.py:149} INFO - [2024-03-30T06:21:40.832+0000] {taskmixin.py:211} WARNING - Dependency <Task(_PythonDecoratedOperator): prepare_email>, send_email already registered for DAG: example_dag_decorator
[2024-03-30T06:21:40.833+0000] {logging_mixin.py:149} INFO - [2024-03-30T06:21:40.833+0000] {taskmixin.py:211} WARNING - Dependency <Task(EmailOperator): send_email>, prepare_email already registered for DAG: example_dag_decorator
[2024-03-30T06:21:40.842+0000] {processor.py:836} INFO - DAG(s) dict_keys(['example_dag_decorator']) retrieved from /home/airflow/.local/lib/python3.7/site-packages/airflow/example_dags/example_dag_decorator.py
[2024-03-30T06:21:40.932+0000] {logging_mixin.py:149} INFO - [2024-03-30T06:21:40.932+0000] {dag.py:2726} INFO - Sync 1 DAGs
[2024-03-30T06:21:40.958+0000] {logging_mixin.py:149} INFO - [2024-03-30T06:21:40.958+0000] {dag.py:3490} INFO - Setting next_dagrun for example_dag_decorator to None, run_after=None
[2024-03-30T06:21:41.001+0000] {processor.py:179} INFO - Processing /home/airflow/.local/lib/python3.7/site-packages/airflow/example_dags/example_dag_decorator.py took 0.181 seconds
[2024-03-30T06:22:11.701+0000] {processor.py:157} INFO - Started process (PID=831) to work on /home/airflow/.local/lib/python3.7/site-packages/airflow/example_dags/example_dag_decorator.py
[2024-03-30T06:22:11.702+0000] {processor.py:826} INFO - Processing file /home/airflow/.local/lib/python3.7/site-packages/airflow/example_dags/example_dag_decorator.py for tasks to queue
[2024-03-30T06:22:11.703+0000] {logging_mixin.py:149} INFO - [2024-03-30T06:22:11.703+0000] {dagbag.py:541} INFO - Filling up the DagBag from /home/airflow/.local/lib/python3.7/site-packages/airflow/example_dags/example_dag_decorator.py
[2024-03-30T06:22:11.710+0000] {logging_mixin.py:149} INFO - [2024-03-30T06:22:11.710+0000] {taskmixin.py:211} WARNING - Dependency <Task(_PythonDecoratedOperator): prepare_email>, send_email already registered for DAG: example_dag_decorator
[2024-03-30T06:22:11.711+0000] {logging_mixin.py:149} INFO - [2024-03-30T06:22:11.710+0000] {taskmixin.py:211} WARNING - Dependency <Task(EmailOperator): send_email>, prepare_email already registered for DAG: example_dag_decorator
[2024-03-30T06:22:11.719+0000] {processor.py:836} INFO - DAG(s) dict_keys(['example_dag_decorator']) retrieved from /home/airflow/.local/lib/python3.7/site-packages/airflow/example_dags/example_dag_decorator.py
[2024-03-30T06:22:11.809+0000] {logging_mixin.py:149} INFO - [2024-03-30T06:22:11.809+0000] {dag.py:2726} INFO - Sync 1 DAGs
[2024-03-30T06:22:11.891+0000] {logging_mixin.py:149} INFO - [2024-03-30T06:22:11.891+0000] {dag.py:3490} INFO - Setting next_dagrun for example_dag_decorator to None, run_after=None
[2024-03-30T06:22:11.929+0000] {processor.py:179} INFO - Processing /home/airflow/.local/lib/python3.7/site-packages/airflow/example_dags/example_dag_decorator.py took 0.232 seconds
[2024-03-30T06:22:42.323+0000] {processor.py:157} INFO - Started process (PID=893) to work on /home/airflow/.local/lib/python3.7/site-packages/airflow/example_dags/example_dag_decorator.py
[2024-03-30T06:22:42.324+0000] {processor.py:826} INFO - Processing file /home/airflow/.local/lib/python3.7/site-packages/airflow/example_dags/example_dag_decorator.py for tasks to queue
[2024-03-30T06:22:42.325+0000] {logging_mixin.py:149} INFO - [2024-03-30T06:22:42.325+0000] {dagbag.py:541} INFO - Filling up the DagBag from /home/airflow/.local/lib/python3.7/site-packages/airflow/example_dags/example_dag_decorator.py
[2024-03-30T06:22:42.331+0000] {logging_mixin.py:149} INFO - [2024-03-30T06:22:42.331+0000] {taskmixin.py:211} WARNING - Dependency <Task(_PythonDecoratedOperator): prepare_email>, send_email already registered for DAG: example_dag_decorator
[2024-03-30T06:22:42.331+0000] {logging_mixin.py:149} INFO - [2024-03-30T06:22:42.331+0000] {taskmixin.py:211} WARNING - Dependency <Task(EmailOperator): send_email>, prepare_email already registered for DAG: example_dag_decorator
[2024-03-30T06:22:42.339+0000] {processor.py:836} INFO - DAG(s) dict_keys(['example_dag_decorator']) retrieved from /home/airflow/.local/lib/python3.7/site-packages/airflow/example_dags/example_dag_decorator.py
[2024-03-30T06:22:42.413+0000] {logging_mixin.py:149} INFO - [2024-03-30T06:22:42.413+0000] {dag.py:2726} INFO - Sync 1 DAGs
[2024-03-30T06:22:42.436+0000] {logging_mixin.py:149} INFO - [2024-03-30T06:22:42.436+0000] {dag.py:3490} INFO - Setting next_dagrun for example_dag_decorator to None, run_after=None
[2024-03-30T06:22:42.474+0000] {processor.py:179} INFO - Processing /home/airflow/.local/lib/python3.7/site-packages/airflow/example_dags/example_dag_decorator.py took 0.153 seconds
[2024-03-30T06:23:12.702+0000] {processor.py:157} INFO - Started process (PID=954) to work on /home/airflow/.local/lib/python3.7/site-packages/airflow/example_dags/example_dag_decorator.py
[2024-03-30T06:23:12.703+0000] {processor.py:826} INFO - Processing file /home/airflow/.local/lib/python3.7/site-packages/airflow/example_dags/example_dag_decorator.py for tasks to queue
[2024-03-30T06:23:12.703+0000] {logging_mixin.py:149} INFO - [2024-03-30T06:23:12.703+0000] {dagbag.py:541} INFO - Filling up the DagBag from /home/airflow/.local/lib/python3.7/site-packages/airflow/example_dags/example_dag_decorator.py
[2024-03-30T06:23:12.710+0000] {logging_mixin.py:149} INFO - [2024-03-30T06:23:12.710+0000] {taskmixin.py:211} WARNING - Dependency <Task(_PythonDecoratedOperator): prepare_email>, send_email already registered for DAG: example_dag_decorator
[2024-03-30T06:23:12.711+0000] {logging_mixin.py:149} INFO - [2024-03-30T06:23:12.711+0000] {taskmixin.py:211} WARNING - Dependency <Task(EmailOperator): send_email>, prepare_email already registered for DAG: example_dag_decorator
[2024-03-30T06:23:12.721+0000] {processor.py:836} INFO - DAG(s) dict_keys(['example_dag_decorator']) retrieved from /home/airflow/.local/lib/python3.7/site-packages/airflow/example_dags/example_dag_decorator.py
[2024-03-30T06:23:12.825+0000] {logging_mixin.py:149} INFO - [2024-03-30T06:23:12.825+0000] {dag.py:2726} INFO - Sync 1 DAGs
[2024-03-30T06:23:12.852+0000] {logging_mixin.py:149} INFO - [2024-03-30T06:23:12.852+0000] {dag.py:3490} INFO - Setting next_dagrun for example_dag_decorator to None, run_after=None
[2024-03-30T06:23:12.898+0000] {processor.py:179} INFO - Processing /home/airflow/.local/lib/python3.7/site-packages/airflow/example_dags/example_dag_decorator.py took 0.199 seconds
[2024-03-30T06:23:42.964+0000] {processor.py:157} INFO - Started process (PID=1015) to work on /home/airflow/.local/lib/python3.7/site-packages/airflow/example_dags/example_dag_decorator.py
[2024-03-30T06:23:42.965+0000] {processor.py:826} INFO - Processing file /home/airflow/.local/lib/python3.7/site-packages/airflow/example_dags/example_dag_decorator.py for tasks to queue
[2024-03-30T06:23:42.965+0000] {logging_mixin.py:149} INFO - [2024-03-30T06:23:42.965+0000] {dagbag.py:541} INFO - Filling up the DagBag from /home/airflow/.local/lib/python3.7/site-packages/airflow/example_dags/example_dag_decorator.py
[2024-03-30T06:23:42.971+0000] {logging_mixin.py:149} INFO - [2024-03-30T06:23:42.971+0000] {taskmixin.py:211} WARNING - Dependency <Task(_PythonDecoratedOperator): prepare_email>, send_email already registered for DAG: example_dag_decorator
[2024-03-30T06:23:42.972+0000] {logging_mixin.py:149} INFO - [2024-03-30T06:23:42.971+0000] {taskmixin.py:211} WARNING - Dependency <Task(EmailOperator): send_email>, prepare_email already registered for DAG: example_dag_decorator
[2024-03-30T06:23:42.979+0000] {processor.py:836} INFO - DAG(s) dict_keys(['example_dag_decorator']) retrieved from /home/airflow/.local/lib/python3.7/site-packages/airflow/example_dags/example_dag_decorator.py
[2024-03-30T06:23:43.059+0000] {logging_mixin.py:149} INFO - [2024-03-30T06:23:43.058+0000] {dag.py:2726} INFO - Sync 1 DAGs
[2024-03-30T06:23:43.081+0000] {logging_mixin.py:149} INFO - [2024-03-30T06:23:43.080+0000] {dag.py:3490} INFO - Setting next_dagrun for example_dag_decorator to None, run_after=None
[2024-03-30T06:23:43.115+0000] {processor.py:179} INFO - Processing /home/airflow/.local/lib/python3.7/site-packages/airflow/example_dags/example_dag_decorator.py took 0.154 seconds
[2024-03-30T06:24:13.475+0000] {processor.py:157} INFO - Started process (PID=1076) to work on /home/airflow/.local/lib/python3.7/site-packages/airflow/example_dags/example_dag_decorator.py
[2024-03-30T06:24:13.476+0000] {processor.py:826} INFO - Processing file /home/airflow/.local/lib/python3.7/site-packages/airflow/example_dags/example_dag_decorator.py for tasks to queue
[2024-03-30T06:24:13.476+0000] {logging_mixin.py:149} INFO - [2024-03-30T06:24:13.476+0000] {dagbag.py:541} INFO - Filling up the DagBag from /home/airflow/.local/lib/python3.7/site-packages/airflow/example_dags/example_dag_decorator.py
[2024-03-30T06:24:13.482+0000] {logging_mixin.py:149} INFO - [2024-03-30T06:24:13.482+0000] {taskmixin.py:211} WARNING - Dependency <Task(_PythonDecoratedOperator): prepare_email>, send_email already registered for DAG: example_dag_decorator
[2024-03-30T06:24:13.482+0000] {logging_mixin.py:149} INFO - [2024-03-30T06:24:13.482+0000] {taskmixin.py:211} WARNING - Dependency <Task(EmailOperator): send_email>, prepare_email already registered for DAG: example_dag_decorator
[2024-03-30T06:24:13.489+0000] {processor.py:836} INFO - DAG(s) dict_keys(['example_dag_decorator']) retrieved from /home/airflow/.local/lib/python3.7/site-packages/airflow/example_dags/example_dag_decorator.py
[2024-03-30T06:24:13.567+0000] {logging_mixin.py:149} INFO - [2024-03-30T06:24:13.567+0000] {dag.py:2726} INFO - Sync 1 DAGs
[2024-03-30T06:24:13.589+0000] {logging_mixin.py:149} INFO - [2024-03-30T06:24:13.589+0000] {dag.py:3490} INFO - Setting next_dagrun for example_dag_decorator to None, run_after=None
[2024-03-30T06:24:13.625+0000] {processor.py:179} INFO - Processing /home/airflow/.local/lib/python3.7/site-packages/airflow/example_dags/example_dag_decorator.py took 0.153 seconds
[2024-03-30T06:24:43.859+0000] {processor.py:157} INFO - Started process (PID=1137) to work on /home/airflow/.local/lib/python3.7/site-packages/airflow/example_dags/example_dag_decorator.py
[2024-03-30T06:24:43.860+0000] {processor.py:826} INFO - Processing file /home/airflow/.local/lib/python3.7/site-packages/airflow/example_dags/example_dag_decorator.py for tasks to queue
[2024-03-30T06:24:43.860+0000] {logging_mixin.py:149} INFO - [2024-03-30T06:24:43.860+0000] {dagbag.py:541} INFO - Filling up the DagBag from /home/airflow/.local/lib/python3.7/site-packages/airflow/example_dags/example_dag_decorator.py
[2024-03-30T06:24:43.865+0000] {logging_mixin.py:149} INFO - [2024-03-30T06:24:43.865+0000] {taskmixin.py:211} WARNING - Dependency <Task(_PythonDecoratedOperator): prepare_email>, send_email already registered for DAG: example_dag_decorator
[2024-03-30T06:24:43.865+0000] {logging_mixin.py:149} INFO - [2024-03-30T06:24:43.865+0000] {taskmixin.py:211} WARNING - Dependency <Task(EmailOperator): send_email>, prepare_email already registered for DAG: example_dag_decorator
[2024-03-30T06:24:43.872+0000] {processor.py:836} INFO - DAG(s) dict_keys(['example_dag_decorator']) retrieved from /home/airflow/.local/lib/python3.7/site-packages/airflow/example_dags/example_dag_decorator.py
[2024-03-30T06:24:43.946+0000] {logging_mixin.py:149} INFO - [2024-03-30T06:24:43.945+0000] {dag.py:2726} INFO - Sync 1 DAGs
[2024-03-30T06:24:43.969+0000] {logging_mixin.py:149} INFO - [2024-03-30T06:24:43.969+0000] {dag.py:3490} INFO - Setting next_dagrun for example_dag_decorator to None, run_after=None
[2024-03-30T06:24:44.005+0000] {processor.py:179} INFO - Processing /home/airflow/.local/lib/python3.7/site-packages/airflow/example_dags/example_dag_decorator.py took 0.149 seconds
[2024-03-30T06:25:14.274+0000] {processor.py:157} INFO - Started process (PID=1198) to work on /home/airflow/.local/lib/python3.7/site-packages/airflow/example_dags/example_dag_decorator.py
[2024-03-30T06:25:14.275+0000] {processor.py:826} INFO - Processing file /home/airflow/.local/lib/python3.7/site-packages/airflow/example_dags/example_dag_decorator.py for tasks to queue
[2024-03-30T06:25:14.275+0000] {logging_mixin.py:149} INFO - [2024-03-30T06:25:14.275+0000] {dagbag.py:541} INFO - Filling up the DagBag from /home/airflow/.local/lib/python3.7/site-packages/airflow/example_dags/example_dag_decorator.py
[2024-03-30T06:25:14.286+0000] {logging_mixin.py:149} INFO - [2024-03-30T06:25:14.286+0000] {taskmixin.py:211} WARNING - Dependency <Task(_PythonDecoratedOperator): prepare_email>, send_email already registered for DAG: example_dag_decorator
[2024-03-30T06:25:14.286+0000] {logging_mixin.py:149} INFO - [2024-03-30T06:25:14.286+0000] {taskmixin.py:211} WARNING - Dependency <Task(EmailOperator): send_email>, prepare_email already registered for DAG: example_dag_decorator
[2024-03-30T06:25:14.295+0000] {processor.py:836} INFO - DAG(s) dict_keys(['example_dag_decorator']) retrieved from /home/airflow/.local/lib/python3.7/site-packages/airflow/example_dags/example_dag_decorator.py
[2024-03-30T06:25:14.380+0000] {logging_mixin.py:149} INFO - [2024-03-30T06:25:14.379+0000] {dag.py:2726} INFO - Sync 1 DAGs
[2024-03-30T06:25:14.407+0000] {logging_mixin.py:149} INFO - [2024-03-30T06:25:14.407+0000] {dag.py:3490} INFO - Setting next_dagrun for example_dag_decorator to None, run_after=None
[2024-03-30T06:25:14.452+0000] {processor.py:179} INFO - Processing /home/airflow/.local/lib/python3.7/site-packages/airflow/example_dags/example_dag_decorator.py took 0.181 seconds
[2024-03-30T06:25:44.601+0000] {processor.py:157} INFO - Started process (PID=1259) to work on /home/airflow/.local/lib/python3.7/site-packages/airflow/example_dags/example_dag_decorator.py
[2024-03-30T06:25:44.602+0000] {processor.py:826} INFO - Processing file /home/airflow/.local/lib/python3.7/site-packages/airflow/example_dags/example_dag_decorator.py for tasks to queue
[2024-03-30T06:25:44.602+0000] {logging_mixin.py:149} INFO - [2024-03-30T06:25:44.602+0000] {dagbag.py:541} INFO - Filling up the DagBag from /home/airflow/.local/lib/python3.7/site-packages/airflow/example_dags/example_dag_decorator.py
[2024-03-30T06:25:44.607+0000] {logging_mixin.py:149} INFO - [2024-03-30T06:25:44.607+0000] {taskmixin.py:211} WARNING - Dependency <Task(_PythonDecoratedOperator): prepare_email>, send_email already registered for DAG: example_dag_decorator
[2024-03-30T06:25:44.608+0000] {logging_mixin.py:149} INFO - [2024-03-30T06:25:44.608+0000] {taskmixin.py:211} WARNING - Dependency <Task(EmailOperator): send_email>, prepare_email already registered for DAG: example_dag_decorator
[2024-03-30T06:25:44.615+0000] {processor.py:836} INFO - DAG(s) dict_keys(['example_dag_decorator']) retrieved from /home/airflow/.local/lib/python3.7/site-packages/airflow/example_dags/example_dag_decorator.py
[2024-03-30T06:25:44.697+0000] {logging_mixin.py:149} INFO - [2024-03-30T06:25:44.696+0000] {dag.py:2726} INFO - Sync 1 DAGs
[2024-03-30T06:25:44.726+0000] {logging_mixin.py:149} INFO - [2024-03-30T06:25:44.726+0000] {dag.py:3490} INFO - Setting next_dagrun for example_dag_decorator to None, run_after=None
[2024-03-30T06:25:44.763+0000] {processor.py:179} INFO - Processing /home/airflow/.local/lib/python3.7/site-packages/airflow/example_dags/example_dag_decorator.py took 0.165 seconds
[2024-03-30T06:26:15.028+0000] {processor.py:157} INFO - Started process (PID=1320) to work on /home/airflow/.local/lib/python3.7/site-packages/airflow/example_dags/example_dag_decorator.py
[2024-03-30T06:26:15.029+0000] {processor.py:826} INFO - Processing file /home/airflow/.local/lib/python3.7/site-packages/airflow/example_dags/example_dag_decorator.py for tasks to queue
[2024-03-30T06:26:15.030+0000] {logging_mixin.py:149} INFO - [2024-03-30T06:26:15.030+0000] {dagbag.py:541} INFO - Filling up the DagBag from /home/airflow/.local/lib/python3.7/site-packages/airflow/example_dags/example_dag_decorator.py
[2024-03-30T06:26:15.036+0000] {logging_mixin.py:149} INFO - [2024-03-30T06:26:15.036+0000] {taskmixin.py:211} WARNING - Dependency <Task(_PythonDecoratedOperator): prepare_email>, send_email already registered for DAG: example_dag_decorator
[2024-03-30T06:26:15.036+0000] {logging_mixin.py:149} INFO - [2024-03-30T06:26:15.036+0000] {taskmixin.py:211} WARNING - Dependency <Task(EmailOperator): send_email>, prepare_email already registered for DAG: example_dag_decorator
[2024-03-30T06:26:15.044+0000] {processor.py:836} INFO - DAG(s) dict_keys(['example_dag_decorator']) retrieved from /home/airflow/.local/lib/python3.7/site-packages/airflow/example_dags/example_dag_decorator.py
[2024-03-30T06:26:15.121+0000] {logging_mixin.py:149} INFO - [2024-03-30T06:26:15.121+0000] {dag.py:2726} INFO - Sync 1 DAGs
[2024-03-30T06:26:15.150+0000] {logging_mixin.py:149} INFO - [2024-03-30T06:26:15.150+0000] {dag.py:3490} INFO - Setting next_dagrun for example_dag_decorator to None, run_after=None
[2024-03-30T06:26:15.195+0000] {processor.py:179} INFO - Processing /home/airflow/.local/lib/python3.7/site-packages/airflow/example_dags/example_dag_decorator.py took 0.170 seconds
[2024-03-30T06:26:45.224+0000] {processor.py:157} INFO - Started process (PID=1382) to work on /home/airflow/.local/lib/python3.7/site-packages/airflow/example_dags/example_dag_decorator.py
[2024-03-30T06:26:45.225+0000] {processor.py:826} INFO - Processing file /home/airflow/.local/lib/python3.7/site-packages/airflow/example_dags/example_dag_decorator.py for tasks to queue
[2024-03-30T06:26:45.226+0000] {logging_mixin.py:149} INFO - [2024-03-30T06:26:45.226+0000] {dagbag.py:541} INFO - Filling up the DagBag from /home/airflow/.local/lib/python3.7/site-packages/airflow/example_dags/example_dag_decorator.py
[2024-03-30T06:26:45.233+0000] {logging_mixin.py:149} INFO - [2024-03-30T06:26:45.233+0000] {taskmixin.py:211} WARNING - Dependency <Task(_PythonDecoratedOperator): prepare_email>, send_email already registered for DAG: example_dag_decorator
[2024-03-30T06:26:45.233+0000] {logging_mixin.py:149} INFO - [2024-03-30T06:26:45.233+0000] {taskmixin.py:211} WARNING - Dependency <Task(EmailOperator): send_email>, prepare_email already registered for DAG: example_dag_decorator
[2024-03-30T06:26:45.240+0000] {processor.py:836} INFO - DAG(s) dict_keys(['example_dag_decorator']) retrieved from /home/airflow/.local/lib/python3.7/site-packages/airflow/example_dags/example_dag_decorator.py
[2024-03-30T06:26:45.325+0000] {logging_mixin.py:149} INFO - [2024-03-30T06:26:45.325+0000] {dag.py:2726} INFO - Sync 1 DAGs
[2024-03-30T06:26:45.351+0000] {logging_mixin.py:149} INFO - [2024-03-30T06:26:45.350+0000] {dag.py:3490} INFO - Setting next_dagrun for example_dag_decorator to None, run_after=None
[2024-03-30T06:26:45.442+0000] {processor.py:179} INFO - Processing /home/airflow/.local/lib/python3.7/site-packages/airflow/example_dags/example_dag_decorator.py took 0.222 seconds
[2024-03-30T06:27:15.850+0000] {processor.py:157} INFO - Started process (PID=1443) to work on /home/airflow/.local/lib/python3.7/site-packages/airflow/example_dags/example_dag_decorator.py
[2024-03-30T06:27:15.851+0000] {processor.py:826} INFO - Processing file /home/airflow/.local/lib/python3.7/site-packages/airflow/example_dags/example_dag_decorator.py for tasks to queue
[2024-03-30T06:27:15.851+0000] {logging_mixin.py:149} INFO - [2024-03-30T06:27:15.851+0000] {dagbag.py:541} INFO - Filling up the DagBag from /home/airflow/.local/lib/python3.7/site-packages/airflow/example_dags/example_dag_decorator.py
[2024-03-30T06:27:15.857+0000] {logging_mixin.py:149} INFO - [2024-03-30T06:27:15.857+0000] {taskmixin.py:211} WARNING - Dependency <Task(_PythonDecoratedOperator): prepare_email>, send_email already registered for DAG: example_dag_decorator
[2024-03-30T06:27:15.857+0000] {logging_mixin.py:149} INFO - [2024-03-30T06:27:15.857+0000] {taskmixin.py:211} WARNING - Dependency <Task(EmailOperator): send_email>, prepare_email already registered for DAG: example_dag_decorator
[2024-03-30T06:27:15.864+0000] {processor.py:836} INFO - DAG(s) dict_keys(['example_dag_decorator']) retrieved from /home/airflow/.local/lib/python3.7/site-packages/airflow/example_dags/example_dag_decorator.py
[2024-03-30T06:27:15.948+0000] {logging_mixin.py:149} INFO - [2024-03-30T06:27:15.948+0000] {dag.py:2726} INFO - Sync 1 DAGs
[2024-03-30T06:27:15.971+0000] {logging_mixin.py:149} INFO - [2024-03-30T06:27:15.971+0000] {dag.py:3490} INFO - Setting next_dagrun for example_dag_decorator to None, run_after=None
[2024-03-30T06:27:16.014+0000] {processor.py:179} INFO - Processing /home/airflow/.local/lib/python3.7/site-packages/airflow/example_dags/example_dag_decorator.py took 0.166 seconds
[2024-03-30T06:27:46.439+0000] {processor.py:157} INFO - Started process (PID=1505) to work on /home/airflow/.local/lib/python3.7/site-packages/airflow/example_dags/example_dag_decorator.py
[2024-03-30T06:27:46.440+0000] {processor.py:826} INFO - Processing file /home/airflow/.local/lib/python3.7/site-packages/airflow/example_dags/example_dag_decorator.py for tasks to queue
[2024-03-30T06:27:46.440+0000] {logging_mixin.py:149} INFO - [2024-03-30T06:27:46.440+0000] {dagbag.py:541} INFO - Filling up the DagBag from /home/airflow/.local/lib/python3.7/site-packages/airflow/example_dags/example_dag_decorator.py
[2024-03-30T06:27:46.447+0000] {logging_mixin.py:149} INFO - [2024-03-30T06:27:46.447+0000] {taskmixin.py:211} WARNING - Dependency <Task(_PythonDecoratedOperator): prepare_email>, send_email already registered for DAG: example_dag_decorator
[2024-03-30T06:27:46.447+0000] {logging_mixin.py:149} INFO - [2024-03-30T06:27:46.447+0000] {taskmixin.py:211} WARNING - Dependency <Task(EmailOperator): send_email>, prepare_email already registered for DAG: example_dag_decorator
[2024-03-30T06:27:46.454+0000] {processor.py:836} INFO - DAG(s) dict_keys(['example_dag_decorator']) retrieved from /home/airflow/.local/lib/python3.7/site-packages/airflow/example_dags/example_dag_decorator.py
[2024-03-30T06:27:46.528+0000] {logging_mixin.py:149} INFO - [2024-03-30T06:27:46.528+0000] {dag.py:2726} INFO - Sync 1 DAGs
[2024-03-30T06:27:46.550+0000] {logging_mixin.py:149} INFO - [2024-03-30T06:27:46.550+0000] {dag.py:3490} INFO - Setting next_dagrun for example_dag_decorator to None, run_after=None
[2024-03-30T06:27:46.585+0000] {processor.py:179} INFO - Processing /home/airflow/.local/lib/python3.7/site-packages/airflow/example_dags/example_dag_decorator.py took 0.150 seconds
[2024-03-30T06:28:16.659+0000] {processor.py:157} INFO - Started process (PID=1566) to work on /home/airflow/.local/lib/python3.7/site-packages/airflow/example_dags/example_dag_decorator.py
[2024-03-30T06:28:16.659+0000] {processor.py:826} INFO - Processing file /home/airflow/.local/lib/python3.7/site-packages/airflow/example_dags/example_dag_decorator.py for tasks to queue
[2024-03-30T06:28:16.660+0000] {logging_mixin.py:149} INFO - [2024-03-30T06:28:16.660+0000] {dagbag.py:541} INFO - Filling up the DagBag from /home/airflow/.local/lib/python3.7/site-packages/airflow/example_dags/example_dag_decorator.py
[2024-03-30T06:28:16.665+0000] {logging_mixin.py:149} INFO - [2024-03-30T06:28:16.665+0000] {taskmixin.py:211} WARNING - Dependency <Task(_PythonDecoratedOperator): prepare_email>, send_email already registered for DAG: example_dag_decorator
[2024-03-30T06:28:16.666+0000] {logging_mixin.py:149} INFO - [2024-03-30T06:28:16.666+0000] {taskmixin.py:211} WARNING - Dependency <Task(EmailOperator): send_email>, prepare_email already registered for DAG: example_dag_decorator
[2024-03-30T06:28:16.673+0000] {processor.py:836} INFO - DAG(s) dict_keys(['example_dag_decorator']) retrieved from /home/airflow/.local/lib/python3.7/site-packages/airflow/example_dags/example_dag_decorator.py
[2024-03-30T06:28:16.755+0000] {logging_mixin.py:149} INFO - [2024-03-30T06:28:16.755+0000] {dag.py:2726} INFO - Sync 1 DAGs
[2024-03-30T06:28:16.781+0000] {logging_mixin.py:149} INFO - [2024-03-30T06:28:16.781+0000] {dag.py:3490} INFO - Setting next_dagrun for example_dag_decorator to None, run_after=None
[2024-03-30T06:28:16.823+0000] {processor.py:179} INFO - Processing /home/airflow/.local/lib/python3.7/site-packages/airflow/example_dags/example_dag_decorator.py took 0.167 seconds
[2024-03-30T06:28:47.172+0000] {processor.py:157} INFO - Started process (PID=1627) to work on /home/airflow/.local/lib/python3.7/site-packages/airflow/example_dags/example_dag_decorator.py
[2024-03-30T06:28:47.173+0000] {processor.py:826} INFO - Processing file /home/airflow/.local/lib/python3.7/site-packages/airflow/example_dags/example_dag_decorator.py for tasks to queue
[2024-03-30T06:28:47.174+0000] {logging_mixin.py:149} INFO - [2024-03-30T06:28:47.174+0000] {dagbag.py:541} INFO - Filling up the DagBag from /home/airflow/.local/lib/python3.7/site-packages/airflow/example_dags/example_dag_decorator.py
[2024-03-30T06:28:47.180+0000] {logging_mixin.py:149} INFO - [2024-03-30T06:28:47.180+0000] {taskmixin.py:211} WARNING - Dependency <Task(_PythonDecoratedOperator): prepare_email>, send_email already registered for DAG: example_dag_decorator
[2024-03-30T06:28:47.181+0000] {logging_mixin.py:149} INFO - [2024-03-30T06:28:47.181+0000] {taskmixin.py:211} WARNING - Dependency <Task(EmailOperator): send_email>, prepare_email already registered for DAG: example_dag_decorator
[2024-03-30T06:28:47.188+0000] {processor.py:836} INFO - DAG(s) dict_keys(['example_dag_decorator']) retrieved from /home/airflow/.local/lib/python3.7/site-packages/airflow/example_dags/example_dag_decorator.py
[2024-03-30T06:28:47.265+0000] {logging_mixin.py:149} INFO - [2024-03-30T06:28:47.265+0000] {dag.py:2726} INFO - Sync 1 DAGs
[2024-03-30T06:28:47.289+0000] {logging_mixin.py:149} INFO - [2024-03-30T06:28:47.289+0000] {dag.py:3490} INFO - Setting next_dagrun for example_dag_decorator to None, run_after=None
[2024-03-30T06:28:47.332+0000] {processor.py:179} INFO - Processing /home/airflow/.local/lib/python3.7/site-packages/airflow/example_dags/example_dag_decorator.py took 0.162 seconds
[2024-03-30T06:29:17.733+0000] {processor.py:157} INFO - Started process (PID=1688) to work on /home/airflow/.local/lib/python3.7/site-packages/airflow/example_dags/example_dag_decorator.py
[2024-03-30T06:29:17.734+0000] {processor.py:826} INFO - Processing file /home/airflow/.local/lib/python3.7/site-packages/airflow/example_dags/example_dag_decorator.py for tasks to queue
[2024-03-30T06:29:17.734+0000] {logging_mixin.py:149} INFO - [2024-03-30T06:29:17.734+0000] {dagbag.py:541} INFO - Filling up the DagBag from /home/airflow/.local/lib/python3.7/site-packages/airflow/example_dags/example_dag_decorator.py
[2024-03-30T06:29:17.740+0000] {logging_mixin.py:149} INFO - [2024-03-30T06:29:17.739+0000] {taskmixin.py:211} WARNING - Dependency <Task(_PythonDecoratedOperator): prepare_email>, send_email already registered for DAG: example_dag_decorator
[2024-03-30T06:29:17.740+0000] {logging_mixin.py:149} INFO - [2024-03-30T06:29:17.740+0000] {taskmixin.py:211} WARNING - Dependency <Task(EmailOperator): send_email>, prepare_email already registered for DAG: example_dag_decorator
[2024-03-30T06:29:17.748+0000] {processor.py:836} INFO - DAG(s) dict_keys(['example_dag_decorator']) retrieved from /home/airflow/.local/lib/python3.7/site-packages/airflow/example_dags/example_dag_decorator.py
[2024-03-30T06:29:17.823+0000] {logging_mixin.py:149} INFO - [2024-03-30T06:29:17.823+0000] {dag.py:2726} INFO - Sync 1 DAGs
[2024-03-30T06:29:17.846+0000] {logging_mixin.py:149} INFO - [2024-03-30T06:29:17.845+0000] {dag.py:3490} INFO - Setting next_dagrun for example_dag_decorator to None, run_after=None
[2024-03-30T06:29:17.882+0000] {processor.py:179} INFO - Processing /home/airflow/.local/lib/python3.7/site-packages/airflow/example_dags/example_dag_decorator.py took 0.153 seconds
[2024-03-30T06:29:48.026+0000] {processor.py:157} INFO - Started process (PID=1749) to work on /home/airflow/.local/lib/python3.7/site-packages/airflow/example_dags/example_dag_decorator.py
[2024-03-30T06:29:48.027+0000] {processor.py:826} INFO - Processing file /home/airflow/.local/lib/python3.7/site-packages/airflow/example_dags/example_dag_decorator.py for tasks to queue
[2024-03-30T06:29:48.027+0000] {logging_mixin.py:149} INFO - [2024-03-30T06:29:48.027+0000] {dagbag.py:541} INFO - Filling up the DagBag from /home/airflow/.local/lib/python3.7/site-packages/airflow/example_dags/example_dag_decorator.py
[2024-03-30T06:29:48.032+0000] {logging_mixin.py:149} INFO - [2024-03-30T06:29:48.032+0000] {taskmixin.py:211} WARNING - Dependency <Task(_PythonDecoratedOperator): prepare_email>, send_email already registered for DAG: example_dag_decorator
[2024-03-30T06:29:48.033+0000] {logging_mixin.py:149} INFO - [2024-03-30T06:29:48.032+0000] {taskmixin.py:211} WARNING - Dependency <Task(EmailOperator): send_email>, prepare_email already registered for DAG: example_dag_decorator
[2024-03-30T06:29:48.041+0000] {processor.py:836} INFO - DAG(s) dict_keys(['example_dag_decorator']) retrieved from /home/airflow/.local/lib/python3.7/site-packages/airflow/example_dags/example_dag_decorator.py
[2024-03-30T06:29:48.122+0000] {logging_mixin.py:149} INFO - [2024-03-30T06:29:48.122+0000] {dag.py:2726} INFO - Sync 1 DAGs
[2024-03-30T06:29:48.144+0000] {logging_mixin.py:149} INFO - [2024-03-30T06:29:48.144+0000] {dag.py:3490} INFO - Setting next_dagrun for example_dag_decorator to None, run_after=None
[2024-03-30T06:29:48.183+0000] {processor.py:179} INFO - Processing /home/airflow/.local/lib/python3.7/site-packages/airflow/example_dags/example_dag_decorator.py took 0.160 seconds
[2024-03-30T06:30:18.790+0000] {processor.py:157} INFO - Started process (PID=1810) to work on /home/airflow/.local/lib/python3.7/site-packages/airflow/example_dags/example_dag_decorator.py
[2024-03-30T06:30:18.791+0000] {processor.py:826} INFO - Processing file /home/airflow/.local/lib/python3.7/site-packages/airflow/example_dags/example_dag_decorator.py for tasks to queue
[2024-03-30T06:30:18.791+0000] {logging_mixin.py:149} INFO - [2024-03-30T06:30:18.791+0000] {dagbag.py:541} INFO - Filling up the DagBag from /home/airflow/.local/lib/python3.7/site-packages/airflow/example_dags/example_dag_decorator.py
[2024-03-30T06:30:18.799+0000] {logging_mixin.py:149} INFO - [2024-03-30T06:30:18.799+0000] {taskmixin.py:211} WARNING - Dependency <Task(_PythonDecoratedOperator): prepare_email>, send_email already registered for DAG: example_dag_decorator
[2024-03-30T06:30:18.799+0000] {logging_mixin.py:149} INFO - [2024-03-30T06:30:18.799+0000] {taskmixin.py:211} WARNING - Dependency <Task(EmailOperator): send_email>, prepare_email already registered for DAG: example_dag_decorator
[2024-03-30T06:30:18.806+0000] {processor.py:836} INFO - DAG(s) dict_keys(['example_dag_decorator']) retrieved from /home/airflow/.local/lib/python3.7/site-packages/airflow/example_dags/example_dag_decorator.py
[2024-03-30T06:30:18.882+0000] {logging_mixin.py:149} INFO - [2024-03-30T06:30:18.882+0000] {dag.py:2726} INFO - Sync 1 DAGs
[2024-03-30T06:30:18.905+0000] {logging_mixin.py:149} INFO - [2024-03-30T06:30:18.905+0000] {dag.py:3490} INFO - Setting next_dagrun for example_dag_decorator to None, run_after=None
[2024-03-30T06:30:18.944+0000] {processor.py:179} INFO - Processing /home/airflow/.local/lib/python3.7/site-packages/airflow/example_dags/example_dag_decorator.py took 0.158 seconds
[2024-03-30T06:30:49.236+0000] {processor.py:157} INFO - Started process (PID=1871) to work on /home/airflow/.local/lib/python3.7/site-packages/airflow/example_dags/example_dag_decorator.py
[2024-03-30T06:30:49.237+0000] {processor.py:826} INFO - Processing file /home/airflow/.local/lib/python3.7/site-packages/airflow/example_dags/example_dag_decorator.py for tasks to queue
[2024-03-30T06:30:49.238+0000] {logging_mixin.py:149} INFO - [2024-03-30T06:30:49.238+0000] {dagbag.py:541} INFO - Filling up the DagBag from /home/airflow/.local/lib/python3.7/site-packages/airflow/example_dags/example_dag_decorator.py
[2024-03-30T06:30:49.243+0000] {logging_mixin.py:149} INFO - [2024-03-30T06:30:49.243+0000] {taskmixin.py:211} WARNING - Dependency <Task(_PythonDecoratedOperator): prepare_email>, send_email already registered for DAG: example_dag_decorator
[2024-03-30T06:30:49.243+0000] {logging_mixin.py:149} INFO - [2024-03-30T06:30:49.243+0000] {taskmixin.py:211} WARNING - Dependency <Task(EmailOperator): send_email>, prepare_email already registered for DAG: example_dag_decorator
[2024-03-30T06:30:49.250+0000] {processor.py:836} INFO - DAG(s) dict_keys(['example_dag_decorator']) retrieved from /home/airflow/.local/lib/python3.7/site-packages/airflow/example_dags/example_dag_decorator.py
[2024-03-30T06:30:49.322+0000] {logging_mixin.py:149} INFO - [2024-03-30T06:30:49.322+0000] {dag.py:2726} INFO - Sync 1 DAGs
[2024-03-30T06:30:49.348+0000] {logging_mixin.py:149} INFO - [2024-03-30T06:30:49.348+0000] {dag.py:3490} INFO - Setting next_dagrun for example_dag_decorator to None, run_after=None
[2024-03-30T06:30:49.382+0000] {processor.py:179} INFO - Processing /home/airflow/.local/lib/python3.7/site-packages/airflow/example_dags/example_dag_decorator.py took 0.148 seconds
[2024-03-30T06:31:20.150+0000] {processor.py:157} INFO - Started process (PID=1932) to work on /home/airflow/.local/lib/python3.7/site-packages/airflow/example_dags/example_dag_decorator.py
[2024-03-30T06:31:20.151+0000] {processor.py:826} INFO - Processing file /home/airflow/.local/lib/python3.7/site-packages/airflow/example_dags/example_dag_decorator.py for tasks to queue
[2024-03-30T06:31:20.151+0000] {logging_mixin.py:149} INFO - [2024-03-30T06:31:20.151+0000] {dagbag.py:541} INFO - Filling up the DagBag from /home/airflow/.local/lib/python3.7/site-packages/airflow/example_dags/example_dag_decorator.py
[2024-03-30T06:31:20.158+0000] {logging_mixin.py:149} INFO - [2024-03-30T06:31:20.157+0000] {taskmixin.py:211} WARNING - Dependency <Task(_PythonDecoratedOperator): prepare_email>, send_email already registered for DAG: example_dag_decorator
[2024-03-30T06:31:20.158+0000] {logging_mixin.py:149} INFO - [2024-03-30T06:31:20.158+0000] {taskmixin.py:211} WARNING - Dependency <Task(EmailOperator): send_email>, prepare_email already registered for DAG: example_dag_decorator
[2024-03-30T06:31:20.165+0000] {processor.py:836} INFO - DAG(s) dict_keys(['example_dag_decorator']) retrieved from /home/airflow/.local/lib/python3.7/site-packages/airflow/example_dags/example_dag_decorator.py
[2024-03-30T06:31:20.255+0000] {logging_mixin.py:149} INFO - [2024-03-30T06:31:20.255+0000] {dag.py:2726} INFO - Sync 1 DAGs
[2024-03-30T06:31:20.278+0000] {logging_mixin.py:149} INFO - [2024-03-30T06:31:20.278+0000] {dag.py:3490} INFO - Setting next_dagrun for example_dag_decorator to None, run_after=None
[2024-03-30T06:31:20.332+0000] {processor.py:179} INFO - Processing /home/airflow/.local/lib/python3.7/site-packages/airflow/example_dags/example_dag_decorator.py took 0.185 seconds
[2024-03-30T08:20:55.171+0000] {processor.py:157} INFO - Started process (PID=47) to work on /home/airflow/.local/lib/python3.7/site-packages/airflow/example_dags/example_dag_decorator.py
[2024-03-30T08:20:55.172+0000] {processor.py:826} INFO - Processing file /home/airflow/.local/lib/python3.7/site-packages/airflow/example_dags/example_dag_decorator.py for tasks to queue
[2024-03-30T08:20:55.173+0000] {logging_mixin.py:149} INFO - [2024-03-30T08:20:55.173+0000] {dagbag.py:541} INFO - Filling up the DagBag from /home/airflow/.local/lib/python3.7/site-packages/airflow/example_dags/example_dag_decorator.py
[2024-03-30T08:20:55.182+0000] {logging_mixin.py:149} INFO - [2024-03-30T08:20:55.182+0000] {taskmixin.py:211} WARNING - Dependency <Task(_PythonDecoratedOperator): prepare_email>, send_email already registered for DAG: example_dag_decorator
[2024-03-30T08:20:55.182+0000] {logging_mixin.py:149} INFO - [2024-03-30T08:20:55.182+0000] {taskmixin.py:211} WARNING - Dependency <Task(EmailOperator): send_email>, prepare_email already registered for DAG: example_dag_decorator
[2024-03-30T08:20:55.191+0000] {processor.py:836} INFO - DAG(s) dict_keys(['example_dag_decorator']) retrieved from /home/airflow/.local/lib/python3.7/site-packages/airflow/example_dags/example_dag_decorator.py
[2024-03-30T08:20:55.292+0000] {logging_mixin.py:149} INFO - [2024-03-30T08:20:55.292+0000] {dag.py:2726} INFO - Sync 1 DAGs
[2024-03-30T08:20:55.323+0000] {logging_mixin.py:149} INFO - [2024-03-30T08:20:55.323+0000] {dag.py:3490} INFO - Setting next_dagrun for example_dag_decorator to None, run_after=None
[2024-03-30T08:20:55.368+0000] {processor.py:179} INFO - Processing /home/airflow/.local/lib/python3.7/site-packages/airflow/example_dags/example_dag_decorator.py took 0.200 seconds
[2024-03-30T08:21:25.838+0000] {processor.py:157} INFO - Started process (PID=108) to work on /home/airflow/.local/lib/python3.7/site-packages/airflow/example_dags/example_dag_decorator.py
[2024-03-30T08:21:25.838+0000] {processor.py:826} INFO - Processing file /home/airflow/.local/lib/python3.7/site-packages/airflow/example_dags/example_dag_decorator.py for tasks to queue
[2024-03-30T08:21:25.839+0000] {logging_mixin.py:149} INFO - [2024-03-30T08:21:25.839+0000] {dagbag.py:541} INFO - Filling up the DagBag from /home/airflow/.local/lib/python3.7/site-packages/airflow/example_dags/example_dag_decorator.py
[2024-03-30T08:21:25.844+0000] {logging_mixin.py:149} INFO - [2024-03-30T08:21:25.843+0000] {taskmixin.py:211} WARNING - Dependency <Task(_PythonDecoratedOperator): prepare_email>, send_email already registered for DAG: example_dag_decorator
[2024-03-30T08:21:25.844+0000] {logging_mixin.py:149} INFO - [2024-03-30T08:21:25.844+0000] {taskmixin.py:211} WARNING - Dependency <Task(EmailOperator): send_email>, prepare_email already registered for DAG: example_dag_decorator
[2024-03-30T08:21:25.851+0000] {processor.py:836} INFO - DAG(s) dict_keys(['example_dag_decorator']) retrieved from /home/airflow/.local/lib/python3.7/site-packages/airflow/example_dags/example_dag_decorator.py
[2024-03-30T08:21:25.946+0000] {logging_mixin.py:149} INFO - [2024-03-30T08:21:25.946+0000] {dag.py:2726} INFO - Sync 1 DAGs
[2024-03-30T08:21:26.027+0000] {logging_mixin.py:149} INFO - [2024-03-30T08:21:26.027+0000] {dag.py:3490} INFO - Setting next_dagrun for example_dag_decorator to None, run_after=None
[2024-03-30T08:21:26.184+0000] {processor.py:179} INFO - Processing /home/airflow/.local/lib/python3.7/site-packages/airflow/example_dags/example_dag_decorator.py took 0.349 seconds
[2024-03-30T08:21:56.642+0000] {processor.py:157} INFO - Started process (PID=170) to work on /home/airflow/.local/lib/python3.7/site-packages/airflow/example_dags/example_dag_decorator.py
[2024-03-30T08:21:56.644+0000] {processor.py:826} INFO - Processing file /home/airflow/.local/lib/python3.7/site-packages/airflow/example_dags/example_dag_decorator.py for tasks to queue
[2024-03-30T08:21:56.644+0000] {logging_mixin.py:149} INFO - [2024-03-30T08:21:56.644+0000] {dagbag.py:541} INFO - Filling up the DagBag from /home/airflow/.local/lib/python3.7/site-packages/airflow/example_dags/example_dag_decorator.py
[2024-03-30T08:21:56.650+0000] {logging_mixin.py:149} INFO - [2024-03-30T08:21:56.650+0000] {taskmixin.py:211} WARNING - Dependency <Task(_PythonDecoratedOperator): prepare_email>, send_email already registered for DAG: example_dag_decorator
[2024-03-30T08:21:56.650+0000] {logging_mixin.py:149} INFO - [2024-03-30T08:21:56.650+0000] {taskmixin.py:211} WARNING - Dependency <Task(EmailOperator): send_email>, prepare_email already registered for DAG: example_dag_decorator
[2024-03-30T08:21:56.659+0000] {processor.py:836} INFO - DAG(s) dict_keys(['example_dag_decorator']) retrieved from /home/airflow/.local/lib/python3.7/site-packages/airflow/example_dags/example_dag_decorator.py
[2024-03-30T08:21:56.845+0000] {logging_mixin.py:149} INFO - [2024-03-30T08:21:56.845+0000] {dag.py:2726} INFO - Sync 1 DAGs
[2024-03-30T08:21:56.868+0000] {logging_mixin.py:149} INFO - [2024-03-30T08:21:56.868+0000] {dag.py:3490} INFO - Setting next_dagrun for example_dag_decorator to None, run_after=None
[2024-03-30T08:21:56.913+0000] {processor.py:179} INFO - Processing /home/airflow/.local/lib/python3.7/site-packages/airflow/example_dags/example_dag_decorator.py took 0.274 seconds
[2024-03-30T08:22:27.656+0000] {processor.py:157} INFO - Started process (PID=231) to work on /home/airflow/.local/lib/python3.7/site-packages/airflow/example_dags/example_dag_decorator.py
[2024-03-30T08:22:27.657+0000] {processor.py:826} INFO - Processing file /home/airflow/.local/lib/python3.7/site-packages/airflow/example_dags/example_dag_decorator.py for tasks to queue
[2024-03-30T08:22:27.657+0000] {logging_mixin.py:149} INFO - [2024-03-30T08:22:27.657+0000] {dagbag.py:541} INFO - Filling up the DagBag from /home/airflow/.local/lib/python3.7/site-packages/airflow/example_dags/example_dag_decorator.py
[2024-03-30T08:22:27.666+0000] {logging_mixin.py:149} INFO - [2024-03-30T08:22:27.666+0000] {taskmixin.py:211} WARNING - Dependency <Task(_PythonDecoratedOperator): prepare_email>, send_email already registered for DAG: example_dag_decorator
[2024-03-30T08:22:27.666+0000] {logging_mixin.py:149} INFO - [2024-03-30T08:22:27.666+0000] {taskmixin.py:211} WARNING - Dependency <Task(EmailOperator): send_email>, prepare_email already registered for DAG: example_dag_decorator
[2024-03-30T08:22:27.673+0000] {processor.py:836} INFO - DAG(s) dict_keys(['example_dag_decorator']) retrieved from /home/airflow/.local/lib/python3.7/site-packages/airflow/example_dags/example_dag_decorator.py
[2024-03-30T08:22:27.772+0000] {logging_mixin.py:149} INFO - [2024-03-30T08:22:27.772+0000] {dag.py:2726} INFO - Sync 1 DAGs
[2024-03-30T08:22:27.805+0000] {logging_mixin.py:149} INFO - [2024-03-30T08:22:27.805+0000] {dag.py:3490} INFO - Setting next_dagrun for example_dag_decorator to None, run_after=None
[2024-03-30T08:22:27.857+0000] {processor.py:179} INFO - Processing /home/airflow/.local/lib/python3.7/site-packages/airflow/example_dags/example_dag_decorator.py took 0.205 seconds
[2024-03-30T08:22:58.088+0000] {processor.py:157} INFO - Started process (PID=292) to work on /home/airflow/.local/lib/python3.7/site-packages/airflow/example_dags/example_dag_decorator.py
[2024-03-30T08:22:58.089+0000] {processor.py:826} INFO - Processing file /home/airflow/.local/lib/python3.7/site-packages/airflow/example_dags/example_dag_decorator.py for tasks to queue
[2024-03-30T08:22:58.090+0000] {logging_mixin.py:149} INFO - [2024-03-30T08:22:58.090+0000] {dagbag.py:541} INFO - Filling up the DagBag from /home/airflow/.local/lib/python3.7/site-packages/airflow/example_dags/example_dag_decorator.py
[2024-03-30T08:22:58.101+0000] {logging_mixin.py:149} INFO - [2024-03-30T08:22:58.101+0000] {taskmixin.py:211} WARNING - Dependency <Task(_PythonDecoratedOperator): prepare_email>, send_email already registered for DAG: example_dag_decorator
[2024-03-30T08:22:58.101+0000] {logging_mixin.py:149} INFO - [2024-03-30T08:22:58.101+0000] {taskmixin.py:211} WARNING - Dependency <Task(EmailOperator): send_email>, prepare_email already registered for DAG: example_dag_decorator
[2024-03-30T08:22:58.112+0000] {processor.py:836} INFO - DAG(s) dict_keys(['example_dag_decorator']) retrieved from /home/airflow/.local/lib/python3.7/site-packages/airflow/example_dags/example_dag_decorator.py
[2024-03-30T08:22:58.206+0000] {logging_mixin.py:149} INFO - [2024-03-30T08:22:58.205+0000] {dag.py:2726} INFO - Sync 1 DAGs
[2024-03-30T08:22:58.237+0000] {logging_mixin.py:149} INFO - [2024-03-30T08:22:58.237+0000] {dag.py:3490} INFO - Setting next_dagrun for example_dag_decorator to None, run_after=None
[2024-03-30T08:22:58.296+0000] {processor.py:179} INFO - Processing /home/airflow/.local/lib/python3.7/site-packages/airflow/example_dags/example_dag_decorator.py took 0.212 seconds
[2024-03-30T08:23:28.776+0000] {processor.py:157} INFO - Started process (PID=352) to work on /home/airflow/.local/lib/python3.7/site-packages/airflow/example_dags/example_dag_decorator.py
[2024-03-30T08:23:28.778+0000] {processor.py:826} INFO - Processing file /home/airflow/.local/lib/python3.7/site-packages/airflow/example_dags/example_dag_decorator.py for tasks to queue
[2024-03-30T08:23:28.779+0000] {logging_mixin.py:149} INFO - [2024-03-30T08:23:28.779+0000] {dagbag.py:541} INFO - Filling up the DagBag from /home/airflow/.local/lib/python3.7/site-packages/airflow/example_dags/example_dag_decorator.py
[2024-03-30T08:23:28.786+0000] {logging_mixin.py:149} INFO - [2024-03-30T08:23:28.786+0000] {taskmixin.py:211} WARNING - Dependency <Task(_PythonDecoratedOperator): prepare_email>, send_email already registered for DAG: example_dag_decorator
[2024-03-30T08:23:28.786+0000] {logging_mixin.py:149} INFO - [2024-03-30T08:23:28.786+0000] {taskmixin.py:211} WARNING - Dependency <Task(EmailOperator): send_email>, prepare_email already registered for DAG: example_dag_decorator
[2024-03-30T08:23:28.796+0000] {processor.py:836} INFO - DAG(s) dict_keys(['example_dag_decorator']) retrieved from /home/airflow/.local/lib/python3.7/site-packages/airflow/example_dags/example_dag_decorator.py
[2024-03-30T08:23:28.893+0000] {logging_mixin.py:149} INFO - [2024-03-30T08:23:28.893+0000] {dag.py:2726} INFO - Sync 1 DAGs
[2024-03-30T08:23:28.924+0000] {logging_mixin.py:149} INFO - [2024-03-30T08:23:28.924+0000] {dag.py:3490} INFO - Setting next_dagrun for example_dag_decorator to None, run_after=None
[2024-03-30T08:23:28.988+0000] {processor.py:179} INFO - Processing /home/airflow/.local/lib/python3.7/site-packages/airflow/example_dags/example_dag_decorator.py took 0.217 seconds
[2024-03-30T08:23:59.037+0000] {processor.py:157} INFO - Started process (PID=412) to work on /home/airflow/.local/lib/python3.7/site-packages/airflow/example_dags/example_dag_decorator.py
[2024-03-30T08:23:59.039+0000] {processor.py:826} INFO - Processing file /home/airflow/.local/lib/python3.7/site-packages/airflow/example_dags/example_dag_decorator.py for tasks to queue
[2024-03-30T08:23:59.040+0000] {logging_mixin.py:149} INFO - [2024-03-30T08:23:59.040+0000] {dagbag.py:541} INFO - Filling up the DagBag from /home/airflow/.local/lib/python3.7/site-packages/airflow/example_dags/example_dag_decorator.py
[2024-03-30T08:23:59.048+0000] {logging_mixin.py:149} INFO - [2024-03-30T08:23:59.048+0000] {taskmixin.py:211} WARNING - Dependency <Task(_PythonDecoratedOperator): prepare_email>, send_email already registered for DAG: example_dag_decorator
[2024-03-30T08:23:59.049+0000] {logging_mixin.py:149} INFO - [2024-03-30T08:23:59.049+0000] {taskmixin.py:211} WARNING - Dependency <Task(EmailOperator): send_email>, prepare_email already registered for DAG: example_dag_decorator
[2024-03-30T08:23:59.061+0000] {processor.py:836} INFO - DAG(s) dict_keys(['example_dag_decorator']) retrieved from /home/airflow/.local/lib/python3.7/site-packages/airflow/example_dags/example_dag_decorator.py
[2024-03-30T08:23:59.163+0000] {logging_mixin.py:149} INFO - [2024-03-30T08:23:59.163+0000] {dag.py:2726} INFO - Sync 1 DAGs
[2024-03-30T08:23:59.188+0000] {logging_mixin.py:149} INFO - [2024-03-30T08:23:59.188+0000] {dag.py:3490} INFO - Setting next_dagrun for example_dag_decorator to None, run_after=None
[2024-03-30T08:23:59.231+0000] {processor.py:179} INFO - Processing /home/airflow/.local/lib/python3.7/site-packages/airflow/example_dags/example_dag_decorator.py took 0.198 seconds
[2024-03-30T08:24:29.374+0000] {processor.py:157} INFO - Started process (PID=473) to work on /home/airflow/.local/lib/python3.7/site-packages/airflow/example_dags/example_dag_decorator.py
[2024-03-30T08:24:29.375+0000] {processor.py:826} INFO - Processing file /home/airflow/.local/lib/python3.7/site-packages/airflow/example_dags/example_dag_decorator.py for tasks to queue
[2024-03-30T08:24:29.376+0000] {logging_mixin.py:149} INFO - [2024-03-30T08:24:29.375+0000] {dagbag.py:541} INFO - Filling up the DagBag from /home/airflow/.local/lib/python3.7/site-packages/airflow/example_dags/example_dag_decorator.py
[2024-03-30T08:24:29.382+0000] {logging_mixin.py:149} INFO - [2024-03-30T08:24:29.382+0000] {taskmixin.py:211} WARNING - Dependency <Task(_PythonDecoratedOperator): prepare_email>, send_email already registered for DAG: example_dag_decorator
[2024-03-30T08:24:29.382+0000] {logging_mixin.py:149} INFO - [2024-03-30T08:24:29.382+0000] {taskmixin.py:211} WARNING - Dependency <Task(EmailOperator): send_email>, prepare_email already registered for DAG: example_dag_decorator
[2024-03-30T08:24:29.392+0000] {processor.py:836} INFO - DAG(s) dict_keys(['example_dag_decorator']) retrieved from /home/airflow/.local/lib/python3.7/site-packages/airflow/example_dags/example_dag_decorator.py
[2024-03-30T08:24:29.495+0000] {logging_mixin.py:149} INFO - [2024-03-30T08:24:29.495+0000] {dag.py:2726} INFO - Sync 1 DAGs
[2024-03-30T08:24:29.527+0000] {logging_mixin.py:149} INFO - [2024-03-30T08:24:29.527+0000] {dag.py:3490} INFO - Setting next_dagrun for example_dag_decorator to None, run_after=None
[2024-03-30T08:24:29.575+0000] {processor.py:179} INFO - Processing /home/airflow/.local/lib/python3.7/site-packages/airflow/example_dags/example_dag_decorator.py took 0.204 seconds
[2024-03-30T08:24:59.820+0000] {processor.py:157} INFO - Started process (PID=534) to work on /home/airflow/.local/lib/python3.7/site-packages/airflow/example_dags/example_dag_decorator.py
[2024-03-30T08:24:59.821+0000] {processor.py:826} INFO - Processing file /home/airflow/.local/lib/python3.7/site-packages/airflow/example_dags/example_dag_decorator.py for tasks to queue
[2024-03-30T08:24:59.822+0000] {logging_mixin.py:149} INFO - [2024-03-30T08:24:59.822+0000] {dagbag.py:541} INFO - Filling up the DagBag from /home/airflow/.local/lib/python3.7/site-packages/airflow/example_dags/example_dag_decorator.py
[2024-03-30T08:24:59.829+0000] {logging_mixin.py:149} INFO - [2024-03-30T08:24:59.829+0000] {taskmixin.py:211} WARNING - Dependency <Task(_PythonDecoratedOperator): prepare_email>, send_email already registered for DAG: example_dag_decorator
[2024-03-30T08:24:59.830+0000] {logging_mixin.py:149} INFO - [2024-03-30T08:24:59.829+0000] {taskmixin.py:211} WARNING - Dependency <Task(EmailOperator): send_email>, prepare_email already registered for DAG: example_dag_decorator
[2024-03-30T08:24:59.839+0000] {processor.py:836} INFO - DAG(s) dict_keys(['example_dag_decorator']) retrieved from /home/airflow/.local/lib/python3.7/site-packages/airflow/example_dags/example_dag_decorator.py
[2024-03-30T08:24:59.963+0000] {logging_mixin.py:149} INFO - [2024-03-30T08:24:59.962+0000] {dag.py:2726} INFO - Sync 1 DAGs
[2024-03-30T08:24:59.996+0000] {logging_mixin.py:149} INFO - [2024-03-30T08:24:59.995+0000] {dag.py:3490} INFO - Setting next_dagrun for example_dag_decorator to None, run_after=None
[2024-03-30T08:25:00.067+0000] {processor.py:179} INFO - Processing /home/airflow/.local/lib/python3.7/site-packages/airflow/example_dags/example_dag_decorator.py took 0.249 seconds
[2024-03-30T08:25:30.185+0000] {processor.py:157} INFO - Started process (PID=595) to work on /home/airflow/.local/lib/python3.7/site-packages/airflow/example_dags/example_dag_decorator.py
[2024-03-30T08:25:30.186+0000] {processor.py:826} INFO - Processing file /home/airflow/.local/lib/python3.7/site-packages/airflow/example_dags/example_dag_decorator.py for tasks to queue
[2024-03-30T08:25:30.187+0000] {logging_mixin.py:149} INFO - [2024-03-30T08:25:30.187+0000] {dagbag.py:541} INFO - Filling up the DagBag from /home/airflow/.local/lib/python3.7/site-packages/airflow/example_dags/example_dag_decorator.py
[2024-03-30T08:25:30.194+0000] {logging_mixin.py:149} INFO - [2024-03-30T08:25:30.193+0000] {taskmixin.py:211} WARNING - Dependency <Task(_PythonDecoratedOperator): prepare_email>, send_email already registered for DAG: example_dag_decorator
[2024-03-30T08:25:30.194+0000] {logging_mixin.py:149} INFO - [2024-03-30T08:25:30.194+0000] {taskmixin.py:211} WARNING - Dependency <Task(EmailOperator): send_email>, prepare_email already registered for DAG: example_dag_decorator
[2024-03-30T08:25:30.202+0000] {processor.py:836} INFO - DAG(s) dict_keys(['example_dag_decorator']) retrieved from /home/airflow/.local/lib/python3.7/site-packages/airflow/example_dags/example_dag_decorator.py
[2024-03-30T08:25:30.292+0000] {logging_mixin.py:149} INFO - [2024-03-30T08:25:30.292+0000] {dag.py:2726} INFO - Sync 1 DAGs
[2024-03-30T08:25:30.317+0000] {logging_mixin.py:149} INFO - [2024-03-30T08:25:30.317+0000] {dag.py:3490} INFO - Setting next_dagrun for example_dag_decorator to None, run_after=None
[2024-03-30T08:25:30.402+0000] {processor.py:179} INFO - Processing /home/airflow/.local/lib/python3.7/site-packages/airflow/example_dags/example_dag_decorator.py took 0.220 seconds
[2024-03-30T08:26:00.662+0000] {processor.py:157} INFO - Started process (PID=657) to work on /home/airflow/.local/lib/python3.7/site-packages/airflow/example_dags/example_dag_decorator.py
[2024-03-30T08:26:00.663+0000] {processor.py:826} INFO - Processing file /home/airflow/.local/lib/python3.7/site-packages/airflow/example_dags/example_dag_decorator.py for tasks to queue
[2024-03-30T08:26:00.664+0000] {logging_mixin.py:149} INFO - [2024-03-30T08:26:00.664+0000] {dagbag.py:541} INFO - Filling up the DagBag from /home/airflow/.local/lib/python3.7/site-packages/airflow/example_dags/example_dag_decorator.py
[2024-03-30T08:26:00.670+0000] {logging_mixin.py:149} INFO - [2024-03-30T08:26:00.670+0000] {taskmixin.py:211} WARNING - Dependency <Task(_PythonDecoratedOperator): prepare_email>, send_email already registered for DAG: example_dag_decorator
[2024-03-30T08:26:00.671+0000] {logging_mixin.py:149} INFO - [2024-03-30T08:26:00.671+0000] {taskmixin.py:211} WARNING - Dependency <Task(EmailOperator): send_email>, prepare_email already registered for DAG: example_dag_decorator
[2024-03-30T08:26:00.679+0000] {processor.py:836} INFO - DAG(s) dict_keys(['example_dag_decorator']) retrieved from /home/airflow/.local/lib/python3.7/site-packages/airflow/example_dags/example_dag_decorator.py
[2024-03-30T08:26:00.766+0000] {logging_mixin.py:149} INFO - [2024-03-30T08:26:00.766+0000] {dag.py:2726} INFO - Sync 1 DAGs
[2024-03-30T08:26:00.845+0000] {logging_mixin.py:149} INFO - [2024-03-30T08:26:00.845+0000] {dag.py:3490} INFO - Setting next_dagrun for example_dag_decorator to None, run_after=None
[2024-03-30T08:26:00.894+0000] {processor.py:179} INFO - Processing /home/airflow/.local/lib/python3.7/site-packages/airflow/example_dags/example_dag_decorator.py took 0.234 seconds
[2024-03-30T08:26:30.969+0000] {processor.py:157} INFO - Started process (PID=718) to work on /home/airflow/.local/lib/python3.7/site-packages/airflow/example_dags/example_dag_decorator.py
[2024-03-30T08:26:30.970+0000] {processor.py:826} INFO - Processing file /home/airflow/.local/lib/python3.7/site-packages/airflow/example_dags/example_dag_decorator.py for tasks to queue
[2024-03-30T08:26:30.971+0000] {logging_mixin.py:149} INFO - [2024-03-30T08:26:30.971+0000] {dagbag.py:541} INFO - Filling up the DagBag from /home/airflow/.local/lib/python3.7/site-packages/airflow/example_dags/example_dag_decorator.py
[2024-03-30T08:26:30.977+0000] {logging_mixin.py:149} INFO - [2024-03-30T08:26:30.977+0000] {taskmixin.py:211} WARNING - Dependency <Task(_PythonDecoratedOperator): prepare_email>, send_email already registered for DAG: example_dag_decorator
[2024-03-30T08:26:30.977+0000] {logging_mixin.py:149} INFO - [2024-03-30T08:26:30.977+0000] {taskmixin.py:211} WARNING - Dependency <Task(EmailOperator): send_email>, prepare_email already registered for DAG: example_dag_decorator
[2024-03-30T08:26:30.984+0000] {processor.py:836} INFO - DAG(s) dict_keys(['example_dag_decorator']) retrieved from /home/airflow/.local/lib/python3.7/site-packages/airflow/example_dags/example_dag_decorator.py
[2024-03-30T08:26:31.075+0000] {logging_mixin.py:149} INFO - [2024-03-30T08:26:31.074+0000] {dag.py:2726} INFO - Sync 1 DAGs
[2024-03-30T08:26:31.102+0000] {logging_mixin.py:149} INFO - [2024-03-30T08:26:31.102+0000] {dag.py:3490} INFO - Setting next_dagrun for example_dag_decorator to None, run_after=None
[2024-03-30T08:26:31.148+0000] {processor.py:179} INFO - Processing /home/airflow/.local/lib/python3.7/site-packages/airflow/example_dags/example_dag_decorator.py took 0.181 seconds
[2024-03-30T08:27:01.218+0000] {processor.py:157} INFO - Started process (PID=779) to work on /home/airflow/.local/lib/python3.7/site-packages/airflow/example_dags/example_dag_decorator.py
[2024-03-30T08:27:01.219+0000] {processor.py:826} INFO - Processing file /home/airflow/.local/lib/python3.7/site-packages/airflow/example_dags/example_dag_decorator.py for tasks to queue
[2024-03-30T08:27:01.219+0000] {logging_mixin.py:149} INFO - [2024-03-30T08:27:01.219+0000] {dagbag.py:541} INFO - Filling up the DagBag from /home/airflow/.local/lib/python3.7/site-packages/airflow/example_dags/example_dag_decorator.py
[2024-03-30T08:27:01.227+0000] {logging_mixin.py:149} INFO - [2024-03-30T08:27:01.227+0000] {taskmixin.py:211} WARNING - Dependency <Task(_PythonDecoratedOperator): prepare_email>, send_email already registered for DAG: example_dag_decorator
[2024-03-30T08:27:01.227+0000] {logging_mixin.py:149} INFO - [2024-03-30T08:27:01.227+0000] {taskmixin.py:211} WARNING - Dependency <Task(EmailOperator): send_email>, prepare_email already registered for DAG: example_dag_decorator
[2024-03-30T08:27:01.235+0000] {processor.py:836} INFO - DAG(s) dict_keys(['example_dag_decorator']) retrieved from /home/airflow/.local/lib/python3.7/site-packages/airflow/example_dags/example_dag_decorator.py
[2024-03-30T08:27:01.322+0000] {logging_mixin.py:149} INFO - [2024-03-30T08:27:01.322+0000] {dag.py:2726} INFO - Sync 1 DAGs
[2024-03-30T08:27:01.411+0000] {logging_mixin.py:149} INFO - [2024-03-30T08:27:01.411+0000] {dag.py:3490} INFO - Setting next_dagrun for example_dag_decorator to None, run_after=None
[2024-03-30T08:27:01.459+0000] {processor.py:179} INFO - Processing /home/airflow/.local/lib/python3.7/site-packages/airflow/example_dags/example_dag_decorator.py took 0.245 seconds
[2024-03-30T08:27:31.564+0000] {processor.py:157} INFO - Started process (PID=839) to work on /home/airflow/.local/lib/python3.7/site-packages/airflow/example_dags/example_dag_decorator.py
[2024-03-30T08:27:31.565+0000] {processor.py:826} INFO - Processing file /home/airflow/.local/lib/python3.7/site-packages/airflow/example_dags/example_dag_decorator.py for tasks to queue
[2024-03-30T08:27:31.565+0000] {logging_mixin.py:149} INFO - [2024-03-30T08:27:31.565+0000] {dagbag.py:541} INFO - Filling up the DagBag from /home/airflow/.local/lib/python3.7/site-packages/airflow/example_dags/example_dag_decorator.py
[2024-03-30T08:27:31.572+0000] {logging_mixin.py:149} INFO - [2024-03-30T08:27:31.572+0000] {taskmixin.py:211} WARNING - Dependency <Task(_PythonDecoratedOperator): prepare_email>, send_email already registered for DAG: example_dag_decorator
[2024-03-30T08:27:31.572+0000] {logging_mixin.py:149} INFO - [2024-03-30T08:27:31.572+0000] {taskmixin.py:211} WARNING - Dependency <Task(EmailOperator): send_email>, prepare_email already registered for DAG: example_dag_decorator
[2024-03-30T08:27:31.581+0000] {processor.py:836} INFO - DAG(s) dict_keys(['example_dag_decorator']) retrieved from /home/airflow/.local/lib/python3.7/site-packages/airflow/example_dags/example_dag_decorator.py
[2024-03-30T08:27:31.687+0000] {logging_mixin.py:149} INFO - [2024-03-30T08:27:31.687+0000] {dag.py:2726} INFO - Sync 1 DAGs
[2024-03-30T08:27:31.774+0000] {logging_mixin.py:149} INFO - [2024-03-30T08:27:31.774+0000] {dag.py:3490} INFO - Setting next_dagrun for example_dag_decorator to None, run_after=None
[2024-03-30T08:27:31.825+0000] {processor.py:179} INFO - Processing /home/airflow/.local/lib/python3.7/site-packages/airflow/example_dags/example_dag_decorator.py took 0.265 seconds
[2024-03-30T08:28:01.854+0000] {processor.py:157} INFO - Started process (PID=900) to work on /home/airflow/.local/lib/python3.7/site-packages/airflow/example_dags/example_dag_decorator.py
[2024-03-30T08:28:01.855+0000] {processor.py:826} INFO - Processing file /home/airflow/.local/lib/python3.7/site-packages/airflow/example_dags/example_dag_decorator.py for tasks to queue
[2024-03-30T08:28:01.856+0000] {logging_mixin.py:149} INFO - [2024-03-30T08:28:01.856+0000] {dagbag.py:541} INFO - Filling up the DagBag from /home/airflow/.local/lib/python3.7/site-packages/airflow/example_dags/example_dag_decorator.py
[2024-03-30T08:28:01.864+0000] {logging_mixin.py:149} INFO - [2024-03-30T08:28:01.864+0000] {taskmixin.py:211} WARNING - Dependency <Task(_PythonDecoratedOperator): prepare_email>, send_email already registered for DAG: example_dag_decorator
[2024-03-30T08:28:01.864+0000] {logging_mixin.py:149} INFO - [2024-03-30T08:28:01.864+0000] {taskmixin.py:211} WARNING - Dependency <Task(EmailOperator): send_email>, prepare_email already registered for DAG: example_dag_decorator
[2024-03-30T08:28:01.871+0000] {processor.py:836} INFO - DAG(s) dict_keys(['example_dag_decorator']) retrieved from /home/airflow/.local/lib/python3.7/site-packages/airflow/example_dags/example_dag_decorator.py
[2024-03-30T08:28:01.976+0000] {logging_mixin.py:149} INFO - [2024-03-30T08:28:01.975+0000] {dag.py:2726} INFO - Sync 1 DAGs
[2024-03-30T08:28:02.007+0000] {logging_mixin.py:149} INFO - [2024-03-30T08:28:02.007+0000] {dag.py:3490} INFO - Setting next_dagrun for example_dag_decorator to None, run_after=None
[2024-03-30T08:28:02.052+0000] {processor.py:179} INFO - Processing /home/airflow/.local/lib/python3.7/site-packages/airflow/example_dags/example_dag_decorator.py took 0.202 seconds
[2024-03-30T08:28:32.470+0000] {processor.py:157} INFO - Started process (PID=961) to work on /home/airflow/.local/lib/python3.7/site-packages/airflow/example_dags/example_dag_decorator.py
[2024-03-30T08:28:32.471+0000] {processor.py:826} INFO - Processing file /home/airflow/.local/lib/python3.7/site-packages/airflow/example_dags/example_dag_decorator.py for tasks to queue
[2024-03-30T08:28:32.471+0000] {logging_mixin.py:149} INFO - [2024-03-30T08:28:32.471+0000] {dagbag.py:541} INFO - Filling up the DagBag from /home/airflow/.local/lib/python3.7/site-packages/airflow/example_dags/example_dag_decorator.py
[2024-03-30T08:28:32.479+0000] {logging_mixin.py:149} INFO - [2024-03-30T08:28:32.478+0000] {taskmixin.py:211} WARNING - Dependency <Task(_PythonDecoratedOperator): prepare_email>, send_email already registered for DAG: example_dag_decorator
[2024-03-30T08:28:32.479+0000] {logging_mixin.py:149} INFO - [2024-03-30T08:28:32.479+0000] {taskmixin.py:211} WARNING - Dependency <Task(EmailOperator): send_email>, prepare_email already registered for DAG: example_dag_decorator
[2024-03-30T08:28:32.487+0000] {processor.py:836} INFO - DAG(s) dict_keys(['example_dag_decorator']) retrieved from /home/airflow/.local/lib/python3.7/site-packages/airflow/example_dags/example_dag_decorator.py
[2024-03-30T08:28:32.586+0000] {logging_mixin.py:149} INFO - [2024-03-30T08:28:32.586+0000] {dag.py:2726} INFO - Sync 1 DAGs
[2024-03-30T08:28:32.618+0000] {logging_mixin.py:149} INFO - [2024-03-30T08:28:32.618+0000] {dag.py:3490} INFO - Setting next_dagrun for example_dag_decorator to None, run_after=None
[2024-03-30T08:28:32.662+0000] {processor.py:179} INFO - Processing /home/airflow/.local/lib/python3.7/site-packages/airflow/example_dags/example_dag_decorator.py took 0.195 seconds
