[2024-03-30T06:15:35.306+0000] {processor.py:157} INFO - Started process (PID=62) to work on /home/airflow/.local/lib/python3.7/site-packages/airflow/example_dags/example_latest_only.py
[2024-03-30T06:15:35.307+0000] {processor.py:826} INFO - Processing file /home/airflow/.local/lib/python3.7/site-packages/airflow/example_dags/example_latest_only.py for tasks to queue
[2024-03-30T06:15:35.307+0000] {logging_mixin.py:149} INFO - [2024-03-30T06:15:35.307+0000] {dagbag.py:541} INFO - Filling up the DagBag from /home/airflow/.local/lib/python3.7/site-packages/airflow/example_dags/example_latest_only.py
[2024-03-30T06:15:35.316+0000] {processor.py:836} INFO - DAG(s) dict_keys(['latest_only']) retrieved from /home/airflow/.local/lib/python3.7/site-packages/airflow/example_dags/example_latest_only.py
[2024-03-30T06:15:35.345+0000] {logging_mixin.py:149} INFO - [2024-03-30T06:15:35.345+0000] {dag.py:2726} INFO - Sync 1 DAGs
[2024-03-30T06:15:35.373+0000] {logging_mixin.py:149} INFO - [2024-03-30T06:15:35.373+0000] {dag.py:3490} INFO - Setting next_dagrun for latest_only to 2024-03-30T02:15:35.373323+00:00, run_after=2024-03-30T06:15:35.373323+00:00
[2024-03-30T06:15:35.417+0000] {processor.py:179} INFO - Processing /home/airflow/.local/lib/python3.7/site-packages/airflow/example_dags/example_latest_only.py took 0.114 seconds
[2024-03-30T06:16:05.745+0000] {processor.py:157} INFO - Started process (PID=121) to work on /home/airflow/.local/lib/python3.7/site-packages/airflow/example_dags/example_latest_only.py
[2024-03-30T06:16:05.745+0000] {processor.py:826} INFO - Processing file /home/airflow/.local/lib/python3.7/site-packages/airflow/example_dags/example_latest_only.py for tasks to queue
[2024-03-30T06:16:05.746+0000] {logging_mixin.py:149} INFO - [2024-03-30T06:16:05.746+0000] {dagbag.py:541} INFO - Filling up the DagBag from /home/airflow/.local/lib/python3.7/site-packages/airflow/example_dags/example_latest_only.py
[2024-03-30T06:16:05.751+0000] {processor.py:836} INFO - DAG(s) dict_keys(['latest_only']) retrieved from /home/airflow/.local/lib/python3.7/site-packages/airflow/example_dags/example_latest_only.py
[2024-03-30T06:16:05.790+0000] {logging_mixin.py:149} INFO - [2024-03-30T06:16:05.790+0000] {dag.py:2726} INFO - Sync 1 DAGs
[2024-03-30T06:16:05.814+0000] {logging_mixin.py:149} INFO - [2024-03-30T06:16:05.814+0000] {dag.py:3490} INFO - Setting next_dagrun for latest_only to 2024-03-30T02:16:05.814505+00:00, run_after=2024-03-30T06:16:05.814505+00:00
[2024-03-30T06:16:05.847+0000] {processor.py:179} INFO - Processing /home/airflow/.local/lib/python3.7/site-packages/airflow/example_dags/example_latest_only.py took 0.105 seconds
[2024-03-30T06:16:36.527+0000] {processor.py:157} INFO - Started process (PID=181) to work on /home/airflow/.local/lib/python3.7/site-packages/airflow/example_dags/example_latest_only.py
[2024-03-30T06:16:36.528+0000] {processor.py:826} INFO - Processing file /home/airflow/.local/lib/python3.7/site-packages/airflow/example_dags/example_latest_only.py for tasks to queue
[2024-03-30T06:16:36.528+0000] {logging_mixin.py:149} INFO - [2024-03-30T06:16:36.528+0000] {dagbag.py:541} INFO - Filling up the DagBag from /home/airflow/.local/lib/python3.7/site-packages/airflow/example_dags/example_latest_only.py
[2024-03-30T06:16:36.533+0000] {processor.py:836} INFO - DAG(s) dict_keys(['latest_only']) retrieved from /home/airflow/.local/lib/python3.7/site-packages/airflow/example_dags/example_latest_only.py
[2024-03-30T06:16:36.567+0000] {logging_mixin.py:149} INFO - [2024-03-30T06:16:36.566+0000] {dag.py:2726} INFO - Sync 1 DAGs
[2024-03-30T06:16:36.592+0000] {logging_mixin.py:149} INFO - [2024-03-30T06:16:36.592+0000] {dag.py:3490} INFO - Setting next_dagrun for latest_only to 2024-03-30T02:16:36.592529+00:00, run_after=2024-03-30T06:16:36.592529+00:00
[2024-03-30T06:16:36.624+0000] {processor.py:179} INFO - Processing /home/airflow/.local/lib/python3.7/site-packages/airflow/example_dags/example_latest_only.py took 0.100 seconds
[2024-03-30T06:17:06.896+0000] {processor.py:157} INFO - Started process (PID=241) to work on /home/airflow/.local/lib/python3.7/site-packages/airflow/example_dags/example_latest_only.py
[2024-03-30T06:17:06.896+0000] {processor.py:826} INFO - Processing file /home/airflow/.local/lib/python3.7/site-packages/airflow/example_dags/example_latest_only.py for tasks to queue
[2024-03-30T06:17:06.897+0000] {logging_mixin.py:149} INFO - [2024-03-30T06:17:06.897+0000] {dagbag.py:541} INFO - Filling up the DagBag from /home/airflow/.local/lib/python3.7/site-packages/airflow/example_dags/example_latest_only.py
[2024-03-30T06:17:06.902+0000] {processor.py:836} INFO - DAG(s) dict_keys(['latest_only']) retrieved from /home/airflow/.local/lib/python3.7/site-packages/airflow/example_dags/example_latest_only.py
[2024-03-30T06:17:06.938+0000] {logging_mixin.py:149} INFO - [2024-03-30T06:17:06.938+0000] {dag.py:2726} INFO - Sync 1 DAGs
[2024-03-30T06:17:06.964+0000] {logging_mixin.py:149} INFO - [2024-03-30T06:17:06.964+0000] {dag.py:3490} INFO - Setting next_dagrun for latest_only to 2024-03-30T02:17:06.964525+00:00, run_after=2024-03-30T06:17:06.964525+00:00
[2024-03-30T06:17:06.998+0000] {processor.py:179} INFO - Processing /home/airflow/.local/lib/python3.7/site-packages/airflow/example_dags/example_latest_only.py took 0.105 seconds
[2024-03-30T06:17:37.096+0000] {processor.py:157} INFO - Started process (PID=301) to work on /home/airflow/.local/lib/python3.7/site-packages/airflow/example_dags/example_latest_only.py
[2024-03-30T06:17:37.097+0000] {processor.py:826} INFO - Processing file /home/airflow/.local/lib/python3.7/site-packages/airflow/example_dags/example_latest_only.py for tasks to queue
[2024-03-30T06:17:37.097+0000] {logging_mixin.py:149} INFO - [2024-03-30T06:17:37.097+0000] {dagbag.py:541} INFO - Filling up the DagBag from /home/airflow/.local/lib/python3.7/site-packages/airflow/example_dags/example_latest_only.py
[2024-03-30T06:17:37.103+0000] {processor.py:836} INFO - DAG(s) dict_keys(['latest_only']) retrieved from /home/airflow/.local/lib/python3.7/site-packages/airflow/example_dags/example_latest_only.py
[2024-03-30T06:17:37.139+0000] {logging_mixin.py:149} INFO - [2024-03-30T06:17:37.139+0000] {dag.py:2726} INFO - Sync 1 DAGs
[2024-03-30T06:17:37.160+0000] {logging_mixin.py:149} INFO - [2024-03-30T06:17:37.160+0000] {dag.py:3490} INFO - Setting next_dagrun for latest_only to 2024-03-30T02:17:37.160395+00:00, run_after=2024-03-30T06:17:37.160395+00:00
[2024-03-30T06:17:37.192+0000] {processor.py:179} INFO - Processing /home/airflow/.local/lib/python3.7/site-packages/airflow/example_dags/example_latest_only.py took 0.099 seconds
[2024-03-30T06:18:07.448+0000] {processor.py:157} INFO - Started process (PID=361) to work on /home/airflow/.local/lib/python3.7/site-packages/airflow/example_dags/example_latest_only.py
[2024-03-30T06:18:07.448+0000] {processor.py:826} INFO - Processing file /home/airflow/.local/lib/python3.7/site-packages/airflow/example_dags/example_latest_only.py for tasks to queue
[2024-03-30T06:18:07.449+0000] {logging_mixin.py:149} INFO - [2024-03-30T06:18:07.449+0000] {dagbag.py:541} INFO - Filling up the DagBag from /home/airflow/.local/lib/python3.7/site-packages/airflow/example_dags/example_latest_only.py
[2024-03-30T06:18:07.454+0000] {processor.py:836} INFO - DAG(s) dict_keys(['latest_only']) retrieved from /home/airflow/.local/lib/python3.7/site-packages/airflow/example_dags/example_latest_only.py
[2024-03-30T06:18:07.491+0000] {logging_mixin.py:149} INFO - [2024-03-30T06:18:07.491+0000] {dag.py:2726} INFO - Sync 1 DAGs
[2024-03-30T06:18:07.524+0000] {logging_mixin.py:149} INFO - [2024-03-30T06:18:07.523+0000] {dag.py:3490} INFO - Setting next_dagrun for latest_only to 2024-03-30T02:18:07.523625+00:00, run_after=2024-03-30T06:18:07.523625+00:00
[2024-03-30T06:18:07.565+0000] {processor.py:179} INFO - Processing /home/airflow/.local/lib/python3.7/site-packages/airflow/example_dags/example_latest_only.py took 0.120 seconds
[2024-03-30T06:18:38.289+0000] {processor.py:157} INFO - Started process (PID=422) to work on /home/airflow/.local/lib/python3.7/site-packages/airflow/example_dags/example_latest_only.py
[2024-03-30T06:18:38.290+0000] {processor.py:826} INFO - Processing file /home/airflow/.local/lib/python3.7/site-packages/airflow/example_dags/example_latest_only.py for tasks to queue
[2024-03-30T06:18:38.291+0000] {logging_mixin.py:149} INFO - [2024-03-30T06:18:38.291+0000] {dagbag.py:541} INFO - Filling up the DagBag from /home/airflow/.local/lib/python3.7/site-packages/airflow/example_dags/example_latest_only.py
[2024-03-30T06:18:38.296+0000] {processor.py:836} INFO - DAG(s) dict_keys(['latest_only']) retrieved from /home/airflow/.local/lib/python3.7/site-packages/airflow/example_dags/example_latest_only.py
[2024-03-30T06:18:38.338+0000] {logging_mixin.py:149} INFO - [2024-03-30T06:18:38.338+0000] {dag.py:2726} INFO - Sync 1 DAGs
[2024-03-30T06:18:38.369+0000] {logging_mixin.py:149} INFO - [2024-03-30T06:18:38.369+0000] {dag.py:3490} INFO - Setting next_dagrun for latest_only to 2024-03-30T02:18:38.369027+00:00, run_after=2024-03-30T06:18:38.369027+00:00
[2024-03-30T06:18:38.406+0000] {processor.py:179} INFO - Processing /home/airflow/.local/lib/python3.7/site-packages/airflow/example_dags/example_latest_only.py took 0.120 seconds
[2024-03-30T06:19:08.432+0000] {processor.py:157} INFO - Started process (PID=482) to work on /home/airflow/.local/lib/python3.7/site-packages/airflow/example_dags/example_latest_only.py
[2024-03-30T06:19:08.433+0000] {processor.py:826} INFO - Processing file /home/airflow/.local/lib/python3.7/site-packages/airflow/example_dags/example_latest_only.py for tasks to queue
[2024-03-30T06:19:08.434+0000] {logging_mixin.py:149} INFO - [2024-03-30T06:19:08.434+0000] {dagbag.py:541} INFO - Filling up the DagBag from /home/airflow/.local/lib/python3.7/site-packages/airflow/example_dags/example_latest_only.py
[2024-03-30T06:19:08.440+0000] {processor.py:836} INFO - DAG(s) dict_keys(['latest_only']) retrieved from /home/airflow/.local/lib/python3.7/site-packages/airflow/example_dags/example_latest_only.py
[2024-03-30T06:19:08.476+0000] {logging_mixin.py:149} INFO - [2024-03-30T06:19:08.476+0000] {dag.py:2726} INFO - Sync 1 DAGs
[2024-03-30T06:19:08.502+0000] {logging_mixin.py:149} INFO - [2024-03-30T06:19:08.502+0000] {dag.py:3490} INFO - Setting next_dagrun for latest_only to 2024-03-30T02:19:08.501733+00:00, run_after=2024-03-30T06:19:08.501733+00:00
[2024-03-30T06:19:08.538+0000] {processor.py:179} INFO - Processing /home/airflow/.local/lib/python3.7/site-packages/airflow/example_dags/example_latest_only.py took 0.109 seconds
[2024-03-30T06:19:39.714+0000] {processor.py:157} INFO - Started process (PID=542) to work on /home/airflow/.local/lib/python3.7/site-packages/airflow/example_dags/example_latest_only.py
[2024-03-30T06:19:39.716+0000] {processor.py:826} INFO - Processing file /home/airflow/.local/lib/python3.7/site-packages/airflow/example_dags/example_latest_only.py for tasks to queue
[2024-03-30T06:19:39.718+0000] {logging_mixin.py:149} INFO - [2024-03-30T06:19:39.717+0000] {dagbag.py:541} INFO - Filling up the DagBag from /home/airflow/.local/lib/python3.7/site-packages/airflow/example_dags/example_latest_only.py
[2024-03-30T06:19:39.725+0000] {processor.py:836} INFO - DAG(s) dict_keys(['latest_only']) retrieved from /home/airflow/.local/lib/python3.7/site-packages/airflow/example_dags/example_latest_only.py
[2024-03-30T06:19:39.767+0000] {logging_mixin.py:149} INFO - [2024-03-30T06:19:39.767+0000] {dag.py:2726} INFO - Sync 1 DAGs
[2024-03-30T06:19:39.795+0000] {logging_mixin.py:149} INFO - [2024-03-30T06:19:39.794+0000] {dag.py:3490} INFO - Setting next_dagrun for latest_only to 2024-03-30T02:19:39.794746+00:00, run_after=2024-03-30T06:19:39.794746+00:00
[2024-03-30T06:19:39.831+0000] {processor.py:179} INFO - Processing /home/airflow/.local/lib/python3.7/site-packages/airflow/example_dags/example_latest_only.py took 0.120 seconds
[2024-03-30T06:20:10.686+0000] {processor.py:157} INFO - Started process (PID=602) to work on /home/airflow/.local/lib/python3.7/site-packages/airflow/example_dags/example_latest_only.py
[2024-03-30T06:20:10.686+0000] {processor.py:826} INFO - Processing file /home/airflow/.local/lib/python3.7/site-packages/airflow/example_dags/example_latest_only.py for tasks to queue
[2024-03-30T06:20:10.687+0000] {logging_mixin.py:149} INFO - [2024-03-30T06:20:10.687+0000] {dagbag.py:541} INFO - Filling up the DagBag from /home/airflow/.local/lib/python3.7/site-packages/airflow/example_dags/example_latest_only.py
[2024-03-30T06:20:10.694+0000] {processor.py:836} INFO - DAG(s) dict_keys(['latest_only']) retrieved from /home/airflow/.local/lib/python3.7/site-packages/airflow/example_dags/example_latest_only.py
[2024-03-30T06:20:10.728+0000] {logging_mixin.py:149} INFO - [2024-03-30T06:20:10.728+0000] {dag.py:2726} INFO - Sync 1 DAGs
[2024-03-30T06:20:10.752+0000] {logging_mixin.py:149} INFO - [2024-03-30T06:20:10.752+0000] {dag.py:3490} INFO - Setting next_dagrun for latest_only to 2024-03-30T02:20:10.752247+00:00, run_after=2024-03-30T06:20:10.752247+00:00
[2024-03-30T06:20:10.789+0000] {processor.py:179} INFO - Processing /home/airflow/.local/lib/python3.7/site-packages/airflow/example_dags/example_latest_only.py took 0.107 seconds
[2024-03-30T06:20:41.309+0000] {processor.py:157} INFO - Started process (PID=664) to work on /home/airflow/.local/lib/python3.7/site-packages/airflow/example_dags/example_latest_only.py
[2024-03-30T06:20:41.310+0000] {processor.py:826} INFO - Processing file /home/airflow/.local/lib/python3.7/site-packages/airflow/example_dags/example_latest_only.py for tasks to queue
[2024-03-30T06:20:41.310+0000] {logging_mixin.py:149} INFO - [2024-03-30T06:20:41.310+0000] {dagbag.py:541} INFO - Filling up the DagBag from /home/airflow/.local/lib/python3.7/site-packages/airflow/example_dags/example_latest_only.py
[2024-03-30T06:20:41.316+0000] {processor.py:836} INFO - DAG(s) dict_keys(['latest_only']) retrieved from /home/airflow/.local/lib/python3.7/site-packages/airflow/example_dags/example_latest_only.py
[2024-03-30T06:20:41.353+0000] {logging_mixin.py:149} INFO - [2024-03-30T06:20:41.353+0000] {dag.py:2726} INFO - Sync 1 DAGs
[2024-03-30T06:20:41.381+0000] {logging_mixin.py:149} INFO - [2024-03-30T06:20:41.381+0000] {dag.py:3490} INFO - Setting next_dagrun for latest_only to 2024-03-30T02:20:41.381530+00:00, run_after=2024-03-30T06:20:41.381530+00:00
[2024-03-30T06:20:41.417+0000] {processor.py:179} INFO - Processing /home/airflow/.local/lib/python3.7/site-packages/airflow/example_dags/example_latest_only.py took 0.111 seconds
[2024-03-30T06:21:12.112+0000] {processor.py:157} INFO - Started process (PID=725) to work on /home/airflow/.local/lib/python3.7/site-packages/airflow/example_dags/example_latest_only.py
[2024-03-30T06:21:12.113+0000] {processor.py:826} INFO - Processing file /home/airflow/.local/lib/python3.7/site-packages/airflow/example_dags/example_latest_only.py for tasks to queue
[2024-03-30T06:21:12.113+0000] {logging_mixin.py:149} INFO - [2024-03-30T06:21:12.113+0000] {dagbag.py:541} INFO - Filling up the DagBag from /home/airflow/.local/lib/python3.7/site-packages/airflow/example_dags/example_latest_only.py
[2024-03-30T06:21:12.119+0000] {processor.py:836} INFO - DAG(s) dict_keys(['latest_only']) retrieved from /home/airflow/.local/lib/python3.7/site-packages/airflow/example_dags/example_latest_only.py
[2024-03-30T06:21:12.155+0000] {logging_mixin.py:149} INFO - [2024-03-30T06:21:12.155+0000] {dag.py:2726} INFO - Sync 1 DAGs
[2024-03-30T06:21:12.179+0000] {logging_mixin.py:149} INFO - [2024-03-30T06:21:12.179+0000] {dag.py:3490} INFO - Setting next_dagrun for latest_only to 2024-03-30T02:21:12.179521+00:00, run_after=2024-03-30T06:21:12.179521+00:00
[2024-03-30T06:21:12.212+0000] {processor.py:179} INFO - Processing /home/airflow/.local/lib/python3.7/site-packages/airflow/example_dags/example_latest_only.py took 0.102 seconds
[2024-03-30T06:21:43.287+0000] {processor.py:157} INFO - Started process (PID=786) to work on /home/airflow/.local/lib/python3.7/site-packages/airflow/example_dags/example_latest_only.py
[2024-03-30T06:21:43.288+0000] {processor.py:826} INFO - Processing file /home/airflow/.local/lib/python3.7/site-packages/airflow/example_dags/example_latest_only.py for tasks to queue
[2024-03-30T06:21:43.289+0000] {logging_mixin.py:149} INFO - [2024-03-30T06:21:43.288+0000] {dagbag.py:541} INFO - Filling up the DagBag from /home/airflow/.local/lib/python3.7/site-packages/airflow/example_dags/example_latest_only.py
[2024-03-30T06:21:43.293+0000] {processor.py:836} INFO - DAG(s) dict_keys(['latest_only']) retrieved from /home/airflow/.local/lib/python3.7/site-packages/airflow/example_dags/example_latest_only.py
[2024-03-30T06:21:43.328+0000] {logging_mixin.py:149} INFO - [2024-03-30T06:21:43.327+0000] {dag.py:2726} INFO - Sync 1 DAGs
[2024-03-30T06:21:43.353+0000] {logging_mixin.py:149} INFO - [2024-03-30T06:21:43.353+0000] {dag.py:3490} INFO - Setting next_dagrun for latest_only to 2024-03-30T02:21:43.353464+00:00, run_after=2024-03-30T06:21:43.353464+00:00
[2024-03-30T06:21:43.385+0000] {processor.py:179} INFO - Processing /home/airflow/.local/lib/python3.7/site-packages/airflow/example_dags/example_latest_only.py took 0.101 seconds
[2024-03-30T06:22:14.095+0000] {processor.py:157} INFO - Started process (PID=847) to work on /home/airflow/.local/lib/python3.7/site-packages/airflow/example_dags/example_latest_only.py
[2024-03-30T06:22:14.095+0000] {processor.py:826} INFO - Processing file /home/airflow/.local/lib/python3.7/site-packages/airflow/example_dags/example_latest_only.py for tasks to queue
[2024-03-30T06:22:14.096+0000] {logging_mixin.py:149} INFO - [2024-03-30T06:22:14.096+0000] {dagbag.py:541} INFO - Filling up the DagBag from /home/airflow/.local/lib/python3.7/site-packages/airflow/example_dags/example_latest_only.py
[2024-03-30T06:22:14.102+0000] {processor.py:836} INFO - DAG(s) dict_keys(['latest_only']) retrieved from /home/airflow/.local/lib/python3.7/site-packages/airflow/example_dags/example_latest_only.py
[2024-03-30T06:22:14.143+0000] {logging_mixin.py:149} INFO - [2024-03-30T06:22:14.143+0000] {dag.py:2726} INFO - Sync 1 DAGs
[2024-03-30T06:22:14.170+0000] {logging_mixin.py:149} INFO - [2024-03-30T06:22:14.170+0000] {dag.py:3490} INFO - Setting next_dagrun for latest_only to 2024-03-30T02:22:14.170373+00:00, run_after=2024-03-30T06:22:14.170373+00:00
[2024-03-30T06:22:14.205+0000] {processor.py:179} INFO - Processing /home/airflow/.local/lib/python3.7/site-packages/airflow/example_dags/example_latest_only.py took 0.113 seconds
[2024-03-30T06:22:44.545+0000] {processor.py:157} INFO - Started process (PID=908) to work on /home/airflow/.local/lib/python3.7/site-packages/airflow/example_dags/example_latest_only.py
[2024-03-30T06:22:44.546+0000] {processor.py:826} INFO - Processing file /home/airflow/.local/lib/python3.7/site-packages/airflow/example_dags/example_latest_only.py for tasks to queue
[2024-03-30T06:22:44.547+0000] {logging_mixin.py:149} INFO - [2024-03-30T06:22:44.547+0000] {dagbag.py:541} INFO - Filling up the DagBag from /home/airflow/.local/lib/python3.7/site-packages/airflow/example_dags/example_latest_only.py
[2024-03-30T06:22:44.551+0000] {processor.py:836} INFO - DAG(s) dict_keys(['latest_only']) retrieved from /home/airflow/.local/lib/python3.7/site-packages/airflow/example_dags/example_latest_only.py
[2024-03-30T06:22:44.590+0000] {logging_mixin.py:149} INFO - [2024-03-30T06:22:44.590+0000] {dag.py:2726} INFO - Sync 1 DAGs
[2024-03-30T06:22:44.617+0000] {logging_mixin.py:149} INFO - [2024-03-30T06:22:44.617+0000] {dag.py:3490} INFO - Setting next_dagrun for latest_only to 2024-03-30T02:22:44.616995+00:00, run_after=2024-03-30T06:22:44.616995+00:00
[2024-03-30T06:22:44.655+0000] {processor.py:179} INFO - Processing /home/airflow/.local/lib/python3.7/site-packages/airflow/example_dags/example_latest_only.py took 0.113 seconds
[2024-03-30T06:23:14.949+0000] {processor.py:157} INFO - Started process (PID=969) to work on /home/airflow/.local/lib/python3.7/site-packages/airflow/example_dags/example_latest_only.py
[2024-03-30T06:23:14.950+0000] {processor.py:826} INFO - Processing file /home/airflow/.local/lib/python3.7/site-packages/airflow/example_dags/example_latest_only.py for tasks to queue
[2024-03-30T06:23:14.950+0000] {logging_mixin.py:149} INFO - [2024-03-30T06:23:14.950+0000] {dagbag.py:541} INFO - Filling up the DagBag from /home/airflow/.local/lib/python3.7/site-packages/airflow/example_dags/example_latest_only.py
[2024-03-30T06:23:14.955+0000] {processor.py:836} INFO - DAG(s) dict_keys(['latest_only']) retrieved from /home/airflow/.local/lib/python3.7/site-packages/airflow/example_dags/example_latest_only.py
[2024-03-30T06:23:14.989+0000] {logging_mixin.py:149} INFO - [2024-03-30T06:23:14.989+0000] {dag.py:2726} INFO - Sync 1 DAGs
[2024-03-30T06:23:15.013+0000] {logging_mixin.py:149} INFO - [2024-03-30T06:23:15.012+0000] {dag.py:3490} INFO - Setting next_dagrun for latest_only to 2024-03-30T02:23:15.012788+00:00, run_after=2024-03-30T06:23:15.012788+00:00
[2024-03-30T06:23:15.047+0000] {processor.py:179} INFO - Processing /home/airflow/.local/lib/python3.7/site-packages/airflow/example_dags/example_latest_only.py took 0.101 seconds
[2024-03-30T06:23:46.259+0000] {processor.py:157} INFO - Started process (PID=1030) to work on /home/airflow/.local/lib/python3.7/site-packages/airflow/example_dags/example_latest_only.py
[2024-03-30T06:23:46.260+0000] {processor.py:826} INFO - Processing file /home/airflow/.local/lib/python3.7/site-packages/airflow/example_dags/example_latest_only.py for tasks to queue
[2024-03-30T06:23:46.261+0000] {logging_mixin.py:149} INFO - [2024-03-30T06:23:46.261+0000] {dagbag.py:541} INFO - Filling up the DagBag from /home/airflow/.local/lib/python3.7/site-packages/airflow/example_dags/example_latest_only.py
[2024-03-30T06:23:46.266+0000] {processor.py:836} INFO - DAG(s) dict_keys(['latest_only']) retrieved from /home/airflow/.local/lib/python3.7/site-packages/airflow/example_dags/example_latest_only.py
[2024-03-30T06:23:46.302+0000] {logging_mixin.py:149} INFO - [2024-03-30T06:23:46.301+0000] {dag.py:2726} INFO - Sync 1 DAGs
[2024-03-30T06:23:46.327+0000] {logging_mixin.py:149} INFO - [2024-03-30T06:23:46.327+0000] {dag.py:3490} INFO - Setting next_dagrun for latest_only to 2024-03-30T02:23:46.326728+00:00, run_after=2024-03-30T06:23:46.326728+00:00
[2024-03-30T06:23:46.359+0000] {processor.py:179} INFO - Processing /home/airflow/.local/lib/python3.7/site-packages/airflow/example_dags/example_latest_only.py took 0.103 seconds
[2024-03-30T06:24:16.739+0000] {processor.py:157} INFO - Started process (PID=1091) to work on /home/airflow/.local/lib/python3.7/site-packages/airflow/example_dags/example_latest_only.py
[2024-03-30T06:24:16.740+0000] {processor.py:826} INFO - Processing file /home/airflow/.local/lib/python3.7/site-packages/airflow/example_dags/example_latest_only.py for tasks to queue
[2024-03-30T06:24:16.740+0000] {logging_mixin.py:149} INFO - [2024-03-30T06:24:16.740+0000] {dagbag.py:541} INFO - Filling up the DagBag from /home/airflow/.local/lib/python3.7/site-packages/airflow/example_dags/example_latest_only.py
[2024-03-30T06:24:16.745+0000] {processor.py:836} INFO - DAG(s) dict_keys(['latest_only']) retrieved from /home/airflow/.local/lib/python3.7/site-packages/airflow/example_dags/example_latest_only.py
[2024-03-30T06:24:16.780+0000] {logging_mixin.py:149} INFO - [2024-03-30T06:24:16.780+0000] {dag.py:2726} INFO - Sync 1 DAGs
[2024-03-30T06:24:16.804+0000] {logging_mixin.py:149} INFO - [2024-03-30T06:24:16.803+0000] {dag.py:3490} INFO - Setting next_dagrun for latest_only to 2024-03-30T02:24:16.803719+00:00, run_after=2024-03-30T06:24:16.803719+00:00
[2024-03-30T06:24:16.837+0000] {processor.py:179} INFO - Processing /home/airflow/.local/lib/python3.7/site-packages/airflow/example_dags/example_latest_only.py took 0.101 seconds
[2024-03-30T06:24:47.086+0000] {processor.py:157} INFO - Started process (PID=1152) to work on /home/airflow/.local/lib/python3.7/site-packages/airflow/example_dags/example_latest_only.py
[2024-03-30T06:24:47.087+0000] {processor.py:826} INFO - Processing file /home/airflow/.local/lib/python3.7/site-packages/airflow/example_dags/example_latest_only.py for tasks to queue
[2024-03-30T06:24:47.087+0000] {logging_mixin.py:149} INFO - [2024-03-30T06:24:47.087+0000] {dagbag.py:541} INFO - Filling up the DagBag from /home/airflow/.local/lib/python3.7/site-packages/airflow/example_dags/example_latest_only.py
[2024-03-30T06:24:47.093+0000] {processor.py:836} INFO - DAG(s) dict_keys(['latest_only']) retrieved from /home/airflow/.local/lib/python3.7/site-packages/airflow/example_dags/example_latest_only.py
[2024-03-30T06:24:47.128+0000] {logging_mixin.py:149} INFO - [2024-03-30T06:24:47.128+0000] {dag.py:2726} INFO - Sync 1 DAGs
[2024-03-30T06:24:47.152+0000] {logging_mixin.py:149} INFO - [2024-03-30T06:24:47.152+0000] {dag.py:3490} INFO - Setting next_dagrun for latest_only to 2024-03-30T02:24:47.152194+00:00, run_after=2024-03-30T06:24:47.152194+00:00
[2024-03-30T06:24:47.186+0000] {processor.py:179} INFO - Processing /home/airflow/.local/lib/python3.7/site-packages/airflow/example_dags/example_latest_only.py took 0.103 seconds
[2024-03-30T06:25:17.548+0000] {processor.py:157} INFO - Started process (PID=1213) to work on /home/airflow/.local/lib/python3.7/site-packages/airflow/example_dags/example_latest_only.py
[2024-03-30T06:25:17.549+0000] {processor.py:826} INFO - Processing file /home/airflow/.local/lib/python3.7/site-packages/airflow/example_dags/example_latest_only.py for tasks to queue
[2024-03-30T06:25:17.549+0000] {logging_mixin.py:149} INFO - [2024-03-30T06:25:17.549+0000] {dagbag.py:541} INFO - Filling up the DagBag from /home/airflow/.local/lib/python3.7/site-packages/airflow/example_dags/example_latest_only.py
[2024-03-30T06:25:17.555+0000] {processor.py:836} INFO - DAG(s) dict_keys(['latest_only']) retrieved from /home/airflow/.local/lib/python3.7/site-packages/airflow/example_dags/example_latest_only.py
[2024-03-30T06:25:17.587+0000] {logging_mixin.py:149} INFO - [2024-03-30T06:25:17.587+0000] {dag.py:2726} INFO - Sync 1 DAGs
[2024-03-30T06:25:17.611+0000] {logging_mixin.py:149} INFO - [2024-03-30T06:25:17.611+0000] {dag.py:3490} INFO - Setting next_dagrun for latest_only to 2024-03-30T02:25:17.611603+00:00, run_after=2024-03-30T06:25:17.611603+00:00
[2024-03-30T06:25:17.646+0000] {processor.py:179} INFO - Processing /home/airflow/.local/lib/python3.7/site-packages/airflow/example_dags/example_latest_only.py took 0.102 seconds
[2024-03-30T06:25:47.852+0000] {processor.py:157} INFO - Started process (PID=1274) to work on /home/airflow/.local/lib/python3.7/site-packages/airflow/example_dags/example_latest_only.py
[2024-03-30T06:25:47.853+0000] {processor.py:826} INFO - Processing file /home/airflow/.local/lib/python3.7/site-packages/airflow/example_dags/example_latest_only.py for tasks to queue
[2024-03-30T06:25:47.854+0000] {logging_mixin.py:149} INFO - [2024-03-30T06:25:47.854+0000] {dagbag.py:541} INFO - Filling up the DagBag from /home/airflow/.local/lib/python3.7/site-packages/airflow/example_dags/example_latest_only.py
[2024-03-30T06:25:47.859+0000] {processor.py:836} INFO - DAG(s) dict_keys(['latest_only']) retrieved from /home/airflow/.local/lib/python3.7/site-packages/airflow/example_dags/example_latest_only.py
[2024-03-30T06:25:47.891+0000] {logging_mixin.py:149} INFO - [2024-03-30T06:25:47.891+0000] {dag.py:2726} INFO - Sync 1 DAGs
[2024-03-30T06:25:47.914+0000] {logging_mixin.py:149} INFO - [2024-03-30T06:25:47.914+0000] {dag.py:3490} INFO - Setting next_dagrun for latest_only to 2024-03-30T02:25:47.914499+00:00, run_after=2024-03-30T06:25:47.914499+00:00
[2024-03-30T06:25:47.948+0000] {processor.py:179} INFO - Processing /home/airflow/.local/lib/python3.7/site-packages/airflow/example_dags/example_latest_only.py took 0.098 seconds
[2024-03-30T06:26:18.739+0000] {processor.py:157} INFO - Started process (PID=1335) to work on /home/airflow/.local/lib/python3.7/site-packages/airflow/example_dags/example_latest_only.py
[2024-03-30T06:26:18.740+0000] {processor.py:826} INFO - Processing file /home/airflow/.local/lib/python3.7/site-packages/airflow/example_dags/example_latest_only.py for tasks to queue
[2024-03-30T06:26:18.740+0000] {logging_mixin.py:149} INFO - [2024-03-30T06:26:18.740+0000] {dagbag.py:541} INFO - Filling up the DagBag from /home/airflow/.local/lib/python3.7/site-packages/airflow/example_dags/example_latest_only.py
[2024-03-30T06:26:18.745+0000] {processor.py:836} INFO - DAG(s) dict_keys(['latest_only']) retrieved from /home/airflow/.local/lib/python3.7/site-packages/airflow/example_dags/example_latest_only.py
[2024-03-30T06:26:18.782+0000] {logging_mixin.py:149} INFO - [2024-03-30T06:26:18.782+0000] {dag.py:2726} INFO - Sync 1 DAGs
[2024-03-30T06:26:18.807+0000] {logging_mixin.py:149} INFO - [2024-03-30T06:26:18.807+0000] {dag.py:3490} INFO - Setting next_dagrun for latest_only to 2024-03-30T02:26:18.807497+00:00, run_after=2024-03-30T06:26:18.807497+00:00
[2024-03-30T06:26:18.840+0000] {processor.py:179} INFO - Processing /home/airflow/.local/lib/python3.7/site-packages/airflow/example_dags/example_latest_only.py took 0.104 seconds
[2024-03-30T06:26:49.713+0000] {processor.py:157} INFO - Started process (PID=1397) to work on /home/airflow/.local/lib/python3.7/site-packages/airflow/example_dags/example_latest_only.py
[2024-03-30T06:26:49.714+0000] {processor.py:826} INFO - Processing file /home/airflow/.local/lib/python3.7/site-packages/airflow/example_dags/example_latest_only.py for tasks to queue
[2024-03-30T06:26:49.714+0000] {logging_mixin.py:149} INFO - [2024-03-30T06:26:49.714+0000] {dagbag.py:541} INFO - Filling up the DagBag from /home/airflow/.local/lib/python3.7/site-packages/airflow/example_dags/example_latest_only.py
[2024-03-30T06:26:49.719+0000] {processor.py:836} INFO - DAG(s) dict_keys(['latest_only']) retrieved from /home/airflow/.local/lib/python3.7/site-packages/airflow/example_dags/example_latest_only.py
[2024-03-30T06:26:49.752+0000] {logging_mixin.py:149} INFO - [2024-03-30T06:26:49.752+0000] {dag.py:2726} INFO - Sync 1 DAGs
[2024-03-30T06:26:49.775+0000] {logging_mixin.py:149} INFO - [2024-03-30T06:26:49.775+0000] {dag.py:3490} INFO - Setting next_dagrun for latest_only to 2024-03-30T02:26:49.775285+00:00, run_after=2024-03-30T06:26:49.775285+00:00
[2024-03-30T06:26:49.807+0000] {processor.py:179} INFO - Processing /home/airflow/.local/lib/python3.7/site-packages/airflow/example_dags/example_latest_only.py took 0.097 seconds
[2024-03-30T06:27:20.181+0000] {processor.py:157} INFO - Started process (PID=1458) to work on /home/airflow/.local/lib/python3.7/site-packages/airflow/example_dags/example_latest_only.py
[2024-03-30T06:27:20.182+0000] {processor.py:826} INFO - Processing file /home/airflow/.local/lib/python3.7/site-packages/airflow/example_dags/example_latest_only.py for tasks to queue
[2024-03-30T06:27:20.182+0000] {logging_mixin.py:149} INFO - [2024-03-30T06:27:20.182+0000] {dagbag.py:541} INFO - Filling up the DagBag from /home/airflow/.local/lib/python3.7/site-packages/airflow/example_dags/example_latest_only.py
[2024-03-30T06:27:20.187+0000] {processor.py:836} INFO - DAG(s) dict_keys(['latest_only']) retrieved from /home/airflow/.local/lib/python3.7/site-packages/airflow/example_dags/example_latest_only.py
[2024-03-30T06:27:20.221+0000] {logging_mixin.py:149} INFO - [2024-03-30T06:27:20.221+0000] {dag.py:2726} INFO - Sync 1 DAGs
[2024-03-30T06:27:20.245+0000] {logging_mixin.py:149} INFO - [2024-03-30T06:27:20.245+0000] {dag.py:3490} INFO - Setting next_dagrun for latest_only to 2024-03-30T02:27:20.245367+00:00, run_after=2024-03-30T06:27:20.245367+00:00
[2024-03-30T06:27:20.279+0000] {processor.py:179} INFO - Processing /home/airflow/.local/lib/python3.7/site-packages/airflow/example_dags/example_latest_only.py took 0.101 seconds
[2024-03-30T06:27:50.971+0000] {processor.py:157} INFO - Started process (PID=1520) to work on /home/airflow/.local/lib/python3.7/site-packages/airflow/example_dags/example_latest_only.py
[2024-03-30T06:27:50.972+0000] {processor.py:826} INFO - Processing file /home/airflow/.local/lib/python3.7/site-packages/airflow/example_dags/example_latest_only.py for tasks to queue
[2024-03-30T06:27:50.973+0000] {logging_mixin.py:149} INFO - [2024-03-30T06:27:50.973+0000] {dagbag.py:541} INFO - Filling up the DagBag from /home/airflow/.local/lib/python3.7/site-packages/airflow/example_dags/example_latest_only.py
[2024-03-30T06:27:50.986+0000] {processor.py:836} INFO - DAG(s) dict_keys(['latest_only']) retrieved from /home/airflow/.local/lib/python3.7/site-packages/airflow/example_dags/example_latest_only.py
[2024-03-30T06:27:51.044+0000] {logging_mixin.py:149} INFO - [2024-03-30T06:27:51.044+0000] {dag.py:2726} INFO - Sync 1 DAGs
[2024-03-30T06:27:51.088+0000] {logging_mixin.py:149} INFO - [2024-03-30T06:27:51.088+0000] {dag.py:3490} INFO - Setting next_dagrun for latest_only to 2024-03-30T02:27:51.087758+00:00, run_after=2024-03-30T06:27:51.087758+00:00
[2024-03-30T06:27:51.129+0000] {processor.py:179} INFO - Processing /home/airflow/.local/lib/python3.7/site-packages/airflow/example_dags/example_latest_only.py took 0.161 seconds
[2024-03-30T06:28:21.866+0000] {processor.py:157} INFO - Started process (PID=1581) to work on /home/airflow/.local/lib/python3.7/site-packages/airflow/example_dags/example_latest_only.py
[2024-03-30T06:28:21.866+0000] {processor.py:826} INFO - Processing file /home/airflow/.local/lib/python3.7/site-packages/airflow/example_dags/example_latest_only.py for tasks to queue
[2024-03-30T06:28:21.867+0000] {logging_mixin.py:149} INFO - [2024-03-30T06:28:21.867+0000] {dagbag.py:541} INFO - Filling up the DagBag from /home/airflow/.local/lib/python3.7/site-packages/airflow/example_dags/example_latest_only.py
[2024-03-30T06:28:21.872+0000] {processor.py:836} INFO - DAG(s) dict_keys(['latest_only']) retrieved from /home/airflow/.local/lib/python3.7/site-packages/airflow/example_dags/example_latest_only.py
[2024-03-30T06:28:21.914+0000] {logging_mixin.py:149} INFO - [2024-03-30T06:28:21.914+0000] {dag.py:2726} INFO - Sync 1 DAGs
[2024-03-30T06:28:21.943+0000] {logging_mixin.py:149} INFO - [2024-03-30T06:28:21.943+0000] {dag.py:3490} INFO - Setting next_dagrun for latest_only to 2024-03-30T02:28:21.943213+00:00, run_after=2024-03-30T06:28:21.943213+00:00
[2024-03-30T06:28:21.983+0000] {processor.py:179} INFO - Processing /home/airflow/.local/lib/python3.7/site-packages/airflow/example_dags/example_latest_only.py took 0.122 seconds
[2024-03-30T06:28:52.522+0000] {processor.py:157} INFO - Started process (PID=1642) to work on /home/airflow/.local/lib/python3.7/site-packages/airflow/example_dags/example_latest_only.py
[2024-03-30T06:28:52.523+0000] {processor.py:826} INFO - Processing file /home/airflow/.local/lib/python3.7/site-packages/airflow/example_dags/example_latest_only.py for tasks to queue
[2024-03-30T06:28:52.524+0000] {logging_mixin.py:149} INFO - [2024-03-30T06:28:52.524+0000] {dagbag.py:541} INFO - Filling up the DagBag from /home/airflow/.local/lib/python3.7/site-packages/airflow/example_dags/example_latest_only.py
[2024-03-30T06:28:52.530+0000] {processor.py:836} INFO - DAG(s) dict_keys(['latest_only']) retrieved from /home/airflow/.local/lib/python3.7/site-packages/airflow/example_dags/example_latest_only.py
[2024-03-30T06:28:52.566+0000] {logging_mixin.py:149} INFO - [2024-03-30T06:28:52.565+0000] {dag.py:2726} INFO - Sync 1 DAGs
[2024-03-30T06:28:52.591+0000] {logging_mixin.py:149} INFO - [2024-03-30T06:28:52.591+0000] {dag.py:3490} INFO - Setting next_dagrun for latest_only to 2024-03-30T02:28:52.590831+00:00, run_after=2024-03-30T06:28:52.590831+00:00
[2024-03-30T06:28:52.624+0000] {processor.py:179} INFO - Processing /home/airflow/.local/lib/python3.7/site-packages/airflow/example_dags/example_latest_only.py took 0.105 seconds
[2024-03-30T06:29:22.990+0000] {processor.py:157} INFO - Started process (PID=1703) to work on /home/airflow/.local/lib/python3.7/site-packages/airflow/example_dags/example_latest_only.py
[2024-03-30T06:29:22.991+0000] {processor.py:826} INFO - Processing file /home/airflow/.local/lib/python3.7/site-packages/airflow/example_dags/example_latest_only.py for tasks to queue
[2024-03-30T06:29:22.992+0000] {logging_mixin.py:149} INFO - [2024-03-30T06:29:22.992+0000] {dagbag.py:541} INFO - Filling up the DagBag from /home/airflow/.local/lib/python3.7/site-packages/airflow/example_dags/example_latest_only.py
[2024-03-30T06:29:22.998+0000] {processor.py:836} INFO - DAG(s) dict_keys(['latest_only']) retrieved from /home/airflow/.local/lib/python3.7/site-packages/airflow/example_dags/example_latest_only.py
[2024-03-30T06:29:23.033+0000] {logging_mixin.py:149} INFO - [2024-03-30T06:29:23.033+0000] {dag.py:2726} INFO - Sync 1 DAGs
[2024-03-30T06:29:23.062+0000] {logging_mixin.py:149} INFO - [2024-03-30T06:29:23.062+0000] {dag.py:3490} INFO - Setting next_dagrun for latest_only to 2024-03-30T02:29:23.062189+00:00, run_after=2024-03-30T06:29:23.062189+00:00
[2024-03-30T06:29:23.101+0000] {processor.py:179} INFO - Processing /home/airflow/.local/lib/python3.7/site-packages/airflow/example_dags/example_latest_only.py took 0.114 seconds
[2024-03-30T06:29:53.699+0000] {processor.py:157} INFO - Started process (PID=1764) to work on /home/airflow/.local/lib/python3.7/site-packages/airflow/example_dags/example_latest_only.py
[2024-03-30T06:29:53.700+0000] {processor.py:826} INFO - Processing file /home/airflow/.local/lib/python3.7/site-packages/airflow/example_dags/example_latest_only.py for tasks to queue
[2024-03-30T06:29:53.701+0000] {logging_mixin.py:149} INFO - [2024-03-30T06:29:53.701+0000] {dagbag.py:541} INFO - Filling up the DagBag from /home/airflow/.local/lib/python3.7/site-packages/airflow/example_dags/example_latest_only.py
[2024-03-30T06:29:53.707+0000] {processor.py:836} INFO - DAG(s) dict_keys(['latest_only']) retrieved from /home/airflow/.local/lib/python3.7/site-packages/airflow/example_dags/example_latest_only.py
[2024-03-30T06:29:53.744+0000] {logging_mixin.py:149} INFO - [2024-03-30T06:29:53.744+0000] {dag.py:2726} INFO - Sync 1 DAGs
[2024-03-30T06:29:53.769+0000] {logging_mixin.py:149} INFO - [2024-03-30T06:29:53.769+0000] {dag.py:3490} INFO - Setting next_dagrun for latest_only to 2024-03-30T02:29:53.769493+00:00, run_after=2024-03-30T06:29:53.769493+00:00
[2024-03-30T06:29:53.802+0000] {processor.py:179} INFO - Processing /home/airflow/.local/lib/python3.7/site-packages/airflow/example_dags/example_latest_only.py took 0.106 seconds
[2024-03-30T06:30:24.031+0000] {processor.py:157} INFO - Started process (PID=1825) to work on /home/airflow/.local/lib/python3.7/site-packages/airflow/example_dags/example_latest_only.py
[2024-03-30T06:30:24.031+0000] {processor.py:826} INFO - Processing file /home/airflow/.local/lib/python3.7/site-packages/airflow/example_dags/example_latest_only.py for tasks to queue
[2024-03-30T06:30:24.032+0000] {logging_mixin.py:149} INFO - [2024-03-30T06:30:24.032+0000] {dagbag.py:541} INFO - Filling up the DagBag from /home/airflow/.local/lib/python3.7/site-packages/airflow/example_dags/example_latest_only.py
[2024-03-30T06:30:24.037+0000] {processor.py:836} INFO - DAG(s) dict_keys(['latest_only']) retrieved from /home/airflow/.local/lib/python3.7/site-packages/airflow/example_dags/example_latest_only.py
[2024-03-30T06:30:24.072+0000] {logging_mixin.py:149} INFO - [2024-03-30T06:30:24.071+0000] {dag.py:2726} INFO - Sync 1 DAGs
[2024-03-30T06:30:24.099+0000] {logging_mixin.py:149} INFO - [2024-03-30T06:30:24.098+0000] {dag.py:3490} INFO - Setting next_dagrun for latest_only to 2024-03-30T02:30:24.098648+00:00, run_after=2024-03-30T06:30:24.098648+00:00
[2024-03-30T06:30:24.132+0000] {processor.py:179} INFO - Processing /home/airflow/.local/lib/python3.7/site-packages/airflow/example_dags/example_latest_only.py took 0.104 seconds
[2024-03-30T06:30:54.622+0000] {processor.py:157} INFO - Started process (PID=1893) to work on /home/airflow/.local/lib/python3.7/site-packages/airflow/example_dags/example_latest_only.py
[2024-03-30T06:30:54.623+0000] {processor.py:826} INFO - Processing file /home/airflow/.local/lib/python3.7/site-packages/airflow/example_dags/example_latest_only.py for tasks to queue
[2024-03-30T06:30:54.623+0000] {logging_mixin.py:149} INFO - [2024-03-30T06:30:54.623+0000] {dagbag.py:541} INFO - Filling up the DagBag from /home/airflow/.local/lib/python3.7/site-packages/airflow/example_dags/example_latest_only.py
[2024-03-30T06:30:54.628+0000] {processor.py:836} INFO - DAG(s) dict_keys(['latest_only']) retrieved from /home/airflow/.local/lib/python3.7/site-packages/airflow/example_dags/example_latest_only.py
[2024-03-30T06:30:54.660+0000] {logging_mixin.py:149} INFO - [2024-03-30T06:30:54.659+0000] {dag.py:2726} INFO - Sync 1 DAGs
[2024-03-30T06:30:54.682+0000] {logging_mixin.py:149} INFO - [2024-03-30T06:30:54.682+0000] {dag.py:3490} INFO - Setting next_dagrun for latest_only to 2024-03-30T02:30:54.682549+00:00, run_after=2024-03-30T06:30:54.682549+00:00
[2024-03-30T06:30:54.714+0000] {processor.py:179} INFO - Processing /home/airflow/.local/lib/python3.7/site-packages/airflow/example_dags/example_latest_only.py took 0.094 seconds
[2024-03-30T06:31:25.582+0000] {processor.py:157} INFO - Started process (PID=1954) to work on /home/airflow/.local/lib/python3.7/site-packages/airflow/example_dags/example_latest_only.py
[2024-03-30T06:31:25.583+0000] {processor.py:826} INFO - Processing file /home/airflow/.local/lib/python3.7/site-packages/airflow/example_dags/example_latest_only.py for tasks to queue
[2024-03-30T06:31:25.583+0000] {logging_mixin.py:149} INFO - [2024-03-30T06:31:25.583+0000] {dagbag.py:541} INFO - Filling up the DagBag from /home/airflow/.local/lib/python3.7/site-packages/airflow/example_dags/example_latest_only.py
[2024-03-30T06:31:25.589+0000] {processor.py:836} INFO - DAG(s) dict_keys(['latest_only']) retrieved from /home/airflow/.local/lib/python3.7/site-packages/airflow/example_dags/example_latest_only.py
[2024-03-30T06:31:25.628+0000] {logging_mixin.py:149} INFO - [2024-03-30T06:31:25.627+0000] {dag.py:2726} INFO - Sync 1 DAGs
[2024-03-30T06:31:25.655+0000] {logging_mixin.py:149} INFO - [2024-03-30T06:31:25.655+0000] {dag.py:3490} INFO - Setting next_dagrun for latest_only to 2024-03-30T02:31:25.654686+00:00, run_after=2024-03-30T06:31:25.654686+00:00
[2024-03-30T06:31:25.693+0000] {processor.py:179} INFO - Processing /home/airflow/.local/lib/python3.7/site-packages/airflow/example_dags/example_latest_only.py took 0.114 seconds
[2024-03-30T08:20:57.634+0000] {processor.py:157} INFO - Started process (PID=62) to work on /home/airflow/.local/lib/python3.7/site-packages/airflow/example_dags/example_latest_only.py
[2024-03-30T08:20:57.635+0000] {processor.py:826} INFO - Processing file /home/airflow/.local/lib/python3.7/site-packages/airflow/example_dags/example_latest_only.py for tasks to queue
[2024-03-30T08:20:57.636+0000] {logging_mixin.py:149} INFO - [2024-03-30T08:20:57.636+0000] {dagbag.py:541} INFO - Filling up the DagBag from /home/airflow/.local/lib/python3.7/site-packages/airflow/example_dags/example_latest_only.py
[2024-03-30T08:20:57.646+0000] {processor.py:836} INFO - DAG(s) dict_keys(['latest_only']) retrieved from /home/airflow/.local/lib/python3.7/site-packages/airflow/example_dags/example_latest_only.py
[2024-03-30T08:20:57.699+0000] {logging_mixin.py:149} INFO - [2024-03-30T08:20:57.698+0000] {dag.py:2726} INFO - Sync 1 DAGs
[2024-03-30T08:20:57.794+0000] {logging_mixin.py:149} INFO - [2024-03-30T08:20:57.794+0000] {dag.py:3490} INFO - Setting next_dagrun for latest_only to 2024-03-30T04:20:57.793758+00:00, run_after=2024-03-30T08:20:57.793758+00:00
[2024-03-30T08:20:57.844+0000] {processor.py:179} INFO - Processing /home/airflow/.local/lib/python3.7/site-packages/airflow/example_dags/example_latest_only.py took 0.214 seconds
[2024-03-30T08:21:28.589+0000] {processor.py:157} INFO - Started process (PID=123) to work on /home/airflow/.local/lib/python3.7/site-packages/airflow/example_dags/example_latest_only.py
[2024-03-30T08:21:28.590+0000] {processor.py:826} INFO - Processing file /home/airflow/.local/lib/python3.7/site-packages/airflow/example_dags/example_latest_only.py for tasks to queue
[2024-03-30T08:21:28.590+0000] {logging_mixin.py:149} INFO - [2024-03-30T08:21:28.590+0000] {dagbag.py:541} INFO - Filling up the DagBag from /home/airflow/.local/lib/python3.7/site-packages/airflow/example_dags/example_latest_only.py
[2024-03-30T08:21:28.595+0000] {processor.py:836} INFO - DAG(s) dict_keys(['latest_only']) retrieved from /home/airflow/.local/lib/python3.7/site-packages/airflow/example_dags/example_latest_only.py
[2024-03-30T08:21:28.633+0000] {logging_mixin.py:149} INFO - [2024-03-30T08:21:28.633+0000] {dag.py:2726} INFO - Sync 1 DAGs
[2024-03-30T08:21:28.660+0000] {logging_mixin.py:149} INFO - [2024-03-30T08:21:28.660+0000] {dag.py:3490} INFO - Setting next_dagrun for latest_only to 2024-03-30T04:21:28.659866+00:00, run_after=2024-03-30T08:21:28.659866+00:00
[2024-03-30T08:21:28.698+0000] {processor.py:179} INFO - Processing /home/airflow/.local/lib/python3.7/site-packages/airflow/example_dags/example_latest_only.py took 0.112 seconds
[2024-03-30T08:21:59.032+0000] {processor.py:157} INFO - Started process (PID=184) to work on /home/airflow/.local/lib/python3.7/site-packages/airflow/example_dags/example_latest_only.py
[2024-03-30T08:21:59.034+0000] {processor.py:826} INFO - Processing file /home/airflow/.local/lib/python3.7/site-packages/airflow/example_dags/example_latest_only.py for tasks to queue
[2024-03-30T08:21:59.035+0000] {logging_mixin.py:149} INFO - [2024-03-30T08:21:59.034+0000] {dagbag.py:541} INFO - Filling up the DagBag from /home/airflow/.local/lib/python3.7/site-packages/airflow/example_dags/example_latest_only.py
[2024-03-30T08:21:59.041+0000] {processor.py:836} INFO - DAG(s) dict_keys(['latest_only']) retrieved from /home/airflow/.local/lib/python3.7/site-packages/airflow/example_dags/example_latest_only.py
[2024-03-30T08:21:59.091+0000] {logging_mixin.py:149} INFO - [2024-03-30T08:21:59.091+0000] {dag.py:2726} INFO - Sync 1 DAGs
[2024-03-30T08:21:59.242+0000] {logging_mixin.py:149} INFO - [2024-03-30T08:21:59.241+0000] {dag.py:3490} INFO - Setting next_dagrun for latest_only to 2024-03-30T04:21:59.241219+00:00, run_after=2024-03-30T08:21:59.241219+00:00
[2024-03-30T08:21:59.287+0000] {processor.py:179} INFO - Processing /home/airflow/.local/lib/python3.7/site-packages/airflow/example_dags/example_latest_only.py took 0.258 seconds
[2024-03-30T08:22:29.479+0000] {processor.py:157} INFO - Started process (PID=245) to work on /home/airflow/.local/lib/python3.7/site-packages/airflow/example_dags/example_latest_only.py
[2024-03-30T08:22:29.480+0000] {processor.py:826} INFO - Processing file /home/airflow/.local/lib/python3.7/site-packages/airflow/example_dags/example_latest_only.py for tasks to queue
[2024-03-30T08:22:29.481+0000] {logging_mixin.py:149} INFO - [2024-03-30T08:22:29.481+0000] {dagbag.py:541} INFO - Filling up the DagBag from /home/airflow/.local/lib/python3.7/site-packages/airflow/example_dags/example_latest_only.py
[2024-03-30T08:22:29.487+0000] {processor.py:836} INFO - DAG(s) dict_keys(['latest_only']) retrieved from /home/airflow/.local/lib/python3.7/site-packages/airflow/example_dags/example_latest_only.py
[2024-03-30T08:22:29.551+0000] {logging_mixin.py:149} INFO - [2024-03-30T08:22:29.550+0000] {dag.py:2726} INFO - Sync 1 DAGs
[2024-03-30T08:22:29.582+0000] {logging_mixin.py:149} INFO - [2024-03-30T08:22:29.582+0000] {dag.py:3490} INFO - Setting next_dagrun for latest_only to 2024-03-30T04:22:29.582385+00:00, run_after=2024-03-30T08:22:29.582385+00:00
[2024-03-30T08:22:29.631+0000] {processor.py:179} INFO - Processing /home/airflow/.local/lib/python3.7/site-packages/airflow/example_dags/example_latest_only.py took 0.156 seconds
[2024-03-30T08:22:59.770+0000] {processor.py:157} INFO - Started process (PID=306) to work on /home/airflow/.local/lib/python3.7/site-packages/airflow/example_dags/example_latest_only.py
[2024-03-30T08:22:59.772+0000] {processor.py:826} INFO - Processing file /home/airflow/.local/lib/python3.7/site-packages/airflow/example_dags/example_latest_only.py for tasks to queue
[2024-03-30T08:22:59.772+0000] {logging_mixin.py:149} INFO - [2024-03-30T08:22:59.772+0000] {dagbag.py:541} INFO - Filling up the DagBag from /home/airflow/.local/lib/python3.7/site-packages/airflow/example_dags/example_latest_only.py
[2024-03-30T08:22:59.781+0000] {processor.py:836} INFO - DAG(s) dict_keys(['latest_only']) retrieved from /home/airflow/.local/lib/python3.7/site-packages/airflow/example_dags/example_latest_only.py
[2024-03-30T08:22:59.827+0000] {logging_mixin.py:149} INFO - [2024-03-30T08:22:59.826+0000] {dag.py:2726} INFO - Sync 1 DAGs
[2024-03-30T08:22:59.854+0000] {logging_mixin.py:149} INFO - [2024-03-30T08:22:59.854+0000] {dag.py:3490} INFO - Setting next_dagrun for latest_only to 2024-03-30T04:22:59.854164+00:00, run_after=2024-03-30T08:22:59.854164+00:00
[2024-03-30T08:22:59.900+0000] {processor.py:179} INFO - Processing /home/airflow/.local/lib/python3.7/site-packages/airflow/example_dags/example_latest_only.py took 0.133 seconds
[2024-03-30T08:23:30.722+0000] {processor.py:157} INFO - Started process (PID=367) to work on /home/airflow/.local/lib/python3.7/site-packages/airflow/example_dags/example_latest_only.py
[2024-03-30T08:23:30.723+0000] {processor.py:826} INFO - Processing file /home/airflow/.local/lib/python3.7/site-packages/airflow/example_dags/example_latest_only.py for tasks to queue
[2024-03-30T08:23:30.723+0000] {logging_mixin.py:149} INFO - [2024-03-30T08:23:30.723+0000] {dagbag.py:541} INFO - Filling up the DagBag from /home/airflow/.local/lib/python3.7/site-packages/airflow/example_dags/example_latest_only.py
[2024-03-30T08:23:30.729+0000] {processor.py:836} INFO - DAG(s) dict_keys(['latest_only']) retrieved from /home/airflow/.local/lib/python3.7/site-packages/airflow/example_dags/example_latest_only.py
[2024-03-30T08:23:30.771+0000] {logging_mixin.py:149} INFO - [2024-03-30T08:23:30.771+0000] {dag.py:2726} INFO - Sync 1 DAGs
[2024-03-30T08:23:30.807+0000] {logging_mixin.py:149} INFO - [2024-03-30T08:23:30.807+0000] {dag.py:3490} INFO - Setting next_dagrun for latest_only to 2024-03-30T04:23:30.807370+00:00, run_after=2024-03-30T08:23:30.807370+00:00
[2024-03-30T08:23:30.865+0000] {processor.py:179} INFO - Processing /home/airflow/.local/lib/python3.7/site-packages/airflow/example_dags/example_latest_only.py took 0.146 seconds
[2024-03-30T08:24:01.511+0000] {processor.py:157} INFO - Started process (PID=426) to work on /home/airflow/.local/lib/python3.7/site-packages/airflow/example_dags/example_latest_only.py
[2024-03-30T08:24:01.513+0000] {processor.py:826} INFO - Processing file /home/airflow/.local/lib/python3.7/site-packages/airflow/example_dags/example_latest_only.py for tasks to queue
[2024-03-30T08:24:01.515+0000] {logging_mixin.py:149} INFO - [2024-03-30T08:24:01.514+0000] {dagbag.py:541} INFO - Filling up the DagBag from /home/airflow/.local/lib/python3.7/site-packages/airflow/example_dags/example_latest_only.py
[2024-03-30T08:24:01.531+0000] {processor.py:836} INFO - DAG(s) dict_keys(['latest_only']) retrieved from /home/airflow/.local/lib/python3.7/site-packages/airflow/example_dags/example_latest_only.py
[2024-03-30T08:24:01.586+0000] {logging_mixin.py:149} INFO - [2024-03-30T08:24:01.586+0000] {dag.py:2726} INFO - Sync 1 DAGs
[2024-03-30T08:24:01.619+0000] {logging_mixin.py:149} INFO - [2024-03-30T08:24:01.618+0000] {dag.py:3490} INFO - Setting next_dagrun for latest_only to 2024-03-30T04:24:01.618658+00:00, run_after=2024-03-30T08:24:01.618658+00:00
[2024-03-30T08:24:01.675+0000] {processor.py:179} INFO - Processing /home/airflow/.local/lib/python3.7/site-packages/airflow/example_dags/example_latest_only.py took 0.173 seconds
[2024-03-30T08:24:32.362+0000] {processor.py:157} INFO - Started process (PID=488) to work on /home/airflow/.local/lib/python3.7/site-packages/airflow/example_dags/example_latest_only.py
[2024-03-30T08:24:32.363+0000] {processor.py:826} INFO - Processing file /home/airflow/.local/lib/python3.7/site-packages/airflow/example_dags/example_latest_only.py for tasks to queue
[2024-03-30T08:24:32.364+0000] {logging_mixin.py:149} INFO - [2024-03-30T08:24:32.364+0000] {dagbag.py:541} INFO - Filling up the DagBag from /home/airflow/.local/lib/python3.7/site-packages/airflow/example_dags/example_latest_only.py
[2024-03-30T08:24:32.371+0000] {processor.py:836} INFO - DAG(s) dict_keys(['latest_only']) retrieved from /home/airflow/.local/lib/python3.7/site-packages/airflow/example_dags/example_latest_only.py
[2024-03-30T08:24:32.414+0000] {logging_mixin.py:149} INFO - [2024-03-30T08:24:32.413+0000] {dag.py:2726} INFO - Sync 1 DAGs
[2024-03-30T08:24:32.439+0000] {logging_mixin.py:149} INFO - [2024-03-30T08:24:32.439+0000] {dag.py:3490} INFO - Setting next_dagrun for latest_only to 2024-03-30T04:24:32.439453+00:00, run_after=2024-03-30T08:24:32.439453+00:00
[2024-03-30T08:24:32.477+0000] {processor.py:179} INFO - Processing /home/airflow/.local/lib/python3.7/site-packages/airflow/example_dags/example_latest_only.py took 0.119 seconds
[2024-03-30T08:25:03.359+0000] {processor.py:157} INFO - Started process (PID=549) to work on /home/airflow/.local/lib/python3.7/site-packages/airflow/example_dags/example_latest_only.py
[2024-03-30T08:25:03.360+0000] {processor.py:826} INFO - Processing file /home/airflow/.local/lib/python3.7/site-packages/airflow/example_dags/example_latest_only.py for tasks to queue
[2024-03-30T08:25:03.361+0000] {logging_mixin.py:149} INFO - [2024-03-30T08:25:03.360+0000] {dagbag.py:541} INFO - Filling up the DagBag from /home/airflow/.local/lib/python3.7/site-packages/airflow/example_dags/example_latest_only.py
[2024-03-30T08:25:03.366+0000] {processor.py:836} INFO - DAG(s) dict_keys(['latest_only']) retrieved from /home/airflow/.local/lib/python3.7/site-packages/airflow/example_dags/example_latest_only.py
[2024-03-30T08:25:03.411+0000] {logging_mixin.py:149} INFO - [2024-03-30T08:25:03.410+0000] {dag.py:2726} INFO - Sync 1 DAGs
[2024-03-30T08:25:03.439+0000] {logging_mixin.py:149} INFO - [2024-03-30T08:25:03.439+0000] {dag.py:3490} INFO - Setting next_dagrun for latest_only to 2024-03-30T04:25:03.438822+00:00, run_after=2024-03-30T08:25:03.438822+00:00
[2024-03-30T08:25:03.485+0000] {processor.py:179} INFO - Processing /home/airflow/.local/lib/python3.7/site-packages/airflow/example_dags/example_latest_only.py took 0.129 seconds
[2024-03-30T08:25:33.837+0000] {processor.py:157} INFO - Started process (PID=610) to work on /home/airflow/.local/lib/python3.7/site-packages/airflow/example_dags/example_latest_only.py
[2024-03-30T08:25:33.838+0000] {processor.py:826} INFO - Processing file /home/airflow/.local/lib/python3.7/site-packages/airflow/example_dags/example_latest_only.py for tasks to queue
[2024-03-30T08:25:33.839+0000] {logging_mixin.py:149} INFO - [2024-03-30T08:25:33.839+0000] {dagbag.py:541} INFO - Filling up the DagBag from /home/airflow/.local/lib/python3.7/site-packages/airflow/example_dags/example_latest_only.py
[2024-03-30T08:25:33.846+0000] {processor.py:836} INFO - DAG(s) dict_keys(['latest_only']) retrieved from /home/airflow/.local/lib/python3.7/site-packages/airflow/example_dags/example_latest_only.py
[2024-03-30T08:25:33.888+0000] {logging_mixin.py:149} INFO - [2024-03-30T08:25:33.887+0000] {dag.py:2726} INFO - Sync 1 DAGs
[2024-03-30T08:25:33.919+0000] {logging_mixin.py:149} INFO - [2024-03-30T08:25:33.919+0000] {dag.py:3490} INFO - Setting next_dagrun for latest_only to 2024-03-30T04:25:33.919373+00:00, run_after=2024-03-30T08:25:33.919373+00:00
[2024-03-30T08:25:33.957+0000] {processor.py:179} INFO - Processing /home/airflow/.local/lib/python3.7/site-packages/airflow/example_dags/example_latest_only.py took 0.123 seconds
[2024-03-30T08:26:04.198+0000] {processor.py:157} INFO - Started process (PID=672) to work on /home/airflow/.local/lib/python3.7/site-packages/airflow/example_dags/example_latest_only.py
[2024-03-30T08:26:04.200+0000] {processor.py:826} INFO - Processing file /home/airflow/.local/lib/python3.7/site-packages/airflow/example_dags/example_latest_only.py for tasks to queue
[2024-03-30T08:26:04.200+0000] {logging_mixin.py:149} INFO - [2024-03-30T08:26:04.200+0000] {dagbag.py:541} INFO - Filling up the DagBag from /home/airflow/.local/lib/python3.7/site-packages/airflow/example_dags/example_latest_only.py
[2024-03-30T08:26:04.208+0000] {processor.py:836} INFO - DAG(s) dict_keys(['latest_only']) retrieved from /home/airflow/.local/lib/python3.7/site-packages/airflow/example_dags/example_latest_only.py
[2024-03-30T08:26:04.251+0000] {logging_mixin.py:149} INFO - [2024-03-30T08:26:04.251+0000] {dag.py:2726} INFO - Sync 1 DAGs
[2024-03-30T08:26:04.333+0000] {logging_mixin.py:149} INFO - [2024-03-30T08:26:04.333+0000] {dag.py:3490} INFO - Setting next_dagrun for latest_only to 2024-03-30T04:26:04.333296+00:00, run_after=2024-03-30T08:26:04.333296+00:00
[2024-03-30T08:26:04.381+0000] {processor.py:179} INFO - Processing /home/airflow/.local/lib/python3.7/site-packages/airflow/example_dags/example_latest_only.py took 0.186 seconds
