[2024-03-30T06:15:34.631+0000] {processor.py:157} INFO - Started process (PID=55) to work on /home/airflow/.local/lib/python3.7/site-packages/airflow/example_dags/example_nested_branch_dag.py
[2024-03-30T06:15:34.632+0000] {processor.py:826} INFO - Processing file /home/airflow/.local/lib/python3.7/site-packages/airflow/example_dags/example_nested_branch_dag.py for tasks to queue
[2024-03-30T06:15:34.633+0000] {logging_mixin.py:149} INFO - [2024-03-30T06:15:34.633+0000] {dagbag.py:541} INFO - Filling up the DagBag from /home/airflow/.local/lib/python3.7/site-packages/airflow/example_dags/example_nested_branch_dag.py
[2024-03-30T06:15:34.654+0000] {processor.py:836} INFO - DAG(s) dict_keys(['example_nested_branch_dag']) retrieved from /home/airflow/.local/lib/python3.7/site-packages/airflow/example_dags/example_nested_branch_dag.py
[2024-03-30T06:15:34.691+0000] {logging_mixin.py:149} INFO - [2024-03-30T06:15:34.691+0000] {dag.py:2726} INFO - Sync 1 DAGs
[2024-03-30T06:15:34.731+0000] {logging_mixin.py:149} INFO - [2024-03-30T06:15:34.731+0000] {dag.py:3490} INFO - Setting next_dagrun for example_nested_branch_dag to 2024-03-29T00:00:00+00:00, run_after=2024-03-30T00:00:00+00:00
[2024-03-30T06:15:34.782+0000] {processor.py:179} INFO - Processing /home/airflow/.local/lib/python3.7/site-packages/airflow/example_dags/example_nested_branch_dag.py took 0.156 seconds
[2024-03-30T06:16:05.174+0000] {processor.py:157} INFO - Started process (PID=114) to work on /home/airflow/.local/lib/python3.7/site-packages/airflow/example_dags/example_nested_branch_dag.py
[2024-03-30T06:16:05.175+0000] {processor.py:826} INFO - Processing file /home/airflow/.local/lib/python3.7/site-packages/airflow/example_dags/example_nested_branch_dag.py for tasks to queue
[2024-03-30T06:16:05.175+0000] {logging_mixin.py:149} INFO - [2024-03-30T06:16:05.175+0000] {dagbag.py:541} INFO - Filling up the DagBag from /home/airflow/.local/lib/python3.7/site-packages/airflow/example_dags/example_nested_branch_dag.py
[2024-03-30T06:16:05.185+0000] {processor.py:836} INFO - DAG(s) dict_keys(['example_nested_branch_dag']) retrieved from /home/airflow/.local/lib/python3.7/site-packages/airflow/example_dags/example_nested_branch_dag.py
[2024-03-30T06:16:05.224+0000] {logging_mixin.py:149} INFO - [2024-03-30T06:16:05.224+0000] {dag.py:2726} INFO - Sync 1 DAGs
[2024-03-30T06:16:05.248+0000] {logging_mixin.py:149} INFO - [2024-03-30T06:16:05.248+0000] {dag.py:3490} INFO - Setting next_dagrun for example_nested_branch_dag to 2024-03-29T00:00:00+00:00, run_after=2024-03-30T00:00:00+00:00
[2024-03-30T06:16:05.280+0000] {processor.py:179} INFO - Processing /home/airflow/.local/lib/python3.7/site-packages/airflow/example_dags/example_nested_branch_dag.py took 0.108 seconds
[2024-03-30T06:16:35.923+0000] {processor.py:157} INFO - Started process (PID=174) to work on /home/airflow/.local/lib/python3.7/site-packages/airflow/example_dags/example_nested_branch_dag.py
[2024-03-30T06:16:35.924+0000] {processor.py:826} INFO - Processing file /home/airflow/.local/lib/python3.7/site-packages/airflow/example_dags/example_nested_branch_dag.py for tasks to queue
[2024-03-30T06:16:35.925+0000] {logging_mixin.py:149} INFO - [2024-03-30T06:16:35.925+0000] {dagbag.py:541} INFO - Filling up the DagBag from /home/airflow/.local/lib/python3.7/site-packages/airflow/example_dags/example_nested_branch_dag.py
[2024-03-30T06:16:35.934+0000] {processor.py:836} INFO - DAG(s) dict_keys(['example_nested_branch_dag']) retrieved from /home/airflow/.local/lib/python3.7/site-packages/airflow/example_dags/example_nested_branch_dag.py
[2024-03-30T06:16:35.973+0000] {logging_mixin.py:149} INFO - [2024-03-30T06:16:35.973+0000] {dag.py:2726} INFO - Sync 1 DAGs
[2024-03-30T06:16:35.999+0000] {logging_mixin.py:149} INFO - [2024-03-30T06:16:35.999+0000] {dag.py:3490} INFO - Setting next_dagrun for example_nested_branch_dag to 2024-03-29T00:00:00+00:00, run_after=2024-03-30T00:00:00+00:00
[2024-03-30T06:16:36.031+0000] {processor.py:179} INFO - Processing /home/airflow/.local/lib/python3.7/site-packages/airflow/example_dags/example_nested_branch_dag.py took 0.110 seconds
[2024-03-30T06:17:06.124+0000] {processor.py:157} INFO - Started process (PID=233) to work on /home/airflow/.local/lib/python3.7/site-packages/airflow/example_dags/example_nested_branch_dag.py
[2024-03-30T06:17:06.125+0000] {processor.py:826} INFO - Processing file /home/airflow/.local/lib/python3.7/site-packages/airflow/example_dags/example_nested_branch_dag.py for tasks to queue
[2024-03-30T06:17:06.126+0000] {logging_mixin.py:149} INFO - [2024-03-30T06:17:06.125+0000] {dagbag.py:541} INFO - Filling up the DagBag from /home/airflow/.local/lib/python3.7/site-packages/airflow/example_dags/example_nested_branch_dag.py
[2024-03-30T06:17:06.135+0000] {processor.py:836} INFO - DAG(s) dict_keys(['example_nested_branch_dag']) retrieved from /home/airflow/.local/lib/python3.7/site-packages/airflow/example_dags/example_nested_branch_dag.py
[2024-03-30T06:17:06.171+0000] {logging_mixin.py:149} INFO - [2024-03-30T06:17:06.171+0000] {dag.py:2726} INFO - Sync 1 DAGs
[2024-03-30T06:17:06.196+0000] {logging_mixin.py:149} INFO - [2024-03-30T06:17:06.196+0000] {dag.py:3490} INFO - Setting next_dagrun for example_nested_branch_dag to 2024-03-29T00:00:00+00:00, run_after=2024-03-30T00:00:00+00:00
[2024-03-30T06:17:06.227+0000] {processor.py:179} INFO - Processing /home/airflow/.local/lib/python3.7/site-packages/airflow/example_dags/example_nested_branch_dag.py took 0.106 seconds
[2024-03-30T06:17:36.625+0000] {processor.py:157} INFO - Started process (PID=294) to work on /home/airflow/.local/lib/python3.7/site-packages/airflow/example_dags/example_nested_branch_dag.py
[2024-03-30T06:17:36.626+0000] {processor.py:826} INFO - Processing file /home/airflow/.local/lib/python3.7/site-packages/airflow/example_dags/example_nested_branch_dag.py for tasks to queue
[2024-03-30T06:17:36.627+0000] {logging_mixin.py:149} INFO - [2024-03-30T06:17:36.627+0000] {dagbag.py:541} INFO - Filling up the DagBag from /home/airflow/.local/lib/python3.7/site-packages/airflow/example_dags/example_nested_branch_dag.py
[2024-03-30T06:17:36.636+0000] {processor.py:836} INFO - DAG(s) dict_keys(['example_nested_branch_dag']) retrieved from /home/airflow/.local/lib/python3.7/site-packages/airflow/example_dags/example_nested_branch_dag.py
[2024-03-30T06:17:36.678+0000] {logging_mixin.py:149} INFO - [2024-03-30T06:17:36.678+0000] {dag.py:2726} INFO - Sync 1 DAGs
[2024-03-30T06:17:36.706+0000] {logging_mixin.py:149} INFO - [2024-03-30T06:17:36.705+0000] {dag.py:3490} INFO - Setting next_dagrun for example_nested_branch_dag to 2024-03-29T00:00:00+00:00, run_after=2024-03-30T00:00:00+00:00
[2024-03-30T06:17:36.742+0000] {processor.py:179} INFO - Processing /home/airflow/.local/lib/python3.7/site-packages/airflow/example_dags/example_nested_branch_dag.py took 0.120 seconds
[2024-03-30T06:18:06.994+0000] {processor.py:157} INFO - Started process (PID=354) to work on /home/airflow/.local/lib/python3.7/site-packages/airflow/example_dags/example_nested_branch_dag.py
[2024-03-30T06:18:06.994+0000] {processor.py:826} INFO - Processing file /home/airflow/.local/lib/python3.7/site-packages/airflow/example_dags/example_nested_branch_dag.py for tasks to queue
[2024-03-30T06:18:06.995+0000] {logging_mixin.py:149} INFO - [2024-03-30T06:18:06.995+0000] {dagbag.py:541} INFO - Filling up the DagBag from /home/airflow/.local/lib/python3.7/site-packages/airflow/example_dags/example_nested_branch_dag.py
[2024-03-30T06:18:07.003+0000] {processor.py:836} INFO - DAG(s) dict_keys(['example_nested_branch_dag']) retrieved from /home/airflow/.local/lib/python3.7/site-packages/airflow/example_dags/example_nested_branch_dag.py
[2024-03-30T06:18:07.040+0000] {logging_mixin.py:149} INFO - [2024-03-30T06:18:07.040+0000] {dag.py:2726} INFO - Sync 1 DAGs
[2024-03-30T06:18:07.065+0000] {logging_mixin.py:149} INFO - [2024-03-30T06:18:07.065+0000] {dag.py:3490} INFO - Setting next_dagrun for example_nested_branch_dag to 2024-03-29T00:00:00+00:00, run_after=2024-03-30T00:00:00+00:00
[2024-03-30T06:18:07.096+0000] {processor.py:179} INFO - Processing /home/airflow/.local/lib/python3.7/site-packages/airflow/example_dags/example_nested_branch_dag.py took 0.105 seconds
[2024-03-30T06:18:37.673+0000] {processor.py:157} INFO - Started process (PID=415) to work on /home/airflow/.local/lib/python3.7/site-packages/airflow/example_dags/example_nested_branch_dag.py
[2024-03-30T06:18:37.674+0000] {processor.py:826} INFO - Processing file /home/airflow/.local/lib/python3.7/site-packages/airflow/example_dags/example_nested_branch_dag.py for tasks to queue
[2024-03-30T06:18:37.675+0000] {logging_mixin.py:149} INFO - [2024-03-30T06:18:37.675+0000] {dagbag.py:541} INFO - Filling up the DagBag from /home/airflow/.local/lib/python3.7/site-packages/airflow/example_dags/example_nested_branch_dag.py
[2024-03-30T06:18:37.683+0000] {processor.py:836} INFO - DAG(s) dict_keys(['example_nested_branch_dag']) retrieved from /home/airflow/.local/lib/python3.7/site-packages/airflow/example_dags/example_nested_branch_dag.py
[2024-03-30T06:18:37.725+0000] {logging_mixin.py:149} INFO - [2024-03-30T06:18:37.725+0000] {dag.py:2726} INFO - Sync 1 DAGs
[2024-03-30T06:18:37.765+0000] {logging_mixin.py:149} INFO - [2024-03-30T06:18:37.765+0000] {dag.py:3490} INFO - Setting next_dagrun for example_nested_branch_dag to 2024-03-29T00:00:00+00:00, run_after=2024-03-30T00:00:00+00:00
[2024-03-30T06:18:37.804+0000] {processor.py:179} INFO - Processing /home/airflow/.local/lib/python3.7/site-packages/airflow/example_dags/example_nested_branch_dag.py took 0.135 seconds
[2024-03-30T06:19:07.948+0000] {processor.py:157} INFO - Started process (PID=474) to work on /home/airflow/.local/lib/python3.7/site-packages/airflow/example_dags/example_nested_branch_dag.py
[2024-03-30T06:19:07.948+0000] {processor.py:826} INFO - Processing file /home/airflow/.local/lib/python3.7/site-packages/airflow/example_dags/example_nested_branch_dag.py for tasks to queue
[2024-03-30T06:19:07.949+0000] {logging_mixin.py:149} INFO - [2024-03-30T06:19:07.949+0000] {dagbag.py:541} INFO - Filling up the DagBag from /home/airflow/.local/lib/python3.7/site-packages/airflow/example_dags/example_nested_branch_dag.py
[2024-03-30T06:19:07.958+0000] {processor.py:836} INFO - DAG(s) dict_keys(['example_nested_branch_dag']) retrieved from /home/airflow/.local/lib/python3.7/site-packages/airflow/example_dags/example_nested_branch_dag.py
[2024-03-30T06:19:07.995+0000] {logging_mixin.py:149} INFO - [2024-03-30T06:19:07.995+0000] {dag.py:2726} INFO - Sync 1 DAGs
[2024-03-30T06:19:08.022+0000] {logging_mixin.py:149} INFO - [2024-03-30T06:19:08.021+0000] {dag.py:3490} INFO - Setting next_dagrun for example_nested_branch_dag to 2024-03-29T00:00:00+00:00, run_after=2024-03-30T00:00:00+00:00
[2024-03-30T06:19:08.053+0000] {processor.py:179} INFO - Processing /home/airflow/.local/lib/python3.7/site-packages/airflow/example_dags/example_nested_branch_dag.py took 0.108 seconds
[2024-03-30T06:19:39.091+0000] {processor.py:157} INFO - Started process (PID=535) to work on /home/airflow/.local/lib/python3.7/site-packages/airflow/example_dags/example_nested_branch_dag.py
[2024-03-30T06:19:39.092+0000] {processor.py:826} INFO - Processing file /home/airflow/.local/lib/python3.7/site-packages/airflow/example_dags/example_nested_branch_dag.py for tasks to queue
[2024-03-30T06:19:39.092+0000] {logging_mixin.py:149} INFO - [2024-03-30T06:19:39.092+0000] {dagbag.py:541} INFO - Filling up the DagBag from /home/airflow/.local/lib/python3.7/site-packages/airflow/example_dags/example_nested_branch_dag.py
[2024-03-30T06:19:39.105+0000] {processor.py:836} INFO - DAG(s) dict_keys(['example_nested_branch_dag']) retrieved from /home/airflow/.local/lib/python3.7/site-packages/airflow/example_dags/example_nested_branch_dag.py
[2024-03-30T06:19:39.145+0000] {logging_mixin.py:149} INFO - [2024-03-30T06:19:39.145+0000] {dag.py:2726} INFO - Sync 1 DAGs
[2024-03-30T06:19:39.174+0000] {logging_mixin.py:149} INFO - [2024-03-30T06:19:39.174+0000] {dag.py:3490} INFO - Setting next_dagrun for example_nested_branch_dag to 2024-03-29T00:00:00+00:00, run_after=2024-03-30T00:00:00+00:00
[2024-03-30T06:19:39.210+0000] {processor.py:179} INFO - Processing /home/airflow/.local/lib/python3.7/site-packages/airflow/example_dags/example_nested_branch_dag.py took 0.122 seconds
[2024-03-30T06:20:10.062+0000] {processor.py:157} INFO - Started process (PID=595) to work on /home/airflow/.local/lib/python3.7/site-packages/airflow/example_dags/example_nested_branch_dag.py
[2024-03-30T06:20:10.063+0000] {processor.py:826} INFO - Processing file /home/airflow/.local/lib/python3.7/site-packages/airflow/example_dags/example_nested_branch_dag.py for tasks to queue
[2024-03-30T06:20:10.063+0000] {logging_mixin.py:149} INFO - [2024-03-30T06:20:10.063+0000] {dagbag.py:541} INFO - Filling up the DagBag from /home/airflow/.local/lib/python3.7/site-packages/airflow/example_dags/example_nested_branch_dag.py
[2024-03-30T06:20:10.075+0000] {processor.py:836} INFO - DAG(s) dict_keys(['example_nested_branch_dag']) retrieved from /home/airflow/.local/lib/python3.7/site-packages/airflow/example_dags/example_nested_branch_dag.py
[2024-03-30T06:20:10.116+0000] {logging_mixin.py:149} INFO - [2024-03-30T06:20:10.116+0000] {dag.py:2726} INFO - Sync 1 DAGs
[2024-03-30T06:20:10.146+0000] {logging_mixin.py:149} INFO - [2024-03-30T06:20:10.146+0000] {dag.py:3490} INFO - Setting next_dagrun for example_nested_branch_dag to 2024-03-29T00:00:00+00:00, run_after=2024-03-30T00:00:00+00:00
[2024-03-30T06:20:10.186+0000] {processor.py:179} INFO - Processing /home/airflow/.local/lib/python3.7/site-packages/airflow/example_dags/example_nested_branch_dag.py took 0.127 seconds
[2024-03-30T06:20:40.644+0000] {processor.py:157} INFO - Started process (PID=657) to work on /home/airflow/.local/lib/python3.7/site-packages/airflow/example_dags/example_nested_branch_dag.py
[2024-03-30T06:20:40.645+0000] {processor.py:826} INFO - Processing file /home/airflow/.local/lib/python3.7/site-packages/airflow/example_dags/example_nested_branch_dag.py for tasks to queue
[2024-03-30T06:20:40.646+0000] {logging_mixin.py:149} INFO - [2024-03-30T06:20:40.646+0000] {dagbag.py:541} INFO - Filling up the DagBag from /home/airflow/.local/lib/python3.7/site-packages/airflow/example_dags/example_nested_branch_dag.py
[2024-03-30T06:20:40.660+0000] {processor.py:836} INFO - DAG(s) dict_keys(['example_nested_branch_dag']) retrieved from /home/airflow/.local/lib/python3.7/site-packages/airflow/example_dags/example_nested_branch_dag.py
[2024-03-30T06:20:40.703+0000] {logging_mixin.py:149} INFO - [2024-03-30T06:20:40.703+0000] {dag.py:2726} INFO - Sync 1 DAGs
[2024-03-30T06:20:40.730+0000] {logging_mixin.py:149} INFO - [2024-03-30T06:20:40.730+0000] {dag.py:3490} INFO - Setting next_dagrun for example_nested_branch_dag to 2024-03-29T00:00:00+00:00, run_after=2024-03-30T00:00:00+00:00
[2024-03-30T06:20:40.766+0000] {processor.py:179} INFO - Processing /home/airflow/.local/lib/python3.7/site-packages/airflow/example_dags/example_nested_branch_dag.py took 0.126 seconds
[2024-03-30T06:21:11.561+0000] {processor.py:157} INFO - Started process (PID=718) to work on /home/airflow/.local/lib/python3.7/site-packages/airflow/example_dags/example_nested_branch_dag.py
[2024-03-30T06:21:11.561+0000] {processor.py:826} INFO - Processing file /home/airflow/.local/lib/python3.7/site-packages/airflow/example_dags/example_nested_branch_dag.py for tasks to queue
[2024-03-30T06:21:11.562+0000] {logging_mixin.py:149} INFO - [2024-03-30T06:21:11.562+0000] {dagbag.py:541} INFO - Filling up the DagBag from /home/airflow/.local/lib/python3.7/site-packages/airflow/example_dags/example_nested_branch_dag.py
[2024-03-30T06:21:11.570+0000] {processor.py:836} INFO - DAG(s) dict_keys(['example_nested_branch_dag']) retrieved from /home/airflow/.local/lib/python3.7/site-packages/airflow/example_dags/example_nested_branch_dag.py
[2024-03-30T06:21:11.606+0000] {logging_mixin.py:149} INFO - [2024-03-30T06:21:11.606+0000] {dag.py:2726} INFO - Sync 1 DAGs
[2024-03-30T06:21:11.632+0000] {logging_mixin.py:149} INFO - [2024-03-30T06:21:11.631+0000] {dag.py:3490} INFO - Setting next_dagrun for example_nested_branch_dag to 2024-03-29T00:00:00+00:00, run_after=2024-03-30T00:00:00+00:00
[2024-03-30T06:21:11.665+0000] {processor.py:179} INFO - Processing /home/airflow/.local/lib/python3.7/site-packages/airflow/example_dags/example_nested_branch_dag.py took 0.107 seconds
[2024-03-30T06:21:42.597+0000] {processor.py:157} INFO - Started process (PID=779) to work on /home/airflow/.local/lib/python3.7/site-packages/airflow/example_dags/example_nested_branch_dag.py
[2024-03-30T06:21:42.598+0000] {processor.py:826} INFO - Processing file /home/airflow/.local/lib/python3.7/site-packages/airflow/example_dags/example_nested_branch_dag.py for tasks to queue
[2024-03-30T06:21:42.599+0000] {logging_mixin.py:149} INFO - [2024-03-30T06:21:42.598+0000] {dagbag.py:541} INFO - Filling up the DagBag from /home/airflow/.local/lib/python3.7/site-packages/airflow/example_dags/example_nested_branch_dag.py
[2024-03-30T06:21:42.608+0000] {processor.py:836} INFO - DAG(s) dict_keys(['example_nested_branch_dag']) retrieved from /home/airflow/.local/lib/python3.7/site-packages/airflow/example_dags/example_nested_branch_dag.py
[2024-03-30T06:21:42.645+0000] {logging_mixin.py:149} INFO - [2024-03-30T06:21:42.645+0000] {dag.py:2726} INFO - Sync 1 DAGs
[2024-03-30T06:21:42.674+0000] {logging_mixin.py:149} INFO - [2024-03-30T06:21:42.673+0000] {dag.py:3490} INFO - Setting next_dagrun for example_nested_branch_dag to 2024-03-29T00:00:00+00:00, run_after=2024-03-30T00:00:00+00:00
[2024-03-30T06:21:42.709+0000] {processor.py:179} INFO - Processing /home/airflow/.local/lib/python3.7/site-packages/airflow/example_dags/example_nested_branch_dag.py took 0.115 seconds
[2024-03-30T06:22:13.503+0000] {processor.py:157} INFO - Started process (PID=840) to work on /home/airflow/.local/lib/python3.7/site-packages/airflow/example_dags/example_nested_branch_dag.py
[2024-03-30T06:22:13.504+0000] {processor.py:826} INFO - Processing file /home/airflow/.local/lib/python3.7/site-packages/airflow/example_dags/example_nested_branch_dag.py for tasks to queue
[2024-03-30T06:22:13.505+0000] {logging_mixin.py:149} INFO - [2024-03-30T06:22:13.505+0000] {dagbag.py:541} INFO - Filling up the DagBag from /home/airflow/.local/lib/python3.7/site-packages/airflow/example_dags/example_nested_branch_dag.py
[2024-03-30T06:22:13.515+0000] {processor.py:836} INFO - DAG(s) dict_keys(['example_nested_branch_dag']) retrieved from /home/airflow/.local/lib/python3.7/site-packages/airflow/example_dags/example_nested_branch_dag.py
[2024-03-30T06:22:13.562+0000] {logging_mixin.py:149} INFO - [2024-03-30T06:22:13.562+0000] {dag.py:2726} INFO - Sync 1 DAGs
[2024-03-30T06:22:13.639+0000] {logging_mixin.py:149} INFO - [2024-03-30T06:22:13.639+0000] {dag.py:3490} INFO - Setting next_dagrun for example_nested_branch_dag to 2024-03-29T00:00:00+00:00, run_after=2024-03-30T00:00:00+00:00
[2024-03-30T06:22:13.678+0000] {processor.py:179} INFO - Processing /home/airflow/.local/lib/python3.7/site-packages/airflow/example_dags/example_nested_branch_dag.py took 0.178 seconds
[2024-03-30T06:22:44.052+0000] {processor.py:157} INFO - Started process (PID=901) to work on /home/airflow/.local/lib/python3.7/site-packages/airflow/example_dags/example_nested_branch_dag.py
[2024-03-30T06:22:44.053+0000] {processor.py:826} INFO - Processing file /home/airflow/.local/lib/python3.7/site-packages/airflow/example_dags/example_nested_branch_dag.py for tasks to queue
[2024-03-30T06:22:44.054+0000] {logging_mixin.py:149} INFO - [2024-03-30T06:22:44.054+0000] {dagbag.py:541} INFO - Filling up the DagBag from /home/airflow/.local/lib/python3.7/site-packages/airflow/example_dags/example_nested_branch_dag.py
[2024-03-30T06:22:44.062+0000] {processor.py:836} INFO - DAG(s) dict_keys(['example_nested_branch_dag']) retrieved from /home/airflow/.local/lib/python3.7/site-packages/airflow/example_dags/example_nested_branch_dag.py
[2024-03-30T06:22:44.098+0000] {logging_mixin.py:149} INFO - [2024-03-30T06:22:44.098+0000] {dag.py:2726} INFO - Sync 1 DAGs
[2024-03-30T06:22:44.125+0000] {logging_mixin.py:149} INFO - [2024-03-30T06:22:44.125+0000] {dag.py:3490} INFO - Setting next_dagrun for example_nested_branch_dag to 2024-03-29T00:00:00+00:00, run_after=2024-03-30T00:00:00+00:00
[2024-03-30T06:22:44.161+0000] {processor.py:179} INFO - Processing /home/airflow/.local/lib/python3.7/site-packages/airflow/example_dags/example_nested_branch_dag.py took 0.112 seconds
[2024-03-30T06:23:14.455+0000] {processor.py:157} INFO - Started process (PID=962) to work on /home/airflow/.local/lib/python3.7/site-packages/airflow/example_dags/example_nested_branch_dag.py
[2024-03-30T06:23:14.456+0000] {processor.py:826} INFO - Processing file /home/airflow/.local/lib/python3.7/site-packages/airflow/example_dags/example_nested_branch_dag.py for tasks to queue
[2024-03-30T06:23:14.456+0000] {logging_mixin.py:149} INFO - [2024-03-30T06:23:14.456+0000] {dagbag.py:541} INFO - Filling up the DagBag from /home/airflow/.local/lib/python3.7/site-packages/airflow/example_dags/example_nested_branch_dag.py
[2024-03-30T06:23:14.465+0000] {processor.py:836} INFO - DAG(s) dict_keys(['example_nested_branch_dag']) retrieved from /home/airflow/.local/lib/python3.7/site-packages/airflow/example_dags/example_nested_branch_dag.py
[2024-03-30T06:23:14.501+0000] {logging_mixin.py:149} INFO - [2024-03-30T06:23:14.501+0000] {dag.py:2726} INFO - Sync 1 DAGs
[2024-03-30T06:23:14.526+0000] {logging_mixin.py:149} INFO - [2024-03-30T06:23:14.526+0000] {dag.py:3490} INFO - Setting next_dagrun for example_nested_branch_dag to 2024-03-29T00:00:00+00:00, run_after=2024-03-30T00:00:00+00:00
[2024-03-30T06:23:14.564+0000] {processor.py:179} INFO - Processing /home/airflow/.local/lib/python3.7/site-packages/airflow/example_dags/example_nested_branch_dag.py took 0.111 seconds
[2024-03-30T06:23:45.697+0000] {processor.py:157} INFO - Started process (PID=1023) to work on /home/airflow/.local/lib/python3.7/site-packages/airflow/example_dags/example_nested_branch_dag.py
[2024-03-30T06:23:45.698+0000] {processor.py:826} INFO - Processing file /home/airflow/.local/lib/python3.7/site-packages/airflow/example_dags/example_nested_branch_dag.py for tasks to queue
[2024-03-30T06:23:45.698+0000] {logging_mixin.py:149} INFO - [2024-03-30T06:23:45.698+0000] {dagbag.py:541} INFO - Filling up the DagBag from /home/airflow/.local/lib/python3.7/site-packages/airflow/example_dags/example_nested_branch_dag.py
[2024-03-30T06:23:45.706+0000] {processor.py:836} INFO - DAG(s) dict_keys(['example_nested_branch_dag']) retrieved from /home/airflow/.local/lib/python3.7/site-packages/airflow/example_dags/example_nested_branch_dag.py
[2024-03-30T06:23:45.745+0000] {logging_mixin.py:149} INFO - [2024-03-30T06:23:45.745+0000] {dag.py:2726} INFO - Sync 1 DAGs
[2024-03-30T06:23:45.773+0000] {logging_mixin.py:149} INFO - [2024-03-30T06:23:45.773+0000] {dag.py:3490} INFO - Setting next_dagrun for example_nested_branch_dag to 2024-03-29T00:00:00+00:00, run_after=2024-03-30T00:00:00+00:00
[2024-03-30T06:23:45.806+0000] {processor.py:179} INFO - Processing /home/airflow/.local/lib/python3.7/site-packages/airflow/example_dags/example_nested_branch_dag.py took 0.112 seconds
[2024-03-30T06:24:16.254+0000] {processor.py:157} INFO - Started process (PID=1084) to work on /home/airflow/.local/lib/python3.7/site-packages/airflow/example_dags/example_nested_branch_dag.py
[2024-03-30T06:24:16.254+0000] {processor.py:826} INFO - Processing file /home/airflow/.local/lib/python3.7/site-packages/airflow/example_dags/example_nested_branch_dag.py for tasks to queue
[2024-03-30T06:24:16.255+0000] {logging_mixin.py:149} INFO - [2024-03-30T06:24:16.255+0000] {dagbag.py:541} INFO - Filling up the DagBag from /home/airflow/.local/lib/python3.7/site-packages/airflow/example_dags/example_nested_branch_dag.py
[2024-03-30T06:24:16.263+0000] {processor.py:836} INFO - DAG(s) dict_keys(['example_nested_branch_dag']) retrieved from /home/airflow/.local/lib/python3.7/site-packages/airflow/example_dags/example_nested_branch_dag.py
[2024-03-30T06:24:16.302+0000] {logging_mixin.py:149} INFO - [2024-03-30T06:24:16.301+0000] {dag.py:2726} INFO - Sync 1 DAGs
[2024-03-30T06:24:16.329+0000] {logging_mixin.py:149} INFO - [2024-03-30T06:24:16.328+0000] {dag.py:3490} INFO - Setting next_dagrun for example_nested_branch_dag to 2024-03-29T00:00:00+00:00, run_after=2024-03-30T00:00:00+00:00
[2024-03-30T06:24:16.361+0000] {processor.py:179} INFO - Processing /home/airflow/.local/lib/python3.7/site-packages/airflow/example_dags/example_nested_branch_dag.py took 0.110 seconds
[2024-03-30T06:24:46.608+0000] {processor.py:157} INFO - Started process (PID=1145) to work on /home/airflow/.local/lib/python3.7/site-packages/airflow/example_dags/example_nested_branch_dag.py
[2024-03-30T06:24:46.613+0000] {processor.py:826} INFO - Processing file /home/airflow/.local/lib/python3.7/site-packages/airflow/example_dags/example_nested_branch_dag.py for tasks to queue
[2024-03-30T06:24:46.613+0000] {logging_mixin.py:149} INFO - [2024-03-30T06:24:46.613+0000] {dagbag.py:541} INFO - Filling up the DagBag from /home/airflow/.local/lib/python3.7/site-packages/airflow/example_dags/example_nested_branch_dag.py
[2024-03-30T06:24:46.623+0000] {processor.py:836} INFO - DAG(s) dict_keys(['example_nested_branch_dag']) retrieved from /home/airflow/.local/lib/python3.7/site-packages/airflow/example_dags/example_nested_branch_dag.py
[2024-03-30T06:24:46.662+0000] {logging_mixin.py:149} INFO - [2024-03-30T06:24:46.662+0000] {dag.py:2726} INFO - Sync 1 DAGs
[2024-03-30T06:24:46.689+0000] {logging_mixin.py:149} INFO - [2024-03-30T06:24:46.689+0000] {dag.py:3490} INFO - Setting next_dagrun for example_nested_branch_dag to 2024-03-29T00:00:00+00:00, run_after=2024-03-30T00:00:00+00:00
[2024-03-30T06:24:46.724+0000] {processor.py:179} INFO - Processing /home/airflow/.local/lib/python3.7/site-packages/airflow/example_dags/example_nested_branch_dag.py took 0.119 seconds
[2024-03-30T06:25:17.125+0000] {processor.py:157} INFO - Started process (PID=1206) to work on /home/airflow/.local/lib/python3.7/site-packages/airflow/example_dags/example_nested_branch_dag.py
[2024-03-30T06:25:17.126+0000] {processor.py:826} INFO - Processing file /home/airflow/.local/lib/python3.7/site-packages/airflow/example_dags/example_nested_branch_dag.py for tasks to queue
[2024-03-30T06:25:17.126+0000] {logging_mixin.py:149} INFO - [2024-03-30T06:25:17.126+0000] {dagbag.py:541} INFO - Filling up the DagBag from /home/airflow/.local/lib/python3.7/site-packages/airflow/example_dags/example_nested_branch_dag.py
[2024-03-30T06:25:17.135+0000] {processor.py:836} INFO - DAG(s) dict_keys(['example_nested_branch_dag']) retrieved from /home/airflow/.local/lib/python3.7/site-packages/airflow/example_dags/example_nested_branch_dag.py
[2024-03-30T06:25:17.173+0000] {logging_mixin.py:149} INFO - [2024-03-30T06:25:17.172+0000] {dag.py:2726} INFO - Sync 1 DAGs
[2024-03-30T06:25:17.198+0000] {logging_mixin.py:149} INFO - [2024-03-30T06:25:17.198+0000] {dag.py:3490} INFO - Setting next_dagrun for example_nested_branch_dag to 2024-03-29T00:00:00+00:00, run_after=2024-03-30T00:00:00+00:00
[2024-03-30T06:25:17.232+0000] {processor.py:179} INFO - Processing /home/airflow/.local/lib/python3.7/site-packages/airflow/example_dags/example_nested_branch_dag.py took 0.110 seconds
[2024-03-30T06:25:47.429+0000] {processor.py:157} INFO - Started process (PID=1267) to work on /home/airflow/.local/lib/python3.7/site-packages/airflow/example_dags/example_nested_branch_dag.py
[2024-03-30T06:25:47.430+0000] {processor.py:826} INFO - Processing file /home/airflow/.local/lib/python3.7/site-packages/airflow/example_dags/example_nested_branch_dag.py for tasks to queue
[2024-03-30T06:25:47.431+0000] {logging_mixin.py:149} INFO - [2024-03-30T06:25:47.431+0000] {dagbag.py:541} INFO - Filling up the DagBag from /home/airflow/.local/lib/python3.7/site-packages/airflow/example_dags/example_nested_branch_dag.py
[2024-03-30T06:25:47.440+0000] {processor.py:836} INFO - DAG(s) dict_keys(['example_nested_branch_dag']) retrieved from /home/airflow/.local/lib/python3.7/site-packages/airflow/example_dags/example_nested_branch_dag.py
[2024-03-30T06:25:47.478+0000] {logging_mixin.py:149} INFO - [2024-03-30T06:25:47.477+0000] {dag.py:2726} INFO - Sync 1 DAGs
[2024-03-30T06:25:47.504+0000] {logging_mixin.py:149} INFO - [2024-03-30T06:25:47.504+0000] {dag.py:3490} INFO - Setting next_dagrun for example_nested_branch_dag to 2024-03-29T00:00:00+00:00, run_after=2024-03-30T00:00:00+00:00
[2024-03-30T06:25:47.536+0000] {processor.py:179} INFO - Processing /home/airflow/.local/lib/python3.7/site-packages/airflow/example_dags/example_nested_branch_dag.py took 0.110 seconds
[2024-03-30T06:26:18.052+0000] {processor.py:157} INFO - Started process (PID=1328) to work on /home/airflow/.local/lib/python3.7/site-packages/airflow/example_dags/example_nested_branch_dag.py
[2024-03-30T06:26:18.053+0000] {processor.py:826} INFO - Processing file /home/airflow/.local/lib/python3.7/site-packages/airflow/example_dags/example_nested_branch_dag.py for tasks to queue
[2024-03-30T06:26:18.053+0000] {logging_mixin.py:149} INFO - [2024-03-30T06:26:18.053+0000] {dagbag.py:541} INFO - Filling up the DagBag from /home/airflow/.local/lib/python3.7/site-packages/airflow/example_dags/example_nested_branch_dag.py
[2024-03-30T06:26:18.063+0000] {processor.py:836} INFO - DAG(s) dict_keys(['example_nested_branch_dag']) retrieved from /home/airflow/.local/lib/python3.7/site-packages/airflow/example_dags/example_nested_branch_dag.py
[2024-03-30T06:26:18.098+0000] {logging_mixin.py:149} INFO - [2024-03-30T06:26:18.098+0000] {dag.py:2726} INFO - Sync 1 DAGs
[2024-03-30T06:26:18.127+0000] {logging_mixin.py:149} INFO - [2024-03-30T06:26:18.127+0000] {dag.py:3490} INFO - Setting next_dagrun for example_nested_branch_dag to 2024-03-29T00:00:00+00:00, run_after=2024-03-30T00:00:00+00:00
[2024-03-30T06:26:18.166+0000] {processor.py:179} INFO - Processing /home/airflow/.local/lib/python3.7/site-packages/airflow/example_dags/example_nested_branch_dag.py took 0.116 seconds
[2024-03-30T06:26:49.130+0000] {processor.py:157} INFO - Started process (PID=1390) to work on /home/airflow/.local/lib/python3.7/site-packages/airflow/example_dags/example_nested_branch_dag.py
[2024-03-30T06:26:49.131+0000] {processor.py:826} INFO - Processing file /home/airflow/.local/lib/python3.7/site-packages/airflow/example_dags/example_nested_branch_dag.py for tasks to queue
[2024-03-30T06:26:49.131+0000] {logging_mixin.py:149} INFO - [2024-03-30T06:26:49.131+0000] {dagbag.py:541} INFO - Filling up the DagBag from /home/airflow/.local/lib/python3.7/site-packages/airflow/example_dags/example_nested_branch_dag.py
[2024-03-30T06:26:49.141+0000] {processor.py:836} INFO - DAG(s) dict_keys(['example_nested_branch_dag']) retrieved from /home/airflow/.local/lib/python3.7/site-packages/airflow/example_dags/example_nested_branch_dag.py
[2024-03-30T06:26:49.187+0000] {logging_mixin.py:149} INFO - [2024-03-30T06:26:49.187+0000] {dag.py:2726} INFO - Sync 1 DAGs
[2024-03-30T06:26:49.217+0000] {logging_mixin.py:149} INFO - [2024-03-30T06:26:49.217+0000] {dag.py:3490} INFO - Setting next_dagrun for example_nested_branch_dag to 2024-03-29T00:00:00+00:00, run_after=2024-03-30T00:00:00+00:00
[2024-03-30T06:26:49.254+0000] {processor.py:179} INFO - Processing /home/airflow/.local/lib/python3.7/site-packages/airflow/example_dags/example_nested_branch_dag.py took 0.127 seconds
[2024-03-30T06:27:19.653+0000] {processor.py:157} INFO - Started process (PID=1451) to work on /home/airflow/.local/lib/python3.7/site-packages/airflow/example_dags/example_nested_branch_dag.py
[2024-03-30T06:27:19.654+0000] {processor.py:826} INFO - Processing file /home/airflow/.local/lib/python3.7/site-packages/airflow/example_dags/example_nested_branch_dag.py for tasks to queue
[2024-03-30T06:27:19.655+0000] {logging_mixin.py:149} INFO - [2024-03-30T06:27:19.654+0000] {dagbag.py:541} INFO - Filling up the DagBag from /home/airflow/.local/lib/python3.7/site-packages/airflow/example_dags/example_nested_branch_dag.py
[2024-03-30T06:27:19.663+0000] {processor.py:836} INFO - DAG(s) dict_keys(['example_nested_branch_dag']) retrieved from /home/airflow/.local/lib/python3.7/site-packages/airflow/example_dags/example_nested_branch_dag.py
[2024-03-30T06:27:19.701+0000] {logging_mixin.py:149} INFO - [2024-03-30T06:27:19.701+0000] {dag.py:2726} INFO - Sync 1 DAGs
[2024-03-30T06:27:19.733+0000] {logging_mixin.py:149} INFO - [2024-03-30T06:27:19.732+0000] {dag.py:3490} INFO - Setting next_dagrun for example_nested_branch_dag to 2024-03-29T00:00:00+00:00, run_after=2024-03-30T00:00:00+00:00
[2024-03-30T06:27:19.767+0000] {processor.py:179} INFO - Processing /home/airflow/.local/lib/python3.7/site-packages/airflow/example_dags/example_nested_branch_dag.py took 0.116 seconds
[2024-03-30T06:27:50.314+0000] {processor.py:157} INFO - Started process (PID=1513) to work on /home/airflow/.local/lib/python3.7/site-packages/airflow/example_dags/example_nested_branch_dag.py
[2024-03-30T06:27:50.315+0000] {processor.py:826} INFO - Processing file /home/airflow/.local/lib/python3.7/site-packages/airflow/example_dags/example_nested_branch_dag.py for tasks to queue
[2024-03-30T06:27:50.316+0000] {logging_mixin.py:149} INFO - [2024-03-30T06:27:50.315+0000] {dagbag.py:541} INFO - Filling up the DagBag from /home/airflow/.local/lib/python3.7/site-packages/airflow/example_dags/example_nested_branch_dag.py
[2024-03-30T06:27:50.326+0000] {processor.py:836} INFO - DAG(s) dict_keys(['example_nested_branch_dag']) retrieved from /home/airflow/.local/lib/python3.7/site-packages/airflow/example_dags/example_nested_branch_dag.py
[2024-03-30T06:27:50.373+0000] {logging_mixin.py:149} INFO - [2024-03-30T06:27:50.373+0000] {dag.py:2726} INFO - Sync 1 DAGs
[2024-03-30T06:27:50.402+0000] {logging_mixin.py:149} INFO - [2024-03-30T06:27:50.402+0000] {dag.py:3490} INFO - Setting next_dagrun for example_nested_branch_dag to 2024-03-29T00:00:00+00:00, run_after=2024-03-30T00:00:00+00:00
[2024-03-30T06:27:50.438+0000] {processor.py:179} INFO - Processing /home/airflow/.local/lib/python3.7/site-packages/airflow/example_dags/example_nested_branch_dag.py took 0.128 seconds
[2024-03-30T06:28:21.386+0000] {processor.py:157} INFO - Started process (PID=1574) to work on /home/airflow/.local/lib/python3.7/site-packages/airflow/example_dags/example_nested_branch_dag.py
[2024-03-30T06:28:21.386+0000] {processor.py:826} INFO - Processing file /home/airflow/.local/lib/python3.7/site-packages/airflow/example_dags/example_nested_branch_dag.py for tasks to queue
[2024-03-30T06:28:21.387+0000] {logging_mixin.py:149} INFO - [2024-03-30T06:28:21.387+0000] {dagbag.py:541} INFO - Filling up the DagBag from /home/airflow/.local/lib/python3.7/site-packages/airflow/example_dags/example_nested_branch_dag.py
[2024-03-30T06:28:21.397+0000] {processor.py:836} INFO - DAG(s) dict_keys(['example_nested_branch_dag']) retrieved from /home/airflow/.local/lib/python3.7/site-packages/airflow/example_dags/example_nested_branch_dag.py
[2024-03-30T06:28:21.435+0000] {logging_mixin.py:149} INFO - [2024-03-30T06:28:21.435+0000] {dag.py:2726} INFO - Sync 1 DAGs
[2024-03-30T06:28:21.462+0000] {logging_mixin.py:149} INFO - [2024-03-30T06:28:21.462+0000] {dag.py:3490} INFO - Setting next_dagrun for example_nested_branch_dag to 2024-03-29T00:00:00+00:00, run_after=2024-03-30T00:00:00+00:00
[2024-03-30T06:28:21.493+0000] {processor.py:179} INFO - Processing /home/airflow/.local/lib/python3.7/site-packages/airflow/example_dags/example_nested_branch_dag.py took 0.111 seconds
[2024-03-30T06:28:51.940+0000] {processor.py:157} INFO - Started process (PID=1635) to work on /home/airflow/.local/lib/python3.7/site-packages/airflow/example_dags/example_nested_branch_dag.py
[2024-03-30T06:28:51.941+0000] {processor.py:826} INFO - Processing file /home/airflow/.local/lib/python3.7/site-packages/airflow/example_dags/example_nested_branch_dag.py for tasks to queue
[2024-03-30T06:28:51.941+0000] {logging_mixin.py:149} INFO - [2024-03-30T06:28:51.941+0000] {dagbag.py:541} INFO - Filling up the DagBag from /home/airflow/.local/lib/python3.7/site-packages/airflow/example_dags/example_nested_branch_dag.py
[2024-03-30T06:28:51.950+0000] {processor.py:836} INFO - DAG(s) dict_keys(['example_nested_branch_dag']) retrieved from /home/airflow/.local/lib/python3.7/site-packages/airflow/example_dags/example_nested_branch_dag.py
[2024-03-30T06:28:51.986+0000] {logging_mixin.py:149} INFO - [2024-03-30T06:28:51.986+0000] {dag.py:2726} INFO - Sync 1 DAGs
[2024-03-30T06:28:52.011+0000] {logging_mixin.py:149} INFO - [2024-03-30T06:28:52.011+0000] {dag.py:3490} INFO - Setting next_dagrun for example_nested_branch_dag to 2024-03-29T00:00:00+00:00, run_after=2024-03-30T00:00:00+00:00
[2024-03-30T06:28:52.043+0000] {processor.py:179} INFO - Processing /home/airflow/.local/lib/python3.7/site-packages/airflow/example_dags/example_nested_branch_dag.py took 0.106 seconds
[2024-03-30T06:29:22.488+0000] {processor.py:157} INFO - Started process (PID=1696) to work on /home/airflow/.local/lib/python3.7/site-packages/airflow/example_dags/example_nested_branch_dag.py
[2024-03-30T06:29:22.489+0000] {processor.py:826} INFO - Processing file /home/airflow/.local/lib/python3.7/site-packages/airflow/example_dags/example_nested_branch_dag.py for tasks to queue
[2024-03-30T06:29:22.489+0000] {logging_mixin.py:149} INFO - [2024-03-30T06:29:22.489+0000] {dagbag.py:541} INFO - Filling up the DagBag from /home/airflow/.local/lib/python3.7/site-packages/airflow/example_dags/example_nested_branch_dag.py
[2024-03-30T06:29:22.499+0000] {processor.py:836} INFO - DAG(s) dict_keys(['example_nested_branch_dag']) retrieved from /home/airflow/.local/lib/python3.7/site-packages/airflow/example_dags/example_nested_branch_dag.py
[2024-03-30T06:29:22.536+0000] {logging_mixin.py:149} INFO - [2024-03-30T06:29:22.536+0000] {dag.py:2726} INFO - Sync 1 DAGs
[2024-03-30T06:29:22.563+0000] {logging_mixin.py:149} INFO - [2024-03-30T06:29:22.563+0000] {dag.py:3490} INFO - Setting next_dagrun for example_nested_branch_dag to 2024-03-29T00:00:00+00:00, run_after=2024-03-30T00:00:00+00:00
[2024-03-30T06:29:22.598+0000] {processor.py:179} INFO - Processing /home/airflow/.local/lib/python3.7/site-packages/airflow/example_dags/example_nested_branch_dag.py took 0.113 seconds
[2024-03-30T06:29:53.010+0000] {processor.py:157} INFO - Started process (PID=1757) to work on /home/airflow/.local/lib/python3.7/site-packages/airflow/example_dags/example_nested_branch_dag.py
[2024-03-30T06:29:53.011+0000] {processor.py:826} INFO - Processing file /home/airflow/.local/lib/python3.7/site-packages/airflow/example_dags/example_nested_branch_dag.py for tasks to queue
[2024-03-30T06:29:53.012+0000] {logging_mixin.py:149} INFO - [2024-03-30T06:29:53.012+0000] {dagbag.py:541} INFO - Filling up the DagBag from /home/airflow/.local/lib/python3.7/site-packages/airflow/example_dags/example_nested_branch_dag.py
[2024-03-30T06:29:53.020+0000] {processor.py:836} INFO - DAG(s) dict_keys(['example_nested_branch_dag']) retrieved from /home/airflow/.local/lib/python3.7/site-packages/airflow/example_dags/example_nested_branch_dag.py
[2024-03-30T06:29:53.061+0000] {logging_mixin.py:149} INFO - [2024-03-30T06:29:53.061+0000] {dag.py:2726} INFO - Sync 1 DAGs
[2024-03-30T06:29:53.141+0000] {logging_mixin.py:149} INFO - [2024-03-30T06:29:53.141+0000] {dag.py:3490} INFO - Setting next_dagrun for example_nested_branch_dag to 2024-03-29T00:00:00+00:00, run_after=2024-03-30T00:00:00+00:00
[2024-03-30T06:29:53.187+0000] {processor.py:179} INFO - Processing /home/airflow/.local/lib/python3.7/site-packages/airflow/example_dags/example_nested_branch_dag.py took 0.180 seconds
[2024-03-30T06:30:23.550+0000] {processor.py:157} INFO - Started process (PID=1818) to work on /home/airflow/.local/lib/python3.7/site-packages/airflow/example_dags/example_nested_branch_dag.py
[2024-03-30T06:30:23.551+0000] {processor.py:826} INFO - Processing file /home/airflow/.local/lib/python3.7/site-packages/airflow/example_dags/example_nested_branch_dag.py for tasks to queue
[2024-03-30T06:30:23.551+0000] {logging_mixin.py:149} INFO - [2024-03-30T06:30:23.551+0000] {dagbag.py:541} INFO - Filling up the DagBag from /home/airflow/.local/lib/python3.7/site-packages/airflow/example_dags/example_nested_branch_dag.py
[2024-03-30T06:30:23.561+0000] {processor.py:836} INFO - DAG(s) dict_keys(['example_nested_branch_dag']) retrieved from /home/airflow/.local/lib/python3.7/site-packages/airflow/example_dags/example_nested_branch_dag.py
[2024-03-30T06:30:23.597+0000] {logging_mixin.py:149} INFO - [2024-03-30T06:30:23.597+0000] {dag.py:2726} INFO - Sync 1 DAGs
[2024-03-30T06:30:23.623+0000] {logging_mixin.py:149} INFO - [2024-03-30T06:30:23.623+0000] {dag.py:3490} INFO - Setting next_dagrun for example_nested_branch_dag to 2024-03-29T00:00:00+00:00, run_after=2024-03-30T00:00:00+00:00
[2024-03-30T06:30:23.657+0000] {processor.py:179} INFO - Processing /home/airflow/.local/lib/python3.7/site-packages/airflow/example_dags/example_nested_branch_dag.py took 0.110 seconds
[2024-03-30T06:30:54.082+0000] {processor.py:157} INFO - Started process (PID=1879) to work on /home/airflow/.local/lib/python3.7/site-packages/airflow/example_dags/example_nested_branch_dag.py
[2024-03-30T06:30:54.083+0000] {processor.py:826} INFO - Processing file /home/airflow/.local/lib/python3.7/site-packages/airflow/example_dags/example_nested_branch_dag.py for tasks to queue
[2024-03-30T06:30:54.083+0000] {logging_mixin.py:149} INFO - [2024-03-30T06:30:54.083+0000] {dagbag.py:541} INFO - Filling up the DagBag from /home/airflow/.local/lib/python3.7/site-packages/airflow/example_dags/example_nested_branch_dag.py
[2024-03-30T06:30:54.093+0000] {processor.py:836} INFO - DAG(s) dict_keys(['example_nested_branch_dag']) retrieved from /home/airflow/.local/lib/python3.7/site-packages/airflow/example_dags/example_nested_branch_dag.py
[2024-03-30T06:30:54.134+0000] {logging_mixin.py:149} INFO - [2024-03-30T06:30:54.134+0000] {dag.py:2726} INFO - Sync 1 DAGs
[2024-03-30T06:30:54.163+0000] {logging_mixin.py:149} INFO - [2024-03-30T06:30:54.163+0000] {dag.py:3490} INFO - Setting next_dagrun for example_nested_branch_dag to 2024-03-29T00:00:00+00:00, run_after=2024-03-30T00:00:00+00:00
[2024-03-30T06:30:54.197+0000] {processor.py:179} INFO - Processing /home/airflow/.local/lib/python3.7/site-packages/airflow/example_dags/example_nested_branch_dag.py took 0.118 seconds
[2024-03-30T06:31:25.024+0000] {processor.py:157} INFO - Started process (PID=1947) to work on /home/airflow/.local/lib/python3.7/site-packages/airflow/example_dags/example_nested_branch_dag.py
[2024-03-30T06:31:25.025+0000] {processor.py:826} INFO - Processing file /home/airflow/.local/lib/python3.7/site-packages/airflow/example_dags/example_nested_branch_dag.py for tasks to queue
[2024-03-30T06:31:25.025+0000] {logging_mixin.py:149} INFO - [2024-03-30T06:31:25.025+0000] {dagbag.py:541} INFO - Filling up the DagBag from /home/airflow/.local/lib/python3.7/site-packages/airflow/example_dags/example_nested_branch_dag.py
[2024-03-30T06:31:25.034+0000] {processor.py:836} INFO - DAG(s) dict_keys(['example_nested_branch_dag']) retrieved from /home/airflow/.local/lib/python3.7/site-packages/airflow/example_dags/example_nested_branch_dag.py
[2024-03-30T06:31:25.077+0000] {logging_mixin.py:149} INFO - [2024-03-30T06:31:25.076+0000] {dag.py:2726} INFO - Sync 1 DAGs
[2024-03-30T06:31:25.103+0000] {logging_mixin.py:149} INFO - [2024-03-30T06:31:25.103+0000] {dag.py:3490} INFO - Setting next_dagrun for example_nested_branch_dag to 2024-03-29T00:00:00+00:00, run_after=2024-03-30T00:00:00+00:00
[2024-03-30T06:31:25.143+0000] {processor.py:179} INFO - Processing /home/airflow/.local/lib/python3.7/site-packages/airflow/example_dags/example_nested_branch_dag.py took 0.123 seconds
[2024-03-30T08:20:56.666+0000] {processor.py:157} INFO - Started process (PID=55) to work on /home/airflow/.local/lib/python3.7/site-packages/airflow/example_dags/example_nested_branch_dag.py
[2024-03-30T08:20:56.667+0000] {processor.py:826} INFO - Processing file /home/airflow/.local/lib/python3.7/site-packages/airflow/example_dags/example_nested_branch_dag.py for tasks to queue
[2024-03-30T08:20:56.669+0000] {logging_mixin.py:149} INFO - [2024-03-30T08:20:56.669+0000] {dagbag.py:541} INFO - Filling up the DagBag from /home/airflow/.local/lib/python3.7/site-packages/airflow/example_dags/example_nested_branch_dag.py
[2024-03-30T08:20:56.687+0000] {processor.py:836} INFO - DAG(s) dict_keys(['example_nested_branch_dag']) retrieved from /home/airflow/.local/lib/python3.7/site-packages/airflow/example_dags/example_nested_branch_dag.py
[2024-03-30T08:20:56.760+0000] {logging_mixin.py:149} INFO - [2024-03-30T08:20:56.759+0000] {dag.py:2726} INFO - Sync 1 DAGs
[2024-03-30T08:20:56.848+0000] {logging_mixin.py:149} INFO - [2024-03-30T08:20:56.848+0000] {dag.py:3490} INFO - Setting next_dagrun for example_nested_branch_dag to 2024-03-29T00:00:00+00:00, run_after=2024-03-30T00:00:00+00:00
[2024-03-30T08:20:56.902+0000] {processor.py:179} INFO - Processing /home/airflow/.local/lib/python3.7/site-packages/airflow/example_dags/example_nested_branch_dag.py took 0.242 seconds
[2024-03-30T08:21:27.056+0000] {processor.py:157} INFO - Started process (PID=116) to work on /home/airflow/.local/lib/python3.7/site-packages/airflow/example_dags/example_nested_branch_dag.py
[2024-03-30T08:21:27.057+0000] {processor.py:826} INFO - Processing file /home/airflow/.local/lib/python3.7/site-packages/airflow/example_dags/example_nested_branch_dag.py for tasks to queue
[2024-03-30T08:21:27.058+0000] {logging_mixin.py:149} INFO - [2024-03-30T08:21:27.058+0000] {dagbag.py:541} INFO - Filling up the DagBag from /home/airflow/.local/lib/python3.7/site-packages/airflow/example_dags/example_nested_branch_dag.py
[2024-03-30T08:21:27.069+0000] {processor.py:836} INFO - DAG(s) dict_keys(['example_nested_branch_dag']) retrieved from /home/airflow/.local/lib/python3.7/site-packages/airflow/example_dags/example_nested_branch_dag.py
[2024-03-30T08:21:27.114+0000] {logging_mixin.py:149} INFO - [2024-03-30T08:21:27.114+0000] {dag.py:2726} INFO - Sync 1 DAGs
[2024-03-30T08:21:27.143+0000] {logging_mixin.py:149} INFO - [2024-03-30T08:21:27.143+0000] {dag.py:3490} INFO - Setting next_dagrun for example_nested_branch_dag to 2024-03-29T00:00:00+00:00, run_after=2024-03-30T00:00:00+00:00
[2024-03-30T08:21:27.180+0000] {processor.py:179} INFO - Processing /home/airflow/.local/lib/python3.7/site-packages/airflow/example_dags/example_nested_branch_dag.py took 0.128 seconds
[2024-03-30T08:21:57.737+0000] {processor.py:157} INFO - Started process (PID=177) to work on /home/airflow/.local/lib/python3.7/site-packages/airflow/example_dags/example_nested_branch_dag.py
[2024-03-30T08:21:57.739+0000] {processor.py:826} INFO - Processing file /home/airflow/.local/lib/python3.7/site-packages/airflow/example_dags/example_nested_branch_dag.py for tasks to queue
[2024-03-30T08:21:57.740+0000] {logging_mixin.py:149} INFO - [2024-03-30T08:21:57.739+0000] {dagbag.py:541} INFO - Filling up the DagBag from /home/airflow/.local/lib/python3.7/site-packages/airflow/example_dags/example_nested_branch_dag.py
[2024-03-30T08:21:57.748+0000] {processor.py:836} INFO - DAG(s) dict_keys(['example_nested_branch_dag']) retrieved from /home/airflow/.local/lib/python3.7/site-packages/airflow/example_dags/example_nested_branch_dag.py
[2024-03-30T08:21:57.791+0000] {logging_mixin.py:149} INFO - [2024-03-30T08:21:57.791+0000] {dag.py:2726} INFO - Sync 1 DAGs
[2024-03-30T08:21:57.922+0000] {logging_mixin.py:149} INFO - [2024-03-30T08:21:57.922+0000] {dag.py:3490} INFO - Setting next_dagrun for example_nested_branch_dag to 2024-03-29T00:00:00+00:00, run_after=2024-03-30T00:00:00+00:00
[2024-03-30T08:21:57.972+0000] {processor.py:179} INFO - Processing /home/airflow/.local/lib/python3.7/site-packages/airflow/example_dags/example_nested_branch_dag.py took 0.239 seconds
[2024-03-30T08:22:28.380+0000] {processor.py:157} INFO - Started process (PID=238) to work on /home/airflow/.local/lib/python3.7/site-packages/airflow/example_dags/example_nested_branch_dag.py
[2024-03-30T08:22:28.381+0000] {processor.py:826} INFO - Processing file /home/airflow/.local/lib/python3.7/site-packages/airflow/example_dags/example_nested_branch_dag.py for tasks to queue
[2024-03-30T08:22:28.382+0000] {logging_mixin.py:149} INFO - [2024-03-30T08:22:28.381+0000] {dagbag.py:541} INFO - Filling up the DagBag from /home/airflow/.local/lib/python3.7/site-packages/airflow/example_dags/example_nested_branch_dag.py
[2024-03-30T08:22:28.394+0000] {processor.py:836} INFO - DAG(s) dict_keys(['example_nested_branch_dag']) retrieved from /home/airflow/.local/lib/python3.7/site-packages/airflow/example_dags/example_nested_branch_dag.py
[2024-03-30T08:22:28.444+0000] {logging_mixin.py:149} INFO - [2024-03-30T08:22:28.443+0000] {dag.py:2726} INFO - Sync 1 DAGs
[2024-03-30T08:22:28.488+0000] {logging_mixin.py:149} INFO - [2024-03-30T08:22:28.488+0000] {dag.py:3490} INFO - Setting next_dagrun for example_nested_branch_dag to 2024-03-29T00:00:00+00:00, run_after=2024-03-30T00:00:00+00:00
[2024-03-30T08:22:28.534+0000] {processor.py:179} INFO - Processing /home/airflow/.local/lib/python3.7/site-packages/airflow/example_dags/example_nested_branch_dag.py took 0.158 seconds
[2024-03-30T08:22:58.857+0000] {processor.py:157} INFO - Started process (PID=299) to work on /home/airflow/.local/lib/python3.7/site-packages/airflow/example_dags/example_nested_branch_dag.py
[2024-03-30T08:22:58.859+0000] {processor.py:826} INFO - Processing file /home/airflow/.local/lib/python3.7/site-packages/airflow/example_dags/example_nested_branch_dag.py for tasks to queue
[2024-03-30T08:22:58.860+0000] {logging_mixin.py:149} INFO - [2024-03-30T08:22:58.860+0000] {dagbag.py:541} INFO - Filling up the DagBag from /home/airflow/.local/lib/python3.7/site-packages/airflow/example_dags/example_nested_branch_dag.py
[2024-03-30T08:22:58.869+0000] {processor.py:836} INFO - DAG(s) dict_keys(['example_nested_branch_dag']) retrieved from /home/airflow/.local/lib/python3.7/site-packages/airflow/example_dags/example_nested_branch_dag.py
[2024-03-30T08:22:58.921+0000] {logging_mixin.py:149} INFO - [2024-03-30T08:22:58.920+0000] {dag.py:2726} INFO - Sync 1 DAGs
[2024-03-30T08:22:58.951+0000] {logging_mixin.py:149} INFO - [2024-03-30T08:22:58.951+0000] {dag.py:3490} INFO - Setting next_dagrun for example_nested_branch_dag to 2024-03-29T00:00:00+00:00, run_after=2024-03-30T00:00:00+00:00
[2024-03-30T08:22:58.999+0000] {processor.py:179} INFO - Processing /home/airflow/.local/lib/python3.7/site-packages/airflow/example_dags/example_nested_branch_dag.py took 0.144 seconds
[2024-03-30T08:23:29.526+0000] {processor.py:157} INFO - Started process (PID=359) to work on /home/airflow/.local/lib/python3.7/site-packages/airflow/example_dags/example_nested_branch_dag.py
[2024-03-30T08:23:29.528+0000] {processor.py:826} INFO - Processing file /home/airflow/.local/lib/python3.7/site-packages/airflow/example_dags/example_nested_branch_dag.py for tasks to queue
[2024-03-30T08:23:29.529+0000] {logging_mixin.py:149} INFO - [2024-03-30T08:23:29.528+0000] {dagbag.py:541} INFO - Filling up the DagBag from /home/airflow/.local/lib/python3.7/site-packages/airflow/example_dags/example_nested_branch_dag.py
[2024-03-30T08:23:29.537+0000] {processor.py:836} INFO - DAG(s) dict_keys(['example_nested_branch_dag']) retrieved from /home/airflow/.local/lib/python3.7/site-packages/airflow/example_dags/example_nested_branch_dag.py
[2024-03-30T08:23:29.584+0000] {logging_mixin.py:149} INFO - [2024-03-30T08:23:29.584+0000] {dag.py:2726} INFO - Sync 1 DAGs
[2024-03-30T08:23:29.617+0000] {logging_mixin.py:149} INFO - [2024-03-30T08:23:29.617+0000] {dag.py:3490} INFO - Setting next_dagrun for example_nested_branch_dag to 2024-03-29T00:00:00+00:00, run_after=2024-03-30T00:00:00+00:00
[2024-03-30T08:23:29.660+0000] {processor.py:179} INFO - Processing /home/airflow/.local/lib/python3.7/site-packages/airflow/example_dags/example_nested_branch_dag.py took 0.139 seconds
[2024-03-30T08:23:59.819+0000] {processor.py:157} INFO - Started process (PID=419) to work on /home/airflow/.local/lib/python3.7/site-packages/airflow/example_dags/example_nested_branch_dag.py
[2024-03-30T08:23:59.820+0000] {processor.py:826} INFO - Processing file /home/airflow/.local/lib/python3.7/site-packages/airflow/example_dags/example_nested_branch_dag.py for tasks to queue
[2024-03-30T08:23:59.821+0000] {logging_mixin.py:149} INFO - [2024-03-30T08:23:59.821+0000] {dagbag.py:541} INFO - Filling up the DagBag from /home/airflow/.local/lib/python3.7/site-packages/airflow/example_dags/example_nested_branch_dag.py
[2024-03-30T08:23:59.831+0000] {processor.py:836} INFO - DAG(s) dict_keys(['example_nested_branch_dag']) retrieved from /home/airflow/.local/lib/python3.7/site-packages/airflow/example_dags/example_nested_branch_dag.py
[2024-03-30T08:23:59.874+0000] {logging_mixin.py:149} INFO - [2024-03-30T08:23:59.874+0000] {dag.py:2726} INFO - Sync 1 DAGs
[2024-03-30T08:23:59.909+0000] {logging_mixin.py:149} INFO - [2024-03-30T08:23:59.909+0000] {dag.py:3490} INFO - Setting next_dagrun for example_nested_branch_dag to 2024-03-29T00:00:00+00:00, run_after=2024-03-30T00:00:00+00:00
[2024-03-30T08:23:59.946+0000] {processor.py:179} INFO - Processing /home/airflow/.local/lib/python3.7/site-packages/airflow/example_dags/example_nested_branch_dag.py took 0.130 seconds
[2024-03-30T08:24:30.195+0000] {processor.py:157} INFO - Started process (PID=480) to work on /home/airflow/.local/lib/python3.7/site-packages/airflow/example_dags/example_nested_branch_dag.py
[2024-03-30T08:24:30.196+0000] {processor.py:826} INFO - Processing file /home/airflow/.local/lib/python3.7/site-packages/airflow/example_dags/example_nested_branch_dag.py for tasks to queue
[2024-03-30T08:24:30.197+0000] {logging_mixin.py:149} INFO - [2024-03-30T08:24:30.196+0000] {dagbag.py:541} INFO - Filling up the DagBag from /home/airflow/.local/lib/python3.7/site-packages/airflow/example_dags/example_nested_branch_dag.py
[2024-03-30T08:24:30.208+0000] {processor.py:836} INFO - DAG(s) dict_keys(['example_nested_branch_dag']) retrieved from /home/airflow/.local/lib/python3.7/site-packages/airflow/example_dags/example_nested_branch_dag.py
[2024-03-30T08:24:30.254+0000] {logging_mixin.py:149} INFO - [2024-03-30T08:24:30.253+0000] {dag.py:2726} INFO - Sync 1 DAGs
[2024-03-30T08:24:30.289+0000] {logging_mixin.py:149} INFO - [2024-03-30T08:24:30.288+0000] {dag.py:3490} INFO - Setting next_dagrun for example_nested_branch_dag to 2024-03-29T00:00:00+00:00, run_after=2024-03-30T00:00:00+00:00
[2024-03-30T08:24:30.332+0000] {processor.py:179} INFO - Processing /home/airflow/.local/lib/python3.7/site-packages/airflow/example_dags/example_nested_branch_dag.py took 0.141 seconds
[2024-03-30T08:25:00.556+0000] {processor.py:157} INFO - Started process (PID=541) to work on /home/airflow/.local/lib/python3.7/site-packages/airflow/example_dags/example_nested_branch_dag.py
[2024-03-30T08:25:00.557+0000] {processor.py:826} INFO - Processing file /home/airflow/.local/lib/python3.7/site-packages/airflow/example_dags/example_nested_branch_dag.py for tasks to queue
[2024-03-30T08:25:00.558+0000] {logging_mixin.py:149} INFO - [2024-03-30T08:25:00.557+0000] {dagbag.py:541} INFO - Filling up the DagBag from /home/airflow/.local/lib/python3.7/site-packages/airflow/example_dags/example_nested_branch_dag.py
[2024-03-30T08:25:00.566+0000] {processor.py:836} INFO - DAG(s) dict_keys(['example_nested_branch_dag']) retrieved from /home/airflow/.local/lib/python3.7/site-packages/airflow/example_dags/example_nested_branch_dag.py
[2024-03-30T08:25:00.611+0000] {logging_mixin.py:149} INFO - [2024-03-30T08:25:00.610+0000] {dag.py:2726} INFO - Sync 1 DAGs
[2024-03-30T08:25:00.637+0000] {logging_mixin.py:149} INFO - [2024-03-30T08:25:00.637+0000] {dag.py:3490} INFO - Setting next_dagrun for example_nested_branch_dag to 2024-03-29T00:00:00+00:00, run_after=2024-03-30T00:00:00+00:00
[2024-03-30T08:25:00.672+0000] {processor.py:179} INFO - Processing /home/airflow/.local/lib/python3.7/site-packages/airflow/example_dags/example_nested_branch_dag.py took 0.119 seconds
[2024-03-30T08:25:30.750+0000] {processor.py:157} INFO - Started process (PID=602) to work on /home/airflow/.local/lib/python3.7/site-packages/airflow/example_dags/example_nested_branch_dag.py
[2024-03-30T08:25:30.751+0000] {processor.py:826} INFO - Processing file /home/airflow/.local/lib/python3.7/site-packages/airflow/example_dags/example_nested_branch_dag.py for tasks to queue
[2024-03-30T08:25:30.752+0000] {logging_mixin.py:149} INFO - [2024-03-30T08:25:30.752+0000] {dagbag.py:541} INFO - Filling up the DagBag from /home/airflow/.local/lib/python3.7/site-packages/airflow/example_dags/example_nested_branch_dag.py
[2024-03-30T08:25:30.761+0000] {processor.py:836} INFO - DAG(s) dict_keys(['example_nested_branch_dag']) retrieved from /home/airflow/.local/lib/python3.7/site-packages/airflow/example_dags/example_nested_branch_dag.py
[2024-03-30T08:25:30.804+0000] {logging_mixin.py:149} INFO - [2024-03-30T08:25:30.804+0000] {dag.py:2726} INFO - Sync 1 DAGs
[2024-03-30T08:25:30.846+0000] {logging_mixin.py:149} INFO - [2024-03-30T08:25:30.846+0000] {dag.py:3490} INFO - Setting next_dagrun for example_nested_branch_dag to 2024-03-29T00:00:00+00:00, run_after=2024-03-30T00:00:00+00:00
[2024-03-30T08:25:30.886+0000] {processor.py:179} INFO - Processing /home/airflow/.local/lib/python3.7/site-packages/airflow/example_dags/example_nested_branch_dag.py took 0.139 seconds
[2024-03-30T08:26:01.192+0000] {processor.py:157} INFO - Started process (PID=663) to work on /home/airflow/.local/lib/python3.7/site-packages/airflow/example_dags/example_nested_branch_dag.py
[2024-03-30T08:26:01.193+0000] {processor.py:826} INFO - Processing file /home/airflow/.local/lib/python3.7/site-packages/airflow/example_dags/example_nested_branch_dag.py for tasks to queue
[2024-03-30T08:26:01.194+0000] {logging_mixin.py:149} INFO - [2024-03-30T08:26:01.193+0000] {dagbag.py:541} INFO - Filling up the DagBag from /home/airflow/.local/lib/python3.7/site-packages/airflow/example_dags/example_nested_branch_dag.py
[2024-03-30T08:26:01.203+0000] {processor.py:836} INFO - DAG(s) dict_keys(['example_nested_branch_dag']) retrieved from /home/airflow/.local/lib/python3.7/site-packages/airflow/example_dags/example_nested_branch_dag.py
[2024-03-30T08:26:01.248+0000] {logging_mixin.py:149} INFO - [2024-03-30T08:26:01.247+0000] {dag.py:2726} INFO - Sync 1 DAGs
[2024-03-30T08:26:01.346+0000] {logging_mixin.py:149} INFO - [2024-03-30T08:26:01.346+0000] {dag.py:3490} INFO - Setting next_dagrun for example_nested_branch_dag to 2024-03-29T00:00:00+00:00, run_after=2024-03-30T00:00:00+00:00
[2024-03-30T08:26:01.391+0000] {processor.py:179} INFO - Processing /home/airflow/.local/lib/python3.7/site-packages/airflow/example_dags/example_nested_branch_dag.py took 0.203 seconds
[2024-03-30T08:26:31.470+0000] {processor.py:157} INFO - Started process (PID=724) to work on /home/airflow/.local/lib/python3.7/site-packages/airflow/example_dags/example_nested_branch_dag.py
[2024-03-30T08:26:31.471+0000] {processor.py:826} INFO - Processing file /home/airflow/.local/lib/python3.7/site-packages/airflow/example_dags/example_nested_branch_dag.py for tasks to queue
[2024-03-30T08:26:31.471+0000] {logging_mixin.py:149} INFO - [2024-03-30T08:26:31.471+0000] {dagbag.py:541} INFO - Filling up the DagBag from /home/airflow/.local/lib/python3.7/site-packages/airflow/example_dags/example_nested_branch_dag.py
[2024-03-30T08:26:31.480+0000] {processor.py:836} INFO - DAG(s) dict_keys(['example_nested_branch_dag']) retrieved from /home/airflow/.local/lib/python3.7/site-packages/airflow/example_dags/example_nested_branch_dag.py
[2024-03-30T08:26:31.527+0000] {logging_mixin.py:149} INFO - [2024-03-30T08:26:31.527+0000] {dag.py:2726} INFO - Sync 1 DAGs
[2024-03-30T08:26:31.574+0000] {logging_mixin.py:149} INFO - [2024-03-30T08:26:31.574+0000] {dag.py:3490} INFO - Setting next_dagrun for example_nested_branch_dag to 2024-03-29T00:00:00+00:00, run_after=2024-03-30T00:00:00+00:00
[2024-03-30T08:26:31.619+0000] {processor.py:179} INFO - Processing /home/airflow/.local/lib/python3.7/site-packages/airflow/example_dags/example_nested_branch_dag.py took 0.151 seconds
[2024-03-30T08:27:01.784+0000] {processor.py:157} INFO - Started process (PID=785) to work on /home/airflow/.local/lib/python3.7/site-packages/airflow/example_dags/example_nested_branch_dag.py
[2024-03-30T08:27:01.785+0000] {processor.py:826} INFO - Processing file /home/airflow/.local/lib/python3.7/site-packages/airflow/example_dags/example_nested_branch_dag.py for tasks to queue
[2024-03-30T08:27:01.785+0000] {logging_mixin.py:149} INFO - [2024-03-30T08:27:01.785+0000] {dagbag.py:541} INFO - Filling up the DagBag from /home/airflow/.local/lib/python3.7/site-packages/airflow/example_dags/example_nested_branch_dag.py
[2024-03-30T08:27:01.796+0000] {processor.py:836} INFO - DAG(s) dict_keys(['example_nested_branch_dag']) retrieved from /home/airflow/.local/lib/python3.7/site-packages/airflow/example_dags/example_nested_branch_dag.py
[2024-03-30T08:27:01.835+0000] {logging_mixin.py:149} INFO - [2024-03-30T08:27:01.834+0000] {dag.py:2726} INFO - Sync 1 DAGs
[2024-03-30T08:27:01.868+0000] {logging_mixin.py:149} INFO - [2024-03-30T08:27:01.868+0000] {dag.py:3490} INFO - Setting next_dagrun for example_nested_branch_dag to 2024-03-29T00:00:00+00:00, run_after=2024-03-30T00:00:00+00:00
[2024-03-30T08:27:01.901+0000] {processor.py:179} INFO - Processing /home/airflow/.local/lib/python3.7/site-packages/airflow/example_dags/example_nested_branch_dag.py took 0.121 seconds
[2024-03-30T08:27:32.209+0000] {processor.py:157} INFO - Started process (PID=845) to work on /home/airflow/.local/lib/python3.7/site-packages/airflow/example_dags/example_nested_branch_dag.py
[2024-03-30T08:27:32.210+0000] {processor.py:826} INFO - Processing file /home/airflow/.local/lib/python3.7/site-packages/airflow/example_dags/example_nested_branch_dag.py for tasks to queue
[2024-03-30T08:27:32.211+0000] {logging_mixin.py:149} INFO - [2024-03-30T08:27:32.211+0000] {dagbag.py:541} INFO - Filling up the DagBag from /home/airflow/.local/lib/python3.7/site-packages/airflow/example_dags/example_nested_branch_dag.py
[2024-03-30T08:27:32.227+0000] {processor.py:836} INFO - DAG(s) dict_keys(['example_nested_branch_dag']) retrieved from /home/airflow/.local/lib/python3.7/site-packages/airflow/example_dags/example_nested_branch_dag.py
[2024-03-30T08:27:32.277+0000] {logging_mixin.py:149} INFO - [2024-03-30T08:27:32.276+0000] {dag.py:2726} INFO - Sync 1 DAGs
[2024-03-30T08:27:32.319+0000] {logging_mixin.py:149} INFO - [2024-03-30T08:27:32.319+0000] {dag.py:3490} INFO - Setting next_dagrun for example_nested_branch_dag to 2024-03-29T00:00:00+00:00, run_after=2024-03-30T00:00:00+00:00
[2024-03-30T08:27:32.368+0000] {processor.py:179} INFO - Processing /home/airflow/.local/lib/python3.7/site-packages/airflow/example_dags/example_nested_branch_dag.py took 0.167 seconds
[2024-03-30T08:28:02.417+0000] {processor.py:157} INFO - Started process (PID=906) to work on /home/airflow/.local/lib/python3.7/site-packages/airflow/example_dags/example_nested_branch_dag.py
[2024-03-30T08:28:02.418+0000] {processor.py:826} INFO - Processing file /home/airflow/.local/lib/python3.7/site-packages/airflow/example_dags/example_nested_branch_dag.py for tasks to queue
[2024-03-30T08:28:02.419+0000] {logging_mixin.py:149} INFO - [2024-03-30T08:28:02.419+0000] {dagbag.py:541} INFO - Filling up the DagBag from /home/airflow/.local/lib/python3.7/site-packages/airflow/example_dags/example_nested_branch_dag.py
[2024-03-30T08:28:02.429+0000] {processor.py:836} INFO - DAG(s) dict_keys(['example_nested_branch_dag']) retrieved from /home/airflow/.local/lib/python3.7/site-packages/airflow/example_dags/example_nested_branch_dag.py
[2024-03-30T08:28:02.468+0000] {logging_mixin.py:149} INFO - [2024-03-30T08:28:02.467+0000] {dag.py:2726} INFO - Sync 1 DAGs
[2024-03-30T08:28:02.495+0000] {logging_mixin.py:149} INFO - [2024-03-30T08:28:02.495+0000] {dag.py:3490} INFO - Setting next_dagrun for example_nested_branch_dag to 2024-03-29T00:00:00+00:00, run_after=2024-03-30T00:00:00+00:00
[2024-03-30T08:28:02.538+0000] {processor.py:179} INFO - Processing /home/airflow/.local/lib/python3.7/site-packages/airflow/example_dags/example_nested_branch_dag.py took 0.124 seconds
[2024-03-30T08:28:33.026+0000] {processor.py:157} INFO - Started process (PID=967) to work on /home/airflow/.local/lib/python3.7/site-packages/airflow/example_dags/example_nested_branch_dag.py
[2024-03-30T08:28:33.027+0000] {processor.py:826} INFO - Processing file /home/airflow/.local/lib/python3.7/site-packages/airflow/example_dags/example_nested_branch_dag.py for tasks to queue
[2024-03-30T08:28:33.028+0000] {logging_mixin.py:149} INFO - [2024-03-30T08:28:33.028+0000] {dagbag.py:541} INFO - Filling up the DagBag from /home/airflow/.local/lib/python3.7/site-packages/airflow/example_dags/example_nested_branch_dag.py
[2024-03-30T08:28:33.037+0000] {processor.py:836} INFO - DAG(s) dict_keys(['example_nested_branch_dag']) retrieved from /home/airflow/.local/lib/python3.7/site-packages/airflow/example_dags/example_nested_branch_dag.py
[2024-03-30T08:28:33.080+0000] {logging_mixin.py:149} INFO - [2024-03-30T08:28:33.079+0000] {dag.py:2726} INFO - Sync 1 DAGs
[2024-03-30T08:28:33.106+0000] {logging_mixin.py:149} INFO - [2024-03-30T08:28:33.106+0000] {dag.py:3490} INFO - Setting next_dagrun for example_nested_branch_dag to 2024-03-29T00:00:00+00:00, run_after=2024-03-30T00:00:00+00:00
[2024-03-30T08:28:33.142+0000] {processor.py:179} INFO - Processing /home/airflow/.local/lib/python3.7/site-packages/airflow/example_dags/example_nested_branch_dag.py took 0.118 seconds
