[2024-03-30T06:15:32.944+0000] {processor.py:157} INFO - Started process (PID=48) to work on /home/airflow/.local/lib/python3.7/site-packages/airflow/example_dags/example_local_kubernetes_executor.py
[2024-03-30T06:15:32.945+0000] {processor.py:826} INFO - Processing file /home/airflow/.local/lib/python3.7/site-packages/airflow/example_dags/example_local_kubernetes_executor.py for tasks to queue
[2024-03-30T06:15:32.946+0000] {logging_mixin.py:149} INFO - [2024-03-30T06:15:32.946+0000] {dagbag.py:541} INFO - Filling up the DagBag from /home/airflow/.local/lib/python3.7/site-packages/airflow/example_dags/example_local_kubernetes_executor.py
[2024-03-30T06:15:34.276+0000] {processor.py:836} INFO - DAG(s) dict_keys(['example_local_kubernetes_executor']) retrieved from /home/airflow/.local/lib/python3.7/site-packages/airflow/example_dags/example_local_kubernetes_executor.py
[2024-03-30T06:15:34.327+0000] {logging_mixin.py:149} INFO - [2024-03-30T06:15:34.327+0000] {dag.py:2726} INFO - Sync 1 DAGs
[2024-03-30T06:15:34.366+0000] {logging_mixin.py:149} INFO - [2024-03-30T06:15:34.365+0000] {dag.py:3490} INFO - Setting next_dagrun for example_local_kubernetes_executor to None, run_after=None
[2024-03-30T06:15:34.413+0000] {processor.py:179} INFO - Processing /home/airflow/.local/lib/python3.7/site-packages/airflow/example_dags/example_local_kubernetes_executor.py took 1.472 seconds
[2024-03-30T06:16:04.694+0000] {processor.py:157} INFO - Started process (PID=110) to work on /home/airflow/.local/lib/python3.7/site-packages/airflow/example_dags/example_local_kubernetes_executor.py
[2024-03-30T06:16:04.695+0000] {processor.py:826} INFO - Processing file /home/airflow/.local/lib/python3.7/site-packages/airflow/example_dags/example_local_kubernetes_executor.py for tasks to queue
[2024-03-30T06:16:04.695+0000] {logging_mixin.py:149} INFO - [2024-03-30T06:16:04.695+0000] {dagbag.py:541} INFO - Filling up the DagBag from /home/airflow/.local/lib/python3.7/site-packages/airflow/example_dags/example_local_kubernetes_executor.py
[2024-03-30T06:16:04.850+0000] {processor.py:836} INFO - DAG(s) dict_keys(['example_local_kubernetes_executor']) retrieved from /home/airflow/.local/lib/python3.7/site-packages/airflow/example_dags/example_local_kubernetes_executor.py
[2024-03-30T06:16:04.912+0000] {logging_mixin.py:149} INFO - [2024-03-30T06:16:04.912+0000] {dag.py:2726} INFO - Sync 1 DAGs
[2024-03-30T06:16:04.937+0000] {logging_mixin.py:149} INFO - [2024-03-30T06:16:04.937+0000] {dag.py:3490} INFO - Setting next_dagrun for example_local_kubernetes_executor to None, run_after=None
[2024-03-30T06:16:04.969+0000] {processor.py:179} INFO - Processing /home/airflow/.local/lib/python3.7/site-packages/airflow/example_dags/example_local_kubernetes_executor.py took 0.277 seconds
[2024-03-30T06:16:35.477+0000] {processor.py:157} INFO - Started process (PID=170) to work on /home/airflow/.local/lib/python3.7/site-packages/airflow/example_dags/example_local_kubernetes_executor.py
[2024-03-30T06:16:35.478+0000] {processor.py:826} INFO - Processing file /home/airflow/.local/lib/python3.7/site-packages/airflow/example_dags/example_local_kubernetes_executor.py for tasks to queue
[2024-03-30T06:16:35.479+0000] {logging_mixin.py:149} INFO - [2024-03-30T06:16:35.479+0000] {dagbag.py:541} INFO - Filling up the DagBag from /home/airflow/.local/lib/python3.7/site-packages/airflow/example_dags/example_local_kubernetes_executor.py
[2024-03-30T06:16:35.642+0000] {processor.py:836} INFO - DAG(s) dict_keys(['example_local_kubernetes_executor']) retrieved from /home/airflow/.local/lib/python3.7/site-packages/airflow/example_dags/example_local_kubernetes_executor.py
[2024-03-30T06:16:35.693+0000] {logging_mixin.py:149} INFO - [2024-03-30T06:16:35.693+0000] {dag.py:2726} INFO - Sync 1 DAGs
[2024-03-30T06:16:35.720+0000] {logging_mixin.py:149} INFO - [2024-03-30T06:16:35.720+0000] {dag.py:3490} INFO - Setting next_dagrun for example_local_kubernetes_executor to None, run_after=None
[2024-03-30T06:16:35.762+0000] {processor.py:179} INFO - Processing /home/airflow/.local/lib/python3.7/site-packages/airflow/example_dags/example_local_kubernetes_executor.py took 0.287 seconds
[2024-03-30T06:17:05.810+0000] {processor.py:157} INFO - Started process (PID=230) to work on /home/airflow/.local/lib/python3.7/site-packages/airflow/example_dags/example_local_kubernetes_executor.py
[2024-03-30T06:17:05.810+0000] {processor.py:826} INFO - Processing file /home/airflow/.local/lib/python3.7/site-packages/airflow/example_dags/example_local_kubernetes_executor.py for tasks to queue
[2024-03-30T06:17:05.811+0000] {logging_mixin.py:149} INFO - [2024-03-30T06:17:05.811+0000] {dagbag.py:541} INFO - Filling up the DagBag from /home/airflow/.local/lib/python3.7/site-packages/airflow/example_dags/example_local_kubernetes_executor.py
[2024-03-30T06:17:05.980+0000] {processor.py:836} INFO - DAG(s) dict_keys(['example_local_kubernetes_executor']) retrieved from /home/airflow/.local/lib/python3.7/site-packages/airflow/example_dags/example_local_kubernetes_executor.py
[2024-03-30T06:17:06.032+0000] {logging_mixin.py:149} INFO - [2024-03-30T06:17:06.032+0000] {dag.py:2726} INFO - Sync 1 DAGs
[2024-03-30T06:17:06.056+0000] {logging_mixin.py:149} INFO - [2024-03-30T06:17:06.056+0000] {dag.py:3490} INFO - Setting next_dagrun for example_local_kubernetes_executor to None, run_after=None
[2024-03-30T06:17:06.089+0000] {processor.py:179} INFO - Processing /home/airflow/.local/lib/python3.7/site-packages/airflow/example_dags/example_local_kubernetes_executor.py took 0.282 seconds
[2024-03-30T06:17:36.142+0000] {processor.py:157} INFO - Started process (PID=290) to work on /home/airflow/.local/lib/python3.7/site-packages/airflow/example_dags/example_local_kubernetes_executor.py
[2024-03-30T06:17:36.143+0000] {processor.py:826} INFO - Processing file /home/airflow/.local/lib/python3.7/site-packages/airflow/example_dags/example_local_kubernetes_executor.py for tasks to queue
[2024-03-30T06:17:36.144+0000] {logging_mixin.py:149} INFO - [2024-03-30T06:17:36.144+0000] {dagbag.py:541} INFO - Filling up the DagBag from /home/airflow/.local/lib/python3.7/site-packages/airflow/example_dags/example_local_kubernetes_executor.py
[2024-03-30T06:17:36.319+0000] {processor.py:836} INFO - DAG(s) dict_keys(['example_local_kubernetes_executor']) retrieved from /home/airflow/.local/lib/python3.7/site-packages/airflow/example_dags/example_local_kubernetes_executor.py
[2024-03-30T06:17:36.369+0000] {logging_mixin.py:149} INFO - [2024-03-30T06:17:36.368+0000] {dag.py:2726} INFO - Sync 1 DAGs
[2024-03-30T06:17:36.395+0000] {logging_mixin.py:149} INFO - [2024-03-30T06:17:36.395+0000] {dag.py:3490} INFO - Setting next_dagrun for example_local_kubernetes_executor to None, run_after=None
[2024-03-30T06:17:36.429+0000] {processor.py:179} INFO - Processing /home/airflow/.local/lib/python3.7/site-packages/airflow/example_dags/example_local_kubernetes_executor.py took 0.289 seconds
[2024-03-30T06:18:06.571+0000] {processor.py:157} INFO - Started process (PID=350) to work on /home/airflow/.local/lib/python3.7/site-packages/airflow/example_dags/example_local_kubernetes_executor.py
[2024-03-30T06:18:06.572+0000] {processor.py:826} INFO - Processing file /home/airflow/.local/lib/python3.7/site-packages/airflow/example_dags/example_local_kubernetes_executor.py for tasks to queue
[2024-03-30T06:18:06.573+0000] {logging_mixin.py:149} INFO - [2024-03-30T06:18:06.573+0000] {dagbag.py:541} INFO - Filling up the DagBag from /home/airflow/.local/lib/python3.7/site-packages/airflow/example_dags/example_local_kubernetes_executor.py
[2024-03-30T06:18:06.730+0000] {processor.py:836} INFO - DAG(s) dict_keys(['example_local_kubernetes_executor']) retrieved from /home/airflow/.local/lib/python3.7/site-packages/airflow/example_dags/example_local_kubernetes_executor.py
[2024-03-30T06:18:06.774+0000] {logging_mixin.py:149} INFO - [2024-03-30T06:18:06.774+0000] {dag.py:2726} INFO - Sync 1 DAGs
[2024-03-30T06:18:06.841+0000] {logging_mixin.py:149} INFO - [2024-03-30T06:18:06.841+0000] {dag.py:3490} INFO - Setting next_dagrun for example_local_kubernetes_executor to None, run_after=None
[2024-03-30T06:18:06.873+0000] {processor.py:179} INFO - Processing /home/airflow/.local/lib/python3.7/site-packages/airflow/example_dags/example_local_kubernetes_executor.py took 0.304 seconds
[2024-03-30T06:18:37.214+0000] {processor.py:157} INFO - Started process (PID=411) to work on /home/airflow/.local/lib/python3.7/site-packages/airflow/example_dags/example_local_kubernetes_executor.py
[2024-03-30T06:18:37.216+0000] {processor.py:826} INFO - Processing file /home/airflow/.local/lib/python3.7/site-packages/airflow/example_dags/example_local_kubernetes_executor.py for tasks to queue
[2024-03-30T06:18:37.216+0000] {logging_mixin.py:149} INFO - [2024-03-30T06:18:37.216+0000] {dagbag.py:541} INFO - Filling up the DagBag from /home/airflow/.local/lib/python3.7/site-packages/airflow/example_dags/example_local_kubernetes_executor.py
[2024-03-30T06:18:37.385+0000] {processor.py:836} INFO - DAG(s) dict_keys(['example_local_kubernetes_executor']) retrieved from /home/airflow/.local/lib/python3.7/site-packages/airflow/example_dags/example_local_kubernetes_executor.py
[2024-03-30T06:18:37.438+0000] {logging_mixin.py:149} INFO - [2024-03-30T06:18:37.437+0000] {dag.py:2726} INFO - Sync 1 DAGs
[2024-03-30T06:18:37.466+0000] {logging_mixin.py:149} INFO - [2024-03-30T06:18:37.466+0000] {dag.py:3490} INFO - Setting next_dagrun for example_local_kubernetes_executor to None, run_after=None
[2024-03-30T06:18:37.508+0000] {processor.py:179} INFO - Processing /home/airflow/.local/lib/python3.7/site-packages/airflow/example_dags/example_local_kubernetes_executor.py took 0.297 seconds
[2024-03-30T06:19:07.527+0000] {processor.py:157} INFO - Started process (PID=471) to work on /home/airflow/.local/lib/python3.7/site-packages/airflow/example_dags/example_local_kubernetes_executor.py
[2024-03-30T06:19:07.528+0000] {processor.py:826} INFO - Processing file /home/airflow/.local/lib/python3.7/site-packages/airflow/example_dags/example_local_kubernetes_executor.py for tasks to queue
[2024-03-30T06:19:07.529+0000] {logging_mixin.py:149} INFO - [2024-03-30T06:19:07.528+0000] {dagbag.py:541} INFO - Filling up the DagBag from /home/airflow/.local/lib/python3.7/site-packages/airflow/example_dags/example_local_kubernetes_executor.py
[2024-03-30T06:19:07.685+0000] {processor.py:836} INFO - DAG(s) dict_keys(['example_local_kubernetes_executor']) retrieved from /home/airflow/.local/lib/python3.7/site-packages/airflow/example_dags/example_local_kubernetes_executor.py
[2024-03-30T06:19:07.745+0000] {logging_mixin.py:149} INFO - [2024-03-30T06:19:07.745+0000] {dag.py:2726} INFO - Sync 1 DAGs
[2024-03-30T06:19:07.769+0000] {logging_mixin.py:149} INFO - [2024-03-30T06:19:07.769+0000] {dag.py:3490} INFO - Setting next_dagrun for example_local_kubernetes_executor to None, run_after=None
[2024-03-30T06:19:07.805+0000] {processor.py:179} INFO - Processing /home/airflow/.local/lib/python3.7/site-packages/airflow/example_dags/example_local_kubernetes_executor.py took 0.280 seconds
[2024-03-30T06:19:38.583+0000] {processor.py:157} INFO - Started process (PID=531) to work on /home/airflow/.local/lib/python3.7/site-packages/airflow/example_dags/example_local_kubernetes_executor.py
[2024-03-30T06:19:38.586+0000] {processor.py:826} INFO - Processing file /home/airflow/.local/lib/python3.7/site-packages/airflow/example_dags/example_local_kubernetes_executor.py for tasks to queue
[2024-03-30T06:19:38.586+0000] {logging_mixin.py:149} INFO - [2024-03-30T06:19:38.586+0000] {dagbag.py:541} INFO - Filling up the DagBag from /home/airflow/.local/lib/python3.7/site-packages/airflow/example_dags/example_local_kubernetes_executor.py
[2024-03-30T06:19:38.774+0000] {processor.py:836} INFO - DAG(s) dict_keys(['example_local_kubernetes_executor']) retrieved from /home/airflow/.local/lib/python3.7/site-packages/airflow/example_dags/example_local_kubernetes_executor.py
[2024-03-30T06:19:38.821+0000] {logging_mixin.py:149} INFO - [2024-03-30T06:19:38.821+0000] {dag.py:2726} INFO - Sync 1 DAGs
[2024-03-30T06:19:38.844+0000] {logging_mixin.py:149} INFO - [2024-03-30T06:19:38.844+0000] {dag.py:3490} INFO - Setting next_dagrun for example_local_kubernetes_executor to None, run_after=None
[2024-03-30T06:19:38.875+0000] {processor.py:179} INFO - Processing /home/airflow/.local/lib/python3.7/site-packages/airflow/example_dags/example_local_kubernetes_executor.py took 0.295 seconds
[2024-03-30T06:20:09.564+0000] {processor.py:157} INFO - Started process (PID=591) to work on /home/airflow/.local/lib/python3.7/site-packages/airflow/example_dags/example_local_kubernetes_executor.py
[2024-03-30T06:20:09.565+0000] {processor.py:826} INFO - Processing file /home/airflow/.local/lib/python3.7/site-packages/airflow/example_dags/example_local_kubernetes_executor.py for tasks to queue
[2024-03-30T06:20:09.566+0000] {logging_mixin.py:149} INFO - [2024-03-30T06:20:09.566+0000] {dagbag.py:541} INFO - Filling up the DagBag from /home/airflow/.local/lib/python3.7/site-packages/airflow/example_dags/example_local_kubernetes_executor.py
[2024-03-30T06:20:09.754+0000] {processor.py:836} INFO - DAG(s) dict_keys(['example_local_kubernetes_executor']) retrieved from /home/airflow/.local/lib/python3.7/site-packages/airflow/example_dags/example_local_kubernetes_executor.py
[2024-03-30T06:20:09.817+0000] {logging_mixin.py:149} INFO - [2024-03-30T06:20:09.817+0000] {dag.py:2726} INFO - Sync 1 DAGs
[2024-03-30T06:20:09.863+0000] {logging_mixin.py:149} INFO - [2024-03-30T06:20:09.863+0000] {dag.py:3490} INFO - Setting next_dagrun for example_local_kubernetes_executor to None, run_after=None
[2024-03-30T06:20:09.902+0000] {processor.py:179} INFO - Processing /home/airflow/.local/lib/python3.7/site-packages/airflow/example_dags/example_local_kubernetes_executor.py took 0.341 seconds
[2024-03-30T06:20:40.200+0000] {processor.py:157} INFO - Started process (PID=652) to work on /home/airflow/.local/lib/python3.7/site-packages/airflow/example_dags/example_local_kubernetes_executor.py
[2024-03-30T06:20:40.202+0000] {processor.py:826} INFO - Processing file /home/airflow/.local/lib/python3.7/site-packages/airflow/example_dags/example_local_kubernetes_executor.py for tasks to queue
[2024-03-30T06:20:40.203+0000] {logging_mixin.py:149} INFO - [2024-03-30T06:20:40.203+0000] {dagbag.py:541} INFO - Filling up the DagBag from /home/airflow/.local/lib/python3.7/site-packages/airflow/example_dags/example_local_kubernetes_executor.py
[2024-03-30T06:20:40.363+0000] {processor.py:836} INFO - DAG(s) dict_keys(['example_local_kubernetes_executor']) retrieved from /home/airflow/.local/lib/python3.7/site-packages/airflow/example_dags/example_local_kubernetes_executor.py
[2024-03-30T06:20:40.411+0000] {logging_mixin.py:149} INFO - [2024-03-30T06:20:40.411+0000] {dag.py:2726} INFO - Sync 1 DAGs
[2024-03-30T06:20:40.436+0000] {logging_mixin.py:149} INFO - [2024-03-30T06:20:40.436+0000] {dag.py:3490} INFO - Setting next_dagrun for example_local_kubernetes_executor to None, run_after=None
[2024-03-30T06:20:40.472+0000] {processor.py:179} INFO - Processing /home/airflow/.local/lib/python3.7/site-packages/airflow/example_dags/example_local_kubernetes_executor.py took 0.274 seconds
[2024-03-30T06:21:11.151+0000] {processor.py:157} INFO - Started process (PID=714) to work on /home/airflow/.local/lib/python3.7/site-packages/airflow/example_dags/example_local_kubernetes_executor.py
[2024-03-30T06:21:11.152+0000] {processor.py:826} INFO - Processing file /home/airflow/.local/lib/python3.7/site-packages/airflow/example_dags/example_local_kubernetes_executor.py for tasks to queue
[2024-03-30T06:21:11.152+0000] {logging_mixin.py:149} INFO - [2024-03-30T06:21:11.152+0000] {dagbag.py:541} INFO - Filling up the DagBag from /home/airflow/.local/lib/python3.7/site-packages/airflow/example_dags/example_local_kubernetes_executor.py
[2024-03-30T06:21:11.299+0000] {processor.py:836} INFO - DAG(s) dict_keys(['example_local_kubernetes_executor']) retrieved from /home/airflow/.local/lib/python3.7/site-packages/airflow/example_dags/example_local_kubernetes_executor.py
[2024-03-30T06:21:11.347+0000] {logging_mixin.py:149} INFO - [2024-03-30T06:21:11.347+0000] {dag.py:2726} INFO - Sync 1 DAGs
[2024-03-30T06:21:11.374+0000] {logging_mixin.py:149} INFO - [2024-03-30T06:21:11.373+0000] {dag.py:3490} INFO - Setting next_dagrun for example_local_kubernetes_executor to None, run_after=None
[2024-03-30T06:21:11.407+0000] {processor.py:179} INFO - Processing /home/airflow/.local/lib/python3.7/site-packages/airflow/example_dags/example_local_kubernetes_executor.py took 0.258 seconds
[2024-03-30T06:21:42.164+0000] {processor.py:157} INFO - Started process (PID=775) to work on /home/airflow/.local/lib/python3.7/site-packages/airflow/example_dags/example_local_kubernetes_executor.py
[2024-03-30T06:21:42.165+0000] {processor.py:826} INFO - Processing file /home/airflow/.local/lib/python3.7/site-packages/airflow/example_dags/example_local_kubernetes_executor.py for tasks to queue
[2024-03-30T06:21:42.166+0000] {logging_mixin.py:149} INFO - [2024-03-30T06:21:42.166+0000] {dagbag.py:541} INFO - Filling up the DagBag from /home/airflow/.local/lib/python3.7/site-packages/airflow/example_dags/example_local_kubernetes_executor.py
[2024-03-30T06:21:42.331+0000] {processor.py:836} INFO - DAG(s) dict_keys(['example_local_kubernetes_executor']) retrieved from /home/airflow/.local/lib/python3.7/site-packages/airflow/example_dags/example_local_kubernetes_executor.py
[2024-03-30T06:21:42.376+0000] {logging_mixin.py:149} INFO - [2024-03-30T06:21:42.376+0000] {dag.py:2726} INFO - Sync 1 DAGs
[2024-03-30T06:21:42.406+0000] {logging_mixin.py:149} INFO - [2024-03-30T06:21:42.406+0000] {dag.py:3490} INFO - Setting next_dagrun for example_local_kubernetes_executor to None, run_after=None
[2024-03-30T06:21:42.440+0000] {processor.py:179} INFO - Processing /home/airflow/.local/lib/python3.7/site-packages/airflow/example_dags/example_local_kubernetes_executor.py took 0.278 seconds
[2024-03-30T06:22:13.046+0000] {processor.py:157} INFO - Started process (PID=836) to work on /home/airflow/.local/lib/python3.7/site-packages/airflow/example_dags/example_local_kubernetes_executor.py
[2024-03-30T06:22:13.047+0000] {processor.py:826} INFO - Processing file /home/airflow/.local/lib/python3.7/site-packages/airflow/example_dags/example_local_kubernetes_executor.py for tasks to queue
[2024-03-30T06:22:13.048+0000] {logging_mixin.py:149} INFO - [2024-03-30T06:22:13.047+0000] {dagbag.py:541} INFO - Filling up the DagBag from /home/airflow/.local/lib/python3.7/site-packages/airflow/example_dags/example_local_kubernetes_executor.py
[2024-03-30T06:22:13.232+0000] {processor.py:836} INFO - DAG(s) dict_keys(['example_local_kubernetes_executor']) retrieved from /home/airflow/.local/lib/python3.7/site-packages/airflow/example_dags/example_local_kubernetes_executor.py
[2024-03-30T06:22:13.279+0000] {logging_mixin.py:149} INFO - [2024-03-30T06:22:13.279+0000] {dag.py:2726} INFO - Sync 1 DAGs
[2024-03-30T06:22:13.305+0000] {logging_mixin.py:149} INFO - [2024-03-30T06:22:13.305+0000] {dag.py:3490} INFO - Setting next_dagrun for example_local_kubernetes_executor to None, run_after=None
[2024-03-30T06:22:13.348+0000] {processor.py:179} INFO - Processing /home/airflow/.local/lib/python3.7/site-packages/airflow/example_dags/example_local_kubernetes_executor.py took 0.305 seconds
[2024-03-30T06:22:43.614+0000] {processor.py:157} INFO - Started process (PID=897) to work on /home/airflow/.local/lib/python3.7/site-packages/airflow/example_dags/example_local_kubernetes_executor.py
[2024-03-30T06:22:43.616+0000] {processor.py:826} INFO - Processing file /home/airflow/.local/lib/python3.7/site-packages/airflow/example_dags/example_local_kubernetes_executor.py for tasks to queue
[2024-03-30T06:22:43.616+0000] {logging_mixin.py:149} INFO - [2024-03-30T06:22:43.616+0000] {dagbag.py:541} INFO - Filling up the DagBag from /home/airflow/.local/lib/python3.7/site-packages/airflow/example_dags/example_local_kubernetes_executor.py
[2024-03-30T06:22:43.780+0000] {processor.py:836} INFO - DAG(s) dict_keys(['example_local_kubernetes_executor']) retrieved from /home/airflow/.local/lib/python3.7/site-packages/airflow/example_dags/example_local_kubernetes_executor.py
[2024-03-30T06:22:43.832+0000] {logging_mixin.py:149} INFO - [2024-03-30T06:22:43.832+0000] {dag.py:2726} INFO - Sync 1 DAGs
[2024-03-30T06:22:43.858+0000] {logging_mixin.py:149} INFO - [2024-03-30T06:22:43.857+0000] {dag.py:3490} INFO - Setting next_dagrun for example_local_kubernetes_executor to None, run_after=None
[2024-03-30T06:22:43.898+0000] {processor.py:179} INFO - Processing /home/airflow/.local/lib/python3.7/site-packages/airflow/example_dags/example_local_kubernetes_executor.py took 0.286 seconds
[2024-03-30T06:23:14.045+0000] {processor.py:157} INFO - Started process (PID=958) to work on /home/airflow/.local/lib/python3.7/site-packages/airflow/example_dags/example_local_kubernetes_executor.py
[2024-03-30T06:23:14.045+0000] {processor.py:826} INFO - Processing file /home/airflow/.local/lib/python3.7/site-packages/airflow/example_dags/example_local_kubernetes_executor.py for tasks to queue
[2024-03-30T06:23:14.046+0000] {logging_mixin.py:149} INFO - [2024-03-30T06:23:14.046+0000] {dagbag.py:541} INFO - Filling up the DagBag from /home/airflow/.local/lib/python3.7/site-packages/airflow/example_dags/example_local_kubernetes_executor.py
[2024-03-30T06:23:14.209+0000] {processor.py:836} INFO - DAG(s) dict_keys(['example_local_kubernetes_executor']) retrieved from /home/airflow/.local/lib/python3.7/site-packages/airflow/example_dags/example_local_kubernetes_executor.py
[2024-03-30T06:23:14.257+0000] {logging_mixin.py:149} INFO - [2024-03-30T06:23:14.257+0000] {dag.py:2726} INFO - Sync 1 DAGs
[2024-03-30T06:23:14.280+0000] {logging_mixin.py:149} INFO - [2024-03-30T06:23:14.280+0000] {dag.py:3490} INFO - Setting next_dagrun for example_local_kubernetes_executor to None, run_after=None
[2024-03-30T06:23:14.310+0000] {processor.py:179} INFO - Processing /home/airflow/.local/lib/python3.7/site-packages/airflow/example_dags/example_local_kubernetes_executor.py took 0.268 seconds
[2024-03-30T06:23:45.286+0000] {processor.py:157} INFO - Started process (PID=1019) to work on /home/airflow/.local/lib/python3.7/site-packages/airflow/example_dags/example_local_kubernetes_executor.py
[2024-03-30T06:23:45.287+0000] {processor.py:826} INFO - Processing file /home/airflow/.local/lib/python3.7/site-packages/airflow/example_dags/example_local_kubernetes_executor.py for tasks to queue
[2024-03-30T06:23:45.287+0000] {logging_mixin.py:149} INFO - [2024-03-30T06:23:45.287+0000] {dagbag.py:541} INFO - Filling up the DagBag from /home/airflow/.local/lib/python3.7/site-packages/airflow/example_dags/example_local_kubernetes_executor.py
[2024-03-30T06:23:45.444+0000] {processor.py:836} INFO - DAG(s) dict_keys(['example_local_kubernetes_executor']) retrieved from /home/airflow/.local/lib/python3.7/site-packages/airflow/example_dags/example_local_kubernetes_executor.py
[2024-03-30T06:23:45.492+0000] {logging_mixin.py:149} INFO - [2024-03-30T06:23:45.492+0000] {dag.py:2726} INFO - Sync 1 DAGs
[2024-03-30T06:23:45.518+0000] {logging_mixin.py:149} INFO - [2024-03-30T06:23:45.518+0000] {dag.py:3490} INFO - Setting next_dagrun for example_local_kubernetes_executor to None, run_after=None
[2024-03-30T06:23:45.551+0000] {processor.py:179} INFO - Processing /home/airflow/.local/lib/python3.7/site-packages/airflow/example_dags/example_local_kubernetes_executor.py took 0.268 seconds
[2024-03-30T06:24:15.844+0000] {processor.py:157} INFO - Started process (PID=1080) to work on /home/airflow/.local/lib/python3.7/site-packages/airflow/example_dags/example_local_kubernetes_executor.py
[2024-03-30T06:24:15.844+0000] {processor.py:826} INFO - Processing file /home/airflow/.local/lib/python3.7/site-packages/airflow/example_dags/example_local_kubernetes_executor.py for tasks to queue
[2024-03-30T06:24:15.845+0000] {logging_mixin.py:149} INFO - [2024-03-30T06:24:15.845+0000] {dagbag.py:541} INFO - Filling up the DagBag from /home/airflow/.local/lib/python3.7/site-packages/airflow/example_dags/example_local_kubernetes_executor.py
[2024-03-30T06:24:15.997+0000] {processor.py:836} INFO - DAG(s) dict_keys(['example_local_kubernetes_executor']) retrieved from /home/airflow/.local/lib/python3.7/site-packages/airflow/example_dags/example_local_kubernetes_executor.py
[2024-03-30T06:24:16.045+0000] {logging_mixin.py:149} INFO - [2024-03-30T06:24:16.045+0000] {dag.py:2726} INFO - Sync 1 DAGs
[2024-03-30T06:24:16.069+0000] {logging_mixin.py:149} INFO - [2024-03-30T06:24:16.069+0000] {dag.py:3490} INFO - Setting next_dagrun for example_local_kubernetes_executor to None, run_after=None
[2024-03-30T06:24:16.108+0000] {processor.py:179} INFO - Processing /home/airflow/.local/lib/python3.7/site-packages/airflow/example_dags/example_local_kubernetes_executor.py took 0.266 seconds
[2024-03-30T06:24:46.186+0000] {processor.py:157} INFO - Started process (PID=1141) to work on /home/airflow/.local/lib/python3.7/site-packages/airflow/example_dags/example_local_kubernetes_executor.py
[2024-03-30T06:24:46.189+0000] {processor.py:826} INFO - Processing file /home/airflow/.local/lib/python3.7/site-packages/airflow/example_dags/example_local_kubernetes_executor.py for tasks to queue
[2024-03-30T06:24:46.189+0000] {logging_mixin.py:149} INFO - [2024-03-30T06:24:46.189+0000] {dagbag.py:541} INFO - Filling up the DagBag from /home/airflow/.local/lib/python3.7/site-packages/airflow/example_dags/example_local_kubernetes_executor.py
[2024-03-30T06:24:46.343+0000] {processor.py:836} INFO - DAG(s) dict_keys(['example_local_kubernetes_executor']) retrieved from /home/airflow/.local/lib/python3.7/site-packages/airflow/example_dags/example_local_kubernetes_executor.py
[2024-03-30T06:24:46.390+0000] {logging_mixin.py:149} INFO - [2024-03-30T06:24:46.390+0000] {dag.py:2726} INFO - Sync 1 DAGs
[2024-03-30T06:24:46.413+0000] {logging_mixin.py:149} INFO - [2024-03-30T06:24:46.413+0000] {dag.py:3490} INFO - Setting next_dagrun for example_local_kubernetes_executor to None, run_after=None
[2024-03-30T06:24:46.448+0000] {processor.py:179} INFO - Processing /home/airflow/.local/lib/python3.7/site-packages/airflow/example_dags/example_local_kubernetes_executor.py took 0.264 seconds
[2024-03-30T06:25:16.559+0000] {processor.py:157} INFO - Started process (PID=1202) to work on /home/airflow/.local/lib/python3.7/site-packages/airflow/example_dags/example_local_kubernetes_executor.py
[2024-03-30T06:25:16.560+0000] {processor.py:826} INFO - Processing file /home/airflow/.local/lib/python3.7/site-packages/airflow/example_dags/example_local_kubernetes_executor.py for tasks to queue
[2024-03-30T06:25:16.561+0000] {logging_mixin.py:149} INFO - [2024-03-30T06:25:16.560+0000] {dagbag.py:541} INFO - Filling up the DagBag from /home/airflow/.local/lib/python3.7/site-packages/airflow/example_dags/example_local_kubernetes_executor.py
[2024-03-30T06:25:16.712+0000] {processor.py:836} INFO - DAG(s) dict_keys(['example_local_kubernetes_executor']) retrieved from /home/airflow/.local/lib/python3.7/site-packages/airflow/example_dags/example_local_kubernetes_executor.py
[2024-03-30T06:25:16.768+0000] {logging_mixin.py:149} INFO - [2024-03-30T06:25:16.767+0000] {dag.py:2726} INFO - Sync 1 DAGs
[2024-03-30T06:25:16.804+0000] {logging_mixin.py:149} INFO - [2024-03-30T06:25:16.804+0000] {dag.py:3490} INFO - Setting next_dagrun for example_local_kubernetes_executor to None, run_after=None
[2024-03-30T06:25:16.839+0000] {processor.py:179} INFO - Processing /home/airflow/.local/lib/python3.7/site-packages/airflow/example_dags/example_local_kubernetes_executor.py took 0.282 seconds
[2024-03-30T06:25:46.931+0000] {processor.py:157} INFO - Started process (PID=1263) to work on /home/airflow/.local/lib/python3.7/site-packages/airflow/example_dags/example_local_kubernetes_executor.py
[2024-03-30T06:25:46.933+0000] {processor.py:826} INFO - Processing file /home/airflow/.local/lib/python3.7/site-packages/airflow/example_dags/example_local_kubernetes_executor.py for tasks to queue
[2024-03-30T06:25:46.934+0000] {logging_mixin.py:149} INFO - [2024-03-30T06:25:46.934+0000] {dagbag.py:541} INFO - Filling up the DagBag from /home/airflow/.local/lib/python3.7/site-packages/airflow/example_dags/example_local_kubernetes_executor.py
[2024-03-30T06:25:47.106+0000] {processor.py:836} INFO - DAG(s) dict_keys(['example_local_kubernetes_executor']) retrieved from /home/airflow/.local/lib/python3.7/site-packages/airflow/example_dags/example_local_kubernetes_executor.py
[2024-03-30T06:25:47.172+0000] {logging_mixin.py:149} INFO - [2024-03-30T06:25:47.172+0000] {dag.py:2726} INFO - Sync 1 DAGs
[2024-03-30T06:25:47.220+0000] {logging_mixin.py:149} INFO - [2024-03-30T06:25:47.220+0000] {dag.py:3490} INFO - Setting next_dagrun for example_local_kubernetes_executor to None, run_after=None
[2024-03-30T06:25:47.264+0000] {processor.py:179} INFO - Processing /home/airflow/.local/lib/python3.7/site-packages/airflow/example_dags/example_local_kubernetes_executor.py took 0.336 seconds
[2024-03-30T06:26:17.445+0000] {processor.py:157} INFO - Started process (PID=1324) to work on /home/airflow/.local/lib/python3.7/site-packages/airflow/example_dags/example_local_kubernetes_executor.py
[2024-03-30T06:26:17.445+0000] {processor.py:826} INFO - Processing file /home/airflow/.local/lib/python3.7/site-packages/airflow/example_dags/example_local_kubernetes_executor.py for tasks to queue
[2024-03-30T06:26:17.446+0000] {logging_mixin.py:149} INFO - [2024-03-30T06:26:17.446+0000] {dagbag.py:541} INFO - Filling up the DagBag from /home/airflow/.local/lib/python3.7/site-packages/airflow/example_dags/example_local_kubernetes_executor.py
[2024-03-30T06:26:17.716+0000] {processor.py:836} INFO - DAG(s) dict_keys(['example_local_kubernetes_executor']) retrieved from /home/airflow/.local/lib/python3.7/site-packages/airflow/example_dags/example_local_kubernetes_executor.py
[2024-03-30T06:26:17.795+0000] {logging_mixin.py:149} INFO - [2024-03-30T06:26:17.795+0000] {dag.py:2726} INFO - Sync 1 DAGs
[2024-03-30T06:26:17.841+0000] {logging_mixin.py:149} INFO - [2024-03-30T06:26:17.841+0000] {dag.py:3490} INFO - Setting next_dagrun for example_local_kubernetes_executor to None, run_after=None
[2024-03-30T06:26:17.893+0000] {processor.py:179} INFO - Processing /home/airflow/.local/lib/python3.7/site-packages/airflow/example_dags/example_local_kubernetes_executor.py took 0.451 seconds
[2024-03-30T06:26:48.624+0000] {processor.py:157} INFO - Started process (PID=1386) to work on /home/airflow/.local/lib/python3.7/site-packages/airflow/example_dags/example_local_kubernetes_executor.py
[2024-03-30T06:26:48.626+0000] {processor.py:826} INFO - Processing file /home/airflow/.local/lib/python3.7/site-packages/airflow/example_dags/example_local_kubernetes_executor.py for tasks to queue
[2024-03-30T06:26:48.627+0000] {logging_mixin.py:149} INFO - [2024-03-30T06:26:48.627+0000] {dagbag.py:541} INFO - Filling up the DagBag from /home/airflow/.local/lib/python3.7/site-packages/airflow/example_dags/example_local_kubernetes_executor.py
[2024-03-30T06:26:48.812+0000] {processor.py:836} INFO - DAG(s) dict_keys(['example_local_kubernetes_executor']) retrieved from /home/airflow/.local/lib/python3.7/site-packages/airflow/example_dags/example_local_kubernetes_executor.py
[2024-03-30T06:26:48.860+0000] {logging_mixin.py:149} INFO - [2024-03-30T06:26:48.859+0000] {dag.py:2726} INFO - Sync 1 DAGs
[2024-03-30T06:26:48.888+0000] {logging_mixin.py:149} INFO - [2024-03-30T06:26:48.888+0000] {dag.py:3490} INFO - Setting next_dagrun for example_local_kubernetes_executor to None, run_after=None
[2024-03-30T06:26:48.927+0000] {processor.py:179} INFO - Processing /home/airflow/.local/lib/python3.7/site-packages/airflow/example_dags/example_local_kubernetes_executor.py took 0.305 seconds
[2024-03-30T06:27:19.191+0000] {processor.py:157} INFO - Started process (PID=1447) to work on /home/airflow/.local/lib/python3.7/site-packages/airflow/example_dags/example_local_kubernetes_executor.py
[2024-03-30T06:27:19.192+0000] {processor.py:826} INFO - Processing file /home/airflow/.local/lib/python3.7/site-packages/airflow/example_dags/example_local_kubernetes_executor.py for tasks to queue
[2024-03-30T06:27:19.193+0000] {logging_mixin.py:149} INFO - [2024-03-30T06:27:19.193+0000] {dagbag.py:541} INFO - Filling up the DagBag from /home/airflow/.local/lib/python3.7/site-packages/airflow/example_dags/example_local_kubernetes_executor.py
[2024-03-30T06:27:19.359+0000] {processor.py:836} INFO - DAG(s) dict_keys(['example_local_kubernetes_executor']) retrieved from /home/airflow/.local/lib/python3.7/site-packages/airflow/example_dags/example_local_kubernetes_executor.py
[2024-03-30T06:27:19.411+0000] {logging_mixin.py:149} INFO - [2024-03-30T06:27:19.410+0000] {dag.py:2726} INFO - Sync 1 DAGs
[2024-03-30T06:27:19.490+0000] {logging_mixin.py:149} INFO - [2024-03-30T06:27:19.490+0000] {dag.py:3490} INFO - Setting next_dagrun for example_local_kubernetes_executor to None, run_after=None
[2024-03-30T06:27:19.527+0000] {processor.py:179} INFO - Processing /home/airflow/.local/lib/python3.7/site-packages/airflow/example_dags/example_local_kubernetes_executor.py took 0.338 seconds
[2024-03-30T06:27:49.753+0000] {processor.py:157} INFO - Started process (PID=1509) to work on /home/airflow/.local/lib/python3.7/site-packages/airflow/example_dags/example_local_kubernetes_executor.py
[2024-03-30T06:27:49.754+0000] {processor.py:826} INFO - Processing file /home/airflow/.local/lib/python3.7/site-packages/airflow/example_dags/example_local_kubernetes_executor.py for tasks to queue
[2024-03-30T06:27:49.755+0000] {logging_mixin.py:149} INFO - [2024-03-30T06:27:49.755+0000] {dagbag.py:541} INFO - Filling up the DagBag from /home/airflow/.local/lib/python3.7/site-packages/airflow/example_dags/example_local_kubernetes_executor.py
[2024-03-30T06:27:49.980+0000] {processor.py:836} INFO - DAG(s) dict_keys(['example_local_kubernetes_executor']) retrieved from /home/airflow/.local/lib/python3.7/site-packages/airflow/example_dags/example_local_kubernetes_executor.py
[2024-03-30T06:27:50.048+0000] {logging_mixin.py:149} INFO - [2024-03-30T06:27:50.048+0000] {dag.py:2726} INFO - Sync 1 DAGs
[2024-03-30T06:27:50.086+0000] {logging_mixin.py:149} INFO - [2024-03-30T06:27:50.086+0000] {dag.py:3490} INFO - Setting next_dagrun for example_local_kubernetes_executor to None, run_after=None
[2024-03-30T06:27:50.123+0000] {processor.py:179} INFO - Processing /home/airflow/.local/lib/python3.7/site-packages/airflow/example_dags/example_local_kubernetes_executor.py took 0.374 seconds
[2024-03-30T06:28:20.900+0000] {processor.py:157} INFO - Started process (PID=1570) to work on /home/airflow/.local/lib/python3.7/site-packages/airflow/example_dags/example_local_kubernetes_executor.py
[2024-03-30T06:28:20.901+0000] {processor.py:826} INFO - Processing file /home/airflow/.local/lib/python3.7/site-packages/airflow/example_dags/example_local_kubernetes_executor.py for tasks to queue
[2024-03-30T06:28:20.901+0000] {logging_mixin.py:149} INFO - [2024-03-30T06:28:20.901+0000] {dagbag.py:541} INFO - Filling up the DagBag from /home/airflow/.local/lib/python3.7/site-packages/airflow/example_dags/example_local_kubernetes_executor.py
[2024-03-30T06:28:21.074+0000] {processor.py:836} INFO - DAG(s) dict_keys(['example_local_kubernetes_executor']) retrieved from /home/airflow/.local/lib/python3.7/site-packages/airflow/example_dags/example_local_kubernetes_executor.py
[2024-03-30T06:28:21.127+0000] {logging_mixin.py:149} INFO - [2024-03-30T06:28:21.126+0000] {dag.py:2726} INFO - Sync 1 DAGs
[2024-03-30T06:28:21.199+0000] {logging_mixin.py:149} INFO - [2024-03-30T06:28:21.199+0000] {dag.py:3490} INFO - Setting next_dagrun for example_local_kubernetes_executor to None, run_after=None
[2024-03-30T06:28:21.232+0000] {processor.py:179} INFO - Processing /home/airflow/.local/lib/python3.7/site-packages/airflow/example_dags/example_local_kubernetes_executor.py took 0.334 seconds
[2024-03-30T06:28:51.526+0000] {processor.py:157} INFO - Started process (PID=1631) to work on /home/airflow/.local/lib/python3.7/site-packages/airflow/example_dags/example_local_kubernetes_executor.py
[2024-03-30T06:28:51.528+0000] {processor.py:826} INFO - Processing file /home/airflow/.local/lib/python3.7/site-packages/airflow/example_dags/example_local_kubernetes_executor.py for tasks to queue
[2024-03-30T06:28:51.528+0000] {logging_mixin.py:149} INFO - [2024-03-30T06:28:51.528+0000] {dagbag.py:541} INFO - Filling up the DagBag from /home/airflow/.local/lib/python3.7/site-packages/airflow/example_dags/example_local_kubernetes_executor.py
[2024-03-30T06:28:51.687+0000] {processor.py:836} INFO - DAG(s) dict_keys(['example_local_kubernetes_executor']) retrieved from /home/airflow/.local/lib/python3.7/site-packages/airflow/example_dags/example_local_kubernetes_executor.py
[2024-03-30T06:28:51.735+0000] {logging_mixin.py:149} INFO - [2024-03-30T06:28:51.735+0000] {dag.py:2726} INFO - Sync 1 DAGs
[2024-03-30T06:28:51.760+0000] {logging_mixin.py:149} INFO - [2024-03-30T06:28:51.760+0000] {dag.py:3490} INFO - Setting next_dagrun for example_local_kubernetes_executor to None, run_after=None
[2024-03-30T06:28:51.795+0000] {processor.py:179} INFO - Processing /home/airflow/.local/lib/python3.7/site-packages/airflow/example_dags/example_local_kubernetes_executor.py took 0.272 seconds
[2024-03-30T06:29:22.043+0000] {processor.py:157} INFO - Started process (PID=1692) to work on /home/airflow/.local/lib/python3.7/site-packages/airflow/example_dags/example_local_kubernetes_executor.py
[2024-03-30T06:29:22.044+0000] {processor.py:826} INFO - Processing file /home/airflow/.local/lib/python3.7/site-packages/airflow/example_dags/example_local_kubernetes_executor.py for tasks to queue
[2024-03-30T06:29:22.045+0000] {logging_mixin.py:149} INFO - [2024-03-30T06:29:22.045+0000] {dagbag.py:541} INFO - Filling up the DagBag from /home/airflow/.local/lib/python3.7/site-packages/airflow/example_dags/example_local_kubernetes_executor.py
[2024-03-30T06:29:22.215+0000] {processor.py:836} INFO - DAG(s) dict_keys(['example_local_kubernetes_executor']) retrieved from /home/airflow/.local/lib/python3.7/site-packages/airflow/example_dags/example_local_kubernetes_executor.py
[2024-03-30T06:29:22.271+0000] {logging_mixin.py:149} INFO - [2024-03-30T06:29:22.271+0000] {dag.py:2726} INFO - Sync 1 DAGs
[2024-03-30T06:29:22.298+0000] {logging_mixin.py:149} INFO - [2024-03-30T06:29:22.298+0000] {dag.py:3490} INFO - Setting next_dagrun for example_local_kubernetes_executor to None, run_after=None
[2024-03-30T06:29:22.332+0000] {processor.py:179} INFO - Processing /home/airflow/.local/lib/python3.7/site-packages/airflow/example_dags/example_local_kubernetes_executor.py took 0.293 seconds
[2024-03-30T06:29:52.370+0000] {processor.py:157} INFO - Started process (PID=1753) to work on /home/airflow/.local/lib/python3.7/site-packages/airflow/example_dags/example_local_kubernetes_executor.py
[2024-03-30T06:29:52.371+0000] {processor.py:826} INFO - Processing file /home/airflow/.local/lib/python3.7/site-packages/airflow/example_dags/example_local_kubernetes_executor.py for tasks to queue
[2024-03-30T06:29:52.371+0000] {logging_mixin.py:149} INFO - [2024-03-30T06:29:52.371+0000] {dagbag.py:541} INFO - Filling up the DagBag from /home/airflow/.local/lib/python3.7/site-packages/airflow/example_dags/example_local_kubernetes_executor.py
[2024-03-30T06:29:52.507+0000] {processor.py:836} INFO - DAG(s) dict_keys(['example_local_kubernetes_executor']) retrieved from /home/airflow/.local/lib/python3.7/site-packages/airflow/example_dags/example_local_kubernetes_executor.py
[2024-03-30T06:29:52.551+0000] {logging_mixin.py:149} INFO - [2024-03-30T06:29:52.550+0000] {dag.py:2726} INFO - Sync 1 DAGs
[2024-03-30T06:29:52.639+0000] {logging_mixin.py:149} INFO - [2024-03-30T06:29:52.639+0000] {dag.py:3490} INFO - Setting next_dagrun for example_local_kubernetes_executor to None, run_after=None
[2024-03-30T06:29:52.670+0000] {processor.py:179} INFO - Processing /home/airflow/.local/lib/python3.7/site-packages/airflow/example_dags/example_local_kubernetes_executor.py took 0.303 seconds
[2024-03-30T06:30:23.136+0000] {processor.py:157} INFO - Started process (PID=1814) to work on /home/airflow/.local/lib/python3.7/site-packages/airflow/example_dags/example_local_kubernetes_executor.py
[2024-03-30T06:30:23.137+0000] {processor.py:826} INFO - Processing file /home/airflow/.local/lib/python3.7/site-packages/airflow/example_dags/example_local_kubernetes_executor.py for tasks to queue
[2024-03-30T06:30:23.137+0000] {logging_mixin.py:149} INFO - [2024-03-30T06:30:23.137+0000] {dagbag.py:541} INFO - Filling up the DagBag from /home/airflow/.local/lib/python3.7/site-packages/airflow/example_dags/example_local_kubernetes_executor.py
[2024-03-30T06:30:23.286+0000] {processor.py:836} INFO - DAG(s) dict_keys(['example_local_kubernetes_executor']) retrieved from /home/airflow/.local/lib/python3.7/site-packages/airflow/example_dags/example_local_kubernetes_executor.py
[2024-03-30T06:30:23.334+0000] {logging_mixin.py:149} INFO - [2024-03-30T06:30:23.333+0000] {dag.py:2726} INFO - Sync 1 DAGs
[2024-03-30T06:30:23.357+0000] {logging_mixin.py:149} INFO - [2024-03-30T06:30:23.357+0000] {dag.py:3490} INFO - Setting next_dagrun for example_local_kubernetes_executor to None, run_after=None
[2024-03-30T06:30:23.394+0000] {processor.py:179} INFO - Processing /home/airflow/.local/lib/python3.7/site-packages/airflow/example_dags/example_local_kubernetes_executor.py took 0.261 seconds
[2024-03-30T06:30:53.626+0000] {processor.py:157} INFO - Started process (PID=1875) to work on /home/airflow/.local/lib/python3.7/site-packages/airflow/example_dags/example_local_kubernetes_executor.py
[2024-03-30T06:30:53.627+0000] {processor.py:826} INFO - Processing file /home/airflow/.local/lib/python3.7/site-packages/airflow/example_dags/example_local_kubernetes_executor.py for tasks to queue
[2024-03-30T06:30:53.628+0000] {logging_mixin.py:149} INFO - [2024-03-30T06:30:53.628+0000] {dagbag.py:541} INFO - Filling up the DagBag from /home/airflow/.local/lib/python3.7/site-packages/airflow/example_dags/example_local_kubernetes_executor.py
[2024-03-30T06:30:53.795+0000] {processor.py:836} INFO - DAG(s) dict_keys(['example_local_kubernetes_executor']) retrieved from /home/airflow/.local/lib/python3.7/site-packages/airflow/example_dags/example_local_kubernetes_executor.py
[2024-03-30T06:30:53.846+0000] {logging_mixin.py:149} INFO - [2024-03-30T06:30:53.845+0000] {dag.py:2726} INFO - Sync 1 DAGs
[2024-03-30T06:30:53.883+0000] {logging_mixin.py:149} INFO - [2024-03-30T06:30:53.883+0000] {dag.py:3490} INFO - Setting next_dagrun for example_local_kubernetes_executor to None, run_after=None
[2024-03-30T06:30:53.927+0000] {processor.py:179} INFO - Processing /home/airflow/.local/lib/python3.7/site-packages/airflow/example_dags/example_local_kubernetes_executor.py took 0.305 seconds
[2024-03-30T06:31:24.555+0000] {processor.py:157} INFO - Started process (PID=1943) to work on /home/airflow/.local/lib/python3.7/site-packages/airflow/example_dags/example_local_kubernetes_executor.py
[2024-03-30T06:31:24.556+0000] {processor.py:826} INFO - Processing file /home/airflow/.local/lib/python3.7/site-packages/airflow/example_dags/example_local_kubernetes_executor.py for tasks to queue
[2024-03-30T06:31:24.557+0000] {logging_mixin.py:149} INFO - [2024-03-30T06:31:24.557+0000] {dagbag.py:541} INFO - Filling up the DagBag from /home/airflow/.local/lib/python3.7/site-packages/airflow/example_dags/example_local_kubernetes_executor.py
[2024-03-30T06:31:24.740+0000] {processor.py:836} INFO - DAG(s) dict_keys(['example_local_kubernetes_executor']) retrieved from /home/airflow/.local/lib/python3.7/site-packages/airflow/example_dags/example_local_kubernetes_executor.py
[2024-03-30T06:31:24.795+0000] {logging_mixin.py:149} INFO - [2024-03-30T06:31:24.795+0000] {dag.py:2726} INFO - Sync 1 DAGs
[2024-03-30T06:31:24.829+0000] {logging_mixin.py:149} INFO - [2024-03-30T06:31:24.829+0000] {dag.py:3490} INFO - Setting next_dagrun for example_local_kubernetes_executor to None, run_after=None
[2024-03-30T06:31:24.865+0000] {processor.py:179} INFO - Processing /home/airflow/.local/lib/python3.7/site-packages/airflow/example_dags/example_local_kubernetes_executor.py took 0.314 seconds
[2024-03-30T08:20:55.389+0000] {processor.py:157} INFO - Started process (PID=48) to work on /home/airflow/.local/lib/python3.7/site-packages/airflow/example_dags/example_local_kubernetes_executor.py
[2024-03-30T08:20:55.391+0000] {processor.py:826} INFO - Processing file /home/airflow/.local/lib/python3.7/site-packages/airflow/example_dags/example_local_kubernetes_executor.py for tasks to queue
[2024-03-30T08:20:55.391+0000] {logging_mixin.py:149} INFO - [2024-03-30T08:20:55.391+0000] {dagbag.py:541} INFO - Filling up the DagBag from /home/airflow/.local/lib/python3.7/site-packages/airflow/example_dags/example_local_kubernetes_executor.py
[2024-03-30T08:20:56.034+0000] {processor.py:836} INFO - DAG(s) dict_keys(['example_local_kubernetes_executor']) retrieved from /home/airflow/.local/lib/python3.7/site-packages/airflow/example_dags/example_local_kubernetes_executor.py
[2024-03-30T08:20:56.101+0000] {logging_mixin.py:149} INFO - [2024-03-30T08:20:56.100+0000] {dag.py:2726} INFO - Sync 1 DAGs
[2024-03-30T08:20:56.130+0000] {logging_mixin.py:149} INFO - [2024-03-30T08:20:56.130+0000] {dag.py:3490} INFO - Setting next_dagrun for example_local_kubernetes_executor to None, run_after=None
[2024-03-30T08:20:56.179+0000] {processor.py:179} INFO - Processing /home/airflow/.local/lib/python3.7/site-packages/airflow/example_dags/example_local_kubernetes_executor.py took 0.793 seconds
[2024-03-30T08:21:26.241+0000] {processor.py:157} INFO - Started process (PID=112) to work on /home/airflow/.local/lib/python3.7/site-packages/airflow/example_dags/example_local_kubernetes_executor.py
[2024-03-30T08:21:26.242+0000] {processor.py:826} INFO - Processing file /home/airflow/.local/lib/python3.7/site-packages/airflow/example_dags/example_local_kubernetes_executor.py for tasks to queue
[2024-03-30T08:21:26.243+0000] {logging_mixin.py:149} INFO - [2024-03-30T08:21:26.243+0000] {dagbag.py:541} INFO - Filling up the DagBag from /home/airflow/.local/lib/python3.7/site-packages/airflow/example_dags/example_local_kubernetes_executor.py
[2024-03-30T08:21:26.549+0000] {processor.py:836} INFO - DAG(s) dict_keys(['example_local_kubernetes_executor']) retrieved from /home/airflow/.local/lib/python3.7/site-packages/airflow/example_dags/example_local_kubernetes_executor.py
[2024-03-30T08:21:26.590+0000] {logging_mixin.py:149} INFO - [2024-03-30T08:21:26.590+0000] {dag.py:2726} INFO - Sync 1 DAGs
[2024-03-30T08:21:26.611+0000] {logging_mixin.py:149} INFO - [2024-03-30T08:21:26.611+0000] {dag.py:3490} INFO - Setting next_dagrun for example_local_kubernetes_executor to None, run_after=None
[2024-03-30T08:21:26.648+0000] {processor.py:179} INFO - Processing /home/airflow/.local/lib/python3.7/site-packages/airflow/example_dags/example_local_kubernetes_executor.py took 0.411 seconds
[2024-03-30T08:21:56.941+0000] {processor.py:157} INFO - Started process (PID=173) to work on /home/airflow/.local/lib/python3.7/site-packages/airflow/example_dags/example_local_kubernetes_executor.py
[2024-03-30T08:21:56.942+0000] {processor.py:826} INFO - Processing file /home/airflow/.local/lib/python3.7/site-packages/airflow/example_dags/example_local_kubernetes_executor.py for tasks to queue
[2024-03-30T08:21:56.943+0000] {logging_mixin.py:149} INFO - [2024-03-30T08:21:56.943+0000] {dagbag.py:541} INFO - Filling up the DagBag from /home/airflow/.local/lib/python3.7/site-packages/airflow/example_dags/example_local_kubernetes_executor.py
[2024-03-30T08:21:57.245+0000] {processor.py:836} INFO - DAG(s) dict_keys(['example_local_kubernetes_executor']) retrieved from /home/airflow/.local/lib/python3.7/site-packages/airflow/example_dags/example_local_kubernetes_executor.py
[2024-03-30T08:21:57.292+0000] {logging_mixin.py:149} INFO - [2024-03-30T08:21:57.292+0000] {dag.py:2726} INFO - Sync 1 DAGs
[2024-03-30T08:21:57.322+0000] {logging_mixin.py:149} INFO - [2024-03-30T08:21:57.321+0000] {dag.py:3490} INFO - Setting next_dagrun for example_local_kubernetes_executor to None, run_after=None
[2024-03-30T08:21:57.371+0000] {processor.py:179} INFO - Processing /home/airflow/.local/lib/python3.7/site-packages/airflow/example_dags/example_local_kubernetes_executor.py took 0.433 seconds
[2024-03-30T08:22:27.671+0000] {processor.py:157} INFO - Started process (PID=232) to work on /home/airflow/.local/lib/python3.7/site-packages/airflow/example_dags/example_local_kubernetes_executor.py
[2024-03-30T08:22:27.672+0000] {processor.py:826} INFO - Processing file /home/airflow/.local/lib/python3.7/site-packages/airflow/example_dags/example_local_kubernetes_executor.py for tasks to queue
[2024-03-30T08:22:27.672+0000] {logging_mixin.py:149} INFO - [2024-03-30T08:22:27.672+0000] {dagbag.py:541} INFO - Filling up the DagBag from /home/airflow/.local/lib/python3.7/site-packages/airflow/example_dags/example_local_kubernetes_executor.py
[2024-03-30T08:22:27.887+0000] {processor.py:836} INFO - DAG(s) dict_keys(['example_local_kubernetes_executor']) retrieved from /home/airflow/.local/lib/python3.7/site-packages/airflow/example_dags/example_local_kubernetes_executor.py
[2024-03-30T08:22:27.942+0000] {logging_mixin.py:149} INFO - [2024-03-30T08:22:27.942+0000] {dag.py:2726} INFO - Sync 1 DAGs
[2024-03-30T08:22:27.972+0000] {logging_mixin.py:149} INFO - [2024-03-30T08:22:27.972+0000] {dag.py:3490} INFO - Setting next_dagrun for example_local_kubernetes_executor to None, run_after=None
[2024-03-30T08:22:28.016+0000] {processor.py:179} INFO - Processing /home/airflow/.local/lib/python3.7/site-packages/airflow/example_dags/example_local_kubernetes_executor.py took 0.348 seconds
[2024-03-30T08:22:58.097+0000] {processor.py:157} INFO - Started process (PID=293) to work on /home/airflow/.local/lib/python3.7/site-packages/airflow/example_dags/example_local_kubernetes_executor.py
[2024-03-30T08:22:58.098+0000] {processor.py:826} INFO - Processing file /home/airflow/.local/lib/python3.7/site-packages/airflow/example_dags/example_local_kubernetes_executor.py for tasks to queue
[2024-03-30T08:22:58.099+0000] {logging_mixin.py:149} INFO - [2024-03-30T08:22:58.099+0000] {dagbag.py:541} INFO - Filling up the DagBag from /home/airflow/.local/lib/python3.7/site-packages/airflow/example_dags/example_local_kubernetes_executor.py
[2024-03-30T08:22:58.301+0000] {processor.py:836} INFO - DAG(s) dict_keys(['example_local_kubernetes_executor']) retrieved from /home/airflow/.local/lib/python3.7/site-packages/airflow/example_dags/example_local_kubernetes_executor.py
[2024-03-30T08:22:58.358+0000] {logging_mixin.py:149} INFO - [2024-03-30T08:22:58.358+0000] {dag.py:2726} INFO - Sync 1 DAGs
[2024-03-30T08:22:58.386+0000] {logging_mixin.py:149} INFO - [2024-03-30T08:22:58.386+0000] {dag.py:3490} INFO - Setting next_dagrun for example_local_kubernetes_executor to None, run_after=None
[2024-03-30T08:22:58.430+0000] {processor.py:179} INFO - Processing /home/airflow/.local/lib/python3.7/site-packages/airflow/example_dags/example_local_kubernetes_executor.py took 0.339 seconds
[2024-03-30T08:23:28.812+0000] {processor.py:157} INFO - Started process (PID=353) to work on /home/airflow/.local/lib/python3.7/site-packages/airflow/example_dags/example_local_kubernetes_executor.py
[2024-03-30T08:23:28.813+0000] {processor.py:826} INFO - Processing file /home/airflow/.local/lib/python3.7/site-packages/airflow/example_dags/example_local_kubernetes_executor.py for tasks to queue
[2024-03-30T08:23:28.814+0000] {logging_mixin.py:149} INFO - [2024-03-30T08:23:28.814+0000] {dagbag.py:541} INFO - Filling up the DagBag from /home/airflow/.local/lib/python3.7/site-packages/airflow/example_dags/example_local_kubernetes_executor.py
[2024-03-30T08:23:29.021+0000] {processor.py:836} INFO - DAG(s) dict_keys(['example_local_kubernetes_executor']) retrieved from /home/airflow/.local/lib/python3.7/site-packages/airflow/example_dags/example_local_kubernetes_executor.py
[2024-03-30T08:23:29.080+0000] {logging_mixin.py:149} INFO - [2024-03-30T08:23:29.080+0000] {dag.py:2726} INFO - Sync 1 DAGs
[2024-03-30T08:23:29.108+0000] {logging_mixin.py:149} INFO - [2024-03-30T08:23:29.107+0000] {dag.py:3490} INFO - Setting next_dagrun for example_local_kubernetes_executor to None, run_after=None
[2024-03-30T08:23:29.151+0000] {processor.py:179} INFO - Processing /home/airflow/.local/lib/python3.7/site-packages/airflow/example_dags/example_local_kubernetes_executor.py took 0.344 seconds
[2024-03-30T08:23:59.252+0000] {processor.py:157} INFO - Started process (PID=413) to work on /home/airflow/.local/lib/python3.7/site-packages/airflow/example_dags/example_local_kubernetes_executor.py
[2024-03-30T08:23:59.253+0000] {processor.py:826} INFO - Processing file /home/airflow/.local/lib/python3.7/site-packages/airflow/example_dags/example_local_kubernetes_executor.py for tasks to queue
[2024-03-30T08:23:59.254+0000] {logging_mixin.py:149} INFO - [2024-03-30T08:23:59.254+0000] {dagbag.py:541} INFO - Filling up the DagBag from /home/airflow/.local/lib/python3.7/site-packages/airflow/example_dags/example_local_kubernetes_executor.py
[2024-03-30T08:23:59.484+0000] {processor.py:836} INFO - DAG(s) dict_keys(['example_local_kubernetes_executor']) retrieved from /home/airflow/.local/lib/python3.7/site-packages/airflow/example_dags/example_local_kubernetes_executor.py
[2024-03-30T08:23:59.555+0000] {logging_mixin.py:149} INFO - [2024-03-30T08:23:59.555+0000] {dag.py:2726} INFO - Sync 1 DAGs
[2024-03-30T08:23:59.598+0000] {logging_mixin.py:149} INFO - [2024-03-30T08:23:59.598+0000] {dag.py:3490} INFO - Setting next_dagrun for example_local_kubernetes_executor to None, run_after=None
[2024-03-30T08:23:59.646+0000] {processor.py:179} INFO - Processing /home/airflow/.local/lib/python3.7/site-packages/airflow/example_dags/example_local_kubernetes_executor.py took 0.397 seconds
[2024-03-30T08:24:29.803+0000] {processor.py:157} INFO - Started process (PID=476) to work on /home/airflow/.local/lib/python3.7/site-packages/airflow/example_dags/example_local_kubernetes_executor.py
[2024-03-30T08:24:29.804+0000] {processor.py:826} INFO - Processing file /home/airflow/.local/lib/python3.7/site-packages/airflow/example_dags/example_local_kubernetes_executor.py for tasks to queue
[2024-03-30T08:24:29.805+0000] {logging_mixin.py:149} INFO - [2024-03-30T08:24:29.805+0000] {dagbag.py:541} INFO - Filling up the DagBag from /home/airflow/.local/lib/python3.7/site-packages/airflow/example_dags/example_local_kubernetes_executor.py
[2024-03-30T08:24:30.041+0000] {processor.py:836} INFO - DAG(s) dict_keys(['example_local_kubernetes_executor']) retrieved from /home/airflow/.local/lib/python3.7/site-packages/airflow/example_dags/example_local_kubernetes_executor.py
[2024-03-30T08:24:30.097+0000] {logging_mixin.py:149} INFO - [2024-03-30T08:24:30.096+0000] {dag.py:2726} INFO - Sync 1 DAGs
[2024-03-30T08:24:30.125+0000] {logging_mixin.py:149} INFO - [2024-03-30T08:24:30.125+0000] {dag.py:3490} INFO - Setting next_dagrun for example_local_kubernetes_executor to None, run_after=None
[2024-03-30T08:24:30.168+0000] {processor.py:179} INFO - Processing /home/airflow/.local/lib/python3.7/site-packages/airflow/example_dags/example_local_kubernetes_executor.py took 0.368 seconds
[2024-03-30T08:25:00.310+0000] {processor.py:157} INFO - Started process (PID=539) to work on /home/airflow/.local/lib/python3.7/site-packages/airflow/example_dags/example_local_kubernetes_executor.py
[2024-03-30T08:25:00.311+0000] {processor.py:826} INFO - Processing file /home/airflow/.local/lib/python3.7/site-packages/airflow/example_dags/example_local_kubernetes_executor.py for tasks to queue
[2024-03-30T08:25:00.312+0000] {logging_mixin.py:149} INFO - [2024-03-30T08:25:00.312+0000] {dagbag.py:541} INFO - Filling up the DagBag from /home/airflow/.local/lib/python3.7/site-packages/airflow/example_dags/example_local_kubernetes_executor.py
[2024-03-30T08:25:00.497+0000] {processor.py:836} INFO - DAG(s) dict_keys(['example_local_kubernetes_executor']) retrieved from /home/airflow/.local/lib/python3.7/site-packages/airflow/example_dags/example_local_kubernetes_executor.py
[2024-03-30T08:25:00.548+0000] {logging_mixin.py:149} INFO - [2024-03-30T08:25:00.548+0000] {dag.py:2726} INFO - Sync 1 DAGs
[2024-03-30T08:25:00.575+0000] {logging_mixin.py:149} INFO - [2024-03-30T08:25:00.575+0000] {dag.py:3490} INFO - Setting next_dagrun for example_local_kubernetes_executor to None, run_after=None
[2024-03-30T08:25:00.614+0000] {processor.py:179} INFO - Processing /home/airflow/.local/lib/python3.7/site-packages/airflow/example_dags/example_local_kubernetes_executor.py took 0.306 seconds
[2024-03-30T08:25:30.688+0000] {processor.py:157} INFO - Started process (PID=601) to work on /home/airflow/.local/lib/python3.7/site-packages/airflow/example_dags/example_local_kubernetes_executor.py
[2024-03-30T08:25:30.689+0000] {processor.py:826} INFO - Processing file /home/airflow/.local/lib/python3.7/site-packages/airflow/example_dags/example_local_kubernetes_executor.py for tasks to queue
[2024-03-30T08:25:30.691+0000] {logging_mixin.py:149} INFO - [2024-03-30T08:25:30.691+0000] {dagbag.py:541} INFO - Filling up the DagBag from /home/airflow/.local/lib/python3.7/site-packages/airflow/example_dags/example_local_kubernetes_executor.py
[2024-03-30T08:25:30.900+0000] {processor.py:836} INFO - DAG(s) dict_keys(['example_local_kubernetes_executor']) retrieved from /home/airflow/.local/lib/python3.7/site-packages/airflow/example_dags/example_local_kubernetes_executor.py
[2024-03-30T08:25:30.949+0000] {logging_mixin.py:149} INFO - [2024-03-30T08:25:30.949+0000] {dag.py:2726} INFO - Sync 1 DAGs
[2024-03-30T08:25:31.023+0000] {logging_mixin.py:149} INFO - [2024-03-30T08:25:31.022+0000] {dag.py:3490} INFO - Setting next_dagrun for example_local_kubernetes_executor to None, run_after=None
[2024-03-30T08:25:31.107+0000] {processor.py:179} INFO - Processing /home/airflow/.local/lib/python3.7/site-packages/airflow/example_dags/example_local_kubernetes_executor.py took 0.422 seconds
[2024-03-30T08:26:01.322+0000] {processor.py:157} INFO - Started process (PID=664) to work on /home/airflow/.local/lib/python3.7/site-packages/airflow/example_dags/example_local_kubernetes_executor.py
[2024-03-30T08:26:01.323+0000] {processor.py:826} INFO - Processing file /home/airflow/.local/lib/python3.7/site-packages/airflow/example_dags/example_local_kubernetes_executor.py for tasks to queue
[2024-03-30T08:26:01.324+0000] {logging_mixin.py:149} INFO - [2024-03-30T08:26:01.323+0000] {dagbag.py:541} INFO - Filling up the DagBag from /home/airflow/.local/lib/python3.7/site-packages/airflow/example_dags/example_local_kubernetes_executor.py
[2024-03-30T08:26:01.527+0000] {processor.py:836} INFO - DAG(s) dict_keys(['example_local_kubernetes_executor']) retrieved from /home/airflow/.local/lib/python3.7/site-packages/airflow/example_dags/example_local_kubernetes_executor.py
[2024-03-30T08:26:01.573+0000] {logging_mixin.py:149} INFO - [2024-03-30T08:26:01.573+0000] {dag.py:2726} INFO - Sync 1 DAGs
[2024-03-30T08:26:01.606+0000] {logging_mixin.py:149} INFO - [2024-03-30T08:26:01.606+0000] {dag.py:3490} INFO - Setting next_dagrun for example_local_kubernetes_executor to None, run_after=None
[2024-03-30T08:26:01.652+0000] {processor.py:179} INFO - Processing /home/airflow/.local/lib/python3.7/site-packages/airflow/example_dags/example_local_kubernetes_executor.py took 0.334 seconds
