[2024-03-30T06:15:36.032+0000] {processor.py:157} INFO - Started process (PID=72) to work on /home/airflow/.local/lib/python3.7/site-packages/airflow/example_dags/example_trigger_target_dag.py
[2024-03-30T06:15:36.032+0000] {processor.py:826} INFO - Processing file /home/airflow/.local/lib/python3.7/site-packages/airflow/example_dags/example_trigger_target_dag.py for tasks to queue
[2024-03-30T06:15:36.033+0000] {logging_mixin.py:149} INFO - [2024-03-30T06:15:36.033+0000] {dagbag.py:541} INFO - Filling up the DagBag from /home/airflow/.local/lib/python3.7/site-packages/airflow/example_dags/example_trigger_target_dag.py
[2024-03-30T06:15:36.039+0000] {processor.py:836} INFO - DAG(s) dict_keys(['example_trigger_target_dag']) retrieved from /home/airflow/.local/lib/python3.7/site-packages/airflow/example_dags/example_trigger_target_dag.py
[2024-03-30T06:15:36.067+0000] {logging_mixin.py:149} INFO - [2024-03-30T06:15:36.067+0000] {dag.py:2726} INFO - Sync 1 DAGs
[2024-03-30T06:15:36.096+0000] {logging_mixin.py:149} INFO - [2024-03-30T06:15:36.096+0000] {dag.py:3490} INFO - Setting next_dagrun for example_trigger_target_dag to None, run_after=None
[2024-03-30T06:15:36.132+0000] {processor.py:179} INFO - Processing /home/airflow/.local/lib/python3.7/site-packages/airflow/example_dags/example_trigger_target_dag.py took 0.103 seconds
[2024-03-30T06:16:06.511+0000] {processor.py:157} INFO - Started process (PID=131) to work on /home/airflow/.local/lib/python3.7/site-packages/airflow/example_dags/example_trigger_target_dag.py
[2024-03-30T06:16:06.512+0000] {processor.py:826} INFO - Processing file /home/airflow/.local/lib/python3.7/site-packages/airflow/example_dags/example_trigger_target_dag.py for tasks to queue
[2024-03-30T06:16:06.512+0000] {logging_mixin.py:149} INFO - [2024-03-30T06:16:06.512+0000] {dagbag.py:541} INFO - Filling up the DagBag from /home/airflow/.local/lib/python3.7/site-packages/airflow/example_dags/example_trigger_target_dag.py
[2024-03-30T06:16:06.517+0000] {processor.py:836} INFO - DAG(s) dict_keys(['example_trigger_target_dag']) retrieved from /home/airflow/.local/lib/python3.7/site-packages/airflow/example_dags/example_trigger_target_dag.py
[2024-03-30T06:16:06.554+0000] {logging_mixin.py:149} INFO - [2024-03-30T06:16:06.554+0000] {dag.py:2726} INFO - Sync 1 DAGs
[2024-03-30T06:16:06.580+0000] {logging_mixin.py:149} INFO - [2024-03-30T06:16:06.580+0000] {dag.py:3490} INFO - Setting next_dagrun for example_trigger_target_dag to None, run_after=None
[2024-03-30T06:16:06.613+0000] {processor.py:179} INFO - Processing /home/airflow/.local/lib/python3.7/site-packages/airflow/example_dags/example_trigger_target_dag.py took 0.105 seconds
[2024-03-30T06:16:37.514+0000] {processor.py:157} INFO - Started process (PID=191) to work on /home/airflow/.local/lib/python3.7/site-packages/airflow/example_dags/example_trigger_target_dag.py
[2024-03-30T06:16:37.515+0000] {processor.py:826} INFO - Processing file /home/airflow/.local/lib/python3.7/site-packages/airflow/example_dags/example_trigger_target_dag.py for tasks to queue
[2024-03-30T06:16:37.515+0000] {logging_mixin.py:149} INFO - [2024-03-30T06:16:37.515+0000] {dagbag.py:541} INFO - Filling up the DagBag from /home/airflow/.local/lib/python3.7/site-packages/airflow/example_dags/example_trigger_target_dag.py
[2024-03-30T06:16:37.519+0000] {processor.py:836} INFO - DAG(s) dict_keys(['example_trigger_target_dag']) retrieved from /home/airflow/.local/lib/python3.7/site-packages/airflow/example_dags/example_trigger_target_dag.py
[2024-03-30T06:16:37.555+0000] {logging_mixin.py:149} INFO - [2024-03-30T06:16:37.555+0000] {dag.py:2726} INFO - Sync 1 DAGs
[2024-03-30T06:16:37.580+0000] {logging_mixin.py:149} INFO - [2024-03-30T06:16:37.580+0000] {dag.py:3490} INFO - Setting next_dagrun for example_trigger_target_dag to None, run_after=None
[2024-03-30T06:16:37.613+0000] {processor.py:179} INFO - Processing /home/airflow/.local/lib/python3.7/site-packages/airflow/example_dags/example_trigger_target_dag.py took 0.102 seconds
[2024-03-30T06:17:08.462+0000] {processor.py:157} INFO - Started process (PID=251) to work on /home/airflow/.local/lib/python3.7/site-packages/airflow/example_dags/example_trigger_target_dag.py
[2024-03-30T06:17:08.463+0000] {processor.py:826} INFO - Processing file /home/airflow/.local/lib/python3.7/site-packages/airflow/example_dags/example_trigger_target_dag.py for tasks to queue
[2024-03-30T06:17:08.463+0000] {logging_mixin.py:149} INFO - [2024-03-30T06:17:08.463+0000] {dagbag.py:541} INFO - Filling up the DagBag from /home/airflow/.local/lib/python3.7/site-packages/airflow/example_dags/example_trigger_target_dag.py
[2024-03-30T06:17:08.468+0000] {processor.py:836} INFO - DAG(s) dict_keys(['example_trigger_target_dag']) retrieved from /home/airflow/.local/lib/python3.7/site-packages/airflow/example_dags/example_trigger_target_dag.py
[2024-03-30T06:17:08.503+0000] {logging_mixin.py:149} INFO - [2024-03-30T06:17:08.503+0000] {dag.py:2726} INFO - Sync 1 DAGs
[2024-03-30T06:17:08.526+0000] {logging_mixin.py:149} INFO - [2024-03-30T06:17:08.526+0000] {dag.py:3490} INFO - Setting next_dagrun for example_trigger_target_dag to None, run_after=None
[2024-03-30T06:17:08.559+0000] {processor.py:179} INFO - Processing /home/airflow/.local/lib/python3.7/site-packages/airflow/example_dags/example_trigger_target_dag.py took 0.100 seconds
[2024-03-30T06:17:38.824+0000] {processor.py:157} INFO - Started process (PID=311) to work on /home/airflow/.local/lib/python3.7/site-packages/airflow/example_dags/example_trigger_target_dag.py
[2024-03-30T06:17:38.825+0000] {processor.py:826} INFO - Processing file /home/airflow/.local/lib/python3.7/site-packages/airflow/example_dags/example_trigger_target_dag.py for tasks to queue
[2024-03-30T06:17:38.826+0000] {logging_mixin.py:149} INFO - [2024-03-30T06:17:38.825+0000] {dagbag.py:541} INFO - Filling up the DagBag from /home/airflow/.local/lib/python3.7/site-packages/airflow/example_dags/example_trigger_target_dag.py
[2024-03-30T06:17:38.830+0000] {processor.py:836} INFO - DAG(s) dict_keys(['example_trigger_target_dag']) retrieved from /home/airflow/.local/lib/python3.7/site-packages/airflow/example_dags/example_trigger_target_dag.py
[2024-03-30T06:17:38.864+0000] {logging_mixin.py:149} INFO - [2024-03-30T06:17:38.864+0000] {dag.py:2726} INFO - Sync 1 DAGs
[2024-03-30T06:17:38.931+0000] {logging_mixin.py:149} INFO - [2024-03-30T06:17:38.931+0000] {dag.py:3490} INFO - Setting next_dagrun for example_trigger_target_dag to None, run_after=None
[2024-03-30T06:17:38.964+0000] {processor.py:179} INFO - Processing /home/airflow/.local/lib/python3.7/site-packages/airflow/example_dags/example_trigger_target_dag.py took 0.143 seconds
[2024-03-30T06:18:09.090+0000] {processor.py:157} INFO - Started process (PID=371) to work on /home/airflow/.local/lib/python3.7/site-packages/airflow/example_dags/example_trigger_target_dag.py
[2024-03-30T06:18:09.090+0000] {processor.py:826} INFO - Processing file /home/airflow/.local/lib/python3.7/site-packages/airflow/example_dags/example_trigger_target_dag.py for tasks to queue
[2024-03-30T06:18:09.091+0000] {logging_mixin.py:149} INFO - [2024-03-30T06:18:09.091+0000] {dagbag.py:541} INFO - Filling up the DagBag from /home/airflow/.local/lib/python3.7/site-packages/airflow/example_dags/example_trigger_target_dag.py
[2024-03-30T06:18:09.096+0000] {processor.py:836} INFO - DAG(s) dict_keys(['example_trigger_target_dag']) retrieved from /home/airflow/.local/lib/python3.7/site-packages/airflow/example_dags/example_trigger_target_dag.py
[2024-03-30T06:18:09.130+0000] {logging_mixin.py:149} INFO - [2024-03-30T06:18:09.129+0000] {dag.py:2726} INFO - Sync 1 DAGs
[2024-03-30T06:18:09.153+0000] {logging_mixin.py:149} INFO - [2024-03-30T06:18:09.152+0000] {dag.py:3490} INFO - Setting next_dagrun for example_trigger_target_dag to None, run_after=None
[2024-03-30T06:18:09.184+0000] {processor.py:179} INFO - Processing /home/airflow/.local/lib/python3.7/site-packages/airflow/example_dags/example_trigger_target_dag.py took 0.097 seconds
[2024-03-30T06:18:39.969+0000] {processor.py:157} INFO - Started process (PID=432) to work on /home/airflow/.local/lib/python3.7/site-packages/airflow/example_dags/example_trigger_target_dag.py
[2024-03-30T06:18:39.974+0000] {processor.py:826} INFO - Processing file /home/airflow/.local/lib/python3.7/site-packages/airflow/example_dags/example_trigger_target_dag.py for tasks to queue
[2024-03-30T06:18:39.976+0000] {logging_mixin.py:149} INFO - [2024-03-30T06:18:39.975+0000] {dagbag.py:541} INFO - Filling up the DagBag from /home/airflow/.local/lib/python3.7/site-packages/airflow/example_dags/example_trigger_target_dag.py
[2024-03-30T06:18:39.984+0000] {processor.py:836} INFO - DAG(s) dict_keys(['example_trigger_target_dag']) retrieved from /home/airflow/.local/lib/python3.7/site-packages/airflow/example_dags/example_trigger_target_dag.py
[2024-03-30T06:18:40.049+0000] {logging_mixin.py:149} INFO - [2024-03-30T06:18:40.048+0000] {dag.py:2726} INFO - Sync 1 DAGs
[2024-03-30T06:18:40.091+0000] {logging_mixin.py:149} INFO - [2024-03-30T06:18:40.091+0000] {dag.py:3490} INFO - Setting next_dagrun for example_trigger_target_dag to None, run_after=None
[2024-03-30T06:18:40.136+0000] {processor.py:179} INFO - Processing /home/airflow/.local/lib/python3.7/site-packages/airflow/example_dags/example_trigger_target_dag.py took 0.172 seconds
[2024-03-30T06:19:10.180+0000] {processor.py:157} INFO - Started process (PID=491) to work on /home/airflow/.local/lib/python3.7/site-packages/airflow/example_dags/example_trigger_target_dag.py
[2024-03-30T06:19:10.180+0000] {processor.py:826} INFO - Processing file /home/airflow/.local/lib/python3.7/site-packages/airflow/example_dags/example_trigger_target_dag.py for tasks to queue
[2024-03-30T06:19:10.181+0000] {logging_mixin.py:149} INFO - [2024-03-30T06:19:10.181+0000] {dagbag.py:541} INFO - Filling up the DagBag from /home/airflow/.local/lib/python3.7/site-packages/airflow/example_dags/example_trigger_target_dag.py
[2024-03-30T06:19:10.186+0000] {processor.py:836} INFO - DAG(s) dict_keys(['example_trigger_target_dag']) retrieved from /home/airflow/.local/lib/python3.7/site-packages/airflow/example_dags/example_trigger_target_dag.py
[2024-03-30T06:19:10.219+0000] {logging_mixin.py:149} INFO - [2024-03-30T06:19:10.219+0000] {dag.py:2726} INFO - Sync 1 DAGs
[2024-03-30T06:19:10.244+0000] {logging_mixin.py:149} INFO - [2024-03-30T06:19:10.244+0000] {dag.py:3490} INFO - Setting next_dagrun for example_trigger_target_dag to None, run_after=None
[2024-03-30T06:19:10.279+0000] {processor.py:179} INFO - Processing /home/airflow/.local/lib/python3.7/site-packages/airflow/example_dags/example_trigger_target_dag.py took 0.102 seconds
[2024-03-30T06:19:40.332+0000] {processor.py:157} INFO - Started process (PID=551) to work on /home/airflow/.local/lib/python3.7/site-packages/airflow/example_dags/example_trigger_target_dag.py
[2024-03-30T06:19:40.333+0000] {processor.py:826} INFO - Processing file /home/airflow/.local/lib/python3.7/site-packages/airflow/example_dags/example_trigger_target_dag.py for tasks to queue
[2024-03-30T06:19:40.333+0000] {logging_mixin.py:149} INFO - [2024-03-30T06:19:40.333+0000] {dagbag.py:541} INFO - Filling up the DagBag from /home/airflow/.local/lib/python3.7/site-packages/airflow/example_dags/example_trigger_target_dag.py
[2024-03-30T06:19:40.338+0000] {processor.py:836} INFO - DAG(s) dict_keys(['example_trigger_target_dag']) retrieved from /home/airflow/.local/lib/python3.7/site-packages/airflow/example_dags/example_trigger_target_dag.py
[2024-03-30T06:19:40.372+0000] {logging_mixin.py:149} INFO - [2024-03-30T06:19:40.372+0000] {dag.py:2726} INFO - Sync 1 DAGs
[2024-03-30T06:19:40.394+0000] {logging_mixin.py:149} INFO - [2024-03-30T06:19:40.394+0000] {dag.py:3490} INFO - Setting next_dagrun for example_trigger_target_dag to None, run_after=None
[2024-03-30T06:19:40.426+0000] {processor.py:179} INFO - Processing /home/airflow/.local/lib/python3.7/site-packages/airflow/example_dags/example_trigger_target_dag.py took 0.097 seconds
[2024-03-30T06:20:11.245+0000] {processor.py:157} INFO - Started process (PID=611) to work on /home/airflow/.local/lib/python3.7/site-packages/airflow/example_dags/example_trigger_target_dag.py
[2024-03-30T06:20:11.246+0000] {processor.py:826} INFO - Processing file /home/airflow/.local/lib/python3.7/site-packages/airflow/example_dags/example_trigger_target_dag.py for tasks to queue
[2024-03-30T06:20:11.247+0000] {logging_mixin.py:149} INFO - [2024-03-30T06:20:11.246+0000] {dagbag.py:541} INFO - Filling up the DagBag from /home/airflow/.local/lib/python3.7/site-packages/airflow/example_dags/example_trigger_target_dag.py
[2024-03-30T06:20:11.252+0000] {processor.py:836} INFO - DAG(s) dict_keys(['example_trigger_target_dag']) retrieved from /home/airflow/.local/lib/python3.7/site-packages/airflow/example_dags/example_trigger_target_dag.py
[2024-03-30T06:20:11.288+0000] {logging_mixin.py:149} INFO - [2024-03-30T06:20:11.288+0000] {dag.py:2726} INFO - Sync 1 DAGs
[2024-03-30T06:20:11.313+0000] {logging_mixin.py:149} INFO - [2024-03-30T06:20:11.313+0000] {dag.py:3490} INFO - Setting next_dagrun for example_trigger_target_dag to None, run_after=None
[2024-03-30T06:20:11.347+0000] {processor.py:179} INFO - Processing /home/airflow/.local/lib/python3.7/site-packages/airflow/example_dags/example_trigger_target_dag.py took 0.104 seconds
[2024-03-30T06:20:42.165+0000] {processor.py:157} INFO - Started process (PID=674) to work on /home/airflow/.local/lib/python3.7/site-packages/airflow/example_dags/example_trigger_target_dag.py
[2024-03-30T06:20:42.167+0000] {processor.py:826} INFO - Processing file /home/airflow/.local/lib/python3.7/site-packages/airflow/example_dags/example_trigger_target_dag.py for tasks to queue
[2024-03-30T06:20:42.168+0000] {logging_mixin.py:149} INFO - [2024-03-30T06:20:42.168+0000] {dagbag.py:541} INFO - Filling up the DagBag from /home/airflow/.local/lib/python3.7/site-packages/airflow/example_dags/example_trigger_target_dag.py
[2024-03-30T06:20:42.174+0000] {processor.py:836} INFO - DAG(s) dict_keys(['example_trigger_target_dag']) retrieved from /home/airflow/.local/lib/python3.7/site-packages/airflow/example_dags/example_trigger_target_dag.py
[2024-03-30T06:20:42.216+0000] {logging_mixin.py:149} INFO - [2024-03-30T06:20:42.216+0000] {dag.py:2726} INFO - Sync 1 DAGs
[2024-03-30T06:20:42.254+0000] {logging_mixin.py:149} INFO - [2024-03-30T06:20:42.253+0000] {dag.py:3490} INFO - Setting next_dagrun for example_trigger_target_dag to None, run_after=None
[2024-03-30T06:20:42.295+0000] {processor.py:179} INFO - Processing /home/airflow/.local/lib/python3.7/site-packages/airflow/example_dags/example_trigger_target_dag.py took 0.134 seconds
[2024-03-30T06:21:12.962+0000] {processor.py:157} INFO - Started process (PID=735) to work on /home/airflow/.local/lib/python3.7/site-packages/airflow/example_dags/example_trigger_target_dag.py
[2024-03-30T06:21:12.963+0000] {processor.py:826} INFO - Processing file /home/airflow/.local/lib/python3.7/site-packages/airflow/example_dags/example_trigger_target_dag.py for tasks to queue
[2024-03-30T06:21:12.963+0000] {logging_mixin.py:149} INFO - [2024-03-30T06:21:12.963+0000] {dagbag.py:541} INFO - Filling up the DagBag from /home/airflow/.local/lib/python3.7/site-packages/airflow/example_dags/example_trigger_target_dag.py
[2024-03-30T06:21:12.968+0000] {processor.py:836} INFO - DAG(s) dict_keys(['example_trigger_target_dag']) retrieved from /home/airflow/.local/lib/python3.7/site-packages/airflow/example_dags/example_trigger_target_dag.py
[2024-03-30T06:21:13.007+0000] {logging_mixin.py:149} INFO - [2024-03-30T06:21:13.007+0000] {dag.py:2726} INFO - Sync 1 DAGs
[2024-03-30T06:21:13.032+0000] {logging_mixin.py:149} INFO - [2024-03-30T06:21:13.032+0000] {dag.py:3490} INFO - Setting next_dagrun for example_trigger_target_dag to None, run_after=None
[2024-03-30T06:21:13.070+0000] {processor.py:179} INFO - Processing /home/airflow/.local/lib/python3.7/site-packages/airflow/example_dags/example_trigger_target_dag.py took 0.111 seconds
[2024-03-30T06:21:43.990+0000] {processor.py:157} INFO - Started process (PID=796) to work on /home/airflow/.local/lib/python3.7/site-packages/airflow/example_dags/example_trigger_target_dag.py
[2024-03-30T06:21:43.991+0000] {processor.py:826} INFO - Processing file /home/airflow/.local/lib/python3.7/site-packages/airflow/example_dags/example_trigger_target_dag.py for tasks to queue
[2024-03-30T06:21:43.992+0000] {logging_mixin.py:149} INFO - [2024-03-30T06:21:43.992+0000] {dagbag.py:541} INFO - Filling up the DagBag from /home/airflow/.local/lib/python3.7/site-packages/airflow/example_dags/example_trigger_target_dag.py
[2024-03-30T06:21:43.997+0000] {processor.py:836} INFO - DAG(s) dict_keys(['example_trigger_target_dag']) retrieved from /home/airflow/.local/lib/python3.7/site-packages/airflow/example_dags/example_trigger_target_dag.py
[2024-03-30T06:21:44.042+0000] {logging_mixin.py:149} INFO - [2024-03-30T06:21:44.042+0000] {dag.py:2726} INFO - Sync 1 DAGs
[2024-03-30T06:21:44.070+0000] {logging_mixin.py:149} INFO - [2024-03-30T06:21:44.070+0000] {dag.py:3490} INFO - Setting next_dagrun for example_trigger_target_dag to None, run_after=None
[2024-03-30T06:21:44.114+0000] {processor.py:179} INFO - Processing /home/airflow/.local/lib/python3.7/site-packages/airflow/example_dags/example_trigger_target_dag.py took 0.127 seconds
[2024-03-30T06:22:14.769+0000] {processor.py:157} INFO - Started process (PID=857) to work on /home/airflow/.local/lib/python3.7/site-packages/airflow/example_dags/example_trigger_target_dag.py
[2024-03-30T06:22:14.770+0000] {processor.py:826} INFO - Processing file /home/airflow/.local/lib/python3.7/site-packages/airflow/example_dags/example_trigger_target_dag.py for tasks to queue
[2024-03-30T06:22:14.771+0000] {logging_mixin.py:149} INFO - [2024-03-30T06:22:14.770+0000] {dagbag.py:541} INFO - Filling up the DagBag from /home/airflow/.local/lib/python3.7/site-packages/airflow/example_dags/example_trigger_target_dag.py
[2024-03-30T06:22:14.775+0000] {processor.py:836} INFO - DAG(s) dict_keys(['example_trigger_target_dag']) retrieved from /home/airflow/.local/lib/python3.7/site-packages/airflow/example_dags/example_trigger_target_dag.py
[2024-03-30T06:22:14.816+0000] {logging_mixin.py:149} INFO - [2024-03-30T06:22:14.816+0000] {dag.py:2726} INFO - Sync 1 DAGs
[2024-03-30T06:22:14.843+0000] {logging_mixin.py:149} INFO - [2024-03-30T06:22:14.843+0000] {dag.py:3490} INFO - Setting next_dagrun for example_trigger_target_dag to None, run_after=None
[2024-03-30T06:22:14.877+0000] {processor.py:179} INFO - Processing /home/airflow/.local/lib/python3.7/site-packages/airflow/example_dags/example_trigger_target_dag.py took 0.112 seconds
[2024-03-30T06:22:45.234+0000] {processor.py:157} INFO - Started process (PID=918) to work on /home/airflow/.local/lib/python3.7/site-packages/airflow/example_dags/example_trigger_target_dag.py
[2024-03-30T06:22:45.235+0000] {processor.py:826} INFO - Processing file /home/airflow/.local/lib/python3.7/site-packages/airflow/example_dags/example_trigger_target_dag.py for tasks to queue
[2024-03-30T06:22:45.236+0000] {logging_mixin.py:149} INFO - [2024-03-30T06:22:45.236+0000] {dagbag.py:541} INFO - Filling up the DagBag from /home/airflow/.local/lib/python3.7/site-packages/airflow/example_dags/example_trigger_target_dag.py
[2024-03-30T06:22:45.240+0000] {processor.py:836} INFO - DAG(s) dict_keys(['example_trigger_target_dag']) retrieved from /home/airflow/.local/lib/python3.7/site-packages/airflow/example_dags/example_trigger_target_dag.py
[2024-03-30T06:22:45.278+0000] {logging_mixin.py:149} INFO - [2024-03-30T06:22:45.278+0000] {dag.py:2726} INFO - Sync 1 DAGs
[2024-03-30T06:22:45.306+0000] {logging_mixin.py:149} INFO - [2024-03-30T06:22:45.306+0000] {dag.py:3490} INFO - Setting next_dagrun for example_trigger_target_dag to None, run_after=None
[2024-03-30T06:22:45.346+0000] {processor.py:179} INFO - Processing /home/airflow/.local/lib/python3.7/site-packages/airflow/example_dags/example_trigger_target_dag.py took 0.115 seconds
[2024-03-30T06:23:15.597+0000] {processor.py:157} INFO - Started process (PID=979) to work on /home/airflow/.local/lib/python3.7/site-packages/airflow/example_dags/example_trigger_target_dag.py
[2024-03-30T06:23:15.598+0000] {processor.py:826} INFO - Processing file /home/airflow/.local/lib/python3.7/site-packages/airflow/example_dags/example_trigger_target_dag.py for tasks to queue
[2024-03-30T06:23:15.598+0000] {logging_mixin.py:149} INFO - [2024-03-30T06:23:15.598+0000] {dagbag.py:541} INFO - Filling up the DagBag from /home/airflow/.local/lib/python3.7/site-packages/airflow/example_dags/example_trigger_target_dag.py
[2024-03-30T06:23:15.603+0000] {processor.py:836} INFO - DAG(s) dict_keys(['example_trigger_target_dag']) retrieved from /home/airflow/.local/lib/python3.7/site-packages/airflow/example_dags/example_trigger_target_dag.py
[2024-03-30T06:23:15.637+0000] {logging_mixin.py:149} INFO - [2024-03-30T06:23:15.637+0000] {dag.py:2726} INFO - Sync 1 DAGs
[2024-03-30T06:23:15.660+0000] {logging_mixin.py:149} INFO - [2024-03-30T06:23:15.660+0000] {dag.py:3490} INFO - Setting next_dagrun for example_trigger_target_dag to None, run_after=None
[2024-03-30T06:23:15.694+0000] {processor.py:179} INFO - Processing /home/airflow/.local/lib/python3.7/site-packages/airflow/example_dags/example_trigger_target_dag.py took 0.100 seconds
[2024-03-30T06:23:47.085+0000] {processor.py:157} INFO - Started process (PID=1040) to work on /home/airflow/.local/lib/python3.7/site-packages/airflow/example_dags/example_trigger_target_dag.py
[2024-03-30T06:23:47.086+0000] {processor.py:826} INFO - Processing file /home/airflow/.local/lib/python3.7/site-packages/airflow/example_dags/example_trigger_target_dag.py for tasks to queue
[2024-03-30T06:23:47.087+0000] {logging_mixin.py:149} INFO - [2024-03-30T06:23:47.087+0000] {dagbag.py:541} INFO - Filling up the DagBag from /home/airflow/.local/lib/python3.7/site-packages/airflow/example_dags/example_trigger_target_dag.py
[2024-03-30T06:23:47.091+0000] {processor.py:836} INFO - DAG(s) dict_keys(['example_trigger_target_dag']) retrieved from /home/airflow/.local/lib/python3.7/site-packages/airflow/example_dags/example_trigger_target_dag.py
[2024-03-30T06:23:47.126+0000] {logging_mixin.py:149} INFO - [2024-03-30T06:23:47.126+0000] {dag.py:2726} INFO - Sync 1 DAGs
[2024-03-30T06:23:47.150+0000] {logging_mixin.py:149} INFO - [2024-03-30T06:23:47.150+0000] {dag.py:3490} INFO - Setting next_dagrun for example_trigger_target_dag to None, run_after=None
[2024-03-30T06:23:47.183+0000] {processor.py:179} INFO - Processing /home/airflow/.local/lib/python3.7/site-packages/airflow/example_dags/example_trigger_target_dag.py took 0.101 seconds
[2024-03-30T06:24:17.345+0000] {processor.py:157} INFO - Started process (PID=1101) to work on /home/airflow/.local/lib/python3.7/site-packages/airflow/example_dags/example_trigger_target_dag.py
[2024-03-30T06:24:17.345+0000] {processor.py:826} INFO - Processing file /home/airflow/.local/lib/python3.7/site-packages/airflow/example_dags/example_trigger_target_dag.py for tasks to queue
[2024-03-30T06:24:17.346+0000] {logging_mixin.py:149} INFO - [2024-03-30T06:24:17.346+0000] {dagbag.py:541} INFO - Filling up the DagBag from /home/airflow/.local/lib/python3.7/site-packages/airflow/example_dags/example_trigger_target_dag.py
[2024-03-30T06:24:17.351+0000] {processor.py:836} INFO - DAG(s) dict_keys(['example_trigger_target_dag']) retrieved from /home/airflow/.local/lib/python3.7/site-packages/airflow/example_dags/example_trigger_target_dag.py
[2024-03-30T06:24:17.387+0000] {logging_mixin.py:149} INFO - [2024-03-30T06:24:17.387+0000] {dag.py:2726} INFO - Sync 1 DAGs
[2024-03-30T06:24:17.411+0000] {logging_mixin.py:149} INFO - [2024-03-30T06:24:17.411+0000] {dag.py:3490} INFO - Setting next_dagrun for example_trigger_target_dag to None, run_after=None
[2024-03-30T06:24:17.444+0000] {processor.py:179} INFO - Processing /home/airflow/.local/lib/python3.7/site-packages/airflow/example_dags/example_trigger_target_dag.py took 0.102 seconds
[2024-03-30T06:24:47.819+0000] {processor.py:157} INFO - Started process (PID=1162) to work on /home/airflow/.local/lib/python3.7/site-packages/airflow/example_dags/example_trigger_target_dag.py
[2024-03-30T06:24:47.820+0000] {processor.py:826} INFO - Processing file /home/airflow/.local/lib/python3.7/site-packages/airflow/example_dags/example_trigger_target_dag.py for tasks to queue
[2024-03-30T06:24:47.820+0000] {logging_mixin.py:149} INFO - [2024-03-30T06:24:47.820+0000] {dagbag.py:541} INFO - Filling up the DagBag from /home/airflow/.local/lib/python3.7/site-packages/airflow/example_dags/example_trigger_target_dag.py
[2024-03-30T06:24:47.825+0000] {processor.py:836} INFO - DAG(s) dict_keys(['example_trigger_target_dag']) retrieved from /home/airflow/.local/lib/python3.7/site-packages/airflow/example_dags/example_trigger_target_dag.py
[2024-03-30T06:24:47.860+0000] {logging_mixin.py:149} INFO - [2024-03-30T06:24:47.860+0000] {dag.py:2726} INFO - Sync 1 DAGs
[2024-03-30T06:24:47.884+0000] {logging_mixin.py:149} INFO - [2024-03-30T06:24:47.883+0000] {dag.py:3490} INFO - Setting next_dagrun for example_trigger_target_dag to None, run_after=None
[2024-03-30T06:24:47.925+0000] {processor.py:179} INFO - Processing /home/airflow/.local/lib/python3.7/site-packages/airflow/example_dags/example_trigger_target_dag.py took 0.109 seconds
[2024-03-30T06:25:18.222+0000] {processor.py:157} INFO - Started process (PID=1223) to work on /home/airflow/.local/lib/python3.7/site-packages/airflow/example_dags/example_trigger_target_dag.py
[2024-03-30T06:25:18.223+0000] {processor.py:826} INFO - Processing file /home/airflow/.local/lib/python3.7/site-packages/airflow/example_dags/example_trigger_target_dag.py for tasks to queue
[2024-03-30T06:25:18.223+0000] {logging_mixin.py:149} INFO - [2024-03-30T06:25:18.223+0000] {dagbag.py:541} INFO - Filling up the DagBag from /home/airflow/.local/lib/python3.7/site-packages/airflow/example_dags/example_trigger_target_dag.py
[2024-03-30T06:25:18.228+0000] {processor.py:836} INFO - DAG(s) dict_keys(['example_trigger_target_dag']) retrieved from /home/airflow/.local/lib/python3.7/site-packages/airflow/example_dags/example_trigger_target_dag.py
[2024-03-30T06:25:18.262+0000] {logging_mixin.py:149} INFO - [2024-03-30T06:25:18.262+0000] {dag.py:2726} INFO - Sync 1 DAGs
[2024-03-30T06:25:18.290+0000] {logging_mixin.py:149} INFO - [2024-03-30T06:25:18.290+0000] {dag.py:3490} INFO - Setting next_dagrun for example_trigger_target_dag to None, run_after=None
[2024-03-30T06:25:18.325+0000] {processor.py:179} INFO - Processing /home/airflow/.local/lib/python3.7/site-packages/airflow/example_dags/example_trigger_target_dag.py took 0.106 seconds
[2024-03-30T06:25:48.537+0000] {processor.py:157} INFO - Started process (PID=1284) to work on /home/airflow/.local/lib/python3.7/site-packages/airflow/example_dags/example_trigger_target_dag.py
[2024-03-30T06:25:48.538+0000] {processor.py:826} INFO - Processing file /home/airflow/.local/lib/python3.7/site-packages/airflow/example_dags/example_trigger_target_dag.py for tasks to queue
[2024-03-30T06:25:48.539+0000] {logging_mixin.py:149} INFO - [2024-03-30T06:25:48.539+0000] {dagbag.py:541} INFO - Filling up the DagBag from /home/airflow/.local/lib/python3.7/site-packages/airflow/example_dags/example_trigger_target_dag.py
[2024-03-30T06:25:48.544+0000] {processor.py:836} INFO - DAG(s) dict_keys(['example_trigger_target_dag']) retrieved from /home/airflow/.local/lib/python3.7/site-packages/airflow/example_dags/example_trigger_target_dag.py
[2024-03-30T06:25:48.578+0000] {logging_mixin.py:149} INFO - [2024-03-30T06:25:48.577+0000] {dag.py:2726} INFO - Sync 1 DAGs
[2024-03-30T06:25:48.600+0000] {logging_mixin.py:149} INFO - [2024-03-30T06:25:48.600+0000] {dag.py:3490} INFO - Setting next_dagrun for example_trigger_target_dag to None, run_after=None
[2024-03-30T06:25:48.633+0000] {processor.py:179} INFO - Processing /home/airflow/.local/lib/python3.7/site-packages/airflow/example_dags/example_trigger_target_dag.py took 0.099 seconds
[2024-03-30T06:26:19.400+0000] {processor.py:157} INFO - Started process (PID=1345) to work on /home/airflow/.local/lib/python3.7/site-packages/airflow/example_dags/example_trigger_target_dag.py
[2024-03-30T06:26:19.401+0000] {processor.py:826} INFO - Processing file /home/airflow/.local/lib/python3.7/site-packages/airflow/example_dags/example_trigger_target_dag.py for tasks to queue
[2024-03-30T06:26:19.401+0000] {logging_mixin.py:149} INFO - [2024-03-30T06:26:19.401+0000] {dagbag.py:541} INFO - Filling up the DagBag from /home/airflow/.local/lib/python3.7/site-packages/airflow/example_dags/example_trigger_target_dag.py
[2024-03-30T06:26:19.406+0000] {processor.py:836} INFO - DAG(s) dict_keys(['example_trigger_target_dag']) retrieved from /home/airflow/.local/lib/python3.7/site-packages/airflow/example_dags/example_trigger_target_dag.py
[2024-03-30T06:26:19.440+0000] {logging_mixin.py:149} INFO - [2024-03-30T06:26:19.440+0000] {dag.py:2726} INFO - Sync 1 DAGs
[2024-03-30T06:26:19.464+0000] {logging_mixin.py:149} INFO - [2024-03-30T06:26:19.464+0000] {dag.py:3490} INFO - Setting next_dagrun for example_trigger_target_dag to None, run_after=None
[2024-03-30T06:26:19.500+0000] {processor.py:179} INFO - Processing /home/airflow/.local/lib/python3.7/site-packages/airflow/example_dags/example_trigger_target_dag.py took 0.102 seconds
[2024-03-30T06:26:50.336+0000] {processor.py:157} INFO - Started process (PID=1406) to work on /home/airflow/.local/lib/python3.7/site-packages/airflow/example_dags/example_trigger_target_dag.py
[2024-03-30T06:26:50.337+0000] {processor.py:826} INFO - Processing file /home/airflow/.local/lib/python3.7/site-packages/airflow/example_dags/example_trigger_target_dag.py for tasks to queue
[2024-03-30T06:26:50.338+0000] {logging_mixin.py:149} INFO - [2024-03-30T06:26:50.337+0000] {dagbag.py:541} INFO - Filling up the DagBag from /home/airflow/.local/lib/python3.7/site-packages/airflow/example_dags/example_trigger_target_dag.py
[2024-03-30T06:26:50.342+0000] {processor.py:836} INFO - DAG(s) dict_keys(['example_trigger_target_dag']) retrieved from /home/airflow/.local/lib/python3.7/site-packages/airflow/example_dags/example_trigger_target_dag.py
[2024-03-30T06:26:50.377+0000] {logging_mixin.py:149} INFO - [2024-03-30T06:26:50.376+0000] {dag.py:2726} INFO - Sync 1 DAGs
[2024-03-30T06:26:50.400+0000] {logging_mixin.py:149} INFO - [2024-03-30T06:26:50.400+0000] {dag.py:3490} INFO - Setting next_dagrun for example_trigger_target_dag to None, run_after=None
[2024-03-30T06:26:50.431+0000] {processor.py:179} INFO - Processing /home/airflow/.local/lib/python3.7/site-packages/airflow/example_dags/example_trigger_target_dag.py took 0.097 seconds
[2024-03-30T06:27:20.963+0000] {processor.py:157} INFO - Started process (PID=1468) to work on /home/airflow/.local/lib/python3.7/site-packages/airflow/example_dags/example_trigger_target_dag.py
[2024-03-30T06:27:20.964+0000] {processor.py:826} INFO - Processing file /home/airflow/.local/lib/python3.7/site-packages/airflow/example_dags/example_trigger_target_dag.py for tasks to queue
[2024-03-30T06:27:20.965+0000] {logging_mixin.py:149} INFO - [2024-03-30T06:27:20.964+0000] {dagbag.py:541} INFO - Filling up the DagBag from /home/airflow/.local/lib/python3.7/site-packages/airflow/example_dags/example_trigger_target_dag.py
[2024-03-30T06:27:20.969+0000] {processor.py:836} INFO - DAG(s) dict_keys(['example_trigger_target_dag']) retrieved from /home/airflow/.local/lib/python3.7/site-packages/airflow/example_dags/example_trigger_target_dag.py
[2024-03-30T06:27:21.005+0000] {logging_mixin.py:149} INFO - [2024-03-30T06:27:21.005+0000] {dag.py:2726} INFO - Sync 1 DAGs
[2024-03-30T06:27:21.033+0000] {logging_mixin.py:149} INFO - [2024-03-30T06:27:21.032+0000] {dag.py:3490} INFO - Setting next_dagrun for example_trigger_target_dag to None, run_after=None
[2024-03-30T06:27:21.066+0000] {processor.py:179} INFO - Processing /home/airflow/.local/lib/python3.7/site-packages/airflow/example_dags/example_trigger_target_dag.py took 0.106 seconds
[2024-03-30T06:27:51.959+0000] {processor.py:157} INFO - Started process (PID=1530) to work on /home/airflow/.local/lib/python3.7/site-packages/airflow/example_dags/example_trigger_target_dag.py
[2024-03-30T06:27:51.960+0000] {processor.py:826} INFO - Processing file /home/airflow/.local/lib/python3.7/site-packages/airflow/example_dags/example_trigger_target_dag.py for tasks to queue
[2024-03-30T06:27:51.961+0000] {logging_mixin.py:149} INFO - [2024-03-30T06:27:51.961+0000] {dagbag.py:541} INFO - Filling up the DagBag from /home/airflow/.local/lib/python3.7/site-packages/airflow/example_dags/example_trigger_target_dag.py
[2024-03-30T06:27:51.968+0000] {processor.py:836} INFO - DAG(s) dict_keys(['example_trigger_target_dag']) retrieved from /home/airflow/.local/lib/python3.7/site-packages/airflow/example_dags/example_trigger_target_dag.py
[2024-03-30T06:27:52.020+0000] {logging_mixin.py:149} INFO - [2024-03-30T06:27:52.020+0000] {dag.py:2726} INFO - Sync 1 DAGs
[2024-03-30T06:27:52.049+0000] {logging_mixin.py:149} INFO - [2024-03-30T06:27:52.049+0000] {dag.py:3490} INFO - Setting next_dagrun for example_trigger_target_dag to None, run_after=None
[2024-03-30T06:27:52.090+0000] {processor.py:179} INFO - Processing /home/airflow/.local/lib/python3.7/site-packages/airflow/example_dags/example_trigger_target_dag.py took 0.134 seconds
[2024-03-30T06:28:22.682+0000] {processor.py:157} INFO - Started process (PID=1591) to work on /home/airflow/.local/lib/python3.7/site-packages/airflow/example_dags/example_trigger_target_dag.py
[2024-03-30T06:28:22.683+0000] {processor.py:826} INFO - Processing file /home/airflow/.local/lib/python3.7/site-packages/airflow/example_dags/example_trigger_target_dag.py for tasks to queue
[2024-03-30T06:28:22.683+0000] {logging_mixin.py:149} INFO - [2024-03-30T06:28:22.683+0000] {dagbag.py:541} INFO - Filling up the DagBag from /home/airflow/.local/lib/python3.7/site-packages/airflow/example_dags/example_trigger_target_dag.py
[2024-03-30T06:28:22.689+0000] {processor.py:836} INFO - DAG(s) dict_keys(['example_trigger_target_dag']) retrieved from /home/airflow/.local/lib/python3.7/site-packages/airflow/example_dags/example_trigger_target_dag.py
[2024-03-30T06:28:22.733+0000] {logging_mixin.py:149} INFO - [2024-03-30T06:28:22.733+0000] {dag.py:2726} INFO - Sync 1 DAGs
[2024-03-30T06:28:22.764+0000] {logging_mixin.py:149} INFO - [2024-03-30T06:28:22.764+0000] {dag.py:3490} INFO - Setting next_dagrun for example_trigger_target_dag to None, run_after=None
[2024-03-30T06:28:22.800+0000] {processor.py:179} INFO - Processing /home/airflow/.local/lib/python3.7/site-packages/airflow/example_dags/example_trigger_target_dag.py took 0.121 seconds
[2024-03-30T06:28:53.325+0000] {processor.py:157} INFO - Started process (PID=1652) to work on /home/airflow/.local/lib/python3.7/site-packages/airflow/example_dags/example_trigger_target_dag.py
[2024-03-30T06:28:53.326+0000] {processor.py:826} INFO - Processing file /home/airflow/.local/lib/python3.7/site-packages/airflow/example_dags/example_trigger_target_dag.py for tasks to queue
[2024-03-30T06:28:53.326+0000] {logging_mixin.py:149} INFO - [2024-03-30T06:28:53.326+0000] {dagbag.py:541} INFO - Filling up the DagBag from /home/airflow/.local/lib/python3.7/site-packages/airflow/example_dags/example_trigger_target_dag.py
[2024-03-30T06:28:53.331+0000] {processor.py:836} INFO - DAG(s) dict_keys(['example_trigger_target_dag']) retrieved from /home/airflow/.local/lib/python3.7/site-packages/airflow/example_dags/example_trigger_target_dag.py
[2024-03-30T06:28:53.368+0000] {logging_mixin.py:149} INFO - [2024-03-30T06:28:53.368+0000] {dag.py:2726} INFO - Sync 1 DAGs
[2024-03-30T06:28:53.394+0000] {logging_mixin.py:149} INFO - [2024-03-30T06:28:53.393+0000] {dag.py:3490} INFO - Setting next_dagrun for example_trigger_target_dag to None, run_after=None
[2024-03-30T06:28:53.432+0000] {processor.py:179} INFO - Processing /home/airflow/.local/lib/python3.7/site-packages/airflow/example_dags/example_trigger_target_dag.py took 0.110 seconds
[2024-03-30T06:29:23.673+0000] {processor.py:157} INFO - Started process (PID=1713) to work on /home/airflow/.local/lib/python3.7/site-packages/airflow/example_dags/example_trigger_target_dag.py
[2024-03-30T06:29:23.673+0000] {processor.py:826} INFO - Processing file /home/airflow/.local/lib/python3.7/site-packages/airflow/example_dags/example_trigger_target_dag.py for tasks to queue
[2024-03-30T06:29:23.674+0000] {logging_mixin.py:149} INFO - [2024-03-30T06:29:23.674+0000] {dagbag.py:541} INFO - Filling up the DagBag from /home/airflow/.local/lib/python3.7/site-packages/airflow/example_dags/example_trigger_target_dag.py
[2024-03-30T06:29:23.679+0000] {processor.py:836} INFO - DAG(s) dict_keys(['example_trigger_target_dag']) retrieved from /home/airflow/.local/lib/python3.7/site-packages/airflow/example_dags/example_trigger_target_dag.py
[2024-03-30T06:29:23.715+0000] {logging_mixin.py:149} INFO - [2024-03-30T06:29:23.715+0000] {dag.py:2726} INFO - Sync 1 DAGs
[2024-03-30T06:29:23.740+0000] {logging_mixin.py:149} INFO - [2024-03-30T06:29:23.740+0000] {dag.py:3490} INFO - Setting next_dagrun for example_trigger_target_dag to None, run_after=None
[2024-03-30T06:29:23.774+0000] {processor.py:179} INFO - Processing /home/airflow/.local/lib/python3.7/site-packages/airflow/example_dags/example_trigger_target_dag.py took 0.104 seconds
[2024-03-30T06:29:54.360+0000] {processor.py:157} INFO - Started process (PID=1781) to work on /home/airflow/.local/lib/python3.7/site-packages/airflow/example_dags/example_trigger_target_dag.py
[2024-03-30T06:29:54.362+0000] {processor.py:826} INFO - Processing file /home/airflow/.local/lib/python3.7/site-packages/airflow/example_dags/example_trigger_target_dag.py for tasks to queue
[2024-03-30T06:29:54.362+0000] {logging_mixin.py:149} INFO - [2024-03-30T06:29:54.362+0000] {dagbag.py:541} INFO - Filling up the DagBag from /home/airflow/.local/lib/python3.7/site-packages/airflow/example_dags/example_trigger_target_dag.py
[2024-03-30T06:29:54.368+0000] {processor.py:836} INFO - DAG(s) dict_keys(['example_trigger_target_dag']) retrieved from /home/airflow/.local/lib/python3.7/site-packages/airflow/example_dags/example_trigger_target_dag.py
[2024-03-30T06:29:54.407+0000] {logging_mixin.py:149} INFO - [2024-03-30T06:29:54.406+0000] {dag.py:2726} INFO - Sync 1 DAGs
[2024-03-30T06:29:54.440+0000] {logging_mixin.py:149} INFO - [2024-03-30T06:29:54.440+0000] {dag.py:3490} INFO - Setting next_dagrun for example_trigger_target_dag to None, run_after=None
[2024-03-30T06:29:54.484+0000] {processor.py:179} INFO - Processing /home/airflow/.local/lib/python3.7/site-packages/airflow/example_dags/example_trigger_target_dag.py took 0.126 seconds
[2024-03-30T06:30:24.675+0000] {processor.py:157} INFO - Started process (PID=1842) to work on /home/airflow/.local/lib/python3.7/site-packages/airflow/example_dags/example_trigger_target_dag.py
[2024-03-30T06:30:24.676+0000] {processor.py:826} INFO - Processing file /home/airflow/.local/lib/python3.7/site-packages/airflow/example_dags/example_trigger_target_dag.py for tasks to queue
[2024-03-30T06:30:24.676+0000] {logging_mixin.py:149} INFO - [2024-03-30T06:30:24.676+0000] {dagbag.py:541} INFO - Filling up the DagBag from /home/airflow/.local/lib/python3.7/site-packages/airflow/example_dags/example_trigger_target_dag.py
[2024-03-30T06:30:24.681+0000] {processor.py:836} INFO - DAG(s) dict_keys(['example_trigger_target_dag']) retrieved from /home/airflow/.local/lib/python3.7/site-packages/airflow/example_dags/example_trigger_target_dag.py
[2024-03-30T06:30:24.716+0000] {logging_mixin.py:149} INFO - [2024-03-30T06:30:24.716+0000] {dag.py:2726} INFO - Sync 1 DAGs
[2024-03-30T06:30:24.800+0000] {logging_mixin.py:149} INFO - [2024-03-30T06:30:24.799+0000] {dag.py:3490} INFO - Setting next_dagrun for example_trigger_target_dag to None, run_after=None
[2024-03-30T06:30:24.832+0000] {processor.py:179} INFO - Processing /home/airflow/.local/lib/python3.7/site-packages/airflow/example_dags/example_trigger_target_dag.py took 0.160 seconds
[2024-03-30T06:30:55.565+0000] {processor.py:157} INFO - Started process (PID=1903) to work on /home/airflow/.local/lib/python3.7/site-packages/airflow/example_dags/example_trigger_target_dag.py
[2024-03-30T06:30:55.567+0000] {processor.py:826} INFO - Processing file /home/airflow/.local/lib/python3.7/site-packages/airflow/example_dags/example_trigger_target_dag.py for tasks to queue
[2024-03-30T06:30:55.567+0000] {logging_mixin.py:149} INFO - [2024-03-30T06:30:55.567+0000] {dagbag.py:541} INFO - Filling up the DagBag from /home/airflow/.local/lib/python3.7/site-packages/airflow/example_dags/example_trigger_target_dag.py
[2024-03-30T06:30:55.576+0000] {processor.py:836} INFO - DAG(s) dict_keys(['example_trigger_target_dag']) retrieved from /home/airflow/.local/lib/python3.7/site-packages/airflow/example_dags/example_trigger_target_dag.py
[2024-03-30T06:30:55.621+0000] {logging_mixin.py:149} INFO - [2024-03-30T06:30:55.621+0000] {dag.py:2726} INFO - Sync 1 DAGs
[2024-03-30T06:30:55.649+0000] {logging_mixin.py:149} INFO - [2024-03-30T06:30:55.649+0000] {dag.py:3490} INFO - Setting next_dagrun for example_trigger_target_dag to None, run_after=None
[2024-03-30T06:30:55.688+0000] {processor.py:179} INFO - Processing /home/airflow/.local/lib/python3.7/site-packages/airflow/example_dags/example_trigger_target_dag.py took 0.125 seconds
[2024-03-30T06:31:26.504+0000] {processor.py:157} INFO - Started process (PID=1964) to work on /home/airflow/.local/lib/python3.7/site-packages/airflow/example_dags/example_trigger_target_dag.py
[2024-03-30T06:31:26.505+0000] {processor.py:826} INFO - Processing file /home/airflow/.local/lib/python3.7/site-packages/airflow/example_dags/example_trigger_target_dag.py for tasks to queue
[2024-03-30T06:31:26.505+0000] {logging_mixin.py:149} INFO - [2024-03-30T06:31:26.505+0000] {dagbag.py:541} INFO - Filling up the DagBag from /home/airflow/.local/lib/python3.7/site-packages/airflow/example_dags/example_trigger_target_dag.py
[2024-03-30T06:31:26.513+0000] {processor.py:836} INFO - DAG(s) dict_keys(['example_trigger_target_dag']) retrieved from /home/airflow/.local/lib/python3.7/site-packages/airflow/example_dags/example_trigger_target_dag.py
[2024-03-30T06:31:26.565+0000] {logging_mixin.py:149} INFO - [2024-03-30T06:31:26.565+0000] {dag.py:2726} INFO - Sync 1 DAGs
[2024-03-30T06:31:26.594+0000] {logging_mixin.py:149} INFO - [2024-03-30T06:31:26.594+0000] {dag.py:3490} INFO - Setting next_dagrun for example_trigger_target_dag to None, run_after=None
[2024-03-30T06:31:26.634+0000] {processor.py:179} INFO - Processing /home/airflow/.local/lib/python3.7/site-packages/airflow/example_dags/example_trigger_target_dag.py took 0.133 seconds
[2024-03-30T08:20:58.708+0000] {processor.py:157} INFO - Started process (PID=72) to work on /home/airflow/.local/lib/python3.7/site-packages/airflow/example_dags/example_trigger_target_dag.py
[2024-03-30T08:20:58.710+0000] {processor.py:826} INFO - Processing file /home/airflow/.local/lib/python3.7/site-packages/airflow/example_dags/example_trigger_target_dag.py for tasks to queue
[2024-03-30T08:20:58.711+0000] {logging_mixin.py:149} INFO - [2024-03-30T08:20:58.711+0000] {dagbag.py:541} INFO - Filling up the DagBag from /home/airflow/.local/lib/python3.7/site-packages/airflow/example_dags/example_trigger_target_dag.py
[2024-03-30T08:20:58.720+0000] {processor.py:836} INFO - DAG(s) dict_keys(['example_trigger_target_dag']) retrieved from /home/airflow/.local/lib/python3.7/site-packages/airflow/example_dags/example_trigger_target_dag.py
[2024-03-30T08:20:58.769+0000] {logging_mixin.py:149} INFO - [2024-03-30T08:20:58.769+0000] {dag.py:2726} INFO - Sync 1 DAGs
[2024-03-30T08:20:58.849+0000] {logging_mixin.py:149} INFO - [2024-03-30T08:20:58.848+0000] {dag.py:3490} INFO - Setting next_dagrun for example_trigger_target_dag to None, run_after=None
[2024-03-30T08:20:58.902+0000] {processor.py:179} INFO - Processing /home/airflow/.local/lib/python3.7/site-packages/airflow/example_dags/example_trigger_target_dag.py took 0.198 seconds
[2024-03-30T08:21:29.308+0000] {processor.py:157} INFO - Started process (PID=133) to work on /home/airflow/.local/lib/python3.7/site-packages/airflow/example_dags/example_trigger_target_dag.py
[2024-03-30T08:21:29.309+0000] {processor.py:826} INFO - Processing file /home/airflow/.local/lib/python3.7/site-packages/airflow/example_dags/example_trigger_target_dag.py for tasks to queue
[2024-03-30T08:21:29.309+0000] {logging_mixin.py:149} INFO - [2024-03-30T08:21:29.309+0000] {dagbag.py:541} INFO - Filling up the DagBag from /home/airflow/.local/lib/python3.7/site-packages/airflow/example_dags/example_trigger_target_dag.py
[2024-03-30T08:21:29.314+0000] {processor.py:836} INFO - DAG(s) dict_keys(['example_trigger_target_dag']) retrieved from /home/airflow/.local/lib/python3.7/site-packages/airflow/example_dags/example_trigger_target_dag.py
[2024-03-30T08:21:29.351+0000] {logging_mixin.py:149} INFO - [2024-03-30T08:21:29.351+0000] {dag.py:2726} INFO - Sync 1 DAGs
[2024-03-30T08:21:29.427+0000] {logging_mixin.py:149} INFO - [2024-03-30T08:21:29.427+0000] {dag.py:3490} INFO - Setting next_dagrun for example_trigger_target_dag to None, run_after=None
[2024-03-30T08:21:29.474+0000] {processor.py:179} INFO - Processing /home/airflow/.local/lib/python3.7/site-packages/airflow/example_dags/example_trigger_target_dag.py took 0.169 seconds
[2024-03-30T08:22:00.521+0000] {processor.py:157} INFO - Started process (PID=194) to work on /home/airflow/.local/lib/python3.7/site-packages/airflow/example_dags/example_trigger_target_dag.py
[2024-03-30T08:22:00.522+0000] {processor.py:826} INFO - Processing file /home/airflow/.local/lib/python3.7/site-packages/airflow/example_dags/example_trigger_target_dag.py for tasks to queue
[2024-03-30T08:22:00.522+0000] {logging_mixin.py:149} INFO - [2024-03-30T08:22:00.522+0000] {dagbag.py:541} INFO - Filling up the DagBag from /home/airflow/.local/lib/python3.7/site-packages/airflow/example_dags/example_trigger_target_dag.py
[2024-03-30T08:22:00.529+0000] {processor.py:836} INFO - DAG(s) dict_keys(['example_trigger_target_dag']) retrieved from /home/airflow/.local/lib/python3.7/site-packages/airflow/example_dags/example_trigger_target_dag.py
[2024-03-30T08:22:00.578+0000] {logging_mixin.py:149} INFO - [2024-03-30T08:22:00.578+0000] {dag.py:2726} INFO - Sync 1 DAGs
[2024-03-30T08:22:00.725+0000] {logging_mixin.py:149} INFO - [2024-03-30T08:22:00.725+0000] {dag.py:3490} INFO - Setting next_dagrun for example_trigger_target_dag to None, run_after=None
[2024-03-30T08:22:00.761+0000] {processor.py:179} INFO - Processing /home/airflow/.local/lib/python3.7/site-packages/airflow/example_dags/example_trigger_target_dag.py took 0.244 seconds
[2024-03-30T08:22:31.480+0000] {processor.py:157} INFO - Started process (PID=255) to work on /home/airflow/.local/lib/python3.7/site-packages/airflow/example_dags/example_trigger_target_dag.py
[2024-03-30T08:22:31.481+0000] {processor.py:826} INFO - Processing file /home/airflow/.local/lib/python3.7/site-packages/airflow/example_dags/example_trigger_target_dag.py for tasks to queue
[2024-03-30T08:22:31.483+0000] {logging_mixin.py:149} INFO - [2024-03-30T08:22:31.483+0000] {dagbag.py:541} INFO - Filling up the DagBag from /home/airflow/.local/lib/python3.7/site-packages/airflow/example_dags/example_trigger_target_dag.py
[2024-03-30T08:22:31.489+0000] {processor.py:836} INFO - DAG(s) dict_keys(['example_trigger_target_dag']) retrieved from /home/airflow/.local/lib/python3.7/site-packages/airflow/example_dags/example_trigger_target_dag.py
[2024-03-30T08:22:31.537+0000] {logging_mixin.py:149} INFO - [2024-03-30T08:22:31.536+0000] {dag.py:2726} INFO - Sync 1 DAGs
[2024-03-30T08:22:31.567+0000] {logging_mixin.py:149} INFO - [2024-03-30T08:22:31.567+0000] {dag.py:3490} INFO - Setting next_dagrun for example_trigger_target_dag to None, run_after=None
[2024-03-30T08:22:31.612+0000] {processor.py:179} INFO - Processing /home/airflow/.local/lib/python3.7/site-packages/airflow/example_dags/example_trigger_target_dag.py took 0.138 seconds
[2024-03-30T08:23:01.703+0000] {processor.py:157} INFO - Started process (PID=315) to work on /home/airflow/.local/lib/python3.7/site-packages/airflow/example_dags/example_trigger_target_dag.py
[2024-03-30T08:23:01.703+0000] {processor.py:826} INFO - Processing file /home/airflow/.local/lib/python3.7/site-packages/airflow/example_dags/example_trigger_target_dag.py for tasks to queue
[2024-03-30T08:23:01.704+0000] {logging_mixin.py:149} INFO - [2024-03-30T08:23:01.704+0000] {dagbag.py:541} INFO - Filling up the DagBag from /home/airflow/.local/lib/python3.7/site-packages/airflow/example_dags/example_trigger_target_dag.py
[2024-03-30T08:23:01.710+0000] {processor.py:836} INFO - DAG(s) dict_keys(['example_trigger_target_dag']) retrieved from /home/airflow/.local/lib/python3.7/site-packages/airflow/example_dags/example_trigger_target_dag.py
[2024-03-30T08:23:01.757+0000] {logging_mixin.py:149} INFO - [2024-03-30T08:23:01.757+0000] {dag.py:2726} INFO - Sync 1 DAGs
[2024-03-30T08:23:01.847+0000] {logging_mixin.py:149} INFO - [2024-03-30T08:23:01.847+0000] {dag.py:3490} INFO - Setting next_dagrun for example_trigger_target_dag to None, run_after=None
[2024-03-30T08:23:01.887+0000] {processor.py:179} INFO - Processing /home/airflow/.local/lib/python3.7/site-packages/airflow/example_dags/example_trigger_target_dag.py took 0.186 seconds
[2024-03-30T08:23:32.634+0000] {processor.py:157} INFO - Started process (PID=377) to work on /home/airflow/.local/lib/python3.7/site-packages/airflow/example_dags/example_trigger_target_dag.py
[2024-03-30T08:23:32.635+0000] {processor.py:826} INFO - Processing file /home/airflow/.local/lib/python3.7/site-packages/airflow/example_dags/example_trigger_target_dag.py for tasks to queue
[2024-03-30T08:23:32.637+0000] {logging_mixin.py:149} INFO - [2024-03-30T08:23:32.636+0000] {dagbag.py:541} INFO - Filling up the DagBag from /home/airflow/.local/lib/python3.7/site-packages/airflow/example_dags/example_trigger_target_dag.py
[2024-03-30T08:23:32.644+0000] {processor.py:836} INFO - DAG(s) dict_keys(['example_trigger_target_dag']) retrieved from /home/airflow/.local/lib/python3.7/site-packages/airflow/example_dags/example_trigger_target_dag.py
[2024-03-30T08:23:32.687+0000] {logging_mixin.py:149} INFO - [2024-03-30T08:23:32.686+0000] {dag.py:2726} INFO - Sync 1 DAGs
[2024-03-30T08:23:32.721+0000] {logging_mixin.py:149} INFO - [2024-03-30T08:23:32.720+0000] {dag.py:3490} INFO - Setting next_dagrun for example_trigger_target_dag to None, run_after=None
[2024-03-30T08:23:32.759+0000] {processor.py:179} INFO - Processing /home/airflow/.local/lib/python3.7/site-packages/airflow/example_dags/example_trigger_target_dag.py took 0.129 seconds
[2024-03-30T08:24:03.525+0000] {processor.py:157} INFO - Started process (PID=437) to work on /home/airflow/.local/lib/python3.7/site-packages/airflow/example_dags/example_trigger_target_dag.py
[2024-03-30T08:24:03.526+0000] {processor.py:826} INFO - Processing file /home/airflow/.local/lib/python3.7/site-packages/airflow/example_dags/example_trigger_target_dag.py for tasks to queue
[2024-03-30T08:24:03.527+0000] {logging_mixin.py:149} INFO - [2024-03-30T08:24:03.527+0000] {dagbag.py:541} INFO - Filling up the DagBag from /home/airflow/.local/lib/python3.7/site-packages/airflow/example_dags/example_trigger_target_dag.py
[2024-03-30T08:24:03.534+0000] {processor.py:836} INFO - DAG(s) dict_keys(['example_trigger_target_dag']) retrieved from /home/airflow/.local/lib/python3.7/site-packages/airflow/example_dags/example_trigger_target_dag.py
[2024-03-30T08:24:03.582+0000] {logging_mixin.py:149} INFO - [2024-03-30T08:24:03.582+0000] {dag.py:2726} INFO - Sync 1 DAGs
[2024-03-30T08:24:03.611+0000] {logging_mixin.py:149} INFO - [2024-03-30T08:24:03.611+0000] {dag.py:3490} INFO - Setting next_dagrun for example_trigger_target_dag to None, run_after=None
[2024-03-30T08:24:03.650+0000] {processor.py:179} INFO - Processing /home/airflow/.local/lib/python3.7/site-packages/airflow/example_dags/example_trigger_target_dag.py took 0.130 seconds
[2024-03-30T08:24:34.044+0000] {processor.py:157} INFO - Started process (PID=498) to work on /home/airflow/.local/lib/python3.7/site-packages/airflow/example_dags/example_trigger_target_dag.py
[2024-03-30T08:24:34.045+0000] {processor.py:826} INFO - Processing file /home/airflow/.local/lib/python3.7/site-packages/airflow/example_dags/example_trigger_target_dag.py for tasks to queue
[2024-03-30T08:24:34.046+0000] {logging_mixin.py:149} INFO - [2024-03-30T08:24:34.045+0000] {dagbag.py:541} INFO - Filling up the DagBag from /home/airflow/.local/lib/python3.7/site-packages/airflow/example_dags/example_trigger_target_dag.py
[2024-03-30T08:24:34.051+0000] {processor.py:836} INFO - DAG(s) dict_keys(['example_trigger_target_dag']) retrieved from /home/airflow/.local/lib/python3.7/site-packages/airflow/example_dags/example_trigger_target_dag.py
[2024-03-30T08:24:34.095+0000] {logging_mixin.py:149} INFO - [2024-03-30T08:24:34.095+0000] {dag.py:2726} INFO - Sync 1 DAGs
[2024-03-30T08:24:34.121+0000] {logging_mixin.py:149} INFO - [2024-03-30T08:24:34.120+0000] {dag.py:3490} INFO - Setting next_dagrun for example_trigger_target_dag to None, run_after=None
[2024-03-30T08:24:34.163+0000] {processor.py:179} INFO - Processing /home/airflow/.local/lib/python3.7/site-packages/airflow/example_dags/example_trigger_target_dag.py took 0.122 seconds
[2024-03-30T08:25:04.331+0000] {processor.py:157} INFO - Started process (PID=559) to work on /home/airflow/.local/lib/python3.7/site-packages/airflow/example_dags/example_trigger_target_dag.py
[2024-03-30T08:25:04.332+0000] {processor.py:826} INFO - Processing file /home/airflow/.local/lib/python3.7/site-packages/airflow/example_dags/example_trigger_target_dag.py for tasks to queue
[2024-03-30T08:25:04.333+0000] {logging_mixin.py:149} INFO - [2024-03-30T08:25:04.333+0000] {dagbag.py:541} INFO - Filling up the DagBag from /home/airflow/.local/lib/python3.7/site-packages/airflow/example_dags/example_trigger_target_dag.py
[2024-03-30T08:25:04.345+0000] {processor.py:836} INFO - DAG(s) dict_keys(['example_trigger_target_dag']) retrieved from /home/airflow/.local/lib/python3.7/site-packages/airflow/example_dags/example_trigger_target_dag.py
[2024-03-30T08:25:04.392+0000] {logging_mixin.py:149} INFO - [2024-03-30T08:25:04.392+0000] {dag.py:2726} INFO - Sync 1 DAGs
[2024-03-30T08:25:04.425+0000] {logging_mixin.py:149} INFO - [2024-03-30T08:25:04.425+0000] {dag.py:3490} INFO - Setting next_dagrun for example_trigger_target_dag to None, run_after=None
[2024-03-30T08:25:04.472+0000] {processor.py:179} INFO - Processing /home/airflow/.local/lib/python3.7/site-packages/airflow/example_dags/example_trigger_target_dag.py took 0.145 seconds
[2024-03-30T08:25:34.579+0000] {processor.py:157} INFO - Started process (PID=619) to work on /home/airflow/.local/lib/python3.7/site-packages/airflow/example_dags/example_trigger_target_dag.py
[2024-03-30T08:25:34.579+0000] {processor.py:826} INFO - Processing file /home/airflow/.local/lib/python3.7/site-packages/airflow/example_dags/example_trigger_target_dag.py for tasks to queue
[2024-03-30T08:25:34.580+0000] {logging_mixin.py:149} INFO - [2024-03-30T08:25:34.580+0000] {dagbag.py:541} INFO - Filling up the DagBag from /home/airflow/.local/lib/python3.7/site-packages/airflow/example_dags/example_trigger_target_dag.py
[2024-03-30T08:25:34.588+0000] {processor.py:836} INFO - DAG(s) dict_keys(['example_trigger_target_dag']) retrieved from /home/airflow/.local/lib/python3.7/site-packages/airflow/example_dags/example_trigger_target_dag.py
[2024-03-30T08:25:34.639+0000] {logging_mixin.py:149} INFO - [2024-03-30T08:25:34.639+0000] {dag.py:2726} INFO - Sync 1 DAGs
[2024-03-30T08:25:34.679+0000] {logging_mixin.py:149} INFO - [2024-03-30T08:25:34.679+0000] {dag.py:3490} INFO - Setting next_dagrun for example_trigger_target_dag to None, run_after=None
[2024-03-30T08:25:34.725+0000] {processor.py:179} INFO - Processing /home/airflow/.local/lib/python3.7/site-packages/airflow/example_dags/example_trigger_target_dag.py took 0.153 seconds
[2024-03-30T08:26:05.056+0000] {processor.py:157} INFO - Started process (PID=683) to work on /home/airflow/.local/lib/python3.7/site-packages/airflow/example_dags/example_trigger_target_dag.py
[2024-03-30T08:26:05.057+0000] {processor.py:826} INFO - Processing file /home/airflow/.local/lib/python3.7/site-packages/airflow/example_dags/example_trigger_target_dag.py for tasks to queue
[2024-03-30T08:26:05.058+0000] {logging_mixin.py:149} INFO - [2024-03-30T08:26:05.058+0000] {dagbag.py:541} INFO - Filling up the DagBag from /home/airflow/.local/lib/python3.7/site-packages/airflow/example_dags/example_trigger_target_dag.py
[2024-03-30T08:26:05.063+0000] {processor.py:836} INFO - DAG(s) dict_keys(['example_trigger_target_dag']) retrieved from /home/airflow/.local/lib/python3.7/site-packages/airflow/example_dags/example_trigger_target_dag.py
[2024-03-30T08:26:05.103+0000] {logging_mixin.py:149} INFO - [2024-03-30T08:26:05.103+0000] {dag.py:2726} INFO - Sync 1 DAGs
[2024-03-30T08:26:05.129+0000] {logging_mixin.py:149} INFO - [2024-03-30T08:26:05.129+0000] {dag.py:3490} INFO - Setting next_dagrun for example_trigger_target_dag to None, run_after=None
[2024-03-30T08:26:05.168+0000] {processor.py:179} INFO - Processing /home/airflow/.local/lib/python3.7/site-packages/airflow/example_dags/example_trigger_target_dag.py took 0.115 seconds
[2024-03-30T08:26:35.413+0000] {processor.py:157} INFO - Started process (PID=744) to work on /home/airflow/.local/lib/python3.7/site-packages/airflow/example_dags/example_trigger_target_dag.py
[2024-03-30T08:26:35.413+0000] {processor.py:826} INFO - Processing file /home/airflow/.local/lib/python3.7/site-packages/airflow/example_dags/example_trigger_target_dag.py for tasks to queue
[2024-03-30T08:26:35.414+0000] {logging_mixin.py:149} INFO - [2024-03-30T08:26:35.414+0000] {dagbag.py:541} INFO - Filling up the DagBag from /home/airflow/.local/lib/python3.7/site-packages/airflow/example_dags/example_trigger_target_dag.py
[2024-03-30T08:26:35.418+0000] {processor.py:836} INFO - DAG(s) dict_keys(['example_trigger_target_dag']) retrieved from /home/airflow/.local/lib/python3.7/site-packages/airflow/example_dags/example_trigger_target_dag.py
[2024-03-30T08:26:35.466+0000] {logging_mixin.py:149} INFO - [2024-03-30T08:26:35.466+0000] {dag.py:2726} INFO - Sync 1 DAGs
[2024-03-30T08:26:35.499+0000] {logging_mixin.py:149} INFO - [2024-03-30T08:26:35.499+0000] {dag.py:3490} INFO - Setting next_dagrun for example_trigger_target_dag to None, run_after=None
[2024-03-30T08:26:35.546+0000] {processor.py:179} INFO - Processing /home/airflow/.local/lib/python3.7/site-packages/airflow/example_dags/example_trigger_target_dag.py took 0.137 seconds
[2024-03-30T08:27:06.335+0000] {processor.py:157} INFO - Started process (PID=804) to work on /home/airflow/.local/lib/python3.7/site-packages/airflow/example_dags/example_trigger_target_dag.py
[2024-03-30T08:27:06.336+0000] {processor.py:826} INFO - Processing file /home/airflow/.local/lib/python3.7/site-packages/airflow/example_dags/example_trigger_target_dag.py for tasks to queue
[2024-03-30T08:27:06.336+0000] {logging_mixin.py:149} INFO - [2024-03-30T08:27:06.336+0000] {dagbag.py:541} INFO - Filling up the DagBag from /home/airflow/.local/lib/python3.7/site-packages/airflow/example_dags/example_trigger_target_dag.py
[2024-03-30T08:27:06.343+0000] {processor.py:836} INFO - DAG(s) dict_keys(['example_trigger_target_dag']) retrieved from /home/airflow/.local/lib/python3.7/site-packages/airflow/example_dags/example_trigger_target_dag.py
[2024-03-30T08:27:06.393+0000] {logging_mixin.py:149} INFO - [2024-03-30T08:27:06.393+0000] {dag.py:2726} INFO - Sync 1 DAGs
[2024-03-30T08:27:06.423+0000] {logging_mixin.py:149} INFO - [2024-03-30T08:27:06.422+0000] {dag.py:3490} INFO - Setting next_dagrun for example_trigger_target_dag to None, run_after=None
[2024-03-30T08:27:06.467+0000] {processor.py:179} INFO - Processing /home/airflow/.local/lib/python3.7/site-packages/airflow/example_dags/example_trigger_target_dag.py took 0.135 seconds
[2024-03-30T08:27:36.974+0000] {processor.py:157} INFO - Started process (PID=864) to work on /home/airflow/.local/lib/python3.7/site-packages/airflow/example_dags/example_trigger_target_dag.py
[2024-03-30T08:27:36.976+0000] {processor.py:826} INFO - Processing file /home/airflow/.local/lib/python3.7/site-packages/airflow/example_dags/example_trigger_target_dag.py for tasks to queue
[2024-03-30T08:27:36.977+0000] {logging_mixin.py:149} INFO - [2024-03-30T08:27:36.976+0000] {dagbag.py:541} INFO - Filling up the DagBag from /home/airflow/.local/lib/python3.7/site-packages/airflow/example_dags/example_trigger_target_dag.py
[2024-03-30T08:27:36.983+0000] {processor.py:836} INFO - DAG(s) dict_keys(['example_trigger_target_dag']) retrieved from /home/airflow/.local/lib/python3.7/site-packages/airflow/example_dags/example_trigger_target_dag.py
[2024-03-30T08:27:37.031+0000] {logging_mixin.py:149} INFO - [2024-03-30T08:27:37.031+0000] {dag.py:2726} INFO - Sync 1 DAGs
[2024-03-30T08:27:37.066+0000] {logging_mixin.py:149} INFO - [2024-03-30T08:27:37.066+0000] {dag.py:3490} INFO - Setting next_dagrun for example_trigger_target_dag to None, run_after=None
[2024-03-30T08:27:37.111+0000] {processor.py:179} INFO - Processing /home/airflow/.local/lib/python3.7/site-packages/airflow/example_dags/example_trigger_target_dag.py took 0.142 seconds
[2024-03-30T08:28:07.657+0000] {processor.py:157} INFO - Started process (PID=925) to work on /home/airflow/.local/lib/python3.7/site-packages/airflow/example_dags/example_trigger_target_dag.py
[2024-03-30T08:28:07.658+0000] {processor.py:826} INFO - Processing file /home/airflow/.local/lib/python3.7/site-packages/airflow/example_dags/example_trigger_target_dag.py for tasks to queue
[2024-03-30T08:28:07.659+0000] {logging_mixin.py:149} INFO - [2024-03-30T08:28:07.659+0000] {dagbag.py:541} INFO - Filling up the DagBag from /home/airflow/.local/lib/python3.7/site-packages/airflow/example_dags/example_trigger_target_dag.py
[2024-03-30T08:28:07.665+0000] {processor.py:836} INFO - DAG(s) dict_keys(['example_trigger_target_dag']) retrieved from /home/airflow/.local/lib/python3.7/site-packages/airflow/example_dags/example_trigger_target_dag.py
[2024-03-30T08:28:07.714+0000] {logging_mixin.py:149} INFO - [2024-03-30T08:28:07.714+0000] {dag.py:2726} INFO - Sync 1 DAGs
[2024-03-30T08:28:07.789+0000] {logging_mixin.py:149} INFO - [2024-03-30T08:28:07.789+0000] {dag.py:3490} INFO - Setting next_dagrun for example_trigger_target_dag to None, run_after=None
[2024-03-30T08:28:07.830+0000] {processor.py:179} INFO - Processing /home/airflow/.local/lib/python3.7/site-packages/airflow/example_dags/example_trigger_target_dag.py took 0.176 seconds
[2024-03-30T08:28:38.072+0000] {processor.py:157} INFO - Started process (PID=986) to work on /home/airflow/.local/lib/python3.7/site-packages/airflow/example_dags/example_trigger_target_dag.py
[2024-03-30T08:28:38.073+0000] {processor.py:826} INFO - Processing file /home/airflow/.local/lib/python3.7/site-packages/airflow/example_dags/example_trigger_target_dag.py for tasks to queue
[2024-03-30T08:28:38.074+0000] {logging_mixin.py:149} INFO - [2024-03-30T08:28:38.074+0000] {dagbag.py:541} INFO - Filling up the DagBag from /home/airflow/.local/lib/python3.7/site-packages/airflow/example_dags/example_trigger_target_dag.py
[2024-03-30T08:28:38.080+0000] {processor.py:836} INFO - DAG(s) dict_keys(['example_trigger_target_dag']) retrieved from /home/airflow/.local/lib/python3.7/site-packages/airflow/example_dags/example_trigger_target_dag.py
[2024-03-30T08:28:38.130+0000] {logging_mixin.py:149} INFO - [2024-03-30T08:28:38.129+0000] {dag.py:2726} INFO - Sync 1 DAGs
[2024-03-30T08:28:38.158+0000] {logging_mixin.py:149} INFO - [2024-03-30T08:28:38.157+0000] {dag.py:3490} INFO - Setting next_dagrun for example_trigger_target_dag to None, run_after=None
[2024-03-30T08:28:38.199+0000] {processor.py:179} INFO - Processing /home/airflow/.local/lib/python3.7/site-packages/airflow/example_dags/example_trigger_target_dag.py took 0.131 seconds
