[2024-03-30T06:15:34.819+0000] {processor.py:157} INFO - Started process (PID=57) to work on /home/airflow/.local/lib/python3.7/site-packages/airflow/example_dags/example_sensors.py
[2024-03-30T06:15:34.820+0000] {processor.py:826} INFO - Processing file /home/airflow/.local/lib/python3.7/site-packages/airflow/example_dags/example_sensors.py for tasks to queue
[2024-03-30T06:15:34.821+0000] {logging_mixin.py:149} INFO - [2024-03-30T06:15:34.821+0000] {dagbag.py:541} INFO - Filling up the DagBag from /home/airflow/.local/lib/python3.7/site-packages/airflow/example_dags/example_sensors.py
[2024-03-30T06:15:34.839+0000] {processor.py:836} INFO - DAG(s) dict_keys(['example_sensors']) retrieved from /home/airflow/.local/lib/python3.7/site-packages/airflow/example_dags/example_sensors.py
[2024-03-30T06:15:34.876+0000] {logging_mixin.py:149} INFO - [2024-03-30T06:15:34.876+0000] {dag.py:2726} INFO - Sync 1 DAGs
[2024-03-30T06:15:34.919+0000] {logging_mixin.py:149} INFO - [2024-03-30T06:15:34.918+0000] {dag.py:3490} INFO - Setting next_dagrun for example_sensors to None, run_after=None
[2024-03-30T06:15:34.970+0000] {processor.py:179} INFO - Processing /home/airflow/.local/lib/python3.7/site-packages/airflow/example_dags/example_sensors.py took 0.155 seconds
[2024-03-30T06:16:05.374+0000] {processor.py:157} INFO - Started process (PID=116) to work on /home/airflow/.local/lib/python3.7/site-packages/airflow/example_dags/example_sensors.py
[2024-03-30T06:16:05.375+0000] {processor.py:826} INFO - Processing file /home/airflow/.local/lib/python3.7/site-packages/airflow/example_dags/example_sensors.py for tasks to queue
[2024-03-30T06:16:05.376+0000] {logging_mixin.py:149} INFO - [2024-03-30T06:16:05.375+0000] {dagbag.py:541} INFO - Filling up the DagBag from /home/airflow/.local/lib/python3.7/site-packages/airflow/example_dags/example_sensors.py
[2024-03-30T06:16:05.385+0000] {processor.py:836} INFO - DAG(s) dict_keys(['example_sensors']) retrieved from /home/airflow/.local/lib/python3.7/site-packages/airflow/example_dags/example_sensors.py
[2024-03-30T06:16:05.424+0000] {logging_mixin.py:149} INFO - [2024-03-30T06:16:05.424+0000] {dag.py:2726} INFO - Sync 1 DAGs
[2024-03-30T06:16:05.452+0000] {logging_mixin.py:149} INFO - [2024-03-30T06:16:05.452+0000] {dag.py:3490} INFO - Setting next_dagrun for example_sensors to None, run_after=None
[2024-03-30T06:16:05.485+0000] {processor.py:179} INFO - Processing /home/airflow/.local/lib/python3.7/site-packages/airflow/example_dags/example_sensors.py took 0.114 seconds
[2024-03-30T06:16:36.120+0000] {processor.py:157} INFO - Started process (PID=176) to work on /home/airflow/.local/lib/python3.7/site-packages/airflow/example_dags/example_sensors.py
[2024-03-30T06:16:36.122+0000] {processor.py:826} INFO - Processing file /home/airflow/.local/lib/python3.7/site-packages/airflow/example_dags/example_sensors.py for tasks to queue
[2024-03-30T06:16:36.122+0000] {logging_mixin.py:149} INFO - [2024-03-30T06:16:36.122+0000] {dagbag.py:541} INFO - Filling up the DagBag from /home/airflow/.local/lib/python3.7/site-packages/airflow/example_dags/example_sensors.py
[2024-03-30T06:16:36.132+0000] {processor.py:836} INFO - DAG(s) dict_keys(['example_sensors']) retrieved from /home/airflow/.local/lib/python3.7/site-packages/airflow/example_dags/example_sensors.py
[2024-03-30T06:16:36.172+0000] {logging_mixin.py:149} INFO - [2024-03-30T06:16:36.171+0000] {dag.py:2726} INFO - Sync 1 DAGs
[2024-03-30T06:16:36.199+0000] {logging_mixin.py:149} INFO - [2024-03-30T06:16:36.199+0000] {dag.py:3490} INFO - Setting next_dagrun for example_sensors to None, run_after=None
[2024-03-30T06:16:36.230+0000] {processor.py:179} INFO - Processing /home/airflow/.local/lib/python3.7/site-packages/airflow/example_dags/example_sensors.py took 0.114 seconds
[2024-03-30T06:17:06.500+0000] {processor.py:157} INFO - Started process (PID=236) to work on /home/airflow/.local/lib/python3.7/site-packages/airflow/example_dags/example_sensors.py
[2024-03-30T06:17:06.500+0000] {processor.py:826} INFO - Processing file /home/airflow/.local/lib/python3.7/site-packages/airflow/example_dags/example_sensors.py for tasks to queue
[2024-03-30T06:17:06.501+0000] {logging_mixin.py:149} INFO - [2024-03-30T06:17:06.501+0000] {dagbag.py:541} INFO - Filling up the DagBag from /home/airflow/.local/lib/python3.7/site-packages/airflow/example_dags/example_sensors.py
[2024-03-30T06:17:06.509+0000] {processor.py:836} INFO - DAG(s) dict_keys(['example_sensors']) retrieved from /home/airflow/.local/lib/python3.7/site-packages/airflow/example_dags/example_sensors.py
[2024-03-30T06:17:06.549+0000] {logging_mixin.py:149} INFO - [2024-03-30T06:17:06.549+0000] {dag.py:2726} INFO - Sync 1 DAGs
[2024-03-30T06:17:06.572+0000] {logging_mixin.py:149} INFO - [2024-03-30T06:17:06.572+0000] {dag.py:3490} INFO - Setting next_dagrun for example_sensors to None, run_after=None
[2024-03-30T06:17:06.606+0000] {processor.py:179} INFO - Processing /home/airflow/.local/lib/python3.7/site-packages/airflow/example_dags/example_sensors.py took 0.108 seconds
[2024-03-30T06:17:36.766+0000] {processor.py:157} INFO - Started process (PID=296) to work on /home/airflow/.local/lib/python3.7/site-packages/airflow/example_dags/example_sensors.py
[2024-03-30T06:17:36.767+0000] {processor.py:826} INFO - Processing file /home/airflow/.local/lib/python3.7/site-packages/airflow/example_dags/example_sensors.py for tasks to queue
[2024-03-30T06:17:36.768+0000] {logging_mixin.py:149} INFO - [2024-03-30T06:17:36.768+0000] {dagbag.py:541} INFO - Filling up the DagBag from /home/airflow/.local/lib/python3.7/site-packages/airflow/example_dags/example_sensors.py
[2024-03-30T06:17:36.778+0000] {processor.py:836} INFO - DAG(s) dict_keys(['example_sensors']) retrieved from /home/airflow/.local/lib/python3.7/site-packages/airflow/example_dags/example_sensors.py
[2024-03-30T06:17:36.820+0000] {logging_mixin.py:149} INFO - [2024-03-30T06:17:36.820+0000] {dag.py:2726} INFO - Sync 1 DAGs
[2024-03-30T06:17:36.849+0000] {logging_mixin.py:149} INFO - [2024-03-30T06:17:36.849+0000] {dag.py:3490} INFO - Setting next_dagrun for example_sensors to None, run_after=None
[2024-03-30T06:17:36.890+0000] {processor.py:179} INFO - Processing /home/airflow/.local/lib/python3.7/site-packages/airflow/example_dags/example_sensors.py took 0.128 seconds
[2024-03-30T06:18:07.116+0000] {processor.py:157} INFO - Started process (PID=356) to work on /home/airflow/.local/lib/python3.7/site-packages/airflow/example_dags/example_sensors.py
[2024-03-30T06:18:07.117+0000] {processor.py:826} INFO - Processing file /home/airflow/.local/lib/python3.7/site-packages/airflow/example_dags/example_sensors.py for tasks to queue
[2024-03-30T06:18:07.117+0000] {logging_mixin.py:149} INFO - [2024-03-30T06:18:07.117+0000] {dagbag.py:541} INFO - Filling up the DagBag from /home/airflow/.local/lib/python3.7/site-packages/airflow/example_dags/example_sensors.py
[2024-03-30T06:18:07.125+0000] {processor.py:836} INFO - DAG(s) dict_keys(['example_sensors']) retrieved from /home/airflow/.local/lib/python3.7/site-packages/airflow/example_dags/example_sensors.py
[2024-03-30T06:18:07.164+0000] {logging_mixin.py:149} INFO - [2024-03-30T06:18:07.164+0000] {dag.py:2726} INFO - Sync 1 DAGs
[2024-03-30T06:18:07.188+0000] {logging_mixin.py:149} INFO - [2024-03-30T06:18:07.188+0000] {dag.py:3490} INFO - Setting next_dagrun for example_sensors to None, run_after=None
[2024-03-30T06:18:07.221+0000] {processor.py:179} INFO - Processing /home/airflow/.local/lib/python3.7/site-packages/airflow/example_dags/example_sensors.py took 0.108 seconds
[2024-03-30T06:18:37.852+0000] {processor.py:157} INFO - Started process (PID=417) to work on /home/airflow/.local/lib/python3.7/site-packages/airflow/example_dags/example_sensors.py
[2024-03-30T06:18:37.854+0000] {processor.py:826} INFO - Processing file /home/airflow/.local/lib/python3.7/site-packages/airflow/example_dags/example_sensors.py for tasks to queue
[2024-03-30T06:18:37.855+0000] {logging_mixin.py:149} INFO - [2024-03-30T06:18:37.855+0000] {dagbag.py:541} INFO - Filling up the DagBag from /home/airflow/.local/lib/python3.7/site-packages/airflow/example_dags/example_sensors.py
[2024-03-30T06:18:37.865+0000] {processor.py:836} INFO - DAG(s) dict_keys(['example_sensors']) retrieved from /home/airflow/.local/lib/python3.7/site-packages/airflow/example_dags/example_sensors.py
[2024-03-30T06:18:37.916+0000] {logging_mixin.py:149} INFO - [2024-03-30T06:18:37.916+0000] {dag.py:2726} INFO - Sync 1 DAGs
[2024-03-30T06:18:37.951+0000] {logging_mixin.py:149} INFO - [2024-03-30T06:18:37.950+0000] {dag.py:3490} INFO - Setting next_dagrun for example_sensors to None, run_after=None
[2024-03-30T06:18:37.998+0000] {processor.py:179} INFO - Processing /home/airflow/.local/lib/python3.7/site-packages/airflow/example_dags/example_sensors.py took 0.149 seconds
[2024-03-30T06:19:08.109+0000] {processor.py:157} INFO - Started process (PID=477) to work on /home/airflow/.local/lib/python3.7/site-packages/airflow/example_dags/example_sensors.py
[2024-03-30T06:19:08.109+0000] {processor.py:826} INFO - Processing file /home/airflow/.local/lib/python3.7/site-packages/airflow/example_dags/example_sensors.py for tasks to queue
[2024-03-30T06:19:08.110+0000] {logging_mixin.py:149} INFO - [2024-03-30T06:19:08.110+0000] {dagbag.py:541} INFO - Filling up the DagBag from /home/airflow/.local/lib/python3.7/site-packages/airflow/example_dags/example_sensors.py
[2024-03-30T06:19:08.120+0000] {processor.py:836} INFO - DAG(s) dict_keys(['example_sensors']) retrieved from /home/airflow/.local/lib/python3.7/site-packages/airflow/example_dags/example_sensors.py
[2024-03-30T06:19:08.158+0000] {logging_mixin.py:149} INFO - [2024-03-30T06:19:08.158+0000] {dag.py:2726} INFO - Sync 1 DAGs
[2024-03-30T06:19:08.183+0000] {logging_mixin.py:149} INFO - [2024-03-30T06:19:08.183+0000] {dag.py:3490} INFO - Setting next_dagrun for example_sensors to None, run_after=None
[2024-03-30T06:19:08.218+0000] {processor.py:179} INFO - Processing /home/airflow/.local/lib/python3.7/site-packages/airflow/example_dags/example_sensors.py took 0.112 seconds
[2024-03-30T06:19:39.248+0000] {processor.py:157} INFO - Started process (PID=537) to work on /home/airflow/.local/lib/python3.7/site-packages/airflow/example_dags/example_sensors.py
[2024-03-30T06:19:39.250+0000] {processor.py:826} INFO - Processing file /home/airflow/.local/lib/python3.7/site-packages/airflow/example_dags/example_sensors.py for tasks to queue
[2024-03-30T06:19:39.251+0000] {logging_mixin.py:149} INFO - [2024-03-30T06:19:39.250+0000] {dagbag.py:541} INFO - Filling up the DagBag from /home/airflow/.local/lib/python3.7/site-packages/airflow/example_dags/example_sensors.py
[2024-03-30T06:19:39.261+0000] {processor.py:836} INFO - DAG(s) dict_keys(['example_sensors']) retrieved from /home/airflow/.local/lib/python3.7/site-packages/airflow/example_dags/example_sensors.py
[2024-03-30T06:19:39.307+0000] {logging_mixin.py:149} INFO - [2024-03-30T06:19:39.306+0000] {dag.py:2726} INFO - Sync 1 DAGs
[2024-03-30T06:19:39.335+0000] {logging_mixin.py:149} INFO - [2024-03-30T06:19:39.335+0000] {dag.py:3490} INFO - Setting next_dagrun for example_sensors to None, run_after=None
[2024-03-30T06:19:39.368+0000] {processor.py:179} INFO - Processing /home/airflow/.local/lib/python3.7/site-packages/airflow/example_dags/example_sensors.py took 0.124 seconds
[2024-03-30T06:20:10.232+0000] {processor.py:157} INFO - Started process (PID=597) to work on /home/airflow/.local/lib/python3.7/site-packages/airflow/example_dags/example_sensors.py
[2024-03-30T06:20:10.232+0000] {processor.py:826} INFO - Processing file /home/airflow/.local/lib/python3.7/site-packages/airflow/example_dags/example_sensors.py for tasks to queue
[2024-03-30T06:20:10.233+0000] {logging_mixin.py:149} INFO - [2024-03-30T06:20:10.233+0000] {dagbag.py:541} INFO - Filling up the DagBag from /home/airflow/.local/lib/python3.7/site-packages/airflow/example_dags/example_sensors.py
[2024-03-30T06:20:10.243+0000] {processor.py:836} INFO - DAG(s) dict_keys(['example_sensors']) retrieved from /home/airflow/.local/lib/python3.7/site-packages/airflow/example_dags/example_sensors.py
[2024-03-30T06:20:10.285+0000] {logging_mixin.py:149} INFO - [2024-03-30T06:20:10.285+0000] {dag.py:2726} INFO - Sync 1 DAGs
[2024-03-30T06:20:10.310+0000] {logging_mixin.py:149} INFO - [2024-03-30T06:20:10.309+0000] {dag.py:3490} INFO - Setting next_dagrun for example_sensors to None, run_after=None
[2024-03-30T06:20:10.347+0000] {processor.py:179} INFO - Processing /home/airflow/.local/lib/python3.7/site-packages/airflow/example_dags/example_sensors.py took 0.118 seconds
[2024-03-30T06:20:40.911+0000] {processor.py:157} INFO - Started process (PID=659) to work on /home/airflow/.local/lib/python3.7/site-packages/airflow/example_dags/example_sensors.py
[2024-03-30T06:20:40.912+0000] {processor.py:826} INFO - Processing file /home/airflow/.local/lib/python3.7/site-packages/airflow/example_dags/example_sensors.py for tasks to queue
[2024-03-30T06:20:40.913+0000] {logging_mixin.py:149} INFO - [2024-03-30T06:20:40.913+0000] {dagbag.py:541} INFO - Filling up the DagBag from /home/airflow/.local/lib/python3.7/site-packages/airflow/example_dags/example_sensors.py
[2024-03-30T06:20:40.925+0000] {processor.py:836} INFO - DAG(s) dict_keys(['example_sensors']) retrieved from /home/airflow/.local/lib/python3.7/site-packages/airflow/example_dags/example_sensors.py
[2024-03-30T06:20:40.971+0000] {logging_mixin.py:149} INFO - [2024-03-30T06:20:40.971+0000] {dag.py:2726} INFO - Sync 1 DAGs
[2024-03-30T06:20:40.997+0000] {logging_mixin.py:149} INFO - [2024-03-30T06:20:40.997+0000] {dag.py:3490} INFO - Setting next_dagrun for example_sensors to None, run_after=None
[2024-03-30T06:20:41.033+0000] {processor.py:179} INFO - Processing /home/airflow/.local/lib/python3.7/site-packages/airflow/example_dags/example_sensors.py took 0.125 seconds
[2024-03-30T06:21:11.684+0000] {processor.py:157} INFO - Started process (PID=720) to work on /home/airflow/.local/lib/python3.7/site-packages/airflow/example_dags/example_sensors.py
[2024-03-30T06:21:11.685+0000] {processor.py:826} INFO - Processing file /home/airflow/.local/lib/python3.7/site-packages/airflow/example_dags/example_sensors.py for tasks to queue
[2024-03-30T06:21:11.685+0000] {logging_mixin.py:149} INFO - [2024-03-30T06:21:11.685+0000] {dagbag.py:541} INFO - Filling up the DagBag from /home/airflow/.local/lib/python3.7/site-packages/airflow/example_dags/example_sensors.py
[2024-03-30T06:21:11.694+0000] {processor.py:836} INFO - DAG(s) dict_keys(['example_sensors']) retrieved from /home/airflow/.local/lib/python3.7/site-packages/airflow/example_dags/example_sensors.py
[2024-03-30T06:21:11.736+0000] {logging_mixin.py:149} INFO - [2024-03-30T06:21:11.736+0000] {dag.py:2726} INFO - Sync 1 DAGs
[2024-03-30T06:21:11.811+0000] {logging_mixin.py:149} INFO - [2024-03-30T06:21:11.810+0000] {dag.py:3490} INFO - Setting next_dagrun for example_sensors to None, run_after=None
[2024-03-30T06:21:11.846+0000] {processor.py:179} INFO - Processing /home/airflow/.local/lib/python3.7/site-packages/airflow/example_dags/example_sensors.py took 0.165 seconds
[2024-03-30T06:21:42.729+0000] {processor.py:157} INFO - Started process (PID=781) to work on /home/airflow/.local/lib/python3.7/site-packages/airflow/example_dags/example_sensors.py
[2024-03-30T06:21:42.730+0000] {processor.py:826} INFO - Processing file /home/airflow/.local/lib/python3.7/site-packages/airflow/example_dags/example_sensors.py for tasks to queue
[2024-03-30T06:21:42.731+0000] {logging_mixin.py:149} INFO - [2024-03-30T06:21:42.731+0000] {dagbag.py:541} INFO - Filling up the DagBag from /home/airflow/.local/lib/python3.7/site-packages/airflow/example_dags/example_sensors.py
[2024-03-30T06:21:42.741+0000] {processor.py:836} INFO - DAG(s) dict_keys(['example_sensors']) retrieved from /home/airflow/.local/lib/python3.7/site-packages/airflow/example_dags/example_sensors.py
[2024-03-30T06:21:42.779+0000] {logging_mixin.py:149} INFO - [2024-03-30T06:21:42.779+0000] {dag.py:2726} INFO - Sync 1 DAGs
[2024-03-30T06:21:42.806+0000] {logging_mixin.py:149} INFO - [2024-03-30T06:21:42.805+0000] {dag.py:3490} INFO - Setting next_dagrun for example_sensors to None, run_after=None
[2024-03-30T06:21:42.843+0000] {processor.py:179} INFO - Processing /home/airflow/.local/lib/python3.7/site-packages/airflow/example_dags/example_sensors.py took 0.117 seconds
[2024-03-30T06:22:13.701+0000] {processor.py:157} INFO - Started process (PID=842) to work on /home/airflow/.local/lib/python3.7/site-packages/airflow/example_dags/example_sensors.py
[2024-03-30T06:22:13.701+0000] {processor.py:826} INFO - Processing file /home/airflow/.local/lib/python3.7/site-packages/airflow/example_dags/example_sensors.py for tasks to queue
[2024-03-30T06:22:13.702+0000] {logging_mixin.py:149} INFO - [2024-03-30T06:22:13.702+0000] {dagbag.py:541} INFO - Filling up the DagBag from /home/airflow/.local/lib/python3.7/site-packages/airflow/example_dags/example_sensors.py
[2024-03-30T06:22:13.711+0000] {processor.py:836} INFO - DAG(s) dict_keys(['example_sensors']) retrieved from /home/airflow/.local/lib/python3.7/site-packages/airflow/example_dags/example_sensors.py
[2024-03-30T06:22:13.757+0000] {logging_mixin.py:149} INFO - [2024-03-30T06:22:13.757+0000] {dag.py:2726} INFO - Sync 1 DAGs
[2024-03-30T06:22:13.782+0000] {logging_mixin.py:149} INFO - [2024-03-30T06:22:13.782+0000] {dag.py:3490} INFO - Setting next_dagrun for example_sensors to None, run_after=None
[2024-03-30T06:22:13.821+0000] {processor.py:179} INFO - Processing /home/airflow/.local/lib/python3.7/site-packages/airflow/example_dags/example_sensors.py took 0.124 seconds
[2024-03-30T06:22:44.183+0000] {processor.py:157} INFO - Started process (PID=903) to work on /home/airflow/.local/lib/python3.7/site-packages/airflow/example_dags/example_sensors.py
[2024-03-30T06:22:44.184+0000] {processor.py:826} INFO - Processing file /home/airflow/.local/lib/python3.7/site-packages/airflow/example_dags/example_sensors.py for tasks to queue
[2024-03-30T06:22:44.185+0000] {logging_mixin.py:149} INFO - [2024-03-30T06:22:44.185+0000] {dagbag.py:541} INFO - Filling up the DagBag from /home/airflow/.local/lib/python3.7/site-packages/airflow/example_dags/example_sensors.py
[2024-03-30T06:22:44.194+0000] {processor.py:836} INFO - DAG(s) dict_keys(['example_sensors']) retrieved from /home/airflow/.local/lib/python3.7/site-packages/airflow/example_dags/example_sensors.py
[2024-03-30T06:22:44.234+0000] {logging_mixin.py:149} INFO - [2024-03-30T06:22:44.234+0000] {dag.py:2726} INFO - Sync 1 DAGs
[2024-03-30T06:22:44.257+0000] {logging_mixin.py:149} INFO - [2024-03-30T06:22:44.257+0000] {dag.py:3490} INFO - Setting next_dagrun for example_sensors to None, run_after=None
[2024-03-30T06:22:44.295+0000] {processor.py:179} INFO - Processing /home/airflow/.local/lib/python3.7/site-packages/airflow/example_dags/example_sensors.py took 0.116 seconds
[2024-03-30T06:23:14.585+0000] {processor.py:157} INFO - Started process (PID=964) to work on /home/airflow/.local/lib/python3.7/site-packages/airflow/example_dags/example_sensors.py
[2024-03-30T06:23:14.586+0000] {processor.py:826} INFO - Processing file /home/airflow/.local/lib/python3.7/site-packages/airflow/example_dags/example_sensors.py for tasks to queue
[2024-03-30T06:23:14.586+0000] {logging_mixin.py:149} INFO - [2024-03-30T06:23:14.586+0000] {dagbag.py:541} INFO - Filling up the DagBag from /home/airflow/.local/lib/python3.7/site-packages/airflow/example_dags/example_sensors.py
[2024-03-30T06:23:14.596+0000] {processor.py:836} INFO - DAG(s) dict_keys(['example_sensors']) retrieved from /home/airflow/.local/lib/python3.7/site-packages/airflow/example_dags/example_sensors.py
[2024-03-30T06:23:14.634+0000] {logging_mixin.py:149} INFO - [2024-03-30T06:23:14.634+0000] {dag.py:2726} INFO - Sync 1 DAGs
[2024-03-30T06:23:14.658+0000] {logging_mixin.py:149} INFO - [2024-03-30T06:23:14.658+0000] {dag.py:3490} INFO - Setting next_dagrun for example_sensors to None, run_after=None
[2024-03-30T06:23:14.690+0000] {processor.py:179} INFO - Processing /home/airflow/.local/lib/python3.7/site-packages/airflow/example_dags/example_sensors.py took 0.107 seconds
[2024-03-30T06:23:45.828+0000] {processor.py:157} INFO - Started process (PID=1025) to work on /home/airflow/.local/lib/python3.7/site-packages/airflow/example_dags/example_sensors.py
[2024-03-30T06:23:45.829+0000] {processor.py:826} INFO - Processing file /home/airflow/.local/lib/python3.7/site-packages/airflow/example_dags/example_sensors.py for tasks to queue
[2024-03-30T06:23:45.830+0000] {logging_mixin.py:149} INFO - [2024-03-30T06:23:45.830+0000] {dagbag.py:541} INFO - Filling up the DagBag from /home/airflow/.local/lib/python3.7/site-packages/airflow/example_dags/example_sensors.py
[2024-03-30T06:23:45.839+0000] {processor.py:836} INFO - DAG(s) dict_keys(['example_sensors']) retrieved from /home/airflow/.local/lib/python3.7/site-packages/airflow/example_dags/example_sensors.py
[2024-03-30T06:23:45.879+0000] {logging_mixin.py:149} INFO - [2024-03-30T06:23:45.879+0000] {dag.py:2726} INFO - Sync 1 DAGs
[2024-03-30T06:23:45.902+0000] {logging_mixin.py:149} INFO - [2024-03-30T06:23:45.902+0000] {dag.py:3490} INFO - Setting next_dagrun for example_sensors to None, run_after=None
[2024-03-30T06:23:45.934+0000] {processor.py:179} INFO - Processing /home/airflow/.local/lib/python3.7/site-packages/airflow/example_dags/example_sensors.py took 0.109 seconds
[2024-03-30T06:24:16.383+0000] {processor.py:157} INFO - Started process (PID=1086) to work on /home/airflow/.local/lib/python3.7/site-packages/airflow/example_dags/example_sensors.py
[2024-03-30T06:24:16.383+0000] {processor.py:826} INFO - Processing file /home/airflow/.local/lib/python3.7/site-packages/airflow/example_dags/example_sensors.py for tasks to queue
[2024-03-30T06:24:16.384+0000] {logging_mixin.py:149} INFO - [2024-03-30T06:24:16.384+0000] {dagbag.py:541} INFO - Filling up the DagBag from /home/airflow/.local/lib/python3.7/site-packages/airflow/example_dags/example_sensors.py
[2024-03-30T06:24:16.393+0000] {processor.py:836} INFO - DAG(s) dict_keys(['example_sensors']) retrieved from /home/airflow/.local/lib/python3.7/site-packages/airflow/example_dags/example_sensors.py
[2024-03-30T06:24:16.438+0000] {logging_mixin.py:149} INFO - [2024-03-30T06:24:16.437+0000] {dag.py:2726} INFO - Sync 1 DAGs
[2024-03-30T06:24:16.461+0000] {logging_mixin.py:149} INFO - [2024-03-30T06:24:16.461+0000] {dag.py:3490} INFO - Setting next_dagrun for example_sensors to None, run_after=None
[2024-03-30T06:24:16.494+0000] {processor.py:179} INFO - Processing /home/airflow/.local/lib/python3.7/site-packages/airflow/example_dags/example_sensors.py took 0.115 seconds
[2024-03-30T06:24:46.744+0000] {processor.py:157} INFO - Started process (PID=1147) to work on /home/airflow/.local/lib/python3.7/site-packages/airflow/example_dags/example_sensors.py
[2024-03-30T06:24:46.745+0000] {processor.py:826} INFO - Processing file /home/airflow/.local/lib/python3.7/site-packages/airflow/example_dags/example_sensors.py for tasks to queue
[2024-03-30T06:24:46.746+0000] {logging_mixin.py:149} INFO - [2024-03-30T06:24:46.746+0000] {dagbag.py:541} INFO - Filling up the DagBag from /home/airflow/.local/lib/python3.7/site-packages/airflow/example_dags/example_sensors.py
[2024-03-30T06:24:46.756+0000] {processor.py:836} INFO - DAG(s) dict_keys(['example_sensors']) retrieved from /home/airflow/.local/lib/python3.7/site-packages/airflow/example_dags/example_sensors.py
[2024-03-30T06:24:46.795+0000] {logging_mixin.py:149} INFO - [2024-03-30T06:24:46.794+0000] {dag.py:2726} INFO - Sync 1 DAGs
[2024-03-30T06:24:46.823+0000] {logging_mixin.py:149} INFO - [2024-03-30T06:24:46.823+0000] {dag.py:3490} INFO - Setting next_dagrun for example_sensors to None, run_after=None
[2024-03-30T06:24:46.863+0000] {processor.py:179} INFO - Processing /home/airflow/.local/lib/python3.7/site-packages/airflow/example_dags/example_sensors.py took 0.122 seconds
[2024-03-30T06:25:17.252+0000] {processor.py:157} INFO - Started process (PID=1208) to work on /home/airflow/.local/lib/python3.7/site-packages/airflow/example_dags/example_sensors.py
[2024-03-30T06:25:17.252+0000] {processor.py:826} INFO - Processing file /home/airflow/.local/lib/python3.7/site-packages/airflow/example_dags/example_sensors.py for tasks to queue
[2024-03-30T06:25:17.253+0000] {logging_mixin.py:149} INFO - [2024-03-30T06:25:17.253+0000] {dagbag.py:541} INFO - Filling up the DagBag from /home/airflow/.local/lib/python3.7/site-packages/airflow/example_dags/example_sensors.py
[2024-03-30T06:25:17.262+0000] {processor.py:836} INFO - DAG(s) dict_keys(['example_sensors']) retrieved from /home/airflow/.local/lib/python3.7/site-packages/airflow/example_dags/example_sensors.py
[2024-03-30T06:25:17.303+0000] {logging_mixin.py:149} INFO - [2024-03-30T06:25:17.303+0000] {dag.py:2726} INFO - Sync 1 DAGs
[2024-03-30T06:25:17.327+0000] {logging_mixin.py:149} INFO - [2024-03-30T06:25:17.326+0000] {dag.py:3490} INFO - Setting next_dagrun for example_sensors to None, run_after=None
[2024-03-30T06:25:17.358+0000] {processor.py:179} INFO - Processing /home/airflow/.local/lib/python3.7/site-packages/airflow/example_dags/example_sensors.py took 0.109 seconds
[2024-03-30T06:25:47.556+0000] {processor.py:157} INFO - Started process (PID=1269) to work on /home/airflow/.local/lib/python3.7/site-packages/airflow/example_dags/example_sensors.py
[2024-03-30T06:25:47.557+0000] {processor.py:826} INFO - Processing file /home/airflow/.local/lib/python3.7/site-packages/airflow/example_dags/example_sensors.py for tasks to queue
[2024-03-30T06:25:47.558+0000] {logging_mixin.py:149} INFO - [2024-03-30T06:25:47.557+0000] {dagbag.py:541} INFO - Filling up the DagBag from /home/airflow/.local/lib/python3.7/site-packages/airflow/example_dags/example_sensors.py
[2024-03-30T06:25:47.567+0000] {processor.py:836} INFO - DAG(s) dict_keys(['example_sensors']) retrieved from /home/airflow/.local/lib/python3.7/site-packages/airflow/example_dags/example_sensors.py
[2024-03-30T06:25:47.606+0000] {logging_mixin.py:149} INFO - [2024-03-30T06:25:47.606+0000] {dag.py:2726} INFO - Sync 1 DAGs
[2024-03-30T06:25:47.631+0000] {logging_mixin.py:149} INFO - [2024-03-30T06:25:47.631+0000] {dag.py:3490} INFO - Setting next_dagrun for example_sensors to None, run_after=None
[2024-03-30T06:25:47.662+0000] {processor.py:179} INFO - Processing /home/airflow/.local/lib/python3.7/site-packages/airflow/example_dags/example_sensors.py took 0.109 seconds
[2024-03-30T06:26:18.303+0000] {processor.py:157} INFO - Started process (PID=1330) to work on /home/airflow/.local/lib/python3.7/site-packages/airflow/example_dags/example_sensors.py
[2024-03-30T06:26:18.304+0000] {processor.py:826} INFO - Processing file /home/airflow/.local/lib/python3.7/site-packages/airflow/example_dags/example_sensors.py for tasks to queue
[2024-03-30T06:26:18.304+0000] {logging_mixin.py:149} INFO - [2024-03-30T06:26:18.304+0000] {dagbag.py:541} INFO - Filling up the DagBag from /home/airflow/.local/lib/python3.7/site-packages/airflow/example_dags/example_sensors.py
[2024-03-30T06:26:18.313+0000] {processor.py:836} INFO - DAG(s) dict_keys(['example_sensors']) retrieved from /home/airflow/.local/lib/python3.7/site-packages/airflow/example_dags/example_sensors.py
[2024-03-30T06:26:18.353+0000] {logging_mixin.py:149} INFO - [2024-03-30T06:26:18.353+0000] {dag.py:2726} INFO - Sync 1 DAGs
[2024-03-30T06:26:18.381+0000] {logging_mixin.py:149} INFO - [2024-03-30T06:26:18.380+0000] {dag.py:3490} INFO - Setting next_dagrun for example_sensors to None, run_after=None
[2024-03-30T06:26:18.415+0000] {processor.py:179} INFO - Processing /home/airflow/.local/lib/python3.7/site-packages/airflow/example_dags/example_sensors.py took 0.115 seconds
[2024-03-30T06:26:49.291+0000] {processor.py:157} INFO - Started process (PID=1392) to work on /home/airflow/.local/lib/python3.7/site-packages/airflow/example_dags/example_sensors.py
[2024-03-30T06:26:49.292+0000] {processor.py:826} INFO - Processing file /home/airflow/.local/lib/python3.7/site-packages/airflow/example_dags/example_sensors.py for tasks to queue
[2024-03-30T06:26:49.292+0000] {logging_mixin.py:149} INFO - [2024-03-30T06:26:49.292+0000] {dagbag.py:541} INFO - Filling up the DagBag from /home/airflow/.local/lib/python3.7/site-packages/airflow/example_dags/example_sensors.py
[2024-03-30T06:26:49.303+0000] {processor.py:836} INFO - DAG(s) dict_keys(['example_sensors']) retrieved from /home/airflow/.local/lib/python3.7/site-packages/airflow/example_dags/example_sensors.py
[2024-03-30T06:26:49.341+0000] {logging_mixin.py:149} INFO - [2024-03-30T06:26:49.340+0000] {dag.py:2726} INFO - Sync 1 DAGs
[2024-03-30T06:26:49.409+0000] {logging_mixin.py:149} INFO - [2024-03-30T06:26:49.409+0000] {dag.py:3490} INFO - Setting next_dagrun for example_sensors to None, run_after=None
[2024-03-30T06:26:49.443+0000] {processor.py:179} INFO - Processing /home/airflow/.local/lib/python3.7/site-packages/airflow/example_dags/example_sensors.py took 0.156 seconds
[2024-03-30T06:27:19.788+0000] {processor.py:157} INFO - Started process (PID=1453) to work on /home/airflow/.local/lib/python3.7/site-packages/airflow/example_dags/example_sensors.py
[2024-03-30T06:27:19.789+0000] {processor.py:826} INFO - Processing file /home/airflow/.local/lib/python3.7/site-packages/airflow/example_dags/example_sensors.py for tasks to queue
[2024-03-30T06:27:19.789+0000] {logging_mixin.py:149} INFO - [2024-03-30T06:27:19.789+0000] {dagbag.py:541} INFO - Filling up the DagBag from /home/airflow/.local/lib/python3.7/site-packages/airflow/example_dags/example_sensors.py
[2024-03-30T06:27:19.799+0000] {processor.py:836} INFO - DAG(s) dict_keys(['example_sensors']) retrieved from /home/airflow/.local/lib/python3.7/site-packages/airflow/example_dags/example_sensors.py
[2024-03-30T06:27:19.843+0000] {logging_mixin.py:149} INFO - [2024-03-30T06:27:19.843+0000] {dag.py:2726} INFO - Sync 1 DAGs
[2024-03-30T06:27:19.869+0000] {logging_mixin.py:149} INFO - [2024-03-30T06:27:19.869+0000] {dag.py:3490} INFO - Setting next_dagrun for example_sensors to None, run_after=None
[2024-03-30T06:27:19.902+0000] {processor.py:179} INFO - Processing /home/airflow/.local/lib/python3.7/site-packages/airflow/example_dags/example_sensors.py took 0.118 seconds
[2024-03-30T06:27:50.463+0000] {processor.py:157} INFO - Started process (PID=1515) to work on /home/airflow/.local/lib/python3.7/site-packages/airflow/example_dags/example_sensors.py
[2024-03-30T06:27:50.464+0000] {processor.py:826} INFO - Processing file /home/airflow/.local/lib/python3.7/site-packages/airflow/example_dags/example_sensors.py for tasks to queue
[2024-03-30T06:27:50.465+0000] {logging_mixin.py:149} INFO - [2024-03-30T06:27:50.465+0000] {dagbag.py:541} INFO - Filling up the DagBag from /home/airflow/.local/lib/python3.7/site-packages/airflow/example_dags/example_sensors.py
[2024-03-30T06:27:50.477+0000] {processor.py:836} INFO - DAG(s) dict_keys(['example_sensors']) retrieved from /home/airflow/.local/lib/python3.7/site-packages/airflow/example_dags/example_sensors.py
[2024-03-30T06:27:50.535+0000] {logging_mixin.py:149} INFO - [2024-03-30T06:27:50.535+0000] {dag.py:2726} INFO - Sync 1 DAGs
[2024-03-30T06:27:50.613+0000] {logging_mixin.py:149} INFO - [2024-03-30T06:27:50.613+0000] {dag.py:3490} INFO - Setting next_dagrun for example_sensors to None, run_after=None
[2024-03-30T06:27:50.678+0000] {processor.py:179} INFO - Processing /home/airflow/.local/lib/python3.7/site-packages/airflow/example_dags/example_sensors.py took 0.218 seconds
[2024-03-30T06:28:21.513+0000] {processor.py:157} INFO - Started process (PID=1576) to work on /home/airflow/.local/lib/python3.7/site-packages/airflow/example_dags/example_sensors.py
[2024-03-30T06:28:21.513+0000] {processor.py:826} INFO - Processing file /home/airflow/.local/lib/python3.7/site-packages/airflow/example_dags/example_sensors.py for tasks to queue
[2024-03-30T06:28:21.514+0000] {logging_mixin.py:149} INFO - [2024-03-30T06:28:21.514+0000] {dagbag.py:541} INFO - Filling up the DagBag from /home/airflow/.local/lib/python3.7/site-packages/airflow/example_dags/example_sensors.py
[2024-03-30T06:28:21.523+0000] {processor.py:836} INFO - DAG(s) dict_keys(['example_sensors']) retrieved from /home/airflow/.local/lib/python3.7/site-packages/airflow/example_dags/example_sensors.py
[2024-03-30T06:28:21.561+0000] {logging_mixin.py:149} INFO - [2024-03-30T06:28:21.561+0000] {dag.py:2726} INFO - Sync 1 DAGs
[2024-03-30T06:28:21.584+0000] {logging_mixin.py:149} INFO - [2024-03-30T06:28:21.584+0000] {dag.py:3490} INFO - Setting next_dagrun for example_sensors to None, run_after=None
[2024-03-30T06:28:21.617+0000] {processor.py:179} INFO - Processing /home/airflow/.local/lib/python3.7/site-packages/airflow/example_dags/example_sensors.py took 0.108 seconds
[2024-03-30T06:28:52.129+0000] {processor.py:157} INFO - Started process (PID=1637) to work on /home/airflow/.local/lib/python3.7/site-packages/airflow/example_dags/example_sensors.py
[2024-03-30T06:28:52.131+0000] {processor.py:826} INFO - Processing file /home/airflow/.local/lib/python3.7/site-packages/airflow/example_dags/example_sensors.py for tasks to queue
[2024-03-30T06:28:52.131+0000] {logging_mixin.py:149} INFO - [2024-03-30T06:28:52.131+0000] {dagbag.py:541} INFO - Filling up the DagBag from /home/airflow/.local/lib/python3.7/site-packages/airflow/example_dags/example_sensors.py
[2024-03-30T06:28:52.139+0000] {processor.py:836} INFO - DAG(s) dict_keys(['example_sensors']) retrieved from /home/airflow/.local/lib/python3.7/site-packages/airflow/example_dags/example_sensors.py
[2024-03-30T06:28:52.188+0000] {logging_mixin.py:149} INFO - [2024-03-30T06:28:52.187+0000] {dag.py:2726} INFO - Sync 1 DAGs
[2024-03-30T06:28:52.215+0000] {logging_mixin.py:149} INFO - [2024-03-30T06:28:52.215+0000] {dag.py:3490} INFO - Setting next_dagrun for example_sensors to None, run_after=None
[2024-03-30T06:28:52.251+0000] {processor.py:179} INFO - Processing /home/airflow/.local/lib/python3.7/site-packages/airflow/example_dags/example_sensors.py took 0.124 seconds
[2024-03-30T06:29:22.619+0000] {processor.py:157} INFO - Started process (PID=1698) to work on /home/airflow/.local/lib/python3.7/site-packages/airflow/example_dags/example_sensors.py
[2024-03-30T06:29:22.619+0000] {processor.py:826} INFO - Processing file /home/airflow/.local/lib/python3.7/site-packages/airflow/example_dags/example_sensors.py for tasks to queue
[2024-03-30T06:29:22.620+0000] {logging_mixin.py:149} INFO - [2024-03-30T06:29:22.620+0000] {dagbag.py:541} INFO - Filling up the DagBag from /home/airflow/.local/lib/python3.7/site-packages/airflow/example_dags/example_sensors.py
[2024-03-30T06:29:22.630+0000] {processor.py:836} INFO - DAG(s) dict_keys(['example_sensors']) retrieved from /home/airflow/.local/lib/python3.7/site-packages/airflow/example_dags/example_sensors.py
[2024-03-30T06:29:22.672+0000] {logging_mixin.py:149} INFO - [2024-03-30T06:29:22.671+0000] {dag.py:2726} INFO - Sync 1 DAGs
[2024-03-30T06:29:22.697+0000] {logging_mixin.py:149} INFO - [2024-03-30T06:29:22.697+0000] {dag.py:3490} INFO - Setting next_dagrun for example_sensors to None, run_after=None
[2024-03-30T06:29:22.731+0000] {processor.py:179} INFO - Processing /home/airflow/.local/lib/python3.7/site-packages/airflow/example_dags/example_sensors.py took 0.116 seconds
[2024-03-30T06:29:53.321+0000] {processor.py:157} INFO - Started process (PID=1759) to work on /home/airflow/.local/lib/python3.7/site-packages/airflow/example_dags/example_sensors.py
[2024-03-30T06:29:53.322+0000] {processor.py:826} INFO - Processing file /home/airflow/.local/lib/python3.7/site-packages/airflow/example_dags/example_sensors.py for tasks to queue
[2024-03-30T06:29:53.322+0000] {logging_mixin.py:149} INFO - [2024-03-30T06:29:53.322+0000] {dagbag.py:541} INFO - Filling up the DagBag from /home/airflow/.local/lib/python3.7/site-packages/airflow/example_dags/example_sensors.py
[2024-03-30T06:29:53.331+0000] {processor.py:836} INFO - DAG(s) dict_keys(['example_sensors']) retrieved from /home/airflow/.local/lib/python3.7/site-packages/airflow/example_dags/example_sensors.py
[2024-03-30T06:29:53.371+0000] {logging_mixin.py:149} INFO - [2024-03-30T06:29:53.370+0000] {dag.py:2726} INFO - Sync 1 DAGs
[2024-03-30T06:29:53.442+0000] {logging_mixin.py:149} INFO - [2024-03-30T06:29:53.441+0000] {dag.py:3490} INFO - Setting next_dagrun for example_sensors to None, run_after=None
[2024-03-30T06:29:53.479+0000] {processor.py:179} INFO - Processing /home/airflow/.local/lib/python3.7/site-packages/airflow/example_dags/example_sensors.py took 0.161 seconds
[2024-03-30T06:30:23.677+0000] {processor.py:157} INFO - Started process (PID=1820) to work on /home/airflow/.local/lib/python3.7/site-packages/airflow/example_dags/example_sensors.py
[2024-03-30T06:30:23.678+0000] {processor.py:826} INFO - Processing file /home/airflow/.local/lib/python3.7/site-packages/airflow/example_dags/example_sensors.py for tasks to queue
[2024-03-30T06:30:23.679+0000] {logging_mixin.py:149} INFO - [2024-03-30T06:30:23.679+0000] {dagbag.py:541} INFO - Filling up the DagBag from /home/airflow/.local/lib/python3.7/site-packages/airflow/example_dags/example_sensors.py
[2024-03-30T06:30:23.688+0000] {processor.py:836} INFO - DAG(s) dict_keys(['example_sensors']) retrieved from /home/airflow/.local/lib/python3.7/site-packages/airflow/example_dags/example_sensors.py
[2024-03-30T06:30:23.730+0000] {logging_mixin.py:149} INFO - [2024-03-30T06:30:23.730+0000] {dag.py:2726} INFO - Sync 1 DAGs
[2024-03-30T06:30:23.756+0000] {logging_mixin.py:149} INFO - [2024-03-30T06:30:23.755+0000] {dag.py:3490} INFO - Setting next_dagrun for example_sensors to None, run_after=None
[2024-03-30T06:30:23.790+0000] {processor.py:179} INFO - Processing /home/airflow/.local/lib/python3.7/site-packages/airflow/example_dags/example_sensors.py took 0.116 seconds
[2024-03-30T06:30:54.219+0000] {processor.py:157} INFO - Started process (PID=1881) to work on /home/airflow/.local/lib/python3.7/site-packages/airflow/example_dags/example_sensors.py
[2024-03-30T06:30:54.220+0000] {processor.py:826} INFO - Processing file /home/airflow/.local/lib/python3.7/site-packages/airflow/example_dags/example_sensors.py for tasks to queue
[2024-03-30T06:30:54.220+0000] {logging_mixin.py:149} INFO - [2024-03-30T06:30:54.220+0000] {dagbag.py:541} INFO - Filling up the DagBag from /home/airflow/.local/lib/python3.7/site-packages/airflow/example_dags/example_sensors.py
[2024-03-30T06:30:54.232+0000] {processor.py:836} INFO - DAG(s) dict_keys(['example_sensors']) retrieved from /home/airflow/.local/lib/python3.7/site-packages/airflow/example_dags/example_sensors.py
[2024-03-30T06:30:54.279+0000] {logging_mixin.py:149} INFO - [2024-03-30T06:30:54.279+0000] {dag.py:2726} INFO - Sync 1 DAGs
[2024-03-30T06:30:54.306+0000] {logging_mixin.py:149} INFO - [2024-03-30T06:30:54.306+0000] {dag.py:3490} INFO - Setting next_dagrun for example_sensors to None, run_after=None
[2024-03-30T06:30:54.342+0000] {processor.py:179} INFO - Processing /home/airflow/.local/lib/python3.7/site-packages/airflow/example_dags/example_sensors.py took 0.126 seconds
[2024-03-30T06:31:25.179+0000] {processor.py:157} INFO - Started process (PID=1949) to work on /home/airflow/.local/lib/python3.7/site-packages/airflow/example_dags/example_sensors.py
[2024-03-30T06:31:25.179+0000] {processor.py:826} INFO - Processing file /home/airflow/.local/lib/python3.7/site-packages/airflow/example_dags/example_sensors.py for tasks to queue
[2024-03-30T06:31:25.180+0000] {logging_mixin.py:149} INFO - [2024-03-30T06:31:25.180+0000] {dagbag.py:541} INFO - Filling up the DagBag from /home/airflow/.local/lib/python3.7/site-packages/airflow/example_dags/example_sensors.py
[2024-03-30T06:31:25.190+0000] {processor.py:836} INFO - DAG(s) dict_keys(['example_sensors']) retrieved from /home/airflow/.local/lib/python3.7/site-packages/airflow/example_dags/example_sensors.py
[2024-03-30T06:31:25.233+0000] {logging_mixin.py:149} INFO - [2024-03-30T06:31:25.232+0000] {dag.py:2726} INFO - Sync 1 DAGs
[2024-03-30T06:31:25.259+0000] {logging_mixin.py:149} INFO - [2024-03-30T06:31:25.259+0000] {dag.py:3490} INFO - Setting next_dagrun for example_sensors to None, run_after=None
[2024-03-30T06:31:25.296+0000] {processor.py:179} INFO - Processing /home/airflow/.local/lib/python3.7/site-packages/airflow/example_dags/example_sensors.py took 0.120 seconds
[2024-03-30T08:20:56.919+0000] {processor.py:157} INFO - Started process (PID=57) to work on /home/airflow/.local/lib/python3.7/site-packages/airflow/example_dags/example_sensors.py
[2024-03-30T08:20:56.920+0000] {processor.py:826} INFO - Processing file /home/airflow/.local/lib/python3.7/site-packages/airflow/example_dags/example_sensors.py for tasks to queue
[2024-03-30T08:20:56.921+0000] {logging_mixin.py:149} INFO - [2024-03-30T08:20:56.921+0000] {dagbag.py:541} INFO - Filling up the DagBag from /home/airflow/.local/lib/python3.7/site-packages/airflow/example_dags/example_sensors.py
[2024-03-30T08:20:56.935+0000] {processor.py:836} INFO - DAG(s) dict_keys(['example_sensors']) retrieved from /home/airflow/.local/lib/python3.7/site-packages/airflow/example_dags/example_sensors.py
[2024-03-30T08:20:56.990+0000] {logging_mixin.py:149} INFO - [2024-03-30T08:20:56.990+0000] {dag.py:2726} INFO - Sync 1 DAGs
[2024-03-30T08:20:57.021+0000] {logging_mixin.py:149} INFO - [2024-03-30T08:20:57.020+0000] {dag.py:3490} INFO - Setting next_dagrun for example_sensors to None, run_after=None
[2024-03-30T08:20:57.064+0000] {processor.py:179} INFO - Processing /home/airflow/.local/lib/python3.7/site-packages/airflow/example_dags/example_sensors.py took 0.148 seconds
[2024-03-30T08:21:27.200+0000] {processor.py:157} INFO - Started process (PID=118) to work on /home/airflow/.local/lib/python3.7/site-packages/airflow/example_dags/example_sensors.py
[2024-03-30T08:21:27.201+0000] {processor.py:826} INFO - Processing file /home/airflow/.local/lib/python3.7/site-packages/airflow/example_dags/example_sensors.py for tasks to queue
[2024-03-30T08:21:27.202+0000] {logging_mixin.py:149} INFO - [2024-03-30T08:21:27.202+0000] {dagbag.py:541} INFO - Filling up the DagBag from /home/airflow/.local/lib/python3.7/site-packages/airflow/example_dags/example_sensors.py
[2024-03-30T08:21:27.211+0000] {processor.py:836} INFO - DAG(s) dict_keys(['example_sensors']) retrieved from /home/airflow/.local/lib/python3.7/site-packages/airflow/example_dags/example_sensors.py
[2024-03-30T08:21:27.256+0000] {logging_mixin.py:149} INFO - [2024-03-30T08:21:27.256+0000] {dag.py:2726} INFO - Sync 1 DAGs
[2024-03-30T08:21:27.286+0000] {logging_mixin.py:149} INFO - [2024-03-30T08:21:27.286+0000] {dag.py:3490} INFO - Setting next_dagrun for example_sensors to None, run_after=None
[2024-03-30T08:21:27.332+0000] {processor.py:179} INFO - Processing /home/airflow/.local/lib/python3.7/site-packages/airflow/example_dags/example_sensors.py took 0.134 seconds
[2024-03-30T08:21:58.013+0000] {processor.py:157} INFO - Started process (PID=179) to work on /home/airflow/.local/lib/python3.7/site-packages/airflow/example_dags/example_sensors.py
[2024-03-30T08:21:58.014+0000] {processor.py:826} INFO - Processing file /home/airflow/.local/lib/python3.7/site-packages/airflow/example_dags/example_sensors.py for tasks to queue
[2024-03-30T08:21:58.015+0000] {logging_mixin.py:149} INFO - [2024-03-30T08:21:58.015+0000] {dagbag.py:541} INFO - Filling up the DagBag from /home/airflow/.local/lib/python3.7/site-packages/airflow/example_dags/example_sensors.py
[2024-03-30T08:21:58.023+0000] {processor.py:836} INFO - DAG(s) dict_keys(['example_sensors']) retrieved from /home/airflow/.local/lib/python3.7/site-packages/airflow/example_dags/example_sensors.py
[2024-03-30T08:21:58.070+0000] {logging_mixin.py:149} INFO - [2024-03-30T08:21:58.070+0000] {dag.py:2726} INFO - Sync 1 DAGs
[2024-03-30T08:21:58.268+0000] {logging_mixin.py:149} INFO - [2024-03-30T08:21:58.268+0000] {dag.py:3490} INFO - Setting next_dagrun for example_sensors to None, run_after=None
[2024-03-30T08:21:58.317+0000] {processor.py:179} INFO - Processing /home/airflow/.local/lib/python3.7/site-packages/airflow/example_dags/example_sensors.py took 0.307 seconds
[2024-03-30T08:22:28.699+0000] {processor.py:157} INFO - Started process (PID=240) to work on /home/airflow/.local/lib/python3.7/site-packages/airflow/example_dags/example_sensors.py
[2024-03-30T08:22:28.700+0000] {processor.py:826} INFO - Processing file /home/airflow/.local/lib/python3.7/site-packages/airflow/example_dags/example_sensors.py for tasks to queue
[2024-03-30T08:22:28.700+0000] {logging_mixin.py:149} INFO - [2024-03-30T08:22:28.700+0000] {dagbag.py:541} INFO - Filling up the DagBag from /home/airflow/.local/lib/python3.7/site-packages/airflow/example_dags/example_sensors.py
[2024-03-30T08:22:28.711+0000] {processor.py:836} INFO - DAG(s) dict_keys(['example_sensors']) retrieved from /home/airflow/.local/lib/python3.7/site-packages/airflow/example_dags/example_sensors.py
[2024-03-30T08:22:28.770+0000] {logging_mixin.py:149} INFO - [2024-03-30T08:22:28.770+0000] {dag.py:2726} INFO - Sync 1 DAGs
[2024-03-30T08:22:28.800+0000] {logging_mixin.py:149} INFO - [2024-03-30T08:22:28.800+0000] {dag.py:3490} INFO - Setting next_dagrun for example_sensors to None, run_after=None
[2024-03-30T08:22:28.846+0000] {processor.py:179} INFO - Processing /home/airflow/.local/lib/python3.7/site-packages/airflow/example_dags/example_sensors.py took 0.151 seconds
[2024-03-30T08:22:59.193+0000] {processor.py:157} INFO - Started process (PID=301) to work on /home/airflow/.local/lib/python3.7/site-packages/airflow/example_dags/example_sensors.py
[2024-03-30T08:22:59.195+0000] {processor.py:826} INFO - Processing file /home/airflow/.local/lib/python3.7/site-packages/airflow/example_dags/example_sensors.py for tasks to queue
[2024-03-30T08:22:59.195+0000] {logging_mixin.py:149} INFO - [2024-03-30T08:22:59.195+0000] {dagbag.py:541} INFO - Filling up the DagBag from /home/airflow/.local/lib/python3.7/site-packages/airflow/example_dags/example_sensors.py
[2024-03-30T08:22:59.205+0000] {processor.py:836} INFO - DAG(s) dict_keys(['example_sensors']) retrieved from /home/airflow/.local/lib/python3.7/site-packages/airflow/example_dags/example_sensors.py
[2024-03-30T08:22:59.255+0000] {logging_mixin.py:149} INFO - [2024-03-30T08:22:59.255+0000] {dag.py:2726} INFO - Sync 1 DAGs
[2024-03-30T08:22:59.284+0000] {logging_mixin.py:149} INFO - [2024-03-30T08:22:59.284+0000] {dag.py:3490} INFO - Setting next_dagrun for example_sensors to None, run_after=None
[2024-03-30T08:22:59.329+0000] {processor.py:179} INFO - Processing /home/airflow/.local/lib/python3.7/site-packages/airflow/example_dags/example_sensors.py took 0.140 seconds
[2024-03-30T08:23:30.236+0000] {processor.py:157} INFO - Started process (PID=362) to work on /home/airflow/.local/lib/python3.7/site-packages/airflow/example_dags/example_sensors.py
[2024-03-30T08:23:30.237+0000] {processor.py:826} INFO - Processing file /home/airflow/.local/lib/python3.7/site-packages/airflow/example_dags/example_sensors.py for tasks to queue
[2024-03-30T08:23:30.237+0000] {logging_mixin.py:149} INFO - [2024-03-30T08:23:30.237+0000] {dagbag.py:541} INFO - Filling up the DagBag from /home/airflow/.local/lib/python3.7/site-packages/airflow/example_dags/example_sensors.py
[2024-03-30T08:23:30.249+0000] {processor.py:836} INFO - DAG(s) dict_keys(['example_sensors']) retrieved from /home/airflow/.local/lib/python3.7/site-packages/airflow/example_dags/example_sensors.py
[2024-03-30T08:23:30.303+0000] {logging_mixin.py:149} INFO - [2024-03-30T08:23:30.303+0000] {dag.py:2726} INFO - Sync 1 DAGs
[2024-03-30T08:23:30.383+0000] {logging_mixin.py:149} INFO - [2024-03-30T08:23:30.383+0000] {dag.py:3490} INFO - Setting next_dagrun for example_sensors to None, run_after=None
[2024-03-30T08:23:30.429+0000] {processor.py:179} INFO - Processing /home/airflow/.local/lib/python3.7/site-packages/airflow/example_dags/example_sensors.py took 0.196 seconds
[2024-03-30T08:24:01.091+0000] {processor.py:157} INFO - Started process (PID=422) to work on /home/airflow/.local/lib/python3.7/site-packages/airflow/example_dags/example_sensors.py
[2024-03-30T08:24:01.092+0000] {processor.py:826} INFO - Processing file /home/airflow/.local/lib/python3.7/site-packages/airflow/example_dags/example_sensors.py for tasks to queue
[2024-03-30T08:24:01.092+0000] {logging_mixin.py:149} INFO - [2024-03-30T08:24:01.092+0000] {dagbag.py:541} INFO - Filling up the DagBag from /home/airflow/.local/lib/python3.7/site-packages/airflow/example_dags/example_sensors.py
[2024-03-30T08:24:01.103+0000] {processor.py:836} INFO - DAG(s) dict_keys(['example_sensors']) retrieved from /home/airflow/.local/lib/python3.7/site-packages/airflow/example_dags/example_sensors.py
[2024-03-30T08:24:01.149+0000] {logging_mixin.py:149} INFO - [2024-03-30T08:24:01.149+0000] {dag.py:2726} INFO - Sync 1 DAGs
[2024-03-30T08:24:01.178+0000] {logging_mixin.py:149} INFO - [2024-03-30T08:24:01.178+0000] {dag.py:3490} INFO - Setting next_dagrun for example_sensors to None, run_after=None
[2024-03-30T08:24:01.220+0000] {processor.py:179} INFO - Processing /home/airflow/.local/lib/python3.7/site-packages/airflow/example_dags/example_sensors.py took 0.133 seconds
[2024-03-30T08:24:31.654+0000] {processor.py:157} INFO - Started process (PID=483) to work on /home/airflow/.local/lib/python3.7/site-packages/airflow/example_dags/example_sensors.py
[2024-03-30T08:24:31.656+0000] {processor.py:826} INFO - Processing file /home/airflow/.local/lib/python3.7/site-packages/airflow/example_dags/example_sensors.py for tasks to queue
[2024-03-30T08:24:31.661+0000] {logging_mixin.py:149} INFO - [2024-03-30T08:24:31.660+0000] {dagbag.py:541} INFO - Filling up the DagBag from /home/airflow/.local/lib/python3.7/site-packages/airflow/example_dags/example_sensors.py
[2024-03-30T08:24:31.676+0000] {processor.py:836} INFO - DAG(s) dict_keys(['example_sensors']) retrieved from /home/airflow/.local/lib/python3.7/site-packages/airflow/example_dags/example_sensors.py
[2024-03-30T08:24:31.767+0000] {logging_mixin.py:149} INFO - [2024-03-30T08:24:31.767+0000] {dag.py:2726} INFO - Sync 1 DAGs
[2024-03-30T08:24:31.882+0000] {logging_mixin.py:149} INFO - [2024-03-30T08:24:31.882+0000] {dag.py:3490} INFO - Setting next_dagrun for example_sensors to None, run_after=None
[2024-03-30T08:24:31.935+0000] {processor.py:179} INFO - Processing /home/airflow/.local/lib/python3.7/site-packages/airflow/example_dags/example_sensors.py took 0.286 seconds
[2024-03-30T08:25:02.727+0000] {processor.py:157} INFO - Started process (PID=544) to work on /home/airflow/.local/lib/python3.7/site-packages/airflow/example_dags/example_sensors.py
[2024-03-30T08:25:02.728+0000] {processor.py:826} INFO - Processing file /home/airflow/.local/lib/python3.7/site-packages/airflow/example_dags/example_sensors.py for tasks to queue
[2024-03-30T08:25:02.729+0000] {logging_mixin.py:149} INFO - [2024-03-30T08:25:02.729+0000] {dagbag.py:541} INFO - Filling up the DagBag from /home/airflow/.local/lib/python3.7/site-packages/airflow/example_dags/example_sensors.py
[2024-03-30T08:25:02.740+0000] {processor.py:836} INFO - DAG(s) dict_keys(['example_sensors']) retrieved from /home/airflow/.local/lib/python3.7/site-packages/airflow/example_dags/example_sensors.py
[2024-03-30T08:25:02.797+0000] {logging_mixin.py:149} INFO - [2024-03-30T08:25:02.797+0000] {dag.py:2726} INFO - Sync 1 DAGs
[2024-03-30T08:25:02.835+0000] {logging_mixin.py:149} INFO - [2024-03-30T08:25:02.834+0000] {dag.py:3490} INFO - Setting next_dagrun for example_sensors to None, run_after=None
[2024-03-30T08:25:02.883+0000] {processor.py:179} INFO - Processing /home/airflow/.local/lib/python3.7/site-packages/airflow/example_dags/example_sensors.py took 0.163 seconds
[2024-03-30T08:25:32.934+0000] {processor.py:157} INFO - Started process (PID=604) to work on /home/airflow/.local/lib/python3.7/site-packages/airflow/example_dags/example_sensors.py
[2024-03-30T08:25:32.935+0000] {processor.py:826} INFO - Processing file /home/airflow/.local/lib/python3.7/site-packages/airflow/example_dags/example_sensors.py for tasks to queue
[2024-03-30T08:25:32.935+0000] {logging_mixin.py:149} INFO - [2024-03-30T08:25:32.935+0000] {dagbag.py:541} INFO - Filling up the DagBag from /home/airflow/.local/lib/python3.7/site-packages/airflow/example_dags/example_sensors.py
[2024-03-30T08:25:32.944+0000] {processor.py:836} INFO - DAG(s) dict_keys(['example_sensors']) retrieved from /home/airflow/.local/lib/python3.7/site-packages/airflow/example_dags/example_sensors.py
[2024-03-30T08:25:33.000+0000] {logging_mixin.py:149} INFO - [2024-03-30T08:25:33.000+0000] {dag.py:2726} INFO - Sync 1 DAGs
[2024-03-30T08:25:33.027+0000] {logging_mixin.py:149} INFO - [2024-03-30T08:25:33.027+0000] {dag.py:3490} INFO - Setting next_dagrun for example_sensors to None, run_after=None
[2024-03-30T08:25:33.067+0000] {processor.py:179} INFO - Processing /home/airflow/.local/lib/python3.7/site-packages/airflow/example_dags/example_sensors.py took 0.136 seconds
[2024-03-30T08:26:03.441+0000] {processor.py:157} INFO - Started process (PID=666) to work on /home/airflow/.local/lib/python3.7/site-packages/airflow/example_dags/example_sensors.py
[2024-03-30T08:26:03.443+0000] {processor.py:826} INFO - Processing file /home/airflow/.local/lib/python3.7/site-packages/airflow/example_dags/example_sensors.py for tasks to queue
[2024-03-30T08:26:03.443+0000] {logging_mixin.py:149} INFO - [2024-03-30T08:26:03.443+0000] {dagbag.py:541} INFO - Filling up the DagBag from /home/airflow/.local/lib/python3.7/site-packages/airflow/example_dags/example_sensors.py
[2024-03-30T08:26:03.452+0000] {processor.py:836} INFO - DAG(s) dict_keys(['example_sensors']) retrieved from /home/airflow/.local/lib/python3.7/site-packages/airflow/example_dags/example_sensors.py
[2024-03-30T08:26:03.508+0000] {logging_mixin.py:149} INFO - [2024-03-30T08:26:03.507+0000] {dag.py:2726} INFO - Sync 1 DAGs
[2024-03-30T08:26:03.579+0000] {logging_mixin.py:149} INFO - [2024-03-30T08:26:03.578+0000] {dag.py:3490} INFO - Setting next_dagrun for example_sensors to None, run_after=None
[2024-03-30T08:26:03.628+0000] {processor.py:179} INFO - Processing /home/airflow/.local/lib/python3.7/site-packages/airflow/example_dags/example_sensors.py took 0.190 seconds
