[2024-03-30T06:15:34.512+0000] {processor.py:157} INFO - Started process (PID=54) to work on /home/airflow/.local/lib/python3.7/site-packages/airflow/example_dags/example_branch_datetime_operator.py
[2024-03-30T06:15:34.513+0000] {processor.py:826} INFO - Processing file /home/airflow/.local/lib/python3.7/site-packages/airflow/example_dags/example_branch_datetime_operator.py for tasks to queue
[2024-03-30T06:15:34.514+0000] {logging_mixin.py:149} INFO - [2024-03-30T06:15:34.514+0000] {dagbag.py:541} INFO - Filling up the DagBag from /home/airflow/.local/lib/python3.7/site-packages/airflow/example_dags/example_branch_datetime_operator.py
[2024-03-30T06:15:34.534+0000] {processor.py:836} INFO - DAG(s) dict_keys(['example_branch_datetime_operator', 'example_branch_datetime_operator_2', 'example_branch_datetime_operator_3']) retrieved from /home/airflow/.local/lib/python3.7/site-packages/airflow/example_dags/example_branch_datetime_operator.py
[2024-03-30T06:15:34.581+0000] {logging_mixin.py:149} INFO - [2024-03-30T06:15:34.580+0000] {dag.py:2726} INFO - Sync 3 DAGs
[2024-03-30T06:15:34.625+0000] {logging_mixin.py:149} INFO - [2024-03-30T06:15:34.625+0000] {dag.py:3490} INFO - Setting next_dagrun for example_branch_datetime_operator to 2024-03-29T00:00:00+00:00, run_after=2024-03-30T00:00:00+00:00
[2024-03-30T06:15:34.633+0000] {logging_mixin.py:149} INFO - [2024-03-30T06:15:34.633+0000] {dag.py:3490} INFO - Setting next_dagrun for example_branch_datetime_operator_2 to 2024-03-29T00:00:00+00:00, run_after=2024-03-30T00:00:00+00:00
[2024-03-30T06:15:34.640+0000] {logging_mixin.py:149} INFO - [2024-03-30T06:15:34.639+0000] {dag.py:3490} INFO - Setting next_dagrun for example_branch_datetime_operator_3 to 2024-03-29T00:00:00+00:00, run_after=2024-03-30T00:00:00+00:00
[2024-03-30T06:15:34.691+0000] {processor.py:179} INFO - Processing /home/airflow/.local/lib/python3.7/site-packages/airflow/example_dags/example_branch_datetime_operator.py took 0.183 seconds
[2024-03-30T06:16:05.169+0000] {processor.py:157} INFO - Started process (PID=113) to work on /home/airflow/.local/lib/python3.7/site-packages/airflow/example_dags/example_branch_datetime_operator.py
[2024-03-30T06:16:05.170+0000] {processor.py:826} INFO - Processing file /home/airflow/.local/lib/python3.7/site-packages/airflow/example_dags/example_branch_datetime_operator.py for tasks to queue
[2024-03-30T06:16:05.171+0000] {logging_mixin.py:149} INFO - [2024-03-30T06:16:05.171+0000] {dagbag.py:541} INFO - Filling up the DagBag from /home/airflow/.local/lib/python3.7/site-packages/airflow/example_dags/example_branch_datetime_operator.py
[2024-03-30T06:16:05.179+0000] {processor.py:836} INFO - DAG(s) dict_keys(['example_branch_datetime_operator', 'example_branch_datetime_operator_3', 'example_branch_datetime_operator_2']) retrieved from /home/airflow/.local/lib/python3.7/site-packages/airflow/example_dags/example_branch_datetime_operator.py
[2024-03-30T06:16:05.230+0000] {logging_mixin.py:149} INFO - [2024-03-30T06:16:05.230+0000] {dag.py:2726} INFO - Sync 3 DAGs
[2024-03-30T06:16:05.314+0000] {logging_mixin.py:149} INFO - [2024-03-30T06:16:05.314+0000] {dag.py:3490} INFO - Setting next_dagrun for example_branch_datetime_operator to 2024-03-29T00:00:00+00:00, run_after=2024-03-30T00:00:00+00:00
[2024-03-30T06:16:05.319+0000] {logging_mixin.py:149} INFO - [2024-03-30T06:16:05.319+0000] {dag.py:3490} INFO - Setting next_dagrun for example_branch_datetime_operator_2 to 2024-03-29T00:00:00+00:00, run_after=2024-03-30T00:00:00+00:00
[2024-03-30T06:16:05.322+0000] {logging_mixin.py:149} INFO - [2024-03-30T06:16:05.322+0000] {dag.py:3490} INFO - Setting next_dagrun for example_branch_datetime_operator_3 to 2024-03-29T00:00:00+00:00, run_after=2024-03-30T00:00:00+00:00
[2024-03-30T06:16:05.354+0000] {processor.py:179} INFO - Processing /home/airflow/.local/lib/python3.7/site-packages/airflow/example_dags/example_branch_datetime_operator.py took 0.187 seconds
[2024-03-30T06:16:35.919+0000] {processor.py:157} INFO - Started process (PID=173) to work on /home/airflow/.local/lib/python3.7/site-packages/airflow/example_dags/example_branch_datetime_operator.py
[2024-03-30T06:16:35.920+0000] {processor.py:826} INFO - Processing file /home/airflow/.local/lib/python3.7/site-packages/airflow/example_dags/example_branch_datetime_operator.py for tasks to queue
[2024-03-30T06:16:35.920+0000] {logging_mixin.py:149} INFO - [2024-03-30T06:16:35.920+0000] {dagbag.py:541} INFO - Filling up the DagBag from /home/airflow/.local/lib/python3.7/site-packages/airflow/example_dags/example_branch_datetime_operator.py
[2024-03-30T06:16:35.929+0000] {processor.py:836} INFO - DAG(s) dict_keys(['example_branch_datetime_operator', 'example_branch_datetime_operator_3', 'example_branch_datetime_operator_2']) retrieved from /home/airflow/.local/lib/python3.7/site-packages/airflow/example_dags/example_branch_datetime_operator.py
[2024-03-30T06:16:35.977+0000] {logging_mixin.py:149} INFO - [2024-03-30T06:16:35.977+0000] {dag.py:2726} INFO - Sync 3 DAGs
[2024-03-30T06:16:36.053+0000] {logging_mixin.py:149} INFO - [2024-03-30T06:16:36.053+0000] {dag.py:3490} INFO - Setting next_dagrun for example_branch_datetime_operator to 2024-03-29T00:00:00+00:00, run_after=2024-03-30T00:00:00+00:00
[2024-03-30T06:16:36.058+0000] {logging_mixin.py:149} INFO - [2024-03-30T06:16:36.058+0000] {dag.py:3490} INFO - Setting next_dagrun for example_branch_datetime_operator_2 to 2024-03-29T00:00:00+00:00, run_after=2024-03-30T00:00:00+00:00
[2024-03-30T06:16:36.062+0000] {logging_mixin.py:149} INFO - [2024-03-30T06:16:36.062+0000] {dag.py:3490} INFO - Setting next_dagrun for example_branch_datetime_operator_3 to 2024-03-29T00:00:00+00:00, run_after=2024-03-30T00:00:00+00:00
[2024-03-30T06:16:36.097+0000] {processor.py:179} INFO - Processing /home/airflow/.local/lib/python3.7/site-packages/airflow/example_dags/example_branch_datetime_operator.py took 0.181 seconds
[2024-03-30T06:17:06.236+0000] {processor.py:157} INFO - Started process (PID=234) to work on /home/airflow/.local/lib/python3.7/site-packages/airflow/example_dags/example_branch_datetime_operator.py
[2024-03-30T06:17:06.237+0000] {processor.py:826} INFO - Processing file /home/airflow/.local/lib/python3.7/site-packages/airflow/example_dags/example_branch_datetime_operator.py for tasks to queue
[2024-03-30T06:17:06.237+0000] {logging_mixin.py:149} INFO - [2024-03-30T06:17:06.237+0000] {dagbag.py:541} INFO - Filling up the DagBag from /home/airflow/.local/lib/python3.7/site-packages/airflow/example_dags/example_branch_datetime_operator.py
[2024-03-30T06:17:06.245+0000] {processor.py:836} INFO - DAG(s) dict_keys(['example_branch_datetime_operator_2', 'example_branch_datetime_operator', 'example_branch_datetime_operator_3']) retrieved from /home/airflow/.local/lib/python3.7/site-packages/airflow/example_dags/example_branch_datetime_operator.py
[2024-03-30T06:17:06.286+0000] {logging_mixin.py:149} INFO - [2024-03-30T06:17:06.286+0000] {dag.py:2726} INFO - Sync 3 DAGs
[2024-03-30T06:17:06.310+0000] {logging_mixin.py:149} INFO - [2024-03-30T06:17:06.310+0000] {dag.py:3490} INFO - Setting next_dagrun for example_branch_datetime_operator to 2024-03-29T00:00:00+00:00, run_after=2024-03-30T00:00:00+00:00
[2024-03-30T06:17:06.315+0000] {logging_mixin.py:149} INFO - [2024-03-30T06:17:06.315+0000] {dag.py:3490} INFO - Setting next_dagrun for example_branch_datetime_operator_2 to 2024-03-29T00:00:00+00:00, run_after=2024-03-30T00:00:00+00:00
[2024-03-30T06:17:06.318+0000] {logging_mixin.py:149} INFO - [2024-03-30T06:17:06.317+0000] {dag.py:3490} INFO - Setting next_dagrun for example_branch_datetime_operator_3 to 2024-03-29T00:00:00+00:00, run_after=2024-03-30T00:00:00+00:00
[2024-03-30T06:17:06.352+0000] {processor.py:179} INFO - Processing /home/airflow/.local/lib/python3.7/site-packages/airflow/example_dags/example_branch_datetime_operator.py took 0.118 seconds
[2024-03-30T06:17:36.508+0000] {processor.py:157} INFO - Started process (PID=293) to work on /home/airflow/.local/lib/python3.7/site-packages/airflow/example_dags/example_branch_datetime_operator.py
[2024-03-30T06:17:36.509+0000] {processor.py:826} INFO - Processing file /home/airflow/.local/lib/python3.7/site-packages/airflow/example_dags/example_branch_datetime_operator.py for tasks to queue
[2024-03-30T06:17:36.510+0000] {logging_mixin.py:149} INFO - [2024-03-30T06:17:36.510+0000] {dagbag.py:541} INFO - Filling up the DagBag from /home/airflow/.local/lib/python3.7/site-packages/airflow/example_dags/example_branch_datetime_operator.py
[2024-03-30T06:17:36.518+0000] {processor.py:836} INFO - DAG(s) dict_keys(['example_branch_datetime_operator', 'example_branch_datetime_operator_3', 'example_branch_datetime_operator_2']) retrieved from /home/airflow/.local/lib/python3.7/site-packages/airflow/example_dags/example_branch_datetime_operator.py
[2024-03-30T06:17:36.591+0000] {logging_mixin.py:149} INFO - [2024-03-30T06:17:36.590+0000] {dag.py:2726} INFO - Sync 3 DAGs
[2024-03-30T06:17:36.626+0000] {logging_mixin.py:149} INFO - [2024-03-30T06:17:36.626+0000] {dag.py:3490} INFO - Setting next_dagrun for example_branch_datetime_operator to 2024-03-29T00:00:00+00:00, run_after=2024-03-30T00:00:00+00:00
[2024-03-30T06:17:36.632+0000] {logging_mixin.py:149} INFO - [2024-03-30T06:17:36.632+0000] {dag.py:3490} INFO - Setting next_dagrun for example_branch_datetime_operator_2 to 2024-03-29T00:00:00+00:00, run_after=2024-03-30T00:00:00+00:00
[2024-03-30T06:17:36.636+0000] {logging_mixin.py:149} INFO - [2024-03-30T06:17:36.635+0000] {dag.py:3490} INFO - Setting next_dagrun for example_branch_datetime_operator_3 to 2024-03-29T00:00:00+00:00, run_after=2024-03-30T00:00:00+00:00
[2024-03-30T06:17:36.672+0000] {processor.py:179} INFO - Processing /home/airflow/.local/lib/python3.7/site-packages/airflow/example_dags/example_branch_datetime_operator.py took 0.167 seconds
[2024-03-30T06:18:06.896+0000] {processor.py:157} INFO - Started process (PID=353) to work on /home/airflow/.local/lib/python3.7/site-packages/airflow/example_dags/example_branch_datetime_operator.py
[2024-03-30T06:18:06.897+0000] {processor.py:826} INFO - Processing file /home/airflow/.local/lib/python3.7/site-packages/airflow/example_dags/example_branch_datetime_operator.py for tasks to queue
[2024-03-30T06:18:06.897+0000] {logging_mixin.py:149} INFO - [2024-03-30T06:18:06.897+0000] {dagbag.py:541} INFO - Filling up the DagBag from /home/airflow/.local/lib/python3.7/site-packages/airflow/example_dags/example_branch_datetime_operator.py
[2024-03-30T06:18:06.905+0000] {processor.py:836} INFO - DAG(s) dict_keys(['example_branch_datetime_operator_3', 'example_branch_datetime_operator_2', 'example_branch_datetime_operator']) retrieved from /home/airflow/.local/lib/python3.7/site-packages/airflow/example_dags/example_branch_datetime_operator.py
[2024-03-30T06:18:06.949+0000] {logging_mixin.py:149} INFO - [2024-03-30T06:18:06.949+0000] {dag.py:2726} INFO - Sync 3 DAGs
[2024-03-30T06:18:06.976+0000] {logging_mixin.py:149} INFO - [2024-03-30T06:18:06.976+0000] {dag.py:3490} INFO - Setting next_dagrun for example_branch_datetime_operator to 2024-03-29T00:00:00+00:00, run_after=2024-03-30T00:00:00+00:00
[2024-03-30T06:18:06.983+0000] {logging_mixin.py:149} INFO - [2024-03-30T06:18:06.983+0000] {dag.py:3490} INFO - Setting next_dagrun for example_branch_datetime_operator_2 to 2024-03-29T00:00:00+00:00, run_after=2024-03-30T00:00:00+00:00
[2024-03-30T06:18:06.986+0000] {logging_mixin.py:149} INFO - [2024-03-30T06:18:06.986+0000] {dag.py:3490} INFO - Setting next_dagrun for example_branch_datetime_operator_3 to 2024-03-29T00:00:00+00:00, run_after=2024-03-30T00:00:00+00:00
[2024-03-30T06:18:07.021+0000] {processor.py:179} INFO - Processing /home/airflow/.local/lib/python3.7/site-packages/airflow/example_dags/example_branch_datetime_operator.py took 0.128 seconds
[2024-03-30T06:18:37.668+0000] {processor.py:157} INFO - Started process (PID=414) to work on /home/airflow/.local/lib/python3.7/site-packages/airflow/example_dags/example_branch_datetime_operator.py
[2024-03-30T06:18:37.669+0000] {processor.py:826} INFO - Processing file /home/airflow/.local/lib/python3.7/site-packages/airflow/example_dags/example_branch_datetime_operator.py for tasks to queue
[2024-03-30T06:18:37.670+0000] {logging_mixin.py:149} INFO - [2024-03-30T06:18:37.669+0000] {dagbag.py:541} INFO - Filling up the DagBag from /home/airflow/.local/lib/python3.7/site-packages/airflow/example_dags/example_branch_datetime_operator.py
[2024-03-30T06:18:37.678+0000] {processor.py:836} INFO - DAG(s) dict_keys(['example_branch_datetime_operator', 'example_branch_datetime_operator_3', 'example_branch_datetime_operator_2']) retrieved from /home/airflow/.local/lib/python3.7/site-packages/airflow/example_dags/example_branch_datetime_operator.py
[2024-03-30T06:18:37.734+0000] {logging_mixin.py:149} INFO - [2024-03-30T06:18:37.734+0000] {dag.py:2726} INFO - Sync 3 DAGs
[2024-03-30T06:18:37.779+0000] {logging_mixin.py:149} INFO - [2024-03-30T06:18:37.779+0000] {dag.py:3490} INFO - Setting next_dagrun for example_branch_datetime_operator to 2024-03-29T00:00:00+00:00, run_after=2024-03-30T00:00:00+00:00
[2024-03-30T06:18:37.784+0000] {logging_mixin.py:149} INFO - [2024-03-30T06:18:37.784+0000] {dag.py:3490} INFO - Setting next_dagrun for example_branch_datetime_operator_2 to 2024-03-29T00:00:00+00:00, run_after=2024-03-30T00:00:00+00:00
[2024-03-30T06:18:37.789+0000] {logging_mixin.py:149} INFO - [2024-03-30T06:18:37.789+0000] {dag.py:3490} INFO - Setting next_dagrun for example_branch_datetime_operator_3 to 2024-03-29T00:00:00+00:00, run_after=2024-03-30T00:00:00+00:00
[2024-03-30T06:18:37.828+0000] {processor.py:179} INFO - Processing /home/airflow/.local/lib/python3.7/site-packages/airflow/example_dags/example_branch_datetime_operator.py took 0.163 seconds
[2024-03-30T06:19:07.962+0000] {processor.py:157} INFO - Started process (PID=475) to work on /home/airflow/.local/lib/python3.7/site-packages/airflow/example_dags/example_branch_datetime_operator.py
[2024-03-30T06:19:07.963+0000] {processor.py:826} INFO - Processing file /home/airflow/.local/lib/python3.7/site-packages/airflow/example_dags/example_branch_datetime_operator.py for tasks to queue
[2024-03-30T06:19:07.964+0000] {logging_mixin.py:149} INFO - [2024-03-30T06:19:07.964+0000] {dagbag.py:541} INFO - Filling up the DagBag from /home/airflow/.local/lib/python3.7/site-packages/airflow/example_dags/example_branch_datetime_operator.py
[2024-03-30T06:19:07.975+0000] {processor.py:836} INFO - DAG(s) dict_keys(['example_branch_datetime_operator_2', 'example_branch_datetime_operator', 'example_branch_datetime_operator_3']) retrieved from /home/airflow/.local/lib/python3.7/site-packages/airflow/example_dags/example_branch_datetime_operator.py
[2024-03-30T06:19:08.022+0000] {logging_mixin.py:149} INFO - [2024-03-30T06:19:08.022+0000] {dag.py:2726} INFO - Sync 3 DAGs
[2024-03-30T06:19:08.047+0000] {logging_mixin.py:149} INFO - [2024-03-30T06:19:08.047+0000] {dag.py:3490} INFO - Setting next_dagrun for example_branch_datetime_operator to 2024-03-29T00:00:00+00:00, run_after=2024-03-30T00:00:00+00:00
[2024-03-30T06:19:08.052+0000] {logging_mixin.py:149} INFO - [2024-03-30T06:19:08.052+0000] {dag.py:3490} INFO - Setting next_dagrun for example_branch_datetime_operator_2 to 2024-03-29T00:00:00+00:00, run_after=2024-03-30T00:00:00+00:00
[2024-03-30T06:19:08.055+0000] {logging_mixin.py:149} INFO - [2024-03-30T06:19:08.055+0000] {dag.py:3490} INFO - Setting next_dagrun for example_branch_datetime_operator_3 to 2024-03-29T00:00:00+00:00, run_after=2024-03-30T00:00:00+00:00
[2024-03-30T06:19:08.088+0000] {processor.py:179} INFO - Processing /home/airflow/.local/lib/python3.7/site-packages/airflow/example_dags/example_branch_datetime_operator.py took 0.129 seconds
[2024-03-30T06:19:39.086+0000] {processor.py:157} INFO - Started process (PID=534) to work on /home/airflow/.local/lib/python3.7/site-packages/airflow/example_dags/example_branch_datetime_operator.py
[2024-03-30T06:19:39.087+0000] {processor.py:826} INFO - Processing file /home/airflow/.local/lib/python3.7/site-packages/airflow/example_dags/example_branch_datetime_operator.py for tasks to queue
[2024-03-30T06:19:39.088+0000] {logging_mixin.py:149} INFO - [2024-03-30T06:19:39.088+0000] {dagbag.py:541} INFO - Filling up the DagBag from /home/airflow/.local/lib/python3.7/site-packages/airflow/example_dags/example_branch_datetime_operator.py
[2024-03-30T06:19:39.096+0000] {processor.py:836} INFO - DAG(s) dict_keys(['example_branch_datetime_operator_2', 'example_branch_datetime_operator', 'example_branch_datetime_operator_3']) retrieved from /home/airflow/.local/lib/python3.7/site-packages/airflow/example_dags/example_branch_datetime_operator.py
[2024-03-30T06:19:39.151+0000] {logging_mixin.py:149} INFO - [2024-03-30T06:19:39.150+0000] {dag.py:2726} INFO - Sync 3 DAGs
[2024-03-30T06:19:39.179+0000] {logging_mixin.py:149} INFO - [2024-03-30T06:19:39.179+0000] {dag.py:3490} INFO - Setting next_dagrun for example_branch_datetime_operator to 2024-03-29T00:00:00+00:00, run_after=2024-03-30T00:00:00+00:00
[2024-03-30T06:19:39.184+0000] {logging_mixin.py:149} INFO - [2024-03-30T06:19:39.184+0000] {dag.py:3490} INFO - Setting next_dagrun for example_branch_datetime_operator_2 to 2024-03-29T00:00:00+00:00, run_after=2024-03-30T00:00:00+00:00
[2024-03-30T06:19:39.187+0000] {logging_mixin.py:149} INFO - [2024-03-30T06:19:39.187+0000] {dag.py:3490} INFO - Setting next_dagrun for example_branch_datetime_operator_3 to 2024-03-29T00:00:00+00:00, run_after=2024-03-30T00:00:00+00:00
[2024-03-30T06:19:39.223+0000] {processor.py:179} INFO - Processing /home/airflow/.local/lib/python3.7/site-packages/airflow/example_dags/example_branch_datetime_operator.py took 0.140 seconds
[2024-03-30T06:20:10.057+0000] {processor.py:157} INFO - Started process (PID=594) to work on /home/airflow/.local/lib/python3.7/site-packages/airflow/example_dags/example_branch_datetime_operator.py
[2024-03-30T06:20:10.058+0000] {processor.py:826} INFO - Processing file /home/airflow/.local/lib/python3.7/site-packages/airflow/example_dags/example_branch_datetime_operator.py for tasks to queue
[2024-03-30T06:20:10.058+0000] {logging_mixin.py:149} INFO - [2024-03-30T06:20:10.058+0000] {dagbag.py:541} INFO - Filling up the DagBag from /home/airflow/.local/lib/python3.7/site-packages/airflow/example_dags/example_branch_datetime_operator.py
[2024-03-30T06:20:10.069+0000] {processor.py:836} INFO - DAG(s) dict_keys(['example_branch_datetime_operator_3', 'example_branch_datetime_operator_2', 'example_branch_datetime_operator']) retrieved from /home/airflow/.local/lib/python3.7/site-packages/airflow/example_dags/example_branch_datetime_operator.py
[2024-03-30T06:20:10.121+0000] {logging_mixin.py:149} INFO - [2024-03-30T06:20:10.121+0000] {dag.py:2726} INFO - Sync 3 DAGs
[2024-03-30T06:20:10.154+0000] {logging_mixin.py:149} INFO - [2024-03-30T06:20:10.154+0000] {dag.py:3490} INFO - Setting next_dagrun for example_branch_datetime_operator to 2024-03-29T00:00:00+00:00, run_after=2024-03-30T00:00:00+00:00
[2024-03-30T06:20:10.161+0000] {logging_mixin.py:149} INFO - [2024-03-30T06:20:10.160+0000] {dag.py:3490} INFO - Setting next_dagrun for example_branch_datetime_operator_2 to 2024-03-29T00:00:00+00:00, run_after=2024-03-30T00:00:00+00:00
[2024-03-30T06:20:10.164+0000] {logging_mixin.py:149} INFO - [2024-03-30T06:20:10.164+0000] {dag.py:3490} INFO - Setting next_dagrun for example_branch_datetime_operator_3 to 2024-03-29T00:00:00+00:00, run_after=2024-03-30T00:00:00+00:00
[2024-03-30T06:20:10.206+0000] {processor.py:179} INFO - Processing /home/airflow/.local/lib/python3.7/site-packages/airflow/example_dags/example_branch_datetime_operator.py took 0.151 seconds
[2024-03-30T06:20:40.625+0000] {processor.py:157} INFO - Started process (PID=656) to work on /home/airflow/.local/lib/python3.7/site-packages/airflow/example_dags/example_branch_datetime_operator.py
[2024-03-30T06:20:40.626+0000] {processor.py:826} INFO - Processing file /home/airflow/.local/lib/python3.7/site-packages/airflow/example_dags/example_branch_datetime_operator.py for tasks to queue
[2024-03-30T06:20:40.627+0000] {logging_mixin.py:149} INFO - [2024-03-30T06:20:40.627+0000] {dagbag.py:541} INFO - Filling up the DagBag from /home/airflow/.local/lib/python3.7/site-packages/airflow/example_dags/example_branch_datetime_operator.py
[2024-03-30T06:20:40.636+0000] {processor.py:836} INFO - DAG(s) dict_keys(['example_branch_datetime_operator_3', 'example_branch_datetime_operator', 'example_branch_datetime_operator_2']) retrieved from /home/airflow/.local/lib/python3.7/site-packages/airflow/example_dags/example_branch_datetime_operator.py
[2024-03-30T06:20:40.698+0000] {logging_mixin.py:149} INFO - [2024-03-30T06:20:40.698+0000] {dag.py:2726} INFO - Sync 3 DAGs
[2024-03-30T06:20:40.727+0000] {logging_mixin.py:149} INFO - [2024-03-30T06:20:40.727+0000] {dag.py:3490} INFO - Setting next_dagrun for example_branch_datetime_operator to 2024-03-29T00:00:00+00:00, run_after=2024-03-30T00:00:00+00:00
[2024-03-30T06:20:40.734+0000] {logging_mixin.py:149} INFO - [2024-03-30T06:20:40.733+0000] {dag.py:3490} INFO - Setting next_dagrun for example_branch_datetime_operator_2 to 2024-03-29T00:00:00+00:00, run_after=2024-03-30T00:00:00+00:00
[2024-03-30T06:20:40.737+0000] {logging_mixin.py:149} INFO - [2024-03-30T06:20:40.736+0000] {dag.py:3490} INFO - Setting next_dagrun for example_branch_datetime_operator_3 to 2024-03-29T00:00:00+00:00, run_after=2024-03-30T00:00:00+00:00
[2024-03-30T06:20:40.771+0000] {processor.py:179} INFO - Processing /home/airflow/.local/lib/python3.7/site-packages/airflow/example_dags/example_branch_datetime_operator.py took 0.151 seconds
[2024-03-30T06:21:11.493+0000] {processor.py:157} INFO - Started process (PID=717) to work on /home/airflow/.local/lib/python3.7/site-packages/airflow/example_dags/example_branch_datetime_operator.py
[2024-03-30T06:21:11.495+0000] {processor.py:826} INFO - Processing file /home/airflow/.local/lib/python3.7/site-packages/airflow/example_dags/example_branch_datetime_operator.py for tasks to queue
[2024-03-30T06:21:11.495+0000] {logging_mixin.py:149} INFO - [2024-03-30T06:21:11.495+0000] {dagbag.py:541} INFO - Filling up the DagBag from /home/airflow/.local/lib/python3.7/site-packages/airflow/example_dags/example_branch_datetime_operator.py
[2024-03-30T06:21:11.503+0000] {processor.py:836} INFO - DAG(s) dict_keys(['example_branch_datetime_operator', 'example_branch_datetime_operator_3', 'example_branch_datetime_operator_2']) retrieved from /home/airflow/.local/lib/python3.7/site-packages/airflow/example_dags/example_branch_datetime_operator.py
[2024-03-30T06:21:11.551+0000] {logging_mixin.py:149} INFO - [2024-03-30T06:21:11.551+0000] {dag.py:2726} INFO - Sync 3 DAGs
[2024-03-30T06:21:11.577+0000] {logging_mixin.py:149} INFO - [2024-03-30T06:21:11.577+0000] {dag.py:3490} INFO - Setting next_dagrun for example_branch_datetime_operator to 2024-03-29T00:00:00+00:00, run_after=2024-03-30T00:00:00+00:00
[2024-03-30T06:21:11.582+0000] {logging_mixin.py:149} INFO - [2024-03-30T06:21:11.582+0000] {dag.py:3490} INFO - Setting next_dagrun for example_branch_datetime_operator_2 to 2024-03-29T00:00:00+00:00, run_after=2024-03-30T00:00:00+00:00
[2024-03-30T06:21:11.585+0000] {logging_mixin.py:149} INFO - [2024-03-30T06:21:11.585+0000] {dag.py:3490} INFO - Setting next_dagrun for example_branch_datetime_operator_3 to 2024-03-29T00:00:00+00:00, run_after=2024-03-30T00:00:00+00:00
[2024-03-30T06:21:11.616+0000] {processor.py:179} INFO - Processing /home/airflow/.local/lib/python3.7/site-packages/airflow/example_dags/example_branch_datetime_operator.py took 0.126 seconds
[2024-03-30T06:21:42.541+0000] {processor.py:157} INFO - Started process (PID=778) to work on /home/airflow/.local/lib/python3.7/site-packages/airflow/example_dags/example_branch_datetime_operator.py
[2024-03-30T06:21:42.542+0000] {processor.py:826} INFO - Processing file /home/airflow/.local/lib/python3.7/site-packages/airflow/example_dags/example_branch_datetime_operator.py for tasks to queue
[2024-03-30T06:21:42.543+0000] {logging_mixin.py:149} INFO - [2024-03-30T06:21:42.543+0000] {dagbag.py:541} INFO - Filling up the DagBag from /home/airflow/.local/lib/python3.7/site-packages/airflow/example_dags/example_branch_datetime_operator.py
[2024-03-30T06:21:42.551+0000] {processor.py:836} INFO - DAG(s) dict_keys(['example_branch_datetime_operator_2', 'example_branch_datetime_operator', 'example_branch_datetime_operator_3']) retrieved from /home/airflow/.local/lib/python3.7/site-packages/airflow/example_dags/example_branch_datetime_operator.py
[2024-03-30T06:21:42.598+0000] {logging_mixin.py:149} INFO - [2024-03-30T06:21:42.598+0000] {dag.py:2726} INFO - Sync 3 DAGs
[2024-03-30T06:21:42.628+0000] {logging_mixin.py:149} INFO - [2024-03-30T06:21:42.627+0000] {dag.py:3490} INFO - Setting next_dagrun for example_branch_datetime_operator to 2024-03-29T00:00:00+00:00, run_after=2024-03-30T00:00:00+00:00
[2024-03-30T06:21:42.633+0000] {logging_mixin.py:149} INFO - [2024-03-30T06:21:42.632+0000] {dag.py:3490} INFO - Setting next_dagrun for example_branch_datetime_operator_2 to 2024-03-29T00:00:00+00:00, run_after=2024-03-30T00:00:00+00:00
[2024-03-30T06:21:42.635+0000] {logging_mixin.py:149} INFO - [2024-03-30T06:21:42.635+0000] {dag.py:3490} INFO - Setting next_dagrun for example_branch_datetime_operator_3 to 2024-03-29T00:00:00+00:00, run_after=2024-03-30T00:00:00+00:00
[2024-03-30T06:21:42.671+0000] {processor.py:179} INFO - Processing /home/airflow/.local/lib/python3.7/site-packages/airflow/example_dags/example_branch_datetime_operator.py took 0.133 seconds
[2024-03-30T06:22:13.431+0000] {processor.py:157} INFO - Started process (PID=839) to work on /home/airflow/.local/lib/python3.7/site-packages/airflow/example_dags/example_branch_datetime_operator.py
[2024-03-30T06:22:13.431+0000] {processor.py:826} INFO - Processing file /home/airflow/.local/lib/python3.7/site-packages/airflow/example_dags/example_branch_datetime_operator.py for tasks to queue
[2024-03-30T06:22:13.432+0000] {logging_mixin.py:149} INFO - [2024-03-30T06:22:13.432+0000] {dagbag.py:541} INFO - Filling up the DagBag from /home/airflow/.local/lib/python3.7/site-packages/airflow/example_dags/example_branch_datetime_operator.py
[2024-03-30T06:22:13.441+0000] {processor.py:836} INFO - DAG(s) dict_keys(['example_branch_datetime_operator_2', 'example_branch_datetime_operator', 'example_branch_datetime_operator_3']) retrieved from /home/airflow/.local/lib/python3.7/site-packages/airflow/example_dags/example_branch_datetime_operator.py
[2024-03-30T06:22:13.488+0000] {logging_mixin.py:149} INFO - [2024-03-30T06:22:13.488+0000] {dag.py:2726} INFO - Sync 3 DAGs
[2024-03-30T06:22:13.522+0000] {logging_mixin.py:149} INFO - [2024-03-30T06:22:13.522+0000] {dag.py:3490} INFO - Setting next_dagrun for example_branch_datetime_operator to 2024-03-29T00:00:00+00:00, run_after=2024-03-30T00:00:00+00:00
[2024-03-30T06:22:13.528+0000] {logging_mixin.py:149} INFO - [2024-03-30T06:22:13.528+0000] {dag.py:3490} INFO - Setting next_dagrun for example_branch_datetime_operator_2 to 2024-03-29T00:00:00+00:00, run_after=2024-03-30T00:00:00+00:00
[2024-03-30T06:22:13.532+0000] {logging_mixin.py:149} INFO - [2024-03-30T06:22:13.531+0000] {dag.py:3490} INFO - Setting next_dagrun for example_branch_datetime_operator_3 to 2024-03-29T00:00:00+00:00, run_after=2024-03-30T00:00:00+00:00
[2024-03-30T06:22:13.575+0000] {processor.py:179} INFO - Processing /home/airflow/.local/lib/python3.7/site-packages/airflow/example_dags/example_branch_datetime_operator.py took 0.147 seconds
[2024-03-30T06:22:43.935+0000] {processor.py:157} INFO - Started process (PID=900) to work on /home/airflow/.local/lib/python3.7/site-packages/airflow/example_dags/example_branch_datetime_operator.py
[2024-03-30T06:22:43.936+0000] {processor.py:826} INFO - Processing file /home/airflow/.local/lib/python3.7/site-packages/airflow/example_dags/example_branch_datetime_operator.py for tasks to queue
[2024-03-30T06:22:43.937+0000] {logging_mixin.py:149} INFO - [2024-03-30T06:22:43.937+0000] {dagbag.py:541} INFO - Filling up the DagBag from /home/airflow/.local/lib/python3.7/site-packages/airflow/example_dags/example_branch_datetime_operator.py
[2024-03-30T06:22:43.946+0000] {processor.py:836} INFO - DAG(s) dict_keys(['example_branch_datetime_operator', 'example_branch_datetime_operator_3', 'example_branch_datetime_operator_2']) retrieved from /home/airflow/.local/lib/python3.7/site-packages/airflow/example_dags/example_branch_datetime_operator.py
[2024-03-30T06:22:43.995+0000] {logging_mixin.py:149} INFO - [2024-03-30T06:22:43.995+0000] {dag.py:2726} INFO - Sync 3 DAGs
[2024-03-30T06:22:44.020+0000] {logging_mixin.py:149} INFO - [2024-03-30T06:22:44.020+0000] {dag.py:3490} INFO - Setting next_dagrun for example_branch_datetime_operator to 2024-03-29T00:00:00+00:00, run_after=2024-03-30T00:00:00+00:00
[2024-03-30T06:22:44.025+0000] {logging_mixin.py:149} INFO - [2024-03-30T06:22:44.025+0000] {dag.py:3490} INFO - Setting next_dagrun for example_branch_datetime_operator_2 to 2024-03-29T00:00:00+00:00, run_after=2024-03-30T00:00:00+00:00
[2024-03-30T06:22:44.029+0000] {logging_mixin.py:149} INFO - [2024-03-30T06:22:44.028+0000] {dag.py:3490} INFO - Setting next_dagrun for example_branch_datetime_operator_3 to 2024-03-29T00:00:00+00:00, run_after=2024-03-30T00:00:00+00:00
[2024-03-30T06:22:44.065+0000] {processor.py:179} INFO - Processing /home/airflow/.local/lib/python3.7/site-packages/airflow/example_dags/example_branch_datetime_operator.py took 0.133 seconds
[2024-03-30T06:23:14.344+0000] {processor.py:157} INFO - Started process (PID=961) to work on /home/airflow/.local/lib/python3.7/site-packages/airflow/example_dags/example_branch_datetime_operator.py
[2024-03-30T06:23:14.344+0000] {processor.py:826} INFO - Processing file /home/airflow/.local/lib/python3.7/site-packages/airflow/example_dags/example_branch_datetime_operator.py for tasks to queue
[2024-03-30T06:23:14.345+0000] {logging_mixin.py:149} INFO - [2024-03-30T06:23:14.345+0000] {dagbag.py:541} INFO - Filling up the DagBag from /home/airflow/.local/lib/python3.7/site-packages/airflow/example_dags/example_branch_datetime_operator.py
[2024-03-30T06:23:14.355+0000] {processor.py:836} INFO - DAG(s) dict_keys(['example_branch_datetime_operator_2', 'example_branch_datetime_operator_3', 'example_branch_datetime_operator']) retrieved from /home/airflow/.local/lib/python3.7/site-packages/airflow/example_dags/example_branch_datetime_operator.py
[2024-03-30T06:23:14.399+0000] {logging_mixin.py:149} INFO - [2024-03-30T06:23:14.399+0000] {dag.py:2726} INFO - Sync 3 DAGs
[2024-03-30T06:23:14.473+0000] {logging_mixin.py:149} INFO - [2024-03-30T06:23:14.472+0000] {dag.py:3490} INFO - Setting next_dagrun for example_branch_datetime_operator to 2024-03-29T00:00:00+00:00, run_after=2024-03-30T00:00:00+00:00
[2024-03-30T06:23:14.478+0000] {logging_mixin.py:149} INFO - [2024-03-30T06:23:14.478+0000] {dag.py:3490} INFO - Setting next_dagrun for example_branch_datetime_operator_2 to 2024-03-29T00:00:00+00:00, run_after=2024-03-30T00:00:00+00:00
[2024-03-30T06:23:14.481+0000] {logging_mixin.py:149} INFO - [2024-03-30T06:23:14.481+0000] {dag.py:3490} INFO - Setting next_dagrun for example_branch_datetime_operator_3 to 2024-03-29T00:00:00+00:00, run_after=2024-03-30T00:00:00+00:00
[2024-03-30T06:23:14.513+0000] {processor.py:179} INFO - Processing /home/airflow/.local/lib/python3.7/site-packages/airflow/example_dags/example_branch_datetime_operator.py took 0.172 seconds
[2024-03-30T06:23:45.597+0000] {processor.py:157} INFO - Started process (PID=1022) to work on /home/airflow/.local/lib/python3.7/site-packages/airflow/example_dags/example_branch_datetime_operator.py
[2024-03-30T06:23:45.598+0000] {processor.py:826} INFO - Processing file /home/airflow/.local/lib/python3.7/site-packages/airflow/example_dags/example_branch_datetime_operator.py for tasks to queue
[2024-03-30T06:23:45.598+0000] {logging_mixin.py:149} INFO - [2024-03-30T06:23:45.598+0000] {dagbag.py:541} INFO - Filling up the DagBag from /home/airflow/.local/lib/python3.7/site-packages/airflow/example_dags/example_branch_datetime_operator.py
[2024-03-30T06:23:45.607+0000] {processor.py:836} INFO - DAG(s) dict_keys(['example_branch_datetime_operator', 'example_branch_datetime_operator_2', 'example_branch_datetime_operator_3']) retrieved from /home/airflow/.local/lib/python3.7/site-packages/airflow/example_dags/example_branch_datetime_operator.py
[2024-03-30T06:23:45.652+0000] {logging_mixin.py:149} INFO - [2024-03-30T06:23:45.651+0000] {dag.py:2726} INFO - Sync 3 DAGs
[2024-03-30T06:23:45.723+0000] {logging_mixin.py:149} INFO - [2024-03-30T06:23:45.723+0000] {dag.py:3490} INFO - Setting next_dagrun for example_branch_datetime_operator to 2024-03-29T00:00:00+00:00, run_after=2024-03-30T00:00:00+00:00
[2024-03-30T06:23:45.728+0000] {logging_mixin.py:149} INFO - [2024-03-30T06:23:45.728+0000] {dag.py:3490} INFO - Setting next_dagrun for example_branch_datetime_operator_2 to 2024-03-29T00:00:00+00:00, run_after=2024-03-30T00:00:00+00:00
[2024-03-30T06:23:45.731+0000] {logging_mixin.py:149} INFO - [2024-03-30T06:23:45.731+0000] {dag.py:3490} INFO - Setting next_dagrun for example_branch_datetime_operator_3 to 2024-03-29T00:00:00+00:00, run_after=2024-03-30T00:00:00+00:00
[2024-03-30T06:23:45.763+0000] {processor.py:179} INFO - Processing /home/airflow/.local/lib/python3.7/site-packages/airflow/example_dags/example_branch_datetime_operator.py took 0.169 seconds
[2024-03-30T06:24:16.148+0000] {processor.py:157} INFO - Started process (PID=1083) to work on /home/airflow/.local/lib/python3.7/site-packages/airflow/example_dags/example_branch_datetime_operator.py
[2024-03-30T06:24:16.149+0000] {processor.py:826} INFO - Processing file /home/airflow/.local/lib/python3.7/site-packages/airflow/example_dags/example_branch_datetime_operator.py for tasks to queue
[2024-03-30T06:24:16.149+0000] {logging_mixin.py:149} INFO - [2024-03-30T06:24:16.149+0000] {dagbag.py:541} INFO - Filling up the DagBag from /home/airflow/.local/lib/python3.7/site-packages/airflow/example_dags/example_branch_datetime_operator.py
[2024-03-30T06:24:16.158+0000] {processor.py:836} INFO - DAG(s) dict_keys(['example_branch_datetime_operator_2', 'example_branch_datetime_operator_3', 'example_branch_datetime_operator']) retrieved from /home/airflow/.local/lib/python3.7/site-packages/airflow/example_dags/example_branch_datetime_operator.py
[2024-03-30T06:24:16.201+0000] {logging_mixin.py:149} INFO - [2024-03-30T06:24:16.201+0000] {dag.py:2726} INFO - Sync 3 DAGs
[2024-03-30T06:24:16.274+0000] {logging_mixin.py:149} INFO - [2024-03-30T06:24:16.273+0000] {dag.py:3490} INFO - Setting next_dagrun for example_branch_datetime_operator to 2024-03-29T00:00:00+00:00, run_after=2024-03-30T00:00:00+00:00
[2024-03-30T06:24:16.279+0000] {logging_mixin.py:149} INFO - [2024-03-30T06:24:16.279+0000] {dag.py:3490} INFO - Setting next_dagrun for example_branch_datetime_operator_2 to 2024-03-29T00:00:00+00:00, run_after=2024-03-30T00:00:00+00:00
[2024-03-30T06:24:16.283+0000] {logging_mixin.py:149} INFO - [2024-03-30T06:24:16.283+0000] {dag.py:3490} INFO - Setting next_dagrun for example_branch_datetime_operator_3 to 2024-03-29T00:00:00+00:00, run_after=2024-03-30T00:00:00+00:00
[2024-03-30T06:24:16.316+0000] {processor.py:179} INFO - Processing /home/airflow/.local/lib/python3.7/site-packages/airflow/example_dags/example_branch_datetime_operator.py took 0.171 seconds
[2024-03-30T06:24:46.495+0000] {processor.py:157} INFO - Started process (PID=1144) to work on /home/airflow/.local/lib/python3.7/site-packages/airflow/example_dags/example_branch_datetime_operator.py
[2024-03-30T06:24:46.496+0000] {processor.py:826} INFO - Processing file /home/airflow/.local/lib/python3.7/site-packages/airflow/example_dags/example_branch_datetime_operator.py for tasks to queue
[2024-03-30T06:24:46.497+0000] {logging_mixin.py:149} INFO - [2024-03-30T06:24:46.497+0000] {dagbag.py:541} INFO - Filling up the DagBag from /home/airflow/.local/lib/python3.7/site-packages/airflow/example_dags/example_branch_datetime_operator.py
[2024-03-30T06:24:46.507+0000] {processor.py:836} INFO - DAG(s) dict_keys(['example_branch_datetime_operator_3', 'example_branch_datetime_operator_2', 'example_branch_datetime_operator']) retrieved from /home/airflow/.local/lib/python3.7/site-packages/airflow/example_dags/example_branch_datetime_operator.py
[2024-03-30T06:24:46.552+0000] {logging_mixin.py:149} INFO - [2024-03-30T06:24:46.552+0000] {dag.py:2726} INFO - Sync 3 DAGs
[2024-03-30T06:24:46.582+0000] {logging_mixin.py:149} INFO - [2024-03-30T06:24:46.582+0000] {dag.py:3490} INFO - Setting next_dagrun for example_branch_datetime_operator to 2024-03-29T00:00:00+00:00, run_after=2024-03-30T00:00:00+00:00
[2024-03-30T06:24:46.588+0000] {logging_mixin.py:149} INFO - [2024-03-30T06:24:46.588+0000] {dag.py:3490} INFO - Setting next_dagrun for example_branch_datetime_operator_2 to 2024-03-29T00:00:00+00:00, run_after=2024-03-30T00:00:00+00:00
[2024-03-30T06:24:46.592+0000] {logging_mixin.py:149} INFO - [2024-03-30T06:24:46.592+0000] {dag.py:3490} INFO - Setting next_dagrun for example_branch_datetime_operator_3 to 2024-03-29T00:00:00+00:00, run_after=2024-03-30T00:00:00+00:00
[2024-03-30T06:24:46.636+0000] {processor.py:179} INFO - Processing /home/airflow/.local/lib/python3.7/site-packages/airflow/example_dags/example_branch_datetime_operator.py took 0.145 seconds
[2024-03-30T06:25:16.989+0000] {processor.py:157} INFO - Started process (PID=1205) to work on /home/airflow/.local/lib/python3.7/site-packages/airflow/example_dags/example_branch_datetime_operator.py
[2024-03-30T06:25:16.989+0000] {processor.py:826} INFO - Processing file /home/airflow/.local/lib/python3.7/site-packages/airflow/example_dags/example_branch_datetime_operator.py for tasks to queue
[2024-03-30T06:25:16.990+0000] {logging_mixin.py:149} INFO - [2024-03-30T06:25:16.990+0000] {dagbag.py:541} INFO - Filling up the DagBag from /home/airflow/.local/lib/python3.7/site-packages/airflow/example_dags/example_branch_datetime_operator.py
[2024-03-30T06:25:16.997+0000] {processor.py:836} INFO - DAG(s) dict_keys(['example_branch_datetime_operator_3', 'example_branch_datetime_operator_2', 'example_branch_datetime_operator']) retrieved from /home/airflow/.local/lib/python3.7/site-packages/airflow/example_dags/example_branch_datetime_operator.py
[2024-03-30T06:25:17.042+0000] {logging_mixin.py:149} INFO - [2024-03-30T06:25:17.042+0000] {dag.py:2726} INFO - Sync 3 DAGs
[2024-03-30T06:25:17.067+0000] {logging_mixin.py:149} INFO - [2024-03-30T06:25:17.067+0000] {dag.py:3490} INFO - Setting next_dagrun for example_branch_datetime_operator to 2024-03-29T00:00:00+00:00, run_after=2024-03-30T00:00:00+00:00
[2024-03-30T06:25:17.072+0000] {logging_mixin.py:149} INFO - [2024-03-30T06:25:17.072+0000] {dag.py:3490} INFO - Setting next_dagrun for example_branch_datetime_operator_2 to 2024-03-29T00:00:00+00:00, run_after=2024-03-30T00:00:00+00:00
[2024-03-30T06:25:17.074+0000] {logging_mixin.py:149} INFO - [2024-03-30T06:25:17.074+0000] {dag.py:3490} INFO - Setting next_dagrun for example_branch_datetime_operator_3 to 2024-03-29T00:00:00+00:00, run_after=2024-03-30T00:00:00+00:00
[2024-03-30T06:25:17.107+0000] {processor.py:179} INFO - Processing /home/airflow/.local/lib/python3.7/site-packages/airflow/example_dags/example_branch_datetime_operator.py took 0.121 seconds
[2024-03-30T06:25:47.328+0000] {processor.py:157} INFO - Started process (PID=1266) to work on /home/airflow/.local/lib/python3.7/site-packages/airflow/example_dags/example_branch_datetime_operator.py
[2024-03-30T06:25:47.329+0000] {processor.py:826} INFO - Processing file /home/airflow/.local/lib/python3.7/site-packages/airflow/example_dags/example_branch_datetime_operator.py for tasks to queue
[2024-03-30T06:25:47.330+0000] {logging_mixin.py:149} INFO - [2024-03-30T06:25:47.330+0000] {dagbag.py:541} INFO - Filling up the DagBag from /home/airflow/.local/lib/python3.7/site-packages/airflow/example_dags/example_branch_datetime_operator.py
[2024-03-30T06:25:47.340+0000] {processor.py:836} INFO - DAG(s) dict_keys(['example_branch_datetime_operator', 'example_branch_datetime_operator_2', 'example_branch_datetime_operator_3']) retrieved from /home/airflow/.local/lib/python3.7/site-packages/airflow/example_dags/example_branch_datetime_operator.py
[2024-03-30T06:25:47.389+0000] {logging_mixin.py:149} INFO - [2024-03-30T06:25:47.389+0000] {dag.py:2726} INFO - Sync 3 DAGs
[2024-03-30T06:25:47.416+0000] {logging_mixin.py:149} INFO - [2024-03-30T06:25:47.416+0000] {dag.py:3490} INFO - Setting next_dagrun for example_branch_datetime_operator to 2024-03-29T00:00:00+00:00, run_after=2024-03-30T00:00:00+00:00
[2024-03-30T06:25:47.421+0000] {logging_mixin.py:149} INFO - [2024-03-30T06:25:47.421+0000] {dag.py:3490} INFO - Setting next_dagrun for example_branch_datetime_operator_2 to 2024-03-29T00:00:00+00:00, run_after=2024-03-30T00:00:00+00:00
[2024-03-30T06:25:47.425+0000] {logging_mixin.py:149} INFO - [2024-03-30T06:25:47.425+0000] {dag.py:3490} INFO - Setting next_dagrun for example_branch_datetime_operator_3 to 2024-03-29T00:00:00+00:00, run_after=2024-03-30T00:00:00+00:00
[2024-03-30T06:25:47.461+0000] {processor.py:179} INFO - Processing /home/airflow/.local/lib/python3.7/site-packages/airflow/example_dags/example_branch_datetime_operator.py took 0.136 seconds
[2024-03-30T06:26:18.044+0000] {processor.py:157} INFO - Started process (PID=1327) to work on /home/airflow/.local/lib/python3.7/site-packages/airflow/example_dags/example_branch_datetime_operator.py
[2024-03-30T06:26:18.045+0000] {processor.py:826} INFO - Processing file /home/airflow/.local/lib/python3.7/site-packages/airflow/example_dags/example_branch_datetime_operator.py for tasks to queue
[2024-03-30T06:26:18.046+0000] {logging_mixin.py:149} INFO - [2024-03-30T06:26:18.046+0000] {dagbag.py:541} INFO - Filling up the DagBag from /home/airflow/.local/lib/python3.7/site-packages/airflow/example_dags/example_branch_datetime_operator.py
[2024-03-30T06:26:18.054+0000] {processor.py:836} INFO - DAG(s) dict_keys(['example_branch_datetime_operator_2', 'example_branch_datetime_operator_3', 'example_branch_datetime_operator']) retrieved from /home/airflow/.local/lib/python3.7/site-packages/airflow/example_dags/example_branch_datetime_operator.py
[2024-03-30T06:26:18.100+0000] {logging_mixin.py:149} INFO - [2024-03-30T06:26:18.100+0000] {dag.py:2726} INFO - Sync 3 DAGs
[2024-03-30T06:26:18.129+0000] {logging_mixin.py:149} INFO - [2024-03-30T06:26:18.129+0000] {dag.py:3490} INFO - Setting next_dagrun for example_branch_datetime_operator to 2024-03-29T00:00:00+00:00, run_after=2024-03-30T00:00:00+00:00
[2024-03-30T06:26:18.134+0000] {logging_mixin.py:149} INFO - [2024-03-30T06:26:18.134+0000] {dag.py:3490} INFO - Setting next_dagrun for example_branch_datetime_operator_2 to 2024-03-29T00:00:00+00:00, run_after=2024-03-30T00:00:00+00:00
[2024-03-30T06:26:18.137+0000] {logging_mixin.py:149} INFO - [2024-03-30T06:26:18.137+0000] {dag.py:3490} INFO - Setting next_dagrun for example_branch_datetime_operator_3 to 2024-03-29T00:00:00+00:00, run_after=2024-03-30T00:00:00+00:00
[2024-03-30T06:26:18.176+0000] {processor.py:179} INFO - Processing /home/airflow/.local/lib/python3.7/site-packages/airflow/example_dags/example_branch_datetime_operator.py took 0.134 seconds
[2024-03-30T06:26:49.124+0000] {processor.py:157} INFO - Started process (PID=1389) to work on /home/airflow/.local/lib/python3.7/site-packages/airflow/example_dags/example_branch_datetime_operator.py
[2024-03-30T06:26:49.125+0000] {processor.py:826} INFO - Processing file /home/airflow/.local/lib/python3.7/site-packages/airflow/example_dags/example_branch_datetime_operator.py for tasks to queue
[2024-03-30T06:26:49.126+0000] {logging_mixin.py:149} INFO - [2024-03-30T06:26:49.126+0000] {dagbag.py:541} INFO - Filling up the DagBag from /home/airflow/.local/lib/python3.7/site-packages/airflow/example_dags/example_branch_datetime_operator.py
[2024-03-30T06:26:49.134+0000] {processor.py:836} INFO - DAG(s) dict_keys(['example_branch_datetime_operator_3', 'example_branch_datetime_operator', 'example_branch_datetime_operator_2']) retrieved from /home/airflow/.local/lib/python3.7/site-packages/airflow/example_dags/example_branch_datetime_operator.py
[2024-03-30T06:26:49.192+0000] {logging_mixin.py:149} INFO - [2024-03-30T06:26:49.191+0000] {dag.py:2726} INFO - Sync 3 DAGs
[2024-03-30T06:26:49.225+0000] {logging_mixin.py:149} INFO - [2024-03-30T06:26:49.225+0000] {dag.py:3490} INFO - Setting next_dagrun for example_branch_datetime_operator to 2024-03-29T00:00:00+00:00, run_after=2024-03-30T00:00:00+00:00
[2024-03-30T06:26:49.230+0000] {logging_mixin.py:149} INFO - [2024-03-30T06:26:49.230+0000] {dag.py:3490} INFO - Setting next_dagrun for example_branch_datetime_operator_2 to 2024-03-29T00:00:00+00:00, run_after=2024-03-30T00:00:00+00:00
[2024-03-30T06:26:49.234+0000] {logging_mixin.py:149} INFO - [2024-03-30T06:26:49.233+0000] {dag.py:3490} INFO - Setting next_dagrun for example_branch_datetime_operator_3 to 2024-03-29T00:00:00+00:00, run_after=2024-03-30T00:00:00+00:00
[2024-03-30T06:26:49.267+0000] {processor.py:179} INFO - Processing /home/airflow/.local/lib/python3.7/site-packages/airflow/example_dags/example_branch_datetime_operator.py took 0.146 seconds
[2024-03-30T06:27:19.550+0000] {processor.py:157} INFO - Started process (PID=1450) to work on /home/airflow/.local/lib/python3.7/site-packages/airflow/example_dags/example_branch_datetime_operator.py
[2024-03-30T06:27:19.550+0000] {processor.py:826} INFO - Processing file /home/airflow/.local/lib/python3.7/site-packages/airflow/example_dags/example_branch_datetime_operator.py for tasks to queue
[2024-03-30T06:27:19.551+0000] {logging_mixin.py:149} INFO - [2024-03-30T06:27:19.551+0000] {dagbag.py:541} INFO - Filling up the DagBag from /home/airflow/.local/lib/python3.7/site-packages/airflow/example_dags/example_branch_datetime_operator.py
[2024-03-30T06:27:19.560+0000] {processor.py:836} INFO - DAG(s) dict_keys(['example_branch_datetime_operator', 'example_branch_datetime_operator_3', 'example_branch_datetime_operator_2']) retrieved from /home/airflow/.local/lib/python3.7/site-packages/airflow/example_dags/example_branch_datetime_operator.py
[2024-03-30T06:27:19.626+0000] {logging_mixin.py:149} INFO - [2024-03-30T06:27:19.626+0000] {dag.py:2726} INFO - Sync 3 DAGs
[2024-03-30T06:27:19.655+0000] {logging_mixin.py:149} INFO - [2024-03-30T06:27:19.654+0000] {dag.py:3490} INFO - Setting next_dagrun for example_branch_datetime_operator to 2024-03-29T00:00:00+00:00, run_after=2024-03-30T00:00:00+00:00
[2024-03-30T06:27:19.660+0000] {logging_mixin.py:149} INFO - [2024-03-30T06:27:19.659+0000] {dag.py:3490} INFO - Setting next_dagrun for example_branch_datetime_operator_2 to 2024-03-29T00:00:00+00:00, run_after=2024-03-30T00:00:00+00:00
[2024-03-30T06:27:19.663+0000] {logging_mixin.py:149} INFO - [2024-03-30T06:27:19.662+0000] {dag.py:3490} INFO - Setting next_dagrun for example_branch_datetime_operator_3 to 2024-03-29T00:00:00+00:00, run_after=2024-03-30T00:00:00+00:00
[2024-03-30T06:27:19.698+0000] {processor.py:179} INFO - Processing /home/airflow/.local/lib/python3.7/site-packages/airflow/example_dags/example_branch_datetime_operator.py took 0.151 seconds
[2024-03-30T06:27:50.158+0000] {processor.py:157} INFO - Started process (PID=1512) to work on /home/airflow/.local/lib/python3.7/site-packages/airflow/example_dags/example_branch_datetime_operator.py
[2024-03-30T06:27:50.159+0000] {processor.py:826} INFO - Processing file /home/airflow/.local/lib/python3.7/site-packages/airflow/example_dags/example_branch_datetime_operator.py for tasks to queue
[2024-03-30T06:27:50.160+0000] {logging_mixin.py:149} INFO - [2024-03-30T06:27:50.160+0000] {dagbag.py:541} INFO - Filling up the DagBag from /home/airflow/.local/lib/python3.7/site-packages/airflow/example_dags/example_branch_datetime_operator.py
[2024-03-30T06:27:50.171+0000] {processor.py:836} INFO - DAG(s) dict_keys(['example_branch_datetime_operator_2', 'example_branch_datetime_operator_3', 'example_branch_datetime_operator']) retrieved from /home/airflow/.local/lib/python3.7/site-packages/airflow/example_dags/example_branch_datetime_operator.py
[2024-03-30T06:27:50.254+0000] {logging_mixin.py:149} INFO - [2024-03-30T06:27:50.254+0000] {dag.py:2726} INFO - Sync 3 DAGs
[2024-03-30T06:27:50.282+0000] {logging_mixin.py:149} INFO - [2024-03-30T06:27:50.282+0000] {dag.py:3490} INFO - Setting next_dagrun for example_branch_datetime_operator to 2024-03-29T00:00:00+00:00, run_after=2024-03-30T00:00:00+00:00
[2024-03-30T06:27:50.288+0000] {logging_mixin.py:149} INFO - [2024-03-30T06:27:50.288+0000] {dag.py:3490} INFO - Setting next_dagrun for example_branch_datetime_operator_2 to 2024-03-29T00:00:00+00:00, run_after=2024-03-30T00:00:00+00:00
[2024-03-30T06:27:50.292+0000] {logging_mixin.py:149} INFO - [2024-03-30T06:27:50.292+0000] {dag.py:3490} INFO - Setting next_dagrun for example_branch_datetime_operator_3 to 2024-03-29T00:00:00+00:00, run_after=2024-03-30T00:00:00+00:00
[2024-03-30T06:27:50.327+0000] {processor.py:179} INFO - Processing /home/airflow/.local/lib/python3.7/site-packages/airflow/example_dags/example_branch_datetime_operator.py took 0.171 seconds
[2024-03-30T06:28:21.268+0000] {processor.py:157} INFO - Started process (PID=1573) to work on /home/airflow/.local/lib/python3.7/site-packages/airflow/example_dags/example_branch_datetime_operator.py
[2024-03-30T06:28:21.269+0000] {processor.py:826} INFO - Processing file /home/airflow/.local/lib/python3.7/site-packages/airflow/example_dags/example_branch_datetime_operator.py for tasks to queue
[2024-03-30T06:28:21.269+0000] {logging_mixin.py:149} INFO - [2024-03-30T06:28:21.269+0000] {dagbag.py:541} INFO - Filling up the DagBag from /home/airflow/.local/lib/python3.7/site-packages/airflow/example_dags/example_branch_datetime_operator.py
[2024-03-30T06:28:21.279+0000] {processor.py:836} INFO - DAG(s) dict_keys(['example_branch_datetime_operator', 'example_branch_datetime_operator_2', 'example_branch_datetime_operator_3']) retrieved from /home/airflow/.local/lib/python3.7/site-packages/airflow/example_dags/example_branch_datetime_operator.py
[2024-03-30T06:28:21.327+0000] {logging_mixin.py:149} INFO - [2024-03-30T06:28:21.327+0000] {dag.py:2726} INFO - Sync 3 DAGs
[2024-03-30T06:28:21.354+0000] {logging_mixin.py:149} INFO - [2024-03-30T06:28:21.353+0000] {dag.py:3490} INFO - Setting next_dagrun for example_branch_datetime_operator to 2024-03-29T00:00:00+00:00, run_after=2024-03-30T00:00:00+00:00
[2024-03-30T06:28:21.359+0000] {logging_mixin.py:149} INFO - [2024-03-30T06:28:21.359+0000] {dag.py:3490} INFO - Setting next_dagrun for example_branch_datetime_operator_2 to 2024-03-29T00:00:00+00:00, run_after=2024-03-30T00:00:00+00:00
[2024-03-30T06:28:21.363+0000] {logging_mixin.py:149} INFO - [2024-03-30T06:28:21.363+0000] {dag.py:3490} INFO - Setting next_dagrun for example_branch_datetime_operator_3 to 2024-03-29T00:00:00+00:00, run_after=2024-03-30T00:00:00+00:00
[2024-03-30T06:28:21.398+0000] {processor.py:179} INFO - Processing /home/airflow/.local/lib/python3.7/site-packages/airflow/example_dags/example_branch_datetime_operator.py took 0.133 seconds
[2024-03-30T06:28:51.936+0000] {processor.py:157} INFO - Started process (PID=1634) to work on /home/airflow/.local/lib/python3.7/site-packages/airflow/example_dags/example_branch_datetime_operator.py
[2024-03-30T06:28:51.937+0000] {processor.py:826} INFO - Processing file /home/airflow/.local/lib/python3.7/site-packages/airflow/example_dags/example_branch_datetime_operator.py for tasks to queue
[2024-03-30T06:28:51.938+0000] {logging_mixin.py:149} INFO - [2024-03-30T06:28:51.938+0000] {dagbag.py:541} INFO - Filling up the DagBag from /home/airflow/.local/lib/python3.7/site-packages/airflow/example_dags/example_branch_datetime_operator.py
[2024-03-30T06:28:51.947+0000] {processor.py:836} INFO - DAG(s) dict_keys(['example_branch_datetime_operator_2', 'example_branch_datetime_operator_3', 'example_branch_datetime_operator']) retrieved from /home/airflow/.local/lib/python3.7/site-packages/airflow/example_dags/example_branch_datetime_operator.py
[2024-03-30T06:28:51.994+0000] {logging_mixin.py:149} INFO - [2024-03-30T06:28:51.994+0000] {dag.py:2726} INFO - Sync 3 DAGs
[2024-03-30T06:28:52.062+0000] {logging_mixin.py:149} INFO - [2024-03-30T06:28:52.062+0000] {dag.py:3490} INFO - Setting next_dagrun for example_branch_datetime_operator to 2024-03-29T00:00:00+00:00, run_after=2024-03-30T00:00:00+00:00
[2024-03-30T06:28:52.067+0000] {logging_mixin.py:149} INFO - [2024-03-30T06:28:52.067+0000] {dag.py:3490} INFO - Setting next_dagrun for example_branch_datetime_operator_2 to 2024-03-29T00:00:00+00:00, run_after=2024-03-30T00:00:00+00:00
[2024-03-30T06:28:52.070+0000] {logging_mixin.py:149} INFO - [2024-03-30T06:28:52.070+0000] {dag.py:3490} INFO - Setting next_dagrun for example_branch_datetime_operator_3 to 2024-03-29T00:00:00+00:00, run_after=2024-03-30T00:00:00+00:00
[2024-03-30T06:28:52.110+0000] {processor.py:179} INFO - Processing /home/airflow/.local/lib/python3.7/site-packages/airflow/example_dags/example_branch_datetime_operator.py took 0.177 seconds
[2024-03-30T06:29:22.417+0000] {processor.py:157} INFO - Started process (PID=1695) to work on /home/airflow/.local/lib/python3.7/site-packages/airflow/example_dags/example_branch_datetime_operator.py
[2024-03-30T06:29:22.418+0000] {processor.py:826} INFO - Processing file /home/airflow/.local/lib/python3.7/site-packages/airflow/example_dags/example_branch_datetime_operator.py for tasks to queue
[2024-03-30T06:29:22.419+0000] {logging_mixin.py:149} INFO - [2024-03-30T06:29:22.418+0000] {dagbag.py:541} INFO - Filling up the DagBag from /home/airflow/.local/lib/python3.7/site-packages/airflow/example_dags/example_branch_datetime_operator.py
[2024-03-30T06:29:22.427+0000] {processor.py:836} INFO - DAG(s) dict_keys(['example_branch_datetime_operator_3', 'example_branch_datetime_operator_2', 'example_branch_datetime_operator']) retrieved from /home/airflow/.local/lib/python3.7/site-packages/airflow/example_dags/example_branch_datetime_operator.py
[2024-03-30T06:29:22.475+0000] {logging_mixin.py:149} INFO - [2024-03-30T06:29:22.474+0000] {dag.py:2726} INFO - Sync 3 DAGs
[2024-03-30T06:29:22.501+0000] {logging_mixin.py:149} INFO - [2024-03-30T06:29:22.500+0000] {dag.py:3490} INFO - Setting next_dagrun for example_branch_datetime_operator to 2024-03-29T00:00:00+00:00, run_after=2024-03-30T00:00:00+00:00
[2024-03-30T06:29:22.506+0000] {logging_mixin.py:149} INFO - [2024-03-30T06:29:22.506+0000] {dag.py:3490} INFO - Setting next_dagrun for example_branch_datetime_operator_2 to 2024-03-29T00:00:00+00:00, run_after=2024-03-30T00:00:00+00:00
[2024-03-30T06:29:22.510+0000] {logging_mixin.py:149} INFO - [2024-03-30T06:29:22.509+0000] {dag.py:3490} INFO - Setting next_dagrun for example_branch_datetime_operator_3 to 2024-03-29T00:00:00+00:00, run_after=2024-03-30T00:00:00+00:00
[2024-03-30T06:29:22.543+0000] {processor.py:179} INFO - Processing /home/airflow/.local/lib/python3.7/site-packages/airflow/example_dags/example_branch_datetime_operator.py took 0.129 seconds
[2024-03-30T06:29:52.827+0000] {processor.py:157} INFO - Started process (PID=1756) to work on /home/airflow/.local/lib/python3.7/site-packages/airflow/example_dags/example_branch_datetime_operator.py
[2024-03-30T06:29:52.828+0000] {processor.py:826} INFO - Processing file /home/airflow/.local/lib/python3.7/site-packages/airflow/example_dags/example_branch_datetime_operator.py for tasks to queue
[2024-03-30T06:29:52.828+0000] {logging_mixin.py:149} INFO - [2024-03-30T06:29:52.828+0000] {dagbag.py:541} INFO - Filling up the DagBag from /home/airflow/.local/lib/python3.7/site-packages/airflow/example_dags/example_branch_datetime_operator.py
[2024-03-30T06:29:52.836+0000] {processor.py:836} INFO - DAG(s) dict_keys(['example_branch_datetime_operator_3', 'example_branch_datetime_operator', 'example_branch_datetime_operator_2']) retrieved from /home/airflow/.local/lib/python3.7/site-packages/airflow/example_dags/example_branch_datetime_operator.py
[2024-03-30T06:29:52.890+0000] {logging_mixin.py:149} INFO - [2024-03-30T06:29:52.890+0000] {dag.py:2726} INFO - Sync 3 DAGs
[2024-03-30T06:29:52.924+0000] {logging_mixin.py:149} INFO - [2024-03-30T06:29:52.924+0000] {dag.py:3490} INFO - Setting next_dagrun for example_branch_datetime_operator to 2024-03-29T00:00:00+00:00, run_after=2024-03-30T00:00:00+00:00
[2024-03-30T06:29:52.933+0000] {logging_mixin.py:149} INFO - [2024-03-30T06:29:52.933+0000] {dag.py:3490} INFO - Setting next_dagrun for example_branch_datetime_operator_2 to 2024-03-29T00:00:00+00:00, run_after=2024-03-30T00:00:00+00:00
[2024-03-30T06:29:52.939+0000] {logging_mixin.py:149} INFO - [2024-03-30T06:29:52.938+0000] {dag.py:3490} INFO - Setting next_dagrun for example_branch_datetime_operator_3 to 2024-03-29T00:00:00+00:00, run_after=2024-03-30T00:00:00+00:00
[2024-03-30T06:29:52.986+0000] {processor.py:179} INFO - Processing /home/airflow/.local/lib/python3.7/site-packages/airflow/example_dags/example_branch_datetime_operator.py took 0.162 seconds
[2024-03-30T06:30:23.427+0000] {processor.py:157} INFO - Started process (PID=1817) to work on /home/airflow/.local/lib/python3.7/site-packages/airflow/example_dags/example_branch_datetime_operator.py
[2024-03-30T06:30:23.427+0000] {processor.py:826} INFO - Processing file /home/airflow/.local/lib/python3.7/site-packages/airflow/example_dags/example_branch_datetime_operator.py for tasks to queue
[2024-03-30T06:30:23.428+0000] {logging_mixin.py:149} INFO - [2024-03-30T06:30:23.428+0000] {dagbag.py:541} INFO - Filling up the DagBag from /home/airflow/.local/lib/python3.7/site-packages/airflow/example_dags/example_branch_datetime_operator.py
[2024-03-30T06:30:23.438+0000] {processor.py:836} INFO - DAG(s) dict_keys(['example_branch_datetime_operator_2', 'example_branch_datetime_operator', 'example_branch_datetime_operator_3']) retrieved from /home/airflow/.local/lib/python3.7/site-packages/airflow/example_dags/example_branch_datetime_operator.py
[2024-03-30T06:30:23.485+0000] {logging_mixin.py:149} INFO - [2024-03-30T06:30:23.485+0000] {dag.py:2726} INFO - Sync 3 DAGs
[2024-03-30T06:30:23.514+0000] {logging_mixin.py:149} INFO - [2024-03-30T06:30:23.514+0000] {dag.py:3490} INFO - Setting next_dagrun for example_branch_datetime_operator to 2024-03-29T00:00:00+00:00, run_after=2024-03-30T00:00:00+00:00
[2024-03-30T06:30:23.519+0000] {logging_mixin.py:149} INFO - [2024-03-30T06:30:23.519+0000] {dag.py:3490} INFO - Setting next_dagrun for example_branch_datetime_operator_2 to 2024-03-29T00:00:00+00:00, run_after=2024-03-30T00:00:00+00:00
[2024-03-30T06:30:23.522+0000] {logging_mixin.py:149} INFO - [2024-03-30T06:30:23.522+0000] {dag.py:3490} INFO - Setting next_dagrun for example_branch_datetime_operator_3 to 2024-03-29T00:00:00+00:00, run_after=2024-03-30T00:00:00+00:00
[2024-03-30T06:30:23.555+0000] {processor.py:179} INFO - Processing /home/airflow/.local/lib/python3.7/site-packages/airflow/example_dags/example_branch_datetime_operator.py took 0.131 seconds
[2024-03-30T06:30:53.989+0000] {processor.py:157} INFO - Started process (PID=1878) to work on /home/airflow/.local/lib/python3.7/site-packages/airflow/example_dags/example_branch_datetime_operator.py
[2024-03-30T06:30:53.990+0000] {processor.py:826} INFO - Processing file /home/airflow/.local/lib/python3.7/site-packages/airflow/example_dags/example_branch_datetime_operator.py for tasks to queue
[2024-03-30T06:30:53.990+0000] {logging_mixin.py:149} INFO - [2024-03-30T06:30:53.990+0000] {dagbag.py:541} INFO - Filling up the DagBag from /home/airflow/.local/lib/python3.7/site-packages/airflow/example_dags/example_branch_datetime_operator.py
[2024-03-30T06:30:53.998+0000] {processor.py:836} INFO - DAG(s) dict_keys(['example_branch_datetime_operator_2', 'example_branch_datetime_operator_3', 'example_branch_datetime_operator']) retrieved from /home/airflow/.local/lib/python3.7/site-packages/airflow/example_dags/example_branch_datetime_operator.py
[2024-03-30T06:30:54.046+0000] {logging_mixin.py:149} INFO - [2024-03-30T06:30:54.046+0000] {dag.py:2726} INFO - Sync 3 DAGs
[2024-03-30T06:30:54.074+0000] {logging_mixin.py:149} INFO - [2024-03-30T06:30:54.074+0000] {dag.py:3490} INFO - Setting next_dagrun for example_branch_datetime_operator to 2024-03-29T00:00:00+00:00, run_after=2024-03-30T00:00:00+00:00
[2024-03-30T06:30:54.080+0000] {logging_mixin.py:149} INFO - [2024-03-30T06:30:54.080+0000] {dag.py:3490} INFO - Setting next_dagrun for example_branch_datetime_operator_2 to 2024-03-29T00:00:00+00:00, run_after=2024-03-30T00:00:00+00:00
[2024-03-30T06:30:54.083+0000] {logging_mixin.py:149} INFO - [2024-03-30T06:30:54.083+0000] {dag.py:3490} INFO - Setting next_dagrun for example_branch_datetime_operator_3 to 2024-03-29T00:00:00+00:00, run_after=2024-03-30T00:00:00+00:00
[2024-03-30T06:30:54.119+0000] {processor.py:179} INFO - Processing /home/airflow/.local/lib/python3.7/site-packages/airflow/example_dags/example_branch_datetime_operator.py took 0.134 seconds
[2024-03-30T06:31:25.019+0000] {processor.py:157} INFO - Started process (PID=1946) to work on /home/airflow/.local/lib/python3.7/site-packages/airflow/example_dags/example_branch_datetime_operator.py
[2024-03-30T06:31:25.020+0000] {processor.py:826} INFO - Processing file /home/airflow/.local/lib/python3.7/site-packages/airflow/example_dags/example_branch_datetime_operator.py for tasks to queue
[2024-03-30T06:31:25.020+0000] {logging_mixin.py:149} INFO - [2024-03-30T06:31:25.020+0000] {dagbag.py:541} INFO - Filling up the DagBag from /home/airflow/.local/lib/python3.7/site-packages/airflow/example_dags/example_branch_datetime_operator.py
[2024-03-30T06:31:25.029+0000] {processor.py:836} INFO - DAG(s) dict_keys(['example_branch_datetime_operator_3', 'example_branch_datetime_operator_2', 'example_branch_datetime_operator']) retrieved from /home/airflow/.local/lib/python3.7/site-packages/airflow/example_dags/example_branch_datetime_operator.py
[2024-03-30T06:31:25.081+0000] {logging_mixin.py:149} INFO - [2024-03-30T06:31:25.081+0000] {dag.py:2726} INFO - Sync 3 DAGs
[2024-03-30T06:31:25.111+0000] {logging_mixin.py:149} INFO - [2024-03-30T06:31:25.111+0000] {dag.py:3490} INFO - Setting next_dagrun for example_branch_datetime_operator to 2024-03-29T00:00:00+00:00, run_after=2024-03-30T00:00:00+00:00
[2024-03-30T06:31:25.116+0000] {logging_mixin.py:149} INFO - [2024-03-30T06:31:25.116+0000] {dag.py:3490} INFO - Setting next_dagrun for example_branch_datetime_operator_2 to 2024-03-29T00:00:00+00:00, run_after=2024-03-30T00:00:00+00:00
[2024-03-30T06:31:25.119+0000] {logging_mixin.py:149} INFO - [2024-03-30T06:31:25.119+0000] {dag.py:3490} INFO - Setting next_dagrun for example_branch_datetime_operator_3 to 2024-03-29T00:00:00+00:00, run_after=2024-03-30T00:00:00+00:00
[2024-03-30T06:31:25.153+0000] {processor.py:179} INFO - Processing /home/airflow/.local/lib/python3.7/site-packages/airflow/example_dags/example_branch_datetime_operator.py took 0.137 seconds
[2024-03-30T08:20:56.468+0000] {processor.py:157} INFO - Started process (PID=54) to work on /home/airflow/.local/lib/python3.7/site-packages/airflow/example_dags/example_branch_datetime_operator.py
[2024-03-30T08:20:56.469+0000] {processor.py:826} INFO - Processing file /home/airflow/.local/lib/python3.7/site-packages/airflow/example_dags/example_branch_datetime_operator.py for tasks to queue
[2024-03-30T08:20:56.470+0000] {logging_mixin.py:149} INFO - [2024-03-30T08:20:56.470+0000] {dagbag.py:541} INFO - Filling up the DagBag from /home/airflow/.local/lib/python3.7/site-packages/airflow/example_dags/example_branch_datetime_operator.py
[2024-03-30T08:20:56.489+0000] {processor.py:836} INFO - DAG(s) dict_keys(['example_branch_datetime_operator_3', 'example_branch_datetime_operator', 'example_branch_datetime_operator_2']) retrieved from /home/airflow/.local/lib/python3.7/site-packages/airflow/example_dags/example_branch_datetime_operator.py
[2024-03-30T08:20:56.568+0000] {logging_mixin.py:149} INFO - [2024-03-30T08:20:56.567+0000] {dag.py:2726} INFO - Sync 3 DAGs
[2024-03-30T08:20:56.610+0000] {logging_mixin.py:149} INFO - [2024-03-30T08:20:56.610+0000] {dag.py:3490} INFO - Setting next_dagrun for example_branch_datetime_operator to 2024-03-29T00:00:00+00:00, run_after=2024-03-30T00:00:00+00:00
[2024-03-30T08:20:56.619+0000] {logging_mixin.py:149} INFO - [2024-03-30T08:20:56.618+0000] {dag.py:3490} INFO - Setting next_dagrun for example_branch_datetime_operator_2 to 2024-03-29T00:00:00+00:00, run_after=2024-03-30T00:00:00+00:00
[2024-03-30T08:20:56.627+0000] {logging_mixin.py:149} INFO - [2024-03-30T08:20:56.627+0000] {dag.py:3490} INFO - Setting next_dagrun for example_branch_datetime_operator_3 to 2024-03-29T00:00:00+00:00, run_after=2024-03-30T00:00:00+00:00
[2024-03-30T08:20:56.691+0000] {processor.py:179} INFO - Processing /home/airflow/.local/lib/python3.7/site-packages/airflow/example_dags/example_branch_datetime_operator.py took 0.226 seconds
[2024-03-30T08:21:26.864+0000] {processor.py:157} INFO - Started process (PID=115) to work on /home/airflow/.local/lib/python3.7/site-packages/airflow/example_dags/example_branch_datetime_operator.py
[2024-03-30T08:21:26.865+0000] {processor.py:826} INFO - Processing file /home/airflow/.local/lib/python3.7/site-packages/airflow/example_dags/example_branch_datetime_operator.py for tasks to queue
[2024-03-30T08:21:26.865+0000] {logging_mixin.py:149} INFO - [2024-03-30T08:21:26.865+0000] {dagbag.py:541} INFO - Filling up the DagBag from /home/airflow/.local/lib/python3.7/site-packages/airflow/example_dags/example_branch_datetime_operator.py
[2024-03-30T08:21:26.874+0000] {processor.py:836} INFO - DAG(s) dict_keys(['example_branch_datetime_operator_3', 'example_branch_datetime_operator_2', 'example_branch_datetime_operator']) retrieved from /home/airflow/.local/lib/python3.7/site-packages/airflow/example_dags/example_branch_datetime_operator.py
[2024-03-30T08:21:26.930+0000] {logging_mixin.py:149} INFO - [2024-03-30T08:21:26.930+0000] {dag.py:2726} INFO - Sync 3 DAGs
[2024-03-30T08:21:26.969+0000] {logging_mixin.py:149} INFO - [2024-03-30T08:21:26.969+0000] {dag.py:3490} INFO - Setting next_dagrun for example_branch_datetime_operator to 2024-03-29T00:00:00+00:00, run_after=2024-03-30T00:00:00+00:00
[2024-03-30T08:21:26.977+0000] {logging_mixin.py:149} INFO - [2024-03-30T08:21:26.977+0000] {dag.py:3490} INFO - Setting next_dagrun for example_branch_datetime_operator_2 to 2024-03-29T00:00:00+00:00, run_after=2024-03-30T00:00:00+00:00
[2024-03-30T08:21:26.982+0000] {logging_mixin.py:149} INFO - [2024-03-30T08:21:26.982+0000] {dag.py:3490} INFO - Setting next_dagrun for example_branch_datetime_operator_3 to 2024-03-29T00:00:00+00:00, run_after=2024-03-30T00:00:00+00:00
[2024-03-30T08:21:27.032+0000] {processor.py:179} INFO - Processing /home/airflow/.local/lib/python3.7/site-packages/airflow/example_dags/example_branch_datetime_operator.py took 0.170 seconds
[2024-03-30T08:21:57.435+0000] {processor.py:157} INFO - Started process (PID=176) to work on /home/airflow/.local/lib/python3.7/site-packages/airflow/example_dags/example_branch_datetime_operator.py
[2024-03-30T08:21:57.436+0000] {processor.py:826} INFO - Processing file /home/airflow/.local/lib/python3.7/site-packages/airflow/example_dags/example_branch_datetime_operator.py for tasks to queue
[2024-03-30T08:21:57.436+0000] {logging_mixin.py:149} INFO - [2024-03-30T08:21:57.436+0000] {dagbag.py:541} INFO - Filling up the DagBag from /home/airflow/.local/lib/python3.7/site-packages/airflow/example_dags/example_branch_datetime_operator.py
[2024-03-30T08:21:57.445+0000] {processor.py:836} INFO - DAG(s) dict_keys(['example_branch_datetime_operator_3', 'example_branch_datetime_operator_2', 'example_branch_datetime_operator']) retrieved from /home/airflow/.local/lib/python3.7/site-packages/airflow/example_dags/example_branch_datetime_operator.py
[2024-03-30T08:21:57.505+0000] {logging_mixin.py:149} INFO - [2024-03-30T08:21:57.504+0000] {dag.py:2726} INFO - Sync 3 DAGs
[2024-03-30T08:21:57.644+0000] {logging_mixin.py:149} INFO - [2024-03-30T08:21:57.643+0000] {dag.py:3490} INFO - Setting next_dagrun for example_branch_datetime_operator to 2024-03-29T00:00:00+00:00, run_after=2024-03-30T00:00:00+00:00
[2024-03-30T08:21:57.649+0000] {logging_mixin.py:149} INFO - [2024-03-30T08:21:57.649+0000] {dag.py:3490} INFO - Setting next_dagrun for example_branch_datetime_operator_2 to 2024-03-29T00:00:00+00:00, run_after=2024-03-30T00:00:00+00:00
[2024-03-30T08:21:57.653+0000] {logging_mixin.py:149} INFO - [2024-03-30T08:21:57.653+0000] {dag.py:3490} INFO - Setting next_dagrun for example_branch_datetime_operator_3 to 2024-03-29T00:00:00+00:00, run_after=2024-03-30T00:00:00+00:00
[2024-03-30T08:21:57.691+0000] {processor.py:179} INFO - Processing /home/airflow/.local/lib/python3.7/site-packages/airflow/example_dags/example_branch_datetime_operator.py took 0.260 seconds
[2024-03-30T08:22:28.191+0000] {processor.py:157} INFO - Started process (PID=237) to work on /home/airflow/.local/lib/python3.7/site-packages/airflow/example_dags/example_branch_datetime_operator.py
[2024-03-30T08:22:28.192+0000] {processor.py:826} INFO - Processing file /home/airflow/.local/lib/python3.7/site-packages/airflow/example_dags/example_branch_datetime_operator.py for tasks to queue
[2024-03-30T08:22:28.192+0000] {logging_mixin.py:149} INFO - [2024-03-30T08:22:28.192+0000] {dagbag.py:541} INFO - Filling up the DagBag from /home/airflow/.local/lib/python3.7/site-packages/airflow/example_dags/example_branch_datetime_operator.py
[2024-03-30T08:22:28.203+0000] {processor.py:836} INFO - DAG(s) dict_keys(['example_branch_datetime_operator_2', 'example_branch_datetime_operator_3', 'example_branch_datetime_operator']) retrieved from /home/airflow/.local/lib/python3.7/site-packages/airflow/example_dags/example_branch_datetime_operator.py
[2024-03-30T08:22:28.267+0000] {logging_mixin.py:149} INFO - [2024-03-30T08:22:28.267+0000] {dag.py:2726} INFO - Sync 3 DAGs
[2024-03-30T08:22:28.298+0000] {logging_mixin.py:149} INFO - [2024-03-30T08:22:28.298+0000] {dag.py:3490} INFO - Setting next_dagrun for example_branch_datetime_operator to 2024-03-29T00:00:00+00:00, run_after=2024-03-30T00:00:00+00:00
[2024-03-30T08:22:28.304+0000] {logging_mixin.py:149} INFO - [2024-03-30T08:22:28.304+0000] {dag.py:3490} INFO - Setting next_dagrun for example_branch_datetime_operator_2 to 2024-03-29T00:00:00+00:00, run_after=2024-03-30T00:00:00+00:00
[2024-03-30T08:22:28.307+0000] {logging_mixin.py:149} INFO - [2024-03-30T08:22:28.307+0000] {dag.py:3490} INFO - Setting next_dagrun for example_branch_datetime_operator_3 to 2024-03-29T00:00:00+00:00, run_after=2024-03-30T00:00:00+00:00
[2024-03-30T08:22:28.356+0000] {processor.py:179} INFO - Processing /home/airflow/.local/lib/python3.7/site-packages/airflow/example_dags/example_branch_datetime_operator.py took 0.168 seconds
[2024-03-30T08:22:58.637+0000] {processor.py:157} INFO - Started process (PID=297) to work on /home/airflow/.local/lib/python3.7/site-packages/airflow/example_dags/example_branch_datetime_operator.py
[2024-03-30T08:22:58.638+0000] {processor.py:826} INFO - Processing file /home/airflow/.local/lib/python3.7/site-packages/airflow/example_dags/example_branch_datetime_operator.py for tasks to queue
[2024-03-30T08:22:58.639+0000] {logging_mixin.py:149} INFO - [2024-03-30T08:22:58.639+0000] {dagbag.py:541} INFO - Filling up the DagBag from /home/airflow/.local/lib/python3.7/site-packages/airflow/example_dags/example_branch_datetime_operator.py
[2024-03-30T08:22:58.648+0000] {processor.py:836} INFO - DAG(s) dict_keys(['example_branch_datetime_operator_2', 'example_branch_datetime_operator_3', 'example_branch_datetime_operator']) retrieved from /home/airflow/.local/lib/python3.7/site-packages/airflow/example_dags/example_branch_datetime_operator.py
[2024-03-30T08:22:58.708+0000] {logging_mixin.py:149} INFO - [2024-03-30T08:22:58.708+0000] {dag.py:2726} INFO - Sync 3 DAGs
[2024-03-30T08:22:58.753+0000] {logging_mixin.py:149} INFO - [2024-03-30T08:22:58.753+0000] {dag.py:3490} INFO - Setting next_dagrun for example_branch_datetime_operator to 2024-03-29T00:00:00+00:00, run_after=2024-03-30T00:00:00+00:00
[2024-03-30T08:22:58.762+0000] {logging_mixin.py:149} INFO - [2024-03-30T08:22:58.762+0000] {dag.py:3490} INFO - Setting next_dagrun for example_branch_datetime_operator_2 to 2024-03-29T00:00:00+00:00, run_after=2024-03-30T00:00:00+00:00
[2024-03-30T08:22:58.768+0000] {logging_mixin.py:149} INFO - [2024-03-30T08:22:58.768+0000] {dag.py:3490} INFO - Setting next_dagrun for example_branch_datetime_operator_3 to 2024-03-29T00:00:00+00:00, run_after=2024-03-30T00:00:00+00:00
[2024-03-30T08:22:58.824+0000] {processor.py:179} INFO - Processing /home/airflow/.local/lib/python3.7/site-packages/airflow/example_dags/example_branch_datetime_operator.py took 0.191 seconds
[2024-03-30T08:23:29.497+0000] {processor.py:157} INFO - Started process (PID=358) to work on /home/airflow/.local/lib/python3.7/site-packages/airflow/example_dags/example_branch_datetime_operator.py
[2024-03-30T08:23:29.498+0000] {processor.py:826} INFO - Processing file /home/airflow/.local/lib/python3.7/site-packages/airflow/example_dags/example_branch_datetime_operator.py for tasks to queue
[2024-03-30T08:23:29.498+0000] {logging_mixin.py:149} INFO - [2024-03-30T08:23:29.498+0000] {dagbag.py:541} INFO - Filling up the DagBag from /home/airflow/.local/lib/python3.7/site-packages/airflow/example_dags/example_branch_datetime_operator.py
[2024-03-30T08:23:29.508+0000] {processor.py:836} INFO - DAG(s) dict_keys(['example_branch_datetime_operator_3', 'example_branch_datetime_operator', 'example_branch_datetime_operator_2']) retrieved from /home/airflow/.local/lib/python3.7/site-packages/airflow/example_dags/example_branch_datetime_operator.py
[2024-03-30T08:23:29.566+0000] {logging_mixin.py:149} INFO - [2024-03-30T08:23:29.566+0000] {dag.py:2726} INFO - Sync 3 DAGs
[2024-03-30T08:23:29.601+0000] {logging_mixin.py:149} INFO - [2024-03-30T08:23:29.601+0000] {dag.py:3490} INFO - Setting next_dagrun for example_branch_datetime_operator to 2024-03-29T00:00:00+00:00, run_after=2024-03-30T00:00:00+00:00
[2024-03-30T08:23:29.608+0000] {logging_mixin.py:149} INFO - [2024-03-30T08:23:29.608+0000] {dag.py:3490} INFO - Setting next_dagrun for example_branch_datetime_operator_2 to 2024-03-29T00:00:00+00:00, run_after=2024-03-30T00:00:00+00:00
[2024-03-30T08:23:29.614+0000] {logging_mixin.py:149} INFO - [2024-03-30T08:23:29.613+0000] {dag.py:3490} INFO - Setting next_dagrun for example_branch_datetime_operator_3 to 2024-03-29T00:00:00+00:00, run_after=2024-03-30T00:00:00+00:00
[2024-03-30T08:23:29.658+0000] {processor.py:179} INFO - Processing /home/airflow/.local/lib/python3.7/site-packages/airflow/example_dags/example_branch_datetime_operator.py took 0.164 seconds
[2024-03-30T08:23:59.754+0000] {processor.py:157} INFO - Started process (PID=418) to work on /home/airflow/.local/lib/python3.7/site-packages/airflow/example_dags/example_branch_datetime_operator.py
[2024-03-30T08:23:59.755+0000] {processor.py:826} INFO - Processing file /home/airflow/.local/lib/python3.7/site-packages/airflow/example_dags/example_branch_datetime_operator.py for tasks to queue
[2024-03-30T08:23:59.756+0000] {logging_mixin.py:149} INFO - [2024-03-30T08:23:59.756+0000] {dagbag.py:541} INFO - Filling up the DagBag from /home/airflow/.local/lib/python3.7/site-packages/airflow/example_dags/example_branch_datetime_operator.py
[2024-03-30T08:23:59.767+0000] {processor.py:836} INFO - DAG(s) dict_keys(['example_branch_datetime_operator_3', 'example_branch_datetime_operator_2', 'example_branch_datetime_operator']) retrieved from /home/airflow/.local/lib/python3.7/site-packages/airflow/example_dags/example_branch_datetime_operator.py
[2024-03-30T08:23:59.823+0000] {logging_mixin.py:149} INFO - [2024-03-30T08:23:59.823+0000] {dag.py:2726} INFO - Sync 3 DAGs
[2024-03-30T08:23:59.854+0000] {logging_mixin.py:149} INFO - [2024-03-30T08:23:59.854+0000] {dag.py:3490} INFO - Setting next_dagrun for example_branch_datetime_operator to 2024-03-29T00:00:00+00:00, run_after=2024-03-30T00:00:00+00:00
[2024-03-30T08:23:59.860+0000] {logging_mixin.py:149} INFO - [2024-03-30T08:23:59.860+0000] {dag.py:3490} INFO - Setting next_dagrun for example_branch_datetime_operator_2 to 2024-03-29T00:00:00+00:00, run_after=2024-03-30T00:00:00+00:00
[2024-03-30T08:23:59.863+0000] {logging_mixin.py:149} INFO - [2024-03-30T08:23:59.863+0000] {dag.py:3490} INFO - Setting next_dagrun for example_branch_datetime_operator_3 to 2024-03-29T00:00:00+00:00, run_after=2024-03-30T00:00:00+00:00
[2024-03-30T08:23:59.905+0000] {processor.py:179} INFO - Processing /home/airflow/.local/lib/python3.7/site-packages/airflow/example_dags/example_branch_datetime_operator.py took 0.154 seconds
[2024-03-30T08:24:30.165+0000] {processor.py:157} INFO - Started process (PID=479) to work on /home/airflow/.local/lib/python3.7/site-packages/airflow/example_dags/example_branch_datetime_operator.py
[2024-03-30T08:24:30.166+0000] {processor.py:826} INFO - Processing file /home/airflow/.local/lib/python3.7/site-packages/airflow/example_dags/example_branch_datetime_operator.py for tasks to queue
[2024-03-30T08:24:30.167+0000] {logging_mixin.py:149} INFO - [2024-03-30T08:24:30.167+0000] {dagbag.py:541} INFO - Filling up the DagBag from /home/airflow/.local/lib/python3.7/site-packages/airflow/example_dags/example_branch_datetime_operator.py
[2024-03-30T08:24:30.177+0000] {processor.py:836} INFO - DAG(s) dict_keys(['example_branch_datetime_operator', 'example_branch_datetime_operator_2', 'example_branch_datetime_operator_3']) retrieved from /home/airflow/.local/lib/python3.7/site-packages/airflow/example_dags/example_branch_datetime_operator.py
[2024-03-30T08:24:30.229+0000] {logging_mixin.py:149} INFO - [2024-03-30T08:24:30.229+0000] {dag.py:2726} INFO - Sync 3 DAGs
[2024-03-30T08:24:30.262+0000] {logging_mixin.py:149} INFO - [2024-03-30T08:24:30.262+0000] {dag.py:3490} INFO - Setting next_dagrun for example_branch_datetime_operator to 2024-03-29T00:00:00+00:00, run_after=2024-03-30T00:00:00+00:00
[2024-03-30T08:24:30.268+0000] {logging_mixin.py:149} INFO - [2024-03-30T08:24:30.267+0000] {dag.py:3490} INFO - Setting next_dagrun for example_branch_datetime_operator_2 to 2024-03-29T00:00:00+00:00, run_after=2024-03-30T00:00:00+00:00
[2024-03-30T08:24:30.271+0000] {logging_mixin.py:149} INFO - [2024-03-30T08:24:30.271+0000] {dag.py:3490} INFO - Setting next_dagrun for example_branch_datetime_operator_3 to 2024-03-29T00:00:00+00:00, run_after=2024-03-30T00:00:00+00:00
[2024-03-30T08:24:30.318+0000] {processor.py:179} INFO - Processing /home/airflow/.local/lib/python3.7/site-packages/airflow/example_dags/example_branch_datetime_operator.py took 0.156 seconds
[2024-03-30T08:25:00.382+0000] {processor.py:157} INFO - Started process (PID=540) to work on /home/airflow/.local/lib/python3.7/site-packages/airflow/example_dags/example_branch_datetime_operator.py
[2024-03-30T08:25:00.383+0000] {processor.py:826} INFO - Processing file /home/airflow/.local/lib/python3.7/site-packages/airflow/example_dags/example_branch_datetime_operator.py for tasks to queue
[2024-03-30T08:25:00.384+0000] {logging_mixin.py:149} INFO - [2024-03-30T08:25:00.383+0000] {dagbag.py:541} INFO - Filling up the DagBag from /home/airflow/.local/lib/python3.7/site-packages/airflow/example_dags/example_branch_datetime_operator.py
[2024-03-30T08:25:00.394+0000] {processor.py:836} INFO - DAG(s) dict_keys(['example_branch_datetime_operator_3', 'example_branch_datetime_operator_2', 'example_branch_datetime_operator']) retrieved from /home/airflow/.local/lib/python3.7/site-packages/airflow/example_dags/example_branch_datetime_operator.py
[2024-03-30T08:25:00.452+0000] {logging_mixin.py:149} INFO - [2024-03-30T08:25:00.452+0000] {dag.py:2726} INFO - Sync 3 DAGs
[2024-03-30T08:25:00.484+0000] {logging_mixin.py:149} INFO - [2024-03-30T08:25:00.483+0000] {dag.py:3490} INFO - Setting next_dagrun for example_branch_datetime_operator to 2024-03-29T00:00:00+00:00, run_after=2024-03-30T00:00:00+00:00
[2024-03-30T08:25:00.490+0000] {logging_mixin.py:149} INFO - [2024-03-30T08:25:00.490+0000] {dag.py:3490} INFO - Setting next_dagrun for example_branch_datetime_operator_2 to 2024-03-29T00:00:00+00:00, run_after=2024-03-30T00:00:00+00:00
[2024-03-30T08:25:00.494+0000] {logging_mixin.py:149} INFO - [2024-03-30T08:25:00.494+0000] {dag.py:3490} INFO - Setting next_dagrun for example_branch_datetime_operator_3 to 2024-03-29T00:00:00+00:00, run_after=2024-03-30T00:00:00+00:00
[2024-03-30T08:25:00.535+0000] {processor.py:179} INFO - Processing /home/airflow/.local/lib/python3.7/site-packages/airflow/example_dags/example_branch_datetime_operator.py took 0.156 seconds
[2024-03-30T08:25:30.572+0000] {processor.py:157} INFO - Started process (PID=600) to work on /home/airflow/.local/lib/python3.7/site-packages/airflow/example_dags/example_branch_datetime_operator.py
[2024-03-30T08:25:30.573+0000] {processor.py:826} INFO - Processing file /home/airflow/.local/lib/python3.7/site-packages/airflow/example_dags/example_branch_datetime_operator.py for tasks to queue
[2024-03-30T08:25:30.574+0000] {logging_mixin.py:149} INFO - [2024-03-30T08:25:30.574+0000] {dagbag.py:541} INFO - Filling up the DagBag from /home/airflow/.local/lib/python3.7/site-packages/airflow/example_dags/example_branch_datetime_operator.py
[2024-03-30T08:25:30.582+0000] {processor.py:836} INFO - DAG(s) dict_keys(['example_branch_datetime_operator_3', 'example_branch_datetime_operator', 'example_branch_datetime_operator_2']) retrieved from /home/airflow/.local/lib/python3.7/site-packages/airflow/example_dags/example_branch_datetime_operator.py
[2024-03-30T08:25:30.642+0000] {logging_mixin.py:149} INFO - [2024-03-30T08:25:30.641+0000] {dag.py:2726} INFO - Sync 3 DAGs
[2024-03-30T08:25:30.677+0000] {logging_mixin.py:149} INFO - [2024-03-30T08:25:30.677+0000] {dag.py:3490} INFO - Setting next_dagrun for example_branch_datetime_operator to 2024-03-29T00:00:00+00:00, run_after=2024-03-30T00:00:00+00:00
[2024-03-30T08:25:30.683+0000] {logging_mixin.py:149} INFO - [2024-03-30T08:25:30.683+0000] {dag.py:3490} INFO - Setting next_dagrun for example_branch_datetime_operator_2 to 2024-03-29T00:00:00+00:00, run_after=2024-03-30T00:00:00+00:00
[2024-03-30T08:25:30.687+0000] {logging_mixin.py:149} INFO - [2024-03-30T08:25:30.686+0000] {dag.py:3490} INFO - Setting next_dagrun for example_branch_datetime_operator_3 to 2024-03-29T00:00:00+00:00, run_after=2024-03-30T00:00:00+00:00
[2024-03-30T08:25:30.728+0000] {processor.py:179} INFO - Processing /home/airflow/.local/lib/python3.7/site-packages/airflow/example_dags/example_branch_datetime_operator.py took 0.158 seconds
[2024-03-30T08:26:01.128+0000] {processor.py:157} INFO - Started process (PID=662) to work on /home/airflow/.local/lib/python3.7/site-packages/airflow/example_dags/example_branch_datetime_operator.py
[2024-03-30T08:26:01.130+0000] {processor.py:826} INFO - Processing file /home/airflow/.local/lib/python3.7/site-packages/airflow/example_dags/example_branch_datetime_operator.py for tasks to queue
[2024-03-30T08:26:01.130+0000] {logging_mixin.py:149} INFO - [2024-03-30T08:26:01.130+0000] {dagbag.py:541} INFO - Filling up the DagBag from /home/airflow/.local/lib/python3.7/site-packages/airflow/example_dags/example_branch_datetime_operator.py
[2024-03-30T08:26:01.146+0000] {processor.py:836} INFO - DAG(s) dict_keys(['example_branch_datetime_operator_2', 'example_branch_datetime_operator', 'example_branch_datetime_operator_3']) retrieved from /home/airflow/.local/lib/python3.7/site-packages/airflow/example_dags/example_branch_datetime_operator.py
[2024-03-30T08:26:01.212+0000] {logging_mixin.py:149} INFO - [2024-03-30T08:26:01.212+0000] {dag.py:2726} INFO - Sync 3 DAGs
[2024-03-30T08:26:01.244+0000] {logging_mixin.py:149} INFO - [2024-03-30T08:26:01.244+0000] {dag.py:3490} INFO - Setting next_dagrun for example_branch_datetime_operator to 2024-03-29T00:00:00+00:00, run_after=2024-03-30T00:00:00+00:00
[2024-03-30T08:26:01.253+0000] {logging_mixin.py:149} INFO - [2024-03-30T08:26:01.253+0000] {dag.py:3490} INFO - Setting next_dagrun for example_branch_datetime_operator_2 to 2024-03-29T00:00:00+00:00, run_after=2024-03-30T00:00:00+00:00
[2024-03-30T08:26:01.259+0000] {logging_mixin.py:149} INFO - [2024-03-30T08:26:01.259+0000] {dag.py:3490} INFO - Setting next_dagrun for example_branch_datetime_operator_3 to 2024-03-29T00:00:00+00:00, run_after=2024-03-30T00:00:00+00:00
[2024-03-30T08:26:01.298+0000] {processor.py:179} INFO - Processing /home/airflow/.local/lib/python3.7/site-packages/airflow/example_dags/example_branch_datetime_operator.py took 0.174 seconds
