[2024-03-30T06:15:31.820+0000] {processor.py:157} INFO - Started process (PID=34) to work on /home/airflow/.local/lib/python3.7/site-packages/airflow/example_dags/example_branch_day_of_week_operator.py
[2024-03-30T06:15:31.821+0000] {processor.py:826} INFO - Processing file /home/airflow/.local/lib/python3.7/site-packages/airflow/example_dags/example_branch_day_of_week_operator.py for tasks to queue
[2024-03-30T06:15:31.822+0000] {logging_mixin.py:149} INFO - [2024-03-30T06:15:31.822+0000] {dagbag.py:541} INFO - Filling up the DagBag from /home/airflow/.local/lib/python3.7/site-packages/airflow/example_dags/example_branch_day_of_week_operator.py
[2024-03-30T06:15:31.834+0000] {processor.py:836} INFO - DAG(s) dict_keys(['example_weekday_branch_operator']) retrieved from /home/airflow/.local/lib/python3.7/site-packages/airflow/example_dags/example_branch_day_of_week_operator.py
[2024-03-30T06:15:31.863+0000] {logging_mixin.py:149} INFO - [2024-03-30T06:15:31.863+0000] {dag.py:2726} INFO - Sync 1 DAGs
[2024-03-30T06:15:31.900+0000] {logging_mixin.py:149} INFO - [2024-03-30T06:15:31.900+0000] {dag.py:3490} INFO - Setting next_dagrun for example_weekday_branch_operator to 2024-03-29T00:00:00+00:00, run_after=2024-03-30T00:00:00+00:00
[2024-03-30T06:15:31.938+0000] {processor.py:179} INFO - Processing /home/airflow/.local/lib/python3.7/site-packages/airflow/example_dags/example_branch_day_of_week_operator.py took 0.121 seconds
[2024-03-30T06:16:02.507+0000] {processor.py:157} INFO - Started process (PID=93) to work on /home/airflow/.local/lib/python3.7/site-packages/airflow/example_dags/example_branch_day_of_week_operator.py
[2024-03-30T06:16:02.508+0000] {processor.py:826} INFO - Processing file /home/airflow/.local/lib/python3.7/site-packages/airflow/example_dags/example_branch_day_of_week_operator.py for tasks to queue
[2024-03-30T06:16:02.508+0000] {logging_mixin.py:149} INFO - [2024-03-30T06:16:02.508+0000] {dagbag.py:541} INFO - Filling up the DagBag from /home/airflow/.local/lib/python3.7/site-packages/airflow/example_dags/example_branch_day_of_week_operator.py
[2024-03-30T06:16:02.514+0000] {processor.py:836} INFO - DAG(s) dict_keys(['example_weekday_branch_operator']) retrieved from /home/airflow/.local/lib/python3.7/site-packages/airflow/example_dags/example_branch_day_of_week_operator.py
[2024-03-30T06:16:02.549+0000] {logging_mixin.py:149} INFO - [2024-03-30T06:16:02.549+0000] {dag.py:2726} INFO - Sync 1 DAGs
[2024-03-30T06:16:02.575+0000] {logging_mixin.py:149} INFO - [2024-03-30T06:16:02.575+0000] {dag.py:3490} INFO - Setting next_dagrun for example_weekday_branch_operator to 2024-03-29T00:00:00+00:00, run_after=2024-03-30T00:00:00+00:00
[2024-03-30T06:16:02.608+0000] {processor.py:179} INFO - Processing /home/airflow/.local/lib/python3.7/site-packages/airflow/example_dags/example_branch_day_of_week_operator.py took 0.104 seconds
[2024-03-30T06:16:32.989+0000] {processor.py:157} INFO - Started process (PID=153) to work on /home/airflow/.local/lib/python3.7/site-packages/airflow/example_dags/example_branch_day_of_week_operator.py
[2024-03-30T06:16:32.990+0000] {processor.py:826} INFO - Processing file /home/airflow/.local/lib/python3.7/site-packages/airflow/example_dags/example_branch_day_of_week_operator.py for tasks to queue
[2024-03-30T06:16:32.991+0000] {logging_mixin.py:149} INFO - [2024-03-30T06:16:32.991+0000] {dagbag.py:541} INFO - Filling up the DagBag from /home/airflow/.local/lib/python3.7/site-packages/airflow/example_dags/example_branch_day_of_week_operator.py
[2024-03-30T06:16:32.999+0000] {processor.py:836} INFO - DAG(s) dict_keys(['example_weekday_branch_operator']) retrieved from /home/airflow/.local/lib/python3.7/site-packages/airflow/example_dags/example_branch_day_of_week_operator.py
[2024-03-30T06:16:33.036+0000] {logging_mixin.py:149} INFO - [2024-03-30T06:16:33.036+0000] {dag.py:2726} INFO - Sync 1 DAGs
[2024-03-30T06:16:33.115+0000] {logging_mixin.py:149} INFO - [2024-03-30T06:16:33.115+0000] {dag.py:3490} INFO - Setting next_dagrun for example_weekday_branch_operator to 2024-03-29T00:00:00+00:00, run_after=2024-03-30T00:00:00+00:00
[2024-03-30T06:16:33.152+0000] {processor.py:179} INFO - Processing /home/airflow/.local/lib/python3.7/site-packages/airflow/example_dags/example_branch_day_of_week_operator.py took 0.167 seconds
[2024-03-30T06:17:03.420+0000] {processor.py:157} INFO - Started process (PID=213) to work on /home/airflow/.local/lib/python3.7/site-packages/airflow/example_dags/example_branch_day_of_week_operator.py
[2024-03-30T06:17:03.421+0000] {processor.py:826} INFO - Processing file /home/airflow/.local/lib/python3.7/site-packages/airflow/example_dags/example_branch_day_of_week_operator.py for tasks to queue
[2024-03-30T06:17:03.422+0000] {logging_mixin.py:149} INFO - [2024-03-30T06:17:03.421+0000] {dagbag.py:541} INFO - Filling up the DagBag from /home/airflow/.local/lib/python3.7/site-packages/airflow/example_dags/example_branch_day_of_week_operator.py
[2024-03-30T06:17:03.428+0000] {processor.py:836} INFO - DAG(s) dict_keys(['example_weekday_branch_operator']) retrieved from /home/airflow/.local/lib/python3.7/site-packages/airflow/example_dags/example_branch_day_of_week_operator.py
[2024-03-30T06:17:03.463+0000] {logging_mixin.py:149} INFO - [2024-03-30T06:17:03.462+0000] {dag.py:2726} INFO - Sync 1 DAGs
[2024-03-30T06:17:03.487+0000] {logging_mixin.py:149} INFO - [2024-03-30T06:17:03.487+0000] {dag.py:3490} INFO - Setting next_dagrun for example_weekday_branch_operator to 2024-03-29T00:00:00+00:00, run_after=2024-03-30T00:00:00+00:00
[2024-03-30T06:17:03.518+0000] {processor.py:179} INFO - Processing /home/airflow/.local/lib/python3.7/site-packages/airflow/example_dags/example_branch_day_of_week_operator.py took 0.101 seconds
[2024-03-30T06:17:33.931+0000] {processor.py:157} INFO - Started process (PID=273) to work on /home/airflow/.local/lib/python3.7/site-packages/airflow/example_dags/example_branch_day_of_week_operator.py
[2024-03-30T06:17:33.932+0000] {processor.py:826} INFO - Processing file /home/airflow/.local/lib/python3.7/site-packages/airflow/example_dags/example_branch_day_of_week_operator.py for tasks to queue
[2024-03-30T06:17:33.933+0000] {logging_mixin.py:149} INFO - [2024-03-30T06:17:33.933+0000] {dagbag.py:541} INFO - Filling up the DagBag from /home/airflow/.local/lib/python3.7/site-packages/airflow/example_dags/example_branch_day_of_week_operator.py
[2024-03-30T06:17:33.941+0000] {processor.py:836} INFO - DAG(s) dict_keys(['example_weekday_branch_operator']) retrieved from /home/airflow/.local/lib/python3.7/site-packages/airflow/example_dags/example_branch_day_of_week_operator.py
[2024-03-30T06:17:33.983+0000] {logging_mixin.py:149} INFO - [2024-03-30T06:17:33.983+0000] {dag.py:2726} INFO - Sync 1 DAGs
[2024-03-30T06:17:34.008+0000] {logging_mixin.py:149} INFO - [2024-03-30T06:17:34.008+0000] {dag.py:3490} INFO - Setting next_dagrun for example_weekday_branch_operator to 2024-03-29T00:00:00+00:00, run_after=2024-03-30T00:00:00+00:00
[2024-03-30T06:17:34.043+0000] {processor.py:179} INFO - Processing /home/airflow/.local/lib/python3.7/site-packages/airflow/example_dags/example_branch_day_of_week_operator.py took 0.115 seconds
[2024-03-30T06:18:04.354+0000] {processor.py:157} INFO - Started process (PID=333) to work on /home/airflow/.local/lib/python3.7/site-packages/airflow/example_dags/example_branch_day_of_week_operator.py
[2024-03-30T06:18:04.355+0000] {processor.py:826} INFO - Processing file /home/airflow/.local/lib/python3.7/site-packages/airflow/example_dags/example_branch_day_of_week_operator.py for tasks to queue
[2024-03-30T06:18:04.355+0000] {logging_mixin.py:149} INFO - [2024-03-30T06:18:04.355+0000] {dagbag.py:541} INFO - Filling up the DagBag from /home/airflow/.local/lib/python3.7/site-packages/airflow/example_dags/example_branch_day_of_week_operator.py
[2024-03-30T06:18:04.362+0000] {processor.py:836} INFO - DAG(s) dict_keys(['example_weekday_branch_operator']) retrieved from /home/airflow/.local/lib/python3.7/site-packages/airflow/example_dags/example_branch_day_of_week_operator.py
[2024-03-30T06:18:04.399+0000] {logging_mixin.py:149} INFO - [2024-03-30T06:18:04.399+0000] {dag.py:2726} INFO - Sync 1 DAGs
[2024-03-30T06:18:04.433+0000] {logging_mixin.py:149} INFO - [2024-03-30T06:18:04.433+0000] {dag.py:3490} INFO - Setting next_dagrun for example_weekday_branch_operator to 2024-03-29T00:00:00+00:00, run_after=2024-03-30T00:00:00+00:00
[2024-03-30T06:18:04.470+0000] {processor.py:179} INFO - Processing /home/airflow/.local/lib/python3.7/site-packages/airflow/example_dags/example_branch_day_of_week_operator.py took 0.120 seconds
[2024-03-30T06:18:34.620+0000] {processor.py:157} INFO - Started process (PID=394) to work on /home/airflow/.local/lib/python3.7/site-packages/airflow/example_dags/example_branch_day_of_week_operator.py
[2024-03-30T06:18:34.622+0000] {processor.py:826} INFO - Processing file /home/airflow/.local/lib/python3.7/site-packages/airflow/example_dags/example_branch_day_of_week_operator.py for tasks to queue
[2024-03-30T06:18:34.623+0000] {logging_mixin.py:149} INFO - [2024-03-30T06:18:34.622+0000] {dagbag.py:541} INFO - Filling up the DagBag from /home/airflow/.local/lib/python3.7/site-packages/airflow/example_dags/example_branch_day_of_week_operator.py
[2024-03-30T06:18:34.629+0000] {processor.py:836} INFO - DAG(s) dict_keys(['example_weekday_branch_operator']) retrieved from /home/airflow/.local/lib/python3.7/site-packages/airflow/example_dags/example_branch_day_of_week_operator.py
[2024-03-30T06:18:34.673+0000] {logging_mixin.py:149} INFO - [2024-03-30T06:18:34.673+0000] {dag.py:2726} INFO - Sync 1 DAGs
[2024-03-30T06:18:34.711+0000] {logging_mixin.py:149} INFO - [2024-03-30T06:18:34.711+0000] {dag.py:3490} INFO - Setting next_dagrun for example_weekday_branch_operator to 2024-03-29T00:00:00+00:00, run_after=2024-03-30T00:00:00+00:00
[2024-03-30T06:18:34.752+0000] {processor.py:179} INFO - Processing /home/airflow/.local/lib/python3.7/site-packages/airflow/example_dags/example_branch_day_of_week_operator.py took 0.136 seconds
[2024-03-30T06:19:04.955+0000] {processor.py:157} INFO - Started process (PID=454) to work on /home/airflow/.local/lib/python3.7/site-packages/airflow/example_dags/example_branch_day_of_week_operator.py
[2024-03-30T06:19:04.955+0000] {processor.py:826} INFO - Processing file /home/airflow/.local/lib/python3.7/site-packages/airflow/example_dags/example_branch_day_of_week_operator.py for tasks to queue
[2024-03-30T06:19:04.956+0000] {logging_mixin.py:149} INFO - [2024-03-30T06:19:04.956+0000] {dagbag.py:541} INFO - Filling up the DagBag from /home/airflow/.local/lib/python3.7/site-packages/airflow/example_dags/example_branch_day_of_week_operator.py
[2024-03-30T06:19:04.964+0000] {processor.py:836} INFO - DAG(s) dict_keys(['example_weekday_branch_operator']) retrieved from /home/airflow/.local/lib/python3.7/site-packages/airflow/example_dags/example_branch_day_of_week_operator.py
[2024-03-30T06:19:05.005+0000] {logging_mixin.py:149} INFO - [2024-03-30T06:19:05.005+0000] {dag.py:2726} INFO - Sync 1 DAGs
[2024-03-30T06:19:05.037+0000] {logging_mixin.py:149} INFO - [2024-03-30T06:19:05.037+0000] {dag.py:3490} INFO - Setting next_dagrun for example_weekday_branch_operator to 2024-03-29T00:00:00+00:00, run_after=2024-03-30T00:00:00+00:00
[2024-03-30T06:19:05.073+0000] {processor.py:179} INFO - Processing /home/airflow/.local/lib/python3.7/site-packages/airflow/example_dags/example_branch_day_of_week_operator.py took 0.122 seconds
[2024-03-30T06:19:36.056+0000] {processor.py:157} INFO - Started process (PID=514) to work on /home/airflow/.local/lib/python3.7/site-packages/airflow/example_dags/example_branch_day_of_week_operator.py
[2024-03-30T06:19:36.057+0000] {processor.py:826} INFO - Processing file /home/airflow/.local/lib/python3.7/site-packages/airflow/example_dags/example_branch_day_of_week_operator.py for tasks to queue
[2024-03-30T06:19:36.058+0000] {logging_mixin.py:149} INFO - [2024-03-30T06:19:36.057+0000] {dagbag.py:541} INFO - Filling up the DagBag from /home/airflow/.local/lib/python3.7/site-packages/airflow/example_dags/example_branch_day_of_week_operator.py
[2024-03-30T06:19:36.063+0000] {processor.py:836} INFO - DAG(s) dict_keys(['example_weekday_branch_operator']) retrieved from /home/airflow/.local/lib/python3.7/site-packages/airflow/example_dags/example_branch_day_of_week_operator.py
[2024-03-30T06:19:36.102+0000] {logging_mixin.py:149} INFO - [2024-03-30T06:19:36.102+0000] {dag.py:2726} INFO - Sync 1 DAGs
[2024-03-30T06:19:36.130+0000] {logging_mixin.py:149} INFO - [2024-03-30T06:19:36.130+0000] {dag.py:3490} INFO - Setting next_dagrun for example_weekday_branch_operator to 2024-03-29T00:00:00+00:00, run_after=2024-03-30T00:00:00+00:00
[2024-03-30T06:19:36.165+0000] {processor.py:179} INFO - Processing /home/airflow/.local/lib/python3.7/site-packages/airflow/example_dags/example_branch_day_of_week_operator.py took 0.112 seconds
[2024-03-30T06:20:06.250+0000] {processor.py:157} INFO - Started process (PID=574) to work on /home/airflow/.local/lib/python3.7/site-packages/airflow/example_dags/example_branch_day_of_week_operator.py
[2024-03-30T06:20:06.251+0000] {processor.py:826} INFO - Processing file /home/airflow/.local/lib/python3.7/site-packages/airflow/example_dags/example_branch_day_of_week_operator.py for tasks to queue
[2024-03-30T06:20:06.251+0000] {logging_mixin.py:149} INFO - [2024-03-30T06:20:06.251+0000] {dagbag.py:541} INFO - Filling up the DagBag from /home/airflow/.local/lib/python3.7/site-packages/airflow/example_dags/example_branch_day_of_week_operator.py
[2024-03-30T06:20:06.257+0000] {processor.py:836} INFO - DAG(s) dict_keys(['example_weekday_branch_operator']) retrieved from /home/airflow/.local/lib/python3.7/site-packages/airflow/example_dags/example_branch_day_of_week_operator.py
[2024-03-30T06:20:06.297+0000] {logging_mixin.py:149} INFO - [2024-03-30T06:20:06.297+0000] {dag.py:2726} INFO - Sync 1 DAGs
[2024-03-30T06:20:06.323+0000] {logging_mixin.py:149} INFO - [2024-03-30T06:20:06.322+0000] {dag.py:3490} INFO - Setting next_dagrun for example_weekday_branch_operator to 2024-03-29T00:00:00+00:00, run_after=2024-03-30T00:00:00+00:00
[2024-03-30T06:20:06.355+0000] {processor.py:179} INFO - Processing /home/airflow/.local/lib/python3.7/site-packages/airflow/example_dags/example_branch_day_of_week_operator.py took 0.108 seconds
[2024-03-30T06:20:36.856+0000] {processor.py:157} INFO - Started process (PID=635) to work on /home/airflow/.local/lib/python3.7/site-packages/airflow/example_dags/example_branch_day_of_week_operator.py
[2024-03-30T06:20:36.857+0000] {processor.py:826} INFO - Processing file /home/airflow/.local/lib/python3.7/site-packages/airflow/example_dags/example_branch_day_of_week_operator.py for tasks to queue
[2024-03-30T06:20:36.858+0000] {logging_mixin.py:149} INFO - [2024-03-30T06:20:36.858+0000] {dagbag.py:541} INFO - Filling up the DagBag from /home/airflow/.local/lib/python3.7/site-packages/airflow/example_dags/example_branch_day_of_week_operator.py
[2024-03-30T06:20:36.864+0000] {processor.py:836} INFO - DAG(s) dict_keys(['example_weekday_branch_operator']) retrieved from /home/airflow/.local/lib/python3.7/site-packages/airflow/example_dags/example_branch_day_of_week_operator.py
[2024-03-30T06:20:36.906+0000] {logging_mixin.py:149} INFO - [2024-03-30T06:20:36.905+0000] {dag.py:2726} INFO - Sync 1 DAGs
[2024-03-30T06:20:36.934+0000] {logging_mixin.py:149} INFO - [2024-03-30T06:20:36.934+0000] {dag.py:3490} INFO - Setting next_dagrun for example_weekday_branch_operator to 2024-03-29T00:00:00+00:00, run_after=2024-03-30T00:00:00+00:00
[2024-03-30T06:20:36.972+0000] {processor.py:179} INFO - Processing /home/airflow/.local/lib/python3.7/site-packages/airflow/example_dags/example_branch_day_of_week_operator.py took 0.120 seconds
[2024-03-30T06:21:07.952+0000] {processor.py:157} INFO - Started process (PID=696) to work on /home/airflow/.local/lib/python3.7/site-packages/airflow/example_dags/example_branch_day_of_week_operator.py
[2024-03-30T06:21:07.953+0000] {processor.py:826} INFO - Processing file /home/airflow/.local/lib/python3.7/site-packages/airflow/example_dags/example_branch_day_of_week_operator.py for tasks to queue
[2024-03-30T06:21:07.953+0000] {logging_mixin.py:149} INFO - [2024-03-30T06:21:07.953+0000] {dagbag.py:541} INFO - Filling up the DagBag from /home/airflow/.local/lib/python3.7/site-packages/airflow/example_dags/example_branch_day_of_week_operator.py
[2024-03-30T06:21:07.960+0000] {processor.py:836} INFO - DAG(s) dict_keys(['example_weekday_branch_operator']) retrieved from /home/airflow/.local/lib/python3.7/site-packages/airflow/example_dags/example_branch_day_of_week_operator.py
[2024-03-30T06:21:07.997+0000] {logging_mixin.py:149} INFO - [2024-03-30T06:21:07.997+0000] {dag.py:2726} INFO - Sync 1 DAGs
[2024-03-30T06:21:08.025+0000] {logging_mixin.py:149} INFO - [2024-03-30T06:21:08.025+0000] {dag.py:3490} INFO - Setting next_dagrun for example_weekday_branch_operator to 2024-03-29T00:00:00+00:00, run_after=2024-03-30T00:00:00+00:00
[2024-03-30T06:21:08.057+0000] {processor.py:179} INFO - Processing /home/airflow/.local/lib/python3.7/site-packages/airflow/example_dags/example_branch_day_of_week_operator.py took 0.108 seconds
[2024-03-30T06:21:38.484+0000] {processor.py:157} INFO - Started process (PID=757) to work on /home/airflow/.local/lib/python3.7/site-packages/airflow/example_dags/example_branch_day_of_week_operator.py
[2024-03-30T06:21:38.486+0000] {processor.py:826} INFO - Processing file /home/airflow/.local/lib/python3.7/site-packages/airflow/example_dags/example_branch_day_of_week_operator.py for tasks to queue
[2024-03-30T06:21:38.486+0000] {logging_mixin.py:149} INFO - [2024-03-30T06:21:38.486+0000] {dagbag.py:541} INFO - Filling up the DagBag from /home/airflow/.local/lib/python3.7/site-packages/airflow/example_dags/example_branch_day_of_week_operator.py
[2024-03-30T06:21:38.492+0000] {processor.py:836} INFO - DAG(s) dict_keys(['example_weekday_branch_operator']) retrieved from /home/airflow/.local/lib/python3.7/site-packages/airflow/example_dags/example_branch_day_of_week_operator.py
[2024-03-30T06:21:38.535+0000] {logging_mixin.py:149} INFO - [2024-03-30T06:21:38.534+0000] {dag.py:2726} INFO - Sync 1 DAGs
[2024-03-30T06:21:38.603+0000] {logging_mixin.py:149} INFO - [2024-03-30T06:21:38.603+0000] {dag.py:3490} INFO - Setting next_dagrun for example_weekday_branch_operator to 2024-03-29T00:00:00+00:00, run_after=2024-03-30T00:00:00+00:00
[2024-03-30T06:21:38.641+0000] {processor.py:179} INFO - Processing /home/airflow/.local/lib/python3.7/site-packages/airflow/example_dags/example_branch_day_of_week_operator.py took 0.158 seconds
[2024-03-30T06:22:08.729+0000] {processor.py:157} INFO - Started process (PID=818) to work on /home/airflow/.local/lib/python3.7/site-packages/airflow/example_dags/example_branch_day_of_week_operator.py
[2024-03-30T06:22:08.730+0000] {processor.py:826} INFO - Processing file /home/airflow/.local/lib/python3.7/site-packages/airflow/example_dags/example_branch_day_of_week_operator.py for tasks to queue
[2024-03-30T06:22:08.731+0000] {logging_mixin.py:149} INFO - [2024-03-30T06:22:08.731+0000] {dagbag.py:541} INFO - Filling up the DagBag from /home/airflow/.local/lib/python3.7/site-packages/airflow/example_dags/example_branch_day_of_week_operator.py
[2024-03-30T06:22:08.740+0000] {processor.py:836} INFO - DAG(s) dict_keys(['example_weekday_branch_operator']) retrieved from /home/airflow/.local/lib/python3.7/site-packages/airflow/example_dags/example_branch_day_of_week_operator.py
[2024-03-30T06:22:08.786+0000] {logging_mixin.py:149} INFO - [2024-03-30T06:22:08.786+0000] {dag.py:2726} INFO - Sync 1 DAGs
[2024-03-30T06:22:08.816+0000] {logging_mixin.py:149} INFO - [2024-03-30T06:22:08.815+0000] {dag.py:3490} INFO - Setting next_dagrun for example_weekday_branch_operator to 2024-03-29T00:00:00+00:00, run_after=2024-03-30T00:00:00+00:00
[2024-03-30T06:22:08.870+0000] {processor.py:179} INFO - Processing /home/airflow/.local/lib/python3.7/site-packages/airflow/example_dags/example_branch_day_of_week_operator.py took 0.144 seconds
[2024-03-30T06:22:39.362+0000] {processor.py:157} INFO - Started process (PID=880) to work on /home/airflow/.local/lib/python3.7/site-packages/airflow/example_dags/example_branch_day_of_week_operator.py
[2024-03-30T06:22:39.363+0000] {processor.py:826} INFO - Processing file /home/airflow/.local/lib/python3.7/site-packages/airflow/example_dags/example_branch_day_of_week_operator.py for tasks to queue
[2024-03-30T06:22:39.364+0000] {logging_mixin.py:149} INFO - [2024-03-30T06:22:39.364+0000] {dagbag.py:541} INFO - Filling up the DagBag from /home/airflow/.local/lib/python3.7/site-packages/airflow/example_dags/example_branch_day_of_week_operator.py
[2024-03-30T06:22:39.371+0000] {processor.py:836} INFO - DAG(s) dict_keys(['example_weekday_branch_operator']) retrieved from /home/airflow/.local/lib/python3.7/site-packages/airflow/example_dags/example_branch_day_of_week_operator.py
[2024-03-30T06:22:39.414+0000] {logging_mixin.py:149} INFO - [2024-03-30T06:22:39.414+0000] {dag.py:2726} INFO - Sync 1 DAGs
[2024-03-30T06:22:39.442+0000] {logging_mixin.py:149} INFO - [2024-03-30T06:22:39.442+0000] {dag.py:3490} INFO - Setting next_dagrun for example_weekday_branch_operator to 2024-03-29T00:00:00+00:00, run_after=2024-03-30T00:00:00+00:00
[2024-03-30T06:22:39.482+0000] {processor.py:179} INFO - Processing /home/airflow/.local/lib/python3.7/site-packages/airflow/example_dags/example_branch_day_of_week_operator.py took 0.123 seconds
[2024-03-30T06:23:09.679+0000] {processor.py:157} INFO - Started process (PID=941) to work on /home/airflow/.local/lib/python3.7/site-packages/airflow/example_dags/example_branch_day_of_week_operator.py
[2024-03-30T06:23:09.679+0000] {processor.py:826} INFO - Processing file /home/airflow/.local/lib/python3.7/site-packages/airflow/example_dags/example_branch_day_of_week_operator.py for tasks to queue
[2024-03-30T06:23:09.680+0000] {logging_mixin.py:149} INFO - [2024-03-30T06:23:09.680+0000] {dagbag.py:541} INFO - Filling up the DagBag from /home/airflow/.local/lib/python3.7/site-packages/airflow/example_dags/example_branch_day_of_week_operator.py
[2024-03-30T06:23:09.687+0000] {processor.py:836} INFO - DAG(s) dict_keys(['example_weekday_branch_operator']) retrieved from /home/airflow/.local/lib/python3.7/site-packages/airflow/example_dags/example_branch_day_of_week_operator.py
[2024-03-30T06:23:09.733+0000] {logging_mixin.py:149} INFO - [2024-03-30T06:23:09.732+0000] {dag.py:2726} INFO - Sync 1 DAGs
[2024-03-30T06:23:09.759+0000] {logging_mixin.py:149} INFO - [2024-03-30T06:23:09.759+0000] {dag.py:3490} INFO - Setting next_dagrun for example_weekday_branch_operator to 2024-03-29T00:00:00+00:00, run_after=2024-03-30T00:00:00+00:00
[2024-03-30T06:23:09.796+0000] {processor.py:179} INFO - Processing /home/airflow/.local/lib/python3.7/site-packages/airflow/example_dags/example_branch_day_of_week_operator.py took 0.120 seconds
[2024-03-30T06:23:40.044+0000] {processor.py:157} INFO - Started process (PID=1002) to work on /home/airflow/.local/lib/python3.7/site-packages/airflow/example_dags/example_branch_day_of_week_operator.py
[2024-03-30T06:23:40.045+0000] {processor.py:826} INFO - Processing file /home/airflow/.local/lib/python3.7/site-packages/airflow/example_dags/example_branch_day_of_week_operator.py for tasks to queue
[2024-03-30T06:23:40.046+0000] {logging_mixin.py:149} INFO - [2024-03-30T06:23:40.046+0000] {dagbag.py:541} INFO - Filling up the DagBag from /home/airflow/.local/lib/python3.7/site-packages/airflow/example_dags/example_branch_day_of_week_operator.py
[2024-03-30T06:23:40.052+0000] {processor.py:836} INFO - DAG(s) dict_keys(['example_weekday_branch_operator']) retrieved from /home/airflow/.local/lib/python3.7/site-packages/airflow/example_dags/example_branch_day_of_week_operator.py
[2024-03-30T06:23:40.089+0000] {logging_mixin.py:149} INFO - [2024-03-30T06:23:40.089+0000] {dag.py:2726} INFO - Sync 1 DAGs
[2024-03-30T06:23:40.114+0000] {logging_mixin.py:149} INFO - [2024-03-30T06:23:40.114+0000] {dag.py:3490} INFO - Setting next_dagrun for example_weekday_branch_operator to 2024-03-29T00:00:00+00:00, run_after=2024-03-30T00:00:00+00:00
[2024-03-30T06:23:40.145+0000] {processor.py:179} INFO - Processing /home/airflow/.local/lib/python3.7/site-packages/airflow/example_dags/example_branch_day_of_week_operator.py took 0.104 seconds
[2024-03-30T06:24:10.441+0000] {processor.py:157} INFO - Started process (PID=1063) to work on /home/airflow/.local/lib/python3.7/site-packages/airflow/example_dags/example_branch_day_of_week_operator.py
[2024-03-30T06:24:10.442+0000] {processor.py:826} INFO - Processing file /home/airflow/.local/lib/python3.7/site-packages/airflow/example_dags/example_branch_day_of_week_operator.py for tasks to queue
[2024-03-30T06:24:10.443+0000] {logging_mixin.py:149} INFO - [2024-03-30T06:24:10.443+0000] {dagbag.py:541} INFO - Filling up the DagBag from /home/airflow/.local/lib/python3.7/site-packages/airflow/example_dags/example_branch_day_of_week_operator.py
[2024-03-30T06:24:10.448+0000] {processor.py:836} INFO - DAG(s) dict_keys(['example_weekday_branch_operator']) retrieved from /home/airflow/.local/lib/python3.7/site-packages/airflow/example_dags/example_branch_day_of_week_operator.py
[2024-03-30T06:24:10.487+0000] {logging_mixin.py:149} INFO - [2024-03-30T06:24:10.487+0000] {dag.py:2726} INFO - Sync 1 DAGs
[2024-03-30T06:24:10.512+0000] {logging_mixin.py:149} INFO - [2024-03-30T06:24:10.512+0000] {dag.py:3490} INFO - Setting next_dagrun for example_weekday_branch_operator to 2024-03-29T00:00:00+00:00, run_after=2024-03-30T00:00:00+00:00
[2024-03-30T06:24:10.543+0000] {processor.py:179} INFO - Processing /home/airflow/.local/lib/python3.7/site-packages/airflow/example_dags/example_branch_day_of_week_operator.py took 0.104 seconds
[2024-03-30T06:24:40.797+0000] {processor.py:157} INFO - Started process (PID=1124) to work on /home/airflow/.local/lib/python3.7/site-packages/airflow/example_dags/example_branch_day_of_week_operator.py
[2024-03-30T06:24:40.798+0000] {processor.py:826} INFO - Processing file /home/airflow/.local/lib/python3.7/site-packages/airflow/example_dags/example_branch_day_of_week_operator.py for tasks to queue
[2024-03-30T06:24:40.799+0000] {logging_mixin.py:149} INFO - [2024-03-30T06:24:40.799+0000] {dagbag.py:541} INFO - Filling up the DagBag from /home/airflow/.local/lib/python3.7/site-packages/airflow/example_dags/example_branch_day_of_week_operator.py
[2024-03-30T06:24:40.805+0000] {processor.py:836} INFO - DAG(s) dict_keys(['example_weekday_branch_operator']) retrieved from /home/airflow/.local/lib/python3.7/site-packages/airflow/example_dags/example_branch_day_of_week_operator.py
[2024-03-30T06:24:40.847+0000] {logging_mixin.py:149} INFO - [2024-03-30T06:24:40.846+0000] {dag.py:2726} INFO - Sync 1 DAGs
[2024-03-30T06:24:40.873+0000] {logging_mixin.py:149} INFO - [2024-03-30T06:24:40.872+0000] {dag.py:3490} INFO - Setting next_dagrun for example_weekday_branch_operator to 2024-03-29T00:00:00+00:00, run_after=2024-03-30T00:00:00+00:00
[2024-03-30T06:24:40.907+0000] {processor.py:179} INFO - Processing /home/airflow/.local/lib/python3.7/site-packages/airflow/example_dags/example_branch_day_of_week_operator.py took 0.112 seconds
[2024-03-30T06:25:11.228+0000] {processor.py:157} INFO - Started process (PID=1185) to work on /home/airflow/.local/lib/python3.7/site-packages/airflow/example_dags/example_branch_day_of_week_operator.py
[2024-03-30T06:25:11.229+0000] {processor.py:826} INFO - Processing file /home/airflow/.local/lib/python3.7/site-packages/airflow/example_dags/example_branch_day_of_week_operator.py for tasks to queue
[2024-03-30T06:25:11.229+0000] {logging_mixin.py:149} INFO - [2024-03-30T06:25:11.229+0000] {dagbag.py:541} INFO - Filling up the DagBag from /home/airflow/.local/lib/python3.7/site-packages/airflow/example_dags/example_branch_day_of_week_operator.py
[2024-03-30T06:25:11.237+0000] {processor.py:836} INFO - DAG(s) dict_keys(['example_weekday_branch_operator']) retrieved from /home/airflow/.local/lib/python3.7/site-packages/airflow/example_dags/example_branch_day_of_week_operator.py
[2024-03-30T06:25:11.283+0000] {logging_mixin.py:149} INFO - [2024-03-30T06:25:11.283+0000] {dag.py:2726} INFO - Sync 1 DAGs
[2024-03-30T06:25:11.311+0000] {logging_mixin.py:149} INFO - [2024-03-30T06:25:11.311+0000] {dag.py:3490} INFO - Setting next_dagrun for example_weekday_branch_operator to 2024-03-29T00:00:00+00:00, run_after=2024-03-30T00:00:00+00:00
[2024-03-30T06:25:11.347+0000] {processor.py:179} INFO - Processing /home/airflow/.local/lib/python3.7/site-packages/airflow/example_dags/example_branch_day_of_week_operator.py took 0.123 seconds
[2024-03-30T06:25:41.646+0000] {processor.py:157} INFO - Started process (PID=1246) to work on /home/airflow/.local/lib/python3.7/site-packages/airflow/example_dags/example_branch_day_of_week_operator.py
[2024-03-30T06:25:41.647+0000] {processor.py:826} INFO - Processing file /home/airflow/.local/lib/python3.7/site-packages/airflow/example_dags/example_branch_day_of_week_operator.py for tasks to queue
[2024-03-30T06:25:41.648+0000] {logging_mixin.py:149} INFO - [2024-03-30T06:25:41.648+0000] {dagbag.py:541} INFO - Filling up the DagBag from /home/airflow/.local/lib/python3.7/site-packages/airflow/example_dags/example_branch_day_of_week_operator.py
[2024-03-30T06:25:41.654+0000] {processor.py:836} INFO - DAG(s) dict_keys(['example_weekday_branch_operator']) retrieved from /home/airflow/.local/lib/python3.7/site-packages/airflow/example_dags/example_branch_day_of_week_operator.py
[2024-03-30T06:25:41.707+0000] {logging_mixin.py:149} INFO - [2024-03-30T06:25:41.706+0000] {dag.py:2726} INFO - Sync 1 DAGs
[2024-03-30T06:25:41.733+0000] {logging_mixin.py:149} INFO - [2024-03-30T06:25:41.733+0000] {dag.py:3490} INFO - Setting next_dagrun for example_weekday_branch_operator to 2024-03-29T00:00:00+00:00, run_after=2024-03-30T00:00:00+00:00
[2024-03-30T06:25:41.764+0000] {processor.py:179} INFO - Processing /home/airflow/.local/lib/python3.7/site-packages/airflow/example_dags/example_branch_day_of_week_operator.py took 0.120 seconds
[2024-03-30T06:26:11.976+0000] {processor.py:157} INFO - Started process (PID=1307) to work on /home/airflow/.local/lib/python3.7/site-packages/airflow/example_dags/example_branch_day_of_week_operator.py
[2024-03-30T06:26:11.977+0000] {processor.py:826} INFO - Processing file /home/airflow/.local/lib/python3.7/site-packages/airflow/example_dags/example_branch_day_of_week_operator.py for tasks to queue
[2024-03-30T06:26:11.977+0000] {logging_mixin.py:149} INFO - [2024-03-30T06:26:11.977+0000] {dagbag.py:541} INFO - Filling up the DagBag from /home/airflow/.local/lib/python3.7/site-packages/airflow/example_dags/example_branch_day_of_week_operator.py
[2024-03-30T06:26:11.983+0000] {processor.py:836} INFO - DAG(s) dict_keys(['example_weekday_branch_operator']) retrieved from /home/airflow/.local/lib/python3.7/site-packages/airflow/example_dags/example_branch_day_of_week_operator.py
[2024-03-30T06:26:12.022+0000] {logging_mixin.py:149} INFO - [2024-03-30T06:26:12.022+0000] {dag.py:2726} INFO - Sync 1 DAGs
[2024-03-30T06:26:12.047+0000] {logging_mixin.py:149} INFO - [2024-03-30T06:26:12.047+0000] {dag.py:3490} INFO - Setting next_dagrun for example_weekday_branch_operator to 2024-03-29T00:00:00+00:00, run_after=2024-03-30T00:00:00+00:00
[2024-03-30T06:26:12.079+0000] {processor.py:179} INFO - Processing /home/airflow/.local/lib/python3.7/site-packages/airflow/example_dags/example_branch_day_of_week_operator.py took 0.106 seconds
[2024-03-30T06:26:42.191+0000] {processor.py:157} INFO - Started process (PID=1369) to work on /home/airflow/.local/lib/python3.7/site-packages/airflow/example_dags/example_branch_day_of_week_operator.py
[2024-03-30T06:26:42.192+0000] {processor.py:826} INFO - Processing file /home/airflow/.local/lib/python3.7/site-packages/airflow/example_dags/example_branch_day_of_week_operator.py for tasks to queue
[2024-03-30T06:26:42.192+0000] {logging_mixin.py:149} INFO - [2024-03-30T06:26:42.192+0000] {dagbag.py:541} INFO - Filling up the DagBag from /home/airflow/.local/lib/python3.7/site-packages/airflow/example_dags/example_branch_day_of_week_operator.py
[2024-03-30T06:26:42.199+0000] {processor.py:836} INFO - DAG(s) dict_keys(['example_weekday_branch_operator']) retrieved from /home/airflow/.local/lib/python3.7/site-packages/airflow/example_dags/example_branch_day_of_week_operator.py
[2024-03-30T06:26:42.247+0000] {logging_mixin.py:149} INFO - [2024-03-30T06:26:42.247+0000] {dag.py:2726} INFO - Sync 1 DAGs
[2024-03-30T06:26:42.275+0000] {logging_mixin.py:149} INFO - [2024-03-30T06:26:42.274+0000] {dag.py:3490} INFO - Setting next_dagrun for example_weekday_branch_operator to 2024-03-29T00:00:00+00:00, run_after=2024-03-30T00:00:00+00:00
[2024-03-30T06:26:42.309+0000] {processor.py:179} INFO - Processing /home/airflow/.local/lib/python3.7/site-packages/airflow/example_dags/example_branch_day_of_week_operator.py took 0.120 seconds
[2024-03-30T06:27:12.817+0000] {processor.py:157} INFO - Started process (PID=1430) to work on /home/airflow/.local/lib/python3.7/site-packages/airflow/example_dags/example_branch_day_of_week_operator.py
[2024-03-30T06:27:12.818+0000] {processor.py:826} INFO - Processing file /home/airflow/.local/lib/python3.7/site-packages/airflow/example_dags/example_branch_day_of_week_operator.py for tasks to queue
[2024-03-30T06:27:12.818+0000] {logging_mixin.py:149} INFO - [2024-03-30T06:27:12.818+0000] {dagbag.py:541} INFO - Filling up the DagBag from /home/airflow/.local/lib/python3.7/site-packages/airflow/example_dags/example_branch_day_of_week_operator.py
[2024-03-30T06:27:12.824+0000] {processor.py:836} INFO - DAG(s) dict_keys(['example_weekday_branch_operator']) retrieved from /home/airflow/.local/lib/python3.7/site-packages/airflow/example_dags/example_branch_day_of_week_operator.py
[2024-03-30T06:27:12.865+0000] {logging_mixin.py:149} INFO - [2024-03-30T06:27:12.865+0000] {dag.py:2726} INFO - Sync 1 DAGs
[2024-03-30T06:27:12.942+0000] {logging_mixin.py:149} INFO - [2024-03-30T06:27:12.941+0000] {dag.py:3490} INFO - Setting next_dagrun for example_weekday_branch_operator to 2024-03-29T00:00:00+00:00, run_after=2024-03-30T00:00:00+00:00
[2024-03-30T06:27:12.975+0000] {processor.py:179} INFO - Processing /home/airflow/.local/lib/python3.7/site-packages/airflow/example_dags/example_branch_day_of_week_operator.py took 0.161 seconds
[2024-03-30T06:27:43.379+0000] {processor.py:157} INFO - Started process (PID=1492) to work on /home/airflow/.local/lib/python3.7/site-packages/airflow/example_dags/example_branch_day_of_week_operator.py
[2024-03-30T06:27:43.380+0000] {processor.py:826} INFO - Processing file /home/airflow/.local/lib/python3.7/site-packages/airflow/example_dags/example_branch_day_of_week_operator.py for tasks to queue
[2024-03-30T06:27:43.380+0000] {logging_mixin.py:149} INFO - [2024-03-30T06:27:43.380+0000] {dagbag.py:541} INFO - Filling up the DagBag from /home/airflow/.local/lib/python3.7/site-packages/airflow/example_dags/example_branch_day_of_week_operator.py
[2024-03-30T06:27:43.386+0000] {processor.py:836} INFO - DAG(s) dict_keys(['example_weekday_branch_operator']) retrieved from /home/airflow/.local/lib/python3.7/site-packages/airflow/example_dags/example_branch_day_of_week_operator.py
[2024-03-30T06:27:43.425+0000] {logging_mixin.py:149} INFO - [2024-03-30T06:27:43.425+0000] {dag.py:2726} INFO - Sync 1 DAGs
[2024-03-30T06:27:43.452+0000] {logging_mixin.py:149} INFO - [2024-03-30T06:27:43.452+0000] {dag.py:3490} INFO - Setting next_dagrun for example_weekday_branch_operator to 2024-03-29T00:00:00+00:00, run_after=2024-03-30T00:00:00+00:00
[2024-03-30T06:27:43.483+0000] {processor.py:179} INFO - Processing /home/airflow/.local/lib/python3.7/site-packages/airflow/example_dags/example_branch_day_of_week_operator.py took 0.107 seconds
[2024-03-30T06:28:13.701+0000] {processor.py:157} INFO - Started process (PID=1553) to work on /home/airflow/.local/lib/python3.7/site-packages/airflow/example_dags/example_branch_day_of_week_operator.py
[2024-03-30T06:28:13.702+0000] {processor.py:826} INFO - Processing file /home/airflow/.local/lib/python3.7/site-packages/airflow/example_dags/example_branch_day_of_week_operator.py for tasks to queue
[2024-03-30T06:28:13.703+0000] {logging_mixin.py:149} INFO - [2024-03-30T06:28:13.703+0000] {dagbag.py:541} INFO - Filling up the DagBag from /home/airflow/.local/lib/python3.7/site-packages/airflow/example_dags/example_branch_day_of_week_operator.py
[2024-03-30T06:28:13.710+0000] {processor.py:836} INFO - DAG(s) dict_keys(['example_weekday_branch_operator']) retrieved from /home/airflow/.local/lib/python3.7/site-packages/airflow/example_dags/example_branch_day_of_week_operator.py
[2024-03-30T06:28:13.748+0000] {logging_mixin.py:149} INFO - [2024-03-30T06:28:13.748+0000] {dag.py:2726} INFO - Sync 1 DAGs
[2024-03-30T06:28:13.821+0000] {logging_mixin.py:149} INFO - [2024-03-30T06:28:13.821+0000] {dag.py:3490} INFO - Setting next_dagrun for example_weekday_branch_operator to 2024-03-29T00:00:00+00:00, run_after=2024-03-30T00:00:00+00:00
[2024-03-30T06:28:13.854+0000] {processor.py:179} INFO - Processing /home/airflow/.local/lib/python3.7/site-packages/airflow/example_dags/example_branch_day_of_week_operator.py took 0.156 seconds
[2024-03-30T06:28:44.088+0000] {processor.py:157} INFO - Started process (PID=1614) to work on /home/airflow/.local/lib/python3.7/site-packages/airflow/example_dags/example_branch_day_of_week_operator.py
[2024-03-30T06:28:44.089+0000] {processor.py:826} INFO - Processing file /home/airflow/.local/lib/python3.7/site-packages/airflow/example_dags/example_branch_day_of_week_operator.py for tasks to queue
[2024-03-30T06:28:44.090+0000] {logging_mixin.py:149} INFO - [2024-03-30T06:28:44.090+0000] {dagbag.py:541} INFO - Filling up the DagBag from /home/airflow/.local/lib/python3.7/site-packages/airflow/example_dags/example_branch_day_of_week_operator.py
[2024-03-30T06:28:44.097+0000] {processor.py:836} INFO - DAG(s) dict_keys(['example_weekday_branch_operator']) retrieved from /home/airflow/.local/lib/python3.7/site-packages/airflow/example_dags/example_branch_day_of_week_operator.py
[2024-03-30T06:28:44.135+0000] {logging_mixin.py:149} INFO - [2024-03-30T06:28:44.135+0000] {dag.py:2726} INFO - Sync 1 DAGs
[2024-03-30T06:28:44.160+0000] {logging_mixin.py:149} INFO - [2024-03-30T06:28:44.160+0000] {dag.py:3490} INFO - Setting next_dagrun for example_weekday_branch_operator to 2024-03-29T00:00:00+00:00, run_after=2024-03-30T00:00:00+00:00
[2024-03-30T06:28:44.192+0000] {processor.py:179} INFO - Processing /home/airflow/.local/lib/python3.7/site-packages/airflow/example_dags/example_branch_day_of_week_operator.py took 0.106 seconds
[2024-03-30T06:29:14.721+0000] {processor.py:157} INFO - Started process (PID=1675) to work on /home/airflow/.local/lib/python3.7/site-packages/airflow/example_dags/example_branch_day_of_week_operator.py
[2024-03-30T06:29:14.723+0000] {processor.py:826} INFO - Processing file /home/airflow/.local/lib/python3.7/site-packages/airflow/example_dags/example_branch_day_of_week_operator.py for tasks to queue
[2024-03-30T06:29:14.723+0000] {logging_mixin.py:149} INFO - [2024-03-30T06:29:14.723+0000] {dagbag.py:541} INFO - Filling up the DagBag from /home/airflow/.local/lib/python3.7/site-packages/airflow/example_dags/example_branch_day_of_week_operator.py
[2024-03-30T06:29:14.729+0000] {processor.py:836} INFO - DAG(s) dict_keys(['example_weekday_branch_operator']) retrieved from /home/airflow/.local/lib/python3.7/site-packages/airflow/example_dags/example_branch_day_of_week_operator.py
[2024-03-30T06:29:14.770+0000] {logging_mixin.py:149} INFO - [2024-03-30T06:29:14.770+0000] {dag.py:2726} INFO - Sync 1 DAGs
[2024-03-30T06:29:14.796+0000] {logging_mixin.py:149} INFO - [2024-03-30T06:29:14.796+0000] {dag.py:3490} INFO - Setting next_dagrun for example_weekday_branch_operator to 2024-03-29T00:00:00+00:00, run_after=2024-03-30T00:00:00+00:00
[2024-03-30T06:29:14.833+0000] {processor.py:179} INFO - Processing /home/airflow/.local/lib/python3.7/site-packages/airflow/example_dags/example_branch_day_of_week_operator.py took 0.114 seconds
[2024-03-30T06:29:45.080+0000] {processor.py:157} INFO - Started process (PID=1736) to work on /home/airflow/.local/lib/python3.7/site-packages/airflow/example_dags/example_branch_day_of_week_operator.py
[2024-03-30T06:29:45.081+0000] {processor.py:826} INFO - Processing file /home/airflow/.local/lib/python3.7/site-packages/airflow/example_dags/example_branch_day_of_week_operator.py for tasks to queue
[2024-03-30T06:29:45.082+0000] {logging_mixin.py:149} INFO - [2024-03-30T06:29:45.082+0000] {dagbag.py:541} INFO - Filling up the DagBag from /home/airflow/.local/lib/python3.7/site-packages/airflow/example_dags/example_branch_day_of_week_operator.py
[2024-03-30T06:29:45.088+0000] {processor.py:836} INFO - DAG(s) dict_keys(['example_weekday_branch_operator']) retrieved from /home/airflow/.local/lib/python3.7/site-packages/airflow/example_dags/example_branch_day_of_week_operator.py
[2024-03-30T06:29:45.127+0000] {logging_mixin.py:149} INFO - [2024-03-30T06:29:45.127+0000] {dag.py:2726} INFO - Sync 1 DAGs
[2024-03-30T06:29:45.155+0000] {logging_mixin.py:149} INFO - [2024-03-30T06:29:45.155+0000] {dag.py:3490} INFO - Setting next_dagrun for example_weekday_branch_operator to 2024-03-29T00:00:00+00:00, run_after=2024-03-30T00:00:00+00:00
[2024-03-30T06:29:45.189+0000] {processor.py:179} INFO - Processing /home/airflow/.local/lib/python3.7/site-packages/airflow/example_dags/example_branch_day_of_week_operator.py took 0.112 seconds
[2024-03-30T06:30:15.794+0000] {processor.py:157} INFO - Started process (PID=1797) to work on /home/airflow/.local/lib/python3.7/site-packages/airflow/example_dags/example_branch_day_of_week_operator.py
[2024-03-30T06:30:15.795+0000] {processor.py:826} INFO - Processing file /home/airflow/.local/lib/python3.7/site-packages/airflow/example_dags/example_branch_day_of_week_operator.py for tasks to queue
[2024-03-30T06:30:15.796+0000] {logging_mixin.py:149} INFO - [2024-03-30T06:30:15.795+0000] {dagbag.py:541} INFO - Filling up the DagBag from /home/airflow/.local/lib/python3.7/site-packages/airflow/example_dags/example_branch_day_of_week_operator.py
[2024-03-30T06:30:15.803+0000] {processor.py:836} INFO - DAG(s) dict_keys(['example_weekday_branch_operator']) retrieved from /home/airflow/.local/lib/python3.7/site-packages/airflow/example_dags/example_branch_day_of_week_operator.py
[2024-03-30T06:30:15.841+0000] {logging_mixin.py:149} INFO - [2024-03-30T06:30:15.841+0000] {dag.py:2726} INFO - Sync 1 DAGs
[2024-03-30T06:30:15.867+0000] {logging_mixin.py:149} INFO - [2024-03-30T06:30:15.867+0000] {dag.py:3490} INFO - Setting next_dagrun for example_weekday_branch_operator to 2024-03-29T00:00:00+00:00, run_after=2024-03-30T00:00:00+00:00
[2024-03-30T06:30:15.897+0000] {processor.py:179} INFO - Processing /home/airflow/.local/lib/python3.7/site-packages/airflow/example_dags/example_branch_day_of_week_operator.py took 0.106 seconds
[2024-03-30T06:30:46.200+0000] {processor.py:157} INFO - Started process (PID=1858) to work on /home/airflow/.local/lib/python3.7/site-packages/airflow/example_dags/example_branch_day_of_week_operator.py
[2024-03-30T06:30:46.201+0000] {processor.py:826} INFO - Processing file /home/airflow/.local/lib/python3.7/site-packages/airflow/example_dags/example_branch_day_of_week_operator.py for tasks to queue
[2024-03-30T06:30:46.202+0000] {logging_mixin.py:149} INFO - [2024-03-30T06:30:46.201+0000] {dagbag.py:541} INFO - Filling up the DagBag from /home/airflow/.local/lib/python3.7/site-packages/airflow/example_dags/example_branch_day_of_week_operator.py
[2024-03-30T06:30:46.208+0000] {processor.py:836} INFO - DAG(s) dict_keys(['example_weekday_branch_operator']) retrieved from /home/airflow/.local/lib/python3.7/site-packages/airflow/example_dags/example_branch_day_of_week_operator.py
[2024-03-30T06:30:46.247+0000] {logging_mixin.py:149} INFO - [2024-03-30T06:30:46.247+0000] {dag.py:2726} INFO - Sync 1 DAGs
[2024-03-30T06:30:46.326+0000] {logging_mixin.py:149} INFO - [2024-03-30T06:30:46.326+0000] {dag.py:3490} INFO - Setting next_dagrun for example_weekday_branch_operator to 2024-03-29T00:00:00+00:00, run_after=2024-03-30T00:00:00+00:00
[2024-03-30T06:30:46.365+0000] {processor.py:179} INFO - Processing /home/airflow/.local/lib/python3.7/site-packages/airflow/example_dags/example_branch_day_of_week_operator.py took 0.167 seconds
[2024-03-30T06:31:16.987+0000] {processor.py:157} INFO - Started process (PID=1919) to work on /home/airflow/.local/lib/python3.7/site-packages/airflow/example_dags/example_branch_day_of_week_operator.py
[2024-03-30T06:31:16.988+0000] {processor.py:826} INFO - Processing file /home/airflow/.local/lib/python3.7/site-packages/airflow/example_dags/example_branch_day_of_week_operator.py for tasks to queue
[2024-03-30T06:31:16.989+0000] {logging_mixin.py:149} INFO - [2024-03-30T06:31:16.988+0000] {dagbag.py:541} INFO - Filling up the DagBag from /home/airflow/.local/lib/python3.7/site-packages/airflow/example_dags/example_branch_day_of_week_operator.py
[2024-03-30T06:31:16.998+0000] {processor.py:836} INFO - DAG(s) dict_keys(['example_weekday_branch_operator']) retrieved from /home/airflow/.local/lib/python3.7/site-packages/airflow/example_dags/example_branch_day_of_week_operator.py
[2024-03-30T06:31:17.045+0000] {logging_mixin.py:149} INFO - [2024-03-30T06:31:17.045+0000] {dag.py:2726} INFO - Sync 1 DAGs
[2024-03-30T06:31:17.080+0000] {logging_mixin.py:149} INFO - [2024-03-30T06:31:17.080+0000] {dag.py:3490} INFO - Setting next_dagrun for example_weekday_branch_operator to 2024-03-29T00:00:00+00:00, run_after=2024-03-30T00:00:00+00:00
[2024-03-30T06:31:17.119+0000] {processor.py:179} INFO - Processing /home/airflow/.local/lib/python3.7/site-packages/airflow/example_dags/example_branch_day_of_week_operator.py took 0.134 seconds
[2024-03-30T08:20:53.782+0000] {processor.py:157} INFO - Started process (PID=34) to work on /home/airflow/.local/lib/python3.7/site-packages/airflow/example_dags/example_branch_day_of_week_operator.py
[2024-03-30T08:20:53.783+0000] {processor.py:826} INFO - Processing file /home/airflow/.local/lib/python3.7/site-packages/airflow/example_dags/example_branch_day_of_week_operator.py for tasks to queue
[2024-03-30T08:20:53.784+0000] {logging_mixin.py:149} INFO - [2024-03-30T08:20:53.784+0000] {dagbag.py:541} INFO - Filling up the DagBag from /home/airflow/.local/lib/python3.7/site-packages/airflow/example_dags/example_branch_day_of_week_operator.py
[2024-03-30T08:20:53.794+0000] {processor.py:836} INFO - DAG(s) dict_keys(['example_weekday_branch_operator']) retrieved from /home/airflow/.local/lib/python3.7/site-packages/airflow/example_dags/example_branch_day_of_week_operator.py
[2024-03-30T08:20:53.846+0000] {logging_mixin.py:149} INFO - [2024-03-30T08:20:53.846+0000] {dag.py:2726} INFO - Sync 1 DAGs
[2024-03-30T08:20:53.938+0000] {logging_mixin.py:149} INFO - [2024-03-30T08:20:53.938+0000] {dag.py:3490} INFO - Setting next_dagrun for example_weekday_branch_operator to 2024-03-29T00:00:00+00:00, run_after=2024-03-30T00:00:00+00:00
[2024-03-30T08:20:53.989+0000] {processor.py:179} INFO - Processing /home/airflow/.local/lib/python3.7/site-packages/airflow/example_dags/example_branch_day_of_week_operator.py took 0.210 seconds
[2024-03-30T08:21:24.304+0000] {processor.py:157} INFO - Started process (PID=95) to work on /home/airflow/.local/lib/python3.7/site-packages/airflow/example_dags/example_branch_day_of_week_operator.py
[2024-03-30T08:21:24.304+0000] {processor.py:826} INFO - Processing file /home/airflow/.local/lib/python3.7/site-packages/airflow/example_dags/example_branch_day_of_week_operator.py for tasks to queue
[2024-03-30T08:21:24.305+0000] {logging_mixin.py:149} INFO - [2024-03-30T08:21:24.305+0000] {dagbag.py:541} INFO - Filling up the DagBag from /home/airflow/.local/lib/python3.7/site-packages/airflow/example_dags/example_branch_day_of_week_operator.py
[2024-03-30T08:21:24.318+0000] {processor.py:836} INFO - DAG(s) dict_keys(['example_weekday_branch_operator']) retrieved from /home/airflow/.local/lib/python3.7/site-packages/airflow/example_dags/example_branch_day_of_week_operator.py
[2024-03-30T08:21:24.383+0000] {logging_mixin.py:149} INFO - [2024-03-30T08:21:24.382+0000] {dag.py:2726} INFO - Sync 1 DAGs
[2024-03-30T08:21:24.425+0000] {logging_mixin.py:149} INFO - [2024-03-30T08:21:24.424+0000] {dag.py:3490} INFO - Setting next_dagrun for example_weekday_branch_operator to 2024-03-29T00:00:00+00:00, run_after=2024-03-30T00:00:00+00:00
[2024-03-30T08:21:24.480+0000] {processor.py:179} INFO - Processing /home/airflow/.local/lib/python3.7/site-packages/airflow/example_dags/example_branch_day_of_week_operator.py took 0.181 seconds
[2024-03-30T08:21:54.611+0000] {processor.py:157} INFO - Started process (PID=156) to work on /home/airflow/.local/lib/python3.7/site-packages/airflow/example_dags/example_branch_day_of_week_operator.py
[2024-03-30T08:21:54.613+0000] {processor.py:826} INFO - Processing file /home/airflow/.local/lib/python3.7/site-packages/airflow/example_dags/example_branch_day_of_week_operator.py for tasks to queue
[2024-03-30T08:21:54.613+0000] {logging_mixin.py:149} INFO - [2024-03-30T08:21:54.613+0000] {dagbag.py:541} INFO - Filling up the DagBag from /home/airflow/.local/lib/python3.7/site-packages/airflow/example_dags/example_branch_day_of_week_operator.py
[2024-03-30T08:21:54.620+0000] {processor.py:836} INFO - DAG(s) dict_keys(['example_weekday_branch_operator']) retrieved from /home/airflow/.local/lib/python3.7/site-packages/airflow/example_dags/example_branch_day_of_week_operator.py
[2024-03-30T08:21:54.658+0000] {logging_mixin.py:149} INFO - [2024-03-30T08:21:54.658+0000] {dag.py:2726} INFO - Sync 1 DAGs
[2024-03-30T08:21:54.688+0000] {logging_mixin.py:149} INFO - [2024-03-30T08:21:54.688+0000] {dag.py:3490} INFO - Setting next_dagrun for example_weekday_branch_operator to 2024-03-29T00:00:00+00:00, run_after=2024-03-30T00:00:00+00:00
[2024-03-30T08:21:54.807+0000] {processor.py:179} INFO - Processing /home/airflow/.local/lib/python3.7/site-packages/airflow/example_dags/example_branch_day_of_week_operator.py took 0.199 seconds
[2024-03-30T08:22:24.926+0000] {processor.py:157} INFO - Started process (PID=217) to work on /home/airflow/.local/lib/python3.7/site-packages/airflow/example_dags/example_branch_day_of_week_operator.py
[2024-03-30T08:22:24.926+0000] {processor.py:826} INFO - Processing file /home/airflow/.local/lib/python3.7/site-packages/airflow/example_dags/example_branch_day_of_week_operator.py for tasks to queue
[2024-03-30T08:22:24.927+0000] {logging_mixin.py:149} INFO - [2024-03-30T08:22:24.927+0000] {dagbag.py:541} INFO - Filling up the DagBag from /home/airflow/.local/lib/python3.7/site-packages/airflow/example_dags/example_branch_day_of_week_operator.py
[2024-03-30T08:22:24.935+0000] {processor.py:836} INFO - DAG(s) dict_keys(['example_weekday_branch_operator']) retrieved from /home/airflow/.local/lib/python3.7/site-packages/airflow/example_dags/example_branch_day_of_week_operator.py
[2024-03-30T08:22:25.133+0000] {logging_mixin.py:149} INFO - [2024-03-30T08:22:25.132+0000] {dag.py:2726} INFO - Sync 1 DAGs
[2024-03-30T08:22:25.238+0000] {logging_mixin.py:149} INFO - [2024-03-30T08:22:25.238+0000] {dag.py:3490} INFO - Setting next_dagrun for example_weekday_branch_operator to 2024-03-29T00:00:00+00:00, run_after=2024-03-30T00:00:00+00:00
[2024-03-30T08:22:25.288+0000] {processor.py:179} INFO - Processing /home/airflow/.local/lib/python3.7/site-packages/airflow/example_dags/example_branch_day_of_week_operator.py took 0.366 seconds
[2024-03-30T08:22:56.208+0000] {processor.py:157} INFO - Started process (PID=278) to work on /home/airflow/.local/lib/python3.7/site-packages/airflow/example_dags/example_branch_day_of_week_operator.py
[2024-03-30T08:22:56.209+0000] {processor.py:826} INFO - Processing file /home/airflow/.local/lib/python3.7/site-packages/airflow/example_dags/example_branch_day_of_week_operator.py for tasks to queue
[2024-03-30T08:22:56.211+0000] {logging_mixin.py:149} INFO - [2024-03-30T08:22:56.210+0000] {dagbag.py:541} INFO - Filling up the DagBag from /home/airflow/.local/lib/python3.7/site-packages/airflow/example_dags/example_branch_day_of_week_operator.py
[2024-03-30T08:22:56.220+0000] {processor.py:836} INFO - DAG(s) dict_keys(['example_weekday_branch_operator']) retrieved from /home/airflow/.local/lib/python3.7/site-packages/airflow/example_dags/example_branch_day_of_week_operator.py
[2024-03-30T08:22:56.278+0000] {logging_mixin.py:149} INFO - [2024-03-30T08:22:56.278+0000] {dag.py:2726} INFO - Sync 1 DAGs
[2024-03-30T08:22:56.314+0000] {logging_mixin.py:149} INFO - [2024-03-30T08:22:56.314+0000] {dag.py:3490} INFO - Setting next_dagrun for example_weekday_branch_operator to 2024-03-29T00:00:00+00:00, run_after=2024-03-30T00:00:00+00:00
[2024-03-30T08:22:56.356+0000] {processor.py:179} INFO - Processing /home/airflow/.local/lib/python3.7/site-packages/airflow/example_dags/example_branch_day_of_week_operator.py took 0.152 seconds
[2024-03-30T08:23:26.374+0000] {processor.py:157} INFO - Started process (PID=338) to work on /home/airflow/.local/lib/python3.7/site-packages/airflow/example_dags/example_branch_day_of_week_operator.py
[2024-03-30T08:23:26.375+0000] {processor.py:826} INFO - Processing file /home/airflow/.local/lib/python3.7/site-packages/airflow/example_dags/example_branch_day_of_week_operator.py for tasks to queue
[2024-03-30T08:23:26.376+0000] {logging_mixin.py:149} INFO - [2024-03-30T08:23:26.376+0000] {dagbag.py:541} INFO - Filling up the DagBag from /home/airflow/.local/lib/python3.7/site-packages/airflow/example_dags/example_branch_day_of_week_operator.py
[2024-03-30T08:23:26.383+0000] {processor.py:836} INFO - DAG(s) dict_keys(['example_weekday_branch_operator']) retrieved from /home/airflow/.local/lib/python3.7/site-packages/airflow/example_dags/example_branch_day_of_week_operator.py
[2024-03-30T08:23:26.427+0000] {logging_mixin.py:149} INFO - [2024-03-30T08:23:26.427+0000] {dag.py:2726} INFO - Sync 1 DAGs
[2024-03-30T08:23:26.459+0000] {logging_mixin.py:149} INFO - [2024-03-30T08:23:26.458+0000] {dag.py:3490} INFO - Setting next_dagrun for example_weekday_branch_operator to 2024-03-29T00:00:00+00:00, run_after=2024-03-30T00:00:00+00:00
[2024-03-30T08:23:26.512+0000] {processor.py:179} INFO - Processing /home/airflow/.local/lib/python3.7/site-packages/airflow/example_dags/example_branch_day_of_week_operator.py took 0.141 seconds
[2024-03-30T08:23:56.585+0000] {processor.py:157} INFO - Started process (PID=398) to work on /home/airflow/.local/lib/python3.7/site-packages/airflow/example_dags/example_branch_day_of_week_operator.py
[2024-03-30T08:23:56.587+0000] {processor.py:826} INFO - Processing file /home/airflow/.local/lib/python3.7/site-packages/airflow/example_dags/example_branch_day_of_week_operator.py for tasks to queue
[2024-03-30T08:23:56.588+0000] {logging_mixin.py:149} INFO - [2024-03-30T08:23:56.588+0000] {dagbag.py:541} INFO - Filling up the DagBag from /home/airflow/.local/lib/python3.7/site-packages/airflow/example_dags/example_branch_day_of_week_operator.py
[2024-03-30T08:23:56.596+0000] {processor.py:836} INFO - DAG(s) dict_keys(['example_weekday_branch_operator']) retrieved from /home/airflow/.local/lib/python3.7/site-packages/airflow/example_dags/example_branch_day_of_week_operator.py
[2024-03-30T08:23:56.647+0000] {logging_mixin.py:149} INFO - [2024-03-30T08:23:56.647+0000] {dag.py:2726} INFO - Sync 1 DAGs
[2024-03-30T08:23:56.723+0000] {logging_mixin.py:149} INFO - [2024-03-30T08:23:56.723+0000] {dag.py:3490} INFO - Setting next_dagrun for example_weekday_branch_operator to 2024-03-29T00:00:00+00:00, run_after=2024-03-30T00:00:00+00:00
[2024-03-30T08:23:56.764+0000] {processor.py:179} INFO - Processing /home/airflow/.local/lib/python3.7/site-packages/airflow/example_dags/example_branch_day_of_week_operator.py took 0.182 seconds
[2024-03-30T08:24:27.204+0000] {processor.py:157} INFO - Started process (PID=460) to work on /home/airflow/.local/lib/python3.7/site-packages/airflow/example_dags/example_branch_day_of_week_operator.py
[2024-03-30T08:24:27.205+0000] {processor.py:826} INFO - Processing file /home/airflow/.local/lib/python3.7/site-packages/airflow/example_dags/example_branch_day_of_week_operator.py for tasks to queue
[2024-03-30T08:24:27.206+0000] {logging_mixin.py:149} INFO - [2024-03-30T08:24:27.206+0000] {dagbag.py:541} INFO - Filling up the DagBag from /home/airflow/.local/lib/python3.7/site-packages/airflow/example_dags/example_branch_day_of_week_operator.py
[2024-03-30T08:24:27.214+0000] {processor.py:836} INFO - DAG(s) dict_keys(['example_weekday_branch_operator']) retrieved from /home/airflow/.local/lib/python3.7/site-packages/airflow/example_dags/example_branch_day_of_week_operator.py
[2024-03-30T08:24:27.269+0000] {logging_mixin.py:149} INFO - [2024-03-30T08:24:27.269+0000] {dag.py:2726} INFO - Sync 1 DAGs
[2024-03-30T08:24:27.311+0000] {logging_mixin.py:149} INFO - [2024-03-30T08:24:27.311+0000] {dag.py:3490} INFO - Setting next_dagrun for example_weekday_branch_operator to 2024-03-29T00:00:00+00:00, run_after=2024-03-30T00:00:00+00:00
[2024-03-30T08:24:27.355+0000] {processor.py:179} INFO - Processing /home/airflow/.local/lib/python3.7/site-packages/airflow/example_dags/example_branch_day_of_week_operator.py took 0.155 seconds
[2024-03-30T08:24:57.691+0000] {processor.py:157} INFO - Started process (PID=521) to work on /home/airflow/.local/lib/python3.7/site-packages/airflow/example_dags/example_branch_day_of_week_operator.py
[2024-03-30T08:24:57.692+0000] {processor.py:826} INFO - Processing file /home/airflow/.local/lib/python3.7/site-packages/airflow/example_dags/example_branch_day_of_week_operator.py for tasks to queue
[2024-03-30T08:24:57.693+0000] {logging_mixin.py:149} INFO - [2024-03-30T08:24:57.693+0000] {dagbag.py:541} INFO - Filling up the DagBag from /home/airflow/.local/lib/python3.7/site-packages/airflow/example_dags/example_branch_day_of_week_operator.py
[2024-03-30T08:24:57.703+0000] {processor.py:836} INFO - DAG(s) dict_keys(['example_weekday_branch_operator']) retrieved from /home/airflow/.local/lib/python3.7/site-packages/airflow/example_dags/example_branch_day_of_week_operator.py
[2024-03-30T08:24:57.748+0000] {logging_mixin.py:149} INFO - [2024-03-30T08:24:57.748+0000] {dag.py:2726} INFO - Sync 1 DAGs
[2024-03-30T08:24:57.787+0000] {logging_mixin.py:149} INFO - [2024-03-30T08:24:57.787+0000] {dag.py:3490} INFO - Setting next_dagrun for example_weekday_branch_operator to 2024-03-29T00:00:00+00:00, run_after=2024-03-30T00:00:00+00:00
[2024-03-30T08:24:57.828+0000] {processor.py:179} INFO - Processing /home/airflow/.local/lib/python3.7/site-packages/airflow/example_dags/example_branch_day_of_week_operator.py took 0.140 seconds
[2024-03-30T08:25:28.026+0000] {processor.py:157} INFO - Started process (PID=582) to work on /home/airflow/.local/lib/python3.7/site-packages/airflow/example_dags/example_branch_day_of_week_operator.py
[2024-03-30T08:25:28.027+0000] {processor.py:826} INFO - Processing file /home/airflow/.local/lib/python3.7/site-packages/airflow/example_dags/example_branch_day_of_week_operator.py for tasks to queue
[2024-03-30T08:25:28.027+0000] {logging_mixin.py:149} INFO - [2024-03-30T08:25:28.027+0000] {dagbag.py:541} INFO - Filling up the DagBag from /home/airflow/.local/lib/python3.7/site-packages/airflow/example_dags/example_branch_day_of_week_operator.py
[2024-03-30T08:25:28.037+0000] {processor.py:836} INFO - DAG(s) dict_keys(['example_weekday_branch_operator']) retrieved from /home/airflow/.local/lib/python3.7/site-packages/airflow/example_dags/example_branch_day_of_week_operator.py
[2024-03-30T08:25:28.093+0000] {logging_mixin.py:149} INFO - [2024-03-30T08:25:28.093+0000] {dag.py:2726} INFO - Sync 1 DAGs
[2024-03-30T08:25:28.125+0000] {logging_mixin.py:149} INFO - [2024-03-30T08:25:28.125+0000] {dag.py:3490} INFO - Setting next_dagrun for example_weekday_branch_operator to 2024-03-29T00:00:00+00:00, run_after=2024-03-30T00:00:00+00:00
[2024-03-30T08:25:28.168+0000] {processor.py:179} INFO - Processing /home/airflow/.local/lib/python3.7/site-packages/airflow/example_dags/example_branch_day_of_week_operator.py took 0.147 seconds
[2024-03-30T08:25:58.224+0000] {processor.py:157} INFO - Started process (PID=643) to work on /home/airflow/.local/lib/python3.7/site-packages/airflow/example_dags/example_branch_day_of_week_operator.py
[2024-03-30T08:25:58.226+0000] {processor.py:826} INFO - Processing file /home/airflow/.local/lib/python3.7/site-packages/airflow/example_dags/example_branch_day_of_week_operator.py for tasks to queue
[2024-03-30T08:25:58.227+0000] {logging_mixin.py:149} INFO - [2024-03-30T08:25:58.226+0000] {dagbag.py:541} INFO - Filling up the DagBag from /home/airflow/.local/lib/python3.7/site-packages/airflow/example_dags/example_branch_day_of_week_operator.py
[2024-03-30T08:25:58.233+0000] {processor.py:836} INFO - DAG(s) dict_keys(['example_weekday_branch_operator']) retrieved from /home/airflow/.local/lib/python3.7/site-packages/airflow/example_dags/example_branch_day_of_week_operator.py
[2024-03-30T08:25:58.276+0000] {logging_mixin.py:149} INFO - [2024-03-30T08:25:58.276+0000] {dag.py:2726} INFO - Sync 1 DAGs
[2024-03-30T08:25:58.352+0000] {logging_mixin.py:149} INFO - [2024-03-30T08:25:58.352+0000] {dag.py:3490} INFO - Setting next_dagrun for example_weekday_branch_operator to 2024-03-29T00:00:00+00:00, run_after=2024-03-30T00:00:00+00:00
[2024-03-30T08:25:58.398+0000] {processor.py:179} INFO - Processing /home/airflow/.local/lib/python3.7/site-packages/airflow/example_dags/example_branch_day_of_week_operator.py took 0.177 seconds
[2024-03-30T08:26:28.603+0000] {processor.py:157} INFO - Started process (PID=704) to work on /home/airflow/.local/lib/python3.7/site-packages/airflow/example_dags/example_branch_day_of_week_operator.py
[2024-03-30T08:26:28.604+0000] {processor.py:826} INFO - Processing file /home/airflow/.local/lib/python3.7/site-packages/airflow/example_dags/example_branch_day_of_week_operator.py for tasks to queue
[2024-03-30T08:26:28.605+0000] {logging_mixin.py:149} INFO - [2024-03-30T08:26:28.605+0000] {dagbag.py:541} INFO - Filling up the DagBag from /home/airflow/.local/lib/python3.7/site-packages/airflow/example_dags/example_branch_day_of_week_operator.py
[2024-03-30T08:26:28.612+0000] {processor.py:836} INFO - DAG(s) dict_keys(['example_weekday_branch_operator']) retrieved from /home/airflow/.local/lib/python3.7/site-packages/airflow/example_dags/example_branch_day_of_week_operator.py
[2024-03-30T08:26:28.670+0000] {logging_mixin.py:149} INFO - [2024-03-30T08:26:28.670+0000] {dag.py:2726} INFO - Sync 1 DAGs
[2024-03-30T08:26:28.709+0000] {logging_mixin.py:149} INFO - [2024-03-30T08:26:28.709+0000] {dag.py:3490} INFO - Setting next_dagrun for example_weekday_branch_operator to 2024-03-29T00:00:00+00:00, run_after=2024-03-30T00:00:00+00:00
[2024-03-30T08:26:28.758+0000] {processor.py:179} INFO - Processing /home/airflow/.local/lib/python3.7/site-packages/airflow/example_dags/example_branch_day_of_week_operator.py took 0.158 seconds
[2024-03-30T08:26:58.995+0000] {processor.py:157} INFO - Started process (PID=766) to work on /home/airflow/.local/lib/python3.7/site-packages/airflow/example_dags/example_branch_day_of_week_operator.py
[2024-03-30T08:26:58.996+0000] {processor.py:826} INFO - Processing file /home/airflow/.local/lib/python3.7/site-packages/airflow/example_dags/example_branch_day_of_week_operator.py for tasks to queue
[2024-03-30T08:26:58.996+0000] {logging_mixin.py:149} INFO - [2024-03-30T08:26:58.996+0000] {dagbag.py:541} INFO - Filling up the DagBag from /home/airflow/.local/lib/python3.7/site-packages/airflow/example_dags/example_branch_day_of_week_operator.py
[2024-03-30T08:26:59.003+0000] {processor.py:836} INFO - DAG(s) dict_keys(['example_weekday_branch_operator']) retrieved from /home/airflow/.local/lib/python3.7/site-packages/airflow/example_dags/example_branch_day_of_week_operator.py
[2024-03-30T08:26:59.051+0000] {logging_mixin.py:149} INFO - [2024-03-30T08:26:59.051+0000] {dag.py:2726} INFO - Sync 1 DAGs
[2024-03-30T08:26:59.078+0000] {logging_mixin.py:149} INFO - [2024-03-30T08:26:59.078+0000] {dag.py:3490} INFO - Setting next_dagrun for example_weekday_branch_operator to 2024-03-29T00:00:00+00:00, run_after=2024-03-30T00:00:00+00:00
[2024-03-30T08:26:59.115+0000] {processor.py:179} INFO - Processing /home/airflow/.local/lib/python3.7/site-packages/airflow/example_dags/example_branch_day_of_week_operator.py took 0.124 seconds
[2024-03-30T08:27:29.307+0000] {processor.py:157} INFO - Started process (PID=826) to work on /home/airflow/.local/lib/python3.7/site-packages/airflow/example_dags/example_branch_day_of_week_operator.py
[2024-03-30T08:27:29.307+0000] {processor.py:826} INFO - Processing file /home/airflow/.local/lib/python3.7/site-packages/airflow/example_dags/example_branch_day_of_week_operator.py for tasks to queue
[2024-03-30T08:27:29.308+0000] {logging_mixin.py:149} INFO - [2024-03-30T08:27:29.308+0000] {dagbag.py:541} INFO - Filling up the DagBag from /home/airflow/.local/lib/python3.7/site-packages/airflow/example_dags/example_branch_day_of_week_operator.py
[2024-03-30T08:27:29.315+0000] {processor.py:836} INFO - DAG(s) dict_keys(['example_weekday_branch_operator']) retrieved from /home/airflow/.local/lib/python3.7/site-packages/airflow/example_dags/example_branch_day_of_week_operator.py
[2024-03-30T08:27:29.363+0000] {logging_mixin.py:149} INFO - [2024-03-30T08:27:29.363+0000] {dag.py:2726} INFO - Sync 1 DAGs
[2024-03-30T08:27:29.392+0000] {logging_mixin.py:149} INFO - [2024-03-30T08:27:29.392+0000] {dag.py:3490} INFO - Setting next_dagrun for example_weekday_branch_operator to 2024-03-29T00:00:00+00:00, run_after=2024-03-30T00:00:00+00:00
[2024-03-30T08:27:29.431+0000] {processor.py:179} INFO - Processing /home/airflow/.local/lib/python3.7/site-packages/airflow/example_dags/example_branch_day_of_week_operator.py took 0.127 seconds
[2024-03-30T08:27:59.582+0000] {processor.py:157} INFO - Started process (PID=887) to work on /home/airflow/.local/lib/python3.7/site-packages/airflow/example_dags/example_branch_day_of_week_operator.py
[2024-03-30T08:27:59.583+0000] {processor.py:826} INFO - Processing file /home/airflow/.local/lib/python3.7/site-packages/airflow/example_dags/example_branch_day_of_week_operator.py for tasks to queue
[2024-03-30T08:27:59.584+0000] {logging_mixin.py:149} INFO - [2024-03-30T08:27:59.584+0000] {dagbag.py:541} INFO - Filling up the DagBag from /home/airflow/.local/lib/python3.7/site-packages/airflow/example_dags/example_branch_day_of_week_operator.py
[2024-03-30T08:27:59.595+0000] {processor.py:836} INFO - DAG(s) dict_keys(['example_weekday_branch_operator']) retrieved from /home/airflow/.local/lib/python3.7/site-packages/airflow/example_dags/example_branch_day_of_week_operator.py
[2024-03-30T08:27:59.654+0000] {logging_mixin.py:149} INFO - [2024-03-30T08:27:59.653+0000] {dag.py:2726} INFO - Sync 1 DAGs
[2024-03-30T08:27:59.754+0000] {logging_mixin.py:149} INFO - [2024-03-30T08:27:59.753+0000] {dag.py:3490} INFO - Setting next_dagrun for example_weekday_branch_operator to 2024-03-29T00:00:00+00:00, run_after=2024-03-30T00:00:00+00:00
[2024-03-30T08:27:59.811+0000] {processor.py:179} INFO - Processing /home/airflow/.local/lib/python3.7/site-packages/airflow/example_dags/example_branch_day_of_week_operator.py took 0.233 seconds
[2024-03-30T08:28:30.273+0000] {processor.py:157} INFO - Started process (PID=948) to work on /home/airflow/.local/lib/python3.7/site-packages/airflow/example_dags/example_branch_day_of_week_operator.py
[2024-03-30T08:28:30.274+0000] {processor.py:826} INFO - Processing file /home/airflow/.local/lib/python3.7/site-packages/airflow/example_dags/example_branch_day_of_week_operator.py for tasks to queue
[2024-03-30T08:28:30.274+0000] {logging_mixin.py:149} INFO - [2024-03-30T08:28:30.274+0000] {dagbag.py:541} INFO - Filling up the DagBag from /home/airflow/.local/lib/python3.7/site-packages/airflow/example_dags/example_branch_day_of_week_operator.py
[2024-03-30T08:28:30.280+0000] {processor.py:836} INFO - DAG(s) dict_keys(['example_weekday_branch_operator']) retrieved from /home/airflow/.local/lib/python3.7/site-packages/airflow/example_dags/example_branch_day_of_week_operator.py
[2024-03-30T08:28:30.329+0000] {logging_mixin.py:149} INFO - [2024-03-30T08:28:30.328+0000] {dag.py:2726} INFO - Sync 1 DAGs
[2024-03-30T08:28:30.363+0000] {logging_mixin.py:149} INFO - [2024-03-30T08:28:30.362+0000] {dag.py:3490} INFO - Setting next_dagrun for example_weekday_branch_operator to 2024-03-29T00:00:00+00:00, run_after=2024-03-30T00:00:00+00:00
[2024-03-30T08:28:30.409+0000] {processor.py:179} INFO - Processing /home/airflow/.local/lib/python3.7/site-packages/airflow/example_dags/example_branch_day_of_week_operator.py took 0.140 seconds
