[2024-03-30T06:15:35.916+0000] {processor.py:157} INFO - Started process (PID=70) to work on /home/airflow/.local/lib/python3.7/site-packages/airflow/example_dags/example_trigger_controller_dag.py
[2024-03-30T06:15:35.917+0000] {processor.py:826} INFO - Processing file /home/airflow/.local/lib/python3.7/site-packages/airflow/example_dags/example_trigger_controller_dag.py for tasks to queue
[2024-03-30T06:15:35.917+0000] {logging_mixin.py:149} INFO - [2024-03-30T06:15:35.917+0000] {dagbag.py:541} INFO - Filling up the DagBag from /home/airflow/.local/lib/python3.7/site-packages/airflow/example_dags/example_trigger_controller_dag.py
[2024-03-30T06:15:35.922+0000] {processor.py:836} INFO - DAG(s) dict_keys(['example_trigger_controller_dag']) retrieved from /home/airflow/.local/lib/python3.7/site-packages/airflow/example_dags/example_trigger_controller_dag.py
[2024-03-30T06:15:35.948+0000] {logging_mixin.py:149} INFO - [2024-03-30T06:15:35.948+0000] {dag.py:2726} INFO - Sync 1 DAGs
[2024-03-30T06:15:35.972+0000] {logging_mixin.py:149} INFO - [2024-03-30T06:15:35.972+0000] {dag.py:3490} INFO - Setting next_dagrun for example_trigger_controller_dag to 2021-01-01T00:00:00+00:00, run_after=2021-01-01T00:00:00+00:00
[2024-03-30T06:15:36.007+0000] {processor.py:179} INFO - Processing /home/airflow/.local/lib/python3.7/site-packages/airflow/example_dags/example_trigger_controller_dag.py took 0.093 seconds
[2024-03-30T06:16:06.251+0000] {processor.py:157} INFO - Started process (PID=129) to work on /home/airflow/.local/lib/python3.7/site-packages/airflow/example_dags/example_trigger_controller_dag.py
[2024-03-30T06:16:06.252+0000] {processor.py:826} INFO - Processing file /home/airflow/.local/lib/python3.7/site-packages/airflow/example_dags/example_trigger_controller_dag.py for tasks to queue
[2024-03-30T06:16:06.252+0000] {logging_mixin.py:149} INFO - [2024-03-30T06:16:06.252+0000] {dagbag.py:541} INFO - Filling up the DagBag from /home/airflow/.local/lib/python3.7/site-packages/airflow/example_dags/example_trigger_controller_dag.py
[2024-03-30T06:16:06.255+0000] {processor.py:836} INFO - DAG(s) dict_keys(['example_trigger_controller_dag']) retrieved from /home/airflow/.local/lib/python3.7/site-packages/airflow/example_dags/example_trigger_controller_dag.py
[2024-03-30T06:16:06.289+0000] {logging_mixin.py:149} INFO - [2024-03-30T06:16:06.289+0000] {dag.py:2726} INFO - Sync 1 DAGs
[2024-03-30T06:16:06.313+0000] {logging_mixin.py:149} INFO - [2024-03-30T06:16:06.313+0000] {dag.py:3490} INFO - Setting next_dagrun for example_trigger_controller_dag to 2021-01-01T00:00:00+00:00, run_after=2021-01-01T00:00:00+00:00
[2024-03-30T06:16:06.345+0000] {processor.py:179} INFO - Processing /home/airflow/.local/lib/python3.7/site-packages/airflow/example_dags/example_trigger_controller_dag.py took 0.096 seconds
[2024-03-30T06:16:37.167+0000] {processor.py:157} INFO - Started process (PID=189) to work on /home/airflow/.local/lib/python3.7/site-packages/airflow/example_dags/example_trigger_controller_dag.py
[2024-03-30T06:16:37.168+0000] {processor.py:826} INFO - Processing file /home/airflow/.local/lib/python3.7/site-packages/airflow/example_dags/example_trigger_controller_dag.py for tasks to queue
[2024-03-30T06:16:37.169+0000] {logging_mixin.py:149} INFO - [2024-03-30T06:16:37.169+0000] {dagbag.py:541} INFO - Filling up the DagBag from /home/airflow/.local/lib/python3.7/site-packages/airflow/example_dags/example_trigger_controller_dag.py
[2024-03-30T06:16:37.173+0000] {processor.py:836} INFO - DAG(s) dict_keys(['example_trigger_controller_dag']) retrieved from /home/airflow/.local/lib/python3.7/site-packages/airflow/example_dags/example_trigger_controller_dag.py
[2024-03-30T06:16:37.214+0000] {logging_mixin.py:149} INFO - [2024-03-30T06:16:37.214+0000] {dag.py:2726} INFO - Sync 1 DAGs
[2024-03-30T06:16:37.240+0000] {logging_mixin.py:149} INFO - [2024-03-30T06:16:37.239+0000] {dag.py:3490} INFO - Setting next_dagrun for example_trigger_controller_dag to 2021-01-01T00:00:00+00:00, run_after=2021-01-01T00:00:00+00:00
[2024-03-30T06:16:37.274+0000] {processor.py:179} INFO - Processing /home/airflow/.local/lib/python3.7/site-packages/airflow/example_dags/example_trigger_controller_dag.py took 0.110 seconds
[2024-03-30T06:17:07.383+0000] {processor.py:157} INFO - Started process (PID=249) to work on /home/airflow/.local/lib/python3.7/site-packages/airflow/example_dags/example_trigger_controller_dag.py
[2024-03-30T06:17:07.384+0000] {processor.py:826} INFO - Processing file /home/airflow/.local/lib/python3.7/site-packages/airflow/example_dags/example_trigger_controller_dag.py for tasks to queue
[2024-03-30T06:17:07.385+0000] {logging_mixin.py:149} INFO - [2024-03-30T06:17:07.384+0000] {dagbag.py:541} INFO - Filling up the DagBag from /home/airflow/.local/lib/python3.7/site-packages/airflow/example_dags/example_trigger_controller_dag.py
[2024-03-30T06:17:07.388+0000] {processor.py:836} INFO - DAG(s) dict_keys(['example_trigger_controller_dag']) retrieved from /home/airflow/.local/lib/python3.7/site-packages/airflow/example_dags/example_trigger_controller_dag.py
[2024-03-30T06:17:07.424+0000] {logging_mixin.py:149} INFO - [2024-03-30T06:17:07.423+0000] {dag.py:2726} INFO - Sync 1 DAGs
[2024-03-30T06:17:07.449+0000] {logging_mixin.py:149} INFO - [2024-03-30T06:17:07.448+0000] {dag.py:3490} INFO - Setting next_dagrun for example_trigger_controller_dag to 2021-01-01T00:00:00+00:00, run_after=2021-01-01T00:00:00+00:00
[2024-03-30T06:17:07.480+0000] {processor.py:179} INFO - Processing /home/airflow/.local/lib/python3.7/site-packages/airflow/example_dags/example_trigger_controller_dag.py took 0.100 seconds
[2024-03-30T06:17:37.803+0000] {processor.py:157} INFO - Started process (PID=309) to work on /home/airflow/.local/lib/python3.7/site-packages/airflow/example_dags/example_trigger_controller_dag.py
[2024-03-30T06:17:37.804+0000] {processor.py:826} INFO - Processing file /home/airflow/.local/lib/python3.7/site-packages/airflow/example_dags/example_trigger_controller_dag.py for tasks to queue
[2024-03-30T06:17:37.804+0000] {logging_mixin.py:149} INFO - [2024-03-30T06:17:37.804+0000] {dagbag.py:541} INFO - Filling up the DagBag from /home/airflow/.local/lib/python3.7/site-packages/airflow/example_dags/example_trigger_controller_dag.py
[2024-03-30T06:17:37.807+0000] {processor.py:836} INFO - DAG(s) dict_keys(['example_trigger_controller_dag']) retrieved from /home/airflow/.local/lib/python3.7/site-packages/airflow/example_dags/example_trigger_controller_dag.py
[2024-03-30T06:17:37.841+0000] {logging_mixin.py:149} INFO - [2024-03-30T06:17:37.841+0000] {dag.py:2726} INFO - Sync 1 DAGs
[2024-03-30T06:17:37.865+0000] {logging_mixin.py:149} INFO - [2024-03-30T06:17:37.865+0000] {dag.py:3490} INFO - Setting next_dagrun for example_trigger_controller_dag to 2021-01-01T00:00:00+00:00, run_after=2021-01-01T00:00:00+00:00
[2024-03-30T06:17:37.895+0000] {processor.py:179} INFO - Processing /home/airflow/.local/lib/python3.7/site-packages/airflow/example_dags/example_trigger_controller_dag.py took 0.095 seconds
[2024-03-30T06:18:07.964+0000] {processor.py:157} INFO - Started process (PID=369) to work on /home/airflow/.local/lib/python3.7/site-packages/airflow/example_dags/example_trigger_controller_dag.py
[2024-03-30T06:18:07.964+0000] {processor.py:826} INFO - Processing file /home/airflow/.local/lib/python3.7/site-packages/airflow/example_dags/example_trigger_controller_dag.py for tasks to queue
[2024-03-30T06:18:07.965+0000] {logging_mixin.py:149} INFO - [2024-03-30T06:18:07.965+0000] {dagbag.py:541} INFO - Filling up the DagBag from /home/airflow/.local/lib/python3.7/site-packages/airflow/example_dags/example_trigger_controller_dag.py
[2024-03-30T06:18:07.968+0000] {processor.py:836} INFO - DAG(s) dict_keys(['example_trigger_controller_dag']) retrieved from /home/airflow/.local/lib/python3.7/site-packages/airflow/example_dags/example_trigger_controller_dag.py
[2024-03-30T06:18:08.013+0000] {logging_mixin.py:149} INFO - [2024-03-30T06:18:08.013+0000] {dag.py:2726} INFO - Sync 1 DAGs
[2024-03-30T06:18:08.038+0000] {logging_mixin.py:149} INFO - [2024-03-30T06:18:08.037+0000] {dag.py:3490} INFO - Setting next_dagrun for example_trigger_controller_dag to 2021-01-01T00:00:00+00:00, run_after=2021-01-01T00:00:00+00:00
[2024-03-30T06:18:08.076+0000] {processor.py:179} INFO - Processing /home/airflow/.local/lib/python3.7/site-packages/airflow/example_dags/example_trigger_controller_dag.py took 0.115 seconds
[2024-03-30T06:18:38.877+0000] {processor.py:157} INFO - Started process (PID=430) to work on /home/airflow/.local/lib/python3.7/site-packages/airflow/example_dags/example_trigger_controller_dag.py
[2024-03-30T06:18:38.878+0000] {processor.py:826} INFO - Processing file /home/airflow/.local/lib/python3.7/site-packages/airflow/example_dags/example_trigger_controller_dag.py for tasks to queue
[2024-03-30T06:18:38.878+0000] {logging_mixin.py:149} INFO - [2024-03-30T06:18:38.878+0000] {dagbag.py:541} INFO - Filling up the DagBag from /home/airflow/.local/lib/python3.7/site-packages/airflow/example_dags/example_trigger_controller_dag.py
[2024-03-30T06:18:38.881+0000] {processor.py:836} INFO - DAG(s) dict_keys(['example_trigger_controller_dag']) retrieved from /home/airflow/.local/lib/python3.7/site-packages/airflow/example_dags/example_trigger_controller_dag.py
[2024-03-30T06:18:38.930+0000] {logging_mixin.py:149} INFO - [2024-03-30T06:18:38.929+0000] {dag.py:2726} INFO - Sync 1 DAGs
[2024-03-30T06:18:38.959+0000] {logging_mixin.py:149} INFO - [2024-03-30T06:18:38.959+0000] {dag.py:3490} INFO - Setting next_dagrun for example_trigger_controller_dag to 2021-01-01T00:00:00+00:00, run_after=2021-01-01T00:00:00+00:00
[2024-03-30T06:18:38.994+0000] {processor.py:179} INFO - Processing /home/airflow/.local/lib/python3.7/site-packages/airflow/example_dags/example_trigger_controller_dag.py took 0.120 seconds
[2024-03-30T06:19:09.156+0000] {processor.py:157} INFO - Started process (PID=490) to work on /home/airflow/.local/lib/python3.7/site-packages/airflow/example_dags/example_trigger_controller_dag.py
[2024-03-30T06:19:09.157+0000] {processor.py:826} INFO - Processing file /home/airflow/.local/lib/python3.7/site-packages/airflow/example_dags/example_trigger_controller_dag.py for tasks to queue
[2024-03-30T06:19:09.158+0000] {logging_mixin.py:149} INFO - [2024-03-30T06:19:09.158+0000] {dagbag.py:541} INFO - Filling up the DagBag from /home/airflow/.local/lib/python3.7/site-packages/airflow/example_dags/example_trigger_controller_dag.py
[2024-03-30T06:19:09.161+0000] {processor.py:836} INFO - DAG(s) dict_keys(['example_trigger_controller_dag']) retrieved from /home/airflow/.local/lib/python3.7/site-packages/airflow/example_dags/example_trigger_controller_dag.py
[2024-03-30T06:19:09.194+0000] {logging_mixin.py:149} INFO - [2024-03-30T06:19:09.194+0000] {dag.py:2726} INFO - Sync 1 DAGs
[2024-03-30T06:19:09.219+0000] {logging_mixin.py:149} INFO - [2024-03-30T06:19:09.219+0000] {dag.py:3490} INFO - Setting next_dagrun for example_trigger_controller_dag to 2021-01-01T00:00:00+00:00, run_after=2021-01-01T00:00:00+00:00
[2024-03-30T06:19:09.252+0000] {processor.py:179} INFO - Processing /home/airflow/.local/lib/python3.7/site-packages/airflow/example_dags/example_trigger_controller_dag.py took 0.098 seconds
[2024-03-30T06:19:40.216+0000] {processor.py:157} INFO - Started process (PID=550) to work on /home/airflow/.local/lib/python3.7/site-packages/airflow/example_dags/example_trigger_controller_dag.py
[2024-03-30T06:19:40.217+0000] {processor.py:826} INFO - Processing file /home/airflow/.local/lib/python3.7/site-packages/airflow/example_dags/example_trigger_controller_dag.py for tasks to queue
[2024-03-30T06:19:40.218+0000] {logging_mixin.py:149} INFO - [2024-03-30T06:19:40.218+0000] {dagbag.py:541} INFO - Filling up the DagBag from /home/airflow/.local/lib/python3.7/site-packages/airflow/example_dags/example_trigger_controller_dag.py
[2024-03-30T06:19:40.221+0000] {processor.py:836} INFO - DAG(s) dict_keys(['example_trigger_controller_dag']) retrieved from /home/airflow/.local/lib/python3.7/site-packages/airflow/example_dags/example_trigger_controller_dag.py
[2024-03-30T06:19:40.256+0000] {logging_mixin.py:149} INFO - [2024-03-30T06:19:40.256+0000] {dag.py:2726} INFO - Sync 1 DAGs
[2024-03-30T06:19:40.279+0000] {logging_mixin.py:149} INFO - [2024-03-30T06:19:40.279+0000] {dag.py:3490} INFO - Setting next_dagrun for example_trigger_controller_dag to 2021-01-01T00:00:00+00:00, run_after=2021-01-01T00:00:00+00:00
[2024-03-30T06:19:40.315+0000] {processor.py:179} INFO - Processing /home/airflow/.local/lib/python3.7/site-packages/airflow/example_dags/example_trigger_controller_dag.py took 0.102 seconds
[2024-03-30T06:20:11.207+0000] {processor.py:157} INFO - Started process (PID=610) to work on /home/airflow/.local/lib/python3.7/site-packages/airflow/example_dags/example_trigger_controller_dag.py
[2024-03-30T06:20:11.208+0000] {processor.py:826} INFO - Processing file /home/airflow/.local/lib/python3.7/site-packages/airflow/example_dags/example_trigger_controller_dag.py for tasks to queue
[2024-03-30T06:20:11.208+0000] {logging_mixin.py:149} INFO - [2024-03-30T06:20:11.208+0000] {dagbag.py:541} INFO - Filling up the DagBag from /home/airflow/.local/lib/python3.7/site-packages/airflow/example_dags/example_trigger_controller_dag.py
[2024-03-30T06:20:11.212+0000] {processor.py:836} INFO - DAG(s) dict_keys(['example_trigger_controller_dag']) retrieved from /home/airflow/.local/lib/python3.7/site-packages/airflow/example_dags/example_trigger_controller_dag.py
[2024-03-30T06:20:11.251+0000] {logging_mixin.py:149} INFO - [2024-03-30T06:20:11.251+0000] {dag.py:2726} INFO - Sync 1 DAGs
[2024-03-30T06:20:11.279+0000] {logging_mixin.py:149} INFO - [2024-03-30T06:20:11.278+0000] {dag.py:3490} INFO - Setting next_dagrun for example_trigger_controller_dag to 2021-01-01T00:00:00+00:00, run_after=2021-01-01T00:00:00+00:00
[2024-03-30T06:20:11.310+0000] {processor.py:179} INFO - Processing /home/airflow/.local/lib/python3.7/site-packages/airflow/example_dags/example_trigger_controller_dag.py took 0.106 seconds
[2024-03-30T06:20:42.029+0000] {processor.py:157} INFO - Started process (PID=672) to work on /home/airflow/.local/lib/python3.7/site-packages/airflow/example_dags/example_trigger_controller_dag.py
[2024-03-30T06:20:42.030+0000] {processor.py:826} INFO - Processing file /home/airflow/.local/lib/python3.7/site-packages/airflow/example_dags/example_trigger_controller_dag.py for tasks to queue
[2024-03-30T06:20:42.031+0000] {logging_mixin.py:149} INFO - [2024-03-30T06:20:42.031+0000] {dagbag.py:541} INFO - Filling up the DagBag from /home/airflow/.local/lib/python3.7/site-packages/airflow/example_dags/example_trigger_controller_dag.py
[2024-03-30T06:20:42.034+0000] {processor.py:836} INFO - DAG(s) dict_keys(['example_trigger_controller_dag']) retrieved from /home/airflow/.local/lib/python3.7/site-packages/airflow/example_dags/example_trigger_controller_dag.py
[2024-03-30T06:20:42.077+0000] {logging_mixin.py:149} INFO - [2024-03-30T06:20:42.077+0000] {dag.py:2726} INFO - Sync 1 DAGs
[2024-03-30T06:20:42.104+0000] {logging_mixin.py:149} INFO - [2024-03-30T06:20:42.104+0000] {dag.py:3490} INFO - Setting next_dagrun for example_trigger_controller_dag to 2021-01-01T00:00:00+00:00, run_after=2021-01-01T00:00:00+00:00
[2024-03-30T06:20:42.142+0000] {processor.py:179} INFO - Processing /home/airflow/.local/lib/python3.7/site-packages/airflow/example_dags/example_trigger_controller_dag.py took 0.116 seconds
[2024-03-30T06:21:12.786+0000] {processor.py:157} INFO - Started process (PID=733) to work on /home/airflow/.local/lib/python3.7/site-packages/airflow/example_dags/example_trigger_controller_dag.py
[2024-03-30T06:21:12.787+0000] {processor.py:826} INFO - Processing file /home/airflow/.local/lib/python3.7/site-packages/airflow/example_dags/example_trigger_controller_dag.py for tasks to queue
[2024-03-30T06:21:12.787+0000] {logging_mixin.py:149} INFO - [2024-03-30T06:21:12.787+0000] {dagbag.py:541} INFO - Filling up the DagBag from /home/airflow/.local/lib/python3.7/site-packages/airflow/example_dags/example_trigger_controller_dag.py
[2024-03-30T06:21:12.790+0000] {processor.py:836} INFO - DAG(s) dict_keys(['example_trigger_controller_dag']) retrieved from /home/airflow/.local/lib/python3.7/site-packages/airflow/example_dags/example_trigger_controller_dag.py
[2024-03-30T06:21:12.834+0000] {logging_mixin.py:149} INFO - [2024-03-30T06:21:12.833+0000] {dag.py:2726} INFO - Sync 1 DAGs
[2024-03-30T06:21:12.911+0000] {logging_mixin.py:149} INFO - [2024-03-30T06:21:12.911+0000] {dag.py:3490} INFO - Setting next_dagrun for example_trigger_controller_dag to 2021-01-01T00:00:00+00:00, run_after=2021-01-01T00:00:00+00:00
[2024-03-30T06:21:12.945+0000] {processor.py:179} INFO - Processing /home/airflow/.local/lib/python3.7/site-packages/airflow/example_dags/example_trigger_controller_dag.py took 0.162 seconds
[2024-03-30T06:21:43.817+0000] {processor.py:157} INFO - Started process (PID=794) to work on /home/airflow/.local/lib/python3.7/site-packages/airflow/example_dags/example_trigger_controller_dag.py
[2024-03-30T06:21:43.818+0000] {processor.py:826} INFO - Processing file /home/airflow/.local/lib/python3.7/site-packages/airflow/example_dags/example_trigger_controller_dag.py for tasks to queue
[2024-03-30T06:21:43.819+0000] {logging_mixin.py:149} INFO - [2024-03-30T06:21:43.819+0000] {dagbag.py:541} INFO - Filling up the DagBag from /home/airflow/.local/lib/python3.7/site-packages/airflow/example_dags/example_trigger_controller_dag.py
[2024-03-30T06:21:43.822+0000] {processor.py:836} INFO - DAG(s) dict_keys(['example_trigger_controller_dag']) retrieved from /home/airflow/.local/lib/python3.7/site-packages/airflow/example_dags/example_trigger_controller_dag.py
[2024-03-30T06:21:43.856+0000] {logging_mixin.py:149} INFO - [2024-03-30T06:21:43.856+0000] {dag.py:2726} INFO - Sync 1 DAGs
[2024-03-30T06:21:43.881+0000] {logging_mixin.py:149} INFO - [2024-03-30T06:21:43.881+0000] {dag.py:3490} INFO - Setting next_dagrun for example_trigger_controller_dag to 2021-01-01T00:00:00+00:00, run_after=2021-01-01T00:00:00+00:00
[2024-03-30T06:21:43.917+0000] {processor.py:179} INFO - Processing /home/airflow/.local/lib/python3.7/site-packages/airflow/example_dags/example_trigger_controller_dag.py took 0.103 seconds
[2024-03-30T06:22:14.628+0000] {processor.py:157} INFO - Started process (PID=855) to work on /home/airflow/.local/lib/python3.7/site-packages/airflow/example_dags/example_trigger_controller_dag.py
[2024-03-30T06:22:14.628+0000] {processor.py:826} INFO - Processing file /home/airflow/.local/lib/python3.7/site-packages/airflow/example_dags/example_trigger_controller_dag.py for tasks to queue
[2024-03-30T06:22:14.629+0000] {logging_mixin.py:149} INFO - [2024-03-30T06:22:14.629+0000] {dagbag.py:541} INFO - Filling up the DagBag from /home/airflow/.local/lib/python3.7/site-packages/airflow/example_dags/example_trigger_controller_dag.py
[2024-03-30T06:22:14.633+0000] {processor.py:836} INFO - DAG(s) dict_keys(['example_trigger_controller_dag']) retrieved from /home/airflow/.local/lib/python3.7/site-packages/airflow/example_dags/example_trigger_controller_dag.py
[2024-03-30T06:22:14.667+0000] {logging_mixin.py:149} INFO - [2024-03-30T06:22:14.667+0000] {dag.py:2726} INFO - Sync 1 DAGs
[2024-03-30T06:22:14.695+0000] {logging_mixin.py:149} INFO - [2024-03-30T06:22:14.695+0000] {dag.py:3490} INFO - Setting next_dagrun for example_trigger_controller_dag to 2021-01-01T00:00:00+00:00, run_after=2021-01-01T00:00:00+00:00
[2024-03-30T06:22:14.746+0000] {processor.py:179} INFO - Processing /home/airflow/.local/lib/python3.7/site-packages/airflow/example_dags/example_trigger_controller_dag.py took 0.121 seconds
[2024-03-30T06:22:45.107+0000] {processor.py:157} INFO - Started process (PID=916) to work on /home/airflow/.local/lib/python3.7/site-packages/airflow/example_dags/example_trigger_controller_dag.py
[2024-03-30T06:22:45.108+0000] {processor.py:826} INFO - Processing file /home/airflow/.local/lib/python3.7/site-packages/airflow/example_dags/example_trigger_controller_dag.py for tasks to queue
[2024-03-30T06:22:45.109+0000] {logging_mixin.py:149} INFO - [2024-03-30T06:22:45.108+0000] {dagbag.py:541} INFO - Filling up the DagBag from /home/airflow/.local/lib/python3.7/site-packages/airflow/example_dags/example_trigger_controller_dag.py
[2024-03-30T06:22:45.113+0000] {processor.py:836} INFO - DAG(s) dict_keys(['example_trigger_controller_dag']) retrieved from /home/airflow/.local/lib/python3.7/site-packages/airflow/example_dags/example_trigger_controller_dag.py
[2024-03-30T06:22:45.151+0000] {logging_mixin.py:149} INFO - [2024-03-30T06:22:45.151+0000] {dag.py:2726} INFO - Sync 1 DAGs
[2024-03-30T06:22:45.178+0000] {logging_mixin.py:149} INFO - [2024-03-30T06:22:45.177+0000] {dag.py:3490} INFO - Setting next_dagrun for example_trigger_controller_dag to 2021-01-01T00:00:00+00:00, run_after=2021-01-01T00:00:00+00:00
[2024-03-30T06:22:45.213+0000] {processor.py:179} INFO - Processing /home/airflow/.local/lib/python3.7/site-packages/airflow/example_dags/example_trigger_controller_dag.py took 0.110 seconds
[2024-03-30T06:23:15.484+0000] {processor.py:157} INFO - Started process (PID=977) to work on /home/airflow/.local/lib/python3.7/site-packages/airflow/example_dags/example_trigger_controller_dag.py
[2024-03-30T06:23:15.485+0000] {processor.py:826} INFO - Processing file /home/airflow/.local/lib/python3.7/site-packages/airflow/example_dags/example_trigger_controller_dag.py for tasks to queue
[2024-03-30T06:23:15.485+0000] {logging_mixin.py:149} INFO - [2024-03-30T06:23:15.485+0000] {dagbag.py:541} INFO - Filling up the DagBag from /home/airflow/.local/lib/python3.7/site-packages/airflow/example_dags/example_trigger_controller_dag.py
[2024-03-30T06:23:15.489+0000] {processor.py:836} INFO - DAG(s) dict_keys(['example_trigger_controller_dag']) retrieved from /home/airflow/.local/lib/python3.7/site-packages/airflow/example_dags/example_trigger_controller_dag.py
[2024-03-30T06:23:15.523+0000] {logging_mixin.py:149} INFO - [2024-03-30T06:23:15.523+0000] {dag.py:2726} INFO - Sync 1 DAGs
[2024-03-30T06:23:15.548+0000] {logging_mixin.py:149} INFO - [2024-03-30T06:23:15.547+0000] {dag.py:3490} INFO - Setting next_dagrun for example_trigger_controller_dag to 2021-01-01T00:00:00+00:00, run_after=2021-01-01T00:00:00+00:00
[2024-03-30T06:23:15.578+0000] {processor.py:179} INFO - Processing /home/airflow/.local/lib/python3.7/site-packages/airflow/example_dags/example_trigger_controller_dag.py took 0.097 seconds
[2024-03-30T06:23:46.782+0000] {processor.py:157} INFO - Started process (PID=1038) to work on /home/airflow/.local/lib/python3.7/site-packages/airflow/example_dags/example_trigger_controller_dag.py
[2024-03-30T06:23:46.783+0000] {processor.py:826} INFO - Processing file /home/airflow/.local/lib/python3.7/site-packages/airflow/example_dags/example_trigger_controller_dag.py for tasks to queue
[2024-03-30T06:23:46.783+0000] {logging_mixin.py:149} INFO - [2024-03-30T06:23:46.783+0000] {dagbag.py:541} INFO - Filling up the DagBag from /home/airflow/.local/lib/python3.7/site-packages/airflow/example_dags/example_trigger_controller_dag.py
[2024-03-30T06:23:46.786+0000] {processor.py:836} INFO - DAG(s) dict_keys(['example_trigger_controller_dag']) retrieved from /home/airflow/.local/lib/python3.7/site-packages/airflow/example_dags/example_trigger_controller_dag.py
[2024-03-30T06:23:46.821+0000] {logging_mixin.py:149} INFO - [2024-03-30T06:23:46.821+0000] {dag.py:2726} INFO - Sync 1 DAGs
[2024-03-30T06:23:46.846+0000] {logging_mixin.py:149} INFO - [2024-03-30T06:23:46.846+0000] {dag.py:3490} INFO - Setting next_dagrun for example_trigger_controller_dag to 2021-01-01T00:00:00+00:00, run_after=2021-01-01T00:00:00+00:00
[2024-03-30T06:23:46.879+0000] {processor.py:179} INFO - Processing /home/airflow/.local/lib/python3.7/site-packages/airflow/example_dags/example_trigger_controller_dag.py took 0.100 seconds
[2024-03-30T06:24:17.225+0000] {processor.py:157} INFO - Started process (PID=1099) to work on /home/airflow/.local/lib/python3.7/site-packages/airflow/example_dags/example_trigger_controller_dag.py
[2024-03-30T06:24:17.226+0000] {processor.py:826} INFO - Processing file /home/airflow/.local/lib/python3.7/site-packages/airflow/example_dags/example_trigger_controller_dag.py for tasks to queue
[2024-03-30T06:24:17.226+0000] {logging_mixin.py:149} INFO - [2024-03-30T06:24:17.226+0000] {dagbag.py:541} INFO - Filling up the DagBag from /home/airflow/.local/lib/python3.7/site-packages/airflow/example_dags/example_trigger_controller_dag.py
[2024-03-30T06:24:17.230+0000] {processor.py:836} INFO - DAG(s) dict_keys(['example_trigger_controller_dag']) retrieved from /home/airflow/.local/lib/python3.7/site-packages/airflow/example_dags/example_trigger_controller_dag.py
[2024-03-30T06:24:17.265+0000] {logging_mixin.py:149} INFO - [2024-03-30T06:24:17.265+0000] {dag.py:2726} INFO - Sync 1 DAGs
[2024-03-30T06:24:17.290+0000] {logging_mixin.py:149} INFO - [2024-03-30T06:24:17.290+0000] {dag.py:3490} INFO - Setting next_dagrun for example_trigger_controller_dag to 2021-01-01T00:00:00+00:00, run_after=2021-01-01T00:00:00+00:00
[2024-03-30T06:24:17.325+0000] {processor.py:179} INFO - Processing /home/airflow/.local/lib/python3.7/site-packages/airflow/example_dags/example_trigger_controller_dag.py took 0.102 seconds
[2024-03-30T06:24:47.702+0000] {processor.py:157} INFO - Started process (PID=1160) to work on /home/airflow/.local/lib/python3.7/site-packages/airflow/example_dags/example_trigger_controller_dag.py
[2024-03-30T06:24:47.704+0000] {processor.py:826} INFO - Processing file /home/airflow/.local/lib/python3.7/site-packages/airflow/example_dags/example_trigger_controller_dag.py for tasks to queue
[2024-03-30T06:24:47.704+0000] {logging_mixin.py:149} INFO - [2024-03-30T06:24:47.704+0000] {dagbag.py:541} INFO - Filling up the DagBag from /home/airflow/.local/lib/python3.7/site-packages/airflow/example_dags/example_trigger_controller_dag.py
[2024-03-30T06:24:47.707+0000] {processor.py:836} INFO - DAG(s) dict_keys(['example_trigger_controller_dag']) retrieved from /home/airflow/.local/lib/python3.7/site-packages/airflow/example_dags/example_trigger_controller_dag.py
[2024-03-30T06:24:47.743+0000] {logging_mixin.py:149} INFO - [2024-03-30T06:24:47.743+0000] {dag.py:2726} INFO - Sync 1 DAGs
[2024-03-30T06:24:47.769+0000] {logging_mixin.py:149} INFO - [2024-03-30T06:24:47.769+0000] {dag.py:3490} INFO - Setting next_dagrun for example_trigger_controller_dag to 2021-01-01T00:00:00+00:00, run_after=2021-01-01T00:00:00+00:00
[2024-03-30T06:24:47.800+0000] {processor.py:179} INFO - Processing /home/airflow/.local/lib/python3.7/site-packages/airflow/example_dags/example_trigger_controller_dag.py took 0.101 seconds
[2024-03-30T06:25:18.103+0000] {processor.py:157} INFO - Started process (PID=1221) to work on /home/airflow/.local/lib/python3.7/site-packages/airflow/example_dags/example_trigger_controller_dag.py
[2024-03-30T06:25:18.104+0000] {processor.py:826} INFO - Processing file /home/airflow/.local/lib/python3.7/site-packages/airflow/example_dags/example_trigger_controller_dag.py for tasks to queue
[2024-03-30T06:25:18.104+0000] {logging_mixin.py:149} INFO - [2024-03-30T06:25:18.104+0000] {dagbag.py:541} INFO - Filling up the DagBag from /home/airflow/.local/lib/python3.7/site-packages/airflow/example_dags/example_trigger_controller_dag.py
[2024-03-30T06:25:18.108+0000] {processor.py:836} INFO - DAG(s) dict_keys(['example_trigger_controller_dag']) retrieved from /home/airflow/.local/lib/python3.7/site-packages/airflow/example_dags/example_trigger_controller_dag.py
[2024-03-30T06:25:18.143+0000] {logging_mixin.py:149} INFO - [2024-03-30T06:25:18.142+0000] {dag.py:2726} INFO - Sync 1 DAGs
[2024-03-30T06:25:18.168+0000] {logging_mixin.py:149} INFO - [2024-03-30T06:25:18.168+0000] {dag.py:3490} INFO - Setting next_dagrun for example_trigger_controller_dag to 2021-01-01T00:00:00+00:00, run_after=2021-01-01T00:00:00+00:00
[2024-03-30T06:25:18.203+0000] {processor.py:179} INFO - Processing /home/airflow/.local/lib/python3.7/site-packages/airflow/example_dags/example_trigger_controller_dag.py took 0.103 seconds
[2024-03-30T06:25:48.412+0000] {processor.py:157} INFO - Started process (PID=1282) to work on /home/airflow/.local/lib/python3.7/site-packages/airflow/example_dags/example_trigger_controller_dag.py
[2024-03-30T06:25:48.413+0000] {processor.py:826} INFO - Processing file /home/airflow/.local/lib/python3.7/site-packages/airflow/example_dags/example_trigger_controller_dag.py for tasks to queue
[2024-03-30T06:25:48.414+0000] {logging_mixin.py:149} INFO - [2024-03-30T06:25:48.413+0000] {dagbag.py:541} INFO - Filling up the DagBag from /home/airflow/.local/lib/python3.7/site-packages/airflow/example_dags/example_trigger_controller_dag.py
[2024-03-30T06:25:48.417+0000] {processor.py:836} INFO - DAG(s) dict_keys(['example_trigger_controller_dag']) retrieved from /home/airflow/.local/lib/python3.7/site-packages/airflow/example_dags/example_trigger_controller_dag.py
[2024-03-30T06:25:48.452+0000] {logging_mixin.py:149} INFO - [2024-03-30T06:25:48.452+0000] {dag.py:2726} INFO - Sync 1 DAGs
[2024-03-30T06:25:48.478+0000] {logging_mixin.py:149} INFO - [2024-03-30T06:25:48.478+0000] {dag.py:3490} INFO - Setting next_dagrun for example_trigger_controller_dag to 2021-01-01T00:00:00+00:00, run_after=2021-01-01T00:00:00+00:00
[2024-03-30T06:25:48.516+0000] {processor.py:179} INFO - Processing /home/airflow/.local/lib/python3.7/site-packages/airflow/example_dags/example_trigger_controller_dag.py took 0.106 seconds
[2024-03-30T06:26:19.270+0000] {processor.py:157} INFO - Started process (PID=1343) to work on /home/airflow/.local/lib/python3.7/site-packages/airflow/example_dags/example_trigger_controller_dag.py
[2024-03-30T06:26:19.271+0000] {processor.py:826} INFO - Processing file /home/airflow/.local/lib/python3.7/site-packages/airflow/example_dags/example_trigger_controller_dag.py for tasks to queue
[2024-03-30T06:26:19.271+0000] {logging_mixin.py:149} INFO - [2024-03-30T06:26:19.271+0000] {dagbag.py:541} INFO - Filling up the DagBag from /home/airflow/.local/lib/python3.7/site-packages/airflow/example_dags/example_trigger_controller_dag.py
[2024-03-30T06:26:19.275+0000] {processor.py:836} INFO - DAG(s) dict_keys(['example_trigger_controller_dag']) retrieved from /home/airflow/.local/lib/python3.7/site-packages/airflow/example_dags/example_trigger_controller_dag.py
[2024-03-30T06:26:19.316+0000] {logging_mixin.py:149} INFO - [2024-03-30T06:26:19.316+0000] {dag.py:2726} INFO - Sync 1 DAGs
[2024-03-30T06:26:19.344+0000] {logging_mixin.py:149} INFO - [2024-03-30T06:26:19.344+0000] {dag.py:3490} INFO - Setting next_dagrun for example_trigger_controller_dag to 2021-01-01T00:00:00+00:00, run_after=2021-01-01T00:00:00+00:00
[2024-03-30T06:26:19.381+0000] {processor.py:179} INFO - Processing /home/airflow/.local/lib/python3.7/site-packages/airflow/example_dags/example_trigger_controller_dag.py took 0.113 seconds
[2024-03-30T06:26:50.211+0000] {processor.py:157} INFO - Started process (PID=1405) to work on /home/airflow/.local/lib/python3.7/site-packages/airflow/example_dags/example_trigger_controller_dag.py
[2024-03-30T06:26:50.212+0000] {processor.py:826} INFO - Processing file /home/airflow/.local/lib/python3.7/site-packages/airflow/example_dags/example_trigger_controller_dag.py for tasks to queue
[2024-03-30T06:26:50.212+0000] {logging_mixin.py:149} INFO - [2024-03-30T06:26:50.212+0000] {dagbag.py:541} INFO - Filling up the DagBag from /home/airflow/.local/lib/python3.7/site-packages/airflow/example_dags/example_trigger_controller_dag.py
[2024-03-30T06:26:50.217+0000] {processor.py:836} INFO - DAG(s) dict_keys(['example_trigger_controller_dag']) retrieved from /home/airflow/.local/lib/python3.7/site-packages/airflow/example_dags/example_trigger_controller_dag.py
[2024-03-30T06:26:50.253+0000] {logging_mixin.py:149} INFO - [2024-03-30T06:26:50.253+0000] {dag.py:2726} INFO - Sync 1 DAGs
[2024-03-30T06:26:50.285+0000] {logging_mixin.py:149} INFO - [2024-03-30T06:26:50.284+0000] {dag.py:3490} INFO - Setting next_dagrun for example_trigger_controller_dag to 2021-01-01T00:00:00+00:00, run_after=2021-01-01T00:00:00+00:00
[2024-03-30T06:26:50.318+0000] {processor.py:179} INFO - Processing /home/airflow/.local/lib/python3.7/site-packages/airflow/example_dags/example_trigger_controller_dag.py took 0.110 seconds
[2024-03-30T06:27:20.838+0000] {processor.py:157} INFO - Started process (PID=1466) to work on /home/airflow/.local/lib/python3.7/site-packages/airflow/example_dags/example_trigger_controller_dag.py
[2024-03-30T06:27:20.838+0000] {processor.py:826} INFO - Processing file /home/airflow/.local/lib/python3.7/site-packages/airflow/example_dags/example_trigger_controller_dag.py for tasks to queue
[2024-03-30T06:27:20.839+0000] {logging_mixin.py:149} INFO - [2024-03-30T06:27:20.839+0000] {dagbag.py:541} INFO - Filling up the DagBag from /home/airflow/.local/lib/python3.7/site-packages/airflow/example_dags/example_trigger_controller_dag.py
[2024-03-30T06:27:20.842+0000] {processor.py:836} INFO - DAG(s) dict_keys(['example_trigger_controller_dag']) retrieved from /home/airflow/.local/lib/python3.7/site-packages/airflow/example_dags/example_trigger_controller_dag.py
[2024-03-30T06:27:20.883+0000] {logging_mixin.py:149} INFO - [2024-03-30T06:27:20.882+0000] {dag.py:2726} INFO - Sync 1 DAGs
[2024-03-30T06:27:20.910+0000] {logging_mixin.py:149} INFO - [2024-03-30T06:27:20.909+0000] {dag.py:3490} INFO - Setting next_dagrun for example_trigger_controller_dag to 2021-01-01T00:00:00+00:00, run_after=2021-01-01T00:00:00+00:00
[2024-03-30T06:27:20.944+0000] {processor.py:179} INFO - Processing /home/airflow/.local/lib/python3.7/site-packages/airflow/example_dags/example_trigger_controller_dag.py took 0.110 seconds
[2024-03-30T06:27:51.796+0000] {processor.py:157} INFO - Started process (PID=1528) to work on /home/airflow/.local/lib/python3.7/site-packages/airflow/example_dags/example_trigger_controller_dag.py
[2024-03-30T06:27:51.798+0000] {processor.py:826} INFO - Processing file /home/airflow/.local/lib/python3.7/site-packages/airflow/example_dags/example_trigger_controller_dag.py for tasks to queue
[2024-03-30T06:27:51.799+0000] {logging_mixin.py:149} INFO - [2024-03-30T06:27:51.799+0000] {dagbag.py:541} INFO - Filling up the DagBag from /home/airflow/.local/lib/python3.7/site-packages/airflow/example_dags/example_trigger_controller_dag.py
[2024-03-30T06:27:51.806+0000] {processor.py:836} INFO - DAG(s) dict_keys(['example_trigger_controller_dag']) retrieved from /home/airflow/.local/lib/python3.7/site-packages/airflow/example_dags/example_trigger_controller_dag.py
[2024-03-30T06:27:51.866+0000] {logging_mixin.py:149} INFO - [2024-03-30T06:27:51.866+0000] {dag.py:2726} INFO - Sync 1 DAGs
[2024-03-30T06:27:51.898+0000] {logging_mixin.py:149} INFO - [2024-03-30T06:27:51.897+0000] {dag.py:3490} INFO - Setting next_dagrun for example_trigger_controller_dag to 2021-01-01T00:00:00+00:00, run_after=2021-01-01T00:00:00+00:00
[2024-03-30T06:27:51.938+0000] {processor.py:179} INFO - Processing /home/airflow/.local/lib/python3.7/site-packages/airflow/example_dags/example_trigger_controller_dag.py took 0.147 seconds
[2024-03-30T06:28:22.554+0000] {processor.py:157} INFO - Started process (PID=1589) to work on /home/airflow/.local/lib/python3.7/site-packages/airflow/example_dags/example_trigger_controller_dag.py
[2024-03-30T06:28:22.555+0000] {processor.py:826} INFO - Processing file /home/airflow/.local/lib/python3.7/site-packages/airflow/example_dags/example_trigger_controller_dag.py for tasks to queue
[2024-03-30T06:28:22.555+0000] {logging_mixin.py:149} INFO - [2024-03-30T06:28:22.555+0000] {dagbag.py:541} INFO - Filling up the DagBag from /home/airflow/.local/lib/python3.7/site-packages/airflow/example_dags/example_trigger_controller_dag.py
[2024-03-30T06:28:22.558+0000] {processor.py:836} INFO - DAG(s) dict_keys(['example_trigger_controller_dag']) retrieved from /home/airflow/.local/lib/python3.7/site-packages/airflow/example_dags/example_trigger_controller_dag.py
[2024-03-30T06:28:22.598+0000] {logging_mixin.py:149} INFO - [2024-03-30T06:28:22.598+0000] {dag.py:2726} INFO - Sync 1 DAGs
[2024-03-30T06:28:22.623+0000] {logging_mixin.py:149} INFO - [2024-03-30T06:28:22.623+0000] {dag.py:3490} INFO - Setting next_dagrun for example_trigger_controller_dag to 2021-01-01T00:00:00+00:00, run_after=2021-01-01T00:00:00+00:00
[2024-03-30T06:28:22.659+0000] {processor.py:179} INFO - Processing /home/airflow/.local/lib/python3.7/site-packages/airflow/example_dags/example_trigger_controller_dag.py took 0.107 seconds
[2024-03-30T06:28:53.204+0000] {processor.py:157} INFO - Started process (PID=1650) to work on /home/airflow/.local/lib/python3.7/site-packages/airflow/example_dags/example_trigger_controller_dag.py
[2024-03-30T06:28:53.205+0000] {processor.py:826} INFO - Processing file /home/airflow/.local/lib/python3.7/site-packages/airflow/example_dags/example_trigger_controller_dag.py for tasks to queue
[2024-03-30T06:28:53.205+0000] {logging_mixin.py:149} INFO - [2024-03-30T06:28:53.205+0000] {dagbag.py:541} INFO - Filling up the DagBag from /home/airflow/.local/lib/python3.7/site-packages/airflow/example_dags/example_trigger_controller_dag.py
[2024-03-30T06:28:53.208+0000] {processor.py:836} INFO - DAG(s) dict_keys(['example_trigger_controller_dag']) retrieved from /home/airflow/.local/lib/python3.7/site-packages/airflow/example_dags/example_trigger_controller_dag.py
[2024-03-30T06:28:53.245+0000] {logging_mixin.py:149} INFO - [2024-03-30T06:28:53.245+0000] {dag.py:2726} INFO - Sync 1 DAGs
[2024-03-30T06:28:53.270+0000] {logging_mixin.py:149} INFO - [2024-03-30T06:28:53.270+0000] {dag.py:3490} INFO - Setting next_dagrun for example_trigger_controller_dag to 2021-01-01T00:00:00+00:00, run_after=2021-01-01T00:00:00+00:00
[2024-03-30T06:28:53.305+0000] {processor.py:179} INFO - Processing /home/airflow/.local/lib/python3.7/site-packages/airflow/example_dags/example_trigger_controller_dag.py took 0.104 seconds
[2024-03-30T06:29:23.508+0000] {processor.py:157} INFO - Started process (PID=1711) to work on /home/airflow/.local/lib/python3.7/site-packages/airflow/example_dags/example_trigger_controller_dag.py
[2024-03-30T06:29:23.509+0000] {processor.py:826} INFO - Processing file /home/airflow/.local/lib/python3.7/site-packages/airflow/example_dags/example_trigger_controller_dag.py for tasks to queue
[2024-03-30T06:29:23.510+0000] {logging_mixin.py:149} INFO - [2024-03-30T06:29:23.510+0000] {dagbag.py:541} INFO - Filling up the DagBag from /home/airflow/.local/lib/python3.7/site-packages/airflow/example_dags/example_trigger_controller_dag.py
[2024-03-30T06:29:23.513+0000] {processor.py:836} INFO - DAG(s) dict_keys(['example_trigger_controller_dag']) retrieved from /home/airflow/.local/lib/python3.7/site-packages/airflow/example_dags/example_trigger_controller_dag.py
[2024-03-30T06:29:23.551+0000] {logging_mixin.py:149} INFO - [2024-03-30T06:29:23.551+0000] {dag.py:2726} INFO - Sync 1 DAGs
[2024-03-30T06:29:23.619+0000] {logging_mixin.py:149} INFO - [2024-03-30T06:29:23.619+0000] {dag.py:3490} INFO - Setting next_dagrun for example_trigger_controller_dag to 2021-01-01T00:00:00+00:00, run_after=2021-01-01T00:00:00+00:00
[2024-03-30T06:29:23.653+0000] {processor.py:179} INFO - Processing /home/airflow/.local/lib/python3.7/site-packages/airflow/example_dags/example_trigger_controller_dag.py took 0.148 seconds
[2024-03-30T06:29:54.219+0000] {processor.py:157} INFO - Started process (PID=1772) to work on /home/airflow/.local/lib/python3.7/site-packages/airflow/example_dags/example_trigger_controller_dag.py
[2024-03-30T06:29:54.220+0000] {processor.py:826} INFO - Processing file /home/airflow/.local/lib/python3.7/site-packages/airflow/example_dags/example_trigger_controller_dag.py for tasks to queue
[2024-03-30T06:29:54.221+0000] {logging_mixin.py:149} INFO - [2024-03-30T06:29:54.221+0000] {dagbag.py:541} INFO - Filling up the DagBag from /home/airflow/.local/lib/python3.7/site-packages/airflow/example_dags/example_trigger_controller_dag.py
[2024-03-30T06:29:54.224+0000] {processor.py:836} INFO - DAG(s) dict_keys(['example_trigger_controller_dag']) retrieved from /home/airflow/.local/lib/python3.7/site-packages/airflow/example_dags/example_trigger_controller_dag.py
[2024-03-30T06:29:54.263+0000] {logging_mixin.py:149} INFO - [2024-03-30T06:29:54.262+0000] {dag.py:2726} INFO - Sync 1 DAGs
[2024-03-30T06:29:54.292+0000] {logging_mixin.py:149} INFO - [2024-03-30T06:29:54.292+0000] {dag.py:3490} INFO - Setting next_dagrun for example_trigger_controller_dag to 2021-01-01T00:00:00+00:00, run_after=2021-01-01T00:00:00+00:00
[2024-03-30T06:29:54.339+0000] {processor.py:179} INFO - Processing /home/airflow/.local/lib/python3.7/site-packages/airflow/example_dags/example_trigger_controller_dag.py took 0.123 seconds
[2024-03-30T06:30:24.550+0000] {processor.py:157} INFO - Started process (PID=1840) to work on /home/airflow/.local/lib/python3.7/site-packages/airflow/example_dags/example_trigger_controller_dag.py
[2024-03-30T06:30:24.551+0000] {processor.py:826} INFO - Processing file /home/airflow/.local/lib/python3.7/site-packages/airflow/example_dags/example_trigger_controller_dag.py for tasks to queue
[2024-03-30T06:30:24.552+0000] {logging_mixin.py:149} INFO - [2024-03-30T06:30:24.551+0000] {dagbag.py:541} INFO - Filling up the DagBag from /home/airflow/.local/lib/python3.7/site-packages/airflow/example_dags/example_trigger_controller_dag.py
[2024-03-30T06:30:24.555+0000] {processor.py:836} INFO - DAG(s) dict_keys(['example_trigger_controller_dag']) retrieved from /home/airflow/.local/lib/python3.7/site-packages/airflow/example_dags/example_trigger_controller_dag.py
[2024-03-30T06:30:24.591+0000] {logging_mixin.py:149} INFO - [2024-03-30T06:30:24.590+0000] {dag.py:2726} INFO - Sync 1 DAGs
[2024-03-30T06:30:24.620+0000] {logging_mixin.py:149} INFO - [2024-03-30T06:30:24.620+0000] {dag.py:3490} INFO - Setting next_dagrun for example_trigger_controller_dag to 2021-01-01T00:00:00+00:00, run_after=2021-01-01T00:00:00+00:00
[2024-03-30T06:30:24.656+0000] {processor.py:179} INFO - Processing /home/airflow/.local/lib/python3.7/site-packages/airflow/example_dags/example_trigger_controller_dag.py took 0.110 seconds
[2024-03-30T06:30:55.355+0000] {processor.py:157} INFO - Started process (PID=1901) to work on /home/airflow/.local/lib/python3.7/site-packages/airflow/example_dags/example_trigger_controller_dag.py
[2024-03-30T06:30:55.357+0000] {processor.py:826} INFO - Processing file /home/airflow/.local/lib/python3.7/site-packages/airflow/example_dags/example_trigger_controller_dag.py for tasks to queue
[2024-03-30T06:30:55.358+0000] {logging_mixin.py:149} INFO - [2024-03-30T06:30:55.358+0000] {dagbag.py:541} INFO - Filling up the DagBag from /home/airflow/.local/lib/python3.7/site-packages/airflow/example_dags/example_trigger_controller_dag.py
[2024-03-30T06:30:55.363+0000] {processor.py:836} INFO - DAG(s) dict_keys(['example_trigger_controller_dag']) retrieved from /home/airflow/.local/lib/python3.7/site-packages/airflow/example_dags/example_trigger_controller_dag.py
[2024-03-30T06:30:55.456+0000] {logging_mixin.py:149} INFO - [2024-03-30T06:30:55.455+0000] {dag.py:2726} INFO - Sync 1 DAGs
[2024-03-30T06:30:55.498+0000] {logging_mixin.py:149} INFO - [2024-03-30T06:30:55.497+0000] {dag.py:3490} INFO - Setting next_dagrun for example_trigger_controller_dag to 2021-01-01T00:00:00+00:00, run_after=2021-01-01T00:00:00+00:00
[2024-03-30T06:30:55.542+0000] {processor.py:179} INFO - Processing /home/airflow/.local/lib/python3.7/site-packages/airflow/example_dags/example_trigger_controller_dag.py took 0.191 seconds
[2024-03-30T06:31:26.312+0000] {processor.py:157} INFO - Started process (PID=1962) to work on /home/airflow/.local/lib/python3.7/site-packages/airflow/example_dags/example_trigger_controller_dag.py
[2024-03-30T06:31:26.313+0000] {processor.py:826} INFO - Processing file /home/airflow/.local/lib/python3.7/site-packages/airflow/example_dags/example_trigger_controller_dag.py for tasks to queue
[2024-03-30T06:31:26.315+0000] {logging_mixin.py:149} INFO - [2024-03-30T06:31:26.315+0000] {dagbag.py:541} INFO - Filling up the DagBag from /home/airflow/.local/lib/python3.7/site-packages/airflow/example_dags/example_trigger_controller_dag.py
[2024-03-30T06:31:26.325+0000] {processor.py:836} INFO - DAG(s) dict_keys(['example_trigger_controller_dag']) retrieved from /home/airflow/.local/lib/python3.7/site-packages/airflow/example_dags/example_trigger_controller_dag.py
[2024-03-30T06:31:26.401+0000] {logging_mixin.py:149} INFO - [2024-03-30T06:31:26.401+0000] {dag.py:2726} INFO - Sync 1 DAGs
[2024-03-30T06:31:26.433+0000] {logging_mixin.py:149} INFO - [2024-03-30T06:31:26.433+0000] {dag.py:3490} INFO - Setting next_dagrun for example_trigger_controller_dag to 2021-01-01T00:00:00+00:00, run_after=2021-01-01T00:00:00+00:00
[2024-03-30T06:31:26.479+0000] {processor.py:179} INFO - Processing /home/airflow/.local/lib/python3.7/site-packages/airflow/example_dags/example_trigger_controller_dag.py took 0.171 seconds
[2024-03-30T08:20:58.527+0000] {processor.py:157} INFO - Started process (PID=70) to work on /home/airflow/.local/lib/python3.7/site-packages/airflow/example_dags/example_trigger_controller_dag.py
[2024-03-30T08:20:58.530+0000] {processor.py:826} INFO - Processing file /home/airflow/.local/lib/python3.7/site-packages/airflow/example_dags/example_trigger_controller_dag.py for tasks to queue
[2024-03-30T08:20:58.530+0000] {logging_mixin.py:149} INFO - [2024-03-30T08:20:58.530+0000] {dagbag.py:541} INFO - Filling up the DagBag from /home/airflow/.local/lib/python3.7/site-packages/airflow/example_dags/example_trigger_controller_dag.py
[2024-03-30T08:20:58.536+0000] {processor.py:836} INFO - DAG(s) dict_keys(['example_trigger_controller_dag']) retrieved from /home/airflow/.local/lib/python3.7/site-packages/airflow/example_dags/example_trigger_controller_dag.py
[2024-03-30T08:20:58.586+0000] {logging_mixin.py:149} INFO - [2024-03-30T08:20:58.586+0000] {dag.py:2726} INFO - Sync 1 DAGs
[2024-03-30T08:20:58.624+0000] {logging_mixin.py:149} INFO - [2024-03-30T08:20:58.623+0000] {dag.py:3490} INFO - Setting next_dagrun for example_trigger_controller_dag to 2021-01-01T00:00:00+00:00, run_after=2021-01-01T00:00:00+00:00
[2024-03-30T08:20:58.679+0000] {processor.py:179} INFO - Processing /home/airflow/.local/lib/python3.7/site-packages/airflow/example_dags/example_trigger_controller_dag.py took 0.156 seconds
[2024-03-30T08:21:29.129+0000] {processor.py:157} INFO - Started process (PID=131) to work on /home/airflow/.local/lib/python3.7/site-packages/airflow/example_dags/example_trigger_controller_dag.py
[2024-03-30T08:21:29.130+0000] {processor.py:826} INFO - Processing file /home/airflow/.local/lib/python3.7/site-packages/airflow/example_dags/example_trigger_controller_dag.py for tasks to queue
[2024-03-30T08:21:29.131+0000] {logging_mixin.py:149} INFO - [2024-03-30T08:21:29.131+0000] {dagbag.py:541} INFO - Filling up the DagBag from /home/airflow/.local/lib/python3.7/site-packages/airflow/example_dags/example_trigger_controller_dag.py
[2024-03-30T08:21:29.135+0000] {processor.py:836} INFO - DAG(s) dict_keys(['example_trigger_controller_dag']) retrieved from /home/airflow/.local/lib/python3.7/site-packages/airflow/example_dags/example_trigger_controller_dag.py
[2024-03-30T08:21:29.177+0000] {logging_mixin.py:149} INFO - [2024-03-30T08:21:29.177+0000] {dag.py:2726} INFO - Sync 1 DAGs
[2024-03-30T08:21:29.253+0000] {logging_mixin.py:149} INFO - [2024-03-30T08:21:29.252+0000] {dag.py:3490} INFO - Setting next_dagrun for example_trigger_controller_dag to 2021-01-01T00:00:00+00:00, run_after=2021-01-01T00:00:00+00:00
[2024-03-30T08:21:29.288+0000] {processor.py:179} INFO - Processing /home/airflow/.local/lib/python3.7/site-packages/airflow/example_dags/example_trigger_controller_dag.py took 0.163 seconds
[2024-03-30T08:22:00.177+0000] {processor.py:157} INFO - Started process (PID=192) to work on /home/airflow/.local/lib/python3.7/site-packages/airflow/example_dags/example_trigger_controller_dag.py
[2024-03-30T08:22:00.178+0000] {processor.py:826} INFO - Processing file /home/airflow/.local/lib/python3.7/site-packages/airflow/example_dags/example_trigger_controller_dag.py for tasks to queue
[2024-03-30T08:22:00.179+0000] {logging_mixin.py:149} INFO - [2024-03-30T08:22:00.179+0000] {dagbag.py:541} INFO - Filling up the DagBag from /home/airflow/.local/lib/python3.7/site-packages/airflow/example_dags/example_trigger_controller_dag.py
[2024-03-30T08:22:00.182+0000] {processor.py:836} INFO - DAG(s) dict_keys(['example_trigger_controller_dag']) retrieved from /home/airflow/.local/lib/python3.7/site-packages/airflow/example_dags/example_trigger_controller_dag.py
[2024-03-30T08:22:00.239+0000] {logging_mixin.py:149} INFO - [2024-03-30T08:22:00.239+0000] {dag.py:2726} INFO - Sync 1 DAGs
[2024-03-30T08:22:00.383+0000] {logging_mixin.py:149} INFO - [2024-03-30T08:22:00.382+0000] {dag.py:3490} INFO - Setting next_dagrun for example_trigger_controller_dag to 2021-01-01T00:00:00+00:00, run_after=2021-01-01T00:00:00+00:00
[2024-03-30T08:22:00.424+0000] {processor.py:179} INFO - Processing /home/airflow/.local/lib/python3.7/site-packages/airflow/example_dags/example_trigger_controller_dag.py took 0.249 seconds
[2024-03-30T08:22:31.261+0000] {processor.py:157} INFO - Started process (PID=253) to work on /home/airflow/.local/lib/python3.7/site-packages/airflow/example_dags/example_trigger_controller_dag.py
[2024-03-30T08:22:31.262+0000] {processor.py:826} INFO - Processing file /home/airflow/.local/lib/python3.7/site-packages/airflow/example_dags/example_trigger_controller_dag.py for tasks to queue
[2024-03-30T08:22:31.263+0000] {logging_mixin.py:149} INFO - [2024-03-30T08:22:31.263+0000] {dagbag.py:541} INFO - Filling up the DagBag from /home/airflow/.local/lib/python3.7/site-packages/airflow/example_dags/example_trigger_controller_dag.py
[2024-03-30T08:22:31.267+0000] {processor.py:836} INFO - DAG(s) dict_keys(['example_trigger_controller_dag']) retrieved from /home/airflow/.local/lib/python3.7/site-packages/airflow/example_dags/example_trigger_controller_dag.py
[2024-03-30T08:22:31.314+0000] {logging_mixin.py:149} INFO - [2024-03-30T08:22:31.314+0000] {dag.py:2726} INFO - Sync 1 DAGs
[2024-03-30T08:22:31.395+0000] {logging_mixin.py:149} INFO - [2024-03-30T08:22:31.395+0000] {dag.py:3490} INFO - Setting next_dagrun for example_trigger_controller_dag to 2021-01-01T00:00:00+00:00, run_after=2021-01-01T00:00:00+00:00
[2024-03-30T08:22:31.450+0000] {processor.py:179} INFO - Processing /home/airflow/.local/lib/python3.7/site-packages/airflow/example_dags/example_trigger_controller_dag.py took 0.192 seconds
[2024-03-30T08:23:01.553+0000] {processor.py:157} INFO - Started process (PID=314) to work on /home/airflow/.local/lib/python3.7/site-packages/airflow/example_dags/example_trigger_controller_dag.py
[2024-03-30T08:23:01.554+0000] {processor.py:826} INFO - Processing file /home/airflow/.local/lib/python3.7/site-packages/airflow/example_dags/example_trigger_controller_dag.py for tasks to queue
[2024-03-30T08:23:01.554+0000] {logging_mixin.py:149} INFO - [2024-03-30T08:23:01.554+0000] {dagbag.py:541} INFO - Filling up the DagBag from /home/airflow/.local/lib/python3.7/site-packages/airflow/example_dags/example_trigger_controller_dag.py
[2024-03-30T08:23:01.561+0000] {processor.py:836} INFO - DAG(s) dict_keys(['example_trigger_controller_dag']) retrieved from /home/airflow/.local/lib/python3.7/site-packages/airflow/example_dags/example_trigger_controller_dag.py
[2024-03-30T08:23:01.610+0000] {logging_mixin.py:149} INFO - [2024-03-30T08:23:01.609+0000] {dag.py:2726} INFO - Sync 1 DAGs
[2024-03-30T08:23:01.640+0000] {logging_mixin.py:149} INFO - [2024-03-30T08:23:01.639+0000] {dag.py:3490} INFO - Setting next_dagrun for example_trigger_controller_dag to 2021-01-01T00:00:00+00:00, run_after=2021-01-01T00:00:00+00:00
[2024-03-30T08:23:01.682+0000] {processor.py:179} INFO - Processing /home/airflow/.local/lib/python3.7/site-packages/airflow/example_dags/example_trigger_controller_dag.py took 0.133 seconds
[2024-03-30T08:23:32.416+0000] {processor.py:157} INFO - Started process (PID=375) to work on /home/airflow/.local/lib/python3.7/site-packages/airflow/example_dags/example_trigger_controller_dag.py
[2024-03-30T08:23:32.418+0000] {processor.py:826} INFO - Processing file /home/airflow/.local/lib/python3.7/site-packages/airflow/example_dags/example_trigger_controller_dag.py for tasks to queue
[2024-03-30T08:23:32.419+0000] {logging_mixin.py:149} INFO - [2024-03-30T08:23:32.419+0000] {dagbag.py:541} INFO - Filling up the DagBag from /home/airflow/.local/lib/python3.7/site-packages/airflow/example_dags/example_trigger_controller_dag.py
[2024-03-30T08:23:32.423+0000] {processor.py:836} INFO - DAG(s) dict_keys(['example_trigger_controller_dag']) retrieved from /home/airflow/.local/lib/python3.7/site-packages/airflow/example_dags/example_trigger_controller_dag.py
[2024-03-30T08:23:32.471+0000] {logging_mixin.py:149} INFO - [2024-03-30T08:23:32.471+0000] {dag.py:2726} INFO - Sync 1 DAGs
[2024-03-30T08:23:32.544+0000] {logging_mixin.py:149} INFO - [2024-03-30T08:23:32.544+0000] {dag.py:3490} INFO - Setting next_dagrun for example_trigger_controller_dag to 2021-01-01T00:00:00+00:00, run_after=2021-01-01T00:00:00+00:00
[2024-03-30T08:23:32.588+0000] {processor.py:179} INFO - Processing /home/airflow/.local/lib/python3.7/site-packages/airflow/example_dags/example_trigger_controller_dag.py took 0.176 seconds
[2024-03-30T08:24:03.303+0000] {processor.py:157} INFO - Started process (PID=435) to work on /home/airflow/.local/lib/python3.7/site-packages/airflow/example_dags/example_trigger_controller_dag.py
[2024-03-30T08:24:03.304+0000] {processor.py:826} INFO - Processing file /home/airflow/.local/lib/python3.7/site-packages/airflow/example_dags/example_trigger_controller_dag.py for tasks to queue
[2024-03-30T08:24:03.304+0000] {logging_mixin.py:149} INFO - [2024-03-30T08:24:03.304+0000] {dagbag.py:541} INFO - Filling up the DagBag from /home/airflow/.local/lib/python3.7/site-packages/airflow/example_dags/example_trigger_controller_dag.py
[2024-03-30T08:24:03.308+0000] {processor.py:836} INFO - DAG(s) dict_keys(['example_trigger_controller_dag']) retrieved from /home/airflow/.local/lib/python3.7/site-packages/airflow/example_dags/example_trigger_controller_dag.py
[2024-03-30T08:24:03.360+0000] {logging_mixin.py:149} INFO - [2024-03-30T08:24:03.360+0000] {dag.py:2726} INFO - Sync 1 DAGs
[2024-03-30T08:24:03.441+0000] {logging_mixin.py:149} INFO - [2024-03-30T08:24:03.440+0000] {dag.py:3490} INFO - Setting next_dagrun for example_trigger_controller_dag to 2021-01-01T00:00:00+00:00, run_after=2021-01-01T00:00:00+00:00
[2024-03-30T08:24:03.495+0000] {processor.py:179} INFO - Processing /home/airflow/.local/lib/python3.7/site-packages/airflow/example_dags/example_trigger_controller_dag.py took 0.195 seconds
[2024-03-30T08:24:33.871+0000] {processor.py:157} INFO - Started process (PID=496) to work on /home/airflow/.local/lib/python3.7/site-packages/airflow/example_dags/example_trigger_controller_dag.py
[2024-03-30T08:24:33.873+0000] {processor.py:826} INFO - Processing file /home/airflow/.local/lib/python3.7/site-packages/airflow/example_dags/example_trigger_controller_dag.py for tasks to queue
[2024-03-30T08:24:33.874+0000] {logging_mixin.py:149} INFO - [2024-03-30T08:24:33.874+0000] {dagbag.py:541} INFO - Filling up the DagBag from /home/airflow/.local/lib/python3.7/site-packages/airflow/example_dags/example_trigger_controller_dag.py
[2024-03-30T08:24:33.881+0000] {processor.py:836} INFO - DAG(s) dict_keys(['example_trigger_controller_dag']) retrieved from /home/airflow/.local/lib/python3.7/site-packages/airflow/example_dags/example_trigger_controller_dag.py
[2024-03-30T08:24:33.936+0000] {logging_mixin.py:149} INFO - [2024-03-30T08:24:33.936+0000] {dag.py:2726} INFO - Sync 1 DAGs
[2024-03-30T08:24:33.967+0000] {logging_mixin.py:149} INFO - [2024-03-30T08:24:33.966+0000] {dag.py:3490} INFO - Setting next_dagrun for example_trigger_controller_dag to 2021-01-01T00:00:00+00:00, run_after=2021-01-01T00:00:00+00:00
[2024-03-30T08:24:34.007+0000] {processor.py:179} INFO - Processing /home/airflow/.local/lib/python3.7/site-packages/airflow/example_dags/example_trigger_controller_dag.py took 0.140 seconds
[2024-03-30T08:25:04.031+0000] {processor.py:157} INFO - Started process (PID=556) to work on /home/airflow/.local/lib/python3.7/site-packages/airflow/example_dags/example_trigger_controller_dag.py
[2024-03-30T08:25:04.032+0000] {processor.py:826} INFO - Processing file /home/airflow/.local/lib/python3.7/site-packages/airflow/example_dags/example_trigger_controller_dag.py for tasks to queue
[2024-03-30T08:25:04.033+0000] {logging_mixin.py:149} INFO - [2024-03-30T08:25:04.033+0000] {dagbag.py:541} INFO - Filling up the DagBag from /home/airflow/.local/lib/python3.7/site-packages/airflow/example_dags/example_trigger_controller_dag.py
[2024-03-30T08:25:04.039+0000] {processor.py:836} INFO - DAG(s) dict_keys(['example_trigger_controller_dag']) retrieved from /home/airflow/.local/lib/python3.7/site-packages/airflow/example_dags/example_trigger_controller_dag.py
[2024-03-30T08:25:04.080+0000] {logging_mixin.py:149} INFO - [2024-03-30T08:25:04.080+0000] {dag.py:2726} INFO - Sync 1 DAGs
[2024-03-30T08:25:04.107+0000] {logging_mixin.py:149} INFO - [2024-03-30T08:25:04.107+0000] {dag.py:3490} INFO - Setting next_dagrun for example_trigger_controller_dag to 2021-01-01T00:00:00+00:00, run_after=2021-01-01T00:00:00+00:00
[2024-03-30T08:25:04.146+0000] {processor.py:179} INFO - Processing /home/airflow/.local/lib/python3.7/site-packages/airflow/example_dags/example_trigger_controller_dag.py took 0.119 seconds
[2024-03-30T08:25:34.368+0000] {processor.py:157} INFO - Started process (PID=617) to work on /home/airflow/.local/lib/python3.7/site-packages/airflow/example_dags/example_trigger_controller_dag.py
[2024-03-30T08:25:34.369+0000] {processor.py:826} INFO - Processing file /home/airflow/.local/lib/python3.7/site-packages/airflow/example_dags/example_trigger_controller_dag.py for tasks to queue
[2024-03-30T08:25:34.369+0000] {logging_mixin.py:149} INFO - [2024-03-30T08:25:34.369+0000] {dagbag.py:541} INFO - Filling up the DagBag from /home/airflow/.local/lib/python3.7/site-packages/airflow/example_dags/example_trigger_controller_dag.py
[2024-03-30T08:25:34.373+0000] {processor.py:836} INFO - DAG(s) dict_keys(['example_trigger_controller_dag']) retrieved from /home/airflow/.local/lib/python3.7/site-packages/airflow/example_dags/example_trigger_controller_dag.py
[2024-03-30T08:25:34.415+0000] {logging_mixin.py:149} INFO - [2024-03-30T08:25:34.415+0000] {dag.py:2726} INFO - Sync 1 DAGs
[2024-03-30T08:25:34.492+0000] {logging_mixin.py:149} INFO - [2024-03-30T08:25:34.492+0000] {dag.py:3490} INFO - Setting next_dagrun for example_trigger_controller_dag to 2021-01-01T00:00:00+00:00, run_after=2021-01-01T00:00:00+00:00
[2024-03-30T08:25:34.541+0000] {processor.py:179} INFO - Processing /home/airflow/.local/lib/python3.7/site-packages/airflow/example_dags/example_trigger_controller_dag.py took 0.177 seconds
[2024-03-30T08:26:04.860+0000] {processor.py:157} INFO - Started process (PID=680) to work on /home/airflow/.local/lib/python3.7/site-packages/airflow/example_dags/example_trigger_controller_dag.py
[2024-03-30T08:26:04.861+0000] {processor.py:826} INFO - Processing file /home/airflow/.local/lib/python3.7/site-packages/airflow/example_dags/example_trigger_controller_dag.py for tasks to queue
[2024-03-30T08:26:04.862+0000] {logging_mixin.py:149} INFO - [2024-03-30T08:26:04.862+0000] {dagbag.py:541} INFO - Filling up the DagBag from /home/airflow/.local/lib/python3.7/site-packages/airflow/example_dags/example_trigger_controller_dag.py
[2024-03-30T08:26:04.866+0000] {processor.py:836} INFO - DAG(s) dict_keys(['example_trigger_controller_dag']) retrieved from /home/airflow/.local/lib/python3.7/site-packages/airflow/example_dags/example_trigger_controller_dag.py
[2024-03-30T08:26:04.911+0000] {logging_mixin.py:149} INFO - [2024-03-30T08:26:04.911+0000] {dag.py:2726} INFO - Sync 1 DAGs
[2024-03-30T08:26:04.992+0000] {logging_mixin.py:149} INFO - [2024-03-30T08:26:04.992+0000] {dag.py:3490} INFO - Setting next_dagrun for example_trigger_controller_dag to 2021-01-01T00:00:00+00:00, run_after=2021-01-01T00:00:00+00:00
[2024-03-30T08:26:05.032+0000] {processor.py:179} INFO - Processing /home/airflow/.local/lib/python3.7/site-packages/airflow/example_dags/example_trigger_controller_dag.py took 0.176 seconds
