[2024-03-30T06:15:32.279+0000] {processor.py:157} INFO - Started process (PID=41) to work on /home/airflow/.local/lib/python3.7/site-packages/airflow/example_dags/example_task_group_decorator.py
[2024-03-30T06:15:32.280+0000] {processor.py:826} INFO - Processing file /home/airflow/.local/lib/python3.7/site-packages/airflow/example_dags/example_task_group_decorator.py for tasks to queue
[2024-03-30T06:15:32.280+0000] {logging_mixin.py:149} INFO - [2024-03-30T06:15:32.280+0000] {dagbag.py:541} INFO - Filling up the DagBag from /home/airflow/.local/lib/python3.7/site-packages/airflow/example_dags/example_task_group_decorator.py
[2024-03-30T06:15:32.299+0000] {processor.py:836} INFO - DAG(s) dict_keys(['example_task_group_decorator']) retrieved from /home/airflow/.local/lib/python3.7/site-packages/airflow/example_dags/example_task_group_decorator.py
[2024-03-30T06:15:32.325+0000] {logging_mixin.py:149} INFO - [2024-03-30T06:15:32.325+0000] {dag.py:2726} INFO - Sync 1 DAGs
[2024-03-30T06:15:32.356+0000] {logging_mixin.py:149} INFO - [2024-03-30T06:15:32.356+0000] {dag.py:3490} INFO - Setting next_dagrun for example_task_group_decorator to 2024-03-29T06:15:32.355932+00:00, run_after=2024-03-30T06:15:32.355932+00:00
[2024-03-30T06:15:32.392+0000] {processor.py:179} INFO - Processing /home/airflow/.local/lib/python3.7/site-packages/airflow/example_dags/example_task_group_decorator.py took 0.117 seconds
[2024-03-30T06:16:02.973+0000] {processor.py:157} INFO - Started process (PID=100) to work on /home/airflow/.local/lib/python3.7/site-packages/airflow/example_dags/example_task_group_decorator.py
[2024-03-30T06:16:02.974+0000] {processor.py:826} INFO - Processing file /home/airflow/.local/lib/python3.7/site-packages/airflow/example_dags/example_task_group_decorator.py for tasks to queue
[2024-03-30T06:16:02.975+0000] {logging_mixin.py:149} INFO - [2024-03-30T06:16:02.975+0000] {dagbag.py:541} INFO - Filling up the DagBag from /home/airflow/.local/lib/python3.7/site-packages/airflow/example_dags/example_task_group_decorator.py
[2024-03-30T06:16:02.986+0000] {processor.py:836} INFO - DAG(s) dict_keys(['example_task_group_decorator']) retrieved from /home/airflow/.local/lib/python3.7/site-packages/airflow/example_dags/example_task_group_decorator.py
[2024-03-30T06:16:03.025+0000] {logging_mixin.py:149} INFO - [2024-03-30T06:16:03.025+0000] {dag.py:2726} INFO - Sync 1 DAGs
[2024-03-30T06:16:03.050+0000] {logging_mixin.py:149} INFO - [2024-03-30T06:16:03.050+0000] {dag.py:3490} INFO - Setting next_dagrun for example_task_group_decorator to 2024-03-29T06:16:03.050366+00:00, run_after=2024-03-30T06:16:03.050366+00:00
[2024-03-30T06:16:03.086+0000] {processor.py:179} INFO - Processing /home/airflow/.local/lib/python3.7/site-packages/airflow/example_dags/example_task_group_decorator.py took 0.115 seconds
[2024-03-30T06:16:33.691+0000] {processor.py:157} INFO - Started process (PID=160) to work on /home/airflow/.local/lib/python3.7/site-packages/airflow/example_dags/example_task_group_decorator.py
[2024-03-30T06:16:33.692+0000] {processor.py:826} INFO - Processing file /home/airflow/.local/lib/python3.7/site-packages/airflow/example_dags/example_task_group_decorator.py for tasks to queue
[2024-03-30T06:16:33.692+0000] {logging_mixin.py:149} INFO - [2024-03-30T06:16:33.692+0000] {dagbag.py:541} INFO - Filling up the DagBag from /home/airflow/.local/lib/python3.7/site-packages/airflow/example_dags/example_task_group_decorator.py
[2024-03-30T06:16:33.706+0000] {processor.py:836} INFO - DAG(s) dict_keys(['example_task_group_decorator']) retrieved from /home/airflow/.local/lib/python3.7/site-packages/airflow/example_dags/example_task_group_decorator.py
[2024-03-30T06:16:33.743+0000] {logging_mixin.py:149} INFO - [2024-03-30T06:16:33.743+0000] {dag.py:2726} INFO - Sync 1 DAGs
[2024-03-30T06:16:33.769+0000] {logging_mixin.py:149} INFO - [2024-03-30T06:16:33.769+0000] {dag.py:3490} INFO - Setting next_dagrun for example_task_group_decorator to 2024-03-29T06:16:33.769258+00:00, run_after=2024-03-30T06:16:33.769258+00:00
[2024-03-30T06:16:33.801+0000] {processor.py:179} INFO - Processing /home/airflow/.local/lib/python3.7/site-packages/airflow/example_dags/example_task_group_decorator.py took 0.113 seconds
[2024-03-30T06:17:03.931+0000] {processor.py:157} INFO - Started process (PID=220) to work on /home/airflow/.local/lib/python3.7/site-packages/airflow/example_dags/example_task_group_decorator.py
[2024-03-30T06:17:03.932+0000] {processor.py:826} INFO - Processing file /home/airflow/.local/lib/python3.7/site-packages/airflow/example_dags/example_task_group_decorator.py for tasks to queue
[2024-03-30T06:17:03.932+0000] {logging_mixin.py:149} INFO - [2024-03-30T06:17:03.932+0000] {dagbag.py:541} INFO - Filling up the DagBag from /home/airflow/.local/lib/python3.7/site-packages/airflow/example_dags/example_task_group_decorator.py
[2024-03-30T06:17:03.946+0000] {processor.py:836} INFO - DAG(s) dict_keys(['example_task_group_decorator']) retrieved from /home/airflow/.local/lib/python3.7/site-packages/airflow/example_dags/example_task_group_decorator.py
[2024-03-30T06:17:03.985+0000] {logging_mixin.py:149} INFO - [2024-03-30T06:17:03.985+0000] {dag.py:2726} INFO - Sync 1 DAGs
[2024-03-30T06:17:04.012+0000] {logging_mixin.py:149} INFO - [2024-03-30T06:17:04.012+0000] {dag.py:3490} INFO - Setting next_dagrun for example_task_group_decorator to 2024-03-29T06:17:04.011956+00:00, run_after=2024-03-30T06:17:04.011956+00:00
[2024-03-30T06:17:04.045+0000] {processor.py:179} INFO - Processing /home/airflow/.local/lib/python3.7/site-packages/airflow/example_dags/example_task_group_decorator.py took 0.117 seconds
[2024-03-30T06:17:34.406+0000] {processor.py:157} INFO - Started process (PID=280) to work on /home/airflow/.local/lib/python3.7/site-packages/airflow/example_dags/example_task_group_decorator.py
[2024-03-30T06:17:34.408+0000] {processor.py:826} INFO - Processing file /home/airflow/.local/lib/python3.7/site-packages/airflow/example_dags/example_task_group_decorator.py for tasks to queue
[2024-03-30T06:17:34.408+0000] {logging_mixin.py:149} INFO - [2024-03-30T06:17:34.408+0000] {dagbag.py:541} INFO - Filling up the DagBag from /home/airflow/.local/lib/python3.7/site-packages/airflow/example_dags/example_task_group_decorator.py
[2024-03-30T06:17:34.420+0000] {processor.py:836} INFO - DAG(s) dict_keys(['example_task_group_decorator']) retrieved from /home/airflow/.local/lib/python3.7/site-packages/airflow/example_dags/example_task_group_decorator.py
[2024-03-30T06:17:34.460+0000] {logging_mixin.py:149} INFO - [2024-03-30T06:17:34.460+0000] {dag.py:2726} INFO - Sync 1 DAGs
[2024-03-30T06:17:34.488+0000] {logging_mixin.py:149} INFO - [2024-03-30T06:17:34.488+0000] {dag.py:3490} INFO - Setting next_dagrun for example_task_group_decorator to 2024-03-29T06:17:34.487942+00:00, run_after=2024-03-30T06:17:34.487942+00:00
[2024-03-30T06:17:34.522+0000] {processor.py:179} INFO - Processing /home/airflow/.local/lib/python3.7/site-packages/airflow/example_dags/example_task_group_decorator.py took 0.118 seconds
[2024-03-30T06:18:04.868+0000] {processor.py:157} INFO - Started process (PID=340) to work on /home/airflow/.local/lib/python3.7/site-packages/airflow/example_dags/example_task_group_decorator.py
[2024-03-30T06:18:04.869+0000] {processor.py:826} INFO - Processing file /home/airflow/.local/lib/python3.7/site-packages/airflow/example_dags/example_task_group_decorator.py for tasks to queue
[2024-03-30T06:18:04.870+0000] {logging_mixin.py:149} INFO - [2024-03-30T06:18:04.869+0000] {dagbag.py:541} INFO - Filling up the DagBag from /home/airflow/.local/lib/python3.7/site-packages/airflow/example_dags/example_task_group_decorator.py
[2024-03-30T06:18:04.883+0000] {processor.py:836} INFO - DAG(s) dict_keys(['example_task_group_decorator']) retrieved from /home/airflow/.local/lib/python3.7/site-packages/airflow/example_dags/example_task_group_decorator.py
[2024-03-30T06:18:04.926+0000] {logging_mixin.py:149} INFO - [2024-03-30T06:18:04.926+0000] {dag.py:2726} INFO - Sync 1 DAGs
[2024-03-30T06:18:04.956+0000] {logging_mixin.py:149} INFO - [2024-03-30T06:18:04.956+0000] {dag.py:3490} INFO - Setting next_dagrun for example_task_group_decorator to 2024-03-29T06:18:04.956439+00:00, run_after=2024-03-30T06:18:04.956439+00:00
[2024-03-30T06:18:04.992+0000] {processor.py:179} INFO - Processing /home/airflow/.local/lib/python3.7/site-packages/airflow/example_dags/example_task_group_decorator.py took 0.126 seconds
[2024-03-30T06:18:35.207+0000] {processor.py:157} INFO - Started process (PID=401) to work on /home/airflow/.local/lib/python3.7/site-packages/airflow/example_dags/example_task_group_decorator.py
[2024-03-30T06:18:35.208+0000] {processor.py:826} INFO - Processing file /home/airflow/.local/lib/python3.7/site-packages/airflow/example_dags/example_task_group_decorator.py for tasks to queue
[2024-03-30T06:18:35.209+0000] {logging_mixin.py:149} INFO - [2024-03-30T06:18:35.209+0000] {dagbag.py:541} INFO - Filling up the DagBag from /home/airflow/.local/lib/python3.7/site-packages/airflow/example_dags/example_task_group_decorator.py
[2024-03-30T06:18:35.221+0000] {processor.py:836} INFO - DAG(s) dict_keys(['example_task_group_decorator']) retrieved from /home/airflow/.local/lib/python3.7/site-packages/airflow/example_dags/example_task_group_decorator.py
[2024-03-30T06:18:35.264+0000] {logging_mixin.py:149} INFO - [2024-03-30T06:18:35.264+0000] {dag.py:2726} INFO - Sync 1 DAGs
[2024-03-30T06:18:35.292+0000] {logging_mixin.py:149} INFO - [2024-03-30T06:18:35.292+0000] {dag.py:3490} INFO - Setting next_dagrun for example_task_group_decorator to 2024-03-29T06:18:35.292349+00:00, run_after=2024-03-30T06:18:35.292349+00:00
[2024-03-30T06:18:35.332+0000] {processor.py:179} INFO - Processing /home/airflow/.local/lib/python3.7/site-packages/airflow/example_dags/example_task_group_decorator.py took 0.128 seconds
[2024-03-30T06:19:05.510+0000] {processor.py:157} INFO - Started process (PID=461) to work on /home/airflow/.local/lib/python3.7/site-packages/airflow/example_dags/example_task_group_decorator.py
[2024-03-30T06:19:05.510+0000] {processor.py:826} INFO - Processing file /home/airflow/.local/lib/python3.7/site-packages/airflow/example_dags/example_task_group_decorator.py for tasks to queue
[2024-03-30T06:19:05.511+0000] {logging_mixin.py:149} INFO - [2024-03-30T06:19:05.511+0000] {dagbag.py:541} INFO - Filling up the DagBag from /home/airflow/.local/lib/python3.7/site-packages/airflow/example_dags/example_task_group_decorator.py
[2024-03-30T06:19:05.529+0000] {processor.py:836} INFO - DAG(s) dict_keys(['example_task_group_decorator']) retrieved from /home/airflow/.local/lib/python3.7/site-packages/airflow/example_dags/example_task_group_decorator.py
[2024-03-30T06:19:05.570+0000] {logging_mixin.py:149} INFO - [2024-03-30T06:19:05.570+0000] {dag.py:2726} INFO - Sync 1 DAGs
[2024-03-30T06:19:05.595+0000] {logging_mixin.py:149} INFO - [2024-03-30T06:19:05.595+0000] {dag.py:3490} INFO - Setting next_dagrun for example_task_group_decorator to 2024-03-29T06:19:05.595080+00:00, run_after=2024-03-30T06:19:05.595080+00:00
[2024-03-30T06:19:05.633+0000] {processor.py:179} INFO - Processing /home/airflow/.local/lib/python3.7/site-packages/airflow/example_dags/example_task_group_decorator.py took 0.126 seconds
[2024-03-30T06:19:36.656+0000] {processor.py:157} INFO - Started process (PID=521) to work on /home/airflow/.local/lib/python3.7/site-packages/airflow/example_dags/example_task_group_decorator.py
[2024-03-30T06:19:36.657+0000] {processor.py:826} INFO - Processing file /home/airflow/.local/lib/python3.7/site-packages/airflow/example_dags/example_task_group_decorator.py for tasks to queue
[2024-03-30T06:19:36.657+0000] {logging_mixin.py:149} INFO - [2024-03-30T06:19:36.657+0000] {dagbag.py:541} INFO - Filling up the DagBag from /home/airflow/.local/lib/python3.7/site-packages/airflow/example_dags/example_task_group_decorator.py
[2024-03-30T06:19:36.669+0000] {processor.py:836} INFO - DAG(s) dict_keys(['example_task_group_decorator']) retrieved from /home/airflow/.local/lib/python3.7/site-packages/airflow/example_dags/example_task_group_decorator.py
[2024-03-30T06:19:36.708+0000] {logging_mixin.py:149} INFO - [2024-03-30T06:19:36.708+0000] {dag.py:2726} INFO - Sync 1 DAGs
[2024-03-30T06:19:36.733+0000] {logging_mixin.py:149} INFO - [2024-03-30T06:19:36.733+0000] {dag.py:3490} INFO - Setting next_dagrun for example_task_group_decorator to 2024-03-29T06:19:36.733617+00:00, run_after=2024-03-30T06:19:36.733617+00:00
[2024-03-30T06:19:36.766+0000] {processor.py:179} INFO - Processing /home/airflow/.local/lib/python3.7/site-packages/airflow/example_dags/example_task_group_decorator.py took 0.113 seconds
[2024-03-30T06:20:07.762+0000] {processor.py:157} INFO - Started process (PID=581) to work on /home/airflow/.local/lib/python3.7/site-packages/airflow/example_dags/example_task_group_decorator.py
[2024-03-30T06:20:07.762+0000] {processor.py:826} INFO - Processing file /home/airflow/.local/lib/python3.7/site-packages/airflow/example_dags/example_task_group_decorator.py for tasks to queue
[2024-03-30T06:20:07.763+0000] {logging_mixin.py:149} INFO - [2024-03-30T06:20:07.763+0000] {dagbag.py:541} INFO - Filling up the DagBag from /home/airflow/.local/lib/python3.7/site-packages/airflow/example_dags/example_task_group_decorator.py
[2024-03-30T06:20:07.778+0000] {processor.py:836} INFO - DAG(s) dict_keys(['example_task_group_decorator']) retrieved from /home/airflow/.local/lib/python3.7/site-packages/airflow/example_dags/example_task_group_decorator.py
[2024-03-30T06:20:07.819+0000] {logging_mixin.py:149} INFO - [2024-03-30T06:20:07.819+0000] {dag.py:2726} INFO - Sync 1 DAGs
[2024-03-30T06:20:07.846+0000] {logging_mixin.py:149} INFO - [2024-03-30T06:20:07.846+0000] {dag.py:3490} INFO - Setting next_dagrun for example_task_group_decorator to 2024-03-29T06:20:07.846043+00:00, run_after=2024-03-30T06:20:07.846043+00:00
[2024-03-30T06:20:07.882+0000] {processor.py:179} INFO - Processing /home/airflow/.local/lib/python3.7/site-packages/airflow/example_dags/example_task_group_decorator.py took 0.123 seconds
[2024-03-30T06:20:38.415+0000] {processor.py:157} INFO - Started process (PID=642) to work on /home/airflow/.local/lib/python3.7/site-packages/airflow/example_dags/example_task_group_decorator.py
[2024-03-30T06:20:38.417+0000] {processor.py:826} INFO - Processing file /home/airflow/.local/lib/python3.7/site-packages/airflow/example_dags/example_task_group_decorator.py for tasks to queue
[2024-03-30T06:20:38.417+0000] {logging_mixin.py:149} INFO - [2024-03-30T06:20:38.417+0000] {dagbag.py:541} INFO - Filling up the DagBag from /home/airflow/.local/lib/python3.7/site-packages/airflow/example_dags/example_task_group_decorator.py
[2024-03-30T06:20:38.432+0000] {processor.py:836} INFO - DAG(s) dict_keys(['example_task_group_decorator']) retrieved from /home/airflow/.local/lib/python3.7/site-packages/airflow/example_dags/example_task_group_decorator.py
[2024-03-30T06:20:38.472+0000] {logging_mixin.py:149} INFO - [2024-03-30T06:20:38.472+0000] {dag.py:2726} INFO - Sync 1 DAGs
[2024-03-30T06:20:38.496+0000] {logging_mixin.py:149} INFO - [2024-03-30T06:20:38.496+0000] {dag.py:3490} INFO - Setting next_dagrun for example_task_group_decorator to 2024-03-29T06:20:38.496492+00:00, run_after=2024-03-30T06:20:38.496492+00:00
[2024-03-30T06:20:38.531+0000] {processor.py:179} INFO - Processing /home/airflow/.local/lib/python3.7/site-packages/airflow/example_dags/example_task_group_decorator.py took 0.120 seconds
[2024-03-30T06:21:09.450+0000] {processor.py:157} INFO - Started process (PID=703) to work on /home/airflow/.local/lib/python3.7/site-packages/airflow/example_dags/example_task_group_decorator.py
[2024-03-30T06:21:09.450+0000] {processor.py:826} INFO - Processing file /home/airflow/.local/lib/python3.7/site-packages/airflow/example_dags/example_task_group_decorator.py for tasks to queue
[2024-03-30T06:21:09.451+0000] {logging_mixin.py:149} INFO - [2024-03-30T06:21:09.451+0000] {dagbag.py:541} INFO - Filling up the DagBag from /home/airflow/.local/lib/python3.7/site-packages/airflow/example_dags/example_task_group_decorator.py
[2024-03-30T06:21:09.463+0000] {processor.py:836} INFO - DAG(s) dict_keys(['example_task_group_decorator']) retrieved from /home/airflow/.local/lib/python3.7/site-packages/airflow/example_dags/example_task_group_decorator.py
[2024-03-30T06:21:09.505+0000] {logging_mixin.py:149} INFO - [2024-03-30T06:21:09.504+0000] {dag.py:2726} INFO - Sync 1 DAGs
[2024-03-30T06:21:09.529+0000] {logging_mixin.py:149} INFO - [2024-03-30T06:21:09.529+0000] {dag.py:3490} INFO - Setting next_dagrun for example_task_group_decorator to 2024-03-29T06:21:09.528956+00:00, run_after=2024-03-30T06:21:09.528956+00:00
[2024-03-30T06:21:09.561+0000] {processor.py:179} INFO - Processing /home/airflow/.local/lib/python3.7/site-packages/airflow/example_dags/example_task_group_decorator.py took 0.115 seconds
[2024-03-30T06:21:40.275+0000] {processor.py:157} INFO - Started process (PID=764) to work on /home/airflow/.local/lib/python3.7/site-packages/airflow/example_dags/example_task_group_decorator.py
[2024-03-30T06:21:40.276+0000] {processor.py:826} INFO - Processing file /home/airflow/.local/lib/python3.7/site-packages/airflow/example_dags/example_task_group_decorator.py for tasks to queue
[2024-03-30T06:21:40.277+0000] {logging_mixin.py:149} INFO - [2024-03-30T06:21:40.277+0000] {dagbag.py:541} INFO - Filling up the DagBag from /home/airflow/.local/lib/python3.7/site-packages/airflow/example_dags/example_task_group_decorator.py
[2024-03-30T06:21:40.293+0000] {processor.py:836} INFO - DAG(s) dict_keys(['example_task_group_decorator']) retrieved from /home/airflow/.local/lib/python3.7/site-packages/airflow/example_dags/example_task_group_decorator.py
[2024-03-30T06:21:40.351+0000] {logging_mixin.py:149} INFO - [2024-03-30T06:21:40.351+0000] {dag.py:2726} INFO - Sync 1 DAGs
[2024-03-30T06:21:40.438+0000] {logging_mixin.py:149} INFO - [2024-03-30T06:21:40.438+0000] {dag.py:3490} INFO - Setting next_dagrun for example_task_group_decorator to 2024-03-29T06:21:40.438104+00:00, run_after=2024-03-30T06:21:40.438104+00:00
[2024-03-30T06:21:40.480+0000] {processor.py:179} INFO - Processing /home/airflow/.local/lib/python3.7/site-packages/airflow/example_dags/example_task_group_decorator.py took 0.210 seconds
[2024-03-30T06:22:11.252+0000] {processor.py:157} INFO - Started process (PID=825) to work on /home/airflow/.local/lib/python3.7/site-packages/airflow/example_dags/example_task_group_decorator.py
[2024-03-30T06:22:11.253+0000] {processor.py:826} INFO - Processing file /home/airflow/.local/lib/python3.7/site-packages/airflow/example_dags/example_task_group_decorator.py for tasks to queue
[2024-03-30T06:22:11.254+0000] {logging_mixin.py:149} INFO - [2024-03-30T06:22:11.253+0000] {dagbag.py:541} INFO - Filling up the DagBag from /home/airflow/.local/lib/python3.7/site-packages/airflow/example_dags/example_task_group_decorator.py
[2024-03-30T06:22:11.267+0000] {processor.py:836} INFO - DAG(s) dict_keys(['example_task_group_decorator']) retrieved from /home/airflow/.local/lib/python3.7/site-packages/airflow/example_dags/example_task_group_decorator.py
[2024-03-30T06:22:11.308+0000] {logging_mixin.py:149} INFO - [2024-03-30T06:22:11.308+0000] {dag.py:2726} INFO - Sync 1 DAGs
[2024-03-30T06:22:11.335+0000] {logging_mixin.py:149} INFO - [2024-03-30T06:22:11.335+0000] {dag.py:3490} INFO - Setting next_dagrun for example_task_group_decorator to 2024-03-29T06:22:11.335380+00:00, run_after=2024-03-30T06:22:11.335380+00:00
[2024-03-30T06:22:11.374+0000] {processor.py:179} INFO - Processing /home/airflow/.local/lib/python3.7/site-packages/airflow/example_dags/example_task_group_decorator.py took 0.126 seconds
[2024-03-30T06:22:41.916+0000] {processor.py:157} INFO - Started process (PID=887) to work on /home/airflow/.local/lib/python3.7/site-packages/airflow/example_dags/example_task_group_decorator.py
[2024-03-30T06:22:41.917+0000] {processor.py:826} INFO - Processing file /home/airflow/.local/lib/python3.7/site-packages/airflow/example_dags/example_task_group_decorator.py for tasks to queue
[2024-03-30T06:22:41.918+0000] {logging_mixin.py:149} INFO - [2024-03-30T06:22:41.918+0000] {dagbag.py:541} INFO - Filling up the DagBag from /home/airflow/.local/lib/python3.7/site-packages/airflow/example_dags/example_task_group_decorator.py
[2024-03-30T06:22:41.932+0000] {processor.py:836} INFO - DAG(s) dict_keys(['example_task_group_decorator']) retrieved from /home/airflow/.local/lib/python3.7/site-packages/airflow/example_dags/example_task_group_decorator.py
[2024-03-30T06:22:41.969+0000] {logging_mixin.py:149} INFO - [2024-03-30T06:22:41.969+0000] {dag.py:2726} INFO - Sync 1 DAGs
[2024-03-30T06:22:41.993+0000] {logging_mixin.py:149} INFO - [2024-03-30T06:22:41.993+0000] {dag.py:3490} INFO - Setting next_dagrun for example_task_group_decorator to 2024-03-29T06:22:41.993474+00:00, run_after=2024-03-30T06:22:41.993474+00:00
[2024-03-30T06:22:42.027+0000] {processor.py:179} INFO - Processing /home/airflow/.local/lib/python3.7/site-packages/airflow/example_dags/example_task_group_decorator.py took 0.114 seconds
[2024-03-30T06:23:12.247+0000] {processor.py:157} INFO - Started process (PID=948) to work on /home/airflow/.local/lib/python3.7/site-packages/airflow/example_dags/example_task_group_decorator.py
[2024-03-30T06:23:12.248+0000] {processor.py:826} INFO - Processing file /home/airflow/.local/lib/python3.7/site-packages/airflow/example_dags/example_task_group_decorator.py for tasks to queue
[2024-03-30T06:23:12.248+0000] {logging_mixin.py:149} INFO - [2024-03-30T06:23:12.248+0000] {dagbag.py:541} INFO - Filling up the DagBag from /home/airflow/.local/lib/python3.7/site-packages/airflow/example_dags/example_task_group_decorator.py
[2024-03-30T06:23:12.261+0000] {processor.py:836} INFO - DAG(s) dict_keys(['example_task_group_decorator']) retrieved from /home/airflow/.local/lib/python3.7/site-packages/airflow/example_dags/example_task_group_decorator.py
[2024-03-30T06:23:12.303+0000] {logging_mixin.py:149} INFO - [2024-03-30T06:23:12.303+0000] {dag.py:2726} INFO - Sync 1 DAGs
[2024-03-30T06:23:12.326+0000] {logging_mixin.py:149} INFO - [2024-03-30T06:23:12.326+0000] {dag.py:3490} INFO - Setting next_dagrun for example_task_group_decorator to 2024-03-29T06:23:12.325974+00:00, run_after=2024-03-30T06:23:12.325974+00:00
[2024-03-30T06:23:12.356+0000] {processor.py:179} INFO - Processing /home/airflow/.local/lib/python3.7/site-packages/airflow/example_dags/example_task_group_decorator.py took 0.112 seconds
[2024-03-30T06:23:42.561+0000] {processor.py:157} INFO - Started process (PID=1009) to work on /home/airflow/.local/lib/python3.7/site-packages/airflow/example_dags/example_task_group_decorator.py
[2024-03-30T06:23:42.562+0000] {processor.py:826} INFO - Processing file /home/airflow/.local/lib/python3.7/site-packages/airflow/example_dags/example_task_group_decorator.py for tasks to queue
[2024-03-30T06:23:42.563+0000] {logging_mixin.py:149} INFO - [2024-03-30T06:23:42.563+0000] {dagbag.py:541} INFO - Filling up the DagBag from /home/airflow/.local/lib/python3.7/site-packages/airflow/example_dags/example_task_group_decorator.py
[2024-03-30T06:23:42.574+0000] {processor.py:836} INFO - DAG(s) dict_keys(['example_task_group_decorator']) retrieved from /home/airflow/.local/lib/python3.7/site-packages/airflow/example_dags/example_task_group_decorator.py
[2024-03-30T06:23:42.613+0000] {logging_mixin.py:149} INFO - [2024-03-30T06:23:42.613+0000] {dag.py:2726} INFO - Sync 1 DAGs
[2024-03-30T06:23:42.637+0000] {logging_mixin.py:149} INFO - [2024-03-30T06:23:42.637+0000] {dag.py:3490} INFO - Setting next_dagrun for example_task_group_decorator to 2024-03-29T06:23:42.637191+00:00, run_after=2024-03-30T06:23:42.637191+00:00
[2024-03-30T06:23:42.670+0000] {processor.py:179} INFO - Processing /home/airflow/.local/lib/python3.7/site-packages/airflow/example_dags/example_task_group_decorator.py took 0.111 seconds
[2024-03-30T06:24:13.013+0000] {processor.py:157} INFO - Started process (PID=1070) to work on /home/airflow/.local/lib/python3.7/site-packages/airflow/example_dags/example_task_group_decorator.py
[2024-03-30T06:24:13.013+0000] {processor.py:826} INFO - Processing file /home/airflow/.local/lib/python3.7/site-packages/airflow/example_dags/example_task_group_decorator.py for tasks to queue
[2024-03-30T06:24:13.014+0000] {logging_mixin.py:149} INFO - [2024-03-30T06:24:13.014+0000] {dagbag.py:541} INFO - Filling up the DagBag from /home/airflow/.local/lib/python3.7/site-packages/airflow/example_dags/example_task_group_decorator.py
[2024-03-30T06:24:13.027+0000] {processor.py:836} INFO - DAG(s) dict_keys(['example_task_group_decorator']) retrieved from /home/airflow/.local/lib/python3.7/site-packages/airflow/example_dags/example_task_group_decorator.py
[2024-03-30T06:24:13.065+0000] {logging_mixin.py:149} INFO - [2024-03-30T06:24:13.065+0000] {dag.py:2726} INFO - Sync 1 DAGs
[2024-03-30T06:24:13.091+0000] {logging_mixin.py:149} INFO - [2024-03-30T06:24:13.091+0000] {dag.py:3490} INFO - Setting next_dagrun for example_task_group_decorator to 2024-03-29T06:24:13.091131+00:00, run_after=2024-03-30T06:24:13.091131+00:00
[2024-03-30T06:24:13.123+0000] {processor.py:179} INFO - Processing /home/airflow/.local/lib/python3.7/site-packages/airflow/example_dags/example_task_group_decorator.py took 0.113 seconds
[2024-03-30T06:24:43.375+0000] {processor.py:157} INFO - Started process (PID=1131) to work on /home/airflow/.local/lib/python3.7/site-packages/airflow/example_dags/example_task_group_decorator.py
[2024-03-30T06:24:43.376+0000] {processor.py:826} INFO - Processing file /home/airflow/.local/lib/python3.7/site-packages/airflow/example_dags/example_task_group_decorator.py for tasks to queue
[2024-03-30T06:24:43.377+0000] {logging_mixin.py:149} INFO - [2024-03-30T06:24:43.377+0000] {dagbag.py:541} INFO - Filling up the DagBag from /home/airflow/.local/lib/python3.7/site-packages/airflow/example_dags/example_task_group_decorator.py
[2024-03-30T06:24:43.391+0000] {processor.py:836} INFO - DAG(s) dict_keys(['example_task_group_decorator']) retrieved from /home/airflow/.local/lib/python3.7/site-packages/airflow/example_dags/example_task_group_decorator.py
[2024-03-30T06:24:43.434+0000] {logging_mixin.py:149} INFO - [2024-03-30T06:24:43.434+0000] {dag.py:2726} INFO - Sync 1 DAGs
[2024-03-30T06:24:43.461+0000] {logging_mixin.py:149} INFO - [2024-03-30T06:24:43.461+0000] {dag.py:3490} INFO - Setting next_dagrun for example_task_group_decorator to 2024-03-29T06:24:43.461595+00:00, run_after=2024-03-30T06:24:43.461595+00:00
[2024-03-30T06:24:43.494+0000] {processor.py:179} INFO - Processing /home/airflow/.local/lib/python3.7/site-packages/airflow/example_dags/example_task_group_decorator.py took 0.122 seconds
[2024-03-30T06:25:13.772+0000] {processor.py:157} INFO - Started process (PID=1192) to work on /home/airflow/.local/lib/python3.7/site-packages/airflow/example_dags/example_task_group_decorator.py
[2024-03-30T06:25:13.773+0000] {processor.py:826} INFO - Processing file /home/airflow/.local/lib/python3.7/site-packages/airflow/example_dags/example_task_group_decorator.py for tasks to queue
[2024-03-30T06:25:13.773+0000] {logging_mixin.py:149} INFO - [2024-03-30T06:25:13.773+0000] {dagbag.py:541} INFO - Filling up the DagBag from /home/airflow/.local/lib/python3.7/site-packages/airflow/example_dags/example_task_group_decorator.py
[2024-03-30T06:25:13.785+0000] {processor.py:836} INFO - DAG(s) dict_keys(['example_task_group_decorator']) retrieved from /home/airflow/.local/lib/python3.7/site-packages/airflow/example_dags/example_task_group_decorator.py
[2024-03-30T06:25:13.824+0000] {logging_mixin.py:149} INFO - [2024-03-30T06:25:13.824+0000] {dag.py:2726} INFO - Sync 1 DAGs
[2024-03-30T06:25:13.848+0000] {logging_mixin.py:149} INFO - [2024-03-30T06:25:13.848+0000] {dag.py:3490} INFO - Setting next_dagrun for example_task_group_decorator to 2024-03-29T06:25:13.848236+00:00, run_after=2024-03-30T06:25:13.848236+00:00
[2024-03-30T06:25:13.880+0000] {processor.py:179} INFO - Processing /home/airflow/.local/lib/python3.7/site-packages/airflow/example_dags/example_task_group_decorator.py took 0.110 seconds
[2024-03-30T06:25:44.170+0000] {processor.py:157} INFO - Started process (PID=1253) to work on /home/airflow/.local/lib/python3.7/site-packages/airflow/example_dags/example_task_group_decorator.py
[2024-03-30T06:25:44.171+0000] {processor.py:826} INFO - Processing file /home/airflow/.local/lib/python3.7/site-packages/airflow/example_dags/example_task_group_decorator.py for tasks to queue
[2024-03-30T06:25:44.172+0000] {logging_mixin.py:149} INFO - [2024-03-30T06:25:44.172+0000] {dagbag.py:541} INFO - Filling up the DagBag from /home/airflow/.local/lib/python3.7/site-packages/airflow/example_dags/example_task_group_decorator.py
[2024-03-30T06:25:44.185+0000] {processor.py:836} INFO - DAG(s) dict_keys(['example_task_group_decorator']) retrieved from /home/airflow/.local/lib/python3.7/site-packages/airflow/example_dags/example_task_group_decorator.py
[2024-03-30T06:25:44.224+0000] {logging_mixin.py:149} INFO - [2024-03-30T06:25:44.224+0000] {dag.py:2726} INFO - Sync 1 DAGs
[2024-03-30T06:25:44.250+0000] {logging_mixin.py:149} INFO - [2024-03-30T06:25:44.250+0000] {dag.py:3490} INFO - Setting next_dagrun for example_task_group_decorator to 2024-03-29T06:25:44.250527+00:00, run_after=2024-03-30T06:25:44.250527+00:00
[2024-03-30T06:25:44.286+0000] {processor.py:179} INFO - Processing /home/airflow/.local/lib/python3.7/site-packages/airflow/example_dags/example_task_group_decorator.py took 0.118 seconds
[2024-03-30T06:26:14.493+0000] {processor.py:157} INFO - Started process (PID=1314) to work on /home/airflow/.local/lib/python3.7/site-packages/airflow/example_dags/example_task_group_decorator.py
[2024-03-30T06:26:14.493+0000] {processor.py:826} INFO - Processing file /home/airflow/.local/lib/python3.7/site-packages/airflow/example_dags/example_task_group_decorator.py for tasks to queue
[2024-03-30T06:26:14.494+0000] {logging_mixin.py:149} INFO - [2024-03-30T06:26:14.494+0000] {dagbag.py:541} INFO - Filling up the DagBag from /home/airflow/.local/lib/python3.7/site-packages/airflow/example_dags/example_task_group_decorator.py
[2024-03-30T06:26:14.506+0000] {processor.py:836} INFO - DAG(s) dict_keys(['example_task_group_decorator']) retrieved from /home/airflow/.local/lib/python3.7/site-packages/airflow/example_dags/example_task_group_decorator.py
[2024-03-30T06:26:14.546+0000] {logging_mixin.py:149} INFO - [2024-03-30T06:26:14.545+0000] {dag.py:2726} INFO - Sync 1 DAGs
[2024-03-30T06:26:14.571+0000] {logging_mixin.py:149} INFO - [2024-03-30T06:26:14.571+0000] {dag.py:3490} INFO - Setting next_dagrun for example_task_group_decorator to 2024-03-29T06:26:14.571348+00:00, run_after=2024-03-30T06:26:14.571348+00:00
[2024-03-30T06:26:14.609+0000] {processor.py:179} INFO - Processing /home/airflow/.local/lib/python3.7/site-packages/airflow/example_dags/example_task_group_decorator.py took 0.118 seconds
[2024-03-30T06:26:44.715+0000] {processor.py:157} INFO - Started process (PID=1376) to work on /home/airflow/.local/lib/python3.7/site-packages/airflow/example_dags/example_task_group_decorator.py
[2024-03-30T06:26:44.716+0000] {processor.py:826} INFO - Processing file /home/airflow/.local/lib/python3.7/site-packages/airflow/example_dags/example_task_group_decorator.py for tasks to queue
[2024-03-30T06:26:44.717+0000] {logging_mixin.py:149} INFO - [2024-03-30T06:26:44.717+0000] {dagbag.py:541} INFO - Filling up the DagBag from /home/airflow/.local/lib/python3.7/site-packages/airflow/example_dags/example_task_group_decorator.py
[2024-03-30T06:26:44.730+0000] {processor.py:836} INFO - DAG(s) dict_keys(['example_task_group_decorator']) retrieved from /home/airflow/.local/lib/python3.7/site-packages/airflow/example_dags/example_task_group_decorator.py
[2024-03-30T06:26:44.770+0000] {logging_mixin.py:149} INFO - [2024-03-30T06:26:44.770+0000] {dag.py:2726} INFO - Sync 1 DAGs
[2024-03-30T06:26:44.794+0000] {logging_mixin.py:149} INFO - [2024-03-30T06:26:44.793+0000] {dag.py:3490} INFO - Setting next_dagrun for example_task_group_decorator to 2024-03-29T06:26:44.793675+00:00, run_after=2024-03-30T06:26:44.793675+00:00
[2024-03-30T06:26:44.827+0000] {processor.py:179} INFO - Processing /home/airflow/.local/lib/python3.7/site-packages/airflow/example_dags/example_task_group_decorator.py took 0.114 seconds
[2024-03-30T06:27:15.401+0000] {processor.py:157} INFO - Started process (PID=1437) to work on /home/airflow/.local/lib/python3.7/site-packages/airflow/example_dags/example_task_group_decorator.py
[2024-03-30T06:27:15.402+0000] {processor.py:826} INFO - Processing file /home/airflow/.local/lib/python3.7/site-packages/airflow/example_dags/example_task_group_decorator.py for tasks to queue
[2024-03-30T06:27:15.403+0000] {logging_mixin.py:149} INFO - [2024-03-30T06:27:15.402+0000] {dagbag.py:541} INFO - Filling up the DagBag from /home/airflow/.local/lib/python3.7/site-packages/airflow/example_dags/example_task_group_decorator.py
[2024-03-30T06:27:15.414+0000] {processor.py:836} INFO - DAG(s) dict_keys(['example_task_group_decorator']) retrieved from /home/airflow/.local/lib/python3.7/site-packages/airflow/example_dags/example_task_group_decorator.py
[2024-03-30T06:27:15.454+0000] {logging_mixin.py:149} INFO - [2024-03-30T06:27:15.453+0000] {dag.py:2726} INFO - Sync 1 DAGs
[2024-03-30T06:27:15.520+0000] {logging_mixin.py:149} INFO - [2024-03-30T06:27:15.519+0000] {dag.py:3490} INFO - Setting next_dagrun for example_task_group_decorator to 2024-03-29T06:27:15.519628+00:00, run_after=2024-03-30T06:27:15.519628+00:00
[2024-03-30T06:27:15.556+0000] {processor.py:179} INFO - Processing /home/airflow/.local/lib/python3.7/site-packages/airflow/example_dags/example_task_group_decorator.py took 0.157 seconds
[2024-03-30T06:27:45.964+0000] {processor.py:157} INFO - Started process (PID=1499) to work on /home/airflow/.local/lib/python3.7/site-packages/airflow/example_dags/example_task_group_decorator.py
[2024-03-30T06:27:45.965+0000] {processor.py:826} INFO - Processing file /home/airflow/.local/lib/python3.7/site-packages/airflow/example_dags/example_task_group_decorator.py for tasks to queue
[2024-03-30T06:27:45.966+0000] {logging_mixin.py:149} INFO - [2024-03-30T06:27:45.966+0000] {dagbag.py:541} INFO - Filling up the DagBag from /home/airflow/.local/lib/python3.7/site-packages/airflow/example_dags/example_task_group_decorator.py
[2024-03-30T06:27:45.980+0000] {processor.py:836} INFO - DAG(s) dict_keys(['example_task_group_decorator']) retrieved from /home/airflow/.local/lib/python3.7/site-packages/airflow/example_dags/example_task_group_decorator.py
[2024-03-30T06:27:46.022+0000] {logging_mixin.py:149} INFO - [2024-03-30T06:27:46.022+0000] {dag.py:2726} INFO - Sync 1 DAGs
[2024-03-30T06:27:46.048+0000] {logging_mixin.py:149} INFO - [2024-03-30T06:27:46.047+0000] {dag.py:3490} INFO - Setting next_dagrun for example_task_group_decorator to 2024-03-29T06:27:46.047640+00:00, run_after=2024-03-30T06:27:46.047640+00:00
[2024-03-30T06:27:46.079+0000] {processor.py:179} INFO - Processing /home/airflow/.local/lib/python3.7/site-packages/airflow/example_dags/example_task_group_decorator.py took 0.118 seconds
[2024-03-30T06:28:16.206+0000] {processor.py:157} INFO - Started process (PID=1560) to work on /home/airflow/.local/lib/python3.7/site-packages/airflow/example_dags/example_task_group_decorator.py
[2024-03-30T06:28:16.207+0000] {processor.py:826} INFO - Processing file /home/airflow/.local/lib/python3.7/site-packages/airflow/example_dags/example_task_group_decorator.py for tasks to queue
[2024-03-30T06:28:16.207+0000] {logging_mixin.py:149} INFO - [2024-03-30T06:28:16.207+0000] {dagbag.py:541} INFO - Filling up the DagBag from /home/airflow/.local/lib/python3.7/site-packages/airflow/example_dags/example_task_group_decorator.py
[2024-03-30T06:28:16.222+0000] {processor.py:836} INFO - DAG(s) dict_keys(['example_task_group_decorator']) retrieved from /home/airflow/.local/lib/python3.7/site-packages/airflow/example_dags/example_task_group_decorator.py
[2024-03-30T06:28:16.266+0000] {logging_mixin.py:149} INFO - [2024-03-30T06:28:16.266+0000] {dag.py:2726} INFO - Sync 1 DAGs
[2024-03-30T06:28:16.291+0000] {logging_mixin.py:149} INFO - [2024-03-30T06:28:16.290+0000] {dag.py:3490} INFO - Setting next_dagrun for example_task_group_decorator to 2024-03-29T06:28:16.290718+00:00, run_after=2024-03-30T06:28:16.290718+00:00
[2024-03-30T06:28:16.328+0000] {processor.py:179} INFO - Processing /home/airflow/.local/lib/python3.7/site-packages/airflow/example_dags/example_task_group_decorator.py took 0.127 seconds
[2024-03-30T06:28:46.619+0000] {processor.py:157} INFO - Started process (PID=1621) to work on /home/airflow/.local/lib/python3.7/site-packages/airflow/example_dags/example_task_group_decorator.py
[2024-03-30T06:28:46.620+0000] {processor.py:826} INFO - Processing file /home/airflow/.local/lib/python3.7/site-packages/airflow/example_dags/example_task_group_decorator.py for tasks to queue
[2024-03-30T06:28:46.620+0000] {logging_mixin.py:149} INFO - [2024-03-30T06:28:46.620+0000] {dagbag.py:541} INFO - Filling up the DagBag from /home/airflow/.local/lib/python3.7/site-packages/airflow/example_dags/example_task_group_decorator.py
[2024-03-30T06:28:46.633+0000] {processor.py:836} INFO - DAG(s) dict_keys(['example_task_group_decorator']) retrieved from /home/airflow/.local/lib/python3.7/site-packages/airflow/example_dags/example_task_group_decorator.py
[2024-03-30T06:28:46.670+0000] {logging_mixin.py:149} INFO - [2024-03-30T06:28:46.670+0000] {dag.py:2726} INFO - Sync 1 DAGs
[2024-03-30T06:28:46.696+0000] {logging_mixin.py:149} INFO - [2024-03-30T06:28:46.696+0000] {dag.py:3490} INFO - Setting next_dagrun for example_task_group_decorator to 2024-03-29T06:28:46.696213+00:00, run_after=2024-03-30T06:28:46.696213+00:00
[2024-03-30T06:28:46.731+0000] {processor.py:179} INFO - Processing /home/airflow/.local/lib/python3.7/site-packages/airflow/example_dags/example_task_group_decorator.py took 0.115 seconds
[2024-03-30T06:29:17.257+0000] {processor.py:157} INFO - Started process (PID=1682) to work on /home/airflow/.local/lib/python3.7/site-packages/airflow/example_dags/example_task_group_decorator.py
[2024-03-30T06:29:17.258+0000] {processor.py:826} INFO - Processing file /home/airflow/.local/lib/python3.7/site-packages/airflow/example_dags/example_task_group_decorator.py for tasks to queue
[2024-03-30T06:29:17.258+0000] {logging_mixin.py:149} INFO - [2024-03-30T06:29:17.258+0000] {dagbag.py:541} INFO - Filling up the DagBag from /home/airflow/.local/lib/python3.7/site-packages/airflow/example_dags/example_task_group_decorator.py
[2024-03-30T06:29:17.272+0000] {processor.py:836} INFO - DAG(s) dict_keys(['example_task_group_decorator']) retrieved from /home/airflow/.local/lib/python3.7/site-packages/airflow/example_dags/example_task_group_decorator.py
[2024-03-30T06:29:17.313+0000] {logging_mixin.py:149} INFO - [2024-03-30T06:29:17.313+0000] {dag.py:2726} INFO - Sync 1 DAGs
[2024-03-30T06:29:17.338+0000] {logging_mixin.py:149} INFO - [2024-03-30T06:29:17.338+0000] {dag.py:3490} INFO - Setting next_dagrun for example_task_group_decorator to 2024-03-29T06:29:17.337926+00:00, run_after=2024-03-30T06:29:17.337926+00:00
[2024-03-30T06:29:17.370+0000] {processor.py:179} INFO - Processing /home/airflow/.local/lib/python3.7/site-packages/airflow/example_dags/example_task_group_decorator.py took 0.116 seconds
[2024-03-30T06:29:47.613+0000] {processor.py:157} INFO - Started process (PID=1743) to work on /home/airflow/.local/lib/python3.7/site-packages/airflow/example_dags/example_task_group_decorator.py
[2024-03-30T06:29:47.614+0000] {processor.py:826} INFO - Processing file /home/airflow/.local/lib/python3.7/site-packages/airflow/example_dags/example_task_group_decorator.py for tasks to queue
[2024-03-30T06:29:47.615+0000] {logging_mixin.py:149} INFO - [2024-03-30T06:29:47.615+0000] {dagbag.py:541} INFO - Filling up the DagBag from /home/airflow/.local/lib/python3.7/site-packages/airflow/example_dags/example_task_group_decorator.py
[2024-03-30T06:29:47.627+0000] {processor.py:836} INFO - DAG(s) dict_keys(['example_task_group_decorator']) retrieved from /home/airflow/.local/lib/python3.7/site-packages/airflow/example_dags/example_task_group_decorator.py
[2024-03-30T06:29:47.667+0000] {logging_mixin.py:149} INFO - [2024-03-30T06:29:47.667+0000] {dag.py:2726} INFO - Sync 1 DAGs
[2024-03-30T06:29:47.692+0000] {logging_mixin.py:149} INFO - [2024-03-30T06:29:47.691+0000] {dag.py:3490} INFO - Setting next_dagrun for example_task_group_decorator to 2024-03-29T06:29:47.691701+00:00, run_after=2024-03-30T06:29:47.691701+00:00
[2024-03-30T06:29:47.728+0000] {processor.py:179} INFO - Processing /home/airflow/.local/lib/python3.7/site-packages/airflow/example_dags/example_task_group_decorator.py took 0.118 seconds
[2024-03-30T06:30:18.320+0000] {processor.py:157} INFO - Started process (PID=1804) to work on /home/airflow/.local/lib/python3.7/site-packages/airflow/example_dags/example_task_group_decorator.py
[2024-03-30T06:30:18.321+0000] {processor.py:826} INFO - Processing file /home/airflow/.local/lib/python3.7/site-packages/airflow/example_dags/example_task_group_decorator.py for tasks to queue
[2024-03-30T06:30:18.321+0000] {logging_mixin.py:149} INFO - [2024-03-30T06:30:18.321+0000] {dagbag.py:541} INFO - Filling up the DagBag from /home/airflow/.local/lib/python3.7/site-packages/airflow/example_dags/example_task_group_decorator.py
[2024-03-30T06:30:18.333+0000] {processor.py:836} INFO - DAG(s) dict_keys(['example_task_group_decorator']) retrieved from /home/airflow/.local/lib/python3.7/site-packages/airflow/example_dags/example_task_group_decorator.py
[2024-03-30T06:30:18.376+0000] {logging_mixin.py:149} INFO - [2024-03-30T06:30:18.376+0000] {dag.py:2726} INFO - Sync 1 DAGs
[2024-03-30T06:30:18.402+0000] {logging_mixin.py:149} INFO - [2024-03-30T06:30:18.402+0000] {dag.py:3490} INFO - Setting next_dagrun for example_task_group_decorator to 2024-03-29T06:30:18.401793+00:00, run_after=2024-03-30T06:30:18.401793+00:00
[2024-03-30T06:30:18.437+0000] {processor.py:179} INFO - Processing /home/airflow/.local/lib/python3.7/site-packages/airflow/example_dags/example_task_group_decorator.py took 0.119 seconds
[2024-03-30T06:30:48.790+0000] {processor.py:157} INFO - Started process (PID=1865) to work on /home/airflow/.local/lib/python3.7/site-packages/airflow/example_dags/example_task_group_decorator.py
[2024-03-30T06:30:48.791+0000] {processor.py:826} INFO - Processing file /home/airflow/.local/lib/python3.7/site-packages/airflow/example_dags/example_task_group_decorator.py for tasks to queue
[2024-03-30T06:30:48.792+0000] {logging_mixin.py:149} INFO - [2024-03-30T06:30:48.792+0000] {dagbag.py:541} INFO - Filling up the DagBag from /home/airflow/.local/lib/python3.7/site-packages/airflow/example_dags/example_task_group_decorator.py
[2024-03-30T06:30:48.804+0000] {processor.py:836} INFO - DAG(s) dict_keys(['example_task_group_decorator']) retrieved from /home/airflow/.local/lib/python3.7/site-packages/airflow/example_dags/example_task_group_decorator.py
[2024-03-30T06:30:48.845+0000] {logging_mixin.py:149} INFO - [2024-03-30T06:30:48.845+0000] {dag.py:2726} INFO - Sync 1 DAGs
[2024-03-30T06:30:48.869+0000] {logging_mixin.py:149} INFO - [2024-03-30T06:30:48.869+0000] {dag.py:3490} INFO - Setting next_dagrun for example_task_group_decorator to 2024-03-29T06:30:48.869504+00:00, run_after=2024-03-30T06:30:48.869504+00:00
[2024-03-30T06:30:48.900+0000] {processor.py:179} INFO - Processing /home/airflow/.local/lib/python3.7/site-packages/airflow/example_dags/example_task_group_decorator.py took 0.112 seconds
[2024-03-30T06:31:19.599+0000] {processor.py:157} INFO - Started process (PID=1926) to work on /home/airflow/.local/lib/python3.7/site-packages/airflow/example_dags/example_task_group_decorator.py
[2024-03-30T06:31:19.600+0000] {processor.py:826} INFO - Processing file /home/airflow/.local/lib/python3.7/site-packages/airflow/example_dags/example_task_group_decorator.py for tasks to queue
[2024-03-30T06:31:19.600+0000] {logging_mixin.py:149} INFO - [2024-03-30T06:31:19.600+0000] {dagbag.py:541} INFO - Filling up the DagBag from /home/airflow/.local/lib/python3.7/site-packages/airflow/example_dags/example_task_group_decorator.py
[2024-03-30T06:31:19.614+0000] {processor.py:836} INFO - DAG(s) dict_keys(['example_task_group_decorator']) retrieved from /home/airflow/.local/lib/python3.7/site-packages/airflow/example_dags/example_task_group_decorator.py
[2024-03-30T06:31:19.657+0000] {logging_mixin.py:149} INFO - [2024-03-30T06:31:19.656+0000] {dag.py:2726} INFO - Sync 1 DAGs
[2024-03-30T06:31:19.684+0000] {logging_mixin.py:149} INFO - [2024-03-30T06:31:19.684+0000] {dag.py:3490} INFO - Setting next_dagrun for example_task_group_decorator to 2024-03-29T06:31:19.684214+00:00, run_after=2024-03-30T06:31:19.684214+00:00
[2024-03-30T06:31:19.723+0000] {processor.py:179} INFO - Processing /home/airflow/.local/lib/python3.7/site-packages/airflow/example_dags/example_task_group_decorator.py took 0.126 seconds
[2024-03-30T08:20:54.465+0000] {processor.py:157} INFO - Started process (PID=41) to work on /home/airflow/.local/lib/python3.7/site-packages/airflow/example_dags/example_task_group_decorator.py
[2024-03-30T08:20:54.467+0000] {processor.py:826} INFO - Processing file /home/airflow/.local/lib/python3.7/site-packages/airflow/example_dags/example_task_group_decorator.py for tasks to queue
[2024-03-30T08:20:54.468+0000] {logging_mixin.py:149} INFO - [2024-03-30T08:20:54.468+0000] {dagbag.py:541} INFO - Filling up the DagBag from /home/airflow/.local/lib/python3.7/site-packages/airflow/example_dags/example_task_group_decorator.py
[2024-03-30T08:20:54.491+0000] {processor.py:836} INFO - DAG(s) dict_keys(['example_task_group_decorator']) retrieved from /home/airflow/.local/lib/python3.7/site-packages/airflow/example_dags/example_task_group_decorator.py
[2024-03-30T08:20:54.567+0000] {logging_mixin.py:149} INFO - [2024-03-30T08:20:54.567+0000] {dag.py:2726} INFO - Sync 1 DAGs
[2024-03-30T08:20:54.608+0000] {logging_mixin.py:149} INFO - [2024-03-30T08:20:54.608+0000] {dag.py:3490} INFO - Setting next_dagrun for example_task_group_decorator to 2024-03-29T08:20:54.607927+00:00, run_after=2024-03-30T08:20:54.607927+00:00
[2024-03-30T08:20:54.674+0000] {processor.py:179} INFO - Processing /home/airflow/.local/lib/python3.7/site-packages/airflow/example_dags/example_task_group_decorator.py took 0.219 seconds
[2024-03-30T08:21:25.066+0000] {processor.py:157} INFO - Started process (PID=102) to work on /home/airflow/.local/lib/python3.7/site-packages/airflow/example_dags/example_task_group_decorator.py
[2024-03-30T08:21:25.067+0000] {processor.py:826} INFO - Processing file /home/airflow/.local/lib/python3.7/site-packages/airflow/example_dags/example_task_group_decorator.py for tasks to queue
[2024-03-30T08:21:25.067+0000] {logging_mixin.py:149} INFO - [2024-03-30T08:21:25.067+0000] {dagbag.py:541} INFO - Filling up the DagBag from /home/airflow/.local/lib/python3.7/site-packages/airflow/example_dags/example_task_group_decorator.py
[2024-03-30T08:21:25.081+0000] {processor.py:836} INFO - DAG(s) dict_keys(['example_task_group_decorator']) retrieved from /home/airflow/.local/lib/python3.7/site-packages/airflow/example_dags/example_task_group_decorator.py
[2024-03-30T08:21:25.133+0000] {logging_mixin.py:149} INFO - [2024-03-30T08:21:25.133+0000] {dag.py:2726} INFO - Sync 1 DAGs
[2024-03-30T08:21:25.160+0000] {logging_mixin.py:149} INFO - [2024-03-30T08:21:25.160+0000] {dag.py:3490} INFO - Setting next_dagrun for example_task_group_decorator to 2024-03-29T08:21:25.160216+00:00, run_after=2024-03-30T08:21:25.160216+00:00
[2024-03-30T08:21:25.209+0000] {processor.py:179} INFO - Processing /home/airflow/.local/lib/python3.7/site-packages/airflow/example_dags/example_task_group_decorator.py took 0.146 seconds
[2024-03-30T08:21:55.468+0000] {processor.py:157} INFO - Started process (PID=163) to work on /home/airflow/.local/lib/python3.7/site-packages/airflow/example_dags/example_task_group_decorator.py
[2024-03-30T08:21:55.469+0000] {processor.py:826} INFO - Processing file /home/airflow/.local/lib/python3.7/site-packages/airflow/example_dags/example_task_group_decorator.py for tasks to queue
[2024-03-30T08:21:55.470+0000] {logging_mixin.py:149} INFO - [2024-03-30T08:21:55.470+0000] {dagbag.py:541} INFO - Filling up the DagBag from /home/airflow/.local/lib/python3.7/site-packages/airflow/example_dags/example_task_group_decorator.py
[2024-03-30T08:21:55.486+0000] {processor.py:836} INFO - DAG(s) dict_keys(['example_task_group_decorator']) retrieved from /home/airflow/.local/lib/python3.7/site-packages/airflow/example_dags/example_task_group_decorator.py
[2024-03-30T08:21:55.532+0000] {logging_mixin.py:149} INFO - [2024-03-30T08:21:55.532+0000] {dag.py:2726} INFO - Sync 1 DAGs
[2024-03-30T08:21:55.561+0000] {logging_mixin.py:149} INFO - [2024-03-30T08:21:55.561+0000] {dag.py:3490} INFO - Setting next_dagrun for example_task_group_decorator to 2024-03-29T08:21:55.561137+00:00, run_after=2024-03-30T08:21:55.561137+00:00
[2024-03-30T08:21:55.701+0000] {processor.py:179} INFO - Processing /home/airflow/.local/lib/python3.7/site-packages/airflow/example_dags/example_task_group_decorator.py took 0.236 seconds
[2024-03-30T08:22:26.240+0000] {processor.py:157} INFO - Started process (PID=224) to work on /home/airflow/.local/lib/python3.7/site-packages/airflow/example_dags/example_task_group_decorator.py
[2024-03-30T08:22:26.241+0000] {processor.py:826} INFO - Processing file /home/airflow/.local/lib/python3.7/site-packages/airflow/example_dags/example_task_group_decorator.py for tasks to queue
[2024-03-30T08:22:26.243+0000] {logging_mixin.py:149} INFO - [2024-03-30T08:22:26.242+0000] {dagbag.py:541} INFO - Filling up the DagBag from /home/airflow/.local/lib/python3.7/site-packages/airflow/example_dags/example_task_group_decorator.py
[2024-03-30T08:22:26.361+0000] {processor.py:836} INFO - DAG(s) dict_keys(['example_task_group_decorator']) retrieved from /home/airflow/.local/lib/python3.7/site-packages/airflow/example_dags/example_task_group_decorator.py
[2024-03-30T08:22:26.409+0000] {logging_mixin.py:149} INFO - [2024-03-30T08:22:26.408+0000] {dag.py:2726} INFO - Sync 1 DAGs
[2024-03-30T08:22:26.435+0000] {logging_mixin.py:149} INFO - [2024-03-30T08:22:26.435+0000] {dag.py:3490} INFO - Setting next_dagrun for example_task_group_decorator to 2024-03-29T08:22:26.435172+00:00, run_after=2024-03-30T08:22:26.435172+00:00
[2024-03-30T08:22:26.481+0000] {processor.py:179} INFO - Processing /home/airflow/.local/lib/python3.7/site-packages/airflow/example_dags/example_task_group_decorator.py took 0.243 seconds
[2024-03-30T08:22:56.871+0000] {processor.py:157} INFO - Started process (PID=285) to work on /home/airflow/.local/lib/python3.7/site-packages/airflow/example_dags/example_task_group_decorator.py
[2024-03-30T08:22:56.872+0000] {processor.py:826} INFO - Processing file /home/airflow/.local/lib/python3.7/site-packages/airflow/example_dags/example_task_group_decorator.py for tasks to queue
[2024-03-30T08:22:56.873+0000] {logging_mixin.py:149} INFO - [2024-03-30T08:22:56.873+0000] {dagbag.py:541} INFO - Filling up the DagBag from /home/airflow/.local/lib/python3.7/site-packages/airflow/example_dags/example_task_group_decorator.py
[2024-03-30T08:22:56.887+0000] {processor.py:836} INFO - DAG(s) dict_keys(['example_task_group_decorator']) retrieved from /home/airflow/.local/lib/python3.7/site-packages/airflow/example_dags/example_task_group_decorator.py
[2024-03-30T08:22:56.942+0000] {logging_mixin.py:149} INFO - [2024-03-30T08:22:56.942+0000] {dag.py:2726} INFO - Sync 1 DAGs
[2024-03-30T08:22:56.981+0000] {logging_mixin.py:149} INFO - [2024-03-30T08:22:56.981+0000] {dag.py:3490} INFO - Setting next_dagrun for example_task_group_decorator to 2024-03-29T08:22:56.981272+00:00, run_after=2024-03-30T08:22:56.981272+00:00
[2024-03-30T08:22:57.032+0000] {processor.py:179} INFO - Processing /home/airflow/.local/lib/python3.7/site-packages/airflow/example_dags/example_task_group_decorator.py took 0.164 seconds
[2024-03-30T08:23:27.070+0000] {processor.py:157} INFO - Started process (PID=346) to work on /home/airflow/.local/lib/python3.7/site-packages/airflow/example_dags/example_task_group_decorator.py
[2024-03-30T08:23:27.071+0000] {processor.py:826} INFO - Processing file /home/airflow/.local/lib/python3.7/site-packages/airflow/example_dags/example_task_group_decorator.py for tasks to queue
[2024-03-30T08:23:27.072+0000] {logging_mixin.py:149} INFO - [2024-03-30T08:23:27.072+0000] {dagbag.py:541} INFO - Filling up the DagBag from /home/airflow/.local/lib/python3.7/site-packages/airflow/example_dags/example_task_group_decorator.py
[2024-03-30T08:23:27.087+0000] {processor.py:836} INFO - DAG(s) dict_keys(['example_task_group_decorator']) retrieved from /home/airflow/.local/lib/python3.7/site-packages/airflow/example_dags/example_task_group_decorator.py
[2024-03-30T08:23:27.139+0000] {logging_mixin.py:149} INFO - [2024-03-30T08:23:27.139+0000] {dag.py:2726} INFO - Sync 1 DAGs
[2024-03-30T08:23:27.171+0000] {logging_mixin.py:149} INFO - [2024-03-30T08:23:27.171+0000] {dag.py:3490} INFO - Setting next_dagrun for example_task_group_decorator to 2024-03-29T08:23:27.171459+00:00, run_after=2024-03-30T08:23:27.171459+00:00
[2024-03-30T08:23:27.221+0000] {processor.py:179} INFO - Processing /home/airflow/.local/lib/python3.7/site-packages/airflow/example_dags/example_task_group_decorator.py took 0.154 seconds
[2024-03-30T08:23:57.313+0000] {processor.py:157} INFO - Started process (PID=406) to work on /home/airflow/.local/lib/python3.7/site-packages/airflow/example_dags/example_task_group_decorator.py
[2024-03-30T08:23:57.314+0000] {processor.py:826} INFO - Processing file /home/airflow/.local/lib/python3.7/site-packages/airflow/example_dags/example_task_group_decorator.py for tasks to queue
[2024-03-30T08:23:57.315+0000] {logging_mixin.py:149} INFO - [2024-03-30T08:23:57.315+0000] {dagbag.py:541} INFO - Filling up the DagBag from /home/airflow/.local/lib/python3.7/site-packages/airflow/example_dags/example_task_group_decorator.py
[2024-03-30T08:23:57.327+0000] {processor.py:836} INFO - DAG(s) dict_keys(['example_task_group_decorator']) retrieved from /home/airflow/.local/lib/python3.7/site-packages/airflow/example_dags/example_task_group_decorator.py
[2024-03-30T08:23:57.376+0000] {logging_mixin.py:149} INFO - [2024-03-30T08:23:57.376+0000] {dag.py:2726} INFO - Sync 1 DAGs
[2024-03-30T08:23:57.414+0000] {logging_mixin.py:149} INFO - [2024-03-30T08:23:57.414+0000] {dag.py:3490} INFO - Setting next_dagrun for example_task_group_decorator to 2024-03-29T08:23:57.414402+00:00, run_after=2024-03-30T08:23:57.414402+00:00
[2024-03-30T08:23:57.477+0000] {processor.py:179} INFO - Processing /home/airflow/.local/lib/python3.7/site-packages/airflow/example_dags/example_task_group_decorator.py took 0.168 seconds
[2024-03-30T08:24:27.889+0000] {processor.py:157} INFO - Started process (PID=467) to work on /home/airflow/.local/lib/python3.7/site-packages/airflow/example_dags/example_task_group_decorator.py
[2024-03-30T08:24:27.890+0000] {processor.py:826} INFO - Processing file /home/airflow/.local/lib/python3.7/site-packages/airflow/example_dags/example_task_group_decorator.py for tasks to queue
[2024-03-30T08:24:27.891+0000] {logging_mixin.py:149} INFO - [2024-03-30T08:24:27.891+0000] {dagbag.py:541} INFO - Filling up the DagBag from /home/airflow/.local/lib/python3.7/site-packages/airflow/example_dags/example_task_group_decorator.py
[2024-03-30T08:24:27.905+0000] {processor.py:836} INFO - DAG(s) dict_keys(['example_task_group_decorator']) retrieved from /home/airflow/.local/lib/python3.7/site-packages/airflow/example_dags/example_task_group_decorator.py
[2024-03-30T08:24:27.952+0000] {logging_mixin.py:149} INFO - [2024-03-30T08:24:27.952+0000] {dag.py:2726} INFO - Sync 1 DAGs
[2024-03-30T08:24:28.024+0000] {logging_mixin.py:149} INFO - [2024-03-30T08:24:28.023+0000] {dag.py:3490} INFO - Setting next_dagrun for example_task_group_decorator to 2024-03-29T08:24:28.023448+00:00, run_after=2024-03-30T08:24:28.023448+00:00
[2024-03-30T08:24:28.072+0000] {processor.py:179} INFO - Processing /home/airflow/.local/lib/python3.7/site-packages/airflow/example_dags/example_task_group_decorator.py took 0.185 seconds
[2024-03-30T08:24:58.335+0000] {processor.py:157} INFO - Started process (PID=528) to work on /home/airflow/.local/lib/python3.7/site-packages/airflow/example_dags/example_task_group_decorator.py
[2024-03-30T08:24:58.337+0000] {processor.py:826} INFO - Processing file /home/airflow/.local/lib/python3.7/site-packages/airflow/example_dags/example_task_group_decorator.py for tasks to queue
[2024-03-30T08:24:58.338+0000] {logging_mixin.py:149} INFO - [2024-03-30T08:24:58.337+0000] {dagbag.py:541} INFO - Filling up the DagBag from /home/airflow/.local/lib/python3.7/site-packages/airflow/example_dags/example_task_group_decorator.py
[2024-03-30T08:24:58.358+0000] {processor.py:836} INFO - DAG(s) dict_keys(['example_task_group_decorator']) retrieved from /home/airflow/.local/lib/python3.7/site-packages/airflow/example_dags/example_task_group_decorator.py
[2024-03-30T08:24:58.403+0000] {logging_mixin.py:149} INFO - [2024-03-30T08:24:58.403+0000] {dag.py:2726} INFO - Sync 1 DAGs
[2024-03-30T08:24:58.429+0000] {logging_mixin.py:149} INFO - [2024-03-30T08:24:58.429+0000] {dag.py:3490} INFO - Setting next_dagrun for example_task_group_decorator to 2024-03-29T08:24:58.429144+00:00, run_after=2024-03-30T08:24:58.429144+00:00
[2024-03-30T08:24:58.470+0000] {processor.py:179} INFO - Processing /home/airflow/.local/lib/python3.7/site-packages/airflow/example_dags/example_task_group_decorator.py took 0.139 seconds
[2024-03-30T08:25:28.642+0000] {processor.py:157} INFO - Started process (PID=589) to work on /home/airflow/.local/lib/python3.7/site-packages/airflow/example_dags/example_task_group_decorator.py
[2024-03-30T08:25:28.642+0000] {processor.py:826} INFO - Processing file /home/airflow/.local/lib/python3.7/site-packages/airflow/example_dags/example_task_group_decorator.py for tasks to queue
[2024-03-30T08:25:28.643+0000] {logging_mixin.py:149} INFO - [2024-03-30T08:25:28.643+0000] {dagbag.py:541} INFO - Filling up the DagBag from /home/airflow/.local/lib/python3.7/site-packages/airflow/example_dags/example_task_group_decorator.py
[2024-03-30T08:25:28.660+0000] {processor.py:836} INFO - DAG(s) dict_keys(['example_task_group_decorator']) retrieved from /home/airflow/.local/lib/python3.7/site-packages/airflow/example_dags/example_task_group_decorator.py
[2024-03-30T08:25:28.716+0000] {logging_mixin.py:149} INFO - [2024-03-30T08:25:28.716+0000] {dag.py:2726} INFO - Sync 1 DAGs
[2024-03-30T08:25:28.753+0000] {logging_mixin.py:149} INFO - [2024-03-30T08:25:28.753+0000] {dag.py:3490} INFO - Setting next_dagrun for example_task_group_decorator to 2024-03-29T08:25:28.752961+00:00, run_after=2024-03-30T08:25:28.752961+00:00
[2024-03-30T08:25:28.798+0000] {processor.py:179} INFO - Processing /home/airflow/.local/lib/python3.7/site-packages/airflow/example_dags/example_task_group_decorator.py took 0.160 seconds
[2024-03-30T08:25:59.026+0000] {processor.py:157} INFO - Started process (PID=651) to work on /home/airflow/.local/lib/python3.7/site-packages/airflow/example_dags/example_task_group_decorator.py
[2024-03-30T08:25:59.028+0000] {processor.py:826} INFO - Processing file /home/airflow/.local/lib/python3.7/site-packages/airflow/example_dags/example_task_group_decorator.py for tasks to queue
[2024-03-30T08:25:59.029+0000] {logging_mixin.py:149} INFO - [2024-03-30T08:25:59.029+0000] {dagbag.py:541} INFO - Filling up the DagBag from /home/airflow/.local/lib/python3.7/site-packages/airflow/example_dags/example_task_group_decorator.py
[2024-03-30T08:25:59.044+0000] {processor.py:836} INFO - DAG(s) dict_keys(['example_task_group_decorator']) retrieved from /home/airflow/.local/lib/python3.7/site-packages/airflow/example_dags/example_task_group_decorator.py
[2024-03-30T08:25:59.148+0000] {logging_mixin.py:149} INFO - [2024-03-30T08:25:59.148+0000] {dag.py:2726} INFO - Sync 1 DAGs
[2024-03-30T08:25:59.187+0000] {logging_mixin.py:149} INFO - [2024-03-30T08:25:59.187+0000] {dag.py:3490} INFO - Setting next_dagrun for example_task_group_decorator to 2024-03-29T08:25:59.187502+00:00, run_after=2024-03-30T08:25:59.187502+00:00
[2024-03-30T08:25:59.234+0000] {processor.py:179} INFO - Processing /home/airflow/.local/lib/python3.7/site-packages/airflow/example_dags/example_task_group_decorator.py took 0.219 seconds
