[2024-03-30T06:15:32.017+0000] {processor.py:157} INFO - Started process (PID=37) to work on /home/airflow/.local/lib/python3.7/site-packages/airflow/example_dags/example_external_task_marker_dag.py
[2024-03-30T06:15:32.018+0000] {processor.py:826} INFO - Processing file /home/airflow/.local/lib/python3.7/site-packages/airflow/example_dags/example_external_task_marker_dag.py for tasks to queue
[2024-03-30T06:15:32.019+0000] {logging_mixin.py:149} INFO - [2024-03-30T06:15:32.018+0000] {dagbag.py:541} INFO - Filling up the DagBag from /home/airflow/.local/lib/python3.7/site-packages/airflow/example_dags/example_external_task_marker_dag.py
[2024-03-30T06:15:32.027+0000] {processor.py:836} INFO - DAG(s) dict_keys(['example_external_task_marker_child', 'example_external_task_marker_parent']) retrieved from /home/airflow/.local/lib/python3.7/site-packages/airflow/example_dags/example_external_task_marker_dag.py
[2024-03-30T06:15:32.058+0000] {logging_mixin.py:149} INFO - [2024-03-30T06:15:32.058+0000] {dag.py:2726} INFO - Sync 2 DAGs
[2024-03-30T06:15:32.086+0000] {logging_mixin.py:149} INFO - [2024-03-30T06:15:32.086+0000] {dag.py:3490} INFO - Setting next_dagrun for example_external_task_marker_child to None, run_after=None
[2024-03-30T06:15:32.090+0000] {logging_mixin.py:149} INFO - [2024-03-30T06:15:32.090+0000] {dag.py:3490} INFO - Setting next_dagrun for example_external_task_marker_parent to None, run_after=None
[2024-03-30T06:15:32.128+0000] {processor.py:179} INFO - Processing /home/airflow/.local/lib/python3.7/site-packages/airflow/example_dags/example_external_task_marker_dag.py took 0.115 seconds
[2024-03-30T06:16:02.690+0000] {processor.py:157} INFO - Started process (PID=96) to work on /home/airflow/.local/lib/python3.7/site-packages/airflow/example_dags/example_external_task_marker_dag.py
[2024-03-30T06:16:02.690+0000] {processor.py:826} INFO - Processing file /home/airflow/.local/lib/python3.7/site-packages/airflow/example_dags/example_external_task_marker_dag.py for tasks to queue
[2024-03-30T06:16:02.691+0000] {logging_mixin.py:149} INFO - [2024-03-30T06:16:02.691+0000] {dagbag.py:541} INFO - Filling up the DagBag from /home/airflow/.local/lib/python3.7/site-packages/airflow/example_dags/example_external_task_marker_dag.py
[2024-03-30T06:16:02.695+0000] {processor.py:836} INFO - DAG(s) dict_keys(['example_external_task_marker_parent', 'example_external_task_marker_child']) retrieved from /home/airflow/.local/lib/python3.7/site-packages/airflow/example_dags/example_external_task_marker_dag.py
[2024-03-30T06:16:02.739+0000] {logging_mixin.py:149} INFO - [2024-03-30T06:16:02.739+0000] {dag.py:2726} INFO - Sync 2 DAGs
[2024-03-30T06:16:02.769+0000] {logging_mixin.py:149} INFO - [2024-03-30T06:16:02.768+0000] {dag.py:3490} INFO - Setting next_dagrun for example_external_task_marker_child to None, run_after=None
[2024-03-30T06:16:02.774+0000] {logging_mixin.py:149} INFO - [2024-03-30T06:16:02.774+0000] {dag.py:3490} INFO - Setting next_dagrun for example_external_task_marker_parent to None, run_after=None
[2024-03-30T06:16:02.814+0000] {processor.py:179} INFO - Processing /home/airflow/.local/lib/python3.7/site-packages/airflow/example_dags/example_external_task_marker_dag.py took 0.127 seconds
[2024-03-30T06:16:33.388+0000] {processor.py:157} INFO - Started process (PID=156) to work on /home/airflow/.local/lib/python3.7/site-packages/airflow/example_dags/example_external_task_marker_dag.py
[2024-03-30T06:16:33.389+0000] {processor.py:826} INFO - Processing file /home/airflow/.local/lib/python3.7/site-packages/airflow/example_dags/example_external_task_marker_dag.py for tasks to queue
[2024-03-30T06:16:33.389+0000] {logging_mixin.py:149} INFO - [2024-03-30T06:16:33.389+0000] {dagbag.py:541} INFO - Filling up the DagBag from /home/airflow/.local/lib/python3.7/site-packages/airflow/example_dags/example_external_task_marker_dag.py
[2024-03-30T06:16:33.395+0000] {processor.py:836} INFO - DAG(s) dict_keys(['example_external_task_marker_child', 'example_external_task_marker_parent']) retrieved from /home/airflow/.local/lib/python3.7/site-packages/airflow/example_dags/example_external_task_marker_dag.py
[2024-03-30T06:16:33.437+0000] {logging_mixin.py:149} INFO - [2024-03-30T06:16:33.437+0000] {dag.py:2726} INFO - Sync 2 DAGs
[2024-03-30T06:16:33.461+0000] {logging_mixin.py:149} INFO - [2024-03-30T06:16:33.461+0000] {dag.py:3490} INFO - Setting next_dagrun for example_external_task_marker_child to None, run_after=None
[2024-03-30T06:16:33.466+0000] {logging_mixin.py:149} INFO - [2024-03-30T06:16:33.465+0000] {dag.py:3490} INFO - Setting next_dagrun for example_external_task_marker_parent to None, run_after=None
[2024-03-30T06:16:33.497+0000] {processor.py:179} INFO - Processing /home/airflow/.local/lib/python3.7/site-packages/airflow/example_dags/example_external_task_marker_dag.py took 0.112 seconds
[2024-03-30T06:17:03.651+0000] {processor.py:157} INFO - Started process (PID=216) to work on /home/airflow/.local/lib/python3.7/site-packages/airflow/example_dags/example_external_task_marker_dag.py
[2024-03-30T06:17:03.651+0000] {processor.py:826} INFO - Processing file /home/airflow/.local/lib/python3.7/site-packages/airflow/example_dags/example_external_task_marker_dag.py for tasks to queue
[2024-03-30T06:17:03.652+0000] {logging_mixin.py:149} INFO - [2024-03-30T06:17:03.652+0000] {dagbag.py:541} INFO - Filling up the DagBag from /home/airflow/.local/lib/python3.7/site-packages/airflow/example_dags/example_external_task_marker_dag.py
[2024-03-30T06:17:03.656+0000] {processor.py:836} INFO - DAG(s) dict_keys(['example_external_task_marker_child', 'example_external_task_marker_parent']) retrieved from /home/airflow/.local/lib/python3.7/site-packages/airflow/example_dags/example_external_task_marker_dag.py
[2024-03-30T06:17:03.696+0000] {logging_mixin.py:149} INFO - [2024-03-30T06:17:03.696+0000] {dag.py:2726} INFO - Sync 2 DAGs
[2024-03-30T06:17:03.719+0000] {logging_mixin.py:149} INFO - [2024-03-30T06:17:03.719+0000] {dag.py:3490} INFO - Setting next_dagrun for example_external_task_marker_child to None, run_after=None
[2024-03-30T06:17:03.723+0000] {logging_mixin.py:149} INFO - [2024-03-30T06:17:03.723+0000] {dag.py:3490} INFO - Setting next_dagrun for example_external_task_marker_parent to None, run_after=None
[2024-03-30T06:17:03.754+0000] {processor.py:179} INFO - Processing /home/airflow/.local/lib/python3.7/site-packages/airflow/example_dags/example_external_task_marker_dag.py took 0.106 seconds
[2024-03-30T06:17:34.134+0000] {processor.py:157} INFO - Started process (PID=276) to work on /home/airflow/.local/lib/python3.7/site-packages/airflow/example_dags/example_external_task_marker_dag.py
[2024-03-30T06:17:34.135+0000] {processor.py:826} INFO - Processing file /home/airflow/.local/lib/python3.7/site-packages/airflow/example_dags/example_external_task_marker_dag.py for tasks to queue
[2024-03-30T06:17:34.136+0000] {logging_mixin.py:149} INFO - [2024-03-30T06:17:34.136+0000] {dagbag.py:541} INFO - Filling up the DagBag from /home/airflow/.local/lib/python3.7/site-packages/airflow/example_dags/example_external_task_marker_dag.py
[2024-03-30T06:17:34.141+0000] {processor.py:836} INFO - DAG(s) dict_keys(['example_external_task_marker_parent', 'example_external_task_marker_child']) retrieved from /home/airflow/.local/lib/python3.7/site-packages/airflow/example_dags/example_external_task_marker_dag.py
[2024-03-30T06:17:34.184+0000] {logging_mixin.py:149} INFO - [2024-03-30T06:17:34.184+0000] {dag.py:2726} INFO - Sync 2 DAGs
[2024-03-30T06:17:34.211+0000] {logging_mixin.py:149} INFO - [2024-03-30T06:17:34.210+0000] {dag.py:3490} INFO - Setting next_dagrun for example_external_task_marker_child to None, run_after=None
[2024-03-30T06:17:34.215+0000] {logging_mixin.py:149} INFO - [2024-03-30T06:17:34.214+0000] {dag.py:3490} INFO - Setting next_dagrun for example_external_task_marker_parent to None, run_after=None
[2024-03-30T06:17:34.246+0000] {processor.py:179} INFO - Processing /home/airflow/.local/lib/python3.7/site-packages/airflow/example_dags/example_external_task_marker_dag.py took 0.115 seconds
[2024-03-30T06:18:04.566+0000] {processor.py:157} INFO - Started process (PID=336) to work on /home/airflow/.local/lib/python3.7/site-packages/airflow/example_dags/example_external_task_marker_dag.py
[2024-03-30T06:18:04.567+0000] {processor.py:826} INFO - Processing file /home/airflow/.local/lib/python3.7/site-packages/airflow/example_dags/example_external_task_marker_dag.py for tasks to queue
[2024-03-30T06:18:04.567+0000] {logging_mixin.py:149} INFO - [2024-03-30T06:18:04.567+0000] {dagbag.py:541} INFO - Filling up the DagBag from /home/airflow/.local/lib/python3.7/site-packages/airflow/example_dags/example_external_task_marker_dag.py
[2024-03-30T06:18:04.574+0000] {processor.py:836} INFO - DAG(s) dict_keys(['example_external_task_marker_child', 'example_external_task_marker_parent']) retrieved from /home/airflow/.local/lib/python3.7/site-packages/airflow/example_dags/example_external_task_marker_dag.py
[2024-03-30T06:18:04.621+0000] {logging_mixin.py:149} INFO - [2024-03-30T06:18:04.621+0000] {dag.py:2726} INFO - Sync 2 DAGs
[2024-03-30T06:18:04.650+0000] {logging_mixin.py:149} INFO - [2024-03-30T06:18:04.650+0000] {dag.py:3490} INFO - Setting next_dagrun for example_external_task_marker_child to None, run_after=None
[2024-03-30T06:18:04.655+0000] {logging_mixin.py:149} INFO - [2024-03-30T06:18:04.655+0000] {dag.py:3490} INFO - Setting next_dagrun for example_external_task_marker_parent to None, run_after=None
[2024-03-30T06:18:04.692+0000] {processor.py:179} INFO - Processing /home/airflow/.local/lib/python3.7/site-packages/airflow/example_dags/example_external_task_marker_dag.py took 0.129 seconds
[2024-03-30T06:18:34.899+0000] {processor.py:157} INFO - Started process (PID=397) to work on /home/airflow/.local/lib/python3.7/site-packages/airflow/example_dags/example_external_task_marker_dag.py
[2024-03-30T06:18:34.900+0000] {processor.py:826} INFO - Processing file /home/airflow/.local/lib/python3.7/site-packages/airflow/example_dags/example_external_task_marker_dag.py for tasks to queue
[2024-03-30T06:18:34.901+0000] {logging_mixin.py:149} INFO - [2024-03-30T06:18:34.901+0000] {dagbag.py:541} INFO - Filling up the DagBag from /home/airflow/.local/lib/python3.7/site-packages/airflow/example_dags/example_external_task_marker_dag.py
[2024-03-30T06:18:34.908+0000] {processor.py:836} INFO - DAG(s) dict_keys(['example_external_task_marker_child', 'example_external_task_marker_parent']) retrieved from /home/airflow/.local/lib/python3.7/site-packages/airflow/example_dags/example_external_task_marker_dag.py
[2024-03-30T06:18:34.951+0000] {logging_mixin.py:149} INFO - [2024-03-30T06:18:34.951+0000] {dag.py:2726} INFO - Sync 2 DAGs
[2024-03-30T06:18:34.980+0000] {logging_mixin.py:149} INFO - [2024-03-30T06:18:34.980+0000] {dag.py:3490} INFO - Setting next_dagrun for example_external_task_marker_child to None, run_after=None
[2024-03-30T06:18:34.984+0000] {logging_mixin.py:149} INFO - [2024-03-30T06:18:34.984+0000] {dag.py:3490} INFO - Setting next_dagrun for example_external_task_marker_parent to None, run_after=None
[2024-03-30T06:18:35.025+0000] {processor.py:179} INFO - Processing /home/airflow/.local/lib/python3.7/site-packages/airflow/example_dags/example_external_task_marker_dag.py took 0.128 seconds
[2024-03-30T06:19:05.202+0000] {processor.py:157} INFO - Started process (PID=457) to work on /home/airflow/.local/lib/python3.7/site-packages/airflow/example_dags/example_external_task_marker_dag.py
[2024-03-30T06:19:05.204+0000] {processor.py:826} INFO - Processing file /home/airflow/.local/lib/python3.7/site-packages/airflow/example_dags/example_external_task_marker_dag.py for tasks to queue
[2024-03-30T06:19:05.205+0000] {logging_mixin.py:149} INFO - [2024-03-30T06:19:05.205+0000] {dagbag.py:541} INFO - Filling up the DagBag from /home/airflow/.local/lib/python3.7/site-packages/airflow/example_dags/example_external_task_marker_dag.py
[2024-03-30T06:19:05.210+0000] {processor.py:836} INFO - DAG(s) dict_keys(['example_external_task_marker_child', 'example_external_task_marker_parent']) retrieved from /home/airflow/.local/lib/python3.7/site-packages/airflow/example_dags/example_external_task_marker_dag.py
[2024-03-30T06:19:05.262+0000] {logging_mixin.py:149} INFO - [2024-03-30T06:19:05.261+0000] {dag.py:2726} INFO - Sync 2 DAGs
[2024-03-30T06:19:05.288+0000] {logging_mixin.py:149} INFO - [2024-03-30T06:19:05.288+0000] {dag.py:3490} INFO - Setting next_dagrun for example_external_task_marker_child to None, run_after=None
[2024-03-30T06:19:05.292+0000] {logging_mixin.py:149} INFO - [2024-03-30T06:19:05.292+0000] {dag.py:3490} INFO - Setting next_dagrun for example_external_task_marker_parent to None, run_after=None
[2024-03-30T06:19:05.327+0000] {processor.py:179} INFO - Processing /home/airflow/.local/lib/python3.7/site-packages/airflow/example_dags/example_external_task_marker_dag.py took 0.128 seconds
[2024-03-30T06:19:36.300+0000] {processor.py:157} INFO - Started process (PID=517) to work on /home/airflow/.local/lib/python3.7/site-packages/airflow/example_dags/example_external_task_marker_dag.py
[2024-03-30T06:19:36.301+0000] {processor.py:826} INFO - Processing file /home/airflow/.local/lib/python3.7/site-packages/airflow/example_dags/example_external_task_marker_dag.py for tasks to queue
[2024-03-30T06:19:36.302+0000] {logging_mixin.py:149} INFO - [2024-03-30T06:19:36.301+0000] {dagbag.py:541} INFO - Filling up the DagBag from /home/airflow/.local/lib/python3.7/site-packages/airflow/example_dags/example_external_task_marker_dag.py
[2024-03-30T06:19:36.306+0000] {processor.py:836} INFO - DAG(s) dict_keys(['example_external_task_marker_parent', 'example_external_task_marker_child']) retrieved from /home/airflow/.local/lib/python3.7/site-packages/airflow/example_dags/example_external_task_marker_dag.py
[2024-03-30T06:19:36.347+0000] {logging_mixin.py:149} INFO - [2024-03-30T06:19:36.347+0000] {dag.py:2726} INFO - Sync 2 DAGs
[2024-03-30T06:19:36.381+0000] {logging_mixin.py:149} INFO - [2024-03-30T06:19:36.381+0000] {dag.py:3490} INFO - Setting next_dagrun for example_external_task_marker_child to None, run_after=None
[2024-03-30T06:19:36.388+0000] {logging_mixin.py:149} INFO - [2024-03-30T06:19:36.388+0000] {dag.py:3490} INFO - Setting next_dagrun for example_external_task_marker_parent to None, run_after=None
[2024-03-30T06:19:36.434+0000] {processor.py:179} INFO - Processing /home/airflow/.local/lib/python3.7/site-packages/airflow/example_dags/example_external_task_marker_dag.py took 0.136 seconds
[2024-03-30T06:20:06.488+0000] {processor.py:157} INFO - Started process (PID=577) to work on /home/airflow/.local/lib/python3.7/site-packages/airflow/example_dags/example_external_task_marker_dag.py
[2024-03-30T06:20:06.488+0000] {processor.py:826} INFO - Processing file /home/airflow/.local/lib/python3.7/site-packages/airflow/example_dags/example_external_task_marker_dag.py for tasks to queue
[2024-03-30T06:20:06.489+0000] {logging_mixin.py:149} INFO - [2024-03-30T06:20:06.489+0000] {dagbag.py:541} INFO - Filling up the DagBag from /home/airflow/.local/lib/python3.7/site-packages/airflow/example_dags/example_external_task_marker_dag.py
[2024-03-30T06:20:06.494+0000] {processor.py:836} INFO - DAG(s) dict_keys(['example_external_task_marker_parent', 'example_external_task_marker_child']) retrieved from /home/airflow/.local/lib/python3.7/site-packages/airflow/example_dags/example_external_task_marker_dag.py
[2024-03-30T06:20:06.537+0000] {logging_mixin.py:149} INFO - [2024-03-30T06:20:06.537+0000] {dag.py:2726} INFO - Sync 2 DAGs
[2024-03-30T06:20:06.561+0000] {logging_mixin.py:149} INFO - [2024-03-30T06:20:06.560+0000] {dag.py:3490} INFO - Setting next_dagrun for example_external_task_marker_child to None, run_after=None
[2024-03-30T06:20:06.565+0000] {logging_mixin.py:149} INFO - [2024-03-30T06:20:06.565+0000] {dag.py:3490} INFO - Setting next_dagrun for example_external_task_marker_parent to None, run_after=None
[2024-03-30T06:20:06.600+0000] {processor.py:179} INFO - Processing /home/airflow/.local/lib/python3.7/site-packages/airflow/example_dags/example_external_task_marker_dag.py took 0.115 seconds
[2024-03-30T06:20:37.130+0000] {processor.py:157} INFO - Started process (PID=638) to work on /home/airflow/.local/lib/python3.7/site-packages/airflow/example_dags/example_external_task_marker_dag.py
[2024-03-30T06:20:37.131+0000] {processor.py:826} INFO - Processing file /home/airflow/.local/lib/python3.7/site-packages/airflow/example_dags/example_external_task_marker_dag.py for tasks to queue
[2024-03-30T06:20:37.132+0000] {logging_mixin.py:149} INFO - [2024-03-30T06:20:37.132+0000] {dagbag.py:541} INFO - Filling up the DagBag from /home/airflow/.local/lib/python3.7/site-packages/airflow/example_dags/example_external_task_marker_dag.py
[2024-03-30T06:20:37.138+0000] {processor.py:836} INFO - DAG(s) dict_keys(['example_external_task_marker_parent', 'example_external_task_marker_child']) retrieved from /home/airflow/.local/lib/python3.7/site-packages/airflow/example_dags/example_external_task_marker_dag.py
[2024-03-30T06:20:37.180+0000] {logging_mixin.py:149} INFO - [2024-03-30T06:20:37.180+0000] {dag.py:2726} INFO - Sync 2 DAGs
[2024-03-30T06:20:37.206+0000] {logging_mixin.py:149} INFO - [2024-03-30T06:20:37.206+0000] {dag.py:3490} INFO - Setting next_dagrun for example_external_task_marker_child to None, run_after=None
[2024-03-30T06:20:37.210+0000] {logging_mixin.py:149} INFO - [2024-03-30T06:20:37.210+0000] {dag.py:3490} INFO - Setting next_dagrun for example_external_task_marker_parent to None, run_after=None
[2024-03-30T06:20:37.247+0000] {processor.py:179} INFO - Processing /home/airflow/.local/lib/python3.7/site-packages/airflow/example_dags/example_external_task_marker_dag.py took 0.121 seconds
[2024-03-30T06:21:08.184+0000] {processor.py:157} INFO - Started process (PID=699) to work on /home/airflow/.local/lib/python3.7/site-packages/airflow/example_dags/example_external_task_marker_dag.py
[2024-03-30T06:21:08.184+0000] {processor.py:826} INFO - Processing file /home/airflow/.local/lib/python3.7/site-packages/airflow/example_dags/example_external_task_marker_dag.py for tasks to queue
[2024-03-30T06:21:08.185+0000] {logging_mixin.py:149} INFO - [2024-03-30T06:21:08.185+0000] {dagbag.py:541} INFO - Filling up the DagBag from /home/airflow/.local/lib/python3.7/site-packages/airflow/example_dags/example_external_task_marker_dag.py
[2024-03-30T06:21:08.190+0000] {processor.py:836} INFO - DAG(s) dict_keys(['example_external_task_marker_child', 'example_external_task_marker_parent']) retrieved from /home/airflow/.local/lib/python3.7/site-packages/airflow/example_dags/example_external_task_marker_dag.py
[2024-03-30T06:21:08.230+0000] {logging_mixin.py:149} INFO - [2024-03-30T06:21:08.230+0000] {dag.py:2726} INFO - Sync 2 DAGs
[2024-03-30T06:21:08.258+0000] {logging_mixin.py:149} INFO - [2024-03-30T06:21:08.257+0000] {dag.py:3490} INFO - Setting next_dagrun for example_external_task_marker_child to None, run_after=None
[2024-03-30T06:21:08.262+0000] {logging_mixin.py:149} INFO - [2024-03-30T06:21:08.262+0000] {dag.py:3490} INFO - Setting next_dagrun for example_external_task_marker_parent to None, run_after=None
[2024-03-30T06:21:08.295+0000] {processor.py:179} INFO - Processing /home/airflow/.local/lib/python3.7/site-packages/airflow/example_dags/example_external_task_marker_dag.py took 0.114 seconds
[2024-03-30T06:21:38.723+0000] {processor.py:157} INFO - Started process (PID=760) to work on /home/airflow/.local/lib/python3.7/site-packages/airflow/example_dags/example_external_task_marker_dag.py
[2024-03-30T06:21:38.724+0000] {processor.py:826} INFO - Processing file /home/airflow/.local/lib/python3.7/site-packages/airflow/example_dags/example_external_task_marker_dag.py for tasks to queue
[2024-03-30T06:21:38.725+0000] {logging_mixin.py:149} INFO - [2024-03-30T06:21:38.725+0000] {dagbag.py:541} INFO - Filling up the DagBag from /home/airflow/.local/lib/python3.7/site-packages/airflow/example_dags/example_external_task_marker_dag.py
[2024-03-30T06:21:38.730+0000] {processor.py:836} INFO - DAG(s) dict_keys(['example_external_task_marker_child', 'example_external_task_marker_parent']) retrieved from /home/airflow/.local/lib/python3.7/site-packages/airflow/example_dags/example_external_task_marker_dag.py
[2024-03-30T06:21:38.774+0000] {logging_mixin.py:149} INFO - [2024-03-30T06:21:38.774+0000] {dag.py:2726} INFO - Sync 2 DAGs
[2024-03-30T06:21:38.801+0000] {logging_mixin.py:149} INFO - [2024-03-30T06:21:38.801+0000] {dag.py:3490} INFO - Setting next_dagrun for example_external_task_marker_child to None, run_after=None
[2024-03-30T06:21:38.804+0000] {logging_mixin.py:149} INFO - [2024-03-30T06:21:38.804+0000] {dag.py:3490} INFO - Setting next_dagrun for example_external_task_marker_parent to None, run_after=None
[2024-03-30T06:21:38.836+0000] {processor.py:179} INFO - Processing /home/airflow/.local/lib/python3.7/site-packages/airflow/example_dags/example_external_task_marker_dag.py took 0.116 seconds
[2024-03-30T06:22:09.058+0000] {processor.py:157} INFO - Started process (PID=821) to work on /home/airflow/.local/lib/python3.7/site-packages/airflow/example_dags/example_external_task_marker_dag.py
[2024-03-30T06:22:09.059+0000] {processor.py:826} INFO - Processing file /home/airflow/.local/lib/python3.7/site-packages/airflow/example_dags/example_external_task_marker_dag.py for tasks to queue
[2024-03-30T06:22:09.059+0000] {logging_mixin.py:149} INFO - [2024-03-30T06:22:09.059+0000] {dagbag.py:541} INFO - Filling up the DagBag from /home/airflow/.local/lib/python3.7/site-packages/airflow/example_dags/example_external_task_marker_dag.py
[2024-03-30T06:22:09.064+0000] {processor.py:836} INFO - DAG(s) dict_keys(['example_external_task_marker_parent', 'example_external_task_marker_child']) retrieved from /home/airflow/.local/lib/python3.7/site-packages/airflow/example_dags/example_external_task_marker_dag.py
[2024-03-30T06:22:09.107+0000] {logging_mixin.py:149} INFO - [2024-03-30T06:22:09.107+0000] {dag.py:2726} INFO - Sync 2 DAGs
[2024-03-30T06:22:09.133+0000] {logging_mixin.py:149} INFO - [2024-03-30T06:22:09.132+0000] {dag.py:3490} INFO - Setting next_dagrun for example_external_task_marker_child to None, run_after=None
[2024-03-30T06:22:09.137+0000] {logging_mixin.py:149} INFO - [2024-03-30T06:22:09.137+0000] {dag.py:3490} INFO - Setting next_dagrun for example_external_task_marker_parent to None, run_after=None
[2024-03-30T06:22:09.176+0000] {processor.py:179} INFO - Processing /home/airflow/.local/lib/python3.7/site-packages/airflow/example_dags/example_external_task_marker_dag.py took 0.121 seconds
[2024-03-30T06:22:39.628+0000] {processor.py:157} INFO - Started process (PID=883) to work on /home/airflow/.local/lib/python3.7/site-packages/airflow/example_dags/example_external_task_marker_dag.py
[2024-03-30T06:22:39.629+0000] {processor.py:826} INFO - Processing file /home/airflow/.local/lib/python3.7/site-packages/airflow/example_dags/example_external_task_marker_dag.py for tasks to queue
[2024-03-30T06:22:39.630+0000] {logging_mixin.py:149} INFO - [2024-03-30T06:22:39.629+0000] {dagbag.py:541} INFO - Filling up the DagBag from /home/airflow/.local/lib/python3.7/site-packages/airflow/example_dags/example_external_task_marker_dag.py
[2024-03-30T06:22:39.634+0000] {processor.py:836} INFO - DAG(s) dict_keys(['example_external_task_marker_parent', 'example_external_task_marker_child']) retrieved from /home/airflow/.local/lib/python3.7/site-packages/airflow/example_dags/example_external_task_marker_dag.py
[2024-03-30T06:22:39.677+0000] {logging_mixin.py:149} INFO - [2024-03-30T06:22:39.677+0000] {dag.py:2726} INFO - Sync 2 DAGs
[2024-03-30T06:22:39.701+0000] {logging_mixin.py:149} INFO - [2024-03-30T06:22:39.701+0000] {dag.py:3490} INFO - Setting next_dagrun for example_external_task_marker_child to None, run_after=None
[2024-03-30T06:22:39.705+0000] {logging_mixin.py:149} INFO - [2024-03-30T06:22:39.705+0000] {dag.py:3490} INFO - Setting next_dagrun for example_external_task_marker_parent to None, run_after=None
[2024-03-30T06:22:39.742+0000] {processor.py:179} INFO - Processing /home/airflow/.local/lib/python3.7/site-packages/airflow/example_dags/example_external_task_marker_dag.py took 0.117 seconds
[2024-03-30T06:23:09.951+0000] {processor.py:157} INFO - Started process (PID=944) to work on /home/airflow/.local/lib/python3.7/site-packages/airflow/example_dags/example_external_task_marker_dag.py
[2024-03-30T06:23:09.952+0000] {processor.py:826} INFO - Processing file /home/airflow/.local/lib/python3.7/site-packages/airflow/example_dags/example_external_task_marker_dag.py for tasks to queue
[2024-03-30T06:23:09.953+0000] {logging_mixin.py:149} INFO - [2024-03-30T06:23:09.953+0000] {dagbag.py:541} INFO - Filling up the DagBag from /home/airflow/.local/lib/python3.7/site-packages/airflow/example_dags/example_external_task_marker_dag.py
[2024-03-30T06:23:09.958+0000] {processor.py:836} INFO - DAG(s) dict_keys(['example_external_task_marker_child', 'example_external_task_marker_parent']) retrieved from /home/airflow/.local/lib/python3.7/site-packages/airflow/example_dags/example_external_task_marker_dag.py
[2024-03-30T06:23:10.002+0000] {logging_mixin.py:149} INFO - [2024-03-30T06:23:10.002+0000] {dag.py:2726} INFO - Sync 2 DAGs
[2024-03-30T06:23:10.027+0000] {logging_mixin.py:149} INFO - [2024-03-30T06:23:10.027+0000] {dag.py:3490} INFO - Setting next_dagrun for example_external_task_marker_child to None, run_after=None
[2024-03-30T06:23:10.030+0000] {logging_mixin.py:149} INFO - [2024-03-30T06:23:10.030+0000] {dag.py:3490} INFO - Setting next_dagrun for example_external_task_marker_parent to None, run_after=None
[2024-03-30T06:23:10.065+0000] {processor.py:179} INFO - Processing /home/airflow/.local/lib/python3.7/site-packages/airflow/example_dags/example_external_task_marker_dag.py took 0.117 seconds
[2024-03-30T06:23:40.280+0000] {processor.py:157} INFO - Started process (PID=1005) to work on /home/airflow/.local/lib/python3.7/site-packages/airflow/example_dags/example_external_task_marker_dag.py
[2024-03-30T06:23:40.281+0000] {processor.py:826} INFO - Processing file /home/airflow/.local/lib/python3.7/site-packages/airflow/example_dags/example_external_task_marker_dag.py for tasks to queue
[2024-03-30T06:23:40.281+0000] {logging_mixin.py:149} INFO - [2024-03-30T06:23:40.281+0000] {dagbag.py:541} INFO - Filling up the DagBag from /home/airflow/.local/lib/python3.7/site-packages/airflow/example_dags/example_external_task_marker_dag.py
[2024-03-30T06:23:40.286+0000] {processor.py:836} INFO - DAG(s) dict_keys(['example_external_task_marker_parent', 'example_external_task_marker_child']) retrieved from /home/airflow/.local/lib/python3.7/site-packages/airflow/example_dags/example_external_task_marker_dag.py
[2024-03-30T06:23:40.329+0000] {logging_mixin.py:149} INFO - [2024-03-30T06:23:40.328+0000] {dag.py:2726} INFO - Sync 2 DAGs
[2024-03-30T06:23:40.354+0000] {logging_mixin.py:149} INFO - [2024-03-30T06:23:40.354+0000] {dag.py:3490} INFO - Setting next_dagrun for example_external_task_marker_child to None, run_after=None
[2024-03-30T06:23:40.358+0000] {logging_mixin.py:149} INFO - [2024-03-30T06:23:40.358+0000] {dag.py:3490} INFO - Setting next_dagrun for example_external_task_marker_parent to None, run_after=None
[2024-03-30T06:23:40.395+0000] {processor.py:179} INFO - Processing /home/airflow/.local/lib/python3.7/site-packages/airflow/example_dags/example_external_task_marker_dag.py took 0.119 seconds
[2024-03-30T06:24:10.689+0000] {processor.py:157} INFO - Started process (PID=1066) to work on /home/airflow/.local/lib/python3.7/site-packages/airflow/example_dags/example_external_task_marker_dag.py
[2024-03-30T06:24:10.689+0000] {processor.py:826} INFO - Processing file /home/airflow/.local/lib/python3.7/site-packages/airflow/example_dags/example_external_task_marker_dag.py for tasks to queue
[2024-03-30T06:24:10.690+0000] {logging_mixin.py:149} INFO - [2024-03-30T06:24:10.690+0000] {dagbag.py:541} INFO - Filling up the DagBag from /home/airflow/.local/lib/python3.7/site-packages/airflow/example_dags/example_external_task_marker_dag.py
[2024-03-30T06:24:10.695+0000] {processor.py:836} INFO - DAG(s) dict_keys(['example_external_task_marker_child', 'example_external_task_marker_parent']) retrieved from /home/airflow/.local/lib/python3.7/site-packages/airflow/example_dags/example_external_task_marker_dag.py
[2024-03-30T06:24:10.737+0000] {logging_mixin.py:149} INFO - [2024-03-30T06:24:10.737+0000] {dag.py:2726} INFO - Sync 2 DAGs
[2024-03-30T06:24:10.760+0000] {logging_mixin.py:149} INFO - [2024-03-30T06:24:10.760+0000] {dag.py:3490} INFO - Setting next_dagrun for example_external_task_marker_child to None, run_after=None
[2024-03-30T06:24:10.764+0000] {logging_mixin.py:149} INFO - [2024-03-30T06:24:10.764+0000] {dag.py:3490} INFO - Setting next_dagrun for example_external_task_marker_parent to None, run_after=None
[2024-03-30T06:24:10.794+0000] {processor.py:179} INFO - Processing /home/airflow/.local/lib/python3.7/site-packages/airflow/example_dags/example_external_task_marker_dag.py took 0.108 seconds
[2024-03-30T06:24:41.097+0000] {processor.py:157} INFO - Started process (PID=1127) to work on /home/airflow/.local/lib/python3.7/site-packages/airflow/example_dags/example_external_task_marker_dag.py
[2024-03-30T06:24:41.098+0000] {processor.py:826} INFO - Processing file /home/airflow/.local/lib/python3.7/site-packages/airflow/example_dags/example_external_task_marker_dag.py for tasks to queue
[2024-03-30T06:24:41.099+0000] {logging_mixin.py:149} INFO - [2024-03-30T06:24:41.099+0000] {dagbag.py:541} INFO - Filling up the DagBag from /home/airflow/.local/lib/python3.7/site-packages/airflow/example_dags/example_external_task_marker_dag.py
[2024-03-30T06:24:41.104+0000] {processor.py:836} INFO - DAG(s) dict_keys(['example_external_task_marker_parent', 'example_external_task_marker_child']) retrieved from /home/airflow/.local/lib/python3.7/site-packages/airflow/example_dags/example_external_task_marker_dag.py
[2024-03-30T06:24:41.142+0000] {logging_mixin.py:149} INFO - [2024-03-30T06:24:41.141+0000] {dag.py:2726} INFO - Sync 2 DAGs
[2024-03-30T06:24:41.166+0000] {logging_mixin.py:149} INFO - [2024-03-30T06:24:41.166+0000] {dag.py:3490} INFO - Setting next_dagrun for example_external_task_marker_child to None, run_after=None
[2024-03-30T06:24:41.169+0000] {logging_mixin.py:149} INFO - [2024-03-30T06:24:41.169+0000] {dag.py:3490} INFO - Setting next_dagrun for example_external_task_marker_parent to None, run_after=None
[2024-03-30T06:24:41.200+0000] {processor.py:179} INFO - Processing /home/airflow/.local/lib/python3.7/site-packages/airflow/example_dags/example_external_task_marker_dag.py took 0.105 seconds
[2024-03-30T06:25:11.475+0000] {processor.py:157} INFO - Started process (PID=1188) to work on /home/airflow/.local/lib/python3.7/site-packages/airflow/example_dags/example_external_task_marker_dag.py
[2024-03-30T06:25:11.476+0000] {processor.py:826} INFO - Processing file /home/airflow/.local/lib/python3.7/site-packages/airflow/example_dags/example_external_task_marker_dag.py for tasks to queue
[2024-03-30T06:25:11.477+0000] {logging_mixin.py:149} INFO - [2024-03-30T06:25:11.477+0000] {dagbag.py:541} INFO - Filling up the DagBag from /home/airflow/.local/lib/python3.7/site-packages/airflow/example_dags/example_external_task_marker_dag.py
[2024-03-30T06:25:11.482+0000] {processor.py:836} INFO - DAG(s) dict_keys(['example_external_task_marker_child', 'example_external_task_marker_parent']) retrieved from /home/airflow/.local/lib/python3.7/site-packages/airflow/example_dags/example_external_task_marker_dag.py
[2024-03-30T06:25:11.521+0000] {logging_mixin.py:149} INFO - [2024-03-30T06:25:11.521+0000] {dag.py:2726} INFO - Sync 2 DAGs
[2024-03-30T06:25:11.545+0000] {logging_mixin.py:149} INFO - [2024-03-30T06:25:11.544+0000] {dag.py:3490} INFO - Setting next_dagrun for example_external_task_marker_child to None, run_after=None
[2024-03-30T06:25:11.548+0000] {logging_mixin.py:149} INFO - [2024-03-30T06:25:11.548+0000] {dag.py:3490} INFO - Setting next_dagrun for example_external_task_marker_parent to None, run_after=None
[2024-03-30T06:25:11.579+0000] {processor.py:179} INFO - Processing /home/airflow/.local/lib/python3.7/site-packages/airflow/example_dags/example_external_task_marker_dag.py took 0.107 seconds
[2024-03-30T06:25:41.884+0000] {processor.py:157} INFO - Started process (PID=1249) to work on /home/airflow/.local/lib/python3.7/site-packages/airflow/example_dags/example_external_task_marker_dag.py
[2024-03-30T06:25:41.885+0000] {processor.py:826} INFO - Processing file /home/airflow/.local/lib/python3.7/site-packages/airflow/example_dags/example_external_task_marker_dag.py for tasks to queue
[2024-03-30T06:25:41.886+0000] {logging_mixin.py:149} INFO - [2024-03-30T06:25:41.886+0000] {dagbag.py:541} INFO - Filling up the DagBag from /home/airflow/.local/lib/python3.7/site-packages/airflow/example_dags/example_external_task_marker_dag.py
[2024-03-30T06:25:41.890+0000] {processor.py:836} INFO - DAG(s) dict_keys(['example_external_task_marker_child', 'example_external_task_marker_parent']) retrieved from /home/airflow/.local/lib/python3.7/site-packages/airflow/example_dags/example_external_task_marker_dag.py
[2024-03-30T06:25:41.930+0000] {logging_mixin.py:149} INFO - [2024-03-30T06:25:41.930+0000] {dag.py:2726} INFO - Sync 2 DAGs
[2024-03-30T06:25:41.954+0000] {logging_mixin.py:149} INFO - [2024-03-30T06:25:41.954+0000] {dag.py:3490} INFO - Setting next_dagrun for example_external_task_marker_child to None, run_after=None
[2024-03-30T06:25:41.958+0000] {logging_mixin.py:149} INFO - [2024-03-30T06:25:41.958+0000] {dag.py:3490} INFO - Setting next_dagrun for example_external_task_marker_parent to None, run_after=None
[2024-03-30T06:25:41.990+0000] {processor.py:179} INFO - Processing /home/airflow/.local/lib/python3.7/site-packages/airflow/example_dags/example_external_task_marker_dag.py took 0.108 seconds
[2024-03-30T06:26:12.214+0000] {processor.py:157} INFO - Started process (PID=1310) to work on /home/airflow/.local/lib/python3.7/site-packages/airflow/example_dags/example_external_task_marker_dag.py
[2024-03-30T06:26:12.214+0000] {processor.py:826} INFO - Processing file /home/airflow/.local/lib/python3.7/site-packages/airflow/example_dags/example_external_task_marker_dag.py for tasks to queue
[2024-03-30T06:26:12.215+0000] {logging_mixin.py:149} INFO - [2024-03-30T06:26:12.215+0000] {dagbag.py:541} INFO - Filling up the DagBag from /home/airflow/.local/lib/python3.7/site-packages/airflow/example_dags/example_external_task_marker_dag.py
[2024-03-30T06:26:12.220+0000] {processor.py:836} INFO - DAG(s) dict_keys(['example_external_task_marker_child', 'example_external_task_marker_parent']) retrieved from /home/airflow/.local/lib/python3.7/site-packages/airflow/example_dags/example_external_task_marker_dag.py
[2024-03-30T06:26:12.257+0000] {logging_mixin.py:149} INFO - [2024-03-30T06:26:12.257+0000] {dag.py:2726} INFO - Sync 2 DAGs
[2024-03-30T06:26:12.281+0000] {logging_mixin.py:149} INFO - [2024-03-30T06:26:12.281+0000] {dag.py:3490} INFO - Setting next_dagrun for example_external_task_marker_child to None, run_after=None
[2024-03-30T06:26:12.286+0000] {logging_mixin.py:149} INFO - [2024-03-30T06:26:12.286+0000] {dag.py:3490} INFO - Setting next_dagrun for example_external_task_marker_parent to None, run_after=None
[2024-03-30T06:26:12.317+0000] {processor.py:179} INFO - Processing /home/airflow/.local/lib/python3.7/site-packages/airflow/example_dags/example_external_task_marker_dag.py took 0.106 seconds
[2024-03-30T06:26:42.436+0000] {processor.py:157} INFO - Started process (PID=1372) to work on /home/airflow/.local/lib/python3.7/site-packages/airflow/example_dags/example_external_task_marker_dag.py
[2024-03-30T06:26:42.437+0000] {processor.py:826} INFO - Processing file /home/airflow/.local/lib/python3.7/site-packages/airflow/example_dags/example_external_task_marker_dag.py for tasks to queue
[2024-03-30T06:26:42.437+0000] {logging_mixin.py:149} INFO - [2024-03-30T06:26:42.437+0000] {dagbag.py:541} INFO - Filling up the DagBag from /home/airflow/.local/lib/python3.7/site-packages/airflow/example_dags/example_external_task_marker_dag.py
[2024-03-30T06:26:42.443+0000] {processor.py:836} INFO - DAG(s) dict_keys(['example_external_task_marker_parent', 'example_external_task_marker_child']) retrieved from /home/airflow/.local/lib/python3.7/site-packages/airflow/example_dags/example_external_task_marker_dag.py
[2024-03-30T06:26:42.482+0000] {logging_mixin.py:149} INFO - [2024-03-30T06:26:42.482+0000] {dag.py:2726} INFO - Sync 2 DAGs
[2024-03-30T06:26:42.506+0000] {logging_mixin.py:149} INFO - [2024-03-30T06:26:42.505+0000] {dag.py:3490} INFO - Setting next_dagrun for example_external_task_marker_child to None, run_after=None
[2024-03-30T06:26:42.510+0000] {logging_mixin.py:149} INFO - [2024-03-30T06:26:42.509+0000] {dag.py:3490} INFO - Setting next_dagrun for example_external_task_marker_parent to None, run_after=None
[2024-03-30T06:26:42.542+0000] {processor.py:179} INFO - Processing /home/airflow/.local/lib/python3.7/site-packages/airflow/example_dags/example_external_task_marker_dag.py took 0.109 seconds
[2024-03-30T06:27:13.122+0000] {processor.py:157} INFO - Started process (PID=1433) to work on /home/airflow/.local/lib/python3.7/site-packages/airflow/example_dags/example_external_task_marker_dag.py
[2024-03-30T06:27:13.123+0000] {processor.py:826} INFO - Processing file /home/airflow/.local/lib/python3.7/site-packages/airflow/example_dags/example_external_task_marker_dag.py for tasks to queue
[2024-03-30T06:27:13.124+0000] {logging_mixin.py:149} INFO - [2024-03-30T06:27:13.123+0000] {dagbag.py:541} INFO - Filling up the DagBag from /home/airflow/.local/lib/python3.7/site-packages/airflow/example_dags/example_external_task_marker_dag.py
[2024-03-30T06:27:13.130+0000] {processor.py:836} INFO - DAG(s) dict_keys(['example_external_task_marker_child', 'example_external_task_marker_parent']) retrieved from /home/airflow/.local/lib/python3.7/site-packages/airflow/example_dags/example_external_task_marker_dag.py
[2024-03-30T06:27:13.171+0000] {logging_mixin.py:149} INFO - [2024-03-30T06:27:13.171+0000] {dag.py:2726} INFO - Sync 2 DAGs
[2024-03-30T06:27:13.198+0000] {logging_mixin.py:149} INFO - [2024-03-30T06:27:13.197+0000] {dag.py:3490} INFO - Setting next_dagrun for example_external_task_marker_child to None, run_after=None
[2024-03-30T06:27:13.201+0000] {logging_mixin.py:149} INFO - [2024-03-30T06:27:13.201+0000] {dag.py:3490} INFO - Setting next_dagrun for example_external_task_marker_parent to None, run_after=None
[2024-03-30T06:27:13.231+0000] {processor.py:179} INFO - Processing /home/airflow/.local/lib/python3.7/site-packages/airflow/example_dags/example_external_task_marker_dag.py took 0.112 seconds
[2024-03-30T06:27:43.647+0000] {processor.py:157} INFO - Started process (PID=1495) to work on /home/airflow/.local/lib/python3.7/site-packages/airflow/example_dags/example_external_task_marker_dag.py
[2024-03-30T06:27:43.648+0000] {processor.py:826} INFO - Processing file /home/airflow/.local/lib/python3.7/site-packages/airflow/example_dags/example_external_task_marker_dag.py for tasks to queue
[2024-03-30T06:27:43.649+0000] {logging_mixin.py:149} INFO - [2024-03-30T06:27:43.649+0000] {dagbag.py:541} INFO - Filling up the DagBag from /home/airflow/.local/lib/python3.7/site-packages/airflow/example_dags/example_external_task_marker_dag.py
[2024-03-30T06:27:43.654+0000] {processor.py:836} INFO - DAG(s) dict_keys(['example_external_task_marker_child', 'example_external_task_marker_parent']) retrieved from /home/airflow/.local/lib/python3.7/site-packages/airflow/example_dags/example_external_task_marker_dag.py
[2024-03-30T06:27:43.695+0000] {logging_mixin.py:149} INFO - [2024-03-30T06:27:43.695+0000] {dag.py:2726} INFO - Sync 2 DAGs
[2024-03-30T06:27:43.721+0000] {logging_mixin.py:149} INFO - [2024-03-30T06:27:43.721+0000] {dag.py:3490} INFO - Setting next_dagrun for example_external_task_marker_child to None, run_after=None
[2024-03-30T06:27:43.724+0000] {logging_mixin.py:149} INFO - [2024-03-30T06:27:43.724+0000] {dag.py:3490} INFO - Setting next_dagrun for example_external_task_marker_parent to None, run_after=None
[2024-03-30T06:27:43.757+0000] {processor.py:179} INFO - Processing /home/airflow/.local/lib/python3.7/site-packages/airflow/example_dags/example_external_task_marker_dag.py took 0.115 seconds
[2024-03-30T06:28:14.035+0000] {processor.py:157} INFO - Started process (PID=1556) to work on /home/airflow/.local/lib/python3.7/site-packages/airflow/example_dags/example_external_task_marker_dag.py
[2024-03-30T06:28:14.036+0000] {processor.py:826} INFO - Processing file /home/airflow/.local/lib/python3.7/site-packages/airflow/example_dags/example_external_task_marker_dag.py for tasks to queue
[2024-03-30T06:28:14.036+0000] {logging_mixin.py:149} INFO - [2024-03-30T06:28:14.036+0000] {dagbag.py:541} INFO - Filling up the DagBag from /home/airflow/.local/lib/python3.7/site-packages/airflow/example_dags/example_external_task_marker_dag.py
[2024-03-30T06:28:14.041+0000] {processor.py:836} INFO - DAG(s) dict_keys(['example_external_task_marker_child', 'example_external_task_marker_parent']) retrieved from /home/airflow/.local/lib/python3.7/site-packages/airflow/example_dags/example_external_task_marker_dag.py
[2024-03-30T06:28:14.086+0000] {logging_mixin.py:149} INFO - [2024-03-30T06:28:14.085+0000] {dag.py:2726} INFO - Sync 2 DAGs
[2024-03-30T06:28:14.113+0000] {logging_mixin.py:149} INFO - [2024-03-30T06:28:14.112+0000] {dag.py:3490} INFO - Setting next_dagrun for example_external_task_marker_child to None, run_after=None
[2024-03-30T06:28:14.117+0000] {logging_mixin.py:149} INFO - [2024-03-30T06:28:14.117+0000] {dag.py:3490} INFO - Setting next_dagrun for example_external_task_marker_parent to None, run_after=None
[2024-03-30T06:28:14.165+0000] {processor.py:179} INFO - Processing /home/airflow/.local/lib/python3.7/site-packages/airflow/example_dags/example_external_task_marker_dag.py took 0.132 seconds
[2024-03-30T06:28:44.331+0000] {processor.py:157} INFO - Started process (PID=1617) to work on /home/airflow/.local/lib/python3.7/site-packages/airflow/example_dags/example_external_task_marker_dag.py
[2024-03-30T06:28:44.334+0000] {processor.py:826} INFO - Processing file /home/airflow/.local/lib/python3.7/site-packages/airflow/example_dags/example_external_task_marker_dag.py for tasks to queue
[2024-03-30T06:28:44.334+0000] {logging_mixin.py:149} INFO - [2024-03-30T06:28:44.334+0000] {dagbag.py:541} INFO - Filling up the DagBag from /home/airflow/.local/lib/python3.7/site-packages/airflow/example_dags/example_external_task_marker_dag.py
[2024-03-30T06:28:44.339+0000] {processor.py:836} INFO - DAG(s) dict_keys(['example_external_task_marker_parent', 'example_external_task_marker_child']) retrieved from /home/airflow/.local/lib/python3.7/site-packages/airflow/example_dags/example_external_task_marker_dag.py
[2024-03-30T06:28:44.379+0000] {logging_mixin.py:149} INFO - [2024-03-30T06:28:44.379+0000] {dag.py:2726} INFO - Sync 2 DAGs
[2024-03-30T06:28:44.403+0000] {logging_mixin.py:149} INFO - [2024-03-30T06:28:44.403+0000] {dag.py:3490} INFO - Setting next_dagrun for example_external_task_marker_child to None, run_after=None
[2024-03-30T06:28:44.407+0000] {logging_mixin.py:149} INFO - [2024-03-30T06:28:44.407+0000] {dag.py:3490} INFO - Setting next_dagrun for example_external_task_marker_parent to None, run_after=None
[2024-03-30T06:28:44.439+0000] {processor.py:179} INFO - Processing /home/airflow/.local/lib/python3.7/site-packages/airflow/example_dags/example_external_task_marker_dag.py took 0.111 seconds
[2024-03-30T06:29:14.972+0000] {processor.py:157} INFO - Started process (PID=1678) to work on /home/airflow/.local/lib/python3.7/site-packages/airflow/example_dags/example_external_task_marker_dag.py
[2024-03-30T06:29:14.973+0000] {processor.py:826} INFO - Processing file /home/airflow/.local/lib/python3.7/site-packages/airflow/example_dags/example_external_task_marker_dag.py for tasks to queue
[2024-03-30T06:29:14.974+0000] {logging_mixin.py:149} INFO - [2024-03-30T06:29:14.974+0000] {dagbag.py:541} INFO - Filling up the DagBag from /home/airflow/.local/lib/python3.7/site-packages/airflow/example_dags/example_external_task_marker_dag.py
[2024-03-30T06:29:14.979+0000] {processor.py:836} INFO - DAG(s) dict_keys(['example_external_task_marker_parent', 'example_external_task_marker_child']) retrieved from /home/airflow/.local/lib/python3.7/site-packages/airflow/example_dags/example_external_task_marker_dag.py
[2024-03-30T06:29:15.019+0000] {logging_mixin.py:149} INFO - [2024-03-30T06:29:15.019+0000] {dag.py:2726} INFO - Sync 2 DAGs
[2024-03-30T06:29:15.042+0000] {logging_mixin.py:149} INFO - [2024-03-30T06:29:15.042+0000] {dag.py:3490} INFO - Setting next_dagrun for example_external_task_marker_child to None, run_after=None
[2024-03-30T06:29:15.047+0000] {logging_mixin.py:149} INFO - [2024-03-30T06:29:15.047+0000] {dag.py:3490} INFO - Setting next_dagrun for example_external_task_marker_parent to None, run_after=None
[2024-03-30T06:29:15.088+0000] {processor.py:179} INFO - Processing /home/airflow/.local/lib/python3.7/site-packages/airflow/example_dags/example_external_task_marker_dag.py took 0.120 seconds
[2024-03-30T06:29:45.324+0000] {processor.py:157} INFO - Started process (PID=1739) to work on /home/airflow/.local/lib/python3.7/site-packages/airflow/example_dags/example_external_task_marker_dag.py
[2024-03-30T06:29:45.325+0000] {processor.py:826} INFO - Processing file /home/airflow/.local/lib/python3.7/site-packages/airflow/example_dags/example_external_task_marker_dag.py for tasks to queue
[2024-03-30T06:29:45.326+0000] {logging_mixin.py:149} INFO - [2024-03-30T06:29:45.325+0000] {dagbag.py:541} INFO - Filling up the DagBag from /home/airflow/.local/lib/python3.7/site-packages/airflow/example_dags/example_external_task_marker_dag.py
[2024-03-30T06:29:45.331+0000] {processor.py:836} INFO - DAG(s) dict_keys(['example_external_task_marker_child', 'example_external_task_marker_parent']) retrieved from /home/airflow/.local/lib/python3.7/site-packages/airflow/example_dags/example_external_task_marker_dag.py
[2024-03-30T06:29:45.375+0000] {logging_mixin.py:149} INFO - [2024-03-30T06:29:45.375+0000] {dag.py:2726} INFO - Sync 2 DAGs
[2024-03-30T06:29:45.400+0000] {logging_mixin.py:149} INFO - [2024-03-30T06:29:45.400+0000] {dag.py:3490} INFO - Setting next_dagrun for example_external_task_marker_child to None, run_after=None
[2024-03-30T06:29:45.404+0000] {logging_mixin.py:149} INFO - [2024-03-30T06:29:45.404+0000] {dag.py:3490} INFO - Setting next_dagrun for example_external_task_marker_parent to None, run_after=None
[2024-03-30T06:29:45.434+0000] {processor.py:179} INFO - Processing /home/airflow/.local/lib/python3.7/site-packages/airflow/example_dags/example_external_task_marker_dag.py took 0.114 seconds
[2024-03-30T06:30:16.035+0000] {processor.py:157} INFO - Started process (PID=1800) to work on /home/airflow/.local/lib/python3.7/site-packages/airflow/example_dags/example_external_task_marker_dag.py
[2024-03-30T06:30:16.036+0000] {processor.py:826} INFO - Processing file /home/airflow/.local/lib/python3.7/site-packages/airflow/example_dags/example_external_task_marker_dag.py for tasks to queue
[2024-03-30T06:30:16.037+0000] {logging_mixin.py:149} INFO - [2024-03-30T06:30:16.037+0000] {dagbag.py:541} INFO - Filling up the DagBag from /home/airflow/.local/lib/python3.7/site-packages/airflow/example_dags/example_external_task_marker_dag.py
[2024-03-30T06:30:16.041+0000] {processor.py:836} INFO - DAG(s) dict_keys(['example_external_task_marker_child', 'example_external_task_marker_parent']) retrieved from /home/airflow/.local/lib/python3.7/site-packages/airflow/example_dags/example_external_task_marker_dag.py
[2024-03-30T06:30:16.080+0000] {logging_mixin.py:149} INFO - [2024-03-30T06:30:16.080+0000] {dag.py:2726} INFO - Sync 2 DAGs
[2024-03-30T06:30:16.105+0000] {logging_mixin.py:149} INFO - [2024-03-30T06:30:16.105+0000] {dag.py:3490} INFO - Setting next_dagrun for example_external_task_marker_child to None, run_after=None
[2024-03-30T06:30:16.110+0000] {logging_mixin.py:149} INFO - [2024-03-30T06:30:16.110+0000] {dag.py:3490} INFO - Setting next_dagrun for example_external_task_marker_parent to None, run_after=None
[2024-03-30T06:30:16.144+0000] {processor.py:179} INFO - Processing /home/airflow/.local/lib/python3.7/site-packages/airflow/example_dags/example_external_task_marker_dag.py took 0.111 seconds
[2024-03-30T06:30:46.471+0000] {processor.py:157} INFO - Started process (PID=1861) to work on /home/airflow/.local/lib/python3.7/site-packages/airflow/example_dags/example_external_task_marker_dag.py
[2024-03-30T06:30:46.472+0000] {processor.py:826} INFO - Processing file /home/airflow/.local/lib/python3.7/site-packages/airflow/example_dags/example_external_task_marker_dag.py for tasks to queue
[2024-03-30T06:30:46.472+0000] {logging_mixin.py:149} INFO - [2024-03-30T06:30:46.472+0000] {dagbag.py:541} INFO - Filling up the DagBag from /home/airflow/.local/lib/python3.7/site-packages/airflow/example_dags/example_external_task_marker_dag.py
[2024-03-30T06:30:46.478+0000] {processor.py:836} INFO - DAG(s) dict_keys(['example_external_task_marker_child', 'example_external_task_marker_parent']) retrieved from /home/airflow/.local/lib/python3.7/site-packages/airflow/example_dags/example_external_task_marker_dag.py
[2024-03-30T06:30:46.519+0000] {logging_mixin.py:149} INFO - [2024-03-30T06:30:46.519+0000] {dag.py:2726} INFO - Sync 2 DAGs
[2024-03-30T06:30:46.544+0000] {logging_mixin.py:149} INFO - [2024-03-30T06:30:46.544+0000] {dag.py:3490} INFO - Setting next_dagrun for example_external_task_marker_child to None, run_after=None
[2024-03-30T06:30:46.548+0000] {logging_mixin.py:149} INFO - [2024-03-30T06:30:46.548+0000] {dag.py:3490} INFO - Setting next_dagrun for example_external_task_marker_parent to None, run_after=None
[2024-03-30T06:30:46.579+0000] {processor.py:179} INFO - Processing /home/airflow/.local/lib/python3.7/site-packages/airflow/example_dags/example_external_task_marker_dag.py took 0.111 seconds
[2024-03-30T06:31:17.276+0000] {processor.py:157} INFO - Started process (PID=1922) to work on /home/airflow/.local/lib/python3.7/site-packages/airflow/example_dags/example_external_task_marker_dag.py
[2024-03-30T06:31:17.277+0000] {processor.py:826} INFO - Processing file /home/airflow/.local/lib/python3.7/site-packages/airflow/example_dags/example_external_task_marker_dag.py for tasks to queue
[2024-03-30T06:31:17.278+0000] {logging_mixin.py:149} INFO - [2024-03-30T06:31:17.278+0000] {dagbag.py:541} INFO - Filling up the DagBag from /home/airflow/.local/lib/python3.7/site-packages/airflow/example_dags/example_external_task_marker_dag.py
[2024-03-30T06:31:17.283+0000] {processor.py:836} INFO - DAG(s) dict_keys(['example_external_task_marker_parent', 'example_external_task_marker_child']) retrieved from /home/airflow/.local/lib/python3.7/site-packages/airflow/example_dags/example_external_task_marker_dag.py
[2024-03-30T06:31:17.331+0000] {logging_mixin.py:149} INFO - [2024-03-30T06:31:17.330+0000] {dag.py:2726} INFO - Sync 2 DAGs
[2024-03-30T06:31:17.357+0000] {logging_mixin.py:149} INFO - [2024-03-30T06:31:17.357+0000] {dag.py:3490} INFO - Setting next_dagrun for example_external_task_marker_child to None, run_after=None
[2024-03-30T06:31:17.362+0000] {logging_mixin.py:149} INFO - [2024-03-30T06:31:17.362+0000] {dag.py:3490} INFO - Setting next_dagrun for example_external_task_marker_parent to None, run_after=None
[2024-03-30T06:31:17.399+0000] {processor.py:179} INFO - Processing /home/airflow/.local/lib/python3.7/site-packages/airflow/example_dags/example_external_task_marker_dag.py took 0.127 seconds
[2024-03-30T08:20:54.066+0000] {processor.py:157} INFO - Started process (PID=37) to work on /home/airflow/.local/lib/python3.7/site-packages/airflow/example_dags/example_external_task_marker_dag.py
[2024-03-30T08:20:54.066+0000] {processor.py:826} INFO - Processing file /home/airflow/.local/lib/python3.7/site-packages/airflow/example_dags/example_external_task_marker_dag.py for tasks to queue
[2024-03-30T08:20:54.067+0000] {logging_mixin.py:149} INFO - [2024-03-30T08:20:54.067+0000] {dagbag.py:541} INFO - Filling up the DagBag from /home/airflow/.local/lib/python3.7/site-packages/airflow/example_dags/example_external_task_marker_dag.py
[2024-03-30T08:20:54.074+0000] {processor.py:836} INFO - DAG(s) dict_keys(['example_external_task_marker_child', 'example_external_task_marker_parent']) retrieved from /home/airflow/.local/lib/python3.7/site-packages/airflow/example_dags/example_external_task_marker_dag.py
[2024-03-30T08:20:54.179+0000] {logging_mixin.py:149} INFO - [2024-03-30T08:20:54.179+0000] {dag.py:2726} INFO - Sync 2 DAGs
[2024-03-30T08:20:54.209+0000] {logging_mixin.py:149} INFO - [2024-03-30T08:20:54.209+0000] {dag.py:3490} INFO - Setting next_dagrun for example_external_task_marker_child to None, run_after=None
[2024-03-30T08:20:54.215+0000] {logging_mixin.py:149} INFO - [2024-03-30T08:20:54.215+0000] {dag.py:3490} INFO - Setting next_dagrun for example_external_task_marker_parent to None, run_after=None
[2024-03-30T08:20:54.269+0000] {processor.py:179} INFO - Processing /home/airflow/.local/lib/python3.7/site-packages/airflow/example_dags/example_external_task_marker_dag.py took 0.206 seconds
[2024-03-30T08:21:24.538+0000] {processor.py:157} INFO - Started process (PID=98) to work on /home/airflow/.local/lib/python3.7/site-packages/airflow/example_dags/example_external_task_marker_dag.py
[2024-03-30T08:21:24.539+0000] {processor.py:826} INFO - Processing file /home/airflow/.local/lib/python3.7/site-packages/airflow/example_dags/example_external_task_marker_dag.py for tasks to queue
[2024-03-30T08:21:24.540+0000] {logging_mixin.py:149} INFO - [2024-03-30T08:21:24.540+0000] {dagbag.py:541} INFO - Filling up the DagBag from /home/airflow/.local/lib/python3.7/site-packages/airflow/example_dags/example_external_task_marker_dag.py
[2024-03-30T08:21:24.549+0000] {processor.py:836} INFO - DAG(s) dict_keys(['example_external_task_marker_parent', 'example_external_task_marker_child']) retrieved from /home/airflow/.local/lib/python3.7/site-packages/airflow/example_dags/example_external_task_marker_dag.py
[2024-03-30T08:21:24.653+0000] {logging_mixin.py:149} INFO - [2024-03-30T08:21:24.653+0000] {dag.py:2726} INFO - Sync 2 DAGs
[2024-03-30T08:21:24.708+0000] {logging_mixin.py:149} INFO - [2024-03-30T08:21:24.705+0000] {dag.py:3490} INFO - Setting next_dagrun for example_external_task_marker_child to None, run_after=None
[2024-03-30T08:21:24.718+0000] {logging_mixin.py:149} INFO - [2024-03-30T08:21:24.717+0000] {dag.py:3490} INFO - Setting next_dagrun for example_external_task_marker_parent to None, run_after=None
[2024-03-30T08:21:24.789+0000] {processor.py:179} INFO - Processing /home/airflow/.local/lib/python3.7/site-packages/airflow/example_dags/example_external_task_marker_dag.py took 0.256 seconds
[2024-03-30T08:21:54.906+0000] {processor.py:157} INFO - Started process (PID=159) to work on /home/airflow/.local/lib/python3.7/site-packages/airflow/example_dags/example_external_task_marker_dag.py
[2024-03-30T08:21:54.908+0000] {processor.py:826} INFO - Processing file /home/airflow/.local/lib/python3.7/site-packages/airflow/example_dags/example_external_task_marker_dag.py for tasks to queue
[2024-03-30T08:21:54.908+0000] {logging_mixin.py:149} INFO - [2024-03-30T08:21:54.908+0000] {dagbag.py:541} INFO - Filling up the DagBag from /home/airflow/.local/lib/python3.7/site-packages/airflow/example_dags/example_external_task_marker_dag.py
[2024-03-30T08:21:54.913+0000] {processor.py:836} INFO - DAG(s) dict_keys(['example_external_task_marker_child', 'example_external_task_marker_parent']) retrieved from /home/airflow/.local/lib/python3.7/site-packages/airflow/example_dags/example_external_task_marker_dag.py
[2024-03-30T08:21:54.960+0000] {logging_mixin.py:149} INFO - [2024-03-30T08:21:54.960+0000] {dag.py:2726} INFO - Sync 2 DAGs
[2024-03-30T08:21:54.989+0000] {logging_mixin.py:149} INFO - [2024-03-30T08:21:54.989+0000] {dag.py:3490} INFO - Setting next_dagrun for example_external_task_marker_child to None, run_after=None
[2024-03-30T08:21:54.995+0000] {logging_mixin.py:149} INFO - [2024-03-30T08:21:54.995+0000] {dag.py:3490} INFO - Setting next_dagrun for example_external_task_marker_parent to None, run_after=None
[2024-03-30T08:21:55.139+0000] {processor.py:179} INFO - Processing /home/airflow/.local/lib/python3.7/site-packages/airflow/example_dags/example_external_task_marker_dag.py took 0.237 seconds
[2024-03-30T08:22:25.391+0000] {processor.py:157} INFO - Started process (PID=220) to work on /home/airflow/.local/lib/python3.7/site-packages/airflow/example_dags/example_external_task_marker_dag.py
[2024-03-30T08:22:25.392+0000] {processor.py:826} INFO - Processing file /home/airflow/.local/lib/python3.7/site-packages/airflow/example_dags/example_external_task_marker_dag.py for tasks to queue
[2024-03-30T08:22:25.392+0000] {logging_mixin.py:149} INFO - [2024-03-30T08:22:25.392+0000] {dagbag.py:541} INFO - Filling up the DagBag from /home/airflow/.local/lib/python3.7/site-packages/airflow/example_dags/example_external_task_marker_dag.py
[2024-03-30T08:22:25.398+0000] {processor.py:836} INFO - DAG(s) dict_keys(['example_external_task_marker_parent', 'example_external_task_marker_child']) retrieved from /home/airflow/.local/lib/python3.7/site-packages/airflow/example_dags/example_external_task_marker_dag.py
[2024-03-30T08:22:25.555+0000] {logging_mixin.py:149} INFO - [2024-03-30T08:22:25.555+0000] {dag.py:2726} INFO - Sync 2 DAGs
[2024-03-30T08:22:25.584+0000] {logging_mixin.py:149} INFO - [2024-03-30T08:22:25.584+0000] {dag.py:3490} INFO - Setting next_dagrun for example_external_task_marker_child to None, run_after=None
[2024-03-30T08:22:25.588+0000] {logging_mixin.py:149} INFO - [2024-03-30T08:22:25.588+0000] {dag.py:3490} INFO - Setting next_dagrun for example_external_task_marker_parent to None, run_after=None
[2024-03-30T08:22:25.630+0000] {processor.py:179} INFO - Processing /home/airflow/.local/lib/python3.7/site-packages/airflow/example_dags/example_external_task_marker_dag.py took 0.242 seconds
[2024-03-30T08:22:56.510+0000] {processor.py:157} INFO - Started process (PID=281) to work on /home/airflow/.local/lib/python3.7/site-packages/airflow/example_dags/example_external_task_marker_dag.py
[2024-03-30T08:22:56.512+0000] {processor.py:826} INFO - Processing file /home/airflow/.local/lib/python3.7/site-packages/airflow/example_dags/example_external_task_marker_dag.py for tasks to queue
[2024-03-30T08:22:56.513+0000] {logging_mixin.py:149} INFO - [2024-03-30T08:22:56.513+0000] {dagbag.py:541} INFO - Filling up the DagBag from /home/airflow/.local/lib/python3.7/site-packages/airflow/example_dags/example_external_task_marker_dag.py
[2024-03-30T08:22:56.519+0000] {processor.py:836} INFO - DAG(s) dict_keys(['example_external_task_marker_child', 'example_external_task_marker_parent']) retrieved from /home/airflow/.local/lib/python3.7/site-packages/airflow/example_dags/example_external_task_marker_dag.py
[2024-03-30T08:22:56.574+0000] {logging_mixin.py:149} INFO - [2024-03-30T08:22:56.574+0000] {dag.py:2726} INFO - Sync 2 DAGs
[2024-03-30T08:22:56.653+0000] {logging_mixin.py:149} INFO - [2024-03-30T08:22:56.653+0000] {dag.py:3490} INFO - Setting next_dagrun for example_external_task_marker_child to None, run_after=None
[2024-03-30T08:22:56.658+0000] {logging_mixin.py:149} INFO - [2024-03-30T08:22:56.658+0000] {dag.py:3490} INFO - Setting next_dagrun for example_external_task_marker_parent to None, run_after=None
[2024-03-30T08:22:56.698+0000] {processor.py:179} INFO - Processing /home/airflow/.local/lib/python3.7/site-packages/airflow/example_dags/example_external_task_marker_dag.py took 0.192 seconds
[2024-03-30T08:23:26.752+0000] {processor.py:157} INFO - Started process (PID=343) to work on /home/airflow/.local/lib/python3.7/site-packages/airflow/example_dags/example_external_task_marker_dag.py
[2024-03-30T08:23:26.753+0000] {processor.py:826} INFO - Processing file /home/airflow/.local/lib/python3.7/site-packages/airflow/example_dags/example_external_task_marker_dag.py for tasks to queue
[2024-03-30T08:23:26.753+0000] {logging_mixin.py:149} INFO - [2024-03-30T08:23:26.753+0000] {dagbag.py:541} INFO - Filling up the DagBag from /home/airflow/.local/lib/python3.7/site-packages/airflow/example_dags/example_external_task_marker_dag.py
[2024-03-30T08:23:26.758+0000] {processor.py:836} INFO - DAG(s) dict_keys(['example_external_task_marker_child', 'example_external_task_marker_parent']) retrieved from /home/airflow/.local/lib/python3.7/site-packages/airflow/example_dags/example_external_task_marker_dag.py
[2024-03-30T08:23:26.809+0000] {logging_mixin.py:149} INFO - [2024-03-30T08:23:26.809+0000] {dag.py:2726} INFO - Sync 2 DAGs
[2024-03-30T08:23:26.836+0000] {logging_mixin.py:149} INFO - [2024-03-30T08:23:26.836+0000] {dag.py:3490} INFO - Setting next_dagrun for example_external_task_marker_child to None, run_after=None
[2024-03-30T08:23:26.841+0000] {logging_mixin.py:149} INFO - [2024-03-30T08:23:26.841+0000] {dag.py:3490} INFO - Setting next_dagrun for example_external_task_marker_parent to None, run_after=None
[2024-03-30T08:23:26.877+0000] {processor.py:179} INFO - Processing /home/airflow/.local/lib/python3.7/site-packages/airflow/example_dags/example_external_task_marker_dag.py took 0.128 seconds
[2024-03-30T08:23:56.957+0000] {processor.py:157} INFO - Started process (PID=402) to work on /home/airflow/.local/lib/python3.7/site-packages/airflow/example_dags/example_external_task_marker_dag.py
[2024-03-30T08:23:56.958+0000] {processor.py:826} INFO - Processing file /home/airflow/.local/lib/python3.7/site-packages/airflow/example_dags/example_external_task_marker_dag.py for tasks to queue
[2024-03-30T08:23:56.959+0000] {logging_mixin.py:149} INFO - [2024-03-30T08:23:56.959+0000] {dagbag.py:541} INFO - Filling up the DagBag from /home/airflow/.local/lib/python3.7/site-packages/airflow/example_dags/example_external_task_marker_dag.py
[2024-03-30T08:23:56.964+0000] {processor.py:836} INFO - DAG(s) dict_keys(['example_external_task_marker_child', 'example_external_task_marker_parent']) retrieved from /home/airflow/.local/lib/python3.7/site-packages/airflow/example_dags/example_external_task_marker_dag.py
[2024-03-30T08:23:57.018+0000] {logging_mixin.py:149} INFO - [2024-03-30T08:23:57.018+0000] {dag.py:2726} INFO - Sync 2 DAGs
[2024-03-30T08:23:57.047+0000] {logging_mixin.py:149} INFO - [2024-03-30T08:23:57.047+0000] {dag.py:3490} INFO - Setting next_dagrun for example_external_task_marker_child to None, run_after=None
[2024-03-30T08:23:57.051+0000] {logging_mixin.py:149} INFO - [2024-03-30T08:23:57.051+0000] {dag.py:3490} INFO - Setting next_dagrun for example_external_task_marker_parent to None, run_after=None
[2024-03-30T08:23:57.093+0000] {processor.py:179} INFO - Processing /home/airflow/.local/lib/python3.7/site-packages/airflow/example_dags/example_external_task_marker_dag.py took 0.141 seconds
[2024-03-30T08:24:27.571+0000] {processor.py:157} INFO - Started process (PID=463) to work on /home/airflow/.local/lib/python3.7/site-packages/airflow/example_dags/example_external_task_marker_dag.py
[2024-03-30T08:24:27.572+0000] {processor.py:826} INFO - Processing file /home/airflow/.local/lib/python3.7/site-packages/airflow/example_dags/example_external_task_marker_dag.py for tasks to queue
[2024-03-30T08:24:27.573+0000] {logging_mixin.py:149} INFO - [2024-03-30T08:24:27.573+0000] {dagbag.py:541} INFO - Filling up the DagBag from /home/airflow/.local/lib/python3.7/site-packages/airflow/example_dags/example_external_task_marker_dag.py
[2024-03-30T08:24:27.581+0000] {processor.py:836} INFO - DAG(s) dict_keys(['example_external_task_marker_parent', 'example_external_task_marker_child']) retrieved from /home/airflow/.local/lib/python3.7/site-packages/airflow/example_dags/example_external_task_marker_dag.py
[2024-03-30T08:24:27.630+0000] {logging_mixin.py:149} INFO - [2024-03-30T08:24:27.630+0000] {dag.py:2726} INFO - Sync 2 DAGs
[2024-03-30T08:24:27.658+0000] {logging_mixin.py:149} INFO - [2024-03-30T08:24:27.657+0000] {dag.py:3490} INFO - Setting next_dagrun for example_external_task_marker_child to None, run_after=None
[2024-03-30T08:24:27.664+0000] {logging_mixin.py:149} INFO - [2024-03-30T08:24:27.664+0000] {dag.py:3490} INFO - Setting next_dagrun for example_external_task_marker_parent to None, run_after=None
[2024-03-30T08:24:27.704+0000] {processor.py:179} INFO - Processing /home/airflow/.local/lib/python3.7/site-packages/airflow/example_dags/example_external_task_marker_dag.py took 0.135 seconds
[2024-03-30T08:24:57.990+0000] {processor.py:157} INFO - Started process (PID=524) to work on /home/airflow/.local/lib/python3.7/site-packages/airflow/example_dags/example_external_task_marker_dag.py
[2024-03-30T08:24:57.991+0000] {processor.py:826} INFO - Processing file /home/airflow/.local/lib/python3.7/site-packages/airflow/example_dags/example_external_task_marker_dag.py for tasks to queue
[2024-03-30T08:24:57.992+0000] {logging_mixin.py:149} INFO - [2024-03-30T08:24:57.991+0000] {dagbag.py:541} INFO - Filling up the DagBag from /home/airflow/.local/lib/python3.7/site-packages/airflow/example_dags/example_external_task_marker_dag.py
[2024-03-30T08:24:57.997+0000] {processor.py:836} INFO - DAG(s) dict_keys(['example_external_task_marker_parent', 'example_external_task_marker_child']) retrieved from /home/airflow/.local/lib/python3.7/site-packages/airflow/example_dags/example_external_task_marker_dag.py
[2024-03-30T08:24:58.045+0000] {logging_mixin.py:149} INFO - [2024-03-30T08:24:58.044+0000] {dag.py:2726} INFO - Sync 2 DAGs
[2024-03-30T08:24:58.072+0000] {logging_mixin.py:149} INFO - [2024-03-30T08:24:58.072+0000] {dag.py:3490} INFO - Setting next_dagrun for example_external_task_marker_child to None, run_after=None
[2024-03-30T08:24:58.077+0000] {logging_mixin.py:149} INFO - [2024-03-30T08:24:58.077+0000] {dag.py:3490} INFO - Setting next_dagrun for example_external_task_marker_parent to None, run_after=None
[2024-03-30T08:24:58.114+0000] {processor.py:179} INFO - Processing /home/airflow/.local/lib/python3.7/site-packages/airflow/example_dags/example_external_task_marker_dag.py took 0.128 seconds
[2024-03-30T08:25:28.314+0000] {processor.py:157} INFO - Started process (PID=585) to work on /home/airflow/.local/lib/python3.7/site-packages/airflow/example_dags/example_external_task_marker_dag.py
[2024-03-30T08:25:28.315+0000] {processor.py:826} INFO - Processing file /home/airflow/.local/lib/python3.7/site-packages/airflow/example_dags/example_external_task_marker_dag.py for tasks to queue
[2024-03-30T08:25:28.316+0000] {logging_mixin.py:149} INFO - [2024-03-30T08:25:28.316+0000] {dagbag.py:541} INFO - Filling up the DagBag from /home/airflow/.local/lib/python3.7/site-packages/airflow/example_dags/example_external_task_marker_dag.py
[2024-03-30T08:25:28.321+0000] {processor.py:836} INFO - DAG(s) dict_keys(['example_external_task_marker_parent', 'example_external_task_marker_child']) retrieved from /home/airflow/.local/lib/python3.7/site-packages/airflow/example_dags/example_external_task_marker_dag.py
[2024-03-30T08:25:28.370+0000] {logging_mixin.py:149} INFO - [2024-03-30T08:25:28.370+0000] {dag.py:2726} INFO - Sync 2 DAGs
[2024-03-30T08:25:28.403+0000] {logging_mixin.py:149} INFO - [2024-03-30T08:25:28.402+0000] {dag.py:3490} INFO - Setting next_dagrun for example_external_task_marker_child to None, run_after=None
[2024-03-30T08:25:28.408+0000] {logging_mixin.py:149} INFO - [2024-03-30T08:25:28.407+0000] {dag.py:3490} INFO - Setting next_dagrun for example_external_task_marker_parent to None, run_after=None
[2024-03-30T08:25:28.446+0000] {processor.py:179} INFO - Processing /home/airflow/.local/lib/python3.7/site-packages/airflow/example_dags/example_external_task_marker_dag.py took 0.136 seconds
[2024-03-30T08:25:58.649+0000] {processor.py:157} INFO - Started process (PID=647) to work on /home/airflow/.local/lib/python3.7/site-packages/airflow/example_dags/example_external_task_marker_dag.py
[2024-03-30T08:25:58.650+0000] {processor.py:826} INFO - Processing file /home/airflow/.local/lib/python3.7/site-packages/airflow/example_dags/example_external_task_marker_dag.py for tasks to queue
[2024-03-30T08:25:58.650+0000] {logging_mixin.py:149} INFO - [2024-03-30T08:25:58.650+0000] {dagbag.py:541} INFO - Filling up the DagBag from /home/airflow/.local/lib/python3.7/site-packages/airflow/example_dags/example_external_task_marker_dag.py
[2024-03-30T08:25:58.656+0000] {processor.py:836} INFO - DAG(s) dict_keys(['example_external_task_marker_parent', 'example_external_task_marker_child']) retrieved from /home/airflow/.local/lib/python3.7/site-packages/airflow/example_dags/example_external_task_marker_dag.py
[2024-03-30T08:25:58.709+0000] {logging_mixin.py:149} INFO - [2024-03-30T08:25:58.709+0000] {dag.py:2726} INFO - Sync 2 DAGs
[2024-03-30T08:25:58.738+0000] {logging_mixin.py:149} INFO - [2024-03-30T08:25:58.738+0000] {dag.py:3490} INFO - Setting next_dagrun for example_external_task_marker_child to None, run_after=None
[2024-03-30T08:25:58.743+0000] {logging_mixin.py:149} INFO - [2024-03-30T08:25:58.742+0000] {dag.py:3490} INFO - Setting next_dagrun for example_external_task_marker_parent to None, run_after=None
[2024-03-30T08:25:58.780+0000] {processor.py:179} INFO - Processing /home/airflow/.local/lib/python3.7/site-packages/airflow/example_dags/example_external_task_marker_dag.py took 0.134 seconds
[2024-03-30T08:26:28.993+0000] {processor.py:157} INFO - Started process (PID=708) to work on /home/airflow/.local/lib/python3.7/site-packages/airflow/example_dags/example_external_task_marker_dag.py
[2024-03-30T08:26:28.993+0000] {processor.py:826} INFO - Processing file /home/airflow/.local/lib/python3.7/site-packages/airflow/example_dags/example_external_task_marker_dag.py for tasks to queue
[2024-03-30T08:26:28.994+0000] {logging_mixin.py:149} INFO - [2024-03-30T08:26:28.994+0000] {dagbag.py:541} INFO - Filling up the DagBag from /home/airflow/.local/lib/python3.7/site-packages/airflow/example_dags/example_external_task_marker_dag.py
[2024-03-30T08:26:29.001+0000] {processor.py:836} INFO - DAG(s) dict_keys(['example_external_task_marker_child', 'example_external_task_marker_parent']) retrieved from /home/airflow/.local/lib/python3.7/site-packages/airflow/example_dags/example_external_task_marker_dag.py
[2024-03-30T08:26:29.055+0000] {logging_mixin.py:149} INFO - [2024-03-30T08:26:29.055+0000] {dag.py:2726} INFO - Sync 2 DAGs
[2024-03-30T08:26:29.087+0000] {logging_mixin.py:149} INFO - [2024-03-30T08:26:29.086+0000] {dag.py:3490} INFO - Setting next_dagrun for example_external_task_marker_child to None, run_after=None
[2024-03-30T08:26:29.093+0000] {logging_mixin.py:149} INFO - [2024-03-30T08:26:29.093+0000] {dag.py:3490} INFO - Setting next_dagrun for example_external_task_marker_parent to None, run_after=None
[2024-03-30T08:26:29.132+0000] {processor.py:179} INFO - Processing /home/airflow/.local/lib/python3.7/site-packages/airflow/example_dags/example_external_task_marker_dag.py took 0.142 seconds
[2024-03-30T08:26:59.205+0000] {processor.py:157} INFO - Started process (PID=769) to work on /home/airflow/.local/lib/python3.7/site-packages/airflow/example_dags/example_external_task_marker_dag.py
[2024-03-30T08:26:59.206+0000] {processor.py:826} INFO - Processing file /home/airflow/.local/lib/python3.7/site-packages/airflow/example_dags/example_external_task_marker_dag.py for tasks to queue
[2024-03-30T08:26:59.206+0000] {logging_mixin.py:149} INFO - [2024-03-30T08:26:59.206+0000] {dagbag.py:541} INFO - Filling up the DagBag from /home/airflow/.local/lib/python3.7/site-packages/airflow/example_dags/example_external_task_marker_dag.py
[2024-03-30T08:26:59.212+0000] {processor.py:836} INFO - DAG(s) dict_keys(['example_external_task_marker_child', 'example_external_task_marker_parent']) retrieved from /home/airflow/.local/lib/python3.7/site-packages/airflow/example_dags/example_external_task_marker_dag.py
[2024-03-30T08:26:59.258+0000] {logging_mixin.py:149} INFO - [2024-03-30T08:26:59.258+0000] {dag.py:2726} INFO - Sync 2 DAGs
[2024-03-30T08:26:59.283+0000] {logging_mixin.py:149} INFO - [2024-03-30T08:26:59.282+0000] {dag.py:3490} INFO - Setting next_dagrun for example_external_task_marker_child to None, run_after=None
[2024-03-30T08:26:59.287+0000] {logging_mixin.py:149} INFO - [2024-03-30T08:26:59.287+0000] {dag.py:3490} INFO - Setting next_dagrun for example_external_task_marker_parent to None, run_after=None
[2024-03-30T08:26:59.328+0000] {processor.py:179} INFO - Processing /home/airflow/.local/lib/python3.7/site-packages/airflow/example_dags/example_external_task_marker_dag.py took 0.127 seconds
[2024-03-30T08:27:29.523+0000] {processor.py:157} INFO - Started process (PID=829) to work on /home/airflow/.local/lib/python3.7/site-packages/airflow/example_dags/example_external_task_marker_dag.py
[2024-03-30T08:27:29.524+0000] {processor.py:826} INFO - Processing file /home/airflow/.local/lib/python3.7/site-packages/airflow/example_dags/example_external_task_marker_dag.py for tasks to queue
[2024-03-30T08:27:29.524+0000] {logging_mixin.py:149} INFO - [2024-03-30T08:27:29.524+0000] {dagbag.py:541} INFO - Filling up the DagBag from /home/airflow/.local/lib/python3.7/site-packages/airflow/example_dags/example_external_task_marker_dag.py
[2024-03-30T08:27:29.531+0000] {processor.py:836} INFO - DAG(s) dict_keys(['example_external_task_marker_parent', 'example_external_task_marker_child']) retrieved from /home/airflow/.local/lib/python3.7/site-packages/airflow/example_dags/example_external_task_marker_dag.py
[2024-03-30T08:27:29.574+0000] {logging_mixin.py:149} INFO - [2024-03-30T08:27:29.574+0000] {dag.py:2726} INFO - Sync 2 DAGs
[2024-03-30T08:27:29.605+0000] {logging_mixin.py:149} INFO - [2024-03-30T08:27:29.605+0000] {dag.py:3490} INFO - Setting next_dagrun for example_external_task_marker_child to None, run_after=None
[2024-03-30T08:27:29.612+0000] {logging_mixin.py:149} INFO - [2024-03-30T08:27:29.612+0000] {dag.py:3490} INFO - Setting next_dagrun for example_external_task_marker_parent to None, run_after=None
[2024-03-30T08:27:29.655+0000] {processor.py:179} INFO - Processing /home/airflow/.local/lib/python3.7/site-packages/airflow/example_dags/example_external_task_marker_dag.py took 0.136 seconds
[2024-03-30T08:27:59.920+0000] {processor.py:157} INFO - Started process (PID=890) to work on /home/airflow/.local/lib/python3.7/site-packages/airflow/example_dags/example_external_task_marker_dag.py
[2024-03-30T08:27:59.921+0000] {processor.py:826} INFO - Processing file /home/airflow/.local/lib/python3.7/site-packages/airflow/example_dags/example_external_task_marker_dag.py for tasks to queue
[2024-03-30T08:27:59.922+0000] {logging_mixin.py:149} INFO - [2024-03-30T08:27:59.921+0000] {dagbag.py:541} INFO - Filling up the DagBag from /home/airflow/.local/lib/python3.7/site-packages/airflow/example_dags/example_external_task_marker_dag.py
[2024-03-30T08:27:59.928+0000] {processor.py:836} INFO - DAG(s) dict_keys(['example_external_task_marker_parent', 'example_external_task_marker_child']) retrieved from /home/airflow/.local/lib/python3.7/site-packages/airflow/example_dags/example_external_task_marker_dag.py
[2024-03-30T08:27:59.981+0000] {logging_mixin.py:149} INFO - [2024-03-30T08:27:59.980+0000] {dag.py:2726} INFO - Sync 2 DAGs
[2024-03-30T08:28:00.007+0000] {logging_mixin.py:149} INFO - [2024-03-30T08:28:00.007+0000] {dag.py:3490} INFO - Setting next_dagrun for example_external_task_marker_child to None, run_after=None
[2024-03-30T08:28:00.011+0000] {logging_mixin.py:149} INFO - [2024-03-30T08:28:00.011+0000] {dag.py:3490} INFO - Setting next_dagrun for example_external_task_marker_parent to None, run_after=None
[2024-03-30T08:28:00.072+0000] {processor.py:179} INFO - Processing /home/airflow/.local/lib/python3.7/site-packages/airflow/example_dags/example_external_task_marker_dag.py took 0.155 seconds
[2024-03-30T08:28:30.580+0000] {processor.py:157} INFO - Started process (PID=951) to work on /home/airflow/.local/lib/python3.7/site-packages/airflow/example_dags/example_external_task_marker_dag.py
[2024-03-30T08:28:30.581+0000] {processor.py:826} INFO - Processing file /home/airflow/.local/lib/python3.7/site-packages/airflow/example_dags/example_external_task_marker_dag.py for tasks to queue
[2024-03-30T08:28:30.582+0000] {logging_mixin.py:149} INFO - [2024-03-30T08:28:30.582+0000] {dagbag.py:541} INFO - Filling up the DagBag from /home/airflow/.local/lib/python3.7/site-packages/airflow/example_dags/example_external_task_marker_dag.py
[2024-03-30T08:28:30.589+0000] {processor.py:836} INFO - DAG(s) dict_keys(['example_external_task_marker_parent', 'example_external_task_marker_child']) retrieved from /home/airflow/.local/lib/python3.7/site-packages/airflow/example_dags/example_external_task_marker_dag.py
[2024-03-30T08:28:30.642+0000] {logging_mixin.py:149} INFO - [2024-03-30T08:28:30.642+0000] {dag.py:2726} INFO - Sync 2 DAGs
[2024-03-30T08:28:30.673+0000] {logging_mixin.py:149} INFO - [2024-03-30T08:28:30.673+0000] {dag.py:3490} INFO - Setting next_dagrun for example_external_task_marker_child to None, run_after=None
[2024-03-30T08:28:30.677+0000] {logging_mixin.py:149} INFO - [2024-03-30T08:28:30.677+0000] {dag.py:3490} INFO - Setting next_dagrun for example_external_task_marker_parent to None, run_after=None
[2024-03-30T08:28:30.715+0000] {processor.py:179} INFO - Processing /home/airflow/.local/lib/python3.7/site-packages/airflow/example_dags/example_external_task_marker_dag.py took 0.138 seconds
