[2024-03-30T06:15:32.524+0000] {processor.py:157} INFO - Started process (PID=43) to work on /home/airflow/.local/lib/python3.7/site-packages/airflow/example_dags/example_params_trigger_ui.py
[2024-03-30T06:15:32.524+0000] {processor.py:826} INFO - Processing file /home/airflow/.local/lib/python3.7/site-packages/airflow/example_dags/example_params_trigger_ui.py for tasks to queue
[2024-03-30T06:15:32.525+0000] {logging_mixin.py:149} INFO - [2024-03-30T06:15:32.525+0000] {dagbag.py:541} INFO - Filling up the DagBag from /home/airflow/.local/lib/python3.7/site-packages/airflow/example_dags/example_params_trigger_ui.py
[2024-03-30T06:15:32.551+0000] {processor.py:836} INFO - DAG(s) dict_keys(['example_params_trigger_ui']) retrieved from /home/airflow/.local/lib/python3.7/site-packages/airflow/example_dags/example_params_trigger_ui.py
[2024-03-30T06:15:32.579+0000] {logging_mixin.py:149} INFO - [2024-03-30T06:15:32.578+0000] {dag.py:2726} INFO - Sync 1 DAGs
[2024-03-30T06:15:32.615+0000] {logging_mixin.py:149} INFO - [2024-03-30T06:15:32.615+0000] {dag.py:3490} INFO - Setting next_dagrun for example_params_trigger_ui to None, run_after=None
[2024-03-30T06:15:32.658+0000] {processor.py:179} INFO - Processing /home/airflow/.local/lib/python3.7/site-packages/airflow/example_dags/example_params_trigger_ui.py took 0.137 seconds
[2024-03-30T06:16:03.106+0000] {processor.py:157} INFO - Started process (PID=102) to work on /home/airflow/.local/lib/python3.7/site-packages/airflow/example_dags/example_params_trigger_ui.py
[2024-03-30T06:16:03.107+0000] {processor.py:826} INFO - Processing file /home/airflow/.local/lib/python3.7/site-packages/airflow/example_dags/example_params_trigger_ui.py for tasks to queue
[2024-03-30T06:16:03.107+0000] {logging_mixin.py:149} INFO - [2024-03-30T06:16:03.107+0000] {dagbag.py:541} INFO - Filling up the DagBag from /home/airflow/.local/lib/python3.7/site-packages/airflow/example_dags/example_params_trigger_ui.py
[2024-03-30T06:16:03.128+0000] {processor.py:836} INFO - DAG(s) dict_keys(['example_params_trigger_ui']) retrieved from /home/airflow/.local/lib/python3.7/site-packages/airflow/example_dags/example_params_trigger_ui.py
[2024-03-30T06:16:03.218+0000] {logging_mixin.py:149} INFO - [2024-03-30T06:16:03.218+0000] {dag.py:2726} INFO - Sync 1 DAGs
[2024-03-30T06:16:03.242+0000] {logging_mixin.py:149} INFO - [2024-03-30T06:16:03.242+0000] {dag.py:3490} INFO - Setting next_dagrun for example_params_trigger_ui to None, run_after=None
[2024-03-30T06:16:03.275+0000] {processor.py:179} INFO - Processing /home/airflow/.local/lib/python3.7/site-packages/airflow/example_dags/example_params_trigger_ui.py took 0.172 seconds
[2024-03-30T06:16:33.820+0000] {processor.py:157} INFO - Started process (PID=162) to work on /home/airflow/.local/lib/python3.7/site-packages/airflow/example_dags/example_params_trigger_ui.py
[2024-03-30T06:16:33.821+0000] {processor.py:826} INFO - Processing file /home/airflow/.local/lib/python3.7/site-packages/airflow/example_dags/example_params_trigger_ui.py for tasks to queue
[2024-03-30T06:16:33.821+0000] {logging_mixin.py:149} INFO - [2024-03-30T06:16:33.821+0000] {dagbag.py:541} INFO - Filling up the DagBag from /home/airflow/.local/lib/python3.7/site-packages/airflow/example_dags/example_params_trigger_ui.py
[2024-03-30T06:16:33.838+0000] {processor.py:836} INFO - DAG(s) dict_keys(['example_params_trigger_ui']) retrieved from /home/airflow/.local/lib/python3.7/site-packages/airflow/example_dags/example_params_trigger_ui.py
[2024-03-30T06:16:33.931+0000] {logging_mixin.py:149} INFO - [2024-03-30T06:16:33.931+0000] {dag.py:2726} INFO - Sync 1 DAGs
[2024-03-30T06:16:33.955+0000] {logging_mixin.py:149} INFO - [2024-03-30T06:16:33.954+0000] {dag.py:3490} INFO - Setting next_dagrun for example_params_trigger_ui to None, run_after=None
[2024-03-30T06:16:33.986+0000] {processor.py:179} INFO - Processing /home/airflow/.local/lib/python3.7/site-packages/airflow/example_dags/example_params_trigger_ui.py took 0.169 seconds
[2024-03-30T06:17:04.182+0000] {processor.py:157} INFO - Started process (PID=222) to work on /home/airflow/.local/lib/python3.7/site-packages/airflow/example_dags/example_params_trigger_ui.py
[2024-03-30T06:17:04.182+0000] {processor.py:826} INFO - Processing file /home/airflow/.local/lib/python3.7/site-packages/airflow/example_dags/example_params_trigger_ui.py for tasks to queue
[2024-03-30T06:17:04.183+0000] {logging_mixin.py:149} INFO - [2024-03-30T06:17:04.183+0000] {dagbag.py:541} INFO - Filling up the DagBag from /home/airflow/.local/lib/python3.7/site-packages/airflow/example_dags/example_params_trigger_ui.py
[2024-03-30T06:17:04.203+0000] {processor.py:836} INFO - DAG(s) dict_keys(['example_params_trigger_ui']) retrieved from /home/airflow/.local/lib/python3.7/site-packages/airflow/example_dags/example_params_trigger_ui.py
[2024-03-30T06:17:04.296+0000] {logging_mixin.py:149} INFO - [2024-03-30T06:17:04.296+0000] {dag.py:2726} INFO - Sync 1 DAGs
[2024-03-30T06:17:04.320+0000] {logging_mixin.py:149} INFO - [2024-03-30T06:17:04.320+0000] {dag.py:3490} INFO - Setting next_dagrun for example_params_trigger_ui to None, run_after=None
[2024-03-30T06:17:04.353+0000] {processor.py:179} INFO - Processing /home/airflow/.local/lib/python3.7/site-packages/airflow/example_dags/example_params_trigger_ui.py took 0.174 seconds
[2024-03-30T06:17:34.542+0000] {processor.py:157} INFO - Started process (PID=282) to work on /home/airflow/.local/lib/python3.7/site-packages/airflow/example_dags/example_params_trigger_ui.py
[2024-03-30T06:17:34.543+0000] {processor.py:826} INFO - Processing file /home/airflow/.local/lib/python3.7/site-packages/airflow/example_dags/example_params_trigger_ui.py for tasks to queue
[2024-03-30T06:17:34.544+0000] {logging_mixin.py:149} INFO - [2024-03-30T06:17:34.544+0000] {dagbag.py:541} INFO - Filling up the DagBag from /home/airflow/.local/lib/python3.7/site-packages/airflow/example_dags/example_params_trigger_ui.py
[2024-03-30T06:17:34.564+0000] {processor.py:836} INFO - DAG(s) dict_keys(['example_params_trigger_ui']) retrieved from /home/airflow/.local/lib/python3.7/site-packages/airflow/example_dags/example_params_trigger_ui.py
[2024-03-30T06:17:34.659+0000] {logging_mixin.py:149} INFO - [2024-03-30T06:17:34.659+0000] {dag.py:2726} INFO - Sync 1 DAGs
[2024-03-30T06:17:34.684+0000] {logging_mixin.py:149} INFO - [2024-03-30T06:17:34.683+0000] {dag.py:3490} INFO - Setting next_dagrun for example_params_trigger_ui to None, run_after=None
[2024-03-30T06:17:34.718+0000] {processor.py:179} INFO - Processing /home/airflow/.local/lib/python3.7/site-packages/airflow/example_dags/example_params_trigger_ui.py took 0.178 seconds
[2024-03-30T06:18:05.014+0000] {processor.py:157} INFO - Started process (PID=342) to work on /home/airflow/.local/lib/python3.7/site-packages/airflow/example_dags/example_params_trigger_ui.py
[2024-03-30T06:18:05.015+0000] {processor.py:826} INFO - Processing file /home/airflow/.local/lib/python3.7/site-packages/airflow/example_dags/example_params_trigger_ui.py for tasks to queue
[2024-03-30T06:18:05.016+0000] {logging_mixin.py:149} INFO - [2024-03-30T06:18:05.015+0000] {dagbag.py:541} INFO - Filling up the DagBag from /home/airflow/.local/lib/python3.7/site-packages/airflow/example_dags/example_params_trigger_ui.py
[2024-03-30T06:18:05.038+0000] {processor.py:836} INFO - DAG(s) dict_keys(['example_params_trigger_ui']) retrieved from /home/airflow/.local/lib/python3.7/site-packages/airflow/example_dags/example_params_trigger_ui.py
[2024-03-30T06:18:05.132+0000] {logging_mixin.py:149} INFO - [2024-03-30T06:18:05.131+0000] {dag.py:2726} INFO - Sync 1 DAGs
[2024-03-30T06:18:05.157+0000] {logging_mixin.py:149} INFO - [2024-03-30T06:18:05.157+0000] {dag.py:3490} INFO - Setting next_dagrun for example_params_trigger_ui to None, run_after=None
[2024-03-30T06:18:05.191+0000] {processor.py:179} INFO - Processing /home/airflow/.local/lib/python3.7/site-packages/airflow/example_dags/example_params_trigger_ui.py took 0.180 seconds
[2024-03-30T06:18:35.355+0000] {processor.py:157} INFO - Started process (PID=403) to work on /home/airflow/.local/lib/python3.7/site-packages/airflow/example_dags/example_params_trigger_ui.py
[2024-03-30T06:18:35.356+0000] {processor.py:826} INFO - Processing file /home/airflow/.local/lib/python3.7/site-packages/airflow/example_dags/example_params_trigger_ui.py for tasks to queue
[2024-03-30T06:18:35.357+0000] {logging_mixin.py:149} INFO - [2024-03-30T06:18:35.357+0000] {dagbag.py:541} INFO - Filling up the DagBag from /home/airflow/.local/lib/python3.7/site-packages/airflow/example_dags/example_params_trigger_ui.py
[2024-03-30T06:18:35.377+0000] {processor.py:836} INFO - DAG(s) dict_keys(['example_params_trigger_ui']) retrieved from /home/airflow/.local/lib/python3.7/site-packages/airflow/example_dags/example_params_trigger_ui.py
[2024-03-30T06:18:35.479+0000] {logging_mixin.py:149} INFO - [2024-03-30T06:18:35.479+0000] {dag.py:2726} INFO - Sync 1 DAGs
[2024-03-30T06:18:35.556+0000] {logging_mixin.py:149} INFO - [2024-03-30T06:18:35.555+0000] {dag.py:3490} INFO - Setting next_dagrun for example_params_trigger_ui to None, run_after=None
[2024-03-30T06:18:35.595+0000] {processor.py:179} INFO - Processing /home/airflow/.local/lib/python3.7/site-packages/airflow/example_dags/example_params_trigger_ui.py took 0.244 seconds
[2024-03-30T06:19:05.655+0000] {processor.py:157} INFO - Started process (PID=463) to work on /home/airflow/.local/lib/python3.7/site-packages/airflow/example_dags/example_params_trigger_ui.py
[2024-03-30T06:19:05.656+0000] {processor.py:826} INFO - Processing file /home/airflow/.local/lib/python3.7/site-packages/airflow/example_dags/example_params_trigger_ui.py for tasks to queue
[2024-03-30T06:19:05.656+0000] {logging_mixin.py:149} INFO - [2024-03-30T06:19:05.656+0000] {dagbag.py:541} INFO - Filling up the DagBag from /home/airflow/.local/lib/python3.7/site-packages/airflow/example_dags/example_params_trigger_ui.py
[2024-03-30T06:19:05.677+0000] {processor.py:836} INFO - DAG(s) dict_keys(['example_params_trigger_ui']) retrieved from /home/airflow/.local/lib/python3.7/site-packages/airflow/example_dags/example_params_trigger_ui.py
[2024-03-30T06:19:05.772+0000] {logging_mixin.py:149} INFO - [2024-03-30T06:19:05.772+0000] {dag.py:2726} INFO - Sync 1 DAGs
[2024-03-30T06:19:05.796+0000] {logging_mixin.py:149} INFO - [2024-03-30T06:19:05.796+0000] {dag.py:3490} INFO - Setting next_dagrun for example_params_trigger_ui to None, run_after=None
[2024-03-30T06:19:05.829+0000] {processor.py:179} INFO - Processing /home/airflow/.local/lib/python3.7/site-packages/airflow/example_dags/example_params_trigger_ui.py took 0.178 seconds
[2024-03-30T06:19:36.791+0000] {processor.py:157} INFO - Started process (PID=523) to work on /home/airflow/.local/lib/python3.7/site-packages/airflow/example_dags/example_params_trigger_ui.py
[2024-03-30T06:19:36.792+0000] {processor.py:826} INFO - Processing file /home/airflow/.local/lib/python3.7/site-packages/airflow/example_dags/example_params_trigger_ui.py for tasks to queue
[2024-03-30T06:19:36.793+0000] {logging_mixin.py:149} INFO - [2024-03-30T06:19:36.793+0000] {dagbag.py:541} INFO - Filling up the DagBag from /home/airflow/.local/lib/python3.7/site-packages/airflow/example_dags/example_params_trigger_ui.py
[2024-03-30T06:19:36.813+0000] {processor.py:836} INFO - DAG(s) dict_keys(['example_params_trigger_ui']) retrieved from /home/airflow/.local/lib/python3.7/site-packages/airflow/example_dags/example_params_trigger_ui.py
[2024-03-30T06:19:36.954+0000] {logging_mixin.py:149} INFO - [2024-03-30T06:19:36.953+0000] {dag.py:2726} INFO - Sync 1 DAGs
[2024-03-30T06:19:36.998+0000] {logging_mixin.py:149} INFO - [2024-03-30T06:19:36.998+0000] {dag.py:3490} INFO - Setting next_dagrun for example_params_trigger_ui to None, run_after=None
[2024-03-30T06:19:37.049+0000] {processor.py:179} INFO - Processing /home/airflow/.local/lib/python3.7/site-packages/airflow/example_dags/example_params_trigger_ui.py took 0.261 seconds
[2024-03-30T06:20:07.904+0000] {processor.py:157} INFO - Started process (PID=583) to work on /home/airflow/.local/lib/python3.7/site-packages/airflow/example_dags/example_params_trigger_ui.py
[2024-03-30T06:20:07.905+0000] {processor.py:826} INFO - Processing file /home/airflow/.local/lib/python3.7/site-packages/airflow/example_dags/example_params_trigger_ui.py for tasks to queue
[2024-03-30T06:20:07.905+0000] {logging_mixin.py:149} INFO - [2024-03-30T06:20:07.905+0000] {dagbag.py:541} INFO - Filling up the DagBag from /home/airflow/.local/lib/python3.7/site-packages/airflow/example_dags/example_params_trigger_ui.py
[2024-03-30T06:20:07.926+0000] {processor.py:836} INFO - DAG(s) dict_keys(['example_params_trigger_ui']) retrieved from /home/airflow/.local/lib/python3.7/site-packages/airflow/example_dags/example_params_trigger_ui.py
[2024-03-30T06:20:08.024+0000] {logging_mixin.py:149} INFO - [2024-03-30T06:20:08.024+0000] {dag.py:2726} INFO - Sync 1 DAGs
[2024-03-30T06:20:08.048+0000] {logging_mixin.py:149} INFO - [2024-03-30T06:20:08.048+0000] {dag.py:3490} INFO - Setting next_dagrun for example_params_trigger_ui to None, run_after=None
[2024-03-30T06:20:08.083+0000] {processor.py:179} INFO - Processing /home/airflow/.local/lib/python3.7/site-packages/airflow/example_dags/example_params_trigger_ui.py took 0.182 seconds
[2024-03-30T06:20:38.553+0000] {processor.py:157} INFO - Started process (PID=644) to work on /home/airflow/.local/lib/python3.7/site-packages/airflow/example_dags/example_params_trigger_ui.py
[2024-03-30T06:20:38.554+0000] {processor.py:826} INFO - Processing file /home/airflow/.local/lib/python3.7/site-packages/airflow/example_dags/example_params_trigger_ui.py for tasks to queue
[2024-03-30T06:20:38.554+0000] {logging_mixin.py:149} INFO - [2024-03-30T06:20:38.554+0000] {dagbag.py:541} INFO - Filling up the DagBag from /home/airflow/.local/lib/python3.7/site-packages/airflow/example_dags/example_params_trigger_ui.py
[2024-03-30T06:20:38.572+0000] {processor.py:836} INFO - DAG(s) dict_keys(['example_params_trigger_ui']) retrieved from /home/airflow/.local/lib/python3.7/site-packages/airflow/example_dags/example_params_trigger_ui.py
[2024-03-30T06:20:38.671+0000] {logging_mixin.py:149} INFO - [2024-03-30T06:20:38.671+0000] {dag.py:2726} INFO - Sync 1 DAGs
[2024-03-30T06:20:38.695+0000] {logging_mixin.py:149} INFO - [2024-03-30T06:20:38.695+0000] {dag.py:3490} INFO - Setting next_dagrun for example_params_trigger_ui to None, run_after=None
[2024-03-30T06:20:38.728+0000] {processor.py:179} INFO - Processing /home/airflow/.local/lib/python3.7/site-packages/airflow/example_dags/example_params_trigger_ui.py took 0.178 seconds
[2024-03-30T06:21:09.581+0000] {processor.py:157} INFO - Started process (PID=705) to work on /home/airflow/.local/lib/python3.7/site-packages/airflow/example_dags/example_params_trigger_ui.py
[2024-03-30T06:21:09.581+0000] {processor.py:826} INFO - Processing file /home/airflow/.local/lib/python3.7/site-packages/airflow/example_dags/example_params_trigger_ui.py for tasks to queue
[2024-03-30T06:21:09.582+0000] {logging_mixin.py:149} INFO - [2024-03-30T06:21:09.582+0000] {dagbag.py:541} INFO - Filling up the DagBag from /home/airflow/.local/lib/python3.7/site-packages/airflow/example_dags/example_params_trigger_ui.py
[2024-03-30T06:21:09.601+0000] {processor.py:836} INFO - DAG(s) dict_keys(['example_params_trigger_ui']) retrieved from /home/airflow/.local/lib/python3.7/site-packages/airflow/example_dags/example_params_trigger_ui.py
[2024-03-30T06:21:09.690+0000] {logging_mixin.py:149} INFO - [2024-03-30T06:21:09.690+0000] {dag.py:2726} INFO - Sync 1 DAGs
[2024-03-30T06:21:09.716+0000] {logging_mixin.py:149} INFO - [2024-03-30T06:21:09.716+0000] {dag.py:3490} INFO - Setting next_dagrun for example_params_trigger_ui to None, run_after=None
[2024-03-30T06:21:09.749+0000] {processor.py:179} INFO - Processing /home/airflow/.local/lib/python3.7/site-packages/airflow/example_dags/example_params_trigger_ui.py took 0.171 seconds
[2024-03-30T06:21:40.476+0000] {processor.py:157} INFO - Started process (PID=766) to work on /home/airflow/.local/lib/python3.7/site-packages/airflow/example_dags/example_params_trigger_ui.py
[2024-03-30T06:21:40.477+0000] {processor.py:826} INFO - Processing file /home/airflow/.local/lib/python3.7/site-packages/airflow/example_dags/example_params_trigger_ui.py for tasks to queue
[2024-03-30T06:21:40.478+0000] {logging_mixin.py:149} INFO - [2024-03-30T06:21:40.478+0000] {dagbag.py:541} INFO - Filling up the DagBag from /home/airflow/.local/lib/python3.7/site-packages/airflow/example_dags/example_params_trigger_ui.py
[2024-03-30T06:21:40.504+0000] {processor.py:836} INFO - DAG(s) dict_keys(['example_params_trigger_ui']) retrieved from /home/airflow/.local/lib/python3.7/site-packages/airflow/example_dags/example_params_trigger_ui.py
[2024-03-30T06:21:40.614+0000] {logging_mixin.py:149} INFO - [2024-03-30T06:21:40.614+0000] {dag.py:2726} INFO - Sync 1 DAGs
[2024-03-30T06:21:40.644+0000] {logging_mixin.py:149} INFO - [2024-03-30T06:21:40.644+0000] {dag.py:3490} INFO - Setting next_dagrun for example_params_trigger_ui to None, run_after=None
[2024-03-30T06:21:40.684+0000] {processor.py:179} INFO - Processing /home/airflow/.local/lib/python3.7/site-packages/airflow/example_dags/example_params_trigger_ui.py took 0.211 seconds
[2024-03-30T06:22:11.394+0000] {processor.py:157} INFO - Started process (PID=827) to work on /home/airflow/.local/lib/python3.7/site-packages/airflow/example_dags/example_params_trigger_ui.py
[2024-03-30T06:22:11.395+0000] {processor.py:826} INFO - Processing file /home/airflow/.local/lib/python3.7/site-packages/airflow/example_dags/example_params_trigger_ui.py for tasks to queue
[2024-03-30T06:22:11.395+0000] {logging_mixin.py:149} INFO - [2024-03-30T06:22:11.395+0000] {dagbag.py:541} INFO - Filling up the DagBag from /home/airflow/.local/lib/python3.7/site-packages/airflow/example_dags/example_params_trigger_ui.py
[2024-03-30T06:22:11.415+0000] {processor.py:836} INFO - DAG(s) dict_keys(['example_params_trigger_ui']) retrieved from /home/airflow/.local/lib/python3.7/site-packages/airflow/example_dags/example_params_trigger_ui.py
[2024-03-30T06:22:11.518+0000] {logging_mixin.py:149} INFO - [2024-03-30T06:22:11.518+0000] {dag.py:2726} INFO - Sync 1 DAGs
[2024-03-30T06:22:11.549+0000] {logging_mixin.py:149} INFO - [2024-03-30T06:22:11.548+0000] {dag.py:3490} INFO - Setting next_dagrun for example_params_trigger_ui to None, run_after=None
[2024-03-30T06:22:11.586+0000] {processor.py:179} INFO - Processing /home/airflow/.local/lib/python3.7/site-packages/airflow/example_dags/example_params_trigger_ui.py took 0.194 seconds
[2024-03-30T06:22:42.047+0000] {processor.py:157} INFO - Started process (PID=889) to work on /home/airflow/.local/lib/python3.7/site-packages/airflow/example_dags/example_params_trigger_ui.py
[2024-03-30T06:22:42.048+0000] {processor.py:826} INFO - Processing file /home/airflow/.local/lib/python3.7/site-packages/airflow/example_dags/example_params_trigger_ui.py for tasks to queue
[2024-03-30T06:22:42.049+0000] {logging_mixin.py:149} INFO - [2024-03-30T06:22:42.048+0000] {dagbag.py:541} INFO - Filling up the DagBag from /home/airflow/.local/lib/python3.7/site-packages/airflow/example_dags/example_params_trigger_ui.py
[2024-03-30T06:22:42.067+0000] {processor.py:836} INFO - DAG(s) dict_keys(['example_params_trigger_ui']) retrieved from /home/airflow/.local/lib/python3.7/site-packages/airflow/example_dags/example_params_trigger_ui.py
[2024-03-30T06:22:42.163+0000] {logging_mixin.py:149} INFO - [2024-03-30T06:22:42.163+0000] {dag.py:2726} INFO - Sync 1 DAGs
[2024-03-30T06:22:42.191+0000] {logging_mixin.py:149} INFO - [2024-03-30T06:22:42.191+0000] {dag.py:3490} INFO - Setting next_dagrun for example_params_trigger_ui to None, run_after=None
[2024-03-30T06:22:42.225+0000] {processor.py:179} INFO - Processing /home/airflow/.local/lib/python3.7/site-packages/airflow/example_dags/example_params_trigger_ui.py took 0.180 seconds
[2024-03-30T06:23:12.376+0000] {processor.py:157} INFO - Started process (PID=950) to work on /home/airflow/.local/lib/python3.7/site-packages/airflow/example_dags/example_params_trigger_ui.py
[2024-03-30T06:23:12.377+0000] {processor.py:826} INFO - Processing file /home/airflow/.local/lib/python3.7/site-packages/airflow/example_dags/example_params_trigger_ui.py for tasks to queue
[2024-03-30T06:23:12.377+0000] {logging_mixin.py:149} INFO - [2024-03-30T06:23:12.377+0000] {dagbag.py:541} INFO - Filling up the DagBag from /home/airflow/.local/lib/python3.7/site-packages/airflow/example_dags/example_params_trigger_ui.py
[2024-03-30T06:23:12.397+0000] {processor.py:836} INFO - DAG(s) dict_keys(['example_params_trigger_ui']) retrieved from /home/airflow/.local/lib/python3.7/site-packages/airflow/example_dags/example_params_trigger_ui.py
[2024-03-30T06:23:12.503+0000] {logging_mixin.py:149} INFO - [2024-03-30T06:23:12.503+0000] {dag.py:2726} INFO - Sync 1 DAGs
[2024-03-30T06:23:12.570+0000] {logging_mixin.py:149} INFO - [2024-03-30T06:23:12.570+0000] {dag.py:3490} INFO - Setting next_dagrun for example_params_trigger_ui to None, run_after=None
[2024-03-30T06:23:12.605+0000] {processor.py:179} INFO - Processing /home/airflow/.local/lib/python3.7/site-packages/airflow/example_dags/example_params_trigger_ui.py took 0.232 seconds
[2024-03-30T06:23:42.690+0000] {processor.py:157} INFO - Started process (PID=1011) to work on /home/airflow/.local/lib/python3.7/site-packages/airflow/example_dags/example_params_trigger_ui.py
[2024-03-30T06:23:42.691+0000] {processor.py:826} INFO - Processing file /home/airflow/.local/lib/python3.7/site-packages/airflow/example_dags/example_params_trigger_ui.py for tasks to queue
[2024-03-30T06:23:42.692+0000] {logging_mixin.py:149} INFO - [2024-03-30T06:23:42.692+0000] {dagbag.py:541} INFO - Filling up the DagBag from /home/airflow/.local/lib/python3.7/site-packages/airflow/example_dags/example_params_trigger_ui.py
[2024-03-30T06:23:42.710+0000] {processor.py:836} INFO - DAG(s) dict_keys(['example_params_trigger_ui']) retrieved from /home/airflow/.local/lib/python3.7/site-packages/airflow/example_dags/example_params_trigger_ui.py
[2024-03-30T06:23:42.799+0000] {logging_mixin.py:149} INFO - [2024-03-30T06:23:42.799+0000] {dag.py:2726} INFO - Sync 1 DAGs
[2024-03-30T06:23:42.824+0000] {logging_mixin.py:149} INFO - [2024-03-30T06:23:42.824+0000] {dag.py:3490} INFO - Setting next_dagrun for example_params_trigger_ui to None, run_after=None
[2024-03-30T06:23:42.859+0000] {processor.py:179} INFO - Processing /home/airflow/.local/lib/python3.7/site-packages/airflow/example_dags/example_params_trigger_ui.py took 0.172 seconds
[2024-03-30T06:24:13.227+0000] {processor.py:157} INFO - Started process (PID=1073) to work on /home/airflow/.local/lib/python3.7/site-packages/airflow/example_dags/example_params_trigger_ui.py
[2024-03-30T06:24:13.228+0000] {processor.py:826} INFO - Processing file /home/airflow/.local/lib/python3.7/site-packages/airflow/example_dags/example_params_trigger_ui.py for tasks to queue
[2024-03-30T06:24:13.228+0000] {logging_mixin.py:149} INFO - [2024-03-30T06:24:13.228+0000] {dagbag.py:541} INFO - Filling up the DagBag from /home/airflow/.local/lib/python3.7/site-packages/airflow/example_dags/example_params_trigger_ui.py
[2024-03-30T06:24:13.248+0000] {processor.py:836} INFO - DAG(s) dict_keys(['example_params_trigger_ui']) retrieved from /home/airflow/.local/lib/python3.7/site-packages/airflow/example_dags/example_params_trigger_ui.py
[2024-03-30T06:24:13.345+0000] {logging_mixin.py:149} INFO - [2024-03-30T06:24:13.344+0000] {dag.py:2726} INFO - Sync 1 DAGs
[2024-03-30T06:24:13.421+0000] {logging_mixin.py:149} INFO - [2024-03-30T06:24:13.421+0000] {dag.py:3490} INFO - Setting next_dagrun for example_params_trigger_ui to None, run_after=None
[2024-03-30T06:24:13.455+0000] {processor.py:179} INFO - Processing /home/airflow/.local/lib/python3.7/site-packages/airflow/example_dags/example_params_trigger_ui.py took 0.231 seconds
[2024-03-30T06:24:43.515+0000] {processor.py:157} INFO - Started process (PID=1133) to work on /home/airflow/.local/lib/python3.7/site-packages/airflow/example_dags/example_params_trigger_ui.py
[2024-03-30T06:24:43.516+0000] {processor.py:826} INFO - Processing file /home/airflow/.local/lib/python3.7/site-packages/airflow/example_dags/example_params_trigger_ui.py for tasks to queue
[2024-03-30T06:24:43.516+0000] {logging_mixin.py:149} INFO - [2024-03-30T06:24:43.516+0000] {dagbag.py:541} INFO - Filling up the DagBag from /home/airflow/.local/lib/python3.7/site-packages/airflow/example_dags/example_params_trigger_ui.py
[2024-03-30T06:24:43.538+0000] {processor.py:836} INFO - DAG(s) dict_keys(['example_params_trigger_ui']) retrieved from /home/airflow/.local/lib/python3.7/site-packages/airflow/example_dags/example_params_trigger_ui.py
[2024-03-30T06:24:43.645+0000] {logging_mixin.py:149} INFO - [2024-03-30T06:24:43.645+0000] {dag.py:2726} INFO - Sync 1 DAGs
[2024-03-30T06:24:43.675+0000] {logging_mixin.py:149} INFO - [2024-03-30T06:24:43.675+0000] {dag.py:3490} INFO - Setting next_dagrun for example_params_trigger_ui to None, run_after=None
[2024-03-30T06:24:43.711+0000] {processor.py:179} INFO - Processing /home/airflow/.local/lib/python3.7/site-packages/airflow/example_dags/example_params_trigger_ui.py took 0.199 seconds
[2024-03-30T06:25:13.899+0000] {processor.py:157} INFO - Started process (PID=1194) to work on /home/airflow/.local/lib/python3.7/site-packages/airflow/example_dags/example_params_trigger_ui.py
[2024-03-30T06:25:13.900+0000] {processor.py:826} INFO - Processing file /home/airflow/.local/lib/python3.7/site-packages/airflow/example_dags/example_params_trigger_ui.py for tasks to queue
[2024-03-30T06:25:13.900+0000] {logging_mixin.py:149} INFO - [2024-03-30T06:25:13.900+0000] {dagbag.py:541} INFO - Filling up the DagBag from /home/airflow/.local/lib/python3.7/site-packages/airflow/example_dags/example_params_trigger_ui.py
[2024-03-30T06:25:13.918+0000] {processor.py:836} INFO - DAG(s) dict_keys(['example_params_trigger_ui']) retrieved from /home/airflow/.local/lib/python3.7/site-packages/airflow/example_dags/example_params_trigger_ui.py
[2024-03-30T06:25:14.008+0000] {logging_mixin.py:149} INFO - [2024-03-30T06:25:14.008+0000] {dag.py:2726} INFO - Sync 1 DAGs
[2024-03-30T06:25:14.080+0000] {logging_mixin.py:149} INFO - [2024-03-30T06:25:14.080+0000] {dag.py:3490} INFO - Setting next_dagrun for example_params_trigger_ui to None, run_after=None
[2024-03-30T06:25:14.110+0000] {processor.py:179} INFO - Processing /home/airflow/.local/lib/python3.7/site-packages/airflow/example_dags/example_params_trigger_ui.py took 0.214 seconds
[2024-03-30T06:25:44.307+0000] {processor.py:157} INFO - Started process (PID=1255) to work on /home/airflow/.local/lib/python3.7/site-packages/airflow/example_dags/example_params_trigger_ui.py
[2024-03-30T06:25:44.308+0000] {processor.py:826} INFO - Processing file /home/airflow/.local/lib/python3.7/site-packages/airflow/example_dags/example_params_trigger_ui.py for tasks to queue
[2024-03-30T06:25:44.308+0000] {logging_mixin.py:149} INFO - [2024-03-30T06:25:44.308+0000] {dagbag.py:541} INFO - Filling up the DagBag from /home/airflow/.local/lib/python3.7/site-packages/airflow/example_dags/example_params_trigger_ui.py
[2024-03-30T06:25:44.327+0000] {processor.py:836} INFO - DAG(s) dict_keys(['example_params_trigger_ui']) retrieved from /home/airflow/.local/lib/python3.7/site-packages/airflow/example_dags/example_params_trigger_ui.py
[2024-03-30T06:25:44.430+0000] {logging_mixin.py:149} INFO - [2024-03-30T06:25:44.429+0000] {dag.py:2726} INFO - Sync 1 DAGs
[2024-03-30T06:25:44.458+0000] {logging_mixin.py:149} INFO - [2024-03-30T06:25:44.457+0000] {dag.py:3490} INFO - Setting next_dagrun for example_params_trigger_ui to None, run_after=None
[2024-03-30T06:25:44.494+0000] {processor.py:179} INFO - Processing /home/airflow/.local/lib/python3.7/site-packages/airflow/example_dags/example_params_trigger_ui.py took 0.190 seconds
[2024-03-30T06:26:14.628+0000] {processor.py:157} INFO - Started process (PID=1316) to work on /home/airflow/.local/lib/python3.7/site-packages/airflow/example_dags/example_params_trigger_ui.py
[2024-03-30T06:26:14.629+0000] {processor.py:826} INFO - Processing file /home/airflow/.local/lib/python3.7/site-packages/airflow/example_dags/example_params_trigger_ui.py for tasks to queue
[2024-03-30T06:26:14.629+0000] {logging_mixin.py:149} INFO - [2024-03-30T06:26:14.629+0000] {dagbag.py:541} INFO - Filling up the DagBag from /home/airflow/.local/lib/python3.7/site-packages/airflow/example_dags/example_params_trigger_ui.py
[2024-03-30T06:26:14.646+0000] {processor.py:836} INFO - DAG(s) dict_keys(['example_params_trigger_ui']) retrieved from /home/airflow/.local/lib/python3.7/site-packages/airflow/example_dags/example_params_trigger_ui.py
[2024-03-30T06:26:14.736+0000] {logging_mixin.py:149} INFO - [2024-03-30T06:26:14.736+0000] {dag.py:2726} INFO - Sync 1 DAGs
[2024-03-30T06:26:14.810+0000] {logging_mixin.py:149} INFO - [2024-03-30T06:26:14.810+0000] {dag.py:3490} INFO - Setting next_dagrun for example_params_trigger_ui to None, run_after=None
[2024-03-30T06:26:14.854+0000] {processor.py:179} INFO - Processing /home/airflow/.local/lib/python3.7/site-packages/airflow/example_dags/example_params_trigger_ui.py took 0.229 seconds
[2024-03-30T06:26:44.877+0000] {processor.py:157} INFO - Started process (PID=1378) to work on /home/airflow/.local/lib/python3.7/site-packages/airflow/example_dags/example_params_trigger_ui.py
[2024-03-30T06:26:44.878+0000] {processor.py:826} INFO - Processing file /home/airflow/.local/lib/python3.7/site-packages/airflow/example_dags/example_params_trigger_ui.py for tasks to queue
[2024-03-30T06:26:44.878+0000] {logging_mixin.py:149} INFO - [2024-03-30T06:26:44.878+0000] {dagbag.py:541} INFO - Filling up the DagBag from /home/airflow/.local/lib/python3.7/site-packages/airflow/example_dags/example_params_trigger_ui.py
[2024-03-30T06:26:44.896+0000] {processor.py:836} INFO - DAG(s) dict_keys(['example_params_trigger_ui']) retrieved from /home/airflow/.local/lib/python3.7/site-packages/airflow/example_dags/example_params_trigger_ui.py
[2024-03-30T06:26:44.984+0000] {logging_mixin.py:149} INFO - [2024-03-30T06:26:44.983+0000] {dag.py:2726} INFO - Sync 1 DAGs
[2024-03-30T06:26:45.009+0000] {logging_mixin.py:149} INFO - [2024-03-30T06:26:45.009+0000] {dag.py:3490} INFO - Setting next_dagrun for example_params_trigger_ui to None, run_after=None
[2024-03-30T06:26:45.045+0000] {processor.py:179} INFO - Processing /home/airflow/.local/lib/python3.7/site-packages/airflow/example_dags/example_params_trigger_ui.py took 0.171 seconds
[2024-03-30T06:27:15.577+0000] {processor.py:157} INFO - Started process (PID=1439) to work on /home/airflow/.local/lib/python3.7/site-packages/airflow/example_dags/example_params_trigger_ui.py
[2024-03-30T06:27:15.577+0000] {processor.py:826} INFO - Processing file /home/airflow/.local/lib/python3.7/site-packages/airflow/example_dags/example_params_trigger_ui.py for tasks to queue
[2024-03-30T06:27:15.578+0000] {logging_mixin.py:149} INFO - [2024-03-30T06:27:15.578+0000] {dagbag.py:541} INFO - Filling up the DagBag from /home/airflow/.local/lib/python3.7/site-packages/airflow/example_dags/example_params_trigger_ui.py
[2024-03-30T06:27:15.596+0000] {processor.py:836} INFO - DAG(s) dict_keys(['example_params_trigger_ui']) retrieved from /home/airflow/.local/lib/python3.7/site-packages/airflow/example_dags/example_params_trigger_ui.py
[2024-03-30T06:27:15.687+0000] {logging_mixin.py:149} INFO - [2024-03-30T06:27:15.687+0000] {dag.py:2726} INFO - Sync 1 DAGs
[2024-03-30T06:27:15.714+0000] {logging_mixin.py:149} INFO - [2024-03-30T06:27:15.714+0000] {dag.py:3490} INFO - Setting next_dagrun for example_params_trigger_ui to None, run_after=None
[2024-03-30T06:27:15.748+0000] {processor.py:179} INFO - Processing /home/airflow/.local/lib/python3.7/site-packages/airflow/example_dags/example_params_trigger_ui.py took 0.175 seconds
[2024-03-30T06:27:46.100+0000] {processor.py:157} INFO - Started process (PID=1501) to work on /home/airflow/.local/lib/python3.7/site-packages/airflow/example_dags/example_params_trigger_ui.py
[2024-03-30T06:27:46.101+0000] {processor.py:826} INFO - Processing file /home/airflow/.local/lib/python3.7/site-packages/airflow/example_dags/example_params_trigger_ui.py for tasks to queue
[2024-03-30T06:27:46.102+0000] {logging_mixin.py:149} INFO - [2024-03-30T06:27:46.102+0000] {dagbag.py:541} INFO - Filling up the DagBag from /home/airflow/.local/lib/python3.7/site-packages/airflow/example_dags/example_params_trigger_ui.py
[2024-03-30T06:27:46.122+0000] {processor.py:836} INFO - DAG(s) dict_keys(['example_params_trigger_ui']) retrieved from /home/airflow/.local/lib/python3.7/site-packages/airflow/example_dags/example_params_trigger_ui.py
[2024-03-30T06:27:46.245+0000] {logging_mixin.py:149} INFO - [2024-03-30T06:27:46.244+0000] {dag.py:2726} INFO - Sync 1 DAGs
[2024-03-30T06:27:46.284+0000] {logging_mixin.py:149} INFO - [2024-03-30T06:27:46.283+0000] {dag.py:3490} INFO - Setting next_dagrun for example_params_trigger_ui to None, run_after=None
[2024-03-30T06:27:46.321+0000] {processor.py:179} INFO - Processing /home/airflow/.local/lib/python3.7/site-packages/airflow/example_dags/example_params_trigger_ui.py took 0.224 seconds
[2024-03-30T06:28:16.350+0000] {processor.py:157} INFO - Started process (PID=1562) to work on /home/airflow/.local/lib/python3.7/site-packages/airflow/example_dags/example_params_trigger_ui.py
[2024-03-30T06:28:16.351+0000] {processor.py:826} INFO - Processing file /home/airflow/.local/lib/python3.7/site-packages/airflow/example_dags/example_params_trigger_ui.py for tasks to queue
[2024-03-30T06:28:16.352+0000] {logging_mixin.py:149} INFO - [2024-03-30T06:28:16.352+0000] {dagbag.py:541} INFO - Filling up the DagBag from /home/airflow/.local/lib/python3.7/site-packages/airflow/example_dags/example_params_trigger_ui.py
[2024-03-30T06:28:16.371+0000] {processor.py:836} INFO - DAG(s) dict_keys(['example_params_trigger_ui']) retrieved from /home/airflow/.local/lib/python3.7/site-packages/airflow/example_dags/example_params_trigger_ui.py
[2024-03-30T06:28:16.464+0000] {logging_mixin.py:149} INFO - [2024-03-30T06:28:16.464+0000] {dag.py:2726} INFO - Sync 1 DAGs
[2024-03-30T06:28:16.489+0000] {logging_mixin.py:149} INFO - [2024-03-30T06:28:16.488+0000] {dag.py:3490} INFO - Setting next_dagrun for example_params_trigger_ui to None, run_after=None
[2024-03-30T06:28:16.522+0000] {processor.py:179} INFO - Processing /home/airflow/.local/lib/python3.7/site-packages/airflow/example_dags/example_params_trigger_ui.py took 0.175 seconds
[2024-03-30T06:28:46.882+0000] {processor.py:157} INFO - Started process (PID=1623) to work on /home/airflow/.local/lib/python3.7/site-packages/airflow/example_dags/example_params_trigger_ui.py
[2024-03-30T06:28:46.883+0000] {processor.py:826} INFO - Processing file /home/airflow/.local/lib/python3.7/site-packages/airflow/example_dags/example_params_trigger_ui.py for tasks to queue
[2024-03-30T06:28:46.884+0000] {logging_mixin.py:149} INFO - [2024-03-30T06:28:46.884+0000] {dagbag.py:541} INFO - Filling up the DagBag from /home/airflow/.local/lib/python3.7/site-packages/airflow/example_dags/example_params_trigger_ui.py
[2024-03-30T06:28:46.903+0000] {processor.py:836} INFO - DAG(s) dict_keys(['example_params_trigger_ui']) retrieved from /home/airflow/.local/lib/python3.7/site-packages/airflow/example_dags/example_params_trigger_ui.py
[2024-03-30T06:28:47.010+0000] {logging_mixin.py:149} INFO - [2024-03-30T06:28:47.010+0000] {dag.py:2726} INFO - Sync 1 DAGs
[2024-03-30T06:28:47.036+0000] {logging_mixin.py:149} INFO - [2024-03-30T06:28:47.036+0000] {dag.py:3490} INFO - Setting next_dagrun for example_params_trigger_ui to None, run_after=None
[2024-03-30T06:28:47.087+0000] {processor.py:179} INFO - Processing /home/airflow/.local/lib/python3.7/site-packages/airflow/example_dags/example_params_trigger_ui.py took 0.207 seconds
[2024-03-30T06:29:17.390+0000] {processor.py:157} INFO - Started process (PID=1684) to work on /home/airflow/.local/lib/python3.7/site-packages/airflow/example_dags/example_params_trigger_ui.py
[2024-03-30T06:29:17.390+0000] {processor.py:826} INFO - Processing file /home/airflow/.local/lib/python3.7/site-packages/airflow/example_dags/example_params_trigger_ui.py for tasks to queue
[2024-03-30T06:29:17.391+0000] {logging_mixin.py:149} INFO - [2024-03-30T06:29:17.391+0000] {dagbag.py:541} INFO - Filling up the DagBag from /home/airflow/.local/lib/python3.7/site-packages/airflow/example_dags/example_params_trigger_ui.py
[2024-03-30T06:29:17.413+0000] {processor.py:836} INFO - DAG(s) dict_keys(['example_params_trigger_ui']) retrieved from /home/airflow/.local/lib/python3.7/site-packages/airflow/example_dags/example_params_trigger_ui.py
[2024-03-30T06:29:17.514+0000] {logging_mixin.py:149} INFO - [2024-03-30T06:29:17.514+0000] {dag.py:2726} INFO - Sync 1 DAGs
[2024-03-30T06:29:17.538+0000] {logging_mixin.py:149} INFO - [2024-03-30T06:29:17.537+0000] {dag.py:3490} INFO - Setting next_dagrun for example_params_trigger_ui to None, run_after=None
[2024-03-30T06:29:17.570+0000] {processor.py:179} INFO - Processing /home/airflow/.local/lib/python3.7/site-packages/airflow/example_dags/example_params_trigger_ui.py took 0.183 seconds
[2024-03-30T06:29:47.751+0000] {processor.py:157} INFO - Started process (PID=1745) to work on /home/airflow/.local/lib/python3.7/site-packages/airflow/example_dags/example_params_trigger_ui.py
[2024-03-30T06:29:47.752+0000] {processor.py:826} INFO - Processing file /home/airflow/.local/lib/python3.7/site-packages/airflow/example_dags/example_params_trigger_ui.py for tasks to queue
[2024-03-30T06:29:47.753+0000] {logging_mixin.py:149} INFO - [2024-03-30T06:29:47.753+0000] {dagbag.py:541} INFO - Filling up the DagBag from /home/airflow/.local/lib/python3.7/site-packages/airflow/example_dags/example_params_trigger_ui.py
[2024-03-30T06:29:47.771+0000] {processor.py:836} INFO - DAG(s) dict_keys(['example_params_trigger_ui']) retrieved from /home/airflow/.local/lib/python3.7/site-packages/airflow/example_dags/example_params_trigger_ui.py
[2024-03-30T06:29:47.867+0000] {logging_mixin.py:149} INFO - [2024-03-30T06:29:47.867+0000] {dag.py:2726} INFO - Sync 1 DAGs
[2024-03-30T06:29:47.895+0000] {logging_mixin.py:149} INFO - [2024-03-30T06:29:47.895+0000] {dag.py:3490} INFO - Setting next_dagrun for example_params_trigger_ui to None, run_after=None
[2024-03-30T06:29:47.929+0000] {processor.py:179} INFO - Processing /home/airflow/.local/lib/python3.7/site-packages/airflow/example_dags/example_params_trigger_ui.py took 0.181 seconds
[2024-03-30T06:30:18.460+0000] {processor.py:157} INFO - Started process (PID=1806) to work on /home/airflow/.local/lib/python3.7/site-packages/airflow/example_dags/example_params_trigger_ui.py
[2024-03-30T06:30:18.461+0000] {processor.py:826} INFO - Processing file /home/airflow/.local/lib/python3.7/site-packages/airflow/example_dags/example_params_trigger_ui.py for tasks to queue
[2024-03-30T06:30:18.461+0000] {logging_mixin.py:149} INFO - [2024-03-30T06:30:18.461+0000] {dagbag.py:541} INFO - Filling up the DagBag from /home/airflow/.local/lib/python3.7/site-packages/airflow/example_dags/example_params_trigger_ui.py
[2024-03-30T06:30:18.481+0000] {processor.py:836} INFO - DAG(s) dict_keys(['example_params_trigger_ui']) retrieved from /home/airflow/.local/lib/python3.7/site-packages/airflow/example_dags/example_params_trigger_ui.py
[2024-03-30T06:30:18.567+0000] {logging_mixin.py:149} INFO - [2024-03-30T06:30:18.567+0000] {dag.py:2726} INFO - Sync 1 DAGs
[2024-03-30T06:30:18.592+0000] {logging_mixin.py:149} INFO - [2024-03-30T06:30:18.592+0000] {dag.py:3490} INFO - Setting next_dagrun for example_params_trigger_ui to None, run_after=None
[2024-03-30T06:30:18.624+0000] {processor.py:179} INFO - Processing /home/airflow/.local/lib/python3.7/site-packages/airflow/example_dags/example_params_trigger_ui.py took 0.167 seconds
[2024-03-30T06:30:48.919+0000] {processor.py:157} INFO - Started process (PID=1867) to work on /home/airflow/.local/lib/python3.7/site-packages/airflow/example_dags/example_params_trigger_ui.py
[2024-03-30T06:30:48.920+0000] {processor.py:826} INFO - Processing file /home/airflow/.local/lib/python3.7/site-packages/airflow/example_dags/example_params_trigger_ui.py for tasks to queue
[2024-03-30T06:30:48.921+0000] {logging_mixin.py:149} INFO - [2024-03-30T06:30:48.921+0000] {dagbag.py:541} INFO - Filling up the DagBag from /home/airflow/.local/lib/python3.7/site-packages/airflow/example_dags/example_params_trigger_ui.py
[2024-03-30T06:30:48.940+0000] {processor.py:836} INFO - DAG(s) dict_keys(['example_params_trigger_ui']) retrieved from /home/airflow/.local/lib/python3.7/site-packages/airflow/example_dags/example_params_trigger_ui.py
[2024-03-30T06:30:49.033+0000] {logging_mixin.py:149} INFO - [2024-03-30T06:30:49.033+0000] {dag.py:2726} INFO - Sync 1 DAGs
[2024-03-30T06:30:49.057+0000] {logging_mixin.py:149} INFO - [2024-03-30T06:30:49.057+0000] {dag.py:3490} INFO - Setting next_dagrun for example_params_trigger_ui to None, run_after=None
[2024-03-30T06:30:49.092+0000] {processor.py:179} INFO - Processing /home/airflow/.local/lib/python3.7/site-packages/airflow/example_dags/example_params_trigger_ui.py took 0.175 seconds
[2024-03-30T06:31:19.745+0000] {processor.py:157} INFO - Started process (PID=1928) to work on /home/airflow/.local/lib/python3.7/site-packages/airflow/example_dags/example_params_trigger_ui.py
[2024-03-30T06:31:19.745+0000] {processor.py:826} INFO - Processing file /home/airflow/.local/lib/python3.7/site-packages/airflow/example_dags/example_params_trigger_ui.py for tasks to queue
[2024-03-30T06:31:19.746+0000] {logging_mixin.py:149} INFO - [2024-03-30T06:31:19.746+0000] {dagbag.py:541} INFO - Filling up the DagBag from /home/airflow/.local/lib/python3.7/site-packages/airflow/example_dags/example_params_trigger_ui.py
[2024-03-30T06:31:19.765+0000] {processor.py:836} INFO - DAG(s) dict_keys(['example_params_trigger_ui']) retrieved from /home/airflow/.local/lib/python3.7/site-packages/airflow/example_dags/example_params_trigger_ui.py
[2024-03-30T06:31:19.871+0000] {logging_mixin.py:149} INFO - [2024-03-30T06:31:19.871+0000] {dag.py:2726} INFO - Sync 1 DAGs
[2024-03-30T06:31:19.904+0000] {logging_mixin.py:149} INFO - [2024-03-30T06:31:19.904+0000] {dag.py:3490} INFO - Setting next_dagrun for example_params_trigger_ui to None, run_after=None
[2024-03-30T06:31:19.946+0000] {processor.py:179} INFO - Processing /home/airflow/.local/lib/python3.7/site-packages/airflow/example_dags/example_params_trigger_ui.py took 0.205 seconds
[2024-03-30T08:20:54.706+0000] {processor.py:157} INFO - Started process (PID=43) to work on /home/airflow/.local/lib/python3.7/site-packages/airflow/example_dags/example_params_trigger_ui.py
[2024-03-30T08:20:54.708+0000] {processor.py:826} INFO - Processing file /home/airflow/.local/lib/python3.7/site-packages/airflow/example_dags/example_params_trigger_ui.py for tasks to queue
[2024-03-30T08:20:54.710+0000] {logging_mixin.py:149} INFO - [2024-03-30T08:20:54.710+0000] {dagbag.py:541} INFO - Filling up the DagBag from /home/airflow/.local/lib/python3.7/site-packages/airflow/example_dags/example_params_trigger_ui.py
[2024-03-30T08:20:54.747+0000] {processor.py:836} INFO - DAG(s) dict_keys(['example_params_trigger_ui']) retrieved from /home/airflow/.local/lib/python3.7/site-packages/airflow/example_dags/example_params_trigger_ui.py
[2024-03-30T08:20:54.887+0000] {logging_mixin.py:149} INFO - [2024-03-30T08:20:54.887+0000] {dag.py:2726} INFO - Sync 1 DAGs
[2024-03-30T08:20:54.924+0000] {logging_mixin.py:149} INFO - [2024-03-30T08:20:54.924+0000] {dag.py:3490} INFO - Setting next_dagrun for example_params_trigger_ui to None, run_after=None
[2024-03-30T08:20:54.973+0000] {processor.py:179} INFO - Processing /home/airflow/.local/lib/python3.7/site-packages/airflow/example_dags/example_params_trigger_ui.py took 0.272 seconds
[2024-03-30T08:21:25.233+0000] {processor.py:157} INFO - Started process (PID=104) to work on /home/airflow/.local/lib/python3.7/site-packages/airflow/example_dags/example_params_trigger_ui.py
[2024-03-30T08:21:25.234+0000] {processor.py:826} INFO - Processing file /home/airflow/.local/lib/python3.7/site-packages/airflow/example_dags/example_params_trigger_ui.py for tasks to queue
[2024-03-30T08:21:25.235+0000] {logging_mixin.py:149} INFO - [2024-03-30T08:21:25.235+0000] {dagbag.py:541} INFO - Filling up the DagBag from /home/airflow/.local/lib/python3.7/site-packages/airflow/example_dags/example_params_trigger_ui.py
[2024-03-30T08:21:25.259+0000] {processor.py:836} INFO - DAG(s) dict_keys(['example_params_trigger_ui']) retrieved from /home/airflow/.local/lib/python3.7/site-packages/airflow/example_dags/example_params_trigger_ui.py
[2024-03-30T08:21:25.413+0000] {logging_mixin.py:149} INFO - [2024-03-30T08:21:25.413+0000] {dag.py:2726} INFO - Sync 1 DAGs
[2024-03-30T08:21:25.448+0000] {logging_mixin.py:149} INFO - [2024-03-30T08:21:25.448+0000] {dag.py:3490} INFO - Setting next_dagrun for example_params_trigger_ui to None, run_after=None
[2024-03-30T08:21:25.492+0000] {processor.py:179} INFO - Processing /home/airflow/.local/lib/python3.7/site-packages/airflow/example_dags/example_params_trigger_ui.py took 0.262 seconds
[2024-03-30T08:21:55.736+0000] {processor.py:157} INFO - Started process (PID=165) to work on /home/airflow/.local/lib/python3.7/site-packages/airflow/example_dags/example_params_trigger_ui.py
[2024-03-30T08:21:55.737+0000] {processor.py:826} INFO - Processing file /home/airflow/.local/lib/python3.7/site-packages/airflow/example_dags/example_params_trigger_ui.py for tasks to queue
[2024-03-30T08:21:55.738+0000] {logging_mixin.py:149} INFO - [2024-03-30T08:21:55.738+0000] {dagbag.py:541} INFO - Filling up the DagBag from /home/airflow/.local/lib/python3.7/site-packages/airflow/example_dags/example_params_trigger_ui.py
[2024-03-30T08:21:55.761+0000] {processor.py:836} INFO - DAG(s) dict_keys(['example_params_trigger_ui']) retrieved from /home/airflow/.local/lib/python3.7/site-packages/airflow/example_dags/example_params_trigger_ui.py
[2024-03-30T08:21:55.969+0000] {logging_mixin.py:149} INFO - [2024-03-30T08:21:55.968+0000] {dag.py:2726} INFO - Sync 1 DAGs
[2024-03-30T08:21:56.042+0000] {logging_mixin.py:149} INFO - [2024-03-30T08:21:56.042+0000] {dag.py:3490} INFO - Setting next_dagrun for example_params_trigger_ui to None, run_after=None
[2024-03-30T08:21:56.086+0000] {processor.py:179} INFO - Processing /home/airflow/.local/lib/python3.7/site-packages/airflow/example_dags/example_params_trigger_ui.py took 0.353 seconds
[2024-03-30T08:22:26.865+0000] {processor.py:157} INFO - Started process (PID=226) to work on /home/airflow/.local/lib/python3.7/site-packages/airflow/example_dags/example_params_trigger_ui.py
[2024-03-30T08:22:26.866+0000] {processor.py:826} INFO - Processing file /home/airflow/.local/lib/python3.7/site-packages/airflow/example_dags/example_params_trigger_ui.py for tasks to queue
[2024-03-30T08:22:26.866+0000] {logging_mixin.py:149} INFO - [2024-03-30T08:22:26.866+0000] {dagbag.py:541} INFO - Filling up the DagBag from /home/airflow/.local/lib/python3.7/site-packages/airflow/example_dags/example_params_trigger_ui.py
[2024-03-30T08:22:27.012+0000] {processor.py:836} INFO - DAG(s) dict_keys(['example_params_trigger_ui']) retrieved from /home/airflow/.local/lib/python3.7/site-packages/airflow/example_dags/example_params_trigger_ui.py
[2024-03-30T08:22:27.134+0000] {logging_mixin.py:149} INFO - [2024-03-30T08:22:27.134+0000] {dag.py:2726} INFO - Sync 1 DAGs
[2024-03-30T08:22:27.169+0000] {logging_mixin.py:149} INFO - [2024-03-30T08:22:27.168+0000] {dag.py:3490} INFO - Setting next_dagrun for example_params_trigger_ui to None, run_after=None
[2024-03-30T08:22:27.220+0000] {processor.py:179} INFO - Processing /home/airflow/.local/lib/python3.7/site-packages/airflow/example_dags/example_params_trigger_ui.py took 0.361 seconds
[2024-03-30T08:22:57.428+0000] {processor.py:157} INFO - Started process (PID=288) to work on /home/airflow/.local/lib/python3.7/site-packages/airflow/example_dags/example_params_trigger_ui.py
[2024-03-30T08:22:57.430+0000] {processor.py:826} INFO - Processing file /home/airflow/.local/lib/python3.7/site-packages/airflow/example_dags/example_params_trigger_ui.py for tasks to queue
[2024-03-30T08:22:57.430+0000] {logging_mixin.py:149} INFO - [2024-03-30T08:22:57.430+0000] {dagbag.py:541} INFO - Filling up the DagBag from /home/airflow/.local/lib/python3.7/site-packages/airflow/example_dags/example_params_trigger_ui.py
[2024-03-30T08:22:57.454+0000] {processor.py:836} INFO - DAG(s) dict_keys(['example_params_trigger_ui']) retrieved from /home/airflow/.local/lib/python3.7/site-packages/airflow/example_dags/example_params_trigger_ui.py
[2024-03-30T08:22:57.579+0000] {logging_mixin.py:149} INFO - [2024-03-30T08:22:57.578+0000] {dag.py:2726} INFO - Sync 1 DAGs
[2024-03-30T08:22:57.631+0000] {logging_mixin.py:149} INFO - [2024-03-30T08:22:57.630+0000] {dag.py:3490} INFO - Setting next_dagrun for example_params_trigger_ui to None, run_after=None
[2024-03-30T08:22:57.689+0000] {processor.py:179} INFO - Processing /home/airflow/.local/lib/python3.7/site-packages/airflow/example_dags/example_params_trigger_ui.py took 0.264 seconds
[2024-03-30T08:23:28.457+0000] {processor.py:157} INFO - Started process (PID=349) to work on /home/airflow/.local/lib/python3.7/site-packages/airflow/example_dags/example_params_trigger_ui.py
[2024-03-30T08:23:28.458+0000] {processor.py:826} INFO - Processing file /home/airflow/.local/lib/python3.7/site-packages/airflow/example_dags/example_params_trigger_ui.py for tasks to queue
[2024-03-30T08:23:28.458+0000] {logging_mixin.py:149} INFO - [2024-03-30T08:23:28.458+0000] {dagbag.py:541} INFO - Filling up the DagBag from /home/airflow/.local/lib/python3.7/site-packages/airflow/example_dags/example_params_trigger_ui.py
[2024-03-30T08:23:28.485+0000] {processor.py:836} INFO - DAG(s) dict_keys(['example_params_trigger_ui']) retrieved from /home/airflow/.local/lib/python3.7/site-packages/airflow/example_dags/example_params_trigger_ui.py
[2024-03-30T08:23:28.622+0000] {logging_mixin.py:149} INFO - [2024-03-30T08:23:28.622+0000] {dag.py:2726} INFO - Sync 1 DAGs
[2024-03-30T08:23:28.700+0000] {logging_mixin.py:149} INFO - [2024-03-30T08:23:28.700+0000] {dag.py:3490} INFO - Setting next_dagrun for example_params_trigger_ui to None, run_after=None
[2024-03-30T08:23:28.750+0000] {processor.py:179} INFO - Processing /home/airflow/.local/lib/python3.7/site-packages/airflow/example_dags/example_params_trigger_ui.py took 0.296 seconds
[2024-03-30T08:23:58.810+0000] {processor.py:157} INFO - Started process (PID=410) to work on /home/airflow/.local/lib/python3.7/site-packages/airflow/example_dags/example_params_trigger_ui.py
[2024-03-30T08:23:58.812+0000] {processor.py:826} INFO - Processing file /home/airflow/.local/lib/python3.7/site-packages/airflow/example_dags/example_params_trigger_ui.py for tasks to queue
[2024-03-30T08:23:58.813+0000] {logging_mixin.py:149} INFO - [2024-03-30T08:23:58.812+0000] {dagbag.py:541} INFO - Filling up the DagBag from /home/airflow/.local/lib/python3.7/site-packages/airflow/example_dags/example_params_trigger_ui.py
[2024-03-30T08:23:58.839+0000] {processor.py:836} INFO - DAG(s) dict_keys(['example_params_trigger_ui']) retrieved from /home/airflow/.local/lib/python3.7/site-packages/airflow/example_dags/example_params_trigger_ui.py
[2024-03-30T08:23:58.983+0000] {logging_mixin.py:149} INFO - [2024-03-30T08:23:58.983+0000] {dag.py:2726} INFO - Sync 1 DAGs
[2024-03-30T08:23:59.029+0000] {logging_mixin.py:149} INFO - [2024-03-30T08:23:59.029+0000] {dag.py:3490} INFO - Setting next_dagrun for example_params_trigger_ui to None, run_after=None
[2024-03-30T08:23:59.088+0000] {processor.py:179} INFO - Processing /home/airflow/.local/lib/python3.7/site-packages/airflow/example_dags/example_params_trigger_ui.py took 0.281 seconds
[2024-03-30T08:24:29.113+0000] {processor.py:157} INFO - Started process (PID=470) to work on /home/airflow/.local/lib/python3.7/site-packages/airflow/example_dags/example_params_trigger_ui.py
[2024-03-30T08:24:29.114+0000] {processor.py:826} INFO - Processing file /home/airflow/.local/lib/python3.7/site-packages/airflow/example_dags/example_params_trigger_ui.py for tasks to queue
[2024-03-30T08:24:29.115+0000] {logging_mixin.py:149} INFO - [2024-03-30T08:24:29.115+0000] {dagbag.py:541} INFO - Filling up the DagBag from /home/airflow/.local/lib/python3.7/site-packages/airflow/example_dags/example_params_trigger_ui.py
[2024-03-30T08:24:29.136+0000] {processor.py:836} INFO - DAG(s) dict_keys(['example_params_trigger_ui']) retrieved from /home/airflow/.local/lib/python3.7/site-packages/airflow/example_dags/example_params_trigger_ui.py
[2024-03-30T08:24:29.277+0000] {logging_mixin.py:149} INFO - [2024-03-30T08:24:29.277+0000] {dag.py:2726} INFO - Sync 1 DAGs
[2024-03-30T08:24:29.305+0000] {logging_mixin.py:149} INFO - [2024-03-30T08:24:29.305+0000] {dag.py:3490} INFO - Setting next_dagrun for example_params_trigger_ui to None, run_after=None
[2024-03-30T08:24:29.351+0000] {processor.py:179} INFO - Processing /home/airflow/.local/lib/python3.7/site-packages/airflow/example_dags/example_params_trigger_ui.py took 0.241 seconds
[2024-03-30T08:24:59.555+0000] {processor.py:157} INFO - Started process (PID=531) to work on /home/airflow/.local/lib/python3.7/site-packages/airflow/example_dags/example_params_trigger_ui.py
[2024-03-30T08:24:59.558+0000] {processor.py:826} INFO - Processing file /home/airflow/.local/lib/python3.7/site-packages/airflow/example_dags/example_params_trigger_ui.py for tasks to queue
[2024-03-30T08:24:59.560+0000] {logging_mixin.py:149} INFO - [2024-03-30T08:24:59.559+0000] {dagbag.py:541} INFO - Filling up the DagBag from /home/airflow/.local/lib/python3.7/site-packages/airflow/example_dags/example_params_trigger_ui.py
[2024-03-30T08:24:59.585+0000] {processor.py:836} INFO - DAG(s) dict_keys(['example_params_trigger_ui']) retrieved from /home/airflow/.local/lib/python3.7/site-packages/airflow/example_dags/example_params_trigger_ui.py
[2024-03-30T08:24:59.712+0000] {logging_mixin.py:149} INFO - [2024-03-30T08:24:59.712+0000] {dag.py:2726} INFO - Sync 1 DAGs
[2024-03-30T08:24:59.748+0000] {logging_mixin.py:149} INFO - [2024-03-30T08:24:59.748+0000] {dag.py:3490} INFO - Setting next_dagrun for example_params_trigger_ui to None, run_after=None
[2024-03-30T08:24:59.794+0000] {processor.py:179} INFO - Processing /home/airflow/.local/lib/python3.7/site-packages/airflow/example_dags/example_params_trigger_ui.py took 0.242 seconds
[2024-03-30T08:25:29.887+0000] {processor.py:157} INFO - Started process (PID=592) to work on /home/airflow/.local/lib/python3.7/site-packages/airflow/example_dags/example_params_trigger_ui.py
[2024-03-30T08:25:29.888+0000] {processor.py:826} INFO - Processing file /home/airflow/.local/lib/python3.7/site-packages/airflow/example_dags/example_params_trigger_ui.py for tasks to queue
[2024-03-30T08:25:29.889+0000] {logging_mixin.py:149} INFO - [2024-03-30T08:25:29.889+0000] {dagbag.py:541} INFO - Filling up the DagBag from /home/airflow/.local/lib/python3.7/site-packages/airflow/example_dags/example_params_trigger_ui.py
[2024-03-30T08:25:29.913+0000] {processor.py:836} INFO - DAG(s) dict_keys(['example_params_trigger_ui']) retrieved from /home/airflow/.local/lib/python3.7/site-packages/airflow/example_dags/example_params_trigger_ui.py
[2024-03-30T08:25:30.030+0000] {logging_mixin.py:149} INFO - [2024-03-30T08:25:30.030+0000] {dag.py:2726} INFO - Sync 1 DAGs
[2024-03-30T08:25:30.111+0000] {logging_mixin.py:149} INFO - [2024-03-30T08:25:30.110+0000] {dag.py:3490} INFO - Setting next_dagrun for example_params_trigger_ui to None, run_after=None
[2024-03-30T08:25:30.161+0000] {processor.py:179} INFO - Processing /home/airflow/.local/lib/python3.7/site-packages/airflow/example_dags/example_params_trigger_ui.py took 0.278 seconds
[2024-03-30T08:26:00.369+0000] {processor.py:157} INFO - Started process (PID=654) to work on /home/airflow/.local/lib/python3.7/site-packages/airflow/example_dags/example_params_trigger_ui.py
[2024-03-30T08:26:00.372+0000] {processor.py:826} INFO - Processing file /home/airflow/.local/lib/python3.7/site-packages/airflow/example_dags/example_params_trigger_ui.py for tasks to queue
[2024-03-30T08:26:00.372+0000] {logging_mixin.py:149} INFO - [2024-03-30T08:26:00.372+0000] {dagbag.py:541} INFO - Filling up the DagBag from /home/airflow/.local/lib/python3.7/site-packages/airflow/example_dags/example_params_trigger_ui.py
[2024-03-30T08:26:00.397+0000] {processor.py:836} INFO - DAG(s) dict_keys(['example_params_trigger_ui']) retrieved from /home/airflow/.local/lib/python3.7/site-packages/airflow/example_dags/example_params_trigger_ui.py
[2024-03-30T08:26:00.518+0000] {logging_mixin.py:149} INFO - [2024-03-30T08:26:00.517+0000] {dag.py:2726} INFO - Sync 1 DAGs
[2024-03-30T08:26:00.590+0000] {logging_mixin.py:149} INFO - [2024-03-30T08:26:00.590+0000] {dag.py:3490} INFO - Setting next_dagrun for example_params_trigger_ui to None, run_after=None
[2024-03-30T08:26:00.636+0000] {processor.py:179} INFO - Processing /home/airflow/.local/lib/python3.7/site-packages/airflow/example_dags/example_params_trigger_ui.py took 0.270 seconds
