[2024-03-30T06:15:31.827+0000] {processor.py:157} INFO - Started process (PID=35) to work on /home/airflow/.local/lib/python3.7/site-packages/airflow/example_dags/example_branch_operator.py
[2024-03-30T06:15:31.828+0000] {processor.py:826} INFO - Processing file /home/airflow/.local/lib/python3.7/site-packages/airflow/example_dags/example_branch_operator.py for tasks to queue
[2024-03-30T06:15:31.828+0000] {logging_mixin.py:149} INFO - [2024-03-30T06:15:31.828+0000] {dagbag.py:541} INFO - Filling up the DagBag from /home/airflow/.local/lib/python3.7/site-packages/airflow/example_dags/example_branch_operator.py
[2024-03-30T06:15:31.843+0000] {processor.py:836} INFO - DAG(s) dict_keys(['example_branch_operator']) retrieved from /home/airflow/.local/lib/python3.7/site-packages/airflow/example_dags/example_branch_operator.py
[2024-03-30T06:15:31.868+0000] {logging_mixin.py:149} INFO - [2024-03-30T06:15:31.868+0000] {dag.py:2726} INFO - Sync 1 DAGs
[2024-03-30T06:15:31.902+0000] {logging_mixin.py:149} INFO - [2024-03-30T06:15:31.902+0000] {dag.py:3490} INFO - Setting next_dagrun for example_branch_operator to 2024-03-29T00:00:00+00:00, run_after=2024-03-30T00:00:00+00:00
[2024-03-30T06:15:31.940+0000] {processor.py:179} INFO - Processing /home/airflow/.local/lib/python3.7/site-packages/airflow/example_dags/example_branch_operator.py took 0.117 seconds
[2024-03-30T06:16:02.626+0000] {processor.py:157} INFO - Started process (PID=94) to work on /home/airflow/.local/lib/python3.7/site-packages/airflow/example_dags/example_branch_operator.py
[2024-03-30T06:16:02.627+0000] {processor.py:826} INFO - Processing file /home/airflow/.local/lib/python3.7/site-packages/airflow/example_dags/example_branch_operator.py for tasks to queue
[2024-03-30T06:16:02.627+0000] {logging_mixin.py:149} INFO - [2024-03-30T06:16:02.627+0000] {dagbag.py:541} INFO - Filling up the DagBag from /home/airflow/.local/lib/python3.7/site-packages/airflow/example_dags/example_branch_operator.py
[2024-03-30T06:16:02.635+0000] {processor.py:836} INFO - DAG(s) dict_keys(['example_branch_operator']) retrieved from /home/airflow/.local/lib/python3.7/site-packages/airflow/example_dags/example_branch_operator.py
[2024-03-30T06:16:02.673+0000] {logging_mixin.py:149} INFO - [2024-03-30T06:16:02.672+0000] {dag.py:2726} INFO - Sync 1 DAGs
[2024-03-30T06:16:02.699+0000] {logging_mixin.py:149} INFO - [2024-03-30T06:16:02.698+0000] {dag.py:3490} INFO - Setting next_dagrun for example_branch_operator to 2024-03-29T00:00:00+00:00, run_after=2024-03-30T00:00:00+00:00
[2024-03-30T06:16:02.735+0000] {processor.py:179} INFO - Processing /home/airflow/.local/lib/python3.7/site-packages/airflow/example_dags/example_branch_operator.py took 0.112 seconds
[2024-03-30T06:16:33.191+0000] {processor.py:157} INFO - Started process (PID=154) to work on /home/airflow/.local/lib/python3.7/site-packages/airflow/example_dags/example_branch_operator.py
[2024-03-30T06:16:33.193+0000] {processor.py:826} INFO - Processing file /home/airflow/.local/lib/python3.7/site-packages/airflow/example_dags/example_branch_operator.py for tasks to queue
[2024-03-30T06:16:33.194+0000] {logging_mixin.py:149} INFO - [2024-03-30T06:16:33.194+0000] {dagbag.py:541} INFO - Filling up the DagBag from /home/airflow/.local/lib/python3.7/site-packages/airflow/example_dags/example_branch_operator.py
[2024-03-30T06:16:33.212+0000] {processor.py:836} INFO - DAG(s) dict_keys(['example_branch_operator']) retrieved from /home/airflow/.local/lib/python3.7/site-packages/airflow/example_dags/example_branch_operator.py
[2024-03-30T06:16:33.263+0000] {logging_mixin.py:149} INFO - [2024-03-30T06:16:33.262+0000] {dag.py:2726} INFO - Sync 1 DAGs
[2024-03-30T06:16:33.333+0000] {logging_mixin.py:149} INFO - [2024-03-30T06:16:33.333+0000] {dag.py:3490} INFO - Setting next_dagrun for example_branch_operator to 2024-03-29T00:00:00+00:00, run_after=2024-03-30T00:00:00+00:00
[2024-03-30T06:16:33.367+0000] {processor.py:179} INFO - Processing /home/airflow/.local/lib/python3.7/site-packages/airflow/example_dags/example_branch_operator.py took 0.180 seconds
[2024-03-30T06:17:03.535+0000] {processor.py:157} INFO - Started process (PID=214) to work on /home/airflow/.local/lib/python3.7/site-packages/airflow/example_dags/example_branch_operator.py
[2024-03-30T06:17:03.536+0000] {processor.py:826} INFO - Processing file /home/airflow/.local/lib/python3.7/site-packages/airflow/example_dags/example_branch_operator.py for tasks to queue
[2024-03-30T06:17:03.536+0000] {logging_mixin.py:149} INFO - [2024-03-30T06:17:03.536+0000] {dagbag.py:541} INFO - Filling up the DagBag from /home/airflow/.local/lib/python3.7/site-packages/airflow/example_dags/example_branch_operator.py
[2024-03-30T06:17:03.545+0000] {processor.py:836} INFO - DAG(s) dict_keys(['example_branch_operator']) retrieved from /home/airflow/.local/lib/python3.7/site-packages/airflow/example_dags/example_branch_operator.py
[2024-03-30T06:17:03.585+0000] {logging_mixin.py:149} INFO - [2024-03-30T06:17:03.585+0000] {dag.py:2726} INFO - Sync 1 DAGs
[2024-03-30T06:17:03.609+0000] {logging_mixin.py:149} INFO - [2024-03-30T06:17:03.609+0000] {dag.py:3490} INFO - Setting next_dagrun for example_branch_operator to 2024-03-29T00:00:00+00:00, run_after=2024-03-30T00:00:00+00:00
[2024-03-30T06:17:03.642+0000] {processor.py:179} INFO - Processing /home/airflow/.local/lib/python3.7/site-packages/airflow/example_dags/example_branch_operator.py took 0.109 seconds
[2024-03-30T06:17:34.062+0000] {processor.py:157} INFO - Started process (PID=274) to work on /home/airflow/.local/lib/python3.7/site-packages/airflow/example_dags/example_branch_operator.py
[2024-03-30T06:17:34.064+0000] {processor.py:826} INFO - Processing file /home/airflow/.local/lib/python3.7/site-packages/airflow/example_dags/example_branch_operator.py for tasks to queue
[2024-03-30T06:17:34.064+0000] {logging_mixin.py:149} INFO - [2024-03-30T06:17:34.064+0000] {dagbag.py:541} INFO - Filling up the DagBag from /home/airflow/.local/lib/python3.7/site-packages/airflow/example_dags/example_branch_operator.py
[2024-03-30T06:17:34.074+0000] {processor.py:836} INFO - DAG(s) dict_keys(['example_branch_operator']) retrieved from /home/airflow/.local/lib/python3.7/site-packages/airflow/example_dags/example_branch_operator.py
[2024-03-30T06:17:34.118+0000] {logging_mixin.py:149} INFO - [2024-03-30T06:17:34.118+0000] {dag.py:2726} INFO - Sync 1 DAGs
[2024-03-30T06:17:34.147+0000] {logging_mixin.py:149} INFO - [2024-03-30T06:17:34.146+0000] {dag.py:3490} INFO - Setting next_dagrun for example_branch_operator to 2024-03-29T00:00:00+00:00, run_after=2024-03-30T00:00:00+00:00
[2024-03-30T06:17:34.181+0000] {processor.py:179} INFO - Processing /home/airflow/.local/lib/python3.7/site-packages/airflow/example_dags/example_branch_operator.py took 0.122 seconds
[2024-03-30T06:18:04.490+0000] {processor.py:157} INFO - Started process (PID=334) to work on /home/airflow/.local/lib/python3.7/site-packages/airflow/example_dags/example_branch_operator.py
[2024-03-30T06:18:04.490+0000] {processor.py:826} INFO - Processing file /home/airflow/.local/lib/python3.7/site-packages/airflow/example_dags/example_branch_operator.py for tasks to queue
[2024-03-30T06:18:04.491+0000] {logging_mixin.py:149} INFO - [2024-03-30T06:18:04.491+0000] {dagbag.py:541} INFO - Filling up the DagBag from /home/airflow/.local/lib/python3.7/site-packages/airflow/example_dags/example_branch_operator.py
[2024-03-30T06:18:04.499+0000] {processor.py:836} INFO - DAG(s) dict_keys(['example_branch_operator']) retrieved from /home/airflow/.local/lib/python3.7/site-packages/airflow/example_dags/example_branch_operator.py
[2024-03-30T06:18:04.539+0000] {logging_mixin.py:149} INFO - [2024-03-30T06:18:04.539+0000] {dag.py:2726} INFO - Sync 1 DAGs
[2024-03-30T06:18:04.573+0000] {logging_mixin.py:149} INFO - [2024-03-30T06:18:04.572+0000] {dag.py:3490} INFO - Setting next_dagrun for example_branch_operator to 2024-03-29T00:00:00+00:00, run_after=2024-03-30T00:00:00+00:00
[2024-03-30T06:18:04.614+0000] {processor.py:179} INFO - Processing /home/airflow/.local/lib/python3.7/site-packages/airflow/example_dags/example_branch_operator.py took 0.128 seconds
[2024-03-30T06:18:34.777+0000] {processor.py:157} INFO - Started process (PID=395) to work on /home/airflow/.local/lib/python3.7/site-packages/airflow/example_dags/example_branch_operator.py
[2024-03-30T06:18:34.779+0000] {processor.py:826} INFO - Processing file /home/airflow/.local/lib/python3.7/site-packages/airflow/example_dags/example_branch_operator.py for tasks to queue
[2024-03-30T06:18:34.779+0000] {logging_mixin.py:149} INFO - [2024-03-30T06:18:34.779+0000] {dagbag.py:541} INFO - Filling up the DagBag from /home/airflow/.local/lib/python3.7/site-packages/airflow/example_dags/example_branch_operator.py
[2024-03-30T06:18:34.789+0000] {processor.py:836} INFO - DAG(s) dict_keys(['example_branch_operator']) retrieved from /home/airflow/.local/lib/python3.7/site-packages/airflow/example_dags/example_branch_operator.py
[2024-03-30T06:18:34.832+0000] {logging_mixin.py:149} INFO - [2024-03-30T06:18:34.832+0000] {dag.py:2726} INFO - Sync 1 DAGs
[2024-03-30T06:18:34.864+0000] {logging_mixin.py:149} INFO - [2024-03-30T06:18:34.863+0000] {dag.py:3490} INFO - Setting next_dagrun for example_branch_operator to 2024-03-29T00:00:00+00:00, run_after=2024-03-30T00:00:00+00:00
[2024-03-30T06:18:34.899+0000] {processor.py:179} INFO - Processing /home/airflow/.local/lib/python3.7/site-packages/airflow/example_dags/example_branch_operator.py took 0.125 seconds
[2024-03-30T06:19:05.092+0000] {processor.py:157} INFO - Started process (PID=455) to work on /home/airflow/.local/lib/python3.7/site-packages/airflow/example_dags/example_branch_operator.py
[2024-03-30T06:19:05.093+0000] {processor.py:826} INFO - Processing file /home/airflow/.local/lib/python3.7/site-packages/airflow/example_dags/example_branch_operator.py for tasks to queue
[2024-03-30T06:19:05.094+0000] {logging_mixin.py:149} INFO - [2024-03-30T06:19:05.094+0000] {dagbag.py:541} INFO - Filling up the DagBag from /home/airflow/.local/lib/python3.7/site-packages/airflow/example_dags/example_branch_operator.py
[2024-03-30T06:19:05.103+0000] {processor.py:836} INFO - DAG(s) dict_keys(['example_branch_operator']) retrieved from /home/airflow/.local/lib/python3.7/site-packages/airflow/example_dags/example_branch_operator.py
[2024-03-30T06:19:05.145+0000] {logging_mixin.py:149} INFO - [2024-03-30T06:19:05.145+0000] {dag.py:2726} INFO - Sync 1 DAGs
[2024-03-30T06:19:05.222+0000] {logging_mixin.py:149} INFO - [2024-03-30T06:19:05.221+0000] {dag.py:3490} INFO - Setting next_dagrun for example_branch_operator to 2024-03-29T00:00:00+00:00, run_after=2024-03-30T00:00:00+00:00
[2024-03-30T06:19:05.262+0000] {processor.py:179} INFO - Processing /home/airflow/.local/lib/python3.7/site-packages/airflow/example_dags/example_branch_operator.py took 0.173 seconds
[2024-03-30T06:19:36.183+0000] {processor.py:157} INFO - Started process (PID=515) to work on /home/airflow/.local/lib/python3.7/site-packages/airflow/example_dags/example_branch_operator.py
[2024-03-30T06:19:36.185+0000] {processor.py:826} INFO - Processing file /home/airflow/.local/lib/python3.7/site-packages/airflow/example_dags/example_branch_operator.py for tasks to queue
[2024-03-30T06:19:36.185+0000] {logging_mixin.py:149} INFO - [2024-03-30T06:19:36.185+0000] {dagbag.py:541} INFO - Filling up the DagBag from /home/airflow/.local/lib/python3.7/site-packages/airflow/example_dags/example_branch_operator.py
[2024-03-30T06:19:36.194+0000] {processor.py:836} INFO - DAG(s) dict_keys(['example_branch_operator']) retrieved from /home/airflow/.local/lib/python3.7/site-packages/airflow/example_dags/example_branch_operator.py
[2024-03-30T06:19:36.232+0000] {logging_mixin.py:149} INFO - [2024-03-30T06:19:36.232+0000] {dag.py:2726} INFO - Sync 1 DAGs
[2024-03-30T06:19:36.259+0000] {logging_mixin.py:149} INFO - [2024-03-30T06:19:36.259+0000] {dag.py:3490} INFO - Setting next_dagrun for example_branch_operator to 2024-03-29T00:00:00+00:00, run_after=2024-03-30T00:00:00+00:00
[2024-03-30T06:19:36.293+0000] {processor.py:179} INFO - Processing /home/airflow/.local/lib/python3.7/site-packages/airflow/example_dags/example_branch_operator.py took 0.113 seconds
[2024-03-30T06:20:06.376+0000] {processor.py:157} INFO - Started process (PID=575) to work on /home/airflow/.local/lib/python3.7/site-packages/airflow/example_dags/example_branch_operator.py
[2024-03-30T06:20:06.377+0000] {processor.py:826} INFO - Processing file /home/airflow/.local/lib/python3.7/site-packages/airflow/example_dags/example_branch_operator.py for tasks to queue
[2024-03-30T06:20:06.378+0000] {logging_mixin.py:149} INFO - [2024-03-30T06:20:06.378+0000] {dagbag.py:541} INFO - Filling up the DagBag from /home/airflow/.local/lib/python3.7/site-packages/airflow/example_dags/example_branch_operator.py
[2024-03-30T06:20:06.387+0000] {processor.py:836} INFO - DAG(s) dict_keys(['example_branch_operator']) retrieved from /home/airflow/.local/lib/python3.7/site-packages/airflow/example_dags/example_branch_operator.py
[2024-03-30T06:20:06.426+0000] {logging_mixin.py:149} INFO - [2024-03-30T06:20:06.426+0000] {dag.py:2726} INFO - Sync 1 DAGs
[2024-03-30T06:20:06.452+0000] {logging_mixin.py:149} INFO - [2024-03-30T06:20:06.452+0000] {dag.py:3490} INFO - Setting next_dagrun for example_branch_operator to 2024-03-29T00:00:00+00:00, run_after=2024-03-30T00:00:00+00:00
[2024-03-30T06:20:06.485+0000] {processor.py:179} INFO - Processing /home/airflow/.local/lib/python3.7/site-packages/airflow/example_dags/example_branch_operator.py took 0.112 seconds
[2024-03-30T06:20:36.994+0000] {processor.py:157} INFO - Started process (PID=636) to work on /home/airflow/.local/lib/python3.7/site-packages/airflow/example_dags/example_branch_operator.py
[2024-03-30T06:20:36.995+0000] {processor.py:826} INFO - Processing file /home/airflow/.local/lib/python3.7/site-packages/airflow/example_dags/example_branch_operator.py for tasks to queue
[2024-03-30T06:20:36.995+0000] {logging_mixin.py:149} INFO - [2024-03-30T06:20:36.995+0000] {dagbag.py:541} INFO - Filling up the DagBag from /home/airflow/.local/lib/python3.7/site-packages/airflow/example_dags/example_branch_operator.py
[2024-03-30T06:20:37.003+0000] {processor.py:836} INFO - DAG(s) dict_keys(['example_branch_operator']) retrieved from /home/airflow/.local/lib/python3.7/site-packages/airflow/example_dags/example_branch_operator.py
[2024-03-30T06:20:37.043+0000] {logging_mixin.py:149} INFO - [2024-03-30T06:20:37.043+0000] {dag.py:2726} INFO - Sync 1 DAGs
[2024-03-30T06:20:37.072+0000] {logging_mixin.py:149} INFO - [2024-03-30T06:20:37.072+0000] {dag.py:3490} INFO - Setting next_dagrun for example_branch_operator to 2024-03-29T00:00:00+00:00, run_after=2024-03-30T00:00:00+00:00
[2024-03-30T06:20:37.108+0000] {processor.py:179} INFO - Processing /home/airflow/.local/lib/python3.7/site-packages/airflow/example_dags/example_branch_operator.py took 0.117 seconds
[2024-03-30T06:21:08.076+0000] {processor.py:157} INFO - Started process (PID=697) to work on /home/airflow/.local/lib/python3.7/site-packages/airflow/example_dags/example_branch_operator.py
[2024-03-30T06:21:08.077+0000] {processor.py:826} INFO - Processing file /home/airflow/.local/lib/python3.7/site-packages/airflow/example_dags/example_branch_operator.py for tasks to queue
[2024-03-30T06:21:08.077+0000] {logging_mixin.py:149} INFO - [2024-03-30T06:21:08.077+0000] {dagbag.py:541} INFO - Filling up the DagBag from /home/airflow/.local/lib/python3.7/site-packages/airflow/example_dags/example_branch_operator.py
[2024-03-30T06:21:08.085+0000] {processor.py:836} INFO - DAG(s) dict_keys(['example_branch_operator']) retrieved from /home/airflow/.local/lib/python3.7/site-packages/airflow/example_dags/example_branch_operator.py
[2024-03-30T06:21:08.128+0000] {logging_mixin.py:149} INFO - [2024-03-30T06:21:08.128+0000] {dag.py:2726} INFO - Sync 1 DAGs
[2024-03-30T06:21:08.154+0000] {logging_mixin.py:149} INFO - [2024-03-30T06:21:08.154+0000] {dag.py:3490} INFO - Setting next_dagrun for example_branch_operator to 2024-03-29T00:00:00+00:00, run_after=2024-03-30T00:00:00+00:00
[2024-03-30T06:21:08.187+0000] {processor.py:179} INFO - Processing /home/airflow/.local/lib/python3.7/site-packages/airflow/example_dags/example_branch_operator.py took 0.114 seconds
[2024-03-30T06:21:38.659+0000] {processor.py:157} INFO - Started process (PID=758) to work on /home/airflow/.local/lib/python3.7/site-packages/airflow/example_dags/example_branch_operator.py
[2024-03-30T06:21:38.660+0000] {processor.py:826} INFO - Processing file /home/airflow/.local/lib/python3.7/site-packages/airflow/example_dags/example_branch_operator.py for tasks to queue
[2024-03-30T06:21:38.660+0000] {logging_mixin.py:149} INFO - [2024-03-30T06:21:38.660+0000] {dagbag.py:541} INFO - Filling up the DagBag from /home/airflow/.local/lib/python3.7/site-packages/airflow/example_dags/example_branch_operator.py
[2024-03-30T06:21:38.670+0000] {processor.py:836} INFO - DAG(s) dict_keys(['example_branch_operator']) retrieved from /home/airflow/.local/lib/python3.7/site-packages/airflow/example_dags/example_branch_operator.py
[2024-03-30T06:21:38.711+0000] {logging_mixin.py:149} INFO - [2024-03-30T06:21:38.710+0000] {dag.py:2726} INFO - Sync 1 DAGs
[2024-03-30T06:21:38.739+0000] {logging_mixin.py:149} INFO - [2024-03-30T06:21:38.739+0000] {dag.py:3490} INFO - Setting next_dagrun for example_branch_operator to 2024-03-29T00:00:00+00:00, run_after=2024-03-30T00:00:00+00:00
[2024-03-30T06:21:38.774+0000] {processor.py:179} INFO - Processing /home/airflow/.local/lib/python3.7/site-packages/airflow/example_dags/example_branch_operator.py took 0.118 seconds
[2024-03-30T06:22:08.939+0000] {processor.py:157} INFO - Started process (PID=820) to work on /home/airflow/.local/lib/python3.7/site-packages/airflow/example_dags/example_branch_operator.py
[2024-03-30T06:22:08.939+0000] {processor.py:826} INFO - Processing file /home/airflow/.local/lib/python3.7/site-packages/airflow/example_dags/example_branch_operator.py for tasks to queue
[2024-03-30T06:22:08.940+0000] {logging_mixin.py:149} INFO - [2024-03-30T06:22:08.940+0000] {dagbag.py:541} INFO - Filling up the DagBag from /home/airflow/.local/lib/python3.7/site-packages/airflow/example_dags/example_branch_operator.py
[2024-03-30T06:22:08.947+0000] {processor.py:836} INFO - DAG(s) dict_keys(['example_branch_operator']) retrieved from /home/airflow/.local/lib/python3.7/site-packages/airflow/example_dags/example_branch_operator.py
[2024-03-30T06:22:08.983+0000] {logging_mixin.py:149} INFO - [2024-03-30T06:22:08.983+0000] {dag.py:2726} INFO - Sync 1 DAGs
[2024-03-30T06:22:09.008+0000] {logging_mixin.py:149} INFO - [2024-03-30T06:22:09.008+0000] {dag.py:3490} INFO - Setting next_dagrun for example_branch_operator to 2024-03-29T00:00:00+00:00, run_after=2024-03-30T00:00:00+00:00
[2024-03-30T06:22:09.040+0000] {processor.py:179} INFO - Processing /home/airflow/.local/lib/python3.7/site-packages/airflow/example_dags/example_branch_operator.py took 0.103 seconds
[2024-03-30T06:22:39.504+0000] {processor.py:157} INFO - Started process (PID=881) to work on /home/airflow/.local/lib/python3.7/site-packages/airflow/example_dags/example_branch_operator.py
[2024-03-30T06:22:39.505+0000] {processor.py:826} INFO - Processing file /home/airflow/.local/lib/python3.7/site-packages/airflow/example_dags/example_branch_operator.py for tasks to queue
[2024-03-30T06:22:39.506+0000] {logging_mixin.py:149} INFO - [2024-03-30T06:22:39.506+0000] {dagbag.py:541} INFO - Filling up the DagBag from /home/airflow/.local/lib/python3.7/site-packages/airflow/example_dags/example_branch_operator.py
[2024-03-30T06:22:39.515+0000] {processor.py:836} INFO - DAG(s) dict_keys(['example_branch_operator']) retrieved from /home/airflow/.local/lib/python3.7/site-packages/airflow/example_dags/example_branch_operator.py
[2024-03-30T06:22:39.559+0000] {logging_mixin.py:149} INFO - [2024-03-30T06:22:39.559+0000] {dag.py:2726} INFO - Sync 1 DAGs
[2024-03-30T06:22:39.585+0000] {logging_mixin.py:149} INFO - [2024-03-30T06:22:39.585+0000] {dag.py:3490} INFO - Setting next_dagrun for example_branch_operator to 2024-03-29T00:00:00+00:00, run_after=2024-03-30T00:00:00+00:00
[2024-03-30T06:22:39.618+0000] {processor.py:179} INFO - Processing /home/airflow/.local/lib/python3.7/site-packages/airflow/example_dags/example_branch_operator.py took 0.118 seconds
[2024-03-30T06:23:09.814+0000] {processor.py:157} INFO - Started process (PID=942) to work on /home/airflow/.local/lib/python3.7/site-packages/airflow/example_dags/example_branch_operator.py
[2024-03-30T06:23:09.815+0000] {processor.py:826} INFO - Processing file /home/airflow/.local/lib/python3.7/site-packages/airflow/example_dags/example_branch_operator.py for tasks to queue
[2024-03-30T06:23:09.815+0000] {logging_mixin.py:149} INFO - [2024-03-30T06:23:09.815+0000] {dagbag.py:541} INFO - Filling up the DagBag from /home/airflow/.local/lib/python3.7/site-packages/airflow/example_dags/example_branch_operator.py
[2024-03-30T06:23:09.823+0000] {processor.py:836} INFO - DAG(s) dict_keys(['example_branch_operator']) retrieved from /home/airflow/.local/lib/python3.7/site-packages/airflow/example_dags/example_branch_operator.py
[2024-03-30T06:23:09.865+0000] {logging_mixin.py:149} INFO - [2024-03-30T06:23:09.865+0000] {dag.py:2726} INFO - Sync 1 DAGs
[2024-03-30T06:23:09.893+0000] {logging_mixin.py:149} INFO - [2024-03-30T06:23:09.893+0000] {dag.py:3490} INFO - Setting next_dagrun for example_branch_operator to 2024-03-29T00:00:00+00:00, run_after=2024-03-30T00:00:00+00:00
[2024-03-30T06:23:09.930+0000] {processor.py:179} INFO - Processing /home/airflow/.local/lib/python3.7/site-packages/airflow/example_dags/example_branch_operator.py took 0.119 seconds
[2024-03-30T06:23:40.164+0000] {processor.py:157} INFO - Started process (PID=1003) to work on /home/airflow/.local/lib/python3.7/site-packages/airflow/example_dags/example_branch_operator.py
[2024-03-30T06:23:40.165+0000] {processor.py:826} INFO - Processing file /home/airflow/.local/lib/python3.7/site-packages/airflow/example_dags/example_branch_operator.py for tasks to queue
[2024-03-30T06:23:40.166+0000] {logging_mixin.py:149} INFO - [2024-03-30T06:23:40.166+0000] {dagbag.py:541} INFO - Filling up the DagBag from /home/airflow/.local/lib/python3.7/site-packages/airflow/example_dags/example_branch_operator.py
[2024-03-30T06:23:40.174+0000] {processor.py:836} INFO - DAG(s) dict_keys(['example_branch_operator']) retrieved from /home/airflow/.local/lib/python3.7/site-packages/airflow/example_dags/example_branch_operator.py
[2024-03-30T06:23:40.214+0000] {logging_mixin.py:149} INFO - [2024-03-30T06:23:40.214+0000] {dag.py:2726} INFO - Sync 1 DAGs
[2024-03-30T06:23:40.242+0000] {logging_mixin.py:149} INFO - [2024-03-30T06:23:40.242+0000] {dag.py:3490} INFO - Setting next_dagrun for example_branch_operator to 2024-03-29T00:00:00+00:00, run_after=2024-03-30T00:00:00+00:00
[2024-03-30T06:23:40.274+0000] {processor.py:179} INFO - Processing /home/airflow/.local/lib/python3.7/site-packages/airflow/example_dags/example_branch_operator.py took 0.113 seconds
[2024-03-30T06:24:10.561+0000] {processor.py:157} INFO - Started process (PID=1064) to work on /home/airflow/.local/lib/python3.7/site-packages/airflow/example_dags/example_branch_operator.py
[2024-03-30T06:24:10.561+0000] {processor.py:826} INFO - Processing file /home/airflow/.local/lib/python3.7/site-packages/airflow/example_dags/example_branch_operator.py for tasks to queue
[2024-03-30T06:24:10.562+0000] {logging_mixin.py:149} INFO - [2024-03-30T06:24:10.562+0000] {dagbag.py:541} INFO - Filling up the DagBag from /home/airflow/.local/lib/python3.7/site-packages/airflow/example_dags/example_branch_operator.py
[2024-03-30T06:24:10.572+0000] {processor.py:836} INFO - DAG(s) dict_keys(['example_branch_operator']) retrieved from /home/airflow/.local/lib/python3.7/site-packages/airflow/example_dags/example_branch_operator.py
[2024-03-30T06:24:10.609+0000] {logging_mixin.py:149} INFO - [2024-03-30T06:24:10.609+0000] {dag.py:2726} INFO - Sync 1 DAGs
[2024-03-30T06:24:10.636+0000] {logging_mixin.py:149} INFO - [2024-03-30T06:24:10.636+0000] {dag.py:3490} INFO - Setting next_dagrun for example_branch_operator to 2024-03-29T00:00:00+00:00, run_after=2024-03-30T00:00:00+00:00
[2024-03-30T06:24:10.675+0000] {processor.py:179} INFO - Processing /home/airflow/.local/lib/python3.7/site-packages/airflow/example_dags/example_branch_operator.py took 0.117 seconds
[2024-03-30T06:24:40.925+0000] {processor.py:157} INFO - Started process (PID=1125) to work on /home/airflow/.local/lib/python3.7/site-packages/airflow/example_dags/example_branch_operator.py
[2024-03-30T06:24:40.926+0000] {processor.py:826} INFO - Processing file /home/airflow/.local/lib/python3.7/site-packages/airflow/example_dags/example_branch_operator.py for tasks to queue
[2024-03-30T06:24:40.927+0000] {logging_mixin.py:149} INFO - [2024-03-30T06:24:40.927+0000] {dagbag.py:541} INFO - Filling up the DagBag from /home/airflow/.local/lib/python3.7/site-packages/airflow/example_dags/example_branch_operator.py
[2024-03-30T06:24:40.934+0000] {processor.py:836} INFO - DAG(s) dict_keys(['example_branch_operator']) retrieved from /home/airflow/.local/lib/python3.7/site-packages/airflow/example_dags/example_branch_operator.py
[2024-03-30T06:24:40.977+0000] {logging_mixin.py:149} INFO - [2024-03-30T06:24:40.977+0000] {dag.py:2726} INFO - Sync 1 DAGs
[2024-03-30T06:24:41.051+0000] {logging_mixin.py:149} INFO - [2024-03-30T06:24:41.051+0000] {dag.py:3490} INFO - Setting next_dagrun for example_branch_operator to 2024-03-29T00:00:00+00:00, run_after=2024-03-30T00:00:00+00:00
[2024-03-30T06:24:41.087+0000] {processor.py:179} INFO - Processing /home/airflow/.local/lib/python3.7/site-packages/airflow/example_dags/example_branch_operator.py took 0.165 seconds
[2024-03-30T06:25:11.365+0000] {processor.py:157} INFO - Started process (PID=1186) to work on /home/airflow/.local/lib/python3.7/site-packages/airflow/example_dags/example_branch_operator.py
[2024-03-30T06:25:11.366+0000] {processor.py:826} INFO - Processing file /home/airflow/.local/lib/python3.7/site-packages/airflow/example_dags/example_branch_operator.py for tasks to queue
[2024-03-30T06:25:11.366+0000] {logging_mixin.py:149} INFO - [2024-03-30T06:25:11.366+0000] {dagbag.py:541} INFO - Filling up the DagBag from /home/airflow/.local/lib/python3.7/site-packages/airflow/example_dags/example_branch_operator.py
[2024-03-30T06:25:11.375+0000] {processor.py:836} INFO - DAG(s) dict_keys(['example_branch_operator']) retrieved from /home/airflow/.local/lib/python3.7/site-packages/airflow/example_dags/example_branch_operator.py
[2024-03-30T06:25:11.416+0000] {logging_mixin.py:149} INFO - [2024-03-30T06:25:11.416+0000] {dag.py:2726} INFO - Sync 1 DAGs
[2024-03-30T06:25:11.442+0000] {logging_mixin.py:149} INFO - [2024-03-30T06:25:11.442+0000] {dag.py:3490} INFO - Setting next_dagrun for example_branch_operator to 2024-03-29T00:00:00+00:00, run_after=2024-03-30T00:00:00+00:00
[2024-03-30T06:25:11.475+0000] {processor.py:179} INFO - Processing /home/airflow/.local/lib/python3.7/site-packages/airflow/example_dags/example_branch_operator.py took 0.114 seconds
[2024-03-30T06:25:41.781+0000] {processor.py:157} INFO - Started process (PID=1247) to work on /home/airflow/.local/lib/python3.7/site-packages/airflow/example_dags/example_branch_operator.py
[2024-03-30T06:25:41.783+0000] {processor.py:826} INFO - Processing file /home/airflow/.local/lib/python3.7/site-packages/airflow/example_dags/example_branch_operator.py for tasks to queue
[2024-03-30T06:25:41.783+0000] {logging_mixin.py:149} INFO - [2024-03-30T06:25:41.783+0000] {dagbag.py:541} INFO - Filling up the DagBag from /home/airflow/.local/lib/python3.7/site-packages/airflow/example_dags/example_branch_operator.py
[2024-03-30T06:25:41.792+0000] {processor.py:836} INFO - DAG(s) dict_keys(['example_branch_operator']) retrieved from /home/airflow/.local/lib/python3.7/site-packages/airflow/example_dags/example_branch_operator.py
[2024-03-30T06:25:41.829+0000] {logging_mixin.py:149} INFO - [2024-03-30T06:25:41.829+0000] {dag.py:2726} INFO - Sync 1 DAGs
[2024-03-30T06:25:41.911+0000] {logging_mixin.py:149} INFO - [2024-03-30T06:25:41.911+0000] {dag.py:3490} INFO - Setting next_dagrun for example_branch_operator to 2024-03-29T00:00:00+00:00, run_after=2024-03-30T00:00:00+00:00
[2024-03-30T06:25:41.942+0000] {processor.py:179} INFO - Processing /home/airflow/.local/lib/python3.7/site-packages/airflow/example_dags/example_branch_operator.py took 0.163 seconds
[2024-03-30T06:26:12.097+0000] {processor.py:157} INFO - Started process (PID=1308) to work on /home/airflow/.local/lib/python3.7/site-packages/airflow/example_dags/example_branch_operator.py
[2024-03-30T06:26:12.098+0000] {processor.py:826} INFO - Processing file /home/airflow/.local/lib/python3.7/site-packages/airflow/example_dags/example_branch_operator.py for tasks to queue
[2024-03-30T06:26:12.098+0000] {logging_mixin.py:149} INFO - [2024-03-30T06:26:12.098+0000] {dagbag.py:541} INFO - Filling up the DagBag from /home/airflow/.local/lib/python3.7/site-packages/airflow/example_dags/example_branch_operator.py
[2024-03-30T06:26:12.106+0000] {processor.py:836} INFO - DAG(s) dict_keys(['example_branch_operator']) retrieved from /home/airflow/.local/lib/python3.7/site-packages/airflow/example_dags/example_branch_operator.py
[2024-03-30T06:26:12.144+0000] {logging_mixin.py:149} INFO - [2024-03-30T06:26:12.144+0000] {dag.py:2726} INFO - Sync 1 DAGs
[2024-03-30T06:26:12.171+0000] {logging_mixin.py:149} INFO - [2024-03-30T06:26:12.171+0000] {dag.py:3490} INFO - Setting next_dagrun for example_branch_operator to 2024-03-29T00:00:00+00:00, run_after=2024-03-30T00:00:00+00:00
[2024-03-30T06:26:12.204+0000] {processor.py:179} INFO - Processing /home/airflow/.local/lib/python3.7/site-packages/airflow/example_dags/example_branch_operator.py took 0.110 seconds
[2024-03-30T06:26:42.328+0000] {processor.py:157} INFO - Started process (PID=1370) to work on /home/airflow/.local/lib/python3.7/site-packages/airflow/example_dags/example_branch_operator.py
[2024-03-30T06:26:42.329+0000] {processor.py:826} INFO - Processing file /home/airflow/.local/lib/python3.7/site-packages/airflow/example_dags/example_branch_operator.py for tasks to queue
[2024-03-30T06:26:42.329+0000] {logging_mixin.py:149} INFO - [2024-03-30T06:26:42.329+0000] {dagbag.py:541} INFO - Filling up the DagBag from /home/airflow/.local/lib/python3.7/site-packages/airflow/example_dags/example_branch_operator.py
[2024-03-30T06:26:42.339+0000] {processor.py:836} INFO - DAG(s) dict_keys(['example_branch_operator']) retrieved from /home/airflow/.local/lib/python3.7/site-packages/airflow/example_dags/example_branch_operator.py
[2024-03-30T06:26:42.379+0000] {logging_mixin.py:149} INFO - [2024-03-30T06:26:42.378+0000] {dag.py:2726} INFO - Sync 1 DAGs
[2024-03-30T06:26:42.405+0000] {logging_mixin.py:149} INFO - [2024-03-30T06:26:42.405+0000] {dag.py:3490} INFO - Setting next_dagrun for example_branch_operator to 2024-03-29T00:00:00+00:00, run_after=2024-03-30T00:00:00+00:00
[2024-03-30T06:26:42.438+0000] {processor.py:179} INFO - Processing /home/airflow/.local/lib/python3.7/site-packages/airflow/example_dags/example_branch_operator.py took 0.114 seconds
[2024-03-30T06:27:12.994+0000] {processor.py:157} INFO - Started process (PID=1431) to work on /home/airflow/.local/lib/python3.7/site-packages/airflow/example_dags/example_branch_operator.py
[2024-03-30T06:27:12.995+0000] {processor.py:826} INFO - Processing file /home/airflow/.local/lib/python3.7/site-packages/airflow/example_dags/example_branch_operator.py for tasks to queue
[2024-03-30T06:27:12.995+0000] {logging_mixin.py:149} INFO - [2024-03-30T06:27:12.995+0000] {dagbag.py:541} INFO - Filling up the DagBag from /home/airflow/.local/lib/python3.7/site-packages/airflow/example_dags/example_branch_operator.py
[2024-03-30T06:27:13.003+0000] {processor.py:836} INFO - DAG(s) dict_keys(['example_branch_operator']) retrieved from /home/airflow/.local/lib/python3.7/site-packages/airflow/example_dags/example_branch_operator.py
[2024-03-30T06:27:13.039+0000] {logging_mixin.py:149} INFO - [2024-03-30T06:27:13.039+0000] {dag.py:2726} INFO - Sync 1 DAGs
[2024-03-30T06:27:13.066+0000] {logging_mixin.py:149} INFO - [2024-03-30T06:27:13.066+0000] {dag.py:3490} INFO - Setting next_dagrun for example_branch_operator to 2024-03-29T00:00:00+00:00, run_after=2024-03-30T00:00:00+00:00
[2024-03-30T06:27:13.098+0000] {processor.py:179} INFO - Processing /home/airflow/.local/lib/python3.7/site-packages/airflow/example_dags/example_branch_operator.py took 0.107 seconds
[2024-03-30T06:27:43.502+0000] {processor.py:157} INFO - Started process (PID=1493) to work on /home/airflow/.local/lib/python3.7/site-packages/airflow/example_dags/example_branch_operator.py
[2024-03-30T06:27:43.503+0000] {processor.py:826} INFO - Processing file /home/airflow/.local/lib/python3.7/site-packages/airflow/example_dags/example_branch_operator.py for tasks to queue
[2024-03-30T06:27:43.504+0000] {logging_mixin.py:149} INFO - [2024-03-30T06:27:43.503+0000] {dagbag.py:541} INFO - Filling up the DagBag from /home/airflow/.local/lib/python3.7/site-packages/airflow/example_dags/example_branch_operator.py
[2024-03-30T06:27:43.511+0000] {processor.py:836} INFO - DAG(s) dict_keys(['example_branch_operator']) retrieved from /home/airflow/.local/lib/python3.7/site-packages/airflow/example_dags/example_branch_operator.py
[2024-03-30T06:27:43.548+0000] {logging_mixin.py:149} INFO - [2024-03-30T06:27:43.548+0000] {dag.py:2726} INFO - Sync 1 DAGs
[2024-03-30T06:27:43.574+0000] {logging_mixin.py:149} INFO - [2024-03-30T06:27:43.574+0000] {dag.py:3490} INFO - Setting next_dagrun for example_branch_operator to 2024-03-29T00:00:00+00:00, run_after=2024-03-30T00:00:00+00:00
[2024-03-30T06:27:43.628+0000] {processor.py:179} INFO - Processing /home/airflow/.local/lib/python3.7/site-packages/airflow/example_dags/example_branch_operator.py took 0.129 seconds
[2024-03-30T06:28:13.872+0000] {processor.py:157} INFO - Started process (PID=1554) to work on /home/airflow/.local/lib/python3.7/site-packages/airflow/example_dags/example_branch_operator.py
[2024-03-30T06:28:13.873+0000] {processor.py:826} INFO - Processing file /home/airflow/.local/lib/python3.7/site-packages/airflow/example_dags/example_branch_operator.py for tasks to queue
[2024-03-30T06:28:13.873+0000] {logging_mixin.py:149} INFO - [2024-03-30T06:28:13.873+0000] {dagbag.py:541} INFO - Filling up the DagBag from /home/airflow/.local/lib/python3.7/site-packages/airflow/example_dags/example_branch_operator.py
[2024-03-30T06:28:13.881+0000] {processor.py:836} INFO - DAG(s) dict_keys(['example_branch_operator']) retrieved from /home/airflow/.local/lib/python3.7/site-packages/airflow/example_dags/example_branch_operator.py
[2024-03-30T06:28:13.917+0000] {logging_mixin.py:149} INFO - [2024-03-30T06:28:13.917+0000] {dag.py:2726} INFO - Sync 1 DAGs
[2024-03-30T06:28:13.941+0000] {logging_mixin.py:149} INFO - [2024-03-30T06:28:13.941+0000] {dag.py:3490} INFO - Setting next_dagrun for example_branch_operator to 2024-03-29T00:00:00+00:00, run_after=2024-03-30T00:00:00+00:00
[2024-03-30T06:28:13.972+0000] {processor.py:179} INFO - Processing /home/airflow/.local/lib/python3.7/site-packages/airflow/example_dags/example_branch_operator.py took 0.103 seconds
[2024-03-30T06:28:44.211+0000] {processor.py:157} INFO - Started process (PID=1615) to work on /home/airflow/.local/lib/python3.7/site-packages/airflow/example_dags/example_branch_operator.py
[2024-03-30T06:28:44.212+0000] {processor.py:826} INFO - Processing file /home/airflow/.local/lib/python3.7/site-packages/airflow/example_dags/example_branch_operator.py for tasks to queue
[2024-03-30T06:28:44.212+0000] {logging_mixin.py:149} INFO - [2024-03-30T06:28:44.212+0000] {dagbag.py:541} INFO - Filling up the DagBag from /home/airflow/.local/lib/python3.7/site-packages/airflow/example_dags/example_branch_operator.py
[2024-03-30T06:28:44.220+0000] {processor.py:836} INFO - DAG(s) dict_keys(['example_branch_operator']) retrieved from /home/airflow/.local/lib/python3.7/site-packages/airflow/example_dags/example_branch_operator.py
[2024-03-30T06:28:44.262+0000] {logging_mixin.py:149} INFO - [2024-03-30T06:28:44.262+0000] {dag.py:2726} INFO - Sync 1 DAGs
[2024-03-30T06:28:44.291+0000] {logging_mixin.py:149} INFO - [2024-03-30T06:28:44.291+0000] {dag.py:3490} INFO - Setting next_dagrun for example_branch_operator to 2024-03-29T00:00:00+00:00, run_after=2024-03-30T00:00:00+00:00
[2024-03-30T06:28:44.325+0000] {processor.py:179} INFO - Processing /home/airflow/.local/lib/python3.7/site-packages/airflow/example_dags/example_branch_operator.py took 0.117 seconds
[2024-03-30T06:29:14.853+0000] {processor.py:157} INFO - Started process (PID=1676) to work on /home/airflow/.local/lib/python3.7/site-packages/airflow/example_dags/example_branch_operator.py
[2024-03-30T06:29:14.853+0000] {processor.py:826} INFO - Processing file /home/airflow/.local/lib/python3.7/site-packages/airflow/example_dags/example_branch_operator.py for tasks to queue
[2024-03-30T06:29:14.854+0000] {logging_mixin.py:149} INFO - [2024-03-30T06:29:14.854+0000] {dagbag.py:541} INFO - Filling up the DagBag from /home/airflow/.local/lib/python3.7/site-packages/airflow/example_dags/example_branch_operator.py
[2024-03-30T06:29:14.862+0000] {processor.py:836} INFO - DAG(s) dict_keys(['example_branch_operator']) retrieved from /home/airflow/.local/lib/python3.7/site-packages/airflow/example_dags/example_branch_operator.py
[2024-03-30T06:29:14.902+0000] {logging_mixin.py:149} INFO - [2024-03-30T06:29:14.902+0000] {dag.py:2726} INFO - Sync 1 DAGs
[2024-03-30T06:29:14.930+0000] {logging_mixin.py:149} INFO - [2024-03-30T06:29:14.930+0000] {dag.py:3490} INFO - Setting next_dagrun for example_branch_operator to 2024-03-29T00:00:00+00:00, run_after=2024-03-30T00:00:00+00:00
[2024-03-30T06:29:14.971+0000] {processor.py:179} INFO - Processing /home/airflow/.local/lib/python3.7/site-packages/airflow/example_dags/example_branch_operator.py took 0.121 seconds
[2024-03-30T06:29:45.207+0000] {processor.py:157} INFO - Started process (PID=1737) to work on /home/airflow/.local/lib/python3.7/site-packages/airflow/example_dags/example_branch_operator.py
[2024-03-30T06:29:45.208+0000] {processor.py:826} INFO - Processing file /home/airflow/.local/lib/python3.7/site-packages/airflow/example_dags/example_branch_operator.py for tasks to queue
[2024-03-30T06:29:45.209+0000] {logging_mixin.py:149} INFO - [2024-03-30T06:29:45.208+0000] {dagbag.py:541} INFO - Filling up the DagBag from /home/airflow/.local/lib/python3.7/site-packages/airflow/example_dags/example_branch_operator.py
[2024-03-30T06:29:45.217+0000] {processor.py:836} INFO - DAG(s) dict_keys(['example_branch_operator']) retrieved from /home/airflow/.local/lib/python3.7/site-packages/airflow/example_dags/example_branch_operator.py
[2024-03-30T06:29:45.259+0000] {logging_mixin.py:149} INFO - [2024-03-30T06:29:45.259+0000] {dag.py:2726} INFO - Sync 1 DAGs
[2024-03-30T06:29:45.287+0000] {logging_mixin.py:149} INFO - [2024-03-30T06:29:45.287+0000] {dag.py:3490} INFO - Setting next_dagrun for example_branch_operator to 2024-03-29T00:00:00+00:00, run_after=2024-03-30T00:00:00+00:00
[2024-03-30T06:29:45.321+0000] {processor.py:179} INFO - Processing /home/airflow/.local/lib/python3.7/site-packages/airflow/example_dags/example_branch_operator.py took 0.116 seconds
[2024-03-30T06:30:15.915+0000] {processor.py:157} INFO - Started process (PID=1798) to work on /home/airflow/.local/lib/python3.7/site-packages/airflow/example_dags/example_branch_operator.py
[2024-03-30T06:30:15.916+0000] {processor.py:826} INFO - Processing file /home/airflow/.local/lib/python3.7/site-packages/airflow/example_dags/example_branch_operator.py for tasks to queue
[2024-03-30T06:30:15.917+0000] {logging_mixin.py:149} INFO - [2024-03-30T06:30:15.917+0000] {dagbag.py:541} INFO - Filling up the DagBag from /home/airflow/.local/lib/python3.7/site-packages/airflow/example_dags/example_branch_operator.py
[2024-03-30T06:30:15.924+0000] {processor.py:836} INFO - DAG(s) dict_keys(['example_branch_operator']) retrieved from /home/airflow/.local/lib/python3.7/site-packages/airflow/example_dags/example_branch_operator.py
[2024-03-30T06:30:15.963+0000] {logging_mixin.py:149} INFO - [2024-03-30T06:30:15.963+0000] {dag.py:2726} INFO - Sync 1 DAGs
[2024-03-30T06:30:15.992+0000] {logging_mixin.py:149} INFO - [2024-03-30T06:30:15.991+0000] {dag.py:3490} INFO - Setting next_dagrun for example_branch_operator to 2024-03-29T00:00:00+00:00, run_after=2024-03-30T00:00:00+00:00
[2024-03-30T06:30:16.025+0000] {processor.py:179} INFO - Processing /home/airflow/.local/lib/python3.7/site-packages/airflow/example_dags/example_branch_operator.py took 0.113 seconds
[2024-03-30T06:30:46.388+0000] {processor.py:157} INFO - Started process (PID=1859) to work on /home/airflow/.local/lib/python3.7/site-packages/airflow/example_dags/example_branch_operator.py
[2024-03-30T06:30:46.390+0000] {processor.py:826} INFO - Processing file /home/airflow/.local/lib/python3.7/site-packages/airflow/example_dags/example_branch_operator.py for tasks to queue
[2024-03-30T06:30:46.392+0000] {logging_mixin.py:149} INFO - [2024-03-30T06:30:46.391+0000] {dagbag.py:541} INFO - Filling up the DagBag from /home/airflow/.local/lib/python3.7/site-packages/airflow/example_dags/example_branch_operator.py
[2024-03-30T06:30:46.405+0000] {processor.py:836} INFO - DAG(s) dict_keys(['example_branch_operator']) retrieved from /home/airflow/.local/lib/python3.7/site-packages/airflow/example_dags/example_branch_operator.py
[2024-03-30T06:30:46.446+0000] {logging_mixin.py:149} INFO - [2024-03-30T06:30:46.446+0000] {dag.py:2726} INFO - Sync 1 DAGs
[2024-03-30T06:30:46.472+0000] {logging_mixin.py:149} INFO - [2024-03-30T06:30:46.472+0000] {dag.py:3490} INFO - Setting next_dagrun for example_branch_operator to 2024-03-29T00:00:00+00:00, run_after=2024-03-30T00:00:00+00:00
[2024-03-30T06:30:46.506+0000] {processor.py:179} INFO - Processing /home/airflow/.local/lib/python3.7/site-packages/airflow/example_dags/example_branch_operator.py took 0.122 seconds
[2024-03-30T06:31:17.138+0000] {processor.py:157} INFO - Started process (PID=1920) to work on /home/airflow/.local/lib/python3.7/site-packages/airflow/example_dags/example_branch_operator.py
[2024-03-30T06:31:17.138+0000] {processor.py:826} INFO - Processing file /home/airflow/.local/lib/python3.7/site-packages/airflow/example_dags/example_branch_operator.py for tasks to queue
[2024-03-30T06:31:17.139+0000] {logging_mixin.py:149} INFO - [2024-03-30T06:31:17.139+0000] {dagbag.py:541} INFO - Filling up the DagBag from /home/airflow/.local/lib/python3.7/site-packages/airflow/example_dags/example_branch_operator.py
[2024-03-30T06:31:17.148+0000] {processor.py:836} INFO - DAG(s) dict_keys(['example_branch_operator']) retrieved from /home/airflow/.local/lib/python3.7/site-packages/airflow/example_dags/example_branch_operator.py
[2024-03-30T06:31:17.196+0000] {logging_mixin.py:149} INFO - [2024-03-30T06:31:17.195+0000] {dag.py:2726} INFO - Sync 1 DAGs
[2024-03-30T06:31:17.226+0000] {logging_mixin.py:149} INFO - [2024-03-30T06:31:17.225+0000] {dag.py:3490} INFO - Setting next_dagrun for example_branch_operator to 2024-03-29T00:00:00+00:00, run_after=2024-03-30T00:00:00+00:00
[2024-03-30T06:31:17.267+0000] {processor.py:179} INFO - Processing /home/airflow/.local/lib/python3.7/site-packages/airflow/example_dags/example_branch_operator.py took 0.132 seconds
[2024-03-30T08:20:53.824+0000] {processor.py:157} INFO - Started process (PID=35) to work on /home/airflow/.local/lib/python3.7/site-packages/airflow/example_dags/example_branch_operator.py
[2024-03-30T08:20:53.825+0000] {processor.py:826} INFO - Processing file /home/airflow/.local/lib/python3.7/site-packages/airflow/example_dags/example_branch_operator.py for tasks to queue
[2024-03-30T08:20:53.826+0000] {logging_mixin.py:149} INFO - [2024-03-30T08:20:53.826+0000] {dagbag.py:541} INFO - Filling up the DagBag from /home/airflow/.local/lib/python3.7/site-packages/airflow/example_dags/example_branch_operator.py
[2024-03-30T08:20:53.841+0000] {processor.py:836} INFO - DAG(s) dict_keys(['example_branch_operator']) retrieved from /home/airflow/.local/lib/python3.7/site-packages/airflow/example_dags/example_branch_operator.py
[2024-03-30T08:20:53.894+0000] {logging_mixin.py:149} INFO - [2024-03-30T08:20:53.893+0000] {dag.py:2726} INFO - Sync 1 DAGs
[2024-03-30T08:20:53.930+0000] {logging_mixin.py:149} INFO - [2024-03-30T08:20:53.929+0000] {dag.py:3490} INFO - Setting next_dagrun for example_branch_operator to 2024-03-29T00:00:00+00:00, run_after=2024-03-30T00:00:00+00:00
[2024-03-30T08:20:53.979+0000] {processor.py:179} INFO - Processing /home/airflow/.local/lib/python3.7/site-packages/airflow/example_dags/example_branch_operator.py took 0.158 seconds
[2024-03-30T08:21:24.332+0000] {processor.py:157} INFO - Started process (PID=96) to work on /home/airflow/.local/lib/python3.7/site-packages/airflow/example_dags/example_branch_operator.py
[2024-03-30T08:21:24.333+0000] {processor.py:826} INFO - Processing file /home/airflow/.local/lib/python3.7/site-packages/airflow/example_dags/example_branch_operator.py for tasks to queue
[2024-03-30T08:21:24.334+0000] {logging_mixin.py:149} INFO - [2024-03-30T08:21:24.334+0000] {dagbag.py:541} INFO - Filling up the DagBag from /home/airflow/.local/lib/python3.7/site-packages/airflow/example_dags/example_branch_operator.py
[2024-03-30T08:21:24.348+0000] {processor.py:836} INFO - DAG(s) dict_keys(['example_branch_operator']) retrieved from /home/airflow/.local/lib/python3.7/site-packages/airflow/example_dags/example_branch_operator.py
[2024-03-30T08:21:24.408+0000] {logging_mixin.py:149} INFO - [2024-03-30T08:21:24.408+0000] {dag.py:2726} INFO - Sync 1 DAGs
[2024-03-30T08:21:24.451+0000] {logging_mixin.py:149} INFO - [2024-03-30T08:21:24.451+0000] {dag.py:3490} INFO - Setting next_dagrun for example_branch_operator to 2024-03-29T00:00:00+00:00, run_after=2024-03-30T00:00:00+00:00
[2024-03-30T08:21:24.508+0000] {processor.py:179} INFO - Processing /home/airflow/.local/lib/python3.7/site-packages/airflow/example_dags/example_branch_operator.py took 0.185 seconds
[2024-03-30T08:21:54.685+0000] {processor.py:157} INFO - Started process (PID=157) to work on /home/airflow/.local/lib/python3.7/site-packages/airflow/example_dags/example_branch_operator.py
[2024-03-30T08:21:54.686+0000] {processor.py:826} INFO - Processing file /home/airflow/.local/lib/python3.7/site-packages/airflow/example_dags/example_branch_operator.py for tasks to queue
[2024-03-30T08:21:54.687+0000] {logging_mixin.py:149} INFO - [2024-03-30T08:21:54.687+0000] {dagbag.py:541} INFO - Filling up the DagBag from /home/airflow/.local/lib/python3.7/site-packages/airflow/example_dags/example_branch_operator.py
[2024-03-30T08:21:54.695+0000] {processor.py:836} INFO - DAG(s) dict_keys(['example_branch_operator']) retrieved from /home/airflow/.local/lib/python3.7/site-packages/airflow/example_dags/example_branch_operator.py
[2024-03-30T08:21:54.737+0000] {logging_mixin.py:149} INFO - [2024-03-30T08:21:54.736+0000] {dag.py:2726} INFO - Sync 1 DAGs
[2024-03-30T08:21:54.823+0000] {logging_mixin.py:149} INFO - [2024-03-30T08:21:54.823+0000] {dag.py:3490} INFO - Setting next_dagrun for example_branch_operator to 2024-03-29T00:00:00+00:00, run_after=2024-03-30T00:00:00+00:00
[2024-03-30T08:21:54.972+0000] {processor.py:179} INFO - Processing /home/airflow/.local/lib/python3.7/site-packages/airflow/example_dags/example_branch_operator.py took 0.291 seconds
[2024-03-30T08:22:25.387+0000] {processor.py:157} INFO - Started process (PID=219) to work on /home/airflow/.local/lib/python3.7/site-packages/airflow/example_dags/example_branch_operator.py
[2024-03-30T08:22:25.388+0000] {processor.py:826} INFO - Processing file /home/airflow/.local/lib/python3.7/site-packages/airflow/example_dags/example_branch_operator.py for tasks to queue
[2024-03-30T08:22:25.388+0000] {logging_mixin.py:149} INFO - [2024-03-30T08:22:25.388+0000] {dagbag.py:541} INFO - Filling up the DagBag from /home/airflow/.local/lib/python3.7/site-packages/airflow/example_dags/example_branch_operator.py
[2024-03-30T08:22:25.396+0000] {processor.py:836} INFO - DAG(s) dict_keys(['example_branch_operator']) retrieved from /home/airflow/.local/lib/python3.7/site-packages/airflow/example_dags/example_branch_operator.py
[2024-03-30T08:22:25.552+0000] {logging_mixin.py:149} INFO - [2024-03-30T08:22:25.552+0000] {dag.py:2726} INFO - Sync 1 DAGs
[2024-03-30T08:22:25.583+0000] {logging_mixin.py:149} INFO - [2024-03-30T08:22:25.583+0000] {dag.py:3490} INFO - Setting next_dagrun for example_branch_operator to 2024-03-29T00:00:00+00:00, run_after=2024-03-30T00:00:00+00:00
[2024-03-30T08:22:25.628+0000] {processor.py:179} INFO - Processing /home/airflow/.local/lib/python3.7/site-packages/airflow/example_dags/example_branch_operator.py took 0.244 seconds
[2024-03-30T08:22:56.379+0000] {processor.py:157} INFO - Started process (PID=279) to work on /home/airflow/.local/lib/python3.7/site-packages/airflow/example_dags/example_branch_operator.py
[2024-03-30T08:22:56.380+0000] {processor.py:826} INFO - Processing file /home/airflow/.local/lib/python3.7/site-packages/airflow/example_dags/example_branch_operator.py for tasks to queue
[2024-03-30T08:22:56.381+0000] {logging_mixin.py:149} INFO - [2024-03-30T08:22:56.381+0000] {dagbag.py:541} INFO - Filling up the DagBag from /home/airflow/.local/lib/python3.7/site-packages/airflow/example_dags/example_branch_operator.py
[2024-03-30T08:22:56.390+0000] {processor.py:836} INFO - DAG(s) dict_keys(['example_branch_operator']) retrieved from /home/airflow/.local/lib/python3.7/site-packages/airflow/example_dags/example_branch_operator.py
[2024-03-30T08:22:56.438+0000] {logging_mixin.py:149} INFO - [2024-03-30T08:22:56.438+0000] {dag.py:2726} INFO - Sync 1 DAGs
[2024-03-30T08:22:56.475+0000] {logging_mixin.py:149} INFO - [2024-03-30T08:22:56.475+0000] {dag.py:3490} INFO - Setting next_dagrun for example_branch_operator to 2024-03-29T00:00:00+00:00, run_after=2024-03-30T00:00:00+00:00
[2024-03-30T08:22:56.520+0000] {processor.py:179} INFO - Processing /home/airflow/.local/lib/python3.7/site-packages/airflow/example_dags/example_branch_operator.py took 0.144 seconds
[2024-03-30T08:23:26.602+0000] {processor.py:157} INFO - Started process (PID=341) to work on /home/airflow/.local/lib/python3.7/site-packages/airflow/example_dags/example_branch_operator.py
[2024-03-30T08:23:26.603+0000] {processor.py:826} INFO - Processing file /home/airflow/.local/lib/python3.7/site-packages/airflow/example_dags/example_branch_operator.py for tasks to queue
[2024-03-30T08:23:26.604+0000] {logging_mixin.py:149} INFO - [2024-03-30T08:23:26.604+0000] {dagbag.py:541} INFO - Filling up the DagBag from /home/airflow/.local/lib/python3.7/site-packages/airflow/example_dags/example_branch_operator.py
[2024-03-30T08:23:26.616+0000] {processor.py:836} INFO - DAG(s) dict_keys(['example_branch_operator']) retrieved from /home/airflow/.local/lib/python3.7/site-packages/airflow/example_dags/example_branch_operator.py
[2024-03-30T08:23:26.664+0000] {logging_mixin.py:149} INFO - [2024-03-30T08:23:26.664+0000] {dag.py:2726} INFO - Sync 1 DAGs
[2024-03-30T08:23:26.692+0000] {logging_mixin.py:149} INFO - [2024-03-30T08:23:26.692+0000] {dag.py:3490} INFO - Setting next_dagrun for example_branch_operator to 2024-03-29T00:00:00+00:00, run_after=2024-03-30T00:00:00+00:00
[2024-03-30T08:23:26.731+0000] {processor.py:179} INFO - Processing /home/airflow/.local/lib/python3.7/site-packages/airflow/example_dags/example_branch_operator.py took 0.133 seconds
[2024-03-30T08:23:56.786+0000] {processor.py:157} INFO - Started process (PID=401) to work on /home/airflow/.local/lib/python3.7/site-packages/airflow/example_dags/example_branch_operator.py
[2024-03-30T08:23:56.787+0000] {processor.py:826} INFO - Processing file /home/airflow/.local/lib/python3.7/site-packages/airflow/example_dags/example_branch_operator.py for tasks to queue
[2024-03-30T08:23:56.788+0000] {logging_mixin.py:149} INFO - [2024-03-30T08:23:56.787+0000] {dagbag.py:541} INFO - Filling up the DagBag from /home/airflow/.local/lib/python3.7/site-packages/airflow/example_dags/example_branch_operator.py
[2024-03-30T08:23:56.796+0000] {processor.py:836} INFO - DAG(s) dict_keys(['example_branch_operator']) retrieved from /home/airflow/.local/lib/python3.7/site-packages/airflow/example_dags/example_branch_operator.py
[2024-03-30T08:23:56.837+0000] {logging_mixin.py:149} INFO - [2024-03-30T08:23:56.837+0000] {dag.py:2726} INFO - Sync 1 DAGs
[2024-03-30T08:23:56.917+0000] {logging_mixin.py:149} INFO - [2024-03-30T08:23:56.917+0000] {dag.py:3490} INFO - Setting next_dagrun for example_branch_operator to 2024-03-29T00:00:00+00:00, run_after=2024-03-30T00:00:00+00:00
[2024-03-30T08:23:56.958+0000] {processor.py:179} INFO - Processing /home/airflow/.local/lib/python3.7/site-packages/airflow/example_dags/example_branch_operator.py took 0.175 seconds
[2024-03-30T08:24:27.378+0000] {processor.py:157} INFO - Started process (PID=461) to work on /home/airflow/.local/lib/python3.7/site-packages/airflow/example_dags/example_branch_operator.py
[2024-03-30T08:24:27.379+0000] {processor.py:826} INFO - Processing file /home/airflow/.local/lib/python3.7/site-packages/airflow/example_dags/example_branch_operator.py for tasks to queue
[2024-03-30T08:24:27.379+0000] {logging_mixin.py:149} INFO - [2024-03-30T08:24:27.379+0000] {dagbag.py:541} INFO - Filling up the DagBag from /home/airflow/.local/lib/python3.7/site-packages/airflow/example_dags/example_branch_operator.py
[2024-03-30T08:24:27.387+0000] {processor.py:836} INFO - DAG(s) dict_keys(['example_branch_operator']) retrieved from /home/airflow/.local/lib/python3.7/site-packages/airflow/example_dags/example_branch_operator.py
[2024-03-30T08:24:27.434+0000] {logging_mixin.py:149} INFO - [2024-03-30T08:24:27.434+0000] {dag.py:2726} INFO - Sync 1 DAGs
[2024-03-30T08:24:27.516+0000] {logging_mixin.py:149} INFO - [2024-03-30T08:24:27.516+0000] {dag.py:3490} INFO - Setting next_dagrun for example_branch_operator to 2024-03-29T00:00:00+00:00, run_after=2024-03-30T00:00:00+00:00
[2024-03-30T08:24:27.566+0000] {processor.py:179} INFO - Processing /home/airflow/.local/lib/python3.7/site-packages/airflow/example_dags/example_branch_operator.py took 0.193 seconds
[2024-03-30T08:24:57.851+0000] {processor.py:157} INFO - Started process (PID=522) to work on /home/airflow/.local/lib/python3.7/site-packages/airflow/example_dags/example_branch_operator.py
[2024-03-30T08:24:57.852+0000] {processor.py:826} INFO - Processing file /home/airflow/.local/lib/python3.7/site-packages/airflow/example_dags/example_branch_operator.py for tasks to queue
[2024-03-30T08:24:57.853+0000] {logging_mixin.py:149} INFO - [2024-03-30T08:24:57.853+0000] {dagbag.py:541} INFO - Filling up the DagBag from /home/airflow/.local/lib/python3.7/site-packages/airflow/example_dags/example_branch_operator.py
[2024-03-30T08:24:57.862+0000] {processor.py:836} INFO - DAG(s) dict_keys(['example_branch_operator']) retrieved from /home/airflow/.local/lib/python3.7/site-packages/airflow/example_dags/example_branch_operator.py
[2024-03-30T08:24:57.915+0000] {logging_mixin.py:149} INFO - [2024-03-30T08:24:57.915+0000] {dag.py:2726} INFO - Sync 1 DAGs
[2024-03-30T08:24:57.949+0000] {logging_mixin.py:149} INFO - [2024-03-30T08:24:57.949+0000] {dag.py:3490} INFO - Setting next_dagrun for example_branch_operator to 2024-03-29T00:00:00+00:00, run_after=2024-03-30T00:00:00+00:00
[2024-03-30T08:24:57.986+0000] {processor.py:179} INFO - Processing /home/airflow/.local/lib/python3.7/site-packages/airflow/example_dags/example_branch_operator.py took 0.139 seconds
[2024-03-30T08:25:28.189+0000] {processor.py:157} INFO - Started process (PID=583) to work on /home/airflow/.local/lib/python3.7/site-packages/airflow/example_dags/example_branch_operator.py
[2024-03-30T08:25:28.190+0000] {processor.py:826} INFO - Processing file /home/airflow/.local/lib/python3.7/site-packages/airflow/example_dags/example_branch_operator.py for tasks to queue
[2024-03-30T08:25:28.190+0000] {logging_mixin.py:149} INFO - [2024-03-30T08:25:28.190+0000] {dagbag.py:541} INFO - Filling up the DagBag from /home/airflow/.local/lib/python3.7/site-packages/airflow/example_dags/example_branch_operator.py
[2024-03-30T08:25:28.199+0000] {processor.py:836} INFO - DAG(s) dict_keys(['example_branch_operator']) retrieved from /home/airflow/.local/lib/python3.7/site-packages/airflow/example_dags/example_branch_operator.py
[2024-03-30T08:25:28.241+0000] {logging_mixin.py:149} INFO - [2024-03-30T08:25:28.241+0000] {dag.py:2726} INFO - Sync 1 DAGs
[2024-03-30T08:25:28.323+0000] {logging_mixin.py:149} INFO - [2024-03-30T08:25:28.322+0000] {dag.py:3490} INFO - Setting next_dagrun for example_branch_operator to 2024-03-29T00:00:00+00:00, run_after=2024-03-30T00:00:00+00:00
[2024-03-30T08:25:28.362+0000] {processor.py:179} INFO - Processing /home/airflow/.local/lib/python3.7/site-packages/airflow/example_dags/example_branch_operator.py took 0.176 seconds
[2024-03-30T08:25:58.531+0000] {processor.py:157} INFO - Started process (PID=646) to work on /home/airflow/.local/lib/python3.7/site-packages/airflow/example_dags/example_branch_operator.py
[2024-03-30T08:25:58.533+0000] {processor.py:826} INFO - Processing file /home/airflow/.local/lib/python3.7/site-packages/airflow/example_dags/example_branch_operator.py for tasks to queue
[2024-03-30T08:25:58.533+0000] {logging_mixin.py:149} INFO - [2024-03-30T08:25:58.533+0000] {dagbag.py:541} INFO - Filling up the DagBag from /home/airflow/.local/lib/python3.7/site-packages/airflow/example_dags/example_branch_operator.py
[2024-03-30T08:25:58.544+0000] {processor.py:836} INFO - DAG(s) dict_keys(['example_branch_operator']) retrieved from /home/airflow/.local/lib/python3.7/site-packages/airflow/example_dags/example_branch_operator.py
[2024-03-30T08:25:58.593+0000] {logging_mixin.py:149} INFO - [2024-03-30T08:25:58.593+0000] {dag.py:2726} INFO - Sync 1 DAGs
[2024-03-30T08:25:58.625+0000] {logging_mixin.py:149} INFO - [2024-03-30T08:25:58.625+0000] {dag.py:3490} INFO - Setting next_dagrun for example_branch_operator to 2024-03-29T00:00:00+00:00, run_after=2024-03-30T00:00:00+00:00
[2024-03-30T08:25:58.667+0000] {processor.py:179} INFO - Processing /home/airflow/.local/lib/python3.7/site-packages/airflow/example_dags/example_branch_operator.py took 0.138 seconds
[2024-03-30T08:26:28.987+0000] {processor.py:157} INFO - Started process (PID=707) to work on /home/airflow/.local/lib/python3.7/site-packages/airflow/example_dags/example_branch_operator.py
[2024-03-30T08:26:28.988+0000] {processor.py:826} INFO - Processing file /home/airflow/.local/lib/python3.7/site-packages/airflow/example_dags/example_branch_operator.py for tasks to queue
[2024-03-30T08:26:28.989+0000] {logging_mixin.py:149} INFO - [2024-03-30T08:26:28.988+0000] {dagbag.py:541} INFO - Filling up the DagBag from /home/airflow/.local/lib/python3.7/site-packages/airflow/example_dags/example_branch_operator.py
[2024-03-30T08:26:28.998+0000] {processor.py:836} INFO - DAG(s) dict_keys(['example_branch_operator']) retrieved from /home/airflow/.local/lib/python3.7/site-packages/airflow/example_dags/example_branch_operator.py
[2024-03-30T08:26:29.053+0000] {logging_mixin.py:149} INFO - [2024-03-30T08:26:29.052+0000] {dag.py:2726} INFO - Sync 1 DAGs
[2024-03-30T08:26:29.089+0000] {logging_mixin.py:149} INFO - [2024-03-30T08:26:29.089+0000] {dag.py:3490} INFO - Setting next_dagrun for example_branch_operator to 2024-03-29T00:00:00+00:00, run_after=2024-03-30T00:00:00+00:00
[2024-03-30T08:26:29.130+0000] {processor.py:179} INFO - Processing /home/airflow/.local/lib/python3.7/site-packages/airflow/example_dags/example_branch_operator.py took 0.146 seconds
[2024-03-30T08:26:59.190+0000] {processor.py:157} INFO - Started process (PID=768) to work on /home/airflow/.local/lib/python3.7/site-packages/airflow/example_dags/example_branch_operator.py
[2024-03-30T08:26:59.191+0000] {processor.py:826} INFO - Processing file /home/airflow/.local/lib/python3.7/site-packages/airflow/example_dags/example_branch_operator.py for tasks to queue
[2024-03-30T08:26:59.191+0000] {logging_mixin.py:149} INFO - [2024-03-30T08:26:59.191+0000] {dagbag.py:541} INFO - Filling up the DagBag from /home/airflow/.local/lib/python3.7/site-packages/airflow/example_dags/example_branch_operator.py
[2024-03-30T08:26:59.200+0000] {processor.py:836} INFO - DAG(s) dict_keys(['example_branch_operator']) retrieved from /home/airflow/.local/lib/python3.7/site-packages/airflow/example_dags/example_branch_operator.py
[2024-03-30T08:26:59.242+0000] {logging_mixin.py:149} INFO - [2024-03-30T08:26:59.242+0000] {dag.py:2726} INFO - Sync 1 DAGs
[2024-03-30T08:26:59.320+0000] {logging_mixin.py:149} INFO - [2024-03-30T08:26:59.319+0000] {dag.py:3490} INFO - Setting next_dagrun for example_branch_operator to 2024-03-29T00:00:00+00:00, run_after=2024-03-30T00:00:00+00:00
[2024-03-30T08:26:59.363+0000] {processor.py:179} INFO - Processing /home/airflow/.local/lib/python3.7/site-packages/airflow/example_dags/example_branch_operator.py took 0.176 seconds
[2024-03-30T08:27:29.505+0000] {processor.py:157} INFO - Started process (PID=828) to work on /home/airflow/.local/lib/python3.7/site-packages/airflow/example_dags/example_branch_operator.py
[2024-03-30T08:27:29.506+0000] {processor.py:826} INFO - Processing file /home/airflow/.local/lib/python3.7/site-packages/airflow/example_dags/example_branch_operator.py for tasks to queue
[2024-03-30T08:27:29.506+0000] {logging_mixin.py:149} INFO - [2024-03-30T08:27:29.506+0000] {dagbag.py:541} INFO - Filling up the DagBag from /home/airflow/.local/lib/python3.7/site-packages/airflow/example_dags/example_branch_operator.py
[2024-03-30T08:27:29.515+0000] {processor.py:836} INFO - DAG(s) dict_keys(['example_branch_operator']) retrieved from /home/airflow/.local/lib/python3.7/site-packages/airflow/example_dags/example_branch_operator.py
[2024-03-30T08:27:29.557+0000] {logging_mixin.py:149} INFO - [2024-03-30T08:27:29.557+0000] {dag.py:2726} INFO - Sync 1 DAGs
[2024-03-30T08:27:29.636+0000] {logging_mixin.py:149} INFO - [2024-03-30T08:27:29.636+0000] {dag.py:3490} INFO - Setting next_dagrun for example_branch_operator to 2024-03-29T00:00:00+00:00, run_after=2024-03-30T00:00:00+00:00
[2024-03-30T08:27:29.677+0000] {processor.py:179} INFO - Processing /home/airflow/.local/lib/python3.7/site-packages/airflow/example_dags/example_branch_operator.py took 0.175 seconds
[2024-03-30T08:27:59.877+0000] {processor.py:157} INFO - Started process (PID=889) to work on /home/airflow/.local/lib/python3.7/site-packages/airflow/example_dags/example_branch_operator.py
[2024-03-30T08:27:59.879+0000] {processor.py:826} INFO - Processing file /home/airflow/.local/lib/python3.7/site-packages/airflow/example_dags/example_branch_operator.py for tasks to queue
[2024-03-30T08:27:59.881+0000] {logging_mixin.py:149} INFO - [2024-03-30T08:27:59.881+0000] {dagbag.py:541} INFO - Filling up the DagBag from /home/airflow/.local/lib/python3.7/site-packages/airflow/example_dags/example_branch_operator.py
[2024-03-30T08:27:59.891+0000] {processor.py:836} INFO - DAG(s) dict_keys(['example_branch_operator']) retrieved from /home/airflow/.local/lib/python3.7/site-packages/airflow/example_dags/example_branch_operator.py
[2024-03-30T08:27:59.940+0000] {logging_mixin.py:149} INFO - [2024-03-30T08:27:59.939+0000] {dag.py:2726} INFO - Sync 1 DAGs
[2024-03-30T08:27:59.973+0000] {logging_mixin.py:149} INFO - [2024-03-30T08:27:59.972+0000] {dag.py:3490} INFO - Setting next_dagrun for example_branch_operator to 2024-03-29T00:00:00+00:00, run_after=2024-03-30T00:00:00+00:00
[2024-03-30T08:28:00.013+0000] {processor.py:179} INFO - Processing /home/airflow/.local/lib/python3.7/site-packages/airflow/example_dags/example_branch_operator.py took 0.140 seconds
[2024-03-30T08:28:30.431+0000] {processor.py:157} INFO - Started process (PID=949) to work on /home/airflow/.local/lib/python3.7/site-packages/airflow/example_dags/example_branch_operator.py
[2024-03-30T08:28:30.432+0000] {processor.py:826} INFO - Processing file /home/airflow/.local/lib/python3.7/site-packages/airflow/example_dags/example_branch_operator.py for tasks to queue
[2024-03-30T08:28:30.433+0000] {logging_mixin.py:149} INFO - [2024-03-30T08:28:30.433+0000] {dagbag.py:541} INFO - Filling up the DagBag from /home/airflow/.local/lib/python3.7/site-packages/airflow/example_dags/example_branch_operator.py
[2024-03-30T08:28:30.444+0000] {processor.py:836} INFO - DAG(s) dict_keys(['example_branch_operator']) retrieved from /home/airflow/.local/lib/python3.7/site-packages/airflow/example_dags/example_branch_operator.py
[2024-03-30T08:28:30.487+0000] {logging_mixin.py:149} INFO - [2024-03-30T08:28:30.487+0000] {dag.py:2726} INFO - Sync 1 DAGs
[2024-03-30T08:28:30.524+0000] {logging_mixin.py:149} INFO - [2024-03-30T08:28:30.524+0000] {dag.py:3490} INFO - Setting next_dagrun for example_branch_operator to 2024-03-29T00:00:00+00:00, run_after=2024-03-30T00:00:00+00:00
[2024-03-30T08:28:30.576+0000] {processor.py:179} INFO - Processing /home/airflow/.local/lib/python3.7/site-packages/airflow/example_dags/example_branch_operator.py took 0.149 seconds
