[2024-03-30T06:15:33.141+0000] {processor.py:157} INFO - Started process (PID=50) to work on /home/airflow/.local/lib/python3.7/site-packages/airflow/example_dags/example_skip_dag.py
[2024-03-30T06:15:33.142+0000] {processor.py:826} INFO - Processing file /home/airflow/.local/lib/python3.7/site-packages/airflow/example_dags/example_skip_dag.py for tasks to queue
[2024-03-30T06:15:33.143+0000] {logging_mixin.py:149} INFO - [2024-03-30T06:15:33.142+0000] {dagbag.py:541} INFO - Filling up the DagBag from /home/airflow/.local/lib/python3.7/site-packages/airflow/example_dags/example_skip_dag.py
[2024-03-30T06:15:33.155+0000] {processor.py:836} INFO - DAG(s) dict_keys(['example_skip_dag']) retrieved from /home/airflow/.local/lib/python3.7/site-packages/airflow/example_dags/example_skip_dag.py
[2024-03-30T06:15:33.191+0000] {logging_mixin.py:149} INFO - [2024-03-30T06:15:33.190+0000] {dag.py:2726} INFO - Sync 1 DAGs
[2024-03-30T06:15:33.235+0000] {logging_mixin.py:149} INFO - [2024-03-30T06:15:33.235+0000] {dag.py:3490} INFO - Setting next_dagrun for example_skip_dag to 2024-03-29T06:15:33.234922+00:00, run_after=2024-03-30T06:15:33.234922+00:00
[2024-03-30T06:15:33.284+0000] {processor.py:179} INFO - Processing /home/airflow/.local/lib/python3.7/site-packages/airflow/example_dags/example_skip_dag.py took 0.147 seconds
[2024-03-30T06:16:03.563+0000] {processor.py:157} INFO - Started process (PID=108) to work on /home/airflow/.local/lib/python3.7/site-packages/airflow/example_dags/example_skip_dag.py
[2024-03-30T06:16:03.564+0000] {processor.py:826} INFO - Processing file /home/airflow/.local/lib/python3.7/site-packages/airflow/example_dags/example_skip_dag.py for tasks to queue
[2024-03-30T06:16:03.564+0000] {logging_mixin.py:149} INFO - [2024-03-30T06:16:03.564+0000] {dagbag.py:541} INFO - Filling up the DagBag from /home/airflow/.local/lib/python3.7/site-packages/airflow/example_dags/example_skip_dag.py
[2024-03-30T06:16:03.571+0000] {processor.py:836} INFO - DAG(s) dict_keys(['example_skip_dag']) retrieved from /home/airflow/.local/lib/python3.7/site-packages/airflow/example_dags/example_skip_dag.py
[2024-03-30T06:16:03.608+0000] {logging_mixin.py:149} INFO - [2024-03-30T06:16:03.608+0000] {dag.py:2726} INFO - Sync 1 DAGs
[2024-03-30T06:16:03.634+0000] {logging_mixin.py:149} INFO - [2024-03-30T06:16:03.633+0000] {dag.py:3490} INFO - Setting next_dagrun for example_skip_dag to 2024-03-29T06:16:03.633622+00:00, run_after=2024-03-30T06:16:03.633622+00:00
[2024-03-30T06:16:03.666+0000] {processor.py:179} INFO - Processing /home/airflow/.local/lib/python3.7/site-packages/airflow/example_dags/example_skip_dag.py took 0.106 seconds
[2024-03-30T06:16:34.340+0000] {processor.py:157} INFO - Started process (PID=168) to work on /home/airflow/.local/lib/python3.7/site-packages/airflow/example_dags/example_skip_dag.py
[2024-03-30T06:16:34.342+0000] {processor.py:826} INFO - Processing file /home/airflow/.local/lib/python3.7/site-packages/airflow/example_dags/example_skip_dag.py for tasks to queue
[2024-03-30T06:16:34.342+0000] {logging_mixin.py:149} INFO - [2024-03-30T06:16:34.342+0000] {dagbag.py:541} INFO - Filling up the DagBag from /home/airflow/.local/lib/python3.7/site-packages/airflow/example_dags/example_skip_dag.py
[2024-03-30T06:16:34.348+0000] {processor.py:836} INFO - DAG(s) dict_keys(['example_skip_dag']) retrieved from /home/airflow/.local/lib/python3.7/site-packages/airflow/example_dags/example_skip_dag.py
[2024-03-30T06:16:34.384+0000] {logging_mixin.py:149} INFO - [2024-03-30T06:16:34.384+0000] {dag.py:2726} INFO - Sync 1 DAGs
[2024-03-30T06:16:34.412+0000] {logging_mixin.py:149} INFO - [2024-03-30T06:16:34.412+0000] {dag.py:3490} INFO - Setting next_dagrun for example_skip_dag to 2024-03-29T06:16:34.411751+00:00, run_after=2024-03-30T06:16:34.411751+00:00
[2024-03-30T06:16:34.447+0000] {processor.py:179} INFO - Processing /home/airflow/.local/lib/python3.7/site-packages/airflow/example_dags/example_skip_dag.py took 0.110 seconds
[2024-03-30T06:17:04.606+0000] {processor.py:157} INFO - Started process (PID=228) to work on /home/airflow/.local/lib/python3.7/site-packages/airflow/example_dags/example_skip_dag.py
[2024-03-30T06:17:04.607+0000] {processor.py:826} INFO - Processing file /home/airflow/.local/lib/python3.7/site-packages/airflow/example_dags/example_skip_dag.py for tasks to queue
[2024-03-30T06:17:04.608+0000] {logging_mixin.py:149} INFO - [2024-03-30T06:17:04.608+0000] {dagbag.py:541} INFO - Filling up the DagBag from /home/airflow/.local/lib/python3.7/site-packages/airflow/example_dags/example_skip_dag.py
[2024-03-30T06:17:04.615+0000] {processor.py:836} INFO - DAG(s) dict_keys(['example_skip_dag']) retrieved from /home/airflow/.local/lib/python3.7/site-packages/airflow/example_dags/example_skip_dag.py
[2024-03-30T06:17:04.651+0000] {logging_mixin.py:149} INFO - [2024-03-30T06:17:04.651+0000] {dag.py:2726} INFO - Sync 1 DAGs
[2024-03-30T06:17:04.679+0000] {logging_mixin.py:149} INFO - [2024-03-30T06:17:04.678+0000] {dag.py:3490} INFO - Setting next_dagrun for example_skip_dag to 2024-03-29T06:17:04.678660+00:00, run_after=2024-03-30T06:17:04.678660+00:00
[2024-03-30T06:17:04.717+0000] {processor.py:179} INFO - Processing /home/airflow/.local/lib/python3.7/site-packages/airflow/example_dags/example_skip_dag.py took 0.113 seconds
[2024-03-30T06:17:35.006+0000] {processor.py:157} INFO - Started process (PID=288) to work on /home/airflow/.local/lib/python3.7/site-packages/airflow/example_dags/example_skip_dag.py
[2024-03-30T06:17:35.007+0000] {processor.py:826} INFO - Processing file /home/airflow/.local/lib/python3.7/site-packages/airflow/example_dags/example_skip_dag.py for tasks to queue
[2024-03-30T06:17:35.007+0000] {logging_mixin.py:149} INFO - [2024-03-30T06:17:35.007+0000] {dagbag.py:541} INFO - Filling up the DagBag from /home/airflow/.local/lib/python3.7/site-packages/airflow/example_dags/example_skip_dag.py
[2024-03-30T06:17:35.015+0000] {processor.py:836} INFO - DAG(s) dict_keys(['example_skip_dag']) retrieved from /home/airflow/.local/lib/python3.7/site-packages/airflow/example_dags/example_skip_dag.py
[2024-03-30T06:17:35.055+0000] {logging_mixin.py:149} INFO - [2024-03-30T06:17:35.054+0000] {dag.py:2726} INFO - Sync 1 DAGs
[2024-03-30T06:17:35.082+0000] {logging_mixin.py:149} INFO - [2024-03-30T06:17:35.081+0000] {dag.py:3490} INFO - Setting next_dagrun for example_skip_dag to 2024-03-29T06:17:35.081564+00:00, run_after=2024-03-30T06:17:35.081564+00:00
[2024-03-30T06:17:35.114+0000] {processor.py:179} INFO - Processing /home/airflow/.local/lib/python3.7/site-packages/airflow/example_dags/example_skip_dag.py took 0.112 seconds
[2024-03-30T06:18:05.433+0000] {processor.py:157} INFO - Started process (PID=348) to work on /home/airflow/.local/lib/python3.7/site-packages/airflow/example_dags/example_skip_dag.py
[2024-03-30T06:18:05.434+0000] {processor.py:826} INFO - Processing file /home/airflow/.local/lib/python3.7/site-packages/airflow/example_dags/example_skip_dag.py for tasks to queue
[2024-03-30T06:18:05.434+0000] {logging_mixin.py:149} INFO - [2024-03-30T06:18:05.434+0000] {dagbag.py:541} INFO - Filling up the DagBag from /home/airflow/.local/lib/python3.7/site-packages/airflow/example_dags/example_skip_dag.py
[2024-03-30T06:18:05.442+0000] {processor.py:836} INFO - DAG(s) dict_keys(['example_skip_dag']) retrieved from /home/airflow/.local/lib/python3.7/site-packages/airflow/example_dags/example_skip_dag.py
[2024-03-30T06:18:05.478+0000] {logging_mixin.py:149} INFO - [2024-03-30T06:18:05.478+0000] {dag.py:2726} INFO - Sync 1 DAGs
[2024-03-30T06:18:05.504+0000] {logging_mixin.py:149} INFO - [2024-03-30T06:18:05.504+0000] {dag.py:3490} INFO - Setting next_dagrun for example_skip_dag to 2024-03-29T06:18:05.504379+00:00, run_after=2024-03-30T06:18:05.504379+00:00
[2024-03-30T06:18:05.542+0000] {processor.py:179} INFO - Processing /home/airflow/.local/lib/python3.7/site-packages/airflow/example_dags/example_skip_dag.py took 0.112 seconds
[2024-03-30T06:18:36.063+0000] {processor.py:157} INFO - Started process (PID=409) to work on /home/airflow/.local/lib/python3.7/site-packages/airflow/example_dags/example_skip_dag.py
[2024-03-30T06:18:36.064+0000] {processor.py:826} INFO - Processing file /home/airflow/.local/lib/python3.7/site-packages/airflow/example_dags/example_skip_dag.py for tasks to queue
[2024-03-30T06:18:36.064+0000] {logging_mixin.py:149} INFO - [2024-03-30T06:18:36.064+0000] {dagbag.py:541} INFO - Filling up the DagBag from /home/airflow/.local/lib/python3.7/site-packages/airflow/example_dags/example_skip_dag.py
[2024-03-30T06:18:36.072+0000] {processor.py:836} INFO - DAG(s) dict_keys(['example_skip_dag']) retrieved from /home/airflow/.local/lib/python3.7/site-packages/airflow/example_dags/example_skip_dag.py
[2024-03-30T06:18:36.113+0000] {logging_mixin.py:149} INFO - [2024-03-30T06:18:36.113+0000] {dag.py:2726} INFO - Sync 1 DAGs
[2024-03-30T06:18:36.141+0000] {logging_mixin.py:149} INFO - [2024-03-30T06:18:36.141+0000] {dag.py:3490} INFO - Setting next_dagrun for example_skip_dag to 2024-03-29T06:18:36.141298+00:00, run_after=2024-03-30T06:18:36.141298+00:00
[2024-03-30T06:18:36.183+0000] {processor.py:179} INFO - Processing /home/airflow/.local/lib/python3.7/site-packages/airflow/example_dags/example_skip_dag.py took 0.123 seconds
[2024-03-30T06:19:06.384+0000] {processor.py:157} INFO - Started process (PID=469) to work on /home/airflow/.local/lib/python3.7/site-packages/airflow/example_dags/example_skip_dag.py
[2024-03-30T06:19:06.385+0000] {processor.py:826} INFO - Processing file /home/airflow/.local/lib/python3.7/site-packages/airflow/example_dags/example_skip_dag.py for tasks to queue
[2024-03-30T06:19:06.385+0000] {logging_mixin.py:149} INFO - [2024-03-30T06:19:06.385+0000] {dagbag.py:541} INFO - Filling up the DagBag from /home/airflow/.local/lib/python3.7/site-packages/airflow/example_dags/example_skip_dag.py
[2024-03-30T06:19:06.391+0000] {processor.py:836} INFO - DAG(s) dict_keys(['example_skip_dag']) retrieved from /home/airflow/.local/lib/python3.7/site-packages/airflow/example_dags/example_skip_dag.py
[2024-03-30T06:19:06.427+0000] {logging_mixin.py:149} INFO - [2024-03-30T06:19:06.427+0000] {dag.py:2726} INFO - Sync 1 DAGs
[2024-03-30T06:19:06.457+0000] {logging_mixin.py:149} INFO - [2024-03-30T06:19:06.456+0000] {dag.py:3490} INFO - Setting next_dagrun for example_skip_dag to 2024-03-29T06:19:06.456673+00:00, run_after=2024-03-30T06:19:06.456673+00:00
[2024-03-30T06:19:06.494+0000] {processor.py:179} INFO - Processing /home/airflow/.local/lib/python3.7/site-packages/airflow/example_dags/example_skip_dag.py took 0.113 seconds
[2024-03-30T06:19:37.407+0000] {processor.py:157} INFO - Started process (PID=529) to work on /home/airflow/.local/lib/python3.7/site-packages/airflow/example_dags/example_skip_dag.py
[2024-03-30T06:19:37.408+0000] {processor.py:826} INFO - Processing file /home/airflow/.local/lib/python3.7/site-packages/airflow/example_dags/example_skip_dag.py for tasks to queue
[2024-03-30T06:19:37.408+0000] {logging_mixin.py:149} INFO - [2024-03-30T06:19:37.408+0000] {dagbag.py:541} INFO - Filling up the DagBag from /home/airflow/.local/lib/python3.7/site-packages/airflow/example_dags/example_skip_dag.py
[2024-03-30T06:19:37.415+0000] {processor.py:836} INFO - DAG(s) dict_keys(['example_skip_dag']) retrieved from /home/airflow/.local/lib/python3.7/site-packages/airflow/example_dags/example_skip_dag.py
[2024-03-30T06:19:37.453+0000] {logging_mixin.py:149} INFO - [2024-03-30T06:19:37.453+0000] {dag.py:2726} INFO - Sync 1 DAGs
[2024-03-30T06:19:37.484+0000] {logging_mixin.py:149} INFO - [2024-03-30T06:19:37.484+0000] {dag.py:3490} INFO - Setting next_dagrun for example_skip_dag to 2024-03-29T06:19:37.484020+00:00, run_after=2024-03-30T06:19:37.484020+00:00
[2024-03-30T06:19:37.550+0000] {processor.py:179} INFO - Processing /home/airflow/.local/lib/python3.7/site-packages/airflow/example_dags/example_skip_dag.py took 0.147 seconds
[2024-03-30T06:20:08.428+0000] {processor.py:157} INFO - Started process (PID=589) to work on /home/airflow/.local/lib/python3.7/site-packages/airflow/example_dags/example_skip_dag.py
[2024-03-30T06:20:08.429+0000] {processor.py:826} INFO - Processing file /home/airflow/.local/lib/python3.7/site-packages/airflow/example_dags/example_skip_dag.py for tasks to queue
[2024-03-30T06:20:08.431+0000] {logging_mixin.py:149} INFO - [2024-03-30T06:20:08.430+0000] {dagbag.py:541} INFO - Filling up the DagBag from /home/airflow/.local/lib/python3.7/site-packages/airflow/example_dags/example_skip_dag.py
[2024-03-30T06:20:08.439+0000] {processor.py:836} INFO - DAG(s) dict_keys(['example_skip_dag']) retrieved from /home/airflow/.local/lib/python3.7/site-packages/airflow/example_dags/example_skip_dag.py
[2024-03-30T06:20:08.475+0000] {logging_mixin.py:149} INFO - [2024-03-30T06:20:08.475+0000] {dag.py:2726} INFO - Sync 1 DAGs
[2024-03-30T06:20:08.501+0000] {logging_mixin.py:149} INFO - [2024-03-30T06:20:08.501+0000] {dag.py:3490} INFO - Setting next_dagrun for example_skip_dag to 2024-03-29T06:20:08.501231+00:00, run_after=2024-03-30T06:20:08.501231+00:00
[2024-03-30T06:20:08.536+0000] {processor.py:179} INFO - Processing /home/airflow/.local/lib/python3.7/site-packages/airflow/example_dags/example_skip_dag.py took 0.113 seconds
[2024-03-30T06:20:39.065+0000] {processor.py:157} INFO - Started process (PID=650) to work on /home/airflow/.local/lib/python3.7/site-packages/airflow/example_dags/example_skip_dag.py
[2024-03-30T06:20:39.066+0000] {processor.py:826} INFO - Processing file /home/airflow/.local/lib/python3.7/site-packages/airflow/example_dags/example_skip_dag.py for tasks to queue
[2024-03-30T06:20:39.067+0000] {logging_mixin.py:149} INFO - [2024-03-30T06:20:39.067+0000] {dagbag.py:541} INFO - Filling up the DagBag from /home/airflow/.local/lib/python3.7/site-packages/airflow/example_dags/example_skip_dag.py
[2024-03-30T06:20:39.074+0000] {processor.py:836} INFO - DAG(s) dict_keys(['example_skip_dag']) retrieved from /home/airflow/.local/lib/python3.7/site-packages/airflow/example_dags/example_skip_dag.py
[2024-03-30T06:20:39.110+0000] {logging_mixin.py:149} INFO - [2024-03-30T06:20:39.109+0000] {dag.py:2726} INFO - Sync 1 DAGs
[2024-03-30T06:20:39.135+0000] {logging_mixin.py:149} INFO - [2024-03-30T06:20:39.134+0000] {dag.py:3490} INFO - Setting next_dagrun for example_skip_dag to 2024-03-29T06:20:39.134565+00:00, run_after=2024-03-30T06:20:39.134565+00:00
[2024-03-30T06:20:39.168+0000] {processor.py:179} INFO - Processing /home/airflow/.local/lib/python3.7/site-packages/airflow/example_dags/example_skip_dag.py took 0.106 seconds
[2024-03-30T06:21:10.016+0000] {processor.py:157} INFO - Started process (PID=711) to work on /home/airflow/.local/lib/python3.7/site-packages/airflow/example_dags/example_skip_dag.py
[2024-03-30T06:21:10.016+0000] {processor.py:826} INFO - Processing file /home/airflow/.local/lib/python3.7/site-packages/airflow/example_dags/example_skip_dag.py for tasks to queue
[2024-03-30T06:21:10.017+0000] {logging_mixin.py:149} INFO - [2024-03-30T06:21:10.017+0000] {dagbag.py:541} INFO - Filling up the DagBag from /home/airflow/.local/lib/python3.7/site-packages/airflow/example_dags/example_skip_dag.py
[2024-03-30T06:21:10.023+0000] {processor.py:836} INFO - DAG(s) dict_keys(['example_skip_dag']) retrieved from /home/airflow/.local/lib/python3.7/site-packages/airflow/example_dags/example_skip_dag.py
[2024-03-30T06:21:10.058+0000] {logging_mixin.py:149} INFO - [2024-03-30T06:21:10.058+0000] {dag.py:2726} INFO - Sync 1 DAGs
[2024-03-30T06:21:10.082+0000] {logging_mixin.py:149} INFO - [2024-03-30T06:21:10.082+0000] {dag.py:3490} INFO - Setting next_dagrun for example_skip_dag to 2024-03-29T06:21:10.081801+00:00, run_after=2024-03-30T06:21:10.081801+00:00
[2024-03-30T06:21:10.112+0000] {processor.py:179} INFO - Processing /home/airflow/.local/lib/python3.7/site-packages/airflow/example_dags/example_skip_dag.py took 0.099 seconds
[2024-03-30T06:21:41.004+0000] {processor.py:157} INFO - Started process (PID=772) to work on /home/airflow/.local/lib/python3.7/site-packages/airflow/example_dags/example_skip_dag.py
[2024-03-30T06:21:41.005+0000] {processor.py:826} INFO - Processing file /home/airflow/.local/lib/python3.7/site-packages/airflow/example_dags/example_skip_dag.py for tasks to queue
[2024-03-30T06:21:41.006+0000] {logging_mixin.py:149} INFO - [2024-03-30T06:21:41.006+0000] {dagbag.py:541} INFO - Filling up the DagBag from /home/airflow/.local/lib/python3.7/site-packages/airflow/example_dags/example_skip_dag.py
[2024-03-30T06:21:41.012+0000] {processor.py:836} INFO - DAG(s) dict_keys(['example_skip_dag']) retrieved from /home/airflow/.local/lib/python3.7/site-packages/airflow/example_dags/example_skip_dag.py
[2024-03-30T06:21:41.053+0000] {logging_mixin.py:149} INFO - [2024-03-30T06:21:41.052+0000] {dag.py:2726} INFO - Sync 1 DAGs
[2024-03-30T06:21:41.130+0000] {logging_mixin.py:149} INFO - [2024-03-30T06:21:41.130+0000] {dag.py:3490} INFO - Setting next_dagrun for example_skip_dag to 2024-03-29T06:21:41.130079+00:00, run_after=2024-03-30T06:21:41.130079+00:00
[2024-03-30T06:21:41.160+0000] {processor.py:179} INFO - Processing /home/airflow/.local/lib/python3.7/site-packages/airflow/example_dags/example_skip_dag.py took 0.160 seconds
[2024-03-30T06:22:11.895+0000] {processor.py:157} INFO - Started process (PID=833) to work on /home/airflow/.local/lib/python3.7/site-packages/airflow/example_dags/example_skip_dag.py
[2024-03-30T06:22:11.895+0000] {processor.py:826} INFO - Processing file /home/airflow/.local/lib/python3.7/site-packages/airflow/example_dags/example_skip_dag.py for tasks to queue
[2024-03-30T06:22:11.896+0000] {logging_mixin.py:149} INFO - [2024-03-30T06:22:11.896+0000] {dagbag.py:541} INFO - Filling up the DagBag from /home/airflow/.local/lib/python3.7/site-packages/airflow/example_dags/example_skip_dag.py
[2024-03-30T06:22:11.903+0000] {processor.py:836} INFO - DAG(s) dict_keys(['example_skip_dag']) retrieved from /home/airflow/.local/lib/python3.7/site-packages/airflow/example_dags/example_skip_dag.py
[2024-03-30T06:22:11.940+0000] {logging_mixin.py:149} INFO - [2024-03-30T06:22:11.940+0000] {dag.py:2726} INFO - Sync 1 DAGs
[2024-03-30T06:22:11.972+0000] {logging_mixin.py:149} INFO - [2024-03-30T06:22:11.971+0000] {dag.py:3490} INFO - Setting next_dagrun for example_skip_dag to 2024-03-29T06:22:11.971704+00:00, run_after=2024-03-30T06:22:11.971704+00:00
[2024-03-30T06:22:12.007+0000] {processor.py:179} INFO - Processing /home/airflow/.local/lib/python3.7/site-packages/airflow/example_dags/example_skip_dag.py took 0.115 seconds
[2024-03-30T06:22:42.492+0000] {processor.py:157} INFO - Started process (PID=895) to work on /home/airflow/.local/lib/python3.7/site-packages/airflow/example_dags/example_skip_dag.py
[2024-03-30T06:22:42.493+0000] {processor.py:826} INFO - Processing file /home/airflow/.local/lib/python3.7/site-packages/airflow/example_dags/example_skip_dag.py for tasks to queue
[2024-03-30T06:22:42.493+0000] {logging_mixin.py:149} INFO - [2024-03-30T06:22:42.493+0000] {dagbag.py:541} INFO - Filling up the DagBag from /home/airflow/.local/lib/python3.7/site-packages/airflow/example_dags/example_skip_dag.py
[2024-03-30T06:22:42.499+0000] {processor.py:836} INFO - DAG(s) dict_keys(['example_skip_dag']) retrieved from /home/airflow/.local/lib/python3.7/site-packages/airflow/example_dags/example_skip_dag.py
[2024-03-30T06:22:42.533+0000] {logging_mixin.py:149} INFO - [2024-03-30T06:22:42.533+0000] {dag.py:2726} INFO - Sync 1 DAGs
[2024-03-30T06:22:42.557+0000] {logging_mixin.py:149} INFO - [2024-03-30T06:22:42.557+0000] {dag.py:3490} INFO - Setting next_dagrun for example_skip_dag to 2024-03-29T06:22:42.556890+00:00, run_after=2024-03-30T06:22:42.556890+00:00
[2024-03-30T06:22:42.586+0000] {processor.py:179} INFO - Processing /home/airflow/.local/lib/python3.7/site-packages/airflow/example_dags/example_skip_dag.py took 0.097 seconds
[2024-03-30T06:23:12.914+0000] {processor.py:157} INFO - Started process (PID=956) to work on /home/airflow/.local/lib/python3.7/site-packages/airflow/example_dags/example_skip_dag.py
[2024-03-30T06:23:12.915+0000] {processor.py:826} INFO - Processing file /home/airflow/.local/lib/python3.7/site-packages/airflow/example_dags/example_skip_dag.py for tasks to queue
[2024-03-30T06:23:12.915+0000] {logging_mixin.py:149} INFO - [2024-03-30T06:23:12.915+0000] {dagbag.py:541} INFO - Filling up the DagBag from /home/airflow/.local/lib/python3.7/site-packages/airflow/example_dags/example_skip_dag.py
[2024-03-30T06:23:12.922+0000] {processor.py:836} INFO - DAG(s) dict_keys(['example_skip_dag']) retrieved from /home/airflow/.local/lib/python3.7/site-packages/airflow/example_dags/example_skip_dag.py
[2024-03-30T06:23:12.960+0000] {logging_mixin.py:149} INFO - [2024-03-30T06:23:12.960+0000] {dag.py:2726} INFO - Sync 1 DAGs
[2024-03-30T06:23:12.984+0000] {logging_mixin.py:149} INFO - [2024-03-30T06:23:12.984+0000] {dag.py:3490} INFO - Setting next_dagrun for example_skip_dag to 2024-03-29T06:23:12.984548+00:00, run_after=2024-03-30T06:23:12.984548+00:00
[2024-03-30T06:23:13.017+0000] {processor.py:179} INFO - Processing /home/airflow/.local/lib/python3.7/site-packages/airflow/example_dags/example_skip_dag.py took 0.108 seconds
[2024-03-30T06:23:43.136+0000] {processor.py:157} INFO - Started process (PID=1017) to work on /home/airflow/.local/lib/python3.7/site-packages/airflow/example_dags/example_skip_dag.py
[2024-03-30T06:23:43.137+0000] {processor.py:826} INFO - Processing file /home/airflow/.local/lib/python3.7/site-packages/airflow/example_dags/example_skip_dag.py for tasks to queue
[2024-03-30T06:23:43.138+0000] {logging_mixin.py:149} INFO - [2024-03-30T06:23:43.138+0000] {dagbag.py:541} INFO - Filling up the DagBag from /home/airflow/.local/lib/python3.7/site-packages/airflow/example_dags/example_skip_dag.py
[2024-03-30T06:23:43.146+0000] {processor.py:836} INFO - DAG(s) dict_keys(['example_skip_dag']) retrieved from /home/airflow/.local/lib/python3.7/site-packages/airflow/example_dags/example_skip_dag.py
[2024-03-30T06:23:43.183+0000] {logging_mixin.py:149} INFO - [2024-03-30T06:23:43.182+0000] {dag.py:2726} INFO - Sync 1 DAGs
[2024-03-30T06:23:43.211+0000] {logging_mixin.py:149} INFO - [2024-03-30T06:23:43.211+0000] {dag.py:3490} INFO - Setting next_dagrun for example_skip_dag to 2024-03-29T06:23:43.211445+00:00, run_after=2024-03-30T06:23:43.211445+00:00
[2024-03-30T06:23:43.246+0000] {processor.py:179} INFO - Processing /home/airflow/.local/lib/python3.7/site-packages/airflow/example_dags/example_skip_dag.py took 0.113 seconds
[2024-03-30T06:24:13.644+0000] {processor.py:157} INFO - Started process (PID=1078) to work on /home/airflow/.local/lib/python3.7/site-packages/airflow/example_dags/example_skip_dag.py
[2024-03-30T06:24:13.645+0000] {processor.py:826} INFO - Processing file /home/airflow/.local/lib/python3.7/site-packages/airflow/example_dags/example_skip_dag.py for tasks to queue
[2024-03-30T06:24:13.645+0000] {logging_mixin.py:149} INFO - [2024-03-30T06:24:13.645+0000] {dagbag.py:541} INFO - Filling up the DagBag from /home/airflow/.local/lib/python3.7/site-packages/airflow/example_dags/example_skip_dag.py
[2024-03-30T06:24:13.651+0000] {processor.py:836} INFO - DAG(s) dict_keys(['example_skip_dag']) retrieved from /home/airflow/.local/lib/python3.7/site-packages/airflow/example_dags/example_skip_dag.py
[2024-03-30T06:24:13.686+0000] {logging_mixin.py:149} INFO - [2024-03-30T06:24:13.686+0000] {dag.py:2726} INFO - Sync 1 DAGs
[2024-03-30T06:24:13.765+0000] {logging_mixin.py:149} INFO - [2024-03-30T06:24:13.765+0000] {dag.py:3490} INFO - Setting next_dagrun for example_skip_dag to 2024-03-29T06:24:13.765618+00:00, run_after=2024-03-30T06:24:13.765618+00:00
[2024-03-30T06:24:13.800+0000] {processor.py:179} INFO - Processing /home/airflow/.local/lib/python3.7/site-packages/airflow/example_dags/example_skip_dag.py took 0.158 seconds
[2024-03-30T06:24:44.160+0000] {processor.py:157} INFO - Started process (PID=1139) to work on /home/airflow/.local/lib/python3.7/site-packages/airflow/example_dags/example_skip_dag.py
[2024-03-30T06:24:44.161+0000] {processor.py:826} INFO - Processing file /home/airflow/.local/lib/python3.7/site-packages/airflow/example_dags/example_skip_dag.py for tasks to queue
[2024-03-30T06:24:44.162+0000] {logging_mixin.py:149} INFO - [2024-03-30T06:24:44.162+0000] {dagbag.py:541} INFO - Filling up the DagBag from /home/airflow/.local/lib/python3.7/site-packages/airflow/example_dags/example_skip_dag.py
[2024-03-30T06:24:44.171+0000] {processor.py:836} INFO - DAG(s) dict_keys(['example_skip_dag']) retrieved from /home/airflow/.local/lib/python3.7/site-packages/airflow/example_dags/example_skip_dag.py
[2024-03-30T06:24:44.212+0000] {logging_mixin.py:149} INFO - [2024-03-30T06:24:44.211+0000] {dag.py:2726} INFO - Sync 1 DAGs
[2024-03-30T06:24:44.240+0000] {logging_mixin.py:149} INFO - [2024-03-30T06:24:44.240+0000] {dag.py:3490} INFO - Setting next_dagrun for example_skip_dag to 2024-03-29T06:24:44.239965+00:00, run_after=2024-03-30T06:24:44.239965+00:00
[2024-03-30T06:24:44.281+0000] {processor.py:179} INFO - Processing /home/airflow/.local/lib/python3.7/site-packages/airflow/example_dags/example_skip_dag.py took 0.125 seconds
[2024-03-30T06:25:14.475+0000] {processor.py:157} INFO - Started process (PID=1200) to work on /home/airflow/.local/lib/python3.7/site-packages/airflow/example_dags/example_skip_dag.py
[2024-03-30T06:25:14.476+0000] {processor.py:826} INFO - Processing file /home/airflow/.local/lib/python3.7/site-packages/airflow/example_dags/example_skip_dag.py for tasks to queue
[2024-03-30T06:25:14.477+0000] {logging_mixin.py:149} INFO - [2024-03-30T06:25:14.477+0000] {dagbag.py:541} INFO - Filling up the DagBag from /home/airflow/.local/lib/python3.7/site-packages/airflow/example_dags/example_skip_dag.py
[2024-03-30T06:25:14.485+0000] {processor.py:836} INFO - DAG(s) dict_keys(['example_skip_dag']) retrieved from /home/airflow/.local/lib/python3.7/site-packages/airflow/example_dags/example_skip_dag.py
[2024-03-30T06:25:14.525+0000] {logging_mixin.py:149} INFO - [2024-03-30T06:25:14.525+0000] {dag.py:2726} INFO - Sync 1 DAGs
[2024-03-30T06:25:14.601+0000] {logging_mixin.py:149} INFO - [2024-03-30T06:25:14.601+0000] {dag.py:3490} INFO - Setting next_dagrun for example_skip_dag to 2024-03-29T06:25:14.601279+00:00, run_after=2024-03-30T06:25:14.601279+00:00
[2024-03-30T06:25:14.647+0000] {processor.py:179} INFO - Processing /home/airflow/.local/lib/python3.7/site-packages/airflow/example_dags/example_skip_dag.py took 0.175 seconds
[2024-03-30T06:25:44.783+0000] {processor.py:157} INFO - Started process (PID=1261) to work on /home/airflow/.local/lib/python3.7/site-packages/airflow/example_dags/example_skip_dag.py
[2024-03-30T06:25:44.785+0000] {processor.py:826} INFO - Processing file /home/airflow/.local/lib/python3.7/site-packages/airflow/example_dags/example_skip_dag.py for tasks to queue
[2024-03-30T06:25:44.786+0000] {logging_mixin.py:149} INFO - [2024-03-30T06:25:44.785+0000] {dagbag.py:541} INFO - Filling up the DagBag from /home/airflow/.local/lib/python3.7/site-packages/airflow/example_dags/example_skip_dag.py
[2024-03-30T06:25:44.792+0000] {processor.py:836} INFO - DAG(s) dict_keys(['example_skip_dag']) retrieved from /home/airflow/.local/lib/python3.7/site-packages/airflow/example_dags/example_skip_dag.py
[2024-03-30T06:25:44.827+0000] {logging_mixin.py:149} INFO - [2024-03-30T06:25:44.827+0000] {dag.py:2726} INFO - Sync 1 DAGs
[2024-03-30T06:25:44.856+0000] {logging_mixin.py:149} INFO - [2024-03-30T06:25:44.856+0000] {dag.py:3490} INFO - Setting next_dagrun for example_skip_dag to 2024-03-29T06:25:44.856041+00:00, run_after=2024-03-30T06:25:44.856041+00:00
[2024-03-30T06:25:44.896+0000] {processor.py:179} INFO - Processing /home/airflow/.local/lib/python3.7/site-packages/airflow/example_dags/example_skip_dag.py took 0.116 seconds
[2024-03-30T06:26:15.218+0000] {processor.py:157} INFO - Started process (PID=1322) to work on /home/airflow/.local/lib/python3.7/site-packages/airflow/example_dags/example_skip_dag.py
[2024-03-30T06:26:15.219+0000] {processor.py:826} INFO - Processing file /home/airflow/.local/lib/python3.7/site-packages/airflow/example_dags/example_skip_dag.py for tasks to queue
[2024-03-30T06:26:15.219+0000] {logging_mixin.py:149} INFO - [2024-03-30T06:26:15.219+0000] {dagbag.py:541} INFO - Filling up the DagBag from /home/airflow/.local/lib/python3.7/site-packages/airflow/example_dags/example_skip_dag.py
[2024-03-30T06:26:15.228+0000] {processor.py:836} INFO - DAG(s) dict_keys(['example_skip_dag']) retrieved from /home/airflow/.local/lib/python3.7/site-packages/airflow/example_dags/example_skip_dag.py
[2024-03-30T06:26:15.311+0000] {logging_mixin.py:149} INFO - [2024-03-30T06:26:15.310+0000] {dag.py:2726} INFO - Sync 1 DAGs
[2024-03-30T06:26:15.350+0000] {logging_mixin.py:149} INFO - [2024-03-30T06:26:15.350+0000] {dag.py:3490} INFO - Setting next_dagrun for example_skip_dag to 2024-03-29T06:26:15.350177+00:00, run_after=2024-03-30T06:26:15.350177+00:00
[2024-03-30T06:26:15.401+0000] {processor.py:179} INFO - Processing /home/airflow/.local/lib/python3.7/site-packages/airflow/example_dags/example_skip_dag.py took 0.186 seconds
[2024-03-30T06:26:45.465+0000] {processor.py:157} INFO - Started process (PID=1384) to work on /home/airflow/.local/lib/python3.7/site-packages/airflow/example_dags/example_skip_dag.py
[2024-03-30T06:26:45.466+0000] {processor.py:826} INFO - Processing file /home/airflow/.local/lib/python3.7/site-packages/airflow/example_dags/example_skip_dag.py for tasks to queue
[2024-03-30T06:26:45.466+0000] {logging_mixin.py:149} INFO - [2024-03-30T06:26:45.466+0000] {dagbag.py:541} INFO - Filling up the DagBag from /home/airflow/.local/lib/python3.7/site-packages/airflow/example_dags/example_skip_dag.py
[2024-03-30T06:26:45.473+0000] {processor.py:836} INFO - DAG(s) dict_keys(['example_skip_dag']) retrieved from /home/airflow/.local/lib/python3.7/site-packages/airflow/example_dags/example_skip_dag.py
[2024-03-30T06:26:45.510+0000] {logging_mixin.py:149} INFO - [2024-03-30T06:26:45.510+0000] {dag.py:2726} INFO - Sync 1 DAGs
[2024-03-30T06:26:45.536+0000] {logging_mixin.py:149} INFO - [2024-03-30T06:26:45.536+0000] {dag.py:3490} INFO - Setting next_dagrun for example_skip_dag to 2024-03-29T06:26:45.535926+00:00, run_after=2024-03-30T06:26:45.535926+00:00
[2024-03-30T06:26:45.573+0000] {processor.py:179} INFO - Processing /home/airflow/.local/lib/python3.7/site-packages/airflow/example_dags/example_skip_dag.py took 0.112 seconds
[2024-03-30T06:27:16.033+0000] {processor.py:157} INFO - Started process (PID=1445) to work on /home/airflow/.local/lib/python3.7/site-packages/airflow/example_dags/example_skip_dag.py
[2024-03-30T06:27:16.034+0000] {processor.py:826} INFO - Processing file /home/airflow/.local/lib/python3.7/site-packages/airflow/example_dags/example_skip_dag.py for tasks to queue
[2024-03-30T06:27:16.034+0000] {logging_mixin.py:149} INFO - [2024-03-30T06:27:16.034+0000] {dagbag.py:541} INFO - Filling up the DagBag from /home/airflow/.local/lib/python3.7/site-packages/airflow/example_dags/example_skip_dag.py
[2024-03-30T06:27:16.041+0000] {processor.py:836} INFO - DAG(s) dict_keys(['example_skip_dag']) retrieved from /home/airflow/.local/lib/python3.7/site-packages/airflow/example_dags/example_skip_dag.py
[2024-03-30T06:27:16.082+0000] {logging_mixin.py:149} INFO - [2024-03-30T06:27:16.082+0000] {dag.py:2726} INFO - Sync 1 DAGs
[2024-03-30T06:27:16.106+0000] {logging_mixin.py:149} INFO - [2024-03-30T06:27:16.106+0000] {dag.py:3490} INFO - Setting next_dagrun for example_skip_dag to 2024-03-29T06:27:16.106163+00:00, run_after=2024-03-30T06:27:16.106163+00:00
[2024-03-30T06:27:16.139+0000] {processor.py:179} INFO - Processing /home/airflow/.local/lib/python3.7/site-packages/airflow/example_dags/example_skip_dag.py took 0.109 seconds
[2024-03-30T06:27:46.599+0000] {processor.py:157} INFO - Started process (PID=1507) to work on /home/airflow/.local/lib/python3.7/site-packages/airflow/example_dags/example_skip_dag.py
[2024-03-30T06:27:46.600+0000] {processor.py:826} INFO - Processing file /home/airflow/.local/lib/python3.7/site-packages/airflow/example_dags/example_skip_dag.py for tasks to queue
[2024-03-30T06:27:46.600+0000] {logging_mixin.py:149} INFO - [2024-03-30T06:27:46.600+0000] {dagbag.py:541} INFO - Filling up the DagBag from /home/airflow/.local/lib/python3.7/site-packages/airflow/example_dags/example_skip_dag.py
[2024-03-30T06:27:46.606+0000] {processor.py:836} INFO - DAG(s) dict_keys(['example_skip_dag']) retrieved from /home/airflow/.local/lib/python3.7/site-packages/airflow/example_dags/example_skip_dag.py
[2024-03-30T06:27:46.642+0000] {logging_mixin.py:149} INFO - [2024-03-30T06:27:46.641+0000] {dag.py:2726} INFO - Sync 1 DAGs
[2024-03-30T06:27:46.667+0000] {logging_mixin.py:149} INFO - [2024-03-30T06:27:46.667+0000] {dag.py:3490} INFO - Setting next_dagrun for example_skip_dag to 2024-03-29T06:27:46.667034+00:00, run_after=2024-03-30T06:27:46.667034+00:00
[2024-03-30T06:27:46.700+0000] {processor.py:179} INFO - Processing /home/airflow/.local/lib/python3.7/site-packages/airflow/example_dags/example_skip_dag.py took 0.104 seconds
[2024-03-30T06:28:16.845+0000] {processor.py:157} INFO - Started process (PID=1568) to work on /home/airflow/.local/lib/python3.7/site-packages/airflow/example_dags/example_skip_dag.py
[2024-03-30T06:28:16.846+0000] {processor.py:826} INFO - Processing file /home/airflow/.local/lib/python3.7/site-packages/airflow/example_dags/example_skip_dag.py for tasks to queue
[2024-03-30T06:28:16.847+0000] {logging_mixin.py:149} INFO - [2024-03-30T06:28:16.847+0000] {dagbag.py:541} INFO - Filling up the DagBag from /home/airflow/.local/lib/python3.7/site-packages/airflow/example_dags/example_skip_dag.py
[2024-03-30T06:28:16.853+0000] {processor.py:836} INFO - DAG(s) dict_keys(['example_skip_dag']) retrieved from /home/airflow/.local/lib/python3.7/site-packages/airflow/example_dags/example_skip_dag.py
[2024-03-30T06:28:16.898+0000] {logging_mixin.py:149} INFO - [2024-03-30T06:28:16.895+0000] {dag.py:2726} INFO - Sync 1 DAGs
[2024-03-30T06:28:16.930+0000] {logging_mixin.py:149} INFO - [2024-03-30T06:28:16.930+0000] {dag.py:3490} INFO - Setting next_dagrun for example_skip_dag to 2024-03-29T06:28:16.930607+00:00, run_after=2024-03-30T06:28:16.930607+00:00
[2024-03-30T06:28:16.965+0000] {processor.py:179} INFO - Processing /home/airflow/.local/lib/python3.7/site-packages/airflow/example_dags/example_skip_dag.py took 0.124 seconds
[2024-03-30T06:28:47.353+0000] {processor.py:157} INFO - Started process (PID=1629) to work on /home/airflow/.local/lib/python3.7/site-packages/airflow/example_dags/example_skip_dag.py
[2024-03-30T06:28:47.354+0000] {processor.py:826} INFO - Processing file /home/airflow/.local/lib/python3.7/site-packages/airflow/example_dags/example_skip_dag.py for tasks to queue
[2024-03-30T06:28:47.355+0000] {logging_mixin.py:149} INFO - [2024-03-30T06:28:47.355+0000] {dagbag.py:541} INFO - Filling up the DagBag from /home/airflow/.local/lib/python3.7/site-packages/airflow/example_dags/example_skip_dag.py
[2024-03-30T06:28:47.361+0000] {processor.py:836} INFO - DAG(s) dict_keys(['example_skip_dag']) retrieved from /home/airflow/.local/lib/python3.7/site-packages/airflow/example_dags/example_skip_dag.py
[2024-03-30T06:28:47.397+0000] {logging_mixin.py:149} INFO - [2024-03-30T06:28:47.397+0000] {dag.py:2726} INFO - Sync 1 DAGs
[2024-03-30T06:28:47.423+0000] {logging_mixin.py:149} INFO - [2024-03-30T06:28:47.422+0000] {dag.py:3490} INFO - Setting next_dagrun for example_skip_dag to 2024-03-29T06:28:47.422658+00:00, run_after=2024-03-30T06:28:47.422658+00:00
[2024-03-30T06:28:47.459+0000] {processor.py:179} INFO - Processing /home/airflow/.local/lib/python3.7/site-packages/airflow/example_dags/example_skip_dag.py took 0.108 seconds
[2024-03-30T06:29:17.879+0000] {processor.py:157} INFO - Started process (PID=1690) to work on /home/airflow/.local/lib/python3.7/site-packages/airflow/example_dags/example_skip_dag.py
[2024-03-30T06:29:17.880+0000] {processor.py:826} INFO - Processing file /home/airflow/.local/lib/python3.7/site-packages/airflow/example_dags/example_skip_dag.py for tasks to queue
[2024-03-30T06:29:17.880+0000] {logging_mixin.py:149} INFO - [2024-03-30T06:29:17.880+0000] {dagbag.py:541} INFO - Filling up the DagBag from /home/airflow/.local/lib/python3.7/site-packages/airflow/example_dags/example_skip_dag.py
[2024-03-30T06:29:17.887+0000] {processor.py:836} INFO - DAG(s) dict_keys(['example_skip_dag']) retrieved from /home/airflow/.local/lib/python3.7/site-packages/airflow/example_dags/example_skip_dag.py
[2024-03-30T06:29:17.927+0000] {logging_mixin.py:149} INFO - [2024-03-30T06:29:17.927+0000] {dag.py:2726} INFO - Sync 1 DAGs
[2024-03-30T06:29:17.951+0000] {logging_mixin.py:149} INFO - [2024-03-30T06:29:17.951+0000] {dag.py:3490} INFO - Setting next_dagrun for example_skip_dag to 2024-03-29T06:29:17.951455+00:00, run_after=2024-03-30T06:29:17.951455+00:00
[2024-03-30T06:29:17.984+0000] {processor.py:179} INFO - Processing /home/airflow/.local/lib/python3.7/site-packages/airflow/example_dags/example_skip_dag.py took 0.108 seconds
[2024-03-30T06:29:48.203+0000] {processor.py:157} INFO - Started process (PID=1751) to work on /home/airflow/.local/lib/python3.7/site-packages/airflow/example_dags/example_skip_dag.py
[2024-03-30T06:29:48.204+0000] {processor.py:826} INFO - Processing file /home/airflow/.local/lib/python3.7/site-packages/airflow/example_dags/example_skip_dag.py for tasks to queue
[2024-03-30T06:29:48.204+0000] {logging_mixin.py:149} INFO - [2024-03-30T06:29:48.204+0000] {dagbag.py:541} INFO - Filling up the DagBag from /home/airflow/.local/lib/python3.7/site-packages/airflow/example_dags/example_skip_dag.py
[2024-03-30T06:29:48.210+0000] {processor.py:836} INFO - DAG(s) dict_keys(['example_skip_dag']) retrieved from /home/airflow/.local/lib/python3.7/site-packages/airflow/example_dags/example_skip_dag.py
[2024-03-30T06:29:48.246+0000] {logging_mixin.py:149} INFO - [2024-03-30T06:29:48.246+0000] {dag.py:2726} INFO - Sync 1 DAGs
[2024-03-30T06:29:48.275+0000] {logging_mixin.py:149} INFO - [2024-03-30T06:29:48.275+0000] {dag.py:3490} INFO - Setting next_dagrun for example_skip_dag to 2024-03-29T06:29:48.275237+00:00, run_after=2024-03-30T06:29:48.275237+00:00
[2024-03-30T06:29:48.312+0000] {processor.py:179} INFO - Processing /home/airflow/.local/lib/python3.7/site-packages/airflow/example_dags/example_skip_dag.py took 0.112 seconds
[2024-03-30T06:30:18.968+0000] {processor.py:157} INFO - Started process (PID=1812) to work on /home/airflow/.local/lib/python3.7/site-packages/airflow/example_dags/example_skip_dag.py
[2024-03-30T06:30:18.968+0000] {processor.py:826} INFO - Processing file /home/airflow/.local/lib/python3.7/site-packages/airflow/example_dags/example_skip_dag.py for tasks to queue
[2024-03-30T06:30:18.969+0000] {logging_mixin.py:149} INFO - [2024-03-30T06:30:18.969+0000] {dagbag.py:541} INFO - Filling up the DagBag from /home/airflow/.local/lib/python3.7/site-packages/airflow/example_dags/example_skip_dag.py
[2024-03-30T06:30:18.975+0000] {processor.py:836} INFO - DAG(s) dict_keys(['example_skip_dag']) retrieved from /home/airflow/.local/lib/python3.7/site-packages/airflow/example_dags/example_skip_dag.py
[2024-03-30T06:30:19.012+0000] {logging_mixin.py:149} INFO - [2024-03-30T06:30:19.012+0000] {dag.py:2726} INFO - Sync 1 DAGs
[2024-03-30T06:30:19.040+0000] {logging_mixin.py:149} INFO - [2024-03-30T06:30:19.040+0000] {dag.py:3490} INFO - Setting next_dagrun for example_skip_dag to 2024-03-29T06:30:19.040109+00:00, run_after=2024-03-30T06:30:19.040109+00:00
[2024-03-30T06:30:19.079+0000] {processor.py:179} INFO - Processing /home/airflow/.local/lib/python3.7/site-packages/airflow/example_dags/example_skip_dag.py took 0.114 seconds
[2024-03-30T06:30:49.405+0000] {processor.py:157} INFO - Started process (PID=1873) to work on /home/airflow/.local/lib/python3.7/site-packages/airflow/example_dags/example_skip_dag.py
[2024-03-30T06:30:49.406+0000] {processor.py:826} INFO - Processing file /home/airflow/.local/lib/python3.7/site-packages/airflow/example_dags/example_skip_dag.py for tasks to queue
[2024-03-30T06:30:49.406+0000] {logging_mixin.py:149} INFO - [2024-03-30T06:30:49.406+0000] {dagbag.py:541} INFO - Filling up the DagBag from /home/airflow/.local/lib/python3.7/site-packages/airflow/example_dags/example_skip_dag.py
[2024-03-30T06:30:49.412+0000] {processor.py:836} INFO - DAG(s) dict_keys(['example_skip_dag']) retrieved from /home/airflow/.local/lib/python3.7/site-packages/airflow/example_dags/example_skip_dag.py
[2024-03-30T06:30:49.447+0000] {logging_mixin.py:149} INFO - [2024-03-30T06:30:49.447+0000] {dag.py:2726} INFO - Sync 1 DAGs
[2024-03-30T06:30:49.471+0000] {logging_mixin.py:149} INFO - [2024-03-30T06:30:49.471+0000] {dag.py:3490} INFO - Setting next_dagrun for example_skip_dag to 2024-03-29T06:30:49.471548+00:00, run_after=2024-03-30T06:30:49.471548+00:00
[2024-03-30T06:30:49.505+0000] {processor.py:179} INFO - Processing /home/airflow/.local/lib/python3.7/site-packages/airflow/example_dags/example_skip_dag.py took 0.103 seconds
[2024-03-30T06:31:20.359+0000] {processor.py:157} INFO - Started process (PID=1934) to work on /home/airflow/.local/lib/python3.7/site-packages/airflow/example_dags/example_skip_dag.py
[2024-03-30T06:31:20.360+0000] {processor.py:826} INFO - Processing file /home/airflow/.local/lib/python3.7/site-packages/airflow/example_dags/example_skip_dag.py for tasks to queue
[2024-03-30T06:31:20.361+0000] {logging_mixin.py:149} INFO - [2024-03-30T06:31:20.360+0000] {dagbag.py:541} INFO - Filling up the DagBag from /home/airflow/.local/lib/python3.7/site-packages/airflow/example_dags/example_skip_dag.py
[2024-03-30T06:31:20.369+0000] {processor.py:836} INFO - DAG(s) dict_keys(['example_skip_dag']) retrieved from /home/airflow/.local/lib/python3.7/site-packages/airflow/example_dags/example_skip_dag.py
[2024-03-30T06:31:20.414+0000] {logging_mixin.py:149} INFO - [2024-03-30T06:31:20.414+0000] {dag.py:2726} INFO - Sync 1 DAGs
[2024-03-30T06:31:20.446+0000] {logging_mixin.py:149} INFO - [2024-03-30T06:31:20.446+0000] {dag.py:3490} INFO - Setting next_dagrun for example_skip_dag to 2024-03-29T06:31:20.446186+00:00, run_after=2024-03-30T06:31:20.446186+00:00
[2024-03-30T06:31:20.486+0000] {processor.py:179} INFO - Processing /home/airflow/.local/lib/python3.7/site-packages/airflow/example_dags/example_skip_dag.py took 0.130 seconds
[2024-03-30T08:20:55.652+0000] {processor.py:157} INFO - Started process (PID=50) to work on /home/airflow/.local/lib/python3.7/site-packages/airflow/example_dags/example_skip_dag.py
[2024-03-30T08:20:55.653+0000] {processor.py:826} INFO - Processing file /home/airflow/.local/lib/python3.7/site-packages/airflow/example_dags/example_skip_dag.py for tasks to queue
[2024-03-30T08:20:55.654+0000] {logging_mixin.py:149} INFO - [2024-03-30T08:20:55.654+0000] {dagbag.py:541} INFO - Filling up the DagBag from /home/airflow/.local/lib/python3.7/site-packages/airflow/example_dags/example_skip_dag.py
[2024-03-30T08:20:55.668+0000] {processor.py:836} INFO - DAG(s) dict_keys(['example_skip_dag']) retrieved from /home/airflow/.local/lib/python3.7/site-packages/airflow/example_dags/example_skip_dag.py
[2024-03-30T08:20:55.722+0000] {logging_mixin.py:149} INFO - [2024-03-30T08:20:55.722+0000] {dag.py:2726} INFO - Sync 1 DAGs
[2024-03-30T08:20:55.809+0000] {logging_mixin.py:149} INFO - [2024-03-30T08:20:55.808+0000] {dag.py:3490} INFO - Setting next_dagrun for example_skip_dag to 2024-03-29T08:20:55.808599+00:00, run_after=2024-03-30T08:20:55.808599+00:00
[2024-03-30T08:20:55.857+0000] {processor.py:179} INFO - Processing /home/airflow/.local/lib/python3.7/site-packages/airflow/example_dags/example_skip_dag.py took 0.209 seconds
[2024-03-30T08:21:26.004+0000] {processor.py:157} INFO - Started process (PID=110) to work on /home/airflow/.local/lib/python3.7/site-packages/airflow/example_dags/example_skip_dag.py
[2024-03-30T08:21:26.005+0000] {processor.py:826} INFO - Processing file /home/airflow/.local/lib/python3.7/site-packages/airflow/example_dags/example_skip_dag.py for tasks to queue
[2024-03-30T08:21:26.006+0000] {logging_mixin.py:149} INFO - [2024-03-30T08:21:26.006+0000] {dagbag.py:541} INFO - Filling up the DagBag from /home/airflow/.local/lib/python3.7/site-packages/airflow/example_dags/example_skip_dag.py
[2024-03-30T08:21:26.012+0000] {processor.py:836} INFO - DAG(s) dict_keys(['example_skip_dag']) retrieved from /home/airflow/.local/lib/python3.7/site-packages/airflow/example_dags/example_skip_dag.py
[2024-03-30T08:21:26.063+0000] {logging_mixin.py:149} INFO - [2024-03-30T08:21:26.062+0000] {dag.py:2726} INFO - Sync 1 DAGs
[2024-03-30T08:21:26.092+0000] {logging_mixin.py:149} INFO - [2024-03-30T08:21:26.091+0000] {dag.py:3490} INFO - Setting next_dagrun for example_skip_dag to 2024-03-29T08:21:26.091649+00:00, run_after=2024-03-30T08:21:26.091649+00:00
[2024-03-30T08:21:26.134+0000] {processor.py:179} INFO - Processing /home/airflow/.local/lib/python3.7/site-packages/airflow/example_dags/example_skip_dag.py took 0.132 seconds
[2024-03-30T08:21:56.646+0000] {processor.py:157} INFO - Started process (PID=171) to work on /home/airflow/.local/lib/python3.7/site-packages/airflow/example_dags/example_skip_dag.py
[2024-03-30T08:21:56.647+0000] {processor.py:826} INFO - Processing file /home/airflow/.local/lib/python3.7/site-packages/airflow/example_dags/example_skip_dag.py for tasks to queue
[2024-03-30T08:21:56.648+0000] {logging_mixin.py:149} INFO - [2024-03-30T08:21:56.647+0000] {dagbag.py:541} INFO - Filling up the DagBag from /home/airflow/.local/lib/python3.7/site-packages/airflow/example_dags/example_skip_dag.py
[2024-03-30T08:21:56.655+0000] {processor.py:836} INFO - DAG(s) dict_keys(['example_skip_dag']) retrieved from /home/airflow/.local/lib/python3.7/site-packages/airflow/example_dags/example_skip_dag.py
[2024-03-30T08:21:56.695+0000] {logging_mixin.py:149} INFO - [2024-03-30T08:21:56.695+0000] {dag.py:2726} INFO - Sync 1 DAGs
[2024-03-30T08:21:56.827+0000] {logging_mixin.py:149} INFO - [2024-03-30T08:21:56.827+0000] {dag.py:3490} INFO - Setting next_dagrun for example_skip_dag to 2024-03-29T08:21:56.826735+00:00, run_after=2024-03-30T08:21:56.826735+00:00
[2024-03-30T08:21:56.866+0000] {processor.py:179} INFO - Processing /home/airflow/.local/lib/python3.7/site-packages/airflow/example_dags/example_skip_dag.py took 0.223 seconds
[2024-03-30T08:22:27.884+0000] {processor.py:157} INFO - Started process (PID=233) to work on /home/airflow/.local/lib/python3.7/site-packages/airflow/example_dags/example_skip_dag.py
[2024-03-30T08:22:27.884+0000] {processor.py:826} INFO - Processing file /home/airflow/.local/lib/python3.7/site-packages/airflow/example_dags/example_skip_dag.py for tasks to queue
[2024-03-30T08:22:27.885+0000] {logging_mixin.py:149} INFO - [2024-03-30T08:22:27.885+0000] {dagbag.py:541} INFO - Filling up the DagBag from /home/airflow/.local/lib/python3.7/site-packages/airflow/example_dags/example_skip_dag.py
[2024-03-30T08:22:27.891+0000] {processor.py:836} INFO - DAG(s) dict_keys(['example_skip_dag']) retrieved from /home/airflow/.local/lib/python3.7/site-packages/airflow/example_dags/example_skip_dag.py
[2024-03-30T08:22:27.935+0000] {logging_mixin.py:149} INFO - [2024-03-30T08:22:27.935+0000] {dag.py:2726} INFO - Sync 1 DAGs
[2024-03-30T08:22:27.965+0000] {logging_mixin.py:149} INFO - [2024-03-30T08:22:27.965+0000] {dag.py:3490} INFO - Setting next_dagrun for example_skip_dag to 2024-03-29T08:22:27.965490+00:00, run_after=2024-03-30T08:22:27.965490+00:00
[2024-03-30T08:22:28.005+0000] {processor.py:179} INFO - Processing /home/airflow/.local/lib/python3.7/site-packages/airflow/example_dags/example_skip_dag.py took 0.125 seconds
[2024-03-30T08:22:58.321+0000] {processor.py:157} INFO - Started process (PID=294) to work on /home/airflow/.local/lib/python3.7/site-packages/airflow/example_dags/example_skip_dag.py
[2024-03-30T08:22:58.322+0000] {processor.py:826} INFO - Processing file /home/airflow/.local/lib/python3.7/site-packages/airflow/example_dags/example_skip_dag.py for tasks to queue
[2024-03-30T08:22:58.323+0000] {logging_mixin.py:149} INFO - [2024-03-30T08:22:58.323+0000] {dagbag.py:541} INFO - Filling up the DagBag from /home/airflow/.local/lib/python3.7/site-packages/airflow/example_dags/example_skip_dag.py
[2024-03-30T08:22:58.332+0000] {processor.py:836} INFO - DAG(s) dict_keys(['example_skip_dag']) retrieved from /home/airflow/.local/lib/python3.7/site-packages/airflow/example_dags/example_skip_dag.py
[2024-03-30T08:22:58.380+0000] {logging_mixin.py:149} INFO - [2024-03-30T08:22:58.380+0000] {dag.py:2726} INFO - Sync 1 DAGs
[2024-03-30T08:22:58.407+0000] {logging_mixin.py:149} INFO - [2024-03-30T08:22:58.407+0000] {dag.py:3490} INFO - Setting next_dagrun for example_skip_dag to 2024-03-29T08:22:58.407375+00:00, run_after=2024-03-30T08:22:58.407375+00:00
[2024-03-30T08:22:58.450+0000] {processor.py:179} INFO - Processing /home/airflow/.local/lib/python3.7/site-packages/airflow/example_dags/example_skip_dag.py took 0.132 seconds
[2024-03-30T08:23:29.173+0000] {processor.py:157} INFO - Started process (PID=355) to work on /home/airflow/.local/lib/python3.7/site-packages/airflow/example_dags/example_skip_dag.py
[2024-03-30T08:23:29.174+0000] {processor.py:826} INFO - Processing file /home/airflow/.local/lib/python3.7/site-packages/airflow/example_dags/example_skip_dag.py for tasks to queue
[2024-03-30T08:23:29.174+0000] {logging_mixin.py:149} INFO - [2024-03-30T08:23:29.174+0000] {dagbag.py:541} INFO - Filling up the DagBag from /home/airflow/.local/lib/python3.7/site-packages/airflow/example_dags/example_skip_dag.py
[2024-03-30T08:23:29.181+0000] {processor.py:836} INFO - DAG(s) dict_keys(['example_skip_dag']) retrieved from /home/airflow/.local/lib/python3.7/site-packages/airflow/example_dags/example_skip_dag.py
[2024-03-30T08:23:29.233+0000] {logging_mixin.py:149} INFO - [2024-03-30T08:23:29.232+0000] {dag.py:2726} INFO - Sync 1 DAGs
[2024-03-30T08:23:29.265+0000] {logging_mixin.py:149} INFO - [2024-03-30T08:23:29.264+0000] {dag.py:3490} INFO - Setting next_dagrun for example_skip_dag to 2024-03-29T08:23:29.264555+00:00, run_after=2024-03-30T08:23:29.264555+00:00
[2024-03-30T08:23:29.305+0000] {processor.py:179} INFO - Processing /home/airflow/.local/lib/python3.7/site-packages/airflow/example_dags/example_skip_dag.py took 0.135 seconds
[2024-03-30T08:23:59.420+0000] {processor.py:157} INFO - Started process (PID=415) to work on /home/airflow/.local/lib/python3.7/site-packages/airflow/example_dags/example_skip_dag.py
[2024-03-30T08:23:59.421+0000] {processor.py:826} INFO - Processing file /home/airflow/.local/lib/python3.7/site-packages/airflow/example_dags/example_skip_dag.py for tasks to queue
[2024-03-30T08:23:59.422+0000] {logging_mixin.py:149} INFO - [2024-03-30T08:23:59.421+0000] {dagbag.py:541} INFO - Filling up the DagBag from /home/airflow/.local/lib/python3.7/site-packages/airflow/example_dags/example_skip_dag.py
[2024-03-30T08:23:59.431+0000] {processor.py:836} INFO - DAG(s) dict_keys(['example_skip_dag']) retrieved from /home/airflow/.local/lib/python3.7/site-packages/airflow/example_dags/example_skip_dag.py
[2024-03-30T08:23:59.483+0000] {logging_mixin.py:149} INFO - [2024-03-30T08:23:59.483+0000] {dag.py:2726} INFO - Sync 1 DAGs
[2024-03-30T08:23:59.522+0000] {logging_mixin.py:149} INFO - [2024-03-30T08:23:59.522+0000] {dag.py:3490} INFO - Setting next_dagrun for example_skip_dag to 2024-03-29T08:23:59.521996+00:00, run_after=2024-03-30T08:23:59.521996+00:00
[2024-03-30T08:23:59.583+0000] {processor.py:179} INFO - Processing /home/airflow/.local/lib/python3.7/site-packages/airflow/example_dags/example_skip_dag.py took 0.166 seconds
[2024-03-30T08:24:29.638+0000] {processor.py:157} INFO - Started process (PID=475) to work on /home/airflow/.local/lib/python3.7/site-packages/airflow/example_dags/example_skip_dag.py
[2024-03-30T08:24:29.639+0000] {processor.py:826} INFO - Processing file /home/airflow/.local/lib/python3.7/site-packages/airflow/example_dags/example_skip_dag.py for tasks to queue
[2024-03-30T08:24:29.643+0000] {logging_mixin.py:149} INFO - [2024-03-30T08:24:29.642+0000] {dagbag.py:541} INFO - Filling up the DagBag from /home/airflow/.local/lib/python3.7/site-packages/airflow/example_dags/example_skip_dag.py
[2024-03-30T08:24:29.652+0000] {processor.py:836} INFO - DAG(s) dict_keys(['example_skip_dag']) retrieved from /home/airflow/.local/lib/python3.7/site-packages/airflow/example_dags/example_skip_dag.py
[2024-03-30T08:24:29.703+0000] {logging_mixin.py:149} INFO - [2024-03-30T08:24:29.703+0000] {dag.py:2726} INFO - Sync 1 DAGs
[2024-03-30T08:24:29.734+0000] {logging_mixin.py:149} INFO - [2024-03-30T08:24:29.734+0000] {dag.py:3490} INFO - Setting next_dagrun for example_skip_dag to 2024-03-29T08:24:29.734444+00:00, run_after=2024-03-30T08:24:29.734444+00:00
[2024-03-30T08:24:29.779+0000] {processor.py:179} INFO - Processing /home/airflow/.local/lib/python3.7/site-packages/airflow/example_dags/example_skip_dag.py took 0.145 seconds
[2024-03-30T08:25:00.098+0000] {processor.py:157} INFO - Started process (PID=536) to work on /home/airflow/.local/lib/python3.7/site-packages/airflow/example_dags/example_skip_dag.py
[2024-03-30T08:25:00.099+0000] {processor.py:826} INFO - Processing file /home/airflow/.local/lib/python3.7/site-packages/airflow/example_dags/example_skip_dag.py for tasks to queue
[2024-03-30T08:25:00.099+0000] {logging_mixin.py:149} INFO - [2024-03-30T08:25:00.099+0000] {dagbag.py:541} INFO - Filling up the DagBag from /home/airflow/.local/lib/python3.7/site-packages/airflow/example_dags/example_skip_dag.py
[2024-03-30T08:25:00.106+0000] {processor.py:836} INFO - DAG(s) dict_keys(['example_skip_dag']) retrieved from /home/airflow/.local/lib/python3.7/site-packages/airflow/example_dags/example_skip_dag.py
[2024-03-30T08:25:00.152+0000] {logging_mixin.py:149} INFO - [2024-03-30T08:25:00.152+0000] {dag.py:2726} INFO - Sync 1 DAGs
[2024-03-30T08:25:00.178+0000] {logging_mixin.py:149} INFO - [2024-03-30T08:25:00.178+0000] {dag.py:3490} INFO - Setting next_dagrun for example_skip_dag to 2024-03-29T08:25:00.178323+00:00, run_after=2024-03-30T08:25:00.178323+00:00
[2024-03-30T08:25:00.216+0000] {processor.py:179} INFO - Processing /home/airflow/.local/lib/python3.7/site-packages/airflow/example_dags/example_skip_dag.py took 0.122 seconds
[2024-03-30T08:25:30.376+0000] {processor.py:157} INFO - Started process (PID=597) to work on /home/airflow/.local/lib/python3.7/site-packages/airflow/example_dags/example_skip_dag.py
[2024-03-30T08:25:30.376+0000] {processor.py:826} INFO - Processing file /home/airflow/.local/lib/python3.7/site-packages/airflow/example_dags/example_skip_dag.py for tasks to queue
[2024-03-30T08:25:30.377+0000] {logging_mixin.py:149} INFO - [2024-03-30T08:25:30.377+0000] {dagbag.py:541} INFO - Filling up the DagBag from /home/airflow/.local/lib/python3.7/site-packages/airflow/example_dags/example_skip_dag.py
[2024-03-30T08:25:30.384+0000] {processor.py:836} INFO - DAG(s) dict_keys(['example_skip_dag']) retrieved from /home/airflow/.local/lib/python3.7/site-packages/airflow/example_dags/example_skip_dag.py
[2024-03-30T08:25:30.425+0000] {logging_mixin.py:149} INFO - [2024-03-30T08:25:30.425+0000] {dag.py:2726} INFO - Sync 1 DAGs
[2024-03-30T08:25:30.453+0000] {logging_mixin.py:149} INFO - [2024-03-30T08:25:30.453+0000] {dag.py:3490} INFO - Setting next_dagrun for example_skip_dag to 2024-03-29T08:25:30.453004+00:00, run_after=2024-03-30T08:25:30.453004+00:00
[2024-03-30T08:25:30.493+0000] {processor.py:179} INFO - Processing /home/airflow/.local/lib/python3.7/site-packages/airflow/example_dags/example_skip_dag.py took 0.121 seconds
[2024-03-30T08:26:00.871+0000] {processor.py:157} INFO - Started process (PID=659) to work on /home/airflow/.local/lib/python3.7/site-packages/airflow/example_dags/example_skip_dag.py
[2024-03-30T08:26:00.872+0000] {processor.py:826} INFO - Processing file /home/airflow/.local/lib/python3.7/site-packages/airflow/example_dags/example_skip_dag.py for tasks to queue
[2024-03-30T08:26:00.873+0000] {logging_mixin.py:149} INFO - [2024-03-30T08:26:00.873+0000] {dagbag.py:541} INFO - Filling up the DagBag from /home/airflow/.local/lib/python3.7/site-packages/airflow/example_dags/example_skip_dag.py
[2024-03-30T08:26:00.880+0000] {processor.py:836} INFO - DAG(s) dict_keys(['example_skip_dag']) retrieved from /home/airflow/.local/lib/python3.7/site-packages/airflow/example_dags/example_skip_dag.py
[2024-03-30T08:26:00.925+0000] {logging_mixin.py:149} INFO - [2024-03-30T08:26:00.925+0000] {dag.py:2726} INFO - Sync 1 DAGs
[2024-03-30T08:26:00.955+0000] {logging_mixin.py:149} INFO - [2024-03-30T08:26:00.955+0000] {dag.py:3490} INFO - Setting next_dagrun for example_skip_dag to 2024-03-29T08:26:00.955170+00:00, run_after=2024-03-30T08:26:00.955170+00:00
[2024-03-30T08:26:00.996+0000] {processor.py:179} INFO - Processing /home/airflow/.local/lib/python3.7/site-packages/airflow/example_dags/example_skip_dag.py took 0.128 seconds
