[2024-03-30T06:15:32.950+0000] {processor.py:157} INFO - Started process (PID=49) to work on /home/airflow/.local/lib/python3.7/site-packages/airflow/example_dags/example_short_circuit_decorator.py
[2024-03-30T06:15:32.951+0000] {processor.py:826} INFO - Processing file /home/airflow/.local/lib/python3.7/site-packages/airflow/example_dags/example_short_circuit_decorator.py for tasks to queue
[2024-03-30T06:15:32.951+0000] {logging_mixin.py:149} INFO - [2024-03-30T06:15:32.951+0000] {dagbag.py:541} INFO - Filling up the DagBag from /home/airflow/.local/lib/python3.7/site-packages/airflow/example_dags/example_short_circuit_decorator.py
[2024-03-30T06:15:32.970+0000] {processor.py:836} INFO - DAG(s) dict_keys(['example_short_circuit_decorator']) retrieved from /home/airflow/.local/lib/python3.7/site-packages/airflow/example_dags/example_short_circuit_decorator.py
[2024-03-30T06:15:33.016+0000] {logging_mixin.py:149} INFO - [2024-03-30T06:15:33.016+0000] {dag.py:2726} INFO - Sync 1 DAGs
[2024-03-30T06:15:33.059+0000] {logging_mixin.py:149} INFO - [2024-03-30T06:15:33.058+0000] {dag.py:3490} INFO - Setting next_dagrun for example_short_circuit_decorator to 2024-03-29T06:15:33.058395+00:00, run_after=2024-03-30T06:15:33.058395+00:00
[2024-03-30T06:15:33.114+0000] {processor.py:179} INFO - Processing /home/airflow/.local/lib/python3.7/site-packages/airflow/example_dags/example_short_circuit_decorator.py took 0.167 seconds
[2024-03-30T06:16:03.420+0000] {processor.py:157} INFO - Started process (PID=107) to work on /home/airflow/.local/lib/python3.7/site-packages/airflow/example_dags/example_short_circuit_decorator.py
[2024-03-30T06:16:03.421+0000] {processor.py:826} INFO - Processing file /home/airflow/.local/lib/python3.7/site-packages/airflow/example_dags/example_short_circuit_decorator.py for tasks to queue
[2024-03-30T06:16:03.421+0000] {logging_mixin.py:149} INFO - [2024-03-30T06:16:03.421+0000] {dagbag.py:541} INFO - Filling up the DagBag from /home/airflow/.local/lib/python3.7/site-packages/airflow/example_dags/example_short_circuit_decorator.py
[2024-03-30T06:16:03.430+0000] {processor.py:836} INFO - DAG(s) dict_keys(['example_short_circuit_decorator']) retrieved from /home/airflow/.local/lib/python3.7/site-packages/airflow/example_dags/example_short_circuit_decorator.py
[2024-03-30T06:16:03.467+0000] {logging_mixin.py:149} INFO - [2024-03-30T06:16:03.467+0000] {dag.py:2726} INFO - Sync 1 DAGs
[2024-03-30T06:16:03.541+0000] {logging_mixin.py:149} INFO - [2024-03-30T06:16:03.540+0000] {dag.py:3490} INFO - Setting next_dagrun for example_short_circuit_decorator to 2024-03-29T06:16:03.540713+00:00, run_after=2024-03-30T06:16:03.540713+00:00
[2024-03-30T06:16:03.575+0000] {processor.py:179} INFO - Processing /home/airflow/.local/lib/python3.7/site-packages/airflow/example_dags/example_short_circuit_decorator.py took 0.158 seconds
[2024-03-30T06:16:34.336+0000] {processor.py:157} INFO - Started process (PID=167) to work on /home/airflow/.local/lib/python3.7/site-packages/airflow/example_dags/example_short_circuit_decorator.py
[2024-03-30T06:16:34.337+0000] {processor.py:826} INFO - Processing file /home/airflow/.local/lib/python3.7/site-packages/airflow/example_dags/example_short_circuit_decorator.py for tasks to queue
[2024-03-30T06:16:34.337+0000] {logging_mixin.py:149} INFO - [2024-03-30T06:16:34.337+0000] {dagbag.py:541} INFO - Filling up the DagBag from /home/airflow/.local/lib/python3.7/site-packages/airflow/example_dags/example_short_circuit_decorator.py
[2024-03-30T06:16:34.346+0000] {processor.py:836} INFO - DAG(s) dict_keys(['example_short_circuit_decorator']) retrieved from /home/airflow/.local/lib/python3.7/site-packages/airflow/example_dags/example_short_circuit_decorator.py
[2024-03-30T06:16:34.385+0000] {logging_mixin.py:149} INFO - [2024-03-30T06:16:34.384+0000] {dag.py:2726} INFO - Sync 1 DAGs
[2024-03-30T06:16:34.412+0000] {logging_mixin.py:149} INFO - [2024-03-30T06:16:34.412+0000] {dag.py:3490} INFO - Setting next_dagrun for example_short_circuit_decorator to 2024-03-29T06:16:34.411768+00:00, run_after=2024-03-30T06:16:34.411768+00:00
[2024-03-30T06:16:34.447+0000] {processor.py:179} INFO - Processing /home/airflow/.local/lib/python3.7/site-packages/airflow/example_dags/example_short_circuit_decorator.py took 0.114 seconds
[2024-03-30T06:17:04.496+0000] {processor.py:157} INFO - Started process (PID=227) to work on /home/airflow/.local/lib/python3.7/site-packages/airflow/example_dags/example_short_circuit_decorator.py
[2024-03-30T06:17:04.497+0000] {processor.py:826} INFO - Processing file /home/airflow/.local/lib/python3.7/site-packages/airflow/example_dags/example_short_circuit_decorator.py for tasks to queue
[2024-03-30T06:17:04.498+0000] {logging_mixin.py:149} INFO - [2024-03-30T06:17:04.498+0000] {dagbag.py:541} INFO - Filling up the DagBag from /home/airflow/.local/lib/python3.7/site-packages/airflow/example_dags/example_short_circuit_decorator.py
[2024-03-30T06:17:04.509+0000] {processor.py:836} INFO - DAG(s) dict_keys(['example_short_circuit_decorator']) retrieved from /home/airflow/.local/lib/python3.7/site-packages/airflow/example_dags/example_short_circuit_decorator.py
[2024-03-30T06:17:04.553+0000] {logging_mixin.py:149} INFO - [2024-03-30T06:17:04.552+0000] {dag.py:2726} INFO - Sync 1 DAGs
[2024-03-30T06:17:04.621+0000] {logging_mixin.py:149} INFO - [2024-03-30T06:17:04.621+0000] {dag.py:3490} INFO - Setting next_dagrun for example_short_circuit_decorator to 2024-03-29T06:17:04.621150+00:00, run_after=2024-03-30T06:17:04.621150+00:00
[2024-03-30T06:17:04.655+0000] {processor.py:179} INFO - Processing /home/airflow/.local/lib/python3.7/site-packages/airflow/example_dags/example_short_circuit_decorator.py took 0.163 seconds
[2024-03-30T06:17:34.865+0000] {processor.py:157} INFO - Started process (PID=287) to work on /home/airflow/.local/lib/python3.7/site-packages/airflow/example_dags/example_short_circuit_decorator.py
[2024-03-30T06:17:34.866+0000] {processor.py:826} INFO - Processing file /home/airflow/.local/lib/python3.7/site-packages/airflow/example_dags/example_short_circuit_decorator.py for tasks to queue
[2024-03-30T06:17:34.866+0000] {logging_mixin.py:149} INFO - [2024-03-30T06:17:34.866+0000] {dagbag.py:541} INFO - Filling up the DagBag from /home/airflow/.local/lib/python3.7/site-packages/airflow/example_dags/example_short_circuit_decorator.py
[2024-03-30T06:17:34.877+0000] {processor.py:836} INFO - DAG(s) dict_keys(['example_short_circuit_decorator']) retrieved from /home/airflow/.local/lib/python3.7/site-packages/airflow/example_dags/example_short_circuit_decorator.py
[2024-03-30T06:17:34.914+0000] {logging_mixin.py:149} INFO - [2024-03-30T06:17:34.913+0000] {dag.py:2726} INFO - Sync 1 DAGs
[2024-03-30T06:17:34.939+0000] {logging_mixin.py:149} INFO - [2024-03-30T06:17:34.938+0000] {dag.py:3490} INFO - Setting next_dagrun for example_short_circuit_decorator to 2024-03-29T06:17:34.938506+00:00, run_after=2024-03-30T06:17:34.938506+00:00
[2024-03-30T06:17:34.985+0000] {processor.py:179} INFO - Processing /home/airflow/.local/lib/python3.7/site-packages/airflow/example_dags/example_short_circuit_decorator.py took 0.122 seconds
[2024-03-30T06:18:05.303+0000] {processor.py:157} INFO - Started process (PID=346) to work on /home/airflow/.local/lib/python3.7/site-packages/airflow/example_dags/example_short_circuit_decorator.py
[2024-03-30T06:18:05.304+0000] {processor.py:826} INFO - Processing file /home/airflow/.local/lib/python3.7/site-packages/airflow/example_dags/example_short_circuit_decorator.py for tasks to queue
[2024-03-30T06:18:05.305+0000] {logging_mixin.py:149} INFO - [2024-03-30T06:18:05.304+0000] {dagbag.py:541} INFO - Filling up the DagBag from /home/airflow/.local/lib/python3.7/site-packages/airflow/example_dags/example_short_circuit_decorator.py
[2024-03-30T06:18:05.313+0000] {processor.py:836} INFO - DAG(s) dict_keys(['example_short_circuit_decorator']) retrieved from /home/airflow/.local/lib/python3.7/site-packages/airflow/example_dags/example_short_circuit_decorator.py
[2024-03-30T06:18:05.350+0000] {logging_mixin.py:149} INFO - [2024-03-30T06:18:05.350+0000] {dag.py:2726} INFO - Sync 1 DAGs
[2024-03-30T06:18:05.376+0000] {logging_mixin.py:149} INFO - [2024-03-30T06:18:05.376+0000] {dag.py:3490} INFO - Setting next_dagrun for example_short_circuit_decorator to 2024-03-29T06:18:05.375917+00:00, run_after=2024-03-30T06:18:05.375917+00:00
[2024-03-30T06:18:05.413+0000] {processor.py:179} INFO - Processing /home/airflow/.local/lib/python3.7/site-packages/airflow/example_dags/example_short_circuit_decorator.py took 0.112 seconds
[2024-03-30T06:18:35.918+0000] {processor.py:157} INFO - Started process (PID=408) to work on /home/airflow/.local/lib/python3.7/site-packages/airflow/example_dags/example_short_circuit_decorator.py
[2024-03-30T06:18:35.920+0000] {processor.py:826} INFO - Processing file /home/airflow/.local/lib/python3.7/site-packages/airflow/example_dags/example_short_circuit_decorator.py for tasks to queue
[2024-03-30T06:18:35.920+0000] {logging_mixin.py:149} INFO - [2024-03-30T06:18:35.920+0000] {dagbag.py:541} INFO - Filling up the DagBag from /home/airflow/.local/lib/python3.7/site-packages/airflow/example_dags/example_short_circuit_decorator.py
[2024-03-30T06:18:35.931+0000] {processor.py:836} INFO - DAG(s) dict_keys(['example_short_circuit_decorator']) retrieved from /home/airflow/.local/lib/python3.7/site-packages/airflow/example_dags/example_short_circuit_decorator.py
[2024-03-30T06:18:35.974+0000] {logging_mixin.py:149} INFO - [2024-03-30T06:18:35.974+0000] {dag.py:2726} INFO - Sync 1 DAGs
[2024-03-30T06:18:35.999+0000] {logging_mixin.py:149} INFO - [2024-03-30T06:18:35.999+0000] {dag.py:3490} INFO - Setting next_dagrun for example_short_circuit_decorator to 2024-03-29T06:18:35.999380+00:00, run_after=2024-03-30T06:18:35.999380+00:00
[2024-03-30T06:18:36.042+0000] {processor.py:179} INFO - Processing /home/airflow/.local/lib/python3.7/site-packages/airflow/example_dags/example_short_circuit_decorator.py took 0.126 seconds
[2024-03-30T06:19:06.204+0000] {processor.py:157} INFO - Started process (PID=468) to work on /home/airflow/.local/lib/python3.7/site-packages/airflow/example_dags/example_short_circuit_decorator.py
[2024-03-30T06:19:06.208+0000] {processor.py:826} INFO - Processing file /home/airflow/.local/lib/python3.7/site-packages/airflow/example_dags/example_short_circuit_decorator.py for tasks to queue
[2024-03-30T06:19:06.210+0000] {logging_mixin.py:149} INFO - [2024-03-30T06:19:06.210+0000] {dagbag.py:541} INFO - Filling up the DagBag from /home/airflow/.local/lib/python3.7/site-packages/airflow/example_dags/example_short_circuit_decorator.py
[2024-03-30T06:19:06.235+0000] {processor.py:836} INFO - DAG(s) dict_keys(['example_short_circuit_decorator']) retrieved from /home/airflow/.local/lib/python3.7/site-packages/airflow/example_dags/example_short_circuit_decorator.py
[2024-03-30T06:19:06.281+0000] {logging_mixin.py:149} INFO - [2024-03-30T06:19:06.281+0000] {dag.py:2726} INFO - Sync 1 DAGs
[2024-03-30T06:19:06.313+0000] {logging_mixin.py:149} INFO - [2024-03-30T06:19:06.313+0000] {dag.py:3490} INFO - Setting next_dagrun for example_short_circuit_decorator to 2024-03-29T06:19:06.313338+00:00, run_after=2024-03-30T06:19:06.313338+00:00
[2024-03-30T06:19:06.363+0000] {processor.py:179} INFO - Processing /home/airflow/.local/lib/python3.7/site-packages/airflow/example_dags/example_short_circuit_decorator.py took 0.167 seconds
[2024-03-30T06:19:37.260+0000] {processor.py:157} INFO - Started process (PID=528) to work on /home/airflow/.local/lib/python3.7/site-packages/airflow/example_dags/example_short_circuit_decorator.py
[2024-03-30T06:19:37.261+0000] {processor.py:826} INFO - Processing file /home/airflow/.local/lib/python3.7/site-packages/airflow/example_dags/example_short_circuit_decorator.py for tasks to queue
[2024-03-30T06:19:37.262+0000] {logging_mixin.py:149} INFO - [2024-03-30T06:19:37.262+0000] {dagbag.py:541} INFO - Filling up the DagBag from /home/airflow/.local/lib/python3.7/site-packages/airflow/example_dags/example_short_circuit_decorator.py
[2024-03-30T06:19:37.275+0000] {processor.py:836} INFO - DAG(s) dict_keys(['example_short_circuit_decorator']) retrieved from /home/airflow/.local/lib/python3.7/site-packages/airflow/example_dags/example_short_circuit_decorator.py
[2024-03-30T06:19:37.317+0000] {logging_mixin.py:149} INFO - [2024-03-30T06:19:37.317+0000] {dag.py:2726} INFO - Sync 1 DAGs
[2024-03-30T06:19:37.347+0000] {logging_mixin.py:149} INFO - [2024-03-30T06:19:37.347+0000] {dag.py:3490} INFO - Setting next_dagrun for example_short_circuit_decorator to 2024-03-29T06:19:37.346943+00:00, run_after=2024-03-30T06:19:37.346943+00:00
[2024-03-30T06:19:37.383+0000] {processor.py:179} INFO - Processing /home/airflow/.local/lib/python3.7/site-packages/airflow/example_dags/example_short_circuit_decorator.py took 0.125 seconds
[2024-03-30T06:20:08.365+0000] {processor.py:157} INFO - Started process (PID=588) to work on /home/airflow/.local/lib/python3.7/site-packages/airflow/example_dags/example_short_circuit_decorator.py
[2024-03-30T06:20:08.366+0000] {processor.py:826} INFO - Processing file /home/airflow/.local/lib/python3.7/site-packages/airflow/example_dags/example_short_circuit_decorator.py for tasks to queue
[2024-03-30T06:20:08.366+0000] {logging_mixin.py:149} INFO - [2024-03-30T06:20:08.366+0000] {dagbag.py:541} INFO - Filling up the DagBag from /home/airflow/.local/lib/python3.7/site-packages/airflow/example_dags/example_short_circuit_decorator.py
[2024-03-30T06:20:08.375+0000] {processor.py:836} INFO - DAG(s) dict_keys(['example_short_circuit_decorator']) retrieved from /home/airflow/.local/lib/python3.7/site-packages/airflow/example_dags/example_short_circuit_decorator.py
[2024-03-30T06:20:08.418+0000] {logging_mixin.py:149} INFO - [2024-03-30T06:20:08.418+0000] {dag.py:2726} INFO - Sync 1 DAGs
[2024-03-30T06:20:08.455+0000] {logging_mixin.py:149} INFO - [2024-03-30T06:20:08.454+0000] {dag.py:3490} INFO - Setting next_dagrun for example_short_circuit_decorator to 2024-03-29T06:20:08.454600+00:00, run_after=2024-03-30T06:20:08.454600+00:00
[2024-03-30T06:20:08.487+0000] {processor.py:179} INFO - Processing /home/airflow/.local/lib/python3.7/site-packages/airflow/example_dags/example_short_circuit_decorator.py took 0.125 seconds
[2024-03-30T06:20:38.992+0000] {processor.py:157} INFO - Started process (PID=649) to work on /home/airflow/.local/lib/python3.7/site-packages/airflow/example_dags/example_short_circuit_decorator.py
[2024-03-30T06:20:38.993+0000] {processor.py:826} INFO - Processing file /home/airflow/.local/lib/python3.7/site-packages/airflow/example_dags/example_short_circuit_decorator.py for tasks to queue
[2024-03-30T06:20:38.994+0000] {logging_mixin.py:149} INFO - [2024-03-30T06:20:38.994+0000] {dagbag.py:541} INFO - Filling up the DagBag from /home/airflow/.local/lib/python3.7/site-packages/airflow/example_dags/example_short_circuit_decorator.py
[2024-03-30T06:20:39.003+0000] {processor.py:836} INFO - DAG(s) dict_keys(['example_short_circuit_decorator']) retrieved from /home/airflow/.local/lib/python3.7/site-packages/airflow/example_dags/example_short_circuit_decorator.py
[2024-03-30T06:20:39.042+0000] {logging_mixin.py:149} INFO - [2024-03-30T06:20:39.042+0000] {dag.py:2726} INFO - Sync 1 DAGs
[2024-03-30T06:20:39.068+0000] {logging_mixin.py:149} INFO - [2024-03-30T06:20:39.068+0000] {dag.py:3490} INFO - Setting next_dagrun for example_short_circuit_decorator to 2024-03-29T06:20:39.067894+00:00, run_after=2024-03-30T06:20:39.067894+00:00
[2024-03-30T06:20:39.100+0000] {processor.py:179} INFO - Processing /home/airflow/.local/lib/python3.7/site-packages/airflow/example_dags/example_short_circuit_decorator.py took 0.111 seconds
[2024-03-30T06:21:09.893+0000] {processor.py:157} INFO - Started process (PID=710) to work on /home/airflow/.local/lib/python3.7/site-packages/airflow/example_dags/example_short_circuit_decorator.py
[2024-03-30T06:21:09.893+0000] {processor.py:826} INFO - Processing file /home/airflow/.local/lib/python3.7/site-packages/airflow/example_dags/example_short_circuit_decorator.py for tasks to queue
[2024-03-30T06:21:09.894+0000] {logging_mixin.py:149} INFO - [2024-03-30T06:21:09.894+0000] {dagbag.py:541} INFO - Filling up the DagBag from /home/airflow/.local/lib/python3.7/site-packages/airflow/example_dags/example_short_circuit_decorator.py
[2024-03-30T06:21:09.902+0000] {processor.py:836} INFO - DAG(s) dict_keys(['example_short_circuit_decorator']) retrieved from /home/airflow/.local/lib/python3.7/site-packages/airflow/example_dags/example_short_circuit_decorator.py
[2024-03-30T06:21:09.938+0000] {logging_mixin.py:149} INFO - [2024-03-30T06:21:09.938+0000] {dag.py:2726} INFO - Sync 1 DAGs
[2024-03-30T06:21:09.962+0000] {logging_mixin.py:149} INFO - [2024-03-30T06:21:09.962+0000] {dag.py:3490} INFO - Setting next_dagrun for example_short_circuit_decorator to 2024-03-29T06:21:09.961842+00:00, run_after=2024-03-30T06:21:09.961842+00:00
[2024-03-30T06:21:09.994+0000] {processor.py:179} INFO - Processing /home/airflow/.local/lib/python3.7/site-packages/airflow/example_dags/example_short_circuit_decorator.py took 0.104 seconds
[2024-03-30T06:21:40.859+0000] {processor.py:157} INFO - Started process (PID=771) to work on /home/airflow/.local/lib/python3.7/site-packages/airflow/example_dags/example_short_circuit_decorator.py
[2024-03-30T06:21:40.860+0000] {processor.py:826} INFO - Processing file /home/airflow/.local/lib/python3.7/site-packages/airflow/example_dags/example_short_circuit_decorator.py for tasks to queue
[2024-03-30T06:21:40.860+0000] {logging_mixin.py:149} INFO - [2024-03-30T06:21:40.860+0000] {dagbag.py:541} INFO - Filling up the DagBag from /home/airflow/.local/lib/python3.7/site-packages/airflow/example_dags/example_short_circuit_decorator.py
[2024-03-30T06:21:40.871+0000] {processor.py:836} INFO - DAG(s) dict_keys(['example_short_circuit_decorator']) retrieved from /home/airflow/.local/lib/python3.7/site-packages/airflow/example_dags/example_short_circuit_decorator.py
[2024-03-30T06:21:40.912+0000] {logging_mixin.py:149} INFO - [2024-03-30T06:21:40.912+0000] {dag.py:2726} INFO - Sync 1 DAGs
[2024-03-30T06:21:40.948+0000] {logging_mixin.py:149} INFO - [2024-03-30T06:21:40.948+0000] {dag.py:3490} INFO - Setting next_dagrun for example_short_circuit_decorator to 2024-03-29T06:21:40.948332+00:00, run_after=2024-03-30T06:21:40.948332+00:00
[2024-03-30T06:21:40.983+0000] {processor.py:179} INFO - Processing /home/airflow/.local/lib/python3.7/site-packages/airflow/example_dags/example_short_circuit_decorator.py took 0.128 seconds
[2024-03-30T06:22:11.754+0000] {processor.py:157} INFO - Started process (PID=832) to work on /home/airflow/.local/lib/python3.7/site-packages/airflow/example_dags/example_short_circuit_decorator.py
[2024-03-30T06:22:11.755+0000] {processor.py:826} INFO - Processing file /home/airflow/.local/lib/python3.7/site-packages/airflow/example_dags/example_short_circuit_decorator.py for tasks to queue
[2024-03-30T06:22:11.756+0000] {logging_mixin.py:149} INFO - [2024-03-30T06:22:11.756+0000] {dagbag.py:541} INFO - Filling up the DagBag from /home/airflow/.local/lib/python3.7/site-packages/airflow/example_dags/example_short_circuit_decorator.py
[2024-03-30T06:22:11.767+0000] {processor.py:836} INFO - DAG(s) dict_keys(['example_short_circuit_decorator']) retrieved from /home/airflow/.local/lib/python3.7/site-packages/airflow/example_dags/example_short_circuit_decorator.py
[2024-03-30T06:22:11.810+0000] {logging_mixin.py:149} INFO - [2024-03-30T06:22:11.810+0000] {dag.py:2726} INFO - Sync 1 DAGs
[2024-03-30T06:22:11.837+0000] {logging_mixin.py:149} INFO - [2024-03-30T06:22:11.837+0000] {dag.py:3490} INFO - Setting next_dagrun for example_short_circuit_decorator to 2024-03-29T06:22:11.837480+00:00, run_after=2024-03-30T06:22:11.837480+00:00
[2024-03-30T06:22:11.874+0000] {processor.py:179} INFO - Processing /home/airflow/.local/lib/python3.7/site-packages/airflow/example_dags/example_short_circuit_decorator.py took 0.124 seconds
[2024-03-30T06:22:42.370+0000] {processor.py:157} INFO - Started process (PID=894) to work on /home/airflow/.local/lib/python3.7/site-packages/airflow/example_dags/example_short_circuit_decorator.py
[2024-03-30T06:22:42.371+0000] {processor.py:826} INFO - Processing file /home/airflow/.local/lib/python3.7/site-packages/airflow/example_dags/example_short_circuit_decorator.py for tasks to queue
[2024-03-30T06:22:42.372+0000] {logging_mixin.py:149} INFO - [2024-03-30T06:22:42.371+0000] {dagbag.py:541} INFO - Filling up the DagBag from /home/airflow/.local/lib/python3.7/site-packages/airflow/example_dags/example_short_circuit_decorator.py
[2024-03-30T06:22:42.380+0000] {processor.py:836} INFO - DAG(s) dict_keys(['example_short_circuit_decorator']) retrieved from /home/airflow/.local/lib/python3.7/site-packages/airflow/example_dags/example_short_circuit_decorator.py
[2024-03-30T06:22:42.418+0000] {logging_mixin.py:149} INFO - [2024-03-30T06:22:42.417+0000] {dag.py:2726} INFO - Sync 1 DAGs
[2024-03-30T06:22:42.442+0000] {logging_mixin.py:149} INFO - [2024-03-30T06:22:42.442+0000] {dag.py:3490} INFO - Setting next_dagrun for example_short_circuit_decorator to 2024-03-29T06:22:42.441863+00:00, run_after=2024-03-30T06:22:42.441863+00:00
[2024-03-30T06:22:42.475+0000] {processor.py:179} INFO - Processing /home/airflow/.local/lib/python3.7/site-packages/airflow/example_dags/example_short_circuit_decorator.py took 0.107 seconds
[2024-03-30T06:23:12.760+0000] {processor.py:157} INFO - Started process (PID=955) to work on /home/airflow/.local/lib/python3.7/site-packages/airflow/example_dags/example_short_circuit_decorator.py
[2024-03-30T06:23:12.761+0000] {processor.py:826} INFO - Processing file /home/airflow/.local/lib/python3.7/site-packages/airflow/example_dags/example_short_circuit_decorator.py for tasks to queue
[2024-03-30T06:23:12.762+0000] {logging_mixin.py:149} INFO - [2024-03-30T06:23:12.762+0000] {dagbag.py:541} INFO - Filling up the DagBag from /home/airflow/.local/lib/python3.7/site-packages/airflow/example_dags/example_short_circuit_decorator.py
[2024-03-30T06:23:12.775+0000] {processor.py:836} INFO - DAG(s) dict_keys(['example_short_circuit_decorator']) retrieved from /home/airflow/.local/lib/python3.7/site-packages/airflow/example_dags/example_short_circuit_decorator.py
[2024-03-30T06:23:12.825+0000] {logging_mixin.py:149} INFO - [2024-03-30T06:23:12.825+0000] {dag.py:2726} INFO - Sync 1 DAGs
[2024-03-30T06:23:12.853+0000] {logging_mixin.py:149} INFO - [2024-03-30T06:23:12.852+0000] {dag.py:3490} INFO - Setting next_dagrun for example_short_circuit_decorator to 2024-03-29T06:23:12.852625+00:00, run_after=2024-03-30T06:23:12.852625+00:00
[2024-03-30T06:23:12.892+0000] {processor.py:179} INFO - Processing /home/airflow/.local/lib/python3.7/site-packages/airflow/example_dags/example_short_circuit_decorator.py took 0.135 seconds
[2024-03-30T06:23:43.017+0000] {processor.py:157} INFO - Started process (PID=1016) to work on /home/airflow/.local/lib/python3.7/site-packages/airflow/example_dags/example_short_circuit_decorator.py
[2024-03-30T06:23:43.018+0000] {processor.py:826} INFO - Processing file /home/airflow/.local/lib/python3.7/site-packages/airflow/example_dags/example_short_circuit_decorator.py for tasks to queue
[2024-03-30T06:23:43.018+0000] {logging_mixin.py:149} INFO - [2024-03-30T06:23:43.018+0000] {dagbag.py:541} INFO - Filling up the DagBag from /home/airflow/.local/lib/python3.7/site-packages/airflow/example_dags/example_short_circuit_decorator.py
[2024-03-30T06:23:43.027+0000] {processor.py:836} INFO - DAG(s) dict_keys(['example_short_circuit_decorator']) retrieved from /home/airflow/.local/lib/python3.7/site-packages/airflow/example_dags/example_short_circuit_decorator.py
[2024-03-30T06:23:43.064+0000] {logging_mixin.py:149} INFO - [2024-03-30T06:23:43.064+0000] {dag.py:2726} INFO - Sync 1 DAGs
[2024-03-30T06:23:43.130+0000] {logging_mixin.py:149} INFO - [2024-03-30T06:23:43.130+0000] {dag.py:3490} INFO - Setting next_dagrun for example_short_circuit_decorator to 2024-03-29T06:23:43.129870+00:00, run_after=2024-03-30T06:23:43.129870+00:00
[2024-03-30T06:23:43.164+0000] {processor.py:179} INFO - Processing /home/airflow/.local/lib/python3.7/site-packages/airflow/example_dags/example_short_circuit_decorator.py took 0.150 seconds
[2024-03-30T06:24:13.524+0000] {processor.py:157} INFO - Started process (PID=1077) to work on /home/airflow/.local/lib/python3.7/site-packages/airflow/example_dags/example_short_circuit_decorator.py
[2024-03-30T06:24:13.524+0000] {processor.py:826} INFO - Processing file /home/airflow/.local/lib/python3.7/site-packages/airflow/example_dags/example_short_circuit_decorator.py for tasks to queue
[2024-03-30T06:24:13.525+0000] {logging_mixin.py:149} INFO - [2024-03-30T06:24:13.525+0000] {dagbag.py:541} INFO - Filling up the DagBag from /home/airflow/.local/lib/python3.7/site-packages/airflow/example_dags/example_short_circuit_decorator.py
[2024-03-30T06:24:13.534+0000] {processor.py:836} INFO - DAG(s) dict_keys(['example_short_circuit_decorator']) retrieved from /home/airflow/.local/lib/python3.7/site-packages/airflow/example_dags/example_short_circuit_decorator.py
[2024-03-30T06:24:13.571+0000] {logging_mixin.py:149} INFO - [2024-03-30T06:24:13.570+0000] {dag.py:2726} INFO - Sync 1 DAGs
[2024-03-30T06:24:13.595+0000] {logging_mixin.py:149} INFO - [2024-03-30T06:24:13.595+0000] {dag.py:3490} INFO - Setting next_dagrun for example_short_circuit_decorator to 2024-03-29T06:24:13.595001+00:00, run_after=2024-03-30T06:24:13.595001+00:00
[2024-03-30T06:24:13.629+0000] {processor.py:179} INFO - Processing /home/airflow/.local/lib/python3.7/site-packages/airflow/example_dags/example_short_circuit_decorator.py took 0.108 seconds
[2024-03-30T06:24:44.025+0000] {processor.py:157} INFO - Started process (PID=1138) to work on /home/airflow/.local/lib/python3.7/site-packages/airflow/example_dags/example_short_circuit_decorator.py
[2024-03-30T06:24:44.026+0000] {processor.py:826} INFO - Processing file /home/airflow/.local/lib/python3.7/site-packages/airflow/example_dags/example_short_circuit_decorator.py for tasks to queue
[2024-03-30T06:24:44.026+0000] {logging_mixin.py:149} INFO - [2024-03-30T06:24:44.026+0000] {dagbag.py:541} INFO - Filling up the DagBag from /home/airflow/.local/lib/python3.7/site-packages/airflow/example_dags/example_short_circuit_decorator.py
[2024-03-30T06:24:44.036+0000] {processor.py:836} INFO - DAG(s) dict_keys(['example_short_circuit_decorator']) retrieved from /home/airflow/.local/lib/python3.7/site-packages/airflow/example_dags/example_short_circuit_decorator.py
[2024-03-30T06:24:44.076+0000] {logging_mixin.py:149} INFO - [2024-03-30T06:24:44.076+0000] {dag.py:2726} INFO - Sync 1 DAGs
[2024-03-30T06:24:44.102+0000] {logging_mixin.py:149} INFO - [2024-03-30T06:24:44.102+0000] {dag.py:3490} INFO - Setting next_dagrun for example_short_circuit_decorator to 2024-03-29T06:24:44.101961+00:00, run_after=2024-03-30T06:24:44.101961+00:00
[2024-03-30T06:24:44.137+0000] {processor.py:179} INFO - Processing /home/airflow/.local/lib/python3.7/site-packages/airflow/example_dags/example_short_circuit_decorator.py took 0.115 seconds
[2024-03-30T06:25:14.396+0000] {processor.py:157} INFO - Started process (PID=1199) to work on /home/airflow/.local/lib/python3.7/site-packages/airflow/example_dags/example_short_circuit_decorator.py
[2024-03-30T06:25:14.397+0000] {processor.py:826} INFO - Processing file /home/airflow/.local/lib/python3.7/site-packages/airflow/example_dags/example_short_circuit_decorator.py for tasks to queue
[2024-03-30T06:25:14.397+0000] {logging_mixin.py:149} INFO - [2024-03-30T06:25:14.397+0000] {dagbag.py:541} INFO - Filling up the DagBag from /home/airflow/.local/lib/python3.7/site-packages/airflow/example_dags/example_short_circuit_decorator.py
[2024-03-30T06:25:14.406+0000] {processor.py:836} INFO - DAG(s) dict_keys(['example_short_circuit_decorator']) retrieved from /home/airflow/.local/lib/python3.7/site-packages/airflow/example_dags/example_short_circuit_decorator.py
[2024-03-30T06:25:14.451+0000] {logging_mixin.py:149} INFO - [2024-03-30T06:25:14.451+0000] {dag.py:2726} INFO - Sync 1 DAGs
[2024-03-30T06:25:14.478+0000] {logging_mixin.py:149} INFO - [2024-03-30T06:25:14.478+0000] {dag.py:3490} INFO - Setting next_dagrun for example_short_circuit_decorator to 2024-03-29T06:25:14.478457+00:00, run_after=2024-03-30T06:25:14.478457+00:00
[2024-03-30T06:25:14.513+0000] {processor.py:179} INFO - Processing /home/airflow/.local/lib/python3.7/site-packages/airflow/example_dags/example_short_circuit_decorator.py took 0.121 seconds
[2024-03-30T06:25:44.652+0000] {processor.py:157} INFO - Started process (PID=1260) to work on /home/airflow/.local/lib/python3.7/site-packages/airflow/example_dags/example_short_circuit_decorator.py
[2024-03-30T06:25:44.653+0000] {processor.py:826} INFO - Processing file /home/airflow/.local/lib/python3.7/site-packages/airflow/example_dags/example_short_circuit_decorator.py for tasks to queue
[2024-03-30T06:25:44.653+0000] {logging_mixin.py:149} INFO - [2024-03-30T06:25:44.653+0000] {dagbag.py:541} INFO - Filling up the DagBag from /home/airflow/.local/lib/python3.7/site-packages/airflow/example_dags/example_short_circuit_decorator.py
[2024-03-30T06:25:44.664+0000] {processor.py:836} INFO - DAG(s) dict_keys(['example_short_circuit_decorator']) retrieved from /home/airflow/.local/lib/python3.7/site-packages/airflow/example_dags/example_short_circuit_decorator.py
[2024-03-30T06:25:44.704+0000] {logging_mixin.py:149} INFO - [2024-03-30T06:25:44.704+0000] {dag.py:2726} INFO - Sync 1 DAGs
[2024-03-30T06:25:44.780+0000] {logging_mixin.py:149} INFO - [2024-03-30T06:25:44.780+0000] {dag.py:3490} INFO - Setting next_dagrun for example_short_circuit_decorator to 2024-03-29T06:25:44.780081+00:00, run_after=2024-03-30T06:25:44.780081+00:00
[2024-03-30T06:25:44.816+0000] {processor.py:179} INFO - Processing /home/airflow/.local/lib/python3.7/site-packages/airflow/example_dags/example_short_circuit_decorator.py took 0.167 seconds
[2024-03-30T06:26:15.133+0000] {processor.py:157} INFO - Started process (PID=1321) to work on /home/airflow/.local/lib/python3.7/site-packages/airflow/example_dags/example_short_circuit_decorator.py
[2024-03-30T06:26:15.134+0000] {processor.py:826} INFO - Processing file /home/airflow/.local/lib/python3.7/site-packages/airflow/example_dags/example_short_circuit_decorator.py for tasks to queue
[2024-03-30T06:26:15.135+0000] {logging_mixin.py:149} INFO - [2024-03-30T06:26:15.135+0000] {dagbag.py:541} INFO - Filling up the DagBag from /home/airflow/.local/lib/python3.7/site-packages/airflow/example_dags/example_short_circuit_decorator.py
[2024-03-30T06:26:15.147+0000] {processor.py:836} INFO - DAG(s) dict_keys(['example_short_circuit_decorator']) retrieved from /home/airflow/.local/lib/python3.7/site-packages/airflow/example_dags/example_short_circuit_decorator.py
[2024-03-30T06:26:15.196+0000] {logging_mixin.py:149} INFO - [2024-03-30T06:26:15.196+0000] {dag.py:2726} INFO - Sync 1 DAGs
[2024-03-30T06:26:15.229+0000] {logging_mixin.py:149} INFO - [2024-03-30T06:26:15.228+0000] {dag.py:3490} INFO - Setting next_dagrun for example_short_circuit_decorator to 2024-03-29T06:26:15.228585+00:00, run_after=2024-03-30T06:26:15.228585+00:00
[2024-03-30T06:26:15.310+0000] {processor.py:179} INFO - Processing /home/airflow/.local/lib/python3.7/site-packages/airflow/example_dags/example_short_circuit_decorator.py took 0.181 seconds
[2024-03-30T06:26:45.333+0000] {processor.py:157} INFO - Started process (PID=1383) to work on /home/airflow/.local/lib/python3.7/site-packages/airflow/example_dags/example_short_circuit_decorator.py
[2024-03-30T06:26:45.335+0000] {processor.py:826} INFO - Processing file /home/airflow/.local/lib/python3.7/site-packages/airflow/example_dags/example_short_circuit_decorator.py for tasks to queue
[2024-03-30T06:26:45.335+0000] {logging_mixin.py:149} INFO - [2024-03-30T06:26:45.335+0000] {dagbag.py:541} INFO - Filling up the DagBag from /home/airflow/.local/lib/python3.7/site-packages/airflow/example_dags/example_short_circuit_decorator.py
[2024-03-30T06:26:45.345+0000] {processor.py:836} INFO - DAG(s) dict_keys(['example_short_circuit_decorator']) retrieved from /home/airflow/.local/lib/python3.7/site-packages/airflow/example_dags/example_short_circuit_decorator.py
[2024-03-30T06:26:45.385+0000] {logging_mixin.py:149} INFO - [2024-03-30T06:26:45.385+0000] {dag.py:2726} INFO - Sync 1 DAGs
[2024-03-30T06:26:45.409+0000] {logging_mixin.py:149} INFO - [2024-03-30T06:26:45.409+0000] {dag.py:3490} INFO - Setting next_dagrun for example_short_circuit_decorator to 2024-03-29T06:26:45.409105+00:00, run_after=2024-03-30T06:26:45.409105+00:00
[2024-03-30T06:26:45.444+0000] {processor.py:179} INFO - Processing /home/airflow/.local/lib/python3.7/site-packages/airflow/example_dags/example_short_circuit_decorator.py took 0.113 seconds
[2024-03-30T06:27:15.906+0000] {processor.py:157} INFO - Started process (PID=1444) to work on /home/airflow/.local/lib/python3.7/site-packages/airflow/example_dags/example_short_circuit_decorator.py
[2024-03-30T06:27:15.907+0000] {processor.py:826} INFO - Processing file /home/airflow/.local/lib/python3.7/site-packages/airflow/example_dags/example_short_circuit_decorator.py for tasks to queue
[2024-03-30T06:27:15.908+0000] {logging_mixin.py:149} INFO - [2024-03-30T06:27:15.908+0000] {dagbag.py:541} INFO - Filling up the DagBag from /home/airflow/.local/lib/python3.7/site-packages/airflow/example_dags/example_short_circuit_decorator.py
[2024-03-30T06:27:15.919+0000] {processor.py:836} INFO - DAG(s) dict_keys(['example_short_circuit_decorator']) retrieved from /home/airflow/.local/lib/python3.7/site-packages/airflow/example_dags/example_short_circuit_decorator.py
[2024-03-30T06:27:15.956+0000] {logging_mixin.py:149} INFO - [2024-03-30T06:27:15.956+0000] {dag.py:2726} INFO - Sync 1 DAGs
[2024-03-30T06:27:15.981+0000] {logging_mixin.py:149} INFO - [2024-03-30T06:27:15.981+0000] {dag.py:3490} INFO - Setting next_dagrun for example_short_circuit_decorator to 2024-03-29T06:27:15.980648+00:00, run_after=2024-03-30T06:27:15.980648+00:00
[2024-03-30T06:27:16.014+0000] {processor.py:179} INFO - Processing /home/airflow/.local/lib/python3.7/site-packages/airflow/example_dags/example_short_circuit_decorator.py took 0.112 seconds
[2024-03-30T06:27:46.473+0000] {processor.py:157} INFO - Started process (PID=1506) to work on /home/airflow/.local/lib/python3.7/site-packages/airflow/example_dags/example_short_circuit_decorator.py
[2024-03-30T06:27:46.474+0000] {processor.py:826} INFO - Processing file /home/airflow/.local/lib/python3.7/site-packages/airflow/example_dags/example_short_circuit_decorator.py for tasks to queue
[2024-03-30T06:27:46.475+0000] {logging_mixin.py:149} INFO - [2024-03-30T06:27:46.475+0000] {dagbag.py:541} INFO - Filling up the DagBag from /home/airflow/.local/lib/python3.7/site-packages/airflow/example_dags/example_short_circuit_decorator.py
[2024-03-30T06:27:46.484+0000] {processor.py:836} INFO - DAG(s) dict_keys(['example_short_circuit_decorator']) retrieved from /home/airflow/.local/lib/python3.7/site-packages/airflow/example_dags/example_short_circuit_decorator.py
[2024-03-30T06:27:46.521+0000] {logging_mixin.py:149} INFO - [2024-03-30T06:27:46.521+0000] {dag.py:2726} INFO - Sync 1 DAGs
[2024-03-30T06:27:46.546+0000] {logging_mixin.py:149} INFO - [2024-03-30T06:27:46.545+0000] {dag.py:3490} INFO - Setting next_dagrun for example_short_circuit_decorator to 2024-03-29T06:27:46.545770+00:00, run_after=2024-03-30T06:27:46.545770+00:00
[2024-03-30T06:27:46.579+0000] {processor.py:179} INFO - Processing /home/airflow/.local/lib/python3.7/site-packages/airflow/example_dags/example_short_circuit_decorator.py took 0.109 seconds
[2024-03-30T06:28:16.713+0000] {processor.py:157} INFO - Started process (PID=1567) to work on /home/airflow/.local/lib/python3.7/site-packages/airflow/example_dags/example_short_circuit_decorator.py
[2024-03-30T06:28:16.714+0000] {processor.py:826} INFO - Processing file /home/airflow/.local/lib/python3.7/site-packages/airflow/example_dags/example_short_circuit_decorator.py for tasks to queue
[2024-03-30T06:28:16.715+0000] {logging_mixin.py:149} INFO - [2024-03-30T06:28:16.715+0000] {dagbag.py:541} INFO - Filling up the DagBag from /home/airflow/.local/lib/python3.7/site-packages/airflow/example_dags/example_short_circuit_decorator.py
[2024-03-30T06:28:16.724+0000] {processor.py:836} INFO - DAG(s) dict_keys(['example_short_circuit_decorator']) retrieved from /home/airflow/.local/lib/python3.7/site-packages/airflow/example_dags/example_short_circuit_decorator.py
[2024-03-30T06:28:16.767+0000] {logging_mixin.py:149} INFO - [2024-03-30T06:28:16.767+0000] {dag.py:2726} INFO - Sync 1 DAGs
[2024-03-30T06:28:16.797+0000] {logging_mixin.py:149} INFO - [2024-03-30T06:28:16.797+0000] {dag.py:3490} INFO - Setting next_dagrun for example_short_circuit_decorator to 2024-03-29T06:28:16.796719+00:00, run_after=2024-03-30T06:28:16.796719+00:00
[2024-03-30T06:28:16.835+0000] {processor.py:179} INFO - Processing /home/airflow/.local/lib/python3.7/site-packages/airflow/example_dags/example_short_circuit_decorator.py took 0.126 seconds
[2024-03-30T06:28:47.238+0000] {processor.py:157} INFO - Started process (PID=1628) to work on /home/airflow/.local/lib/python3.7/site-packages/airflow/example_dags/example_short_circuit_decorator.py
[2024-03-30T06:28:47.239+0000] {processor.py:826} INFO - Processing file /home/airflow/.local/lib/python3.7/site-packages/airflow/example_dags/example_short_circuit_decorator.py for tasks to queue
[2024-03-30T06:28:47.240+0000] {logging_mixin.py:149} INFO - [2024-03-30T06:28:47.240+0000] {dagbag.py:541} INFO - Filling up the DagBag from /home/airflow/.local/lib/python3.7/site-packages/airflow/example_dags/example_short_circuit_decorator.py
[2024-03-30T06:28:47.249+0000] {processor.py:836} INFO - DAG(s) dict_keys(['example_short_circuit_decorator']) retrieved from /home/airflow/.local/lib/python3.7/site-packages/airflow/example_dags/example_short_circuit_decorator.py
[2024-03-30T06:28:47.286+0000] {logging_mixin.py:149} INFO - [2024-03-30T06:28:47.286+0000] {dag.py:2726} INFO - Sync 1 DAGs
[2024-03-30T06:28:47.311+0000] {logging_mixin.py:149} INFO - [2024-03-30T06:28:47.311+0000] {dag.py:3490} INFO - Setting next_dagrun for example_short_circuit_decorator to 2024-03-29T06:28:47.311274+00:00, run_after=2024-03-30T06:28:47.311274+00:00
[2024-03-30T06:28:47.348+0000] {processor.py:179} INFO - Processing /home/airflow/.local/lib/python3.7/site-packages/airflow/example_dags/example_short_circuit_decorator.py took 0.112 seconds
[2024-03-30T06:29:17.751+0000] {processor.py:157} INFO - Started process (PID=1689) to work on /home/airflow/.local/lib/python3.7/site-packages/airflow/example_dags/example_short_circuit_decorator.py
[2024-03-30T06:29:17.752+0000] {processor.py:826} INFO - Processing file /home/airflow/.local/lib/python3.7/site-packages/airflow/example_dags/example_short_circuit_decorator.py for tasks to queue
[2024-03-30T06:29:17.752+0000] {logging_mixin.py:149} INFO - [2024-03-30T06:29:17.752+0000] {dagbag.py:541} INFO - Filling up the DagBag from /home/airflow/.local/lib/python3.7/site-packages/airflow/example_dags/example_short_circuit_decorator.py
[2024-03-30T06:29:17.762+0000] {processor.py:836} INFO - DAG(s) dict_keys(['example_short_circuit_decorator']) retrieved from /home/airflow/.local/lib/python3.7/site-packages/airflow/example_dags/example_short_circuit_decorator.py
[2024-03-30T06:29:17.801+0000] {logging_mixin.py:149} INFO - [2024-03-30T06:29:17.801+0000] {dag.py:2726} INFO - Sync 1 DAGs
[2024-03-30T06:29:17.826+0000] {logging_mixin.py:149} INFO - [2024-03-30T06:29:17.825+0000] {dag.py:3490} INFO - Setting next_dagrun for example_short_circuit_decorator to 2024-03-29T06:29:17.825691+00:00, run_after=2024-03-30T06:29:17.825691+00:00
[2024-03-30T06:29:17.860+0000] {processor.py:179} INFO - Processing /home/airflow/.local/lib/python3.7/site-packages/airflow/example_dags/example_short_circuit_decorator.py took 0.112 seconds
[2024-03-30T06:29:48.078+0000] {processor.py:157} INFO - Started process (PID=1750) to work on /home/airflow/.local/lib/python3.7/site-packages/airflow/example_dags/example_short_circuit_decorator.py
[2024-03-30T06:29:48.079+0000] {processor.py:826} INFO - Processing file /home/airflow/.local/lib/python3.7/site-packages/airflow/example_dags/example_short_circuit_decorator.py for tasks to queue
[2024-03-30T06:29:48.080+0000] {logging_mixin.py:149} INFO - [2024-03-30T06:29:48.080+0000] {dagbag.py:541} INFO - Filling up the DagBag from /home/airflow/.local/lib/python3.7/site-packages/airflow/example_dags/example_short_circuit_decorator.py
[2024-03-30T06:29:48.089+0000] {processor.py:836} INFO - DAG(s) dict_keys(['example_short_circuit_decorator']) retrieved from /home/airflow/.local/lib/python3.7/site-packages/airflow/example_dags/example_short_circuit_decorator.py
[2024-03-30T06:29:48.126+0000] {logging_mixin.py:149} INFO - [2024-03-30T06:29:48.126+0000] {dag.py:2726} INFO - Sync 1 DAGs
[2024-03-30T06:29:48.150+0000] {logging_mixin.py:149} INFO - [2024-03-30T06:29:48.150+0000] {dag.py:3490} INFO - Setting next_dagrun for example_short_circuit_decorator to 2024-03-29T06:29:48.150500+00:00, run_after=2024-03-30T06:29:48.150500+00:00
[2024-03-30T06:29:48.184+0000] {processor.py:179} INFO - Processing /home/airflow/.local/lib/python3.7/site-packages/airflow/example_dags/example_short_circuit_decorator.py took 0.109 seconds
[2024-03-30T06:30:18.890+0000] {processor.py:157} INFO - Started process (PID=1811) to work on /home/airflow/.local/lib/python3.7/site-packages/airflow/example_dags/example_short_circuit_decorator.py
[2024-03-30T06:30:18.890+0000] {processor.py:826} INFO - Processing file /home/airflow/.local/lib/python3.7/site-packages/airflow/example_dags/example_short_circuit_decorator.py for tasks to queue
[2024-03-30T06:30:18.891+0000] {logging_mixin.py:149} INFO - [2024-03-30T06:30:18.891+0000] {dagbag.py:541} INFO - Filling up the DagBag from /home/airflow/.local/lib/python3.7/site-packages/airflow/example_dags/example_short_circuit_decorator.py
[2024-03-30T06:30:18.899+0000] {processor.py:836} INFO - DAG(s) dict_keys(['example_short_circuit_decorator']) retrieved from /home/airflow/.local/lib/python3.7/site-packages/airflow/example_dags/example_short_circuit_decorator.py
[2024-03-30T06:30:18.938+0000] {logging_mixin.py:149} INFO - [2024-03-30T06:30:18.938+0000] {dag.py:2726} INFO - Sync 1 DAGs
[2024-03-30T06:30:18.968+0000] {logging_mixin.py:149} INFO - [2024-03-30T06:30:18.968+0000] {dag.py:3490} INFO - Setting next_dagrun for example_short_circuit_decorator to 2024-03-29T06:30:18.967979+00:00, run_after=2024-03-30T06:30:18.967979+00:00
[2024-03-30T06:30:19.002+0000] {processor.py:179} INFO - Processing /home/airflow/.local/lib/python3.7/site-packages/airflow/example_dags/example_short_circuit_decorator.py took 0.115 seconds
[2024-03-30T06:30:49.400+0000] {processor.py:157} INFO - Started process (PID=1872) to work on /home/airflow/.local/lib/python3.7/site-packages/airflow/example_dags/example_short_circuit_decorator.py
[2024-03-30T06:30:49.401+0000] {processor.py:826} INFO - Processing file /home/airflow/.local/lib/python3.7/site-packages/airflow/example_dags/example_short_circuit_decorator.py for tasks to queue
[2024-03-30T06:30:49.402+0000] {logging_mixin.py:149} INFO - [2024-03-30T06:30:49.402+0000] {dagbag.py:541} INFO - Filling up the DagBag from /home/airflow/.local/lib/python3.7/site-packages/airflow/example_dags/example_short_circuit_decorator.py
[2024-03-30T06:30:49.410+0000] {processor.py:836} INFO - DAG(s) dict_keys(['example_short_circuit_decorator']) retrieved from /home/airflow/.local/lib/python3.7/site-packages/airflow/example_dags/example_short_circuit_decorator.py
[2024-03-30T06:30:49.448+0000] {logging_mixin.py:149} INFO - [2024-03-30T06:30:49.448+0000] {dag.py:2726} INFO - Sync 1 DAGs
[2024-03-30T06:30:49.520+0000] {logging_mixin.py:149} INFO - [2024-03-30T06:30:49.520+0000] {dag.py:3490} INFO - Setting next_dagrun for example_short_circuit_decorator to 2024-03-29T06:30:49.520357+00:00, run_after=2024-03-30T06:30:49.520357+00:00
[2024-03-30T06:30:49.556+0000] {processor.py:179} INFO - Processing /home/airflow/.local/lib/python3.7/site-packages/airflow/example_dags/example_short_circuit_decorator.py took 0.158 seconds
[2024-03-30T06:31:20.262+0000] {processor.py:157} INFO - Started process (PID=1933) to work on /home/airflow/.local/lib/python3.7/site-packages/airflow/example_dags/example_short_circuit_decorator.py
[2024-03-30T06:31:20.262+0000] {processor.py:826} INFO - Processing file /home/airflow/.local/lib/python3.7/site-packages/airflow/example_dags/example_short_circuit_decorator.py for tasks to queue
[2024-03-30T06:31:20.263+0000] {logging_mixin.py:149} INFO - [2024-03-30T06:31:20.263+0000] {dagbag.py:541} INFO - Filling up the DagBag from /home/airflow/.local/lib/python3.7/site-packages/airflow/example_dags/example_short_circuit_decorator.py
[2024-03-30T06:31:20.271+0000] {processor.py:836} INFO - DAG(s) dict_keys(['example_short_circuit_decorator']) retrieved from /home/airflow/.local/lib/python3.7/site-packages/airflow/example_dags/example_short_circuit_decorator.py
[2024-03-30T06:31:20.319+0000] {logging_mixin.py:149} INFO - [2024-03-30T06:31:20.319+0000] {dag.py:2726} INFO - Sync 1 DAGs
[2024-03-30T06:31:20.355+0000] {logging_mixin.py:149} INFO - [2024-03-30T06:31:20.355+0000] {dag.py:3490} INFO - Setting next_dagrun for example_short_circuit_decorator to 2024-03-29T06:31:20.355177+00:00, run_after=2024-03-30T06:31:20.355177+00:00
[2024-03-30T06:31:20.401+0000] {processor.py:179} INFO - Processing /home/airflow/.local/lib/python3.7/site-packages/airflow/example_dags/example_short_circuit_decorator.py took 0.142 seconds
[2024-03-30T08:20:55.397+0000] {processor.py:157} INFO - Started process (PID=49) to work on /home/airflow/.local/lib/python3.7/site-packages/airflow/example_dags/example_short_circuit_decorator.py
[2024-03-30T08:20:55.398+0000] {processor.py:826} INFO - Processing file /home/airflow/.local/lib/python3.7/site-packages/airflow/example_dags/example_short_circuit_decorator.py for tasks to queue
[2024-03-30T08:20:55.399+0000] {logging_mixin.py:149} INFO - [2024-03-30T08:20:55.399+0000] {dagbag.py:541} INFO - Filling up the DagBag from /home/airflow/.local/lib/python3.7/site-packages/airflow/example_dags/example_short_circuit_decorator.py
[2024-03-30T08:20:55.419+0000] {processor.py:836} INFO - DAG(s) dict_keys(['example_short_circuit_decorator']) retrieved from /home/airflow/.local/lib/python3.7/site-packages/airflow/example_dags/example_short_circuit_decorator.py
[2024-03-30T08:20:55.472+0000] {logging_mixin.py:149} INFO - [2024-03-30T08:20:55.472+0000] {dag.py:2726} INFO - Sync 1 DAGs
[2024-03-30T08:20:55.557+0000] {logging_mixin.py:149} INFO - [2024-03-30T08:20:55.557+0000] {dag.py:3490} INFO - Setting next_dagrun for example_short_circuit_decorator to 2024-03-29T08:20:55.556917+00:00, run_after=2024-03-30T08:20:55.556917+00:00
[2024-03-30T08:20:55.623+0000] {processor.py:179} INFO - Processing /home/airflow/.local/lib/python3.7/site-packages/airflow/example_dags/example_short_circuit_decorator.py took 0.232 seconds
[2024-03-30T08:21:25.843+0000] {processor.py:157} INFO - Started process (PID=109) to work on /home/airflow/.local/lib/python3.7/site-packages/airflow/example_dags/example_short_circuit_decorator.py
[2024-03-30T08:21:25.844+0000] {processor.py:826} INFO - Processing file /home/airflow/.local/lib/python3.7/site-packages/airflow/example_dags/example_short_circuit_decorator.py for tasks to queue
[2024-03-30T08:21:25.845+0000] {logging_mixin.py:149} INFO - [2024-03-30T08:21:25.845+0000] {dagbag.py:541} INFO - Filling up the DagBag from /home/airflow/.local/lib/python3.7/site-packages/airflow/example_dags/example_short_circuit_decorator.py
[2024-03-30T08:21:25.855+0000] {processor.py:836} INFO - DAG(s) dict_keys(['example_short_circuit_decorator']) retrieved from /home/airflow/.local/lib/python3.7/site-packages/airflow/example_dags/example_short_circuit_decorator.py
[2024-03-30T08:21:25.905+0000] {logging_mixin.py:149} INFO - [2024-03-30T08:21:25.904+0000] {dag.py:2726} INFO - Sync 1 DAGs
[2024-03-30T08:21:25.932+0000] {logging_mixin.py:149} INFO - [2024-03-30T08:21:25.932+0000] {dag.py:3490} INFO - Setting next_dagrun for example_short_circuit_decorator to 2024-03-29T08:21:25.932002+00:00, run_after=2024-03-30T08:21:25.932002+00:00
[2024-03-30T08:21:25.985+0000] {processor.py:179} INFO - Processing /home/airflow/.local/lib/python3.7/site-packages/airflow/example_dags/example_short_circuit_decorator.py took 0.145 seconds
[2024-03-30T08:21:56.375+0000] {processor.py:157} INFO - Started process (PID=169) to work on /home/airflow/.local/lib/python3.7/site-packages/airflow/example_dags/example_short_circuit_decorator.py
[2024-03-30T08:21:56.376+0000] {processor.py:826} INFO - Processing file /home/airflow/.local/lib/python3.7/site-packages/airflow/example_dags/example_short_circuit_decorator.py for tasks to queue
[2024-03-30T08:21:56.376+0000] {logging_mixin.py:149} INFO - [2024-03-30T08:21:56.376+0000] {dagbag.py:541} INFO - Filling up the DagBag from /home/airflow/.local/lib/python3.7/site-packages/airflow/example_dags/example_short_circuit_decorator.py
[2024-03-30T08:21:56.385+0000] {processor.py:836} INFO - DAG(s) dict_keys(['example_short_circuit_decorator']) retrieved from /home/airflow/.local/lib/python3.7/site-packages/airflow/example_dags/example_short_circuit_decorator.py
[2024-03-30T08:21:56.429+0000] {logging_mixin.py:149} INFO - [2024-03-30T08:21:56.429+0000] {dag.py:2726} INFO - Sync 1 DAGs
[2024-03-30T08:21:56.557+0000] {logging_mixin.py:149} INFO - [2024-03-30T08:21:56.556+0000] {dag.py:3490} INFO - Setting next_dagrun for example_short_circuit_decorator to 2024-03-29T08:21:56.556530+00:00, run_after=2024-03-30T08:21:56.556530+00:00
[2024-03-30T08:21:56.602+0000] {processor.py:179} INFO - Processing /home/airflow/.local/lib/python3.7/site-packages/airflow/example_dags/example_short_circuit_decorator.py took 0.229 seconds
[2024-03-30T08:22:27.491+0000] {processor.py:157} INFO - Started process (PID=230) to work on /home/airflow/.local/lib/python3.7/site-packages/airflow/example_dags/example_short_circuit_decorator.py
[2024-03-30T08:22:27.492+0000] {processor.py:826} INFO - Processing file /home/airflow/.local/lib/python3.7/site-packages/airflow/example_dags/example_short_circuit_decorator.py for tasks to queue
[2024-03-30T08:22:27.493+0000] {logging_mixin.py:149} INFO - [2024-03-30T08:22:27.493+0000] {dagbag.py:541} INFO - Filling up the DagBag from /home/airflow/.local/lib/python3.7/site-packages/airflow/example_dags/example_short_circuit_decorator.py
[2024-03-30T08:22:27.505+0000] {processor.py:836} INFO - DAG(s) dict_keys(['example_short_circuit_decorator']) retrieved from /home/airflow/.local/lib/python3.7/site-packages/airflow/example_dags/example_short_circuit_decorator.py
[2024-03-30T08:22:27.564+0000] {logging_mixin.py:149} INFO - [2024-03-30T08:22:27.563+0000] {dag.py:2726} INFO - Sync 1 DAGs
[2024-03-30T08:22:27.592+0000] {logging_mixin.py:149} INFO - [2024-03-30T08:22:27.592+0000] {dag.py:3490} INFO - Setting next_dagrun for example_short_circuit_decorator to 2024-03-29T08:22:27.591702+00:00, run_after=2024-03-30T08:22:27.591702+00:00
[2024-03-30T08:22:27.643+0000] {processor.py:179} INFO - Processing /home/airflow/.local/lib/python3.7/site-packages/airflow/example_dags/example_short_circuit_decorator.py took 0.154 seconds
[2024-03-30T08:22:57.898+0000] {processor.py:157} INFO - Started process (PID=291) to work on /home/airflow/.local/lib/python3.7/site-packages/airflow/example_dags/example_short_circuit_decorator.py
[2024-03-30T08:22:57.900+0000] {processor.py:826} INFO - Processing file /home/airflow/.local/lib/python3.7/site-packages/airflow/example_dags/example_short_circuit_decorator.py for tasks to queue
[2024-03-30T08:22:57.900+0000] {logging_mixin.py:149} INFO - [2024-03-30T08:22:57.900+0000] {dagbag.py:541} INFO - Filling up the DagBag from /home/airflow/.local/lib/python3.7/site-packages/airflow/example_dags/example_short_circuit_decorator.py
[2024-03-30T08:22:57.909+0000] {processor.py:836} INFO - DAG(s) dict_keys(['example_short_circuit_decorator']) retrieved from /home/airflow/.local/lib/python3.7/site-packages/airflow/example_dags/example_short_circuit_decorator.py
[2024-03-30T08:22:57.957+0000] {logging_mixin.py:149} INFO - [2024-03-30T08:22:57.956+0000] {dag.py:2726} INFO - Sync 1 DAGs
[2024-03-30T08:22:58.005+0000] {logging_mixin.py:149} INFO - [2024-03-30T08:22:58.004+0000] {dag.py:3490} INFO - Setting next_dagrun for example_short_circuit_decorator to 2024-03-29T08:22:58.004204+00:00, run_after=2024-03-30T08:22:58.004204+00:00
[2024-03-30T08:22:58.061+0000] {processor.py:179} INFO - Processing /home/airflow/.local/lib/python3.7/site-packages/airflow/example_dags/example_short_circuit_decorator.py took 0.166 seconds
[2024-03-30T08:23:29.016+0000] {processor.py:157} INFO - Started process (PID=354) to work on /home/airflow/.local/lib/python3.7/site-packages/airflow/example_dags/example_short_circuit_decorator.py
[2024-03-30T08:23:29.017+0000] {processor.py:826} INFO - Processing file /home/airflow/.local/lib/python3.7/site-packages/airflow/example_dags/example_short_circuit_decorator.py for tasks to queue
[2024-03-30T08:23:29.018+0000] {logging_mixin.py:149} INFO - [2024-03-30T08:23:29.018+0000] {dagbag.py:541} INFO - Filling up the DagBag from /home/airflow/.local/lib/python3.7/site-packages/airflow/example_dags/example_short_circuit_decorator.py
[2024-03-30T08:23:29.031+0000] {processor.py:836} INFO - DAG(s) dict_keys(['example_short_circuit_decorator']) retrieved from /home/airflow/.local/lib/python3.7/site-packages/airflow/example_dags/example_short_circuit_decorator.py
[2024-03-30T08:23:29.081+0000] {logging_mixin.py:149} INFO - [2024-03-30T08:23:29.081+0000] {dag.py:2726} INFO - Sync 1 DAGs
[2024-03-30T08:23:29.108+0000] {logging_mixin.py:149} INFO - [2024-03-30T08:23:29.108+0000] {dag.py:3490} INFO - Setting next_dagrun for example_short_circuit_decorator to 2024-03-29T08:23:29.107959+00:00, run_after=2024-03-30T08:23:29.107959+00:00
[2024-03-30T08:23:29.151+0000] {processor.py:179} INFO - Processing /home/airflow/.local/lib/python3.7/site-packages/airflow/example_dags/example_short_circuit_decorator.py took 0.138 seconds
[2024-03-30T08:23:59.255+0000] {processor.py:157} INFO - Started process (PID=414) to work on /home/airflow/.local/lib/python3.7/site-packages/airflow/example_dags/example_short_circuit_decorator.py
[2024-03-30T08:23:59.256+0000] {processor.py:826} INFO - Processing file /home/airflow/.local/lib/python3.7/site-packages/airflow/example_dags/example_short_circuit_decorator.py for tasks to queue
[2024-03-30T08:23:59.257+0000] {logging_mixin.py:149} INFO - [2024-03-30T08:23:59.257+0000] {dagbag.py:541} INFO - Filling up the DagBag from /home/airflow/.local/lib/python3.7/site-packages/airflow/example_dags/example_short_circuit_decorator.py
[2024-03-30T08:23:59.265+0000] {processor.py:836} INFO - DAG(s) dict_keys(['example_short_circuit_decorator']) retrieved from /home/airflow/.local/lib/python3.7/site-packages/airflow/example_dags/example_short_circuit_decorator.py
[2024-03-30T08:23:59.313+0000] {logging_mixin.py:149} INFO - [2024-03-30T08:23:59.313+0000] {dag.py:2726} INFO - Sync 1 DAGs
[2024-03-30T08:23:59.346+0000] {logging_mixin.py:149} INFO - [2024-03-30T08:23:59.346+0000] {dag.py:3490} INFO - Setting next_dagrun for example_short_circuit_decorator to 2024-03-29T08:23:59.345951+00:00, run_after=2024-03-30T08:23:59.345951+00:00
[2024-03-30T08:23:59.396+0000] {processor.py:179} INFO - Processing /home/airflow/.local/lib/python3.7/site-packages/airflow/example_dags/example_short_circuit_decorator.py took 0.143 seconds
[2024-03-30T08:24:29.482+0000] {processor.py:157} INFO - Started process (PID=474) to work on /home/airflow/.local/lib/python3.7/site-packages/airflow/example_dags/example_short_circuit_decorator.py
[2024-03-30T08:24:29.483+0000] {processor.py:826} INFO - Processing file /home/airflow/.local/lib/python3.7/site-packages/airflow/example_dags/example_short_circuit_decorator.py for tasks to queue
[2024-03-30T08:24:29.483+0000] {logging_mixin.py:149} INFO - [2024-03-30T08:24:29.483+0000] {dagbag.py:541} INFO - Filling up the DagBag from /home/airflow/.local/lib/python3.7/site-packages/airflow/example_dags/example_short_circuit_decorator.py
[2024-03-30T08:24:29.495+0000] {processor.py:836} INFO - DAG(s) dict_keys(['example_short_circuit_decorator']) retrieved from /home/airflow/.local/lib/python3.7/site-packages/airflow/example_dags/example_short_circuit_decorator.py
[2024-03-30T08:24:29.544+0000] {logging_mixin.py:149} INFO - [2024-03-30T08:24:29.544+0000] {dag.py:2726} INFO - Sync 1 DAGs
[2024-03-30T08:24:29.573+0000] {logging_mixin.py:149} INFO - [2024-03-30T08:24:29.573+0000] {dag.py:3490} INFO - Setting next_dagrun for example_short_circuit_decorator to 2024-03-29T08:24:29.573225+00:00, run_after=2024-03-30T08:24:29.573225+00:00
[2024-03-30T08:24:29.614+0000] {processor.py:179} INFO - Processing /home/airflow/.local/lib/python3.7/site-packages/airflow/example_dags/example_short_circuit_decorator.py took 0.135 seconds
[2024-03-30T08:24:59.986+0000] {processor.py:157} INFO - Started process (PID=535) to work on /home/airflow/.local/lib/python3.7/site-packages/airflow/example_dags/example_short_circuit_decorator.py
[2024-03-30T08:24:59.988+0000] {processor.py:826} INFO - Processing file /home/airflow/.local/lib/python3.7/site-packages/airflow/example_dags/example_short_circuit_decorator.py for tasks to queue
[2024-03-30T08:24:59.989+0000] {logging_mixin.py:149} INFO - [2024-03-30T08:24:59.988+0000] {dagbag.py:541} INFO - Filling up the DagBag from /home/airflow/.local/lib/python3.7/site-packages/airflow/example_dags/example_short_circuit_decorator.py
[2024-03-30T08:24:59.999+0000] {processor.py:836} INFO - DAG(s) dict_keys(['example_short_circuit_decorator']) retrieved from /home/airflow/.local/lib/python3.7/site-packages/airflow/example_dags/example_short_circuit_decorator.py
[2024-03-30T08:25:00.072+0000] {logging_mixin.py:149} INFO - [2024-03-30T08:25:00.072+0000] {dag.py:2726} INFO - Sync 1 DAGs
[2024-03-30T08:25:00.113+0000] {logging_mixin.py:149} INFO - [2024-03-30T08:25:00.113+0000] {dag.py:3490} INFO - Setting next_dagrun for example_short_circuit_decorator to 2024-03-29T08:25:00.113229+00:00, run_after=2024-03-30T08:25:00.113229+00:00
[2024-03-30T08:25:00.155+0000] {processor.py:179} INFO - Processing /home/airflow/.local/lib/python3.7/site-packages/airflow/example_dags/example_short_circuit_decorator.py took 0.172 seconds
[2024-03-30T08:25:30.236+0000] {processor.py:157} INFO - Started process (PID=596) to work on /home/airflow/.local/lib/python3.7/site-packages/airflow/example_dags/example_short_circuit_decorator.py
[2024-03-30T08:25:30.236+0000] {processor.py:826} INFO - Processing file /home/airflow/.local/lib/python3.7/site-packages/airflow/example_dags/example_short_circuit_decorator.py for tasks to queue
[2024-03-30T08:25:30.237+0000] {logging_mixin.py:149} INFO - [2024-03-30T08:25:30.237+0000] {dagbag.py:541} INFO - Filling up the DagBag from /home/airflow/.local/lib/python3.7/site-packages/airflow/example_dags/example_short_circuit_decorator.py
[2024-03-30T08:25:30.246+0000] {processor.py:836} INFO - DAG(s) dict_keys(['example_short_circuit_decorator']) retrieved from /home/airflow/.local/lib/python3.7/site-packages/airflow/example_dags/example_short_circuit_decorator.py
[2024-03-30T08:25:30.289+0000] {logging_mixin.py:149} INFO - [2024-03-30T08:25:30.289+0000] {dag.py:2726} INFO - Sync 1 DAGs
[2024-03-30T08:25:30.317+0000] {logging_mixin.py:149} INFO - [2024-03-30T08:25:30.317+0000] {dag.py:3490} INFO - Setting next_dagrun for example_short_circuit_decorator to 2024-03-29T08:25:30.317226+00:00, run_after=2024-03-30T08:25:30.317226+00:00
[2024-03-30T08:25:30.355+0000] {processor.py:179} INFO - Processing /home/airflow/.local/lib/python3.7/site-packages/airflow/example_dags/example_short_circuit_decorator.py took 0.122 seconds
[2024-03-30T08:26:00.712+0000] {processor.py:157} INFO - Started process (PID=658) to work on /home/airflow/.local/lib/python3.7/site-packages/airflow/example_dags/example_short_circuit_decorator.py
[2024-03-30T08:26:00.713+0000] {processor.py:826} INFO - Processing file /home/airflow/.local/lib/python3.7/site-packages/airflow/example_dags/example_short_circuit_decorator.py for tasks to queue
[2024-03-30T08:26:00.714+0000] {logging_mixin.py:149} INFO - [2024-03-30T08:26:00.714+0000] {dagbag.py:541} INFO - Filling up the DagBag from /home/airflow/.local/lib/python3.7/site-packages/airflow/example_dags/example_short_circuit_decorator.py
[2024-03-30T08:26:00.722+0000] {processor.py:836} INFO - DAG(s) dict_keys(['example_short_circuit_decorator']) retrieved from /home/airflow/.local/lib/python3.7/site-packages/airflow/example_dags/example_short_circuit_decorator.py
[2024-03-30T08:26:00.771+0000] {logging_mixin.py:149} INFO - [2024-03-30T08:26:00.771+0000] {dag.py:2726} INFO - Sync 1 DAGs
[2024-03-30T08:26:00.799+0000] {logging_mixin.py:149} INFO - [2024-03-30T08:26:00.799+0000] {dag.py:3490} INFO - Setting next_dagrun for example_short_circuit_decorator to 2024-03-29T08:26:00.799494+00:00, run_after=2024-03-30T08:26:00.799494+00:00
[2024-03-30T08:26:00.847+0000] {processor.py:179} INFO - Processing /home/airflow/.local/lib/python3.7/site-packages/airflow/example_dags/example_short_circuit_decorator.py took 0.138 seconds
[2024-03-30T08:26:31.054+0000] {processor.py:157} INFO - Started process (PID=719) to work on /home/airflow/.local/lib/python3.7/site-packages/airflow/example_dags/example_short_circuit_decorator.py
[2024-03-30T08:26:31.055+0000] {processor.py:826} INFO - Processing file /home/airflow/.local/lib/python3.7/site-packages/airflow/example_dags/example_short_circuit_decorator.py for tasks to queue
[2024-03-30T08:26:31.055+0000] {logging_mixin.py:149} INFO - [2024-03-30T08:26:31.055+0000] {dagbag.py:541} INFO - Filling up the DagBag from /home/airflow/.local/lib/python3.7/site-packages/airflow/example_dags/example_short_circuit_decorator.py
[2024-03-30T08:26:31.066+0000] {processor.py:836} INFO - DAG(s) dict_keys(['example_short_circuit_decorator']) retrieved from /home/airflow/.local/lib/python3.7/site-packages/airflow/example_dags/example_short_circuit_decorator.py
[2024-03-30T08:26:31.114+0000] {logging_mixin.py:149} INFO - [2024-03-30T08:26:31.114+0000] {dag.py:2726} INFO - Sync 1 DAGs
[2024-03-30T08:26:31.146+0000] {logging_mixin.py:149} INFO - [2024-03-30T08:26:31.146+0000] {dag.py:3490} INFO - Setting next_dagrun for example_short_circuit_decorator to 2024-03-29T08:26:31.145723+00:00, run_after=2024-03-30T08:26:31.145723+00:00
[2024-03-30T08:26:31.186+0000] {processor.py:179} INFO - Processing /home/airflow/.local/lib/python3.7/site-packages/airflow/example_dags/example_short_circuit_decorator.py took 0.136 seconds
[2024-03-30T08:27:01.351+0000] {processor.py:157} INFO - Started process (PID=780) to work on /home/airflow/.local/lib/python3.7/site-packages/airflow/example_dags/example_short_circuit_decorator.py
[2024-03-30T08:27:01.352+0000] {processor.py:826} INFO - Processing file /home/airflow/.local/lib/python3.7/site-packages/airflow/example_dags/example_short_circuit_decorator.py for tasks to queue
[2024-03-30T08:27:01.353+0000] {logging_mixin.py:149} INFO - [2024-03-30T08:27:01.353+0000] {dagbag.py:541} INFO - Filling up the DagBag from /home/airflow/.local/lib/python3.7/site-packages/airflow/example_dags/example_short_circuit_decorator.py
[2024-03-30T08:27:01.365+0000] {processor.py:836} INFO - DAG(s) dict_keys(['example_short_circuit_decorator']) retrieved from /home/airflow/.local/lib/python3.7/site-packages/airflow/example_dags/example_short_circuit_decorator.py
[2024-03-30T08:27:01.417+0000] {logging_mixin.py:149} INFO - [2024-03-30T08:27:01.417+0000] {dag.py:2726} INFO - Sync 1 DAGs
[2024-03-30T08:27:01.446+0000] {logging_mixin.py:149} INFO - [2024-03-30T08:27:01.446+0000] {dag.py:3490} INFO - Setting next_dagrun for example_short_circuit_decorator to 2024-03-29T08:27:01.445740+00:00, run_after=2024-03-30T08:27:01.445740+00:00
[2024-03-30T08:27:01.485+0000] {processor.py:179} INFO - Processing /home/airflow/.local/lib/python3.7/site-packages/airflow/example_dags/example_short_circuit_decorator.py took 0.136 seconds
[2024-03-30T08:27:31.736+0000] {processor.py:157} INFO - Started process (PID=840) to work on /home/airflow/.local/lib/python3.7/site-packages/airflow/example_dags/example_short_circuit_decorator.py
[2024-03-30T08:27:31.737+0000] {processor.py:826} INFO - Processing file /home/airflow/.local/lib/python3.7/site-packages/airflow/example_dags/example_short_circuit_decorator.py for tasks to queue
[2024-03-30T08:27:31.738+0000] {logging_mixin.py:149} INFO - [2024-03-30T08:27:31.738+0000] {dagbag.py:541} INFO - Filling up the DagBag from /home/airflow/.local/lib/python3.7/site-packages/airflow/example_dags/example_short_circuit_decorator.py
[2024-03-30T08:27:31.748+0000] {processor.py:836} INFO - DAG(s) dict_keys(['example_short_circuit_decorator']) retrieved from /home/airflow/.local/lib/python3.7/site-packages/airflow/example_dags/example_short_circuit_decorator.py
[2024-03-30T08:27:31.797+0000] {logging_mixin.py:149} INFO - [2024-03-30T08:27:31.797+0000] {dag.py:2726} INFO - Sync 1 DAGs
[2024-03-30T08:27:31.832+0000] {logging_mixin.py:149} INFO - [2024-03-30T08:27:31.832+0000] {dag.py:3490} INFO - Setting next_dagrun for example_short_circuit_decorator to 2024-03-29T08:27:31.832376+00:00, run_after=2024-03-30T08:27:31.832376+00:00
[2024-03-30T08:27:31.882+0000] {processor.py:179} INFO - Processing /home/airflow/.local/lib/python3.7/site-packages/airflow/example_dags/example_short_circuit_decorator.py took 0.148 seconds
[2024-03-30T08:28:01.949+0000] {processor.py:157} INFO - Started process (PID=901) to work on /home/airflow/.local/lib/python3.7/site-packages/airflow/example_dags/example_short_circuit_decorator.py
[2024-03-30T08:28:01.950+0000] {processor.py:826} INFO - Processing file /home/airflow/.local/lib/python3.7/site-packages/airflow/example_dags/example_short_circuit_decorator.py for tasks to queue
[2024-03-30T08:28:01.951+0000] {logging_mixin.py:149} INFO - [2024-03-30T08:28:01.951+0000] {dagbag.py:541} INFO - Filling up the DagBag from /home/airflow/.local/lib/python3.7/site-packages/airflow/example_dags/example_short_circuit_decorator.py
[2024-03-30T08:28:01.960+0000] {processor.py:836} INFO - DAG(s) dict_keys(['example_short_circuit_decorator']) retrieved from /home/airflow/.local/lib/python3.7/site-packages/airflow/example_dags/example_short_circuit_decorator.py
[2024-03-30T08:28:02.008+0000] {logging_mixin.py:149} INFO - [2024-03-30T08:28:02.008+0000] {dag.py:2726} INFO - Sync 1 DAGs
[2024-03-30T08:28:02.037+0000] {logging_mixin.py:149} INFO - [2024-03-30T08:28:02.037+0000] {dag.py:3490} INFO - Setting next_dagrun for example_short_circuit_decorator to 2024-03-29T08:28:02.036804+00:00, run_after=2024-03-30T08:28:02.036804+00:00
[2024-03-30T08:28:02.087+0000] {processor.py:179} INFO - Processing /home/airflow/.local/lib/python3.7/site-packages/airflow/example_dags/example_short_circuit_decorator.py took 0.143 seconds
[2024-03-30T08:28:32.522+0000] {processor.py:157} INFO - Started process (PID=962) to work on /home/airflow/.local/lib/python3.7/site-packages/airflow/example_dags/example_short_circuit_decorator.py
[2024-03-30T08:28:32.523+0000] {processor.py:826} INFO - Processing file /home/airflow/.local/lib/python3.7/site-packages/airflow/example_dags/example_short_circuit_decorator.py for tasks to queue
[2024-03-30T08:28:32.524+0000] {logging_mixin.py:149} INFO - [2024-03-30T08:28:32.524+0000] {dagbag.py:541} INFO - Filling up the DagBag from /home/airflow/.local/lib/python3.7/site-packages/airflow/example_dags/example_short_circuit_decorator.py
[2024-03-30T08:28:32.535+0000] {processor.py:836} INFO - DAG(s) dict_keys(['example_short_circuit_decorator']) retrieved from /home/airflow/.local/lib/python3.7/site-packages/airflow/example_dags/example_short_circuit_decorator.py
[2024-03-30T08:28:32.580+0000] {logging_mixin.py:149} INFO - [2024-03-30T08:28:32.579+0000] {dag.py:2726} INFO - Sync 1 DAGs
[2024-03-30T08:28:32.613+0000] {logging_mixin.py:149} INFO - [2024-03-30T08:28:32.612+0000] {dag.py:3490} INFO - Setting next_dagrun for example_short_circuit_decorator to 2024-03-29T08:28:32.612591+00:00, run_after=2024-03-30T08:28:32.612591+00:00
[2024-03-30T08:28:32.656+0000] {processor.py:179} INFO - Processing /home/airflow/.local/lib/python3.7/site-packages/airflow/example_dags/example_short_circuit_decorator.py took 0.137 seconds
