[2024-03-30T06:06:14.679+0000] {processor.py:157} INFO - Started process (PID=60) to work on /home/airflow/.local/lib/python3.7/site-packages/airflow/example_dags/example_datasets.py
[2024-03-30T06:06:14.681+0000] {processor.py:826} INFO - Processing file /home/airflow/.local/lib/python3.7/site-packages/airflow/example_dags/example_datasets.py for tasks to queue
[2024-03-30T06:06:14.682+0000] {logging_mixin.py:149} INFO - [2024-03-30T06:06:14.681+0000] {dagbag.py:541} INFO - Filling up the DagBag from /home/airflow/.local/lib/python3.7/site-packages/airflow/example_dags/example_datasets.py
[2024-03-30T06:06:14.697+0000] {processor.py:836} INFO - DAG(s) dict_keys(['dataset_produces_1', 'dataset_consumes_1_never_scheduled', 'dataset_consumes_1', 'dataset_consumes_unknown_never_scheduled', 'dataset_produces_2', 'dataset_consumes_1_and_2']) retrieved from /home/airflow/.local/lib/python3.7/site-packages/airflow/example_dags/example_datasets.py
[2024-03-30T06:06:14.738+0000] {logging_mixin.py:149} INFO - [2024-03-30T06:06:14.738+0000] {dag.py:2726} INFO - Sync 6 DAGs
[2024-03-30T06:06:14.769+0000] {logging_mixin.py:149} INFO - [2024-03-30T06:06:14.769+0000] {dag.py:3490} INFO - Setting next_dagrun for dataset_consumes_1 to None, run_after=None
[2024-03-30T06:06:14.774+0000] {logging_mixin.py:149} INFO - [2024-03-30T06:06:14.774+0000] {dag.py:3490} INFO - Setting next_dagrun for dataset_consumes_1_and_2 to None, run_after=None
[2024-03-30T06:06:14.777+0000] {logging_mixin.py:149} INFO - [2024-03-30T06:06:14.777+0000] {dag.py:3490} INFO - Setting next_dagrun for dataset_consumes_1_never_scheduled to None, run_after=None
[2024-03-30T06:06:14.779+0000] {logging_mixin.py:149} INFO - [2024-03-30T06:06:14.779+0000] {dag.py:3490} INFO - Setting next_dagrun for dataset_consumes_unknown_never_scheduled to None, run_after=None
[2024-03-30T06:06:14.784+0000] {logging_mixin.py:149} INFO - [2024-03-30T06:06:14.784+0000] {dag.py:3490} INFO - Setting next_dagrun for dataset_produces_1 to 2024-03-29T00:00:00+00:00, run_after=2024-03-30T00:00:00+00:00
[2024-03-30T06:06:14.787+0000] {logging_mixin.py:149} INFO - [2024-03-30T06:06:14.787+0000] {dag.py:3490} INFO - Setting next_dagrun for dataset_produces_2 to None, run_after=None
[2024-03-30T06:06:14.896+0000] {processor.py:179} INFO - Processing /home/airflow/.local/lib/python3.7/site-packages/airflow/example_dags/example_datasets.py took 0.223 seconds
[2024-03-30T06:06:45.725+0000] {processor.py:157} INFO - Started process (PID=120) to work on /home/airflow/.local/lib/python3.7/site-packages/airflow/example_dags/example_datasets.py
[2024-03-30T06:06:45.726+0000] {processor.py:826} INFO - Processing file /home/airflow/.local/lib/python3.7/site-packages/airflow/example_dags/example_datasets.py for tasks to queue
[2024-03-30T06:06:45.727+0000] {logging_mixin.py:149} INFO - [2024-03-30T06:06:45.727+0000] {dagbag.py:541} INFO - Filling up the DagBag from /home/airflow/.local/lib/python3.7/site-packages/airflow/example_dags/example_datasets.py
[2024-03-30T06:06:45.738+0000] {processor.py:836} INFO - DAG(s) dict_keys(['dataset_consumes_1_and_2', 'dataset_consumes_1', 'dataset_consumes_1_never_scheduled', 'dataset_consumes_unknown_never_scheduled', 'dataset_produces_2', 'dataset_produces_1']) retrieved from /home/airflow/.local/lib/python3.7/site-packages/airflow/example_dags/example_datasets.py
[2024-03-30T06:06:45.894+0000] {logging_mixin.py:149} INFO - [2024-03-30T06:06:45.894+0000] {dag.py:2726} INFO - Sync 6 DAGs
[2024-03-30T06:06:45.928+0000] {logging_mixin.py:149} INFO - [2024-03-30T06:06:45.928+0000] {dag.py:3490} INFO - Setting next_dagrun for dataset_consumes_1 to None, run_after=None
[2024-03-30T06:06:45.932+0000] {logging_mixin.py:149} INFO - [2024-03-30T06:06:45.932+0000] {dag.py:3490} INFO - Setting next_dagrun for dataset_consumes_1_and_2 to None, run_after=None
[2024-03-30T06:06:45.935+0000] {logging_mixin.py:149} INFO - [2024-03-30T06:06:45.935+0000] {dag.py:3490} INFO - Setting next_dagrun for dataset_consumes_1_never_scheduled to None, run_after=None
[2024-03-30T06:06:45.937+0000] {logging_mixin.py:149} INFO - [2024-03-30T06:06:45.937+0000] {dag.py:3490} INFO - Setting next_dagrun for dataset_consumes_unknown_never_scheduled to None, run_after=None
[2024-03-30T06:06:45.941+0000] {logging_mixin.py:149} INFO - [2024-03-30T06:06:45.940+0000] {dag.py:3490} INFO - Setting next_dagrun for dataset_produces_1 to 2024-03-29T00:00:00+00:00, run_after=2024-03-30T00:00:00+00:00
[2024-03-30T06:06:45.942+0000] {logging_mixin.py:149} INFO - [2024-03-30T06:06:45.942+0000] {dag.py:3490} INFO - Setting next_dagrun for dataset_produces_2 to None, run_after=None
[2024-03-30T06:06:46.029+0000] {processor.py:179} INFO - Processing /home/airflow/.local/lib/python3.7/site-packages/airflow/example_dags/example_datasets.py took 0.307 seconds
