[2024-03-30T06:15:32.529+0000] {processor.py:157} INFO - Started process (PID=44) to work on /home/airflow/.local/lib/python3.7/site-packages/airflow/example_dags/example_sensor_decorator.py
[2024-03-30T06:15:32.529+0000] {processor.py:826} INFO - Processing file /home/airflow/.local/lib/python3.7/site-packages/airflow/example_dags/example_sensor_decorator.py for tasks to queue
[2024-03-30T06:15:32.530+0000] {logging_mixin.py:149} INFO - [2024-03-30T06:15:32.530+0000] {dagbag.py:541} INFO - Filling up the DagBag from /home/airflow/.local/lib/python3.7/site-packages/airflow/example_dags/example_sensor_decorator.py
[2024-03-30T06:15:32.538+0000] {processor.py:836} INFO - DAG(s) dict_keys(['example_sensor_decorator']) retrieved from /home/airflow/.local/lib/python3.7/site-packages/airflow/example_dags/example_sensor_decorator.py
[2024-03-30T06:15:32.566+0000] {logging_mixin.py:149} INFO - [2024-03-30T06:15:32.566+0000] {dag.py:2726} INFO - Sync 1 DAGs
[2024-03-30T06:15:32.599+0000] {logging_mixin.py:149} INFO - [2024-03-30T06:15:32.599+0000] {dag.py:3490} INFO - Setting next_dagrun for example_sensor_decorator to None, run_after=None
[2024-03-30T06:15:32.639+0000] {processor.py:179} INFO - Processing /home/airflow/.local/lib/python3.7/site-packages/airflow/example_dags/example_sensor_decorator.py took 0.114 seconds
[2024-03-30T06:16:03.148+0000] {processor.py:157} INFO - Started process (PID=103) to work on /home/airflow/.local/lib/python3.7/site-packages/airflow/example_dags/example_sensor_decorator.py
[2024-03-30T06:16:03.149+0000] {processor.py:826} INFO - Processing file /home/airflow/.local/lib/python3.7/site-packages/airflow/example_dags/example_sensor_decorator.py for tasks to queue
[2024-03-30T06:16:03.150+0000] {logging_mixin.py:149} INFO - [2024-03-30T06:16:03.149+0000] {dagbag.py:541} INFO - Filling up the DagBag from /home/airflow/.local/lib/python3.7/site-packages/airflow/example_dags/example_sensor_decorator.py
[2024-03-30T06:16:03.154+0000] {processor.py:836} INFO - DAG(s) dict_keys(['example_sensor_decorator']) retrieved from /home/airflow/.local/lib/python3.7/site-packages/airflow/example_dags/example_sensor_decorator.py
[2024-03-30T06:16:03.188+0000] {logging_mixin.py:149} INFO - [2024-03-30T06:16:03.187+0000] {dag.py:2726} INFO - Sync 1 DAGs
[2024-03-30T06:16:03.211+0000] {logging_mixin.py:149} INFO - [2024-03-30T06:16:03.211+0000] {dag.py:3490} INFO - Setting next_dagrun for example_sensor_decorator to None, run_after=None
[2024-03-30T06:16:03.245+0000] {processor.py:179} INFO - Processing /home/airflow/.local/lib/python3.7/site-packages/airflow/example_dags/example_sensor_decorator.py took 0.099 seconds
[2024-03-30T06:16:33.905+0000] {processor.py:157} INFO - Started process (PID=163) to work on /home/airflow/.local/lib/python3.7/site-packages/airflow/example_dags/example_sensor_decorator.py
[2024-03-30T06:16:33.906+0000] {processor.py:826} INFO - Processing file /home/airflow/.local/lib/python3.7/site-packages/airflow/example_dags/example_sensor_decorator.py for tasks to queue
[2024-03-30T06:16:33.906+0000] {logging_mixin.py:149} INFO - [2024-03-30T06:16:33.906+0000] {dagbag.py:541} INFO - Filling up the DagBag from /home/airflow/.local/lib/python3.7/site-packages/airflow/example_dags/example_sensor_decorator.py
[2024-03-30T06:16:33.911+0000] {processor.py:836} INFO - DAG(s) dict_keys(['example_sensor_decorator']) retrieved from /home/airflow/.local/lib/python3.7/site-packages/airflow/example_dags/example_sensor_decorator.py
[2024-03-30T06:16:33.946+0000] {logging_mixin.py:149} INFO - [2024-03-30T06:16:33.945+0000] {dag.py:2726} INFO - Sync 1 DAGs
[2024-03-30T06:16:33.970+0000] {logging_mixin.py:149} INFO - [2024-03-30T06:16:33.970+0000] {dag.py:3490} INFO - Setting next_dagrun for example_sensor_decorator to None, run_after=None
[2024-03-30T06:16:34.003+0000] {processor.py:179} INFO - Processing /home/airflow/.local/lib/python3.7/site-packages/airflow/example_dags/example_sensor_decorator.py took 0.101 seconds
[2024-03-30T06:17:04.185+0000] {processor.py:157} INFO - Started process (PID=223) to work on /home/airflow/.local/lib/python3.7/site-packages/airflow/example_dags/example_sensor_decorator.py
[2024-03-30T06:17:04.186+0000] {processor.py:826} INFO - Processing file /home/airflow/.local/lib/python3.7/site-packages/airflow/example_dags/example_sensor_decorator.py for tasks to queue
[2024-03-30T06:17:04.186+0000] {logging_mixin.py:149} INFO - [2024-03-30T06:17:04.186+0000] {dagbag.py:541} INFO - Filling up the DagBag from /home/airflow/.local/lib/python3.7/site-packages/airflow/example_dags/example_sensor_decorator.py
[2024-03-30T06:17:04.191+0000] {processor.py:836} INFO - DAG(s) dict_keys(['example_sensor_decorator']) retrieved from /home/airflow/.local/lib/python3.7/site-packages/airflow/example_dags/example_sensor_decorator.py
[2024-03-30T06:17:04.229+0000] {logging_mixin.py:149} INFO - [2024-03-30T06:17:04.229+0000] {dag.py:2726} INFO - Sync 1 DAGs
[2024-03-30T06:17:04.253+0000] {logging_mixin.py:149} INFO - [2024-03-30T06:17:04.253+0000] {dag.py:3490} INFO - Setting next_dagrun for example_sensor_decorator to None, run_after=None
[2024-03-30T06:17:04.285+0000] {processor.py:179} INFO - Processing /home/airflow/.local/lib/python3.7/site-packages/airflow/example_dags/example_sensor_decorator.py took 0.102 seconds
[2024-03-30T06:17:34.587+0000] {processor.py:157} INFO - Started process (PID=283) to work on /home/airflow/.local/lib/python3.7/site-packages/airflow/example_dags/example_sensor_decorator.py
[2024-03-30T06:17:34.588+0000] {processor.py:826} INFO - Processing file /home/airflow/.local/lib/python3.7/site-packages/airflow/example_dags/example_sensor_decorator.py for tasks to queue
[2024-03-30T06:17:34.588+0000] {logging_mixin.py:149} INFO - [2024-03-30T06:17:34.588+0000] {dagbag.py:541} INFO - Filling up the DagBag from /home/airflow/.local/lib/python3.7/site-packages/airflow/example_dags/example_sensor_decorator.py
[2024-03-30T06:17:34.593+0000] {processor.py:836} INFO - DAG(s) dict_keys(['example_sensor_decorator']) retrieved from /home/airflow/.local/lib/python3.7/site-packages/airflow/example_dags/example_sensor_decorator.py
[2024-03-30T06:17:34.628+0000] {logging_mixin.py:149} INFO - [2024-03-30T06:17:34.628+0000] {dag.py:2726} INFO - Sync 1 DAGs
[2024-03-30T06:17:34.651+0000] {logging_mixin.py:149} INFO - [2024-03-30T06:17:34.651+0000] {dag.py:3490} INFO - Setting next_dagrun for example_sensor_decorator to None, run_after=None
[2024-03-30T06:17:34.687+0000] {processor.py:179} INFO - Processing /home/airflow/.local/lib/python3.7/site-packages/airflow/example_dags/example_sensor_decorator.py took 0.103 seconds
[2024-03-30T06:18:05.059+0000] {processor.py:157} INFO - Started process (PID=343) to work on /home/airflow/.local/lib/python3.7/site-packages/airflow/example_dags/example_sensor_decorator.py
[2024-03-30T06:18:05.059+0000] {processor.py:826} INFO - Processing file /home/airflow/.local/lib/python3.7/site-packages/airflow/example_dags/example_sensor_decorator.py for tasks to queue
[2024-03-30T06:18:05.060+0000] {logging_mixin.py:149} INFO - [2024-03-30T06:18:05.060+0000] {dagbag.py:541} INFO - Filling up the DagBag from /home/airflow/.local/lib/python3.7/site-packages/airflow/example_dags/example_sensor_decorator.py
[2024-03-30T06:18:05.065+0000] {processor.py:836} INFO - DAG(s) dict_keys(['example_sensor_decorator']) retrieved from /home/airflow/.local/lib/python3.7/site-packages/airflow/example_dags/example_sensor_decorator.py
[2024-03-30T06:18:05.098+0000] {logging_mixin.py:149} INFO - [2024-03-30T06:18:05.098+0000] {dag.py:2726} INFO - Sync 1 DAGs
[2024-03-30T06:18:05.122+0000] {logging_mixin.py:149} INFO - [2024-03-30T06:18:05.122+0000] {dag.py:3490} INFO - Setting next_dagrun for example_sensor_decorator to None, run_after=None
[2024-03-30T06:18:05.153+0000] {processor.py:179} INFO - Processing /home/airflow/.local/lib/python3.7/site-packages/airflow/example_dags/example_sensor_decorator.py took 0.097 seconds
[2024-03-30T06:18:35.615+0000] {processor.py:157} INFO - Started process (PID=404) to work on /home/airflow/.local/lib/python3.7/site-packages/airflow/example_dags/example_sensor_decorator.py
[2024-03-30T06:18:35.616+0000] {processor.py:826} INFO - Processing file /home/airflow/.local/lib/python3.7/site-packages/airflow/example_dags/example_sensor_decorator.py for tasks to queue
[2024-03-30T06:18:35.617+0000] {logging_mixin.py:149} INFO - [2024-03-30T06:18:35.617+0000] {dagbag.py:541} INFO - Filling up the DagBag from /home/airflow/.local/lib/python3.7/site-packages/airflow/example_dags/example_sensor_decorator.py
[2024-03-30T06:18:35.623+0000] {processor.py:836} INFO - DAG(s) dict_keys(['example_sensor_decorator']) retrieved from /home/airflow/.local/lib/python3.7/site-packages/airflow/example_dags/example_sensor_decorator.py
[2024-03-30T06:18:35.661+0000] {logging_mixin.py:149} INFO - [2024-03-30T06:18:35.661+0000] {dag.py:2726} INFO - Sync 1 DAGs
[2024-03-30T06:18:35.690+0000] {logging_mixin.py:149} INFO - [2024-03-30T06:18:35.690+0000] {dag.py:3490} INFO - Setting next_dagrun for example_sensor_decorator to None, run_after=None
[2024-03-30T06:18:35.727+0000] {processor.py:179} INFO - Processing /home/airflow/.local/lib/python3.7/site-packages/airflow/example_dags/example_sensor_decorator.py took 0.115 seconds
[2024-03-30T06:19:05.848+0000] {processor.py:157} INFO - Started process (PID=464) to work on /home/airflow/.local/lib/python3.7/site-packages/airflow/example_dags/example_sensor_decorator.py
[2024-03-30T06:19:05.848+0000] {processor.py:826} INFO - Processing file /home/airflow/.local/lib/python3.7/site-packages/airflow/example_dags/example_sensor_decorator.py for tasks to queue
[2024-03-30T06:19:05.849+0000] {logging_mixin.py:149} INFO - [2024-03-30T06:19:05.849+0000] {dagbag.py:541} INFO - Filling up the DagBag from /home/airflow/.local/lib/python3.7/site-packages/airflow/example_dags/example_sensor_decorator.py
[2024-03-30T06:19:05.853+0000] {processor.py:836} INFO - DAG(s) dict_keys(['example_sensor_decorator']) retrieved from /home/airflow/.local/lib/python3.7/site-packages/airflow/example_dags/example_sensor_decorator.py
[2024-03-30T06:19:05.888+0000] {logging_mixin.py:149} INFO - [2024-03-30T06:19:05.887+0000] {dag.py:2726} INFO - Sync 1 DAGs
[2024-03-30T06:19:05.911+0000] {logging_mixin.py:149} INFO - [2024-03-30T06:19:05.911+0000] {dag.py:3490} INFO - Setting next_dagrun for example_sensor_decorator to None, run_after=None
[2024-03-30T06:19:05.945+0000] {processor.py:179} INFO - Processing /home/airflow/.local/lib/python3.7/site-packages/airflow/example_dags/example_sensor_decorator.py took 0.100 seconds
[2024-03-30T06:19:36.947+0000] {processor.py:157} INFO - Started process (PID=524) to work on /home/airflow/.local/lib/python3.7/site-packages/airflow/example_dags/example_sensor_decorator.py
[2024-03-30T06:19:36.948+0000] {processor.py:826} INFO - Processing file /home/airflow/.local/lib/python3.7/site-packages/airflow/example_dags/example_sensor_decorator.py for tasks to queue
[2024-03-30T06:19:36.949+0000] {logging_mixin.py:149} INFO - [2024-03-30T06:19:36.949+0000] {dagbag.py:541} INFO - Filling up the DagBag from /home/airflow/.local/lib/python3.7/site-packages/airflow/example_dags/example_sensor_decorator.py
[2024-03-30T06:19:36.961+0000] {processor.py:836} INFO - DAG(s) dict_keys(['example_sensor_decorator']) retrieved from /home/airflow/.local/lib/python3.7/site-packages/airflow/example_dags/example_sensor_decorator.py
[2024-03-30T06:19:37.011+0000] {logging_mixin.py:149} INFO - [2024-03-30T06:19:37.011+0000] {dag.py:2726} INFO - Sync 1 DAGs
[2024-03-30T06:19:37.052+0000] {logging_mixin.py:149} INFO - [2024-03-30T06:19:37.052+0000] {dag.py:3490} INFO - Setting next_dagrun for example_sensor_decorator to None, run_after=None
[2024-03-30T06:19:37.090+0000] {processor.py:179} INFO - Processing /home/airflow/.local/lib/python3.7/site-packages/airflow/example_dags/example_sensor_decorator.py took 0.146 seconds
[2024-03-30T06:20:07.981+0000] {processor.py:157} INFO - Started process (PID=584) to work on /home/airflow/.local/lib/python3.7/site-packages/airflow/example_dags/example_sensor_decorator.py
[2024-03-30T06:20:07.981+0000] {processor.py:826} INFO - Processing file /home/airflow/.local/lib/python3.7/site-packages/airflow/example_dags/example_sensor_decorator.py for tasks to queue
[2024-03-30T06:20:07.982+0000] {logging_mixin.py:149} INFO - [2024-03-30T06:20:07.982+0000] {dagbag.py:541} INFO - Filling up the DagBag from /home/airflow/.local/lib/python3.7/site-packages/airflow/example_dags/example_sensor_decorator.py
[2024-03-30T06:20:07.987+0000] {processor.py:836} INFO - DAG(s) dict_keys(['example_sensor_decorator']) retrieved from /home/airflow/.local/lib/python3.7/site-packages/airflow/example_dags/example_sensor_decorator.py
[2024-03-30T06:20:08.024+0000] {logging_mixin.py:149} INFO - [2024-03-30T06:20:08.024+0000] {dag.py:2726} INFO - Sync 1 DAGs
[2024-03-30T06:20:08.049+0000] {logging_mixin.py:149} INFO - [2024-03-30T06:20:08.049+0000] {dag.py:3490} INFO - Setting next_dagrun for example_sensor_decorator to None, run_after=None
[2024-03-30T06:20:08.083+0000] {processor.py:179} INFO - Processing /home/airflow/.local/lib/python3.7/site-packages/airflow/example_dags/example_sensor_decorator.py took 0.105 seconds
[2024-03-30T06:20:38.745+0000] {processor.py:157} INFO - Started process (PID=645) to work on /home/airflow/.local/lib/python3.7/site-packages/airflow/example_dags/example_sensor_decorator.py
[2024-03-30T06:20:38.746+0000] {processor.py:826} INFO - Processing file /home/airflow/.local/lib/python3.7/site-packages/airflow/example_dags/example_sensor_decorator.py for tasks to queue
[2024-03-30T06:20:38.746+0000] {logging_mixin.py:149} INFO - [2024-03-30T06:20:38.746+0000] {dagbag.py:541} INFO - Filling up the DagBag from /home/airflow/.local/lib/python3.7/site-packages/airflow/example_dags/example_sensor_decorator.py
[2024-03-30T06:20:38.751+0000] {processor.py:836} INFO - DAG(s) dict_keys(['example_sensor_decorator']) retrieved from /home/airflow/.local/lib/python3.7/site-packages/airflow/example_dags/example_sensor_decorator.py
[2024-03-30T06:20:38.787+0000] {logging_mixin.py:149} INFO - [2024-03-30T06:20:38.787+0000] {dag.py:2726} INFO - Sync 1 DAGs
[2024-03-30T06:20:38.811+0000] {logging_mixin.py:149} INFO - [2024-03-30T06:20:38.811+0000] {dag.py:3490} INFO - Setting next_dagrun for example_sensor_decorator to None, run_after=None
[2024-03-30T06:20:38.844+0000] {processor.py:179} INFO - Processing /home/airflow/.local/lib/python3.7/site-packages/airflow/example_dags/example_sensor_decorator.py took 0.102 seconds
[2024-03-30T06:21:09.595+0000] {processor.py:157} INFO - Started process (PID=706) to work on /home/airflow/.local/lib/python3.7/site-packages/airflow/example_dags/example_sensor_decorator.py
[2024-03-30T06:21:09.596+0000] {processor.py:826} INFO - Processing file /home/airflow/.local/lib/python3.7/site-packages/airflow/example_dags/example_sensor_decorator.py for tasks to queue
[2024-03-30T06:21:09.596+0000] {logging_mixin.py:149} INFO - [2024-03-30T06:21:09.596+0000] {dagbag.py:541} INFO - Filling up the DagBag from /home/airflow/.local/lib/python3.7/site-packages/airflow/example_dags/example_sensor_decorator.py
[2024-03-30T06:21:09.601+0000] {processor.py:836} INFO - DAG(s) dict_keys(['example_sensor_decorator']) retrieved from /home/airflow/.local/lib/python3.7/site-packages/airflow/example_dags/example_sensor_decorator.py
[2024-03-30T06:21:09.635+0000] {logging_mixin.py:149} INFO - [2024-03-30T06:21:09.635+0000] {dag.py:2726} INFO - Sync 1 DAGs
[2024-03-30T06:21:09.659+0000] {logging_mixin.py:149} INFO - [2024-03-30T06:21:09.659+0000] {dag.py:3490} INFO - Setting next_dagrun for example_sensor_decorator to None, run_after=None
[2024-03-30T06:21:09.693+0000] {processor.py:179} INFO - Processing /home/airflow/.local/lib/python3.7/site-packages/airflow/example_dags/example_sensor_decorator.py took 0.100 seconds
[2024-03-30T06:21:40.510+0000] {processor.py:157} INFO - Started process (PID=767) to work on /home/airflow/.local/lib/python3.7/site-packages/airflow/example_dags/example_sensor_decorator.py
[2024-03-30T06:21:40.512+0000] {processor.py:826} INFO - Processing file /home/airflow/.local/lib/python3.7/site-packages/airflow/example_dags/example_sensor_decorator.py for tasks to queue
[2024-03-30T06:21:40.513+0000] {logging_mixin.py:149} INFO - [2024-03-30T06:21:40.512+0000] {dagbag.py:541} INFO - Filling up the DagBag from /home/airflow/.local/lib/python3.7/site-packages/airflow/example_dags/example_sensor_decorator.py
[2024-03-30T06:21:40.519+0000] {processor.py:836} INFO - DAG(s) dict_keys(['example_sensor_decorator']) retrieved from /home/airflow/.local/lib/python3.7/site-packages/airflow/example_dags/example_sensor_decorator.py
[2024-03-30T06:21:40.562+0000] {logging_mixin.py:149} INFO - [2024-03-30T06:21:40.561+0000] {dag.py:2726} INFO - Sync 1 DAGs
[2024-03-30T06:21:40.595+0000] {logging_mixin.py:149} INFO - [2024-03-30T06:21:40.595+0000] {dag.py:3490} INFO - Setting next_dagrun for example_sensor_decorator to None, run_after=None
[2024-03-30T06:21:40.635+0000] {processor.py:179} INFO - Processing /home/airflow/.local/lib/python3.7/site-packages/airflow/example_dags/example_sensor_decorator.py took 0.129 seconds
[2024-03-30T06:22:11.408+0000] {processor.py:157} INFO - Started process (PID=828) to work on /home/airflow/.local/lib/python3.7/site-packages/airflow/example_dags/example_sensor_decorator.py
[2024-03-30T06:22:11.409+0000] {processor.py:826} INFO - Processing file /home/airflow/.local/lib/python3.7/site-packages/airflow/example_dags/example_sensor_decorator.py for tasks to queue
[2024-03-30T06:22:11.409+0000] {logging_mixin.py:149} INFO - [2024-03-30T06:22:11.409+0000] {dagbag.py:541} INFO - Filling up the DagBag from /home/airflow/.local/lib/python3.7/site-packages/airflow/example_dags/example_sensor_decorator.py
[2024-03-30T06:22:11.414+0000] {processor.py:836} INFO - DAG(s) dict_keys(['example_sensor_decorator']) retrieved from /home/airflow/.local/lib/python3.7/site-packages/airflow/example_dags/example_sensor_decorator.py
[2024-03-30T06:22:11.455+0000] {logging_mixin.py:149} INFO - [2024-03-30T06:22:11.455+0000] {dag.py:2726} INFO - Sync 1 DAGs
[2024-03-30T06:22:11.487+0000] {logging_mixin.py:149} INFO - [2024-03-30T06:22:11.487+0000] {dag.py:3490} INFO - Setting next_dagrun for example_sensor_decorator to None, run_after=None
[2024-03-30T06:22:11.526+0000] {processor.py:179} INFO - Processing /home/airflow/.local/lib/python3.7/site-packages/airflow/example_dags/example_sensor_decorator.py took 0.121 seconds
[2024-03-30T06:22:42.061+0000] {processor.py:157} INFO - Started process (PID=890) to work on /home/airflow/.local/lib/python3.7/site-packages/airflow/example_dags/example_sensor_decorator.py
[2024-03-30T06:22:42.062+0000] {processor.py:826} INFO - Processing file /home/airflow/.local/lib/python3.7/site-packages/airflow/example_dags/example_sensor_decorator.py for tasks to queue
[2024-03-30T06:22:42.062+0000] {logging_mixin.py:149} INFO - [2024-03-30T06:22:42.062+0000] {dagbag.py:541} INFO - Filling up the DagBag from /home/airflow/.local/lib/python3.7/site-packages/airflow/example_dags/example_sensor_decorator.py
[2024-03-30T06:22:42.067+0000] {processor.py:836} INFO - DAG(s) dict_keys(['example_sensor_decorator']) retrieved from /home/airflow/.local/lib/python3.7/site-packages/airflow/example_dags/example_sensor_decorator.py
[2024-03-30T06:22:42.104+0000] {logging_mixin.py:149} INFO - [2024-03-30T06:22:42.103+0000] {dag.py:2726} INFO - Sync 1 DAGs
[2024-03-30T06:22:42.128+0000] {logging_mixin.py:149} INFO - [2024-03-30T06:22:42.128+0000] {dag.py:3490} INFO - Setting next_dagrun for example_sensor_decorator to None, run_after=None
[2024-03-30T06:22:42.160+0000] {processor.py:179} INFO - Processing /home/airflow/.local/lib/python3.7/site-packages/airflow/example_dags/example_sensor_decorator.py took 0.102 seconds
[2024-03-30T06:23:12.436+0000] {processor.py:157} INFO - Started process (PID=951) to work on /home/airflow/.local/lib/python3.7/site-packages/airflow/example_dags/example_sensor_decorator.py
[2024-03-30T06:23:12.437+0000] {processor.py:826} INFO - Processing file /home/airflow/.local/lib/python3.7/site-packages/airflow/example_dags/example_sensor_decorator.py for tasks to queue
[2024-03-30T06:23:12.438+0000] {logging_mixin.py:149} INFO - [2024-03-30T06:23:12.438+0000] {dagbag.py:541} INFO - Filling up the DagBag from /home/airflow/.local/lib/python3.7/site-packages/airflow/example_dags/example_sensor_decorator.py
[2024-03-30T06:23:12.443+0000] {processor.py:836} INFO - DAG(s) dict_keys(['example_sensor_decorator']) retrieved from /home/airflow/.local/lib/python3.7/site-packages/airflow/example_dags/example_sensor_decorator.py
[2024-03-30T06:23:12.481+0000] {logging_mixin.py:149} INFO - [2024-03-30T06:23:12.480+0000] {dag.py:2726} INFO - Sync 1 DAGs
[2024-03-30T06:23:12.508+0000] {logging_mixin.py:149} INFO - [2024-03-30T06:23:12.508+0000] {dag.py:3490} INFO - Setting next_dagrun for example_sensor_decorator to None, run_after=None
[2024-03-30T06:23:12.542+0000] {processor.py:179} INFO - Processing /home/airflow/.local/lib/python3.7/site-packages/airflow/example_dags/example_sensor_decorator.py took 0.109 seconds
[2024-03-30T06:23:42.704+0000] {processor.py:157} INFO - Started process (PID=1012) to work on /home/airflow/.local/lib/python3.7/site-packages/airflow/example_dags/example_sensor_decorator.py
[2024-03-30T06:23:42.705+0000] {processor.py:826} INFO - Processing file /home/airflow/.local/lib/python3.7/site-packages/airflow/example_dags/example_sensor_decorator.py for tasks to queue
[2024-03-30T06:23:42.706+0000] {logging_mixin.py:149} INFO - [2024-03-30T06:23:42.705+0000] {dagbag.py:541} INFO - Filling up the DagBag from /home/airflow/.local/lib/python3.7/site-packages/airflow/example_dags/example_sensor_decorator.py
[2024-03-30T06:23:42.710+0000] {processor.py:836} INFO - DAG(s) dict_keys(['example_sensor_decorator']) retrieved from /home/airflow/.local/lib/python3.7/site-packages/airflow/example_dags/example_sensor_decorator.py
[2024-03-30T06:23:42.745+0000] {logging_mixin.py:149} INFO - [2024-03-30T06:23:42.744+0000] {dag.py:2726} INFO - Sync 1 DAGs
[2024-03-30T06:23:42.771+0000] {logging_mixin.py:149} INFO - [2024-03-30T06:23:42.770+0000] {dag.py:3490} INFO - Setting next_dagrun for example_sensor_decorator to None, run_after=None
[2024-03-30T06:23:42.801+0000] {processor.py:179} INFO - Processing /home/airflow/.local/lib/python3.7/site-packages/airflow/example_dags/example_sensor_decorator.py took 0.099 seconds
[2024-03-30T06:24:13.141+0000] {processor.py:157} INFO - Started process (PID=1072) to work on /home/airflow/.local/lib/python3.7/site-packages/airflow/example_dags/example_sensor_decorator.py
[2024-03-30T06:24:13.141+0000] {processor.py:826} INFO - Processing file /home/airflow/.local/lib/python3.7/site-packages/airflow/example_dags/example_sensor_decorator.py for tasks to queue
[2024-03-30T06:24:13.142+0000] {logging_mixin.py:149} INFO - [2024-03-30T06:24:13.142+0000] {dagbag.py:541} INFO - Filling up the DagBag from /home/airflow/.local/lib/python3.7/site-packages/airflow/example_dags/example_sensor_decorator.py
[2024-03-30T06:24:13.147+0000] {processor.py:836} INFO - DAG(s) dict_keys(['example_sensor_decorator']) retrieved from /home/airflow/.local/lib/python3.7/site-packages/airflow/example_dags/example_sensor_decorator.py
[2024-03-30T06:24:13.182+0000] {logging_mixin.py:149} INFO - [2024-03-30T06:24:13.182+0000] {dag.py:2726} INFO - Sync 1 DAGs
[2024-03-30T06:24:13.208+0000] {logging_mixin.py:149} INFO - [2024-03-30T06:24:13.208+0000] {dag.py:3490} INFO - Setting next_dagrun for example_sensor_decorator to None, run_after=None
[2024-03-30T06:24:13.240+0000] {processor.py:179} INFO - Processing /home/airflow/.local/lib/python3.7/site-packages/airflow/example_dags/example_sensor_decorator.py took 0.101 seconds
[2024-03-30T06:24:43.578+0000] {processor.py:157} INFO - Started process (PID=1134) to work on /home/airflow/.local/lib/python3.7/site-packages/airflow/example_dags/example_sensor_decorator.py
[2024-03-30T06:24:43.579+0000] {processor.py:826} INFO - Processing file /home/airflow/.local/lib/python3.7/site-packages/airflow/example_dags/example_sensor_decorator.py for tasks to queue
[2024-03-30T06:24:43.579+0000] {logging_mixin.py:149} INFO - [2024-03-30T06:24:43.579+0000] {dagbag.py:541} INFO - Filling up the DagBag from /home/airflow/.local/lib/python3.7/site-packages/airflow/example_dags/example_sensor_decorator.py
[2024-03-30T06:24:43.584+0000] {processor.py:836} INFO - DAG(s) dict_keys(['example_sensor_decorator']) retrieved from /home/airflow/.local/lib/python3.7/site-packages/airflow/example_dags/example_sensor_decorator.py
[2024-03-30T06:24:43.621+0000] {logging_mixin.py:149} INFO - [2024-03-30T06:24:43.620+0000] {dag.py:2726} INFO - Sync 1 DAGs
[2024-03-30T06:24:43.649+0000] {logging_mixin.py:149} INFO - [2024-03-30T06:24:43.649+0000] {dag.py:3490} INFO - Setting next_dagrun for example_sensor_decorator to None, run_after=None
[2024-03-30T06:24:43.687+0000] {processor.py:179} INFO - Processing /home/airflow/.local/lib/python3.7/site-packages/airflow/example_dags/example_sensor_decorator.py took 0.113 seconds
[2024-03-30T06:25:14.128+0000] {processor.py:157} INFO - Started process (PID=1195) to work on /home/airflow/.local/lib/python3.7/site-packages/airflow/example_dags/example_sensor_decorator.py
[2024-03-30T06:25:14.128+0000] {processor.py:826} INFO - Processing file /home/airflow/.local/lib/python3.7/site-packages/airflow/example_dags/example_sensor_decorator.py for tasks to queue
[2024-03-30T06:25:14.129+0000] {logging_mixin.py:149} INFO - [2024-03-30T06:25:14.129+0000] {dagbag.py:541} INFO - Filling up the DagBag from /home/airflow/.local/lib/python3.7/site-packages/airflow/example_dags/example_sensor_decorator.py
[2024-03-30T06:25:14.134+0000] {processor.py:836} INFO - DAG(s) dict_keys(['example_sensor_decorator']) retrieved from /home/airflow/.local/lib/python3.7/site-packages/airflow/example_dags/example_sensor_decorator.py
[2024-03-30T06:25:14.172+0000] {logging_mixin.py:149} INFO - [2024-03-30T06:25:14.172+0000] {dag.py:2726} INFO - Sync 1 DAGs
[2024-03-30T06:25:14.198+0000] {logging_mixin.py:149} INFO - [2024-03-30T06:25:14.198+0000] {dag.py:3490} INFO - Setting next_dagrun for example_sensor_decorator to None, run_after=None
[2024-03-30T06:25:14.236+0000] {processor.py:179} INFO - Processing /home/airflow/.local/lib/python3.7/site-packages/airflow/example_dags/example_sensor_decorator.py took 0.110 seconds
[2024-03-30T06:25:44.319+0000] {processor.py:157} INFO - Started process (PID=1256) to work on /home/airflow/.local/lib/python3.7/site-packages/airflow/example_dags/example_sensor_decorator.py
[2024-03-30T06:25:44.320+0000] {processor.py:826} INFO - Processing file /home/airflow/.local/lib/python3.7/site-packages/airflow/example_dags/example_sensor_decorator.py for tasks to queue
[2024-03-30T06:25:44.321+0000] {logging_mixin.py:149} INFO - [2024-03-30T06:25:44.321+0000] {dagbag.py:541} INFO - Filling up the DagBag from /home/airflow/.local/lib/python3.7/site-packages/airflow/example_dags/example_sensor_decorator.py
[2024-03-30T06:25:44.325+0000] {processor.py:836} INFO - DAG(s) dict_keys(['example_sensor_decorator']) retrieved from /home/airflow/.local/lib/python3.7/site-packages/airflow/example_dags/example_sensor_decorator.py
[2024-03-30T06:25:44.362+0000] {logging_mixin.py:149} INFO - [2024-03-30T06:25:44.362+0000] {dag.py:2726} INFO - Sync 1 DAGs
[2024-03-30T06:25:44.389+0000] {logging_mixin.py:149} INFO - [2024-03-30T06:25:44.389+0000] {dag.py:3490} INFO - Setting next_dagrun for example_sensor_decorator to None, run_after=None
[2024-03-30T06:25:44.427+0000] {processor.py:179} INFO - Processing /home/airflow/.local/lib/python3.7/site-packages/airflow/example_dags/example_sensor_decorator.py took 0.110 seconds
[2024-03-30T06:26:14.876+0000] {processor.py:157} INFO - Started process (PID=1317) to work on /home/airflow/.local/lib/python3.7/site-packages/airflow/example_dags/example_sensor_decorator.py
[2024-03-30T06:26:14.877+0000] {processor.py:826} INFO - Processing file /home/airflow/.local/lib/python3.7/site-packages/airflow/example_dags/example_sensor_decorator.py for tasks to queue
[2024-03-30T06:26:14.877+0000] {logging_mixin.py:149} INFO - [2024-03-30T06:26:14.877+0000] {dagbag.py:541} INFO - Filling up the DagBag from /home/airflow/.local/lib/python3.7/site-packages/airflow/example_dags/example_sensor_decorator.py
[2024-03-30T06:26:14.884+0000] {processor.py:836} INFO - DAG(s) dict_keys(['example_sensor_decorator']) retrieved from /home/airflow/.local/lib/python3.7/site-packages/airflow/example_dags/example_sensor_decorator.py
[2024-03-30T06:26:14.921+0000] {logging_mixin.py:149} INFO - [2024-03-30T06:26:14.921+0000] {dag.py:2726} INFO - Sync 1 DAGs
[2024-03-30T06:26:14.944+0000] {logging_mixin.py:149} INFO - [2024-03-30T06:26:14.944+0000] {dag.py:3490} INFO - Setting next_dagrun for example_sensor_decorator to None, run_after=None
[2024-03-30T06:26:14.980+0000] {processor.py:179} INFO - Processing /home/airflow/.local/lib/python3.7/site-packages/airflow/example_dags/example_sensor_decorator.py took 0.107 seconds
[2024-03-30T06:26:45.065+0000] {processor.py:157} INFO - Started process (PID=1379) to work on /home/airflow/.local/lib/python3.7/site-packages/airflow/example_dags/example_sensor_decorator.py
[2024-03-30T06:26:45.066+0000] {processor.py:826} INFO - Processing file /home/airflow/.local/lib/python3.7/site-packages/airflow/example_dags/example_sensor_decorator.py for tasks to queue
[2024-03-30T06:26:45.067+0000] {logging_mixin.py:149} INFO - [2024-03-30T06:26:45.067+0000] {dagbag.py:541} INFO - Filling up the DagBag from /home/airflow/.local/lib/python3.7/site-packages/airflow/example_dags/example_sensor_decorator.py
[2024-03-30T06:26:45.072+0000] {processor.py:836} INFO - DAG(s) dict_keys(['example_sensor_decorator']) retrieved from /home/airflow/.local/lib/python3.7/site-packages/airflow/example_dags/example_sensor_decorator.py
[2024-03-30T06:26:45.109+0000] {logging_mixin.py:149} INFO - [2024-03-30T06:26:45.109+0000] {dag.py:2726} INFO - Sync 1 DAGs
[2024-03-30T06:26:45.137+0000] {logging_mixin.py:149} INFO - [2024-03-30T06:26:45.137+0000] {dag.py:3490} INFO - Setting next_dagrun for example_sensor_decorator to None, run_after=None
[2024-03-30T06:26:45.175+0000] {processor.py:179} INFO - Processing /home/airflow/.local/lib/python3.7/site-packages/airflow/example_dags/example_sensor_decorator.py took 0.113 seconds
[2024-03-30T06:27:15.593+0000] {processor.py:157} INFO - Started process (PID=1440) to work on /home/airflow/.local/lib/python3.7/site-packages/airflow/example_dags/example_sensor_decorator.py
[2024-03-30T06:27:15.593+0000] {processor.py:826} INFO - Processing file /home/airflow/.local/lib/python3.7/site-packages/airflow/example_dags/example_sensor_decorator.py for tasks to queue
[2024-03-30T06:27:15.594+0000] {logging_mixin.py:149} INFO - [2024-03-30T06:27:15.594+0000] {dagbag.py:541} INFO - Filling up the DagBag from /home/airflow/.local/lib/python3.7/site-packages/airflow/example_dags/example_sensor_decorator.py
[2024-03-30T06:27:15.598+0000] {processor.py:836} INFO - DAG(s) dict_keys(['example_sensor_decorator']) retrieved from /home/airflow/.local/lib/python3.7/site-packages/airflow/example_dags/example_sensor_decorator.py
[2024-03-30T06:27:15.634+0000] {logging_mixin.py:149} INFO - [2024-03-30T06:27:15.634+0000] {dag.py:2726} INFO - Sync 1 DAGs
[2024-03-30T06:27:15.657+0000] {logging_mixin.py:149} INFO - [2024-03-30T06:27:15.657+0000] {dag.py:3490} INFO - Setting next_dagrun for example_sensor_decorator to None, run_after=None
[2024-03-30T06:27:15.689+0000] {processor.py:179} INFO - Processing /home/airflow/.local/lib/python3.7/site-packages/airflow/example_dags/example_sensor_decorator.py took 0.099 seconds
[2024-03-30T06:27:46.124+0000] {processor.py:157} INFO - Started process (PID=1502) to work on /home/airflow/.local/lib/python3.7/site-packages/airflow/example_dags/example_sensor_decorator.py
[2024-03-30T06:27:46.125+0000] {processor.py:826} INFO - Processing file /home/airflow/.local/lib/python3.7/site-packages/airflow/example_dags/example_sensor_decorator.py for tasks to queue
[2024-03-30T06:27:46.126+0000] {logging_mixin.py:149} INFO - [2024-03-30T06:27:46.126+0000] {dagbag.py:541} INFO - Filling up the DagBag from /home/airflow/.local/lib/python3.7/site-packages/airflow/example_dags/example_sensor_decorator.py
[2024-03-30T06:27:46.131+0000] {processor.py:836} INFO - DAG(s) dict_keys(['example_sensor_decorator']) retrieved from /home/airflow/.local/lib/python3.7/site-packages/airflow/example_dags/example_sensor_decorator.py
[2024-03-30T06:27:46.166+0000] {logging_mixin.py:149} INFO - [2024-03-30T06:27:46.166+0000] {dag.py:2726} INFO - Sync 1 DAGs
[2024-03-30T06:27:46.209+0000] {logging_mixin.py:149} INFO - [2024-03-30T06:27:46.209+0000] {dag.py:3490} INFO - Setting next_dagrun for example_sensor_decorator to None, run_after=None
[2024-03-30T06:27:46.267+0000] {processor.py:179} INFO - Processing /home/airflow/.local/lib/python3.7/site-packages/airflow/example_dags/example_sensor_decorator.py took 0.145 seconds
[2024-03-30T06:28:16.411+0000] {processor.py:157} INFO - Started process (PID=1563) to work on /home/airflow/.local/lib/python3.7/site-packages/airflow/example_dags/example_sensor_decorator.py
[2024-03-30T06:28:16.411+0000] {processor.py:826} INFO - Processing file /home/airflow/.local/lib/python3.7/site-packages/airflow/example_dags/example_sensor_decorator.py for tasks to queue
[2024-03-30T06:28:16.412+0000] {logging_mixin.py:149} INFO - [2024-03-30T06:28:16.412+0000] {dagbag.py:541} INFO - Filling up the DagBag from /home/airflow/.local/lib/python3.7/site-packages/airflow/example_dags/example_sensor_decorator.py
[2024-03-30T06:28:16.416+0000] {processor.py:836} INFO - DAG(s) dict_keys(['example_sensor_decorator']) retrieved from /home/airflow/.local/lib/python3.7/site-packages/airflow/example_dags/example_sensor_decorator.py
[2024-03-30T06:28:16.449+0000] {logging_mixin.py:149} INFO - [2024-03-30T06:28:16.449+0000] {dag.py:2726} INFO - Sync 1 DAGs
[2024-03-30T06:28:16.474+0000] {logging_mixin.py:149} INFO - [2024-03-30T06:28:16.474+0000] {dag.py:3490} INFO - Setting next_dagrun for example_sensor_decorator to None, run_after=None
[2024-03-30T06:28:16.507+0000] {processor.py:179} INFO - Processing /home/airflow/.local/lib/python3.7/site-packages/airflow/example_dags/example_sensor_decorator.py took 0.099 seconds
[2024-03-30T06:28:46.886+0000] {processor.py:157} INFO - Started process (PID=1624) to work on /home/airflow/.local/lib/python3.7/site-packages/airflow/example_dags/example_sensor_decorator.py
[2024-03-30T06:28:46.887+0000] {processor.py:826} INFO - Processing file /home/airflow/.local/lib/python3.7/site-packages/airflow/example_dags/example_sensor_decorator.py for tasks to queue
[2024-03-30T06:28:46.888+0000] {logging_mixin.py:149} INFO - [2024-03-30T06:28:46.888+0000] {dagbag.py:541} INFO - Filling up the DagBag from /home/airflow/.local/lib/python3.7/site-packages/airflow/example_dags/example_sensor_decorator.py
[2024-03-30T06:28:46.892+0000] {processor.py:836} INFO - DAG(s) dict_keys(['example_sensor_decorator']) retrieved from /home/airflow/.local/lib/python3.7/site-packages/airflow/example_dags/example_sensor_decorator.py
[2024-03-30T06:28:46.932+0000] {logging_mixin.py:149} INFO - [2024-03-30T06:28:46.932+0000] {dag.py:2726} INFO - Sync 1 DAGs
[2024-03-30T06:28:46.961+0000] {logging_mixin.py:149} INFO - [2024-03-30T06:28:46.960+0000] {dag.py:3490} INFO - Setting next_dagrun for example_sensor_decorator to None, run_after=None
[2024-03-30T06:28:46.999+0000] {processor.py:179} INFO - Processing /home/airflow/.local/lib/python3.7/site-packages/airflow/example_dags/example_sensor_decorator.py took 0.115 seconds
[2024-03-30T06:29:17.457+0000] {processor.py:157} INFO - Started process (PID=1685) to work on /home/airflow/.local/lib/python3.7/site-packages/airflow/example_dags/example_sensor_decorator.py
[2024-03-30T06:29:17.457+0000] {processor.py:826} INFO - Processing file /home/airflow/.local/lib/python3.7/site-packages/airflow/example_dags/example_sensor_decorator.py for tasks to queue
[2024-03-30T06:29:17.458+0000] {logging_mixin.py:149} INFO - [2024-03-30T06:29:17.458+0000] {dagbag.py:541} INFO - Filling up the DagBag from /home/airflow/.local/lib/python3.7/site-packages/airflow/example_dags/example_sensor_decorator.py
[2024-03-30T06:29:17.463+0000] {processor.py:836} INFO - DAG(s) dict_keys(['example_sensor_decorator']) retrieved from /home/airflow/.local/lib/python3.7/site-packages/airflow/example_dags/example_sensor_decorator.py
[2024-03-30T06:29:17.500+0000] {logging_mixin.py:149} INFO - [2024-03-30T06:29:17.500+0000] {dag.py:2726} INFO - Sync 1 DAGs
[2024-03-30T06:29:17.569+0000] {logging_mixin.py:149} INFO - [2024-03-30T06:29:17.569+0000] {dag.py:3490} INFO - Setting next_dagrun for example_sensor_decorator to None, run_after=None
[2024-03-30T06:29:17.605+0000] {processor.py:179} INFO - Processing /home/airflow/.local/lib/python3.7/site-packages/airflow/example_dags/example_sensor_decorator.py took 0.151 seconds
[2024-03-30T06:29:47.764+0000] {processor.py:157} INFO - Started process (PID=1746) to work on /home/airflow/.local/lib/python3.7/site-packages/airflow/example_dags/example_sensor_decorator.py
[2024-03-30T06:29:47.765+0000] {processor.py:826} INFO - Processing file /home/airflow/.local/lib/python3.7/site-packages/airflow/example_dags/example_sensor_decorator.py for tasks to queue
[2024-03-30T06:29:47.765+0000] {logging_mixin.py:149} INFO - [2024-03-30T06:29:47.765+0000] {dagbag.py:541} INFO - Filling up the DagBag from /home/airflow/.local/lib/python3.7/site-packages/airflow/example_dags/example_sensor_decorator.py
[2024-03-30T06:29:47.770+0000] {processor.py:836} INFO - DAG(s) dict_keys(['example_sensor_decorator']) retrieved from /home/airflow/.local/lib/python3.7/site-packages/airflow/example_dags/example_sensor_decorator.py
[2024-03-30T06:29:47.805+0000] {logging_mixin.py:149} INFO - [2024-03-30T06:29:47.804+0000] {dag.py:2726} INFO - Sync 1 DAGs
[2024-03-30T06:29:47.833+0000] {logging_mixin.py:149} INFO - [2024-03-30T06:29:47.833+0000] {dag.py:3490} INFO - Setting next_dagrun for example_sensor_decorator to None, run_after=None
[2024-03-30T06:29:47.867+0000] {processor.py:179} INFO - Processing /home/airflow/.local/lib/python3.7/site-packages/airflow/example_dags/example_sensor_decorator.py took 0.106 seconds
[2024-03-30T06:30:18.641+0000] {processor.py:157} INFO - Started process (PID=1807) to work on /home/airflow/.local/lib/python3.7/site-packages/airflow/example_dags/example_sensor_decorator.py
[2024-03-30T06:30:18.641+0000] {processor.py:826} INFO - Processing file /home/airflow/.local/lib/python3.7/site-packages/airflow/example_dags/example_sensor_decorator.py for tasks to queue
[2024-03-30T06:30:18.642+0000] {logging_mixin.py:149} INFO - [2024-03-30T06:30:18.642+0000] {dagbag.py:541} INFO - Filling up the DagBag from /home/airflow/.local/lib/python3.7/site-packages/airflow/example_dags/example_sensor_decorator.py
[2024-03-30T06:30:18.646+0000] {processor.py:836} INFO - DAG(s) dict_keys(['example_sensor_decorator']) retrieved from /home/airflow/.local/lib/python3.7/site-packages/airflow/example_dags/example_sensor_decorator.py
[2024-03-30T06:30:18.682+0000] {logging_mixin.py:149} INFO - [2024-03-30T06:30:18.682+0000] {dag.py:2726} INFO - Sync 1 DAGs
[2024-03-30T06:30:18.709+0000] {logging_mixin.py:149} INFO - [2024-03-30T06:30:18.709+0000] {dag.py:3490} INFO - Setting next_dagrun for example_sensor_decorator to None, run_after=None
[2024-03-30T06:30:18.744+0000] {processor.py:179} INFO - Processing /home/airflow/.local/lib/python3.7/site-packages/airflow/example_dags/example_sensor_decorator.py took 0.106 seconds
[2024-03-30T06:30:48.982+0000] {processor.py:157} INFO - Started process (PID=1868) to work on /home/airflow/.local/lib/python3.7/site-packages/airflow/example_dags/example_sensor_decorator.py
[2024-03-30T06:30:48.983+0000] {processor.py:826} INFO - Processing file /home/airflow/.local/lib/python3.7/site-packages/airflow/example_dags/example_sensor_decorator.py for tasks to queue
[2024-03-30T06:30:48.984+0000] {logging_mixin.py:149} INFO - [2024-03-30T06:30:48.984+0000] {dagbag.py:541} INFO - Filling up the DagBag from /home/airflow/.local/lib/python3.7/site-packages/airflow/example_dags/example_sensor_decorator.py
[2024-03-30T06:30:48.988+0000] {processor.py:836} INFO - DAG(s) dict_keys(['example_sensor_decorator']) retrieved from /home/airflow/.local/lib/python3.7/site-packages/airflow/example_dags/example_sensor_decorator.py
[2024-03-30T06:30:49.023+0000] {logging_mixin.py:149} INFO - [2024-03-30T06:30:49.023+0000] {dag.py:2726} INFO - Sync 1 DAGs
[2024-03-30T06:30:49.049+0000] {logging_mixin.py:149} INFO - [2024-03-30T06:30:49.049+0000] {dag.py:3490} INFO - Setting next_dagrun for example_sensor_decorator to None, run_after=None
[2024-03-30T06:30:49.082+0000] {processor.py:179} INFO - Processing /home/airflow/.local/lib/python3.7/site-packages/airflow/example_dags/example_sensor_decorator.py took 0.102 seconds
[2024-03-30T06:31:19.967+0000] {processor.py:157} INFO - Started process (PID=1929) to work on /home/airflow/.local/lib/python3.7/site-packages/airflow/example_dags/example_sensor_decorator.py
[2024-03-30T06:31:19.968+0000] {processor.py:826} INFO - Processing file /home/airflow/.local/lib/python3.7/site-packages/airflow/example_dags/example_sensor_decorator.py for tasks to queue
[2024-03-30T06:31:19.968+0000] {logging_mixin.py:149} INFO - [2024-03-30T06:31:19.968+0000] {dagbag.py:541} INFO - Filling up the DagBag from /home/airflow/.local/lib/python3.7/site-packages/airflow/example_dags/example_sensor_decorator.py
[2024-03-30T06:31:19.973+0000] {processor.py:836} INFO - DAG(s) dict_keys(['example_sensor_decorator']) retrieved from /home/airflow/.local/lib/python3.7/site-packages/airflow/example_dags/example_sensor_decorator.py
[2024-03-30T06:31:20.023+0000] {logging_mixin.py:149} INFO - [2024-03-30T06:31:20.022+0000] {dag.py:2726} INFO - Sync 1 DAGs
[2024-03-30T06:31:20.051+0000] {logging_mixin.py:149} INFO - [2024-03-30T06:31:20.051+0000] {dag.py:3490} INFO - Setting next_dagrun for example_sensor_decorator to None, run_after=None
[2024-03-30T06:31:20.098+0000] {processor.py:179} INFO - Processing /home/airflow/.local/lib/python3.7/site-packages/airflow/example_dags/example_sensor_decorator.py took 0.133 seconds
[2024-03-30T08:20:54.727+0000] {processor.py:157} INFO - Started process (PID=44) to work on /home/airflow/.local/lib/python3.7/site-packages/airflow/example_dags/example_sensor_decorator.py
[2024-03-30T08:20:54.729+0000] {processor.py:826} INFO - Processing file /home/airflow/.local/lib/python3.7/site-packages/airflow/example_dags/example_sensor_decorator.py for tasks to queue
[2024-03-30T08:20:54.730+0000] {logging_mixin.py:149} INFO - [2024-03-30T08:20:54.730+0000] {dagbag.py:541} INFO - Filling up the DagBag from /home/airflow/.local/lib/python3.7/site-packages/airflow/example_dags/example_sensor_decorator.py
[2024-03-30T08:20:54.739+0000] {processor.py:836} INFO - DAG(s) dict_keys(['example_sensor_decorator']) retrieved from /home/airflow/.local/lib/python3.7/site-packages/airflow/example_dags/example_sensor_decorator.py
[2024-03-30T08:20:54.805+0000] {logging_mixin.py:149} INFO - [2024-03-30T08:20:54.805+0000] {dag.py:2726} INFO - Sync 1 DAGs
[2024-03-30T08:20:54.841+0000] {logging_mixin.py:149} INFO - [2024-03-30T08:20:54.841+0000] {dag.py:3490} INFO - Setting next_dagrun for example_sensor_decorator to None, run_after=None
[2024-03-30T08:20:54.890+0000] {processor.py:179} INFO - Processing /home/airflow/.local/lib/python3.7/site-packages/airflow/example_dags/example_sensor_decorator.py took 0.166 seconds
[2024-03-30T08:21:25.339+0000] {processor.py:157} INFO - Started process (PID=105) to work on /home/airflow/.local/lib/python3.7/site-packages/airflow/example_dags/example_sensor_decorator.py
[2024-03-30T08:21:25.340+0000] {processor.py:826} INFO - Processing file /home/airflow/.local/lib/python3.7/site-packages/airflow/example_dags/example_sensor_decorator.py for tasks to queue
[2024-03-30T08:21:25.341+0000] {logging_mixin.py:149} INFO - [2024-03-30T08:21:25.341+0000] {dagbag.py:541} INFO - Filling up the DagBag from /home/airflow/.local/lib/python3.7/site-packages/airflow/example_dags/example_sensor_decorator.py
[2024-03-30T08:21:25.350+0000] {processor.py:836} INFO - DAG(s) dict_keys(['example_sensor_decorator']) retrieved from /home/airflow/.local/lib/python3.7/site-packages/airflow/example_dags/example_sensor_decorator.py
[2024-03-30T08:21:25.400+0000] {logging_mixin.py:149} INFO - [2024-03-30T08:21:25.399+0000] {dag.py:2726} INFO - Sync 1 DAGs
[2024-03-30T08:21:25.436+0000] {logging_mixin.py:149} INFO - [2024-03-30T08:21:25.436+0000] {dag.py:3490} INFO - Setting next_dagrun for example_sensor_decorator to None, run_after=None
[2024-03-30T08:21:25.484+0000] {processor.py:179} INFO - Processing /home/airflow/.local/lib/python3.7/site-packages/airflow/example_dags/example_sensor_decorator.py took 0.148 seconds
[2024-03-30T08:21:55.779+0000] {processor.py:157} INFO - Started process (PID=166) to work on /home/airflow/.local/lib/python3.7/site-packages/airflow/example_dags/example_sensor_decorator.py
[2024-03-30T08:21:55.781+0000] {processor.py:826} INFO - Processing file /home/airflow/.local/lib/python3.7/site-packages/airflow/example_dags/example_sensor_decorator.py for tasks to queue
[2024-03-30T08:21:55.781+0000] {logging_mixin.py:149} INFO - [2024-03-30T08:21:55.781+0000] {dagbag.py:541} INFO - Filling up the DagBag from /home/airflow/.local/lib/python3.7/site-packages/airflow/example_dags/example_sensor_decorator.py
[2024-03-30T08:21:55.786+0000] {processor.py:836} INFO - DAG(s) dict_keys(['example_sensor_decorator']) retrieved from /home/airflow/.local/lib/python3.7/site-packages/airflow/example_dags/example_sensor_decorator.py
[2024-03-30T08:21:55.828+0000] {logging_mixin.py:149} INFO - [2024-03-30T08:21:55.828+0000] {dag.py:2726} INFO - Sync 1 DAGs
[2024-03-30T08:21:55.856+0000] {logging_mixin.py:149} INFO - [2024-03-30T08:21:55.855+0000] {dag.py:3490} INFO - Setting next_dagrun for example_sensor_decorator to None, run_after=None
[2024-03-30T08:21:56.009+0000] {processor.py:179} INFO - Processing /home/airflow/.local/lib/python3.7/site-packages/airflow/example_dags/example_sensor_decorator.py took 0.232 seconds
[2024-03-30T08:22:26.868+0000] {processor.py:157} INFO - Started process (PID=227) to work on /home/airflow/.local/lib/python3.7/site-packages/airflow/example_dags/example_sensor_decorator.py
[2024-03-30T08:22:26.869+0000] {processor.py:826} INFO - Processing file /home/airflow/.local/lib/python3.7/site-packages/airflow/example_dags/example_sensor_decorator.py for tasks to queue
[2024-03-30T08:22:26.869+0000] {logging_mixin.py:149} INFO - [2024-03-30T08:22:26.869+0000] {dagbag.py:541} INFO - Filling up the DagBag from /home/airflow/.local/lib/python3.7/site-packages/airflow/example_dags/example_sensor_decorator.py
[2024-03-30T08:22:26.874+0000] {processor.py:836} INFO - DAG(s) dict_keys(['example_sensor_decorator']) retrieved from /home/airflow/.local/lib/python3.7/site-packages/airflow/example_dags/example_sensor_decorator.py
[2024-03-30T08:22:27.044+0000] {logging_mixin.py:149} INFO - [2024-03-30T08:22:27.043+0000] {dag.py:2726} INFO - Sync 1 DAGs
[2024-03-30T08:22:27.073+0000] {logging_mixin.py:149} INFO - [2024-03-30T08:22:27.073+0000] {dag.py:3490} INFO - Setting next_dagrun for example_sensor_decorator to None, run_after=None
[2024-03-30T08:22:27.133+0000] {processor.py:179} INFO - Processing /home/airflow/.local/lib/python3.7/site-packages/airflow/example_dags/example_sensor_decorator.py took 0.268 seconds
[2024-03-30T08:22:57.225+0000] {processor.py:157} INFO - Started process (PID=287) to work on /home/airflow/.local/lib/python3.7/site-packages/airflow/example_dags/example_sensor_decorator.py
[2024-03-30T08:22:57.227+0000] {processor.py:826} INFO - Processing file /home/airflow/.local/lib/python3.7/site-packages/airflow/example_dags/example_sensor_decorator.py for tasks to queue
[2024-03-30T08:22:57.228+0000] {logging_mixin.py:149} INFO - [2024-03-30T08:22:57.228+0000] {dagbag.py:541} INFO - Filling up the DagBag from /home/airflow/.local/lib/python3.7/site-packages/airflow/example_dags/example_sensor_decorator.py
[2024-03-30T08:22:57.234+0000] {processor.py:836} INFO - DAG(s) dict_keys(['example_sensor_decorator']) retrieved from /home/airflow/.local/lib/python3.7/site-packages/airflow/example_dags/example_sensor_decorator.py
[2024-03-30T08:22:57.280+0000] {logging_mixin.py:149} INFO - [2024-03-30T08:22:57.280+0000] {dag.py:2726} INFO - Sync 1 DAGs
[2024-03-30T08:22:57.356+0000] {logging_mixin.py:149} INFO - [2024-03-30T08:22:57.356+0000] {dag.py:3490} INFO - Setting next_dagrun for example_sensor_decorator to None, run_after=None
[2024-03-30T08:22:57.403+0000] {processor.py:179} INFO - Processing /home/airflow/.local/lib/python3.7/site-packages/airflow/example_dags/example_sensor_decorator.py took 0.181 seconds
[2024-03-30T08:23:27.438+0000] {processor.py:157} INFO - Started process (PID=348) to work on /home/airflow/.local/lib/python3.7/site-packages/airflow/example_dags/example_sensor_decorator.py
[2024-03-30T08:23:27.438+0000] {processor.py:826} INFO - Processing file /home/airflow/.local/lib/python3.7/site-packages/airflow/example_dags/example_sensor_decorator.py for tasks to queue
[2024-03-30T08:23:27.439+0000] {logging_mixin.py:149} INFO - [2024-03-30T08:23:27.439+0000] {dagbag.py:541} INFO - Filling up the DagBag from /home/airflow/.local/lib/python3.7/site-packages/airflow/example_dags/example_sensor_decorator.py
[2024-03-30T08:23:27.445+0000] {processor.py:836} INFO - DAG(s) dict_keys(['example_sensor_decorator']) retrieved from /home/airflow/.local/lib/python3.7/site-packages/airflow/example_dags/example_sensor_decorator.py
[2024-03-30T08:23:27.495+0000] {logging_mixin.py:149} INFO - [2024-03-30T08:23:27.495+0000] {dag.py:2726} INFO - Sync 1 DAGs
[2024-03-30T08:23:27.528+0000] {logging_mixin.py:149} INFO - [2024-03-30T08:23:27.528+0000] {dag.py:3490} INFO - Setting next_dagrun for example_sensor_decorator to None, run_after=None
[2024-03-30T08:23:27.586+0000] {processor.py:179} INFO - Processing /home/airflow/.local/lib/python3.7/site-packages/airflow/example_dags/example_sensor_decorator.py took 0.151 seconds
[2024-03-30T08:23:57.654+0000] {processor.py:157} INFO - Started process (PID=408) to work on /home/airflow/.local/lib/python3.7/site-packages/airflow/example_dags/example_sensor_decorator.py
[2024-03-30T08:23:57.655+0000] {processor.py:826} INFO - Processing file /home/airflow/.local/lib/python3.7/site-packages/airflow/example_dags/example_sensor_decorator.py for tasks to queue
[2024-03-30T08:23:57.656+0000] {logging_mixin.py:149} INFO - [2024-03-30T08:23:57.656+0000] {dagbag.py:541} INFO - Filling up the DagBag from /home/airflow/.local/lib/python3.7/site-packages/airflow/example_dags/example_sensor_decorator.py
[2024-03-30T08:23:57.662+0000] {processor.py:836} INFO - DAG(s) dict_keys(['example_sensor_decorator']) retrieved from /home/airflow/.local/lib/python3.7/site-packages/airflow/example_dags/example_sensor_decorator.py
[2024-03-30T08:23:57.702+0000] {logging_mixin.py:149} INFO - [2024-03-30T08:23:57.702+0000] {dag.py:2726} INFO - Sync 1 DAGs
[2024-03-30T08:23:57.732+0000] {logging_mixin.py:149} INFO - [2024-03-30T08:23:57.732+0000] {dag.py:3490} INFO - Setting next_dagrun for example_sensor_decorator to None, run_after=None
[2024-03-30T08:23:57.774+0000] {processor.py:179} INFO - Processing /home/airflow/.local/lib/python3.7/site-packages/airflow/example_dags/example_sensor_decorator.py took 0.122 seconds
[2024-03-30T08:24:28.077+0000] {processor.py:157} INFO - Started process (PID=469) to work on /home/airflow/.local/lib/python3.7/site-packages/airflow/example_dags/example_sensor_decorator.py
[2024-03-30T08:24:28.078+0000] {processor.py:826} INFO - Processing file /home/airflow/.local/lib/python3.7/site-packages/airflow/example_dags/example_sensor_decorator.py for tasks to queue
[2024-03-30T08:24:28.078+0000] {logging_mixin.py:149} INFO - [2024-03-30T08:24:28.078+0000] {dagbag.py:541} INFO - Filling up the DagBag from /home/airflow/.local/lib/python3.7/site-packages/airflow/example_dags/example_sensor_decorator.py
[2024-03-30T08:24:28.085+0000] {processor.py:836} INFO - DAG(s) dict_keys(['example_sensor_decorator']) retrieved from /home/airflow/.local/lib/python3.7/site-packages/airflow/example_dags/example_sensor_decorator.py
[2024-03-30T08:24:28.135+0000] {logging_mixin.py:149} INFO - [2024-03-30T08:24:28.135+0000] {dag.py:2726} INFO - Sync 1 DAGs
[2024-03-30T08:24:28.164+0000] {logging_mixin.py:149} INFO - [2024-03-30T08:24:28.164+0000] {dag.py:3490} INFO - Setting next_dagrun for example_sensor_decorator to None, run_after=None
[2024-03-30T08:24:28.215+0000] {processor.py:179} INFO - Processing /home/airflow/.local/lib/python3.7/site-packages/airflow/example_dags/example_sensor_decorator.py took 0.143 seconds
[2024-03-30T08:24:58.495+0000] {processor.py:157} INFO - Started process (PID=530) to work on /home/airflow/.local/lib/python3.7/site-packages/airflow/example_dags/example_sensor_decorator.py
[2024-03-30T08:24:58.497+0000] {processor.py:826} INFO - Processing file /home/airflow/.local/lib/python3.7/site-packages/airflow/example_dags/example_sensor_decorator.py for tasks to queue
[2024-03-30T08:24:58.497+0000] {logging_mixin.py:149} INFO - [2024-03-30T08:24:58.497+0000] {dagbag.py:541} INFO - Filling up the DagBag from /home/airflow/.local/lib/python3.7/site-packages/airflow/example_dags/example_sensor_decorator.py
[2024-03-30T08:24:58.503+0000] {processor.py:836} INFO - DAG(s) dict_keys(['example_sensor_decorator']) retrieved from /home/airflow/.local/lib/python3.7/site-packages/airflow/example_dags/example_sensor_decorator.py
[2024-03-30T08:24:58.549+0000] {logging_mixin.py:149} INFO - [2024-03-30T08:24:58.548+0000] {dag.py:2726} INFO - Sync 1 DAGs
[2024-03-30T08:24:58.585+0000] {logging_mixin.py:149} INFO - [2024-03-30T08:24:58.584+0000] {dag.py:3490} INFO - Setting next_dagrun for example_sensor_decorator to None, run_after=None
[2024-03-30T08:24:58.631+0000] {processor.py:179} INFO - Processing /home/airflow/.local/lib/python3.7/site-packages/airflow/example_dags/example_sensor_decorator.py took 0.141 seconds
[2024-03-30T08:25:28.822+0000] {processor.py:157} INFO - Started process (PID=591) to work on /home/airflow/.local/lib/python3.7/site-packages/airflow/example_dags/example_sensor_decorator.py
[2024-03-30T08:25:28.823+0000] {processor.py:826} INFO - Processing file /home/airflow/.local/lib/python3.7/site-packages/airflow/example_dags/example_sensor_decorator.py for tasks to queue
[2024-03-30T08:25:28.824+0000] {logging_mixin.py:149} INFO - [2024-03-30T08:25:28.824+0000] {dagbag.py:541} INFO - Filling up the DagBag from /home/airflow/.local/lib/python3.7/site-packages/airflow/example_dags/example_sensor_decorator.py
[2024-03-30T08:25:28.830+0000] {processor.py:836} INFO - DAG(s) dict_keys(['example_sensor_decorator']) retrieved from /home/airflow/.local/lib/python3.7/site-packages/airflow/example_dags/example_sensor_decorator.py
[2024-03-30T08:25:28.871+0000] {logging_mixin.py:149} INFO - [2024-03-30T08:25:28.871+0000] {dag.py:2726} INFO - Sync 1 DAGs
[2024-03-30T08:25:28.899+0000] {logging_mixin.py:149} INFO - [2024-03-30T08:25:28.899+0000] {dag.py:3490} INFO - Setting next_dagrun for example_sensor_decorator to None, run_after=None
[2024-03-30T08:25:28.943+0000] {processor.py:179} INFO - Processing /home/airflow/.local/lib/python3.7/site-packages/airflow/example_dags/example_sensor_decorator.py took 0.123 seconds
[2024-03-30T08:25:59.259+0000] {processor.py:157} INFO - Started process (PID=653) to work on /home/airflow/.local/lib/python3.7/site-packages/airflow/example_dags/example_sensor_decorator.py
[2024-03-30T08:25:59.260+0000] {processor.py:826} INFO - Processing file /home/airflow/.local/lib/python3.7/site-packages/airflow/example_dags/example_sensor_decorator.py for tasks to queue
[2024-03-30T08:25:59.260+0000] {logging_mixin.py:149} INFO - [2024-03-30T08:25:59.260+0000] {dagbag.py:541} INFO - Filling up the DagBag from /home/airflow/.local/lib/python3.7/site-packages/airflow/example_dags/example_sensor_decorator.py
[2024-03-30T08:25:59.265+0000] {processor.py:836} INFO - DAG(s) dict_keys(['example_sensor_decorator']) retrieved from /home/airflow/.local/lib/python3.7/site-packages/airflow/example_dags/example_sensor_decorator.py
[2024-03-30T08:25:59.310+0000] {logging_mixin.py:149} INFO - [2024-03-30T08:25:59.310+0000] {dag.py:2726} INFO - Sync 1 DAGs
[2024-03-30T08:25:59.335+0000] {logging_mixin.py:149} INFO - [2024-03-30T08:25:59.335+0000] {dag.py:3490} INFO - Setting next_dagrun for example_sensor_decorator to None, run_after=None
[2024-03-30T08:25:59.377+0000] {processor.py:179} INFO - Processing /home/airflow/.local/lib/python3.7/site-packages/airflow/example_dags/example_sensor_decorator.py took 0.125 seconds
