[2024-03-30T06:15:33.525+0000] {processor.py:157} INFO - Started process (PID=52) to work on /home/airflow/.local/lib/python3.7/site-packages/airflow/example_dags/example_kubernetes_executor.py
[2024-03-30T06:15:33.526+0000] {processor.py:826} INFO - Processing file /home/airflow/.local/lib/python3.7/site-packages/airflow/example_dags/example_kubernetes_executor.py for tasks to queue
[2024-03-30T06:15:33.526+0000] {logging_mixin.py:149} INFO - [2024-03-30T06:15:33.526+0000] {dagbag.py:541} INFO - Filling up the DagBag from /home/airflow/.local/lib/python3.7/site-packages/airflow/example_dags/example_kubernetes_executor.py
[2024-03-30T06:15:34.288+0000] {processor.py:836} INFO - DAG(s) dict_keys(['example_kubernetes_executor']) retrieved from /home/airflow/.local/lib/python3.7/site-packages/airflow/example_dags/example_kubernetes_executor.py
[2024-03-30T06:15:34.330+0000] {logging_mixin.py:149} INFO - [2024-03-30T06:15:34.330+0000] {dag.py:2726} INFO - Sync 1 DAGs
[2024-03-30T06:15:34.418+0000] {logging_mixin.py:149} INFO - [2024-03-30T06:15:34.418+0000] {dag.py:3490} INFO - Setting next_dagrun for example_kubernetes_executor to None, run_after=None
[2024-03-30T06:15:34.480+0000] {processor.py:179} INFO - Processing /home/airflow/.local/lib/python3.7/site-packages/airflow/example_dags/example_kubernetes_executor.py took 0.959 seconds
[2024-03-30T06:16:04.699+0000] {processor.py:157} INFO - Started process (PID=111) to work on /home/airflow/.local/lib/python3.7/site-packages/airflow/example_dags/example_kubernetes_executor.py
[2024-03-30T06:16:04.700+0000] {processor.py:826} INFO - Processing file /home/airflow/.local/lib/python3.7/site-packages/airflow/example_dags/example_kubernetes_executor.py for tasks to queue
[2024-03-30T06:16:04.701+0000] {logging_mixin.py:149} INFO - [2024-03-30T06:16:04.701+0000] {dagbag.py:541} INFO - Filling up the DagBag from /home/airflow/.local/lib/python3.7/site-packages/airflow/example_dags/example_kubernetes_executor.py
[2024-03-30T06:16:04.854+0000] {processor.py:836} INFO - DAG(s) dict_keys(['example_kubernetes_executor']) retrieved from /home/airflow/.local/lib/python3.7/site-packages/airflow/example_dags/example_kubernetes_executor.py
[2024-03-30T06:16:04.914+0000] {logging_mixin.py:149} INFO - [2024-03-30T06:16:04.914+0000] {dag.py:2726} INFO - Sync 1 DAGs
[2024-03-30T06:16:04.937+0000] {logging_mixin.py:149} INFO - [2024-03-30T06:16:04.937+0000] {dag.py:3490} INFO - Setting next_dagrun for example_kubernetes_executor to None, run_after=None
[2024-03-30T06:16:04.969+0000] {processor.py:179} INFO - Processing /home/airflow/.local/lib/python3.7/site-packages/airflow/example_dags/example_kubernetes_executor.py took 0.272 seconds
[2024-03-30T06:16:35.483+0000] {processor.py:157} INFO - Started process (PID=171) to work on /home/airflow/.local/lib/python3.7/site-packages/airflow/example_dags/example_kubernetes_executor.py
[2024-03-30T06:16:35.484+0000] {processor.py:826} INFO - Processing file /home/airflow/.local/lib/python3.7/site-packages/airflow/example_dags/example_kubernetes_executor.py for tasks to queue
[2024-03-30T06:16:35.484+0000] {logging_mixin.py:149} INFO - [2024-03-30T06:16:35.484+0000] {dagbag.py:541} INFO - Filling up the DagBag from /home/airflow/.local/lib/python3.7/site-packages/airflow/example_dags/example_kubernetes_executor.py
[2024-03-30T06:16:35.643+0000] {processor.py:836} INFO - DAG(s) dict_keys(['example_kubernetes_executor']) retrieved from /home/airflow/.local/lib/python3.7/site-packages/airflow/example_dags/example_kubernetes_executor.py
[2024-03-30T06:16:35.700+0000] {logging_mixin.py:149} INFO - [2024-03-30T06:16:35.700+0000] {dag.py:2726} INFO - Sync 1 DAGs
[2024-03-30T06:16:35.728+0000] {logging_mixin.py:149} INFO - [2024-03-30T06:16:35.728+0000] {dag.py:3490} INFO - Setting next_dagrun for example_kubernetes_executor to None, run_after=None
[2024-03-30T06:16:35.769+0000] {processor.py:179} INFO - Processing /home/airflow/.local/lib/python3.7/site-packages/airflow/example_dags/example_kubernetes_executor.py took 0.289 seconds
[2024-03-30T06:17:05.815+0000] {processor.py:157} INFO - Started process (PID=231) to work on /home/airflow/.local/lib/python3.7/site-packages/airflow/example_dags/example_kubernetes_executor.py
[2024-03-30T06:17:05.816+0000] {processor.py:826} INFO - Processing file /home/airflow/.local/lib/python3.7/site-packages/airflow/example_dags/example_kubernetes_executor.py for tasks to queue
[2024-03-30T06:17:05.816+0000] {logging_mixin.py:149} INFO - [2024-03-30T06:17:05.816+0000] {dagbag.py:541} INFO - Filling up the DagBag from /home/airflow/.local/lib/python3.7/site-packages/airflow/example_dags/example_kubernetes_executor.py
[2024-03-30T06:17:05.993+0000] {processor.py:836} INFO - DAG(s) dict_keys(['example_kubernetes_executor']) retrieved from /home/airflow/.local/lib/python3.7/site-packages/airflow/example_dags/example_kubernetes_executor.py
[2024-03-30T06:17:06.044+0000] {logging_mixin.py:149} INFO - [2024-03-30T06:17:06.044+0000] {dag.py:2726} INFO - Sync 1 DAGs
[2024-03-30T06:17:06.069+0000] {logging_mixin.py:149} INFO - [2024-03-30T06:17:06.069+0000] {dag.py:3490} INFO - Setting next_dagrun for example_kubernetes_executor to None, run_after=None
[2024-03-30T06:17:06.103+0000] {processor.py:179} INFO - Processing /home/airflow/.local/lib/python3.7/site-packages/airflow/example_dags/example_kubernetes_executor.py took 0.291 seconds
[2024-03-30T06:17:36.149+0000] {processor.py:157} INFO - Started process (PID=291) to work on /home/airflow/.local/lib/python3.7/site-packages/airflow/example_dags/example_kubernetes_executor.py
[2024-03-30T06:17:36.150+0000] {processor.py:826} INFO - Processing file /home/airflow/.local/lib/python3.7/site-packages/airflow/example_dags/example_kubernetes_executor.py for tasks to queue
[2024-03-30T06:17:36.150+0000] {logging_mixin.py:149} INFO - [2024-03-30T06:17:36.150+0000] {dagbag.py:541} INFO - Filling up the DagBag from /home/airflow/.local/lib/python3.7/site-packages/airflow/example_dags/example_kubernetes_executor.py
[2024-03-30T06:17:36.322+0000] {processor.py:836} INFO - DAG(s) dict_keys(['example_kubernetes_executor']) retrieved from /home/airflow/.local/lib/python3.7/site-packages/airflow/example_dags/example_kubernetes_executor.py
[2024-03-30T06:17:36.372+0000] {logging_mixin.py:149} INFO - [2024-03-30T06:17:36.372+0000] {dag.py:2726} INFO - Sync 1 DAGs
[2024-03-30T06:17:36.450+0000] {logging_mixin.py:149} INFO - [2024-03-30T06:17:36.450+0000] {dag.py:3490} INFO - Setting next_dagrun for example_kubernetes_executor to None, run_after=None
[2024-03-30T06:17:36.487+0000] {processor.py:179} INFO - Processing /home/airflow/.local/lib/python3.7/site-packages/airflow/example_dags/example_kubernetes_executor.py took 0.342 seconds
[2024-03-30T06:18:06.577+0000] {processor.py:157} INFO - Started process (PID=351) to work on /home/airflow/.local/lib/python3.7/site-packages/airflow/example_dags/example_kubernetes_executor.py
[2024-03-30T06:18:06.577+0000] {processor.py:826} INFO - Processing file /home/airflow/.local/lib/python3.7/site-packages/airflow/example_dags/example_kubernetes_executor.py for tasks to queue
[2024-03-30T06:18:06.578+0000] {logging_mixin.py:149} INFO - [2024-03-30T06:18:06.578+0000] {dagbag.py:541} INFO - Filling up the DagBag from /home/airflow/.local/lib/python3.7/site-packages/airflow/example_dags/example_kubernetes_executor.py
[2024-03-30T06:18:06.741+0000] {processor.py:836} INFO - DAG(s) dict_keys(['example_kubernetes_executor']) retrieved from /home/airflow/.local/lib/python3.7/site-packages/airflow/example_dags/example_kubernetes_executor.py
[2024-03-30T06:18:06.788+0000] {logging_mixin.py:149} INFO - [2024-03-30T06:18:06.788+0000] {dag.py:2726} INFO - Sync 1 DAGs
[2024-03-30T06:18:06.811+0000] {logging_mixin.py:149} INFO - [2024-03-30T06:18:06.811+0000] {dag.py:3490} INFO - Setting next_dagrun for example_kubernetes_executor to None, run_after=None
[2024-03-30T06:18:06.846+0000] {processor.py:179} INFO - Processing /home/airflow/.local/lib/python3.7/site-packages/airflow/example_dags/example_kubernetes_executor.py took 0.272 seconds
[2024-03-30T06:18:37.219+0000] {processor.py:157} INFO - Started process (PID=412) to work on /home/airflow/.local/lib/python3.7/site-packages/airflow/example_dags/example_kubernetes_executor.py
[2024-03-30T06:18:37.221+0000] {processor.py:826} INFO - Processing file /home/airflow/.local/lib/python3.7/site-packages/airflow/example_dags/example_kubernetes_executor.py for tasks to queue
[2024-03-30T06:18:37.222+0000] {logging_mixin.py:149} INFO - [2024-03-30T06:18:37.222+0000] {dagbag.py:541} INFO - Filling up the DagBag from /home/airflow/.local/lib/python3.7/site-packages/airflow/example_dags/example_kubernetes_executor.py
[2024-03-30T06:18:37.391+0000] {processor.py:836} INFO - DAG(s) dict_keys(['example_kubernetes_executor']) retrieved from /home/airflow/.local/lib/python3.7/site-packages/airflow/example_dags/example_kubernetes_executor.py
[2024-03-30T06:18:37.444+0000] {logging_mixin.py:149} INFO - [2024-03-30T06:18:37.444+0000] {dag.py:2726} INFO - Sync 1 DAGs
[2024-03-30T06:18:37.476+0000] {logging_mixin.py:149} INFO - [2024-03-30T06:18:37.476+0000] {dag.py:3490} INFO - Setting next_dagrun for example_kubernetes_executor to None, run_after=None
[2024-03-30T06:18:37.513+0000] {processor.py:179} INFO - Processing /home/airflow/.local/lib/python3.7/site-packages/airflow/example_dags/example_kubernetes_executor.py took 0.297 seconds
[2024-03-30T06:19:07.637+0000] {processor.py:157} INFO - Started process (PID=472) to work on /home/airflow/.local/lib/python3.7/site-packages/airflow/example_dags/example_kubernetes_executor.py
[2024-03-30T06:19:07.637+0000] {processor.py:826} INFO - Processing file /home/airflow/.local/lib/python3.7/site-packages/airflow/example_dags/example_kubernetes_executor.py for tasks to queue
[2024-03-30T06:19:07.638+0000] {logging_mixin.py:149} INFO - [2024-03-30T06:19:07.638+0000] {dagbag.py:541} INFO - Filling up the DagBag from /home/airflow/.local/lib/python3.7/site-packages/airflow/example_dags/example_kubernetes_executor.py
[2024-03-30T06:19:07.816+0000] {processor.py:836} INFO - DAG(s) dict_keys(['example_kubernetes_executor']) retrieved from /home/airflow/.local/lib/python3.7/site-packages/airflow/example_dags/example_kubernetes_executor.py
[2024-03-30T06:19:07.864+0000] {logging_mixin.py:149} INFO - [2024-03-30T06:19:07.864+0000] {dag.py:2726} INFO - Sync 1 DAGs
[2024-03-30T06:19:07.891+0000] {logging_mixin.py:149} INFO - [2024-03-30T06:19:07.891+0000] {dag.py:3490} INFO - Setting next_dagrun for example_kubernetes_executor to None, run_after=None
[2024-03-30T06:19:07.926+0000] {processor.py:179} INFO - Processing /home/airflow/.local/lib/python3.7/site-packages/airflow/example_dags/example_kubernetes_executor.py took 0.292 seconds
[2024-03-30T06:19:38.592+0000] {processor.py:157} INFO - Started process (PID=532) to work on /home/airflow/.local/lib/python3.7/site-packages/airflow/example_dags/example_kubernetes_executor.py
[2024-03-30T06:19:38.594+0000] {processor.py:826} INFO - Processing file /home/airflow/.local/lib/python3.7/site-packages/airflow/example_dags/example_kubernetes_executor.py for tasks to queue
[2024-03-30T06:19:38.595+0000] {logging_mixin.py:149} INFO - [2024-03-30T06:19:38.595+0000] {dagbag.py:541} INFO - Filling up the DagBag from /home/airflow/.local/lib/python3.7/site-packages/airflow/example_dags/example_kubernetes_executor.py
[2024-03-30T06:19:38.778+0000] {processor.py:836} INFO - DAG(s) dict_keys(['example_kubernetes_executor']) retrieved from /home/airflow/.local/lib/python3.7/site-packages/airflow/example_dags/example_kubernetes_executor.py
[2024-03-30T06:19:38.828+0000] {logging_mixin.py:149} INFO - [2024-03-30T06:19:38.827+0000] {dag.py:2726} INFO - Sync 1 DAGs
[2024-03-30T06:19:38.850+0000] {logging_mixin.py:149} INFO - [2024-03-30T06:19:38.850+0000] {dag.py:3490} INFO - Setting next_dagrun for example_kubernetes_executor to None, run_after=None
[2024-03-30T06:19:38.882+0000] {processor.py:179} INFO - Processing /home/airflow/.local/lib/python3.7/site-packages/airflow/example_dags/example_kubernetes_executor.py took 0.293 seconds
[2024-03-30T06:20:09.572+0000] {processor.py:157} INFO - Started process (PID=592) to work on /home/airflow/.local/lib/python3.7/site-packages/airflow/example_dags/example_kubernetes_executor.py
[2024-03-30T06:20:09.573+0000] {processor.py:826} INFO - Processing file /home/airflow/.local/lib/python3.7/site-packages/airflow/example_dags/example_kubernetes_executor.py for tasks to queue
[2024-03-30T06:20:09.574+0000] {logging_mixin.py:149} INFO - [2024-03-30T06:20:09.574+0000] {dagbag.py:541} INFO - Filling up the DagBag from /home/airflow/.local/lib/python3.7/site-packages/airflow/example_dags/example_kubernetes_executor.py
[2024-03-30T06:20:09.757+0000] {processor.py:836} INFO - DAG(s) dict_keys(['example_kubernetes_executor']) retrieved from /home/airflow/.local/lib/python3.7/site-packages/airflow/example_dags/example_kubernetes_executor.py
[2024-03-30T06:20:09.821+0000] {logging_mixin.py:149} INFO - [2024-03-30T06:20:09.821+0000] {dag.py:2726} INFO - Sync 1 DAGs
[2024-03-30T06:20:09.868+0000] {logging_mixin.py:149} INFO - [2024-03-30T06:20:09.868+0000] {dag.py:3490} INFO - Setting next_dagrun for example_kubernetes_executor to None, run_after=None
[2024-03-30T06:20:09.908+0000] {processor.py:179} INFO - Processing /home/airflow/.local/lib/python3.7/site-packages/airflow/example_dags/example_kubernetes_executor.py took 0.340 seconds
[2024-03-30T06:20:40.205+0000] {processor.py:157} INFO - Started process (PID=653) to work on /home/airflow/.local/lib/python3.7/site-packages/airflow/example_dags/example_kubernetes_executor.py
[2024-03-30T06:20:40.207+0000] {processor.py:826} INFO - Processing file /home/airflow/.local/lib/python3.7/site-packages/airflow/example_dags/example_kubernetes_executor.py for tasks to queue
[2024-03-30T06:20:40.207+0000] {logging_mixin.py:149} INFO - [2024-03-30T06:20:40.207+0000] {dagbag.py:541} INFO - Filling up the DagBag from /home/airflow/.local/lib/python3.7/site-packages/airflow/example_dags/example_kubernetes_executor.py
[2024-03-30T06:20:40.378+0000] {processor.py:836} INFO - DAG(s) dict_keys(['example_kubernetes_executor']) retrieved from /home/airflow/.local/lib/python3.7/site-packages/airflow/example_dags/example_kubernetes_executor.py
[2024-03-30T06:20:40.423+0000] {logging_mixin.py:149} INFO - [2024-03-30T06:20:40.423+0000] {dag.py:2726} INFO - Sync 1 DAGs
[2024-03-30T06:20:40.504+0000] {logging_mixin.py:149} INFO - [2024-03-30T06:20:40.503+0000] {dag.py:3490} INFO - Setting next_dagrun for example_kubernetes_executor to None, run_after=None
[2024-03-30T06:20:40.539+0000] {processor.py:179} INFO - Processing /home/airflow/.local/lib/python3.7/site-packages/airflow/example_dags/example_kubernetes_executor.py took 0.336 seconds
[2024-03-30T06:21:11.209+0000] {processor.py:157} INFO - Started process (PID=715) to work on /home/airflow/.local/lib/python3.7/site-packages/airflow/example_dags/example_kubernetes_executor.py
[2024-03-30T06:21:11.210+0000] {processor.py:826} INFO - Processing file /home/airflow/.local/lib/python3.7/site-packages/airflow/example_dags/example_kubernetes_executor.py for tasks to queue
[2024-03-30T06:21:11.210+0000] {logging_mixin.py:149} INFO - [2024-03-30T06:21:11.210+0000] {dagbag.py:541} INFO - Filling up the DagBag from /home/airflow/.local/lib/python3.7/site-packages/airflow/example_dags/example_kubernetes_executor.py
[2024-03-30T06:21:11.365+0000] {processor.py:836} INFO - DAG(s) dict_keys(['example_kubernetes_executor']) retrieved from /home/airflow/.local/lib/python3.7/site-packages/airflow/example_dags/example_kubernetes_executor.py
[2024-03-30T06:21:11.416+0000] {logging_mixin.py:149} INFO - [2024-03-30T06:21:11.416+0000] {dag.py:2726} INFO - Sync 1 DAGs
[2024-03-30T06:21:11.440+0000] {logging_mixin.py:149} INFO - [2024-03-30T06:21:11.440+0000] {dag.py:3490} INFO - Setting next_dagrun for example_kubernetes_executor to None, run_after=None
[2024-03-30T06:21:11.473+0000] {processor.py:179} INFO - Processing /home/airflow/.local/lib/python3.7/site-packages/airflow/example_dags/example_kubernetes_executor.py took 0.266 seconds
[2024-03-30T06:21:42.231+0000] {processor.py:157} INFO - Started process (PID=776) to work on /home/airflow/.local/lib/python3.7/site-packages/airflow/example_dags/example_kubernetes_executor.py
[2024-03-30T06:21:42.232+0000] {processor.py:826} INFO - Processing file /home/airflow/.local/lib/python3.7/site-packages/airflow/example_dags/example_kubernetes_executor.py for tasks to queue
[2024-03-30T06:21:42.232+0000] {logging_mixin.py:149} INFO - [2024-03-30T06:21:42.232+0000] {dagbag.py:541} INFO - Filling up the DagBag from /home/airflow/.local/lib/python3.7/site-packages/airflow/example_dags/example_kubernetes_executor.py
[2024-03-30T06:21:42.404+0000] {processor.py:836} INFO - DAG(s) dict_keys(['example_kubernetes_executor']) retrieved from /home/airflow/.local/lib/python3.7/site-packages/airflow/example_dags/example_kubernetes_executor.py
[2024-03-30T06:21:42.458+0000] {logging_mixin.py:149} INFO - [2024-03-30T06:21:42.458+0000] {dag.py:2726} INFO - Sync 1 DAGs
[2024-03-30T06:21:42.486+0000] {logging_mixin.py:149} INFO - [2024-03-30T06:21:42.485+0000] {dag.py:3490} INFO - Setting next_dagrun for example_kubernetes_executor to None, run_after=None
[2024-03-30T06:21:42.517+0000] {processor.py:179} INFO - Processing /home/airflow/.local/lib/python3.7/site-packages/airflow/example_dags/example_kubernetes_executor.py took 0.289 seconds
[2024-03-30T06:22:13.122+0000] {processor.py:157} INFO - Started process (PID=837) to work on /home/airflow/.local/lib/python3.7/site-packages/airflow/example_dags/example_kubernetes_executor.py
[2024-03-30T06:22:13.123+0000] {processor.py:826} INFO - Processing file /home/airflow/.local/lib/python3.7/site-packages/airflow/example_dags/example_kubernetes_executor.py for tasks to queue
[2024-03-30T06:22:13.123+0000] {logging_mixin.py:149} INFO - [2024-03-30T06:22:13.123+0000] {dagbag.py:541} INFO - Filling up the DagBag from /home/airflow/.local/lib/python3.7/site-packages/airflow/example_dags/example_kubernetes_executor.py
[2024-03-30T06:22:13.297+0000] {processor.py:836} INFO - DAG(s) dict_keys(['example_kubernetes_executor']) retrieved from /home/airflow/.local/lib/python3.7/site-packages/airflow/example_dags/example_kubernetes_executor.py
[2024-03-30T06:22:13.353+0000] {logging_mixin.py:149} INFO - [2024-03-30T06:22:13.353+0000] {dag.py:2726} INFO - Sync 1 DAGs
[2024-03-30T06:22:13.377+0000] {logging_mixin.py:149} INFO - [2024-03-30T06:22:13.377+0000] {dag.py:3490} INFO - Setting next_dagrun for example_kubernetes_executor to None, run_after=None
[2024-03-30T06:22:13.410+0000] {processor.py:179} INFO - Processing /home/airflow/.local/lib/python3.7/site-packages/airflow/example_dags/example_kubernetes_executor.py took 0.291 seconds
[2024-03-30T06:22:43.622+0000] {processor.py:157} INFO - Started process (PID=898) to work on /home/airflow/.local/lib/python3.7/site-packages/airflow/example_dags/example_kubernetes_executor.py
[2024-03-30T06:22:43.623+0000] {processor.py:826} INFO - Processing file /home/airflow/.local/lib/python3.7/site-packages/airflow/example_dags/example_kubernetes_executor.py for tasks to queue
[2024-03-30T06:22:43.623+0000] {logging_mixin.py:149} INFO - [2024-03-30T06:22:43.623+0000] {dagbag.py:541} INFO - Filling up the DagBag from /home/airflow/.local/lib/python3.7/site-packages/airflow/example_dags/example_kubernetes_executor.py
[2024-03-30T06:22:43.793+0000] {processor.py:836} INFO - DAG(s) dict_keys(['example_kubernetes_executor']) retrieved from /home/airflow/.local/lib/python3.7/site-packages/airflow/example_dags/example_kubernetes_executor.py
[2024-03-30T06:22:43.846+0000] {logging_mixin.py:149} INFO - [2024-03-30T06:22:43.846+0000] {dag.py:2726} INFO - Sync 1 DAGs
[2024-03-30T06:22:43.877+0000] {logging_mixin.py:149} INFO - [2024-03-30T06:22:43.877+0000] {dag.py:3490} INFO - Setting next_dagrun for example_kubernetes_executor to None, run_after=None
[2024-03-30T06:22:43.913+0000] {processor.py:179} INFO - Processing /home/airflow/.local/lib/python3.7/site-packages/airflow/example_dags/example_kubernetes_executor.py took 0.295 seconds
[2024-03-30T06:23:14.050+0000] {processor.py:157} INFO - Started process (PID=959) to work on /home/airflow/.local/lib/python3.7/site-packages/airflow/example_dags/example_kubernetes_executor.py
[2024-03-30T06:23:14.051+0000] {processor.py:826} INFO - Processing file /home/airflow/.local/lib/python3.7/site-packages/airflow/example_dags/example_kubernetes_executor.py for tasks to queue
[2024-03-30T06:23:14.051+0000] {logging_mixin.py:149} INFO - [2024-03-30T06:23:14.051+0000] {dagbag.py:541} INFO - Filling up the DagBag from /home/airflow/.local/lib/python3.7/site-packages/airflow/example_dags/example_kubernetes_executor.py
[2024-03-30T06:23:14.217+0000] {processor.py:836} INFO - DAG(s) dict_keys(['example_kubernetes_executor']) retrieved from /home/airflow/.local/lib/python3.7/site-packages/airflow/example_dags/example_kubernetes_executor.py
[2024-03-30T06:23:14.266+0000] {logging_mixin.py:149} INFO - [2024-03-30T06:23:14.265+0000] {dag.py:2726} INFO - Sync 1 DAGs
[2024-03-30T06:23:14.288+0000] {logging_mixin.py:149} INFO - [2024-03-30T06:23:14.288+0000] {dag.py:3490} INFO - Setting next_dagrun for example_kubernetes_executor to None, run_after=None
[2024-03-30T06:23:14.321+0000] {processor.py:179} INFO - Processing /home/airflow/.local/lib/python3.7/site-packages/airflow/example_dags/example_kubernetes_executor.py took 0.274 seconds
[2024-03-30T06:23:45.291+0000] {processor.py:157} INFO - Started process (PID=1020) to work on /home/airflow/.local/lib/python3.7/site-packages/airflow/example_dags/example_kubernetes_executor.py
[2024-03-30T06:23:45.293+0000] {processor.py:826} INFO - Processing file /home/airflow/.local/lib/python3.7/site-packages/airflow/example_dags/example_kubernetes_executor.py for tasks to queue
[2024-03-30T06:23:45.293+0000] {logging_mixin.py:149} INFO - [2024-03-30T06:23:45.293+0000] {dagbag.py:541} INFO - Filling up the DagBag from /home/airflow/.local/lib/python3.7/site-packages/airflow/example_dags/example_kubernetes_executor.py
[2024-03-30T06:23:45.456+0000] {processor.py:836} INFO - DAG(s) dict_keys(['example_kubernetes_executor']) retrieved from /home/airflow/.local/lib/python3.7/site-packages/airflow/example_dags/example_kubernetes_executor.py
[2024-03-30T06:23:45.510+0000] {logging_mixin.py:149} INFO - [2024-03-30T06:23:45.510+0000] {dag.py:2726} INFO - Sync 1 DAGs
[2024-03-30T06:23:45.539+0000] {logging_mixin.py:149} INFO - [2024-03-30T06:23:45.539+0000] {dag.py:3490} INFO - Setting next_dagrun for example_kubernetes_executor to None, run_after=None
[2024-03-30T06:23:45.573+0000] {processor.py:179} INFO - Processing /home/airflow/.local/lib/python3.7/site-packages/airflow/example_dags/example_kubernetes_executor.py took 0.285 seconds
[2024-03-30T06:24:15.849+0000] {processor.py:157} INFO - Started process (PID=1081) to work on /home/airflow/.local/lib/python3.7/site-packages/airflow/example_dags/example_kubernetes_executor.py
[2024-03-30T06:24:15.850+0000] {processor.py:826} INFO - Processing file /home/airflow/.local/lib/python3.7/site-packages/airflow/example_dags/example_kubernetes_executor.py for tasks to queue
[2024-03-30T06:24:15.850+0000] {logging_mixin.py:149} INFO - [2024-03-30T06:24:15.850+0000] {dagbag.py:541} INFO - Filling up the DagBag from /home/airflow/.local/lib/python3.7/site-packages/airflow/example_dags/example_kubernetes_executor.py
[2024-03-30T06:24:16.016+0000] {processor.py:836} INFO - DAG(s) dict_keys(['example_kubernetes_executor']) retrieved from /home/airflow/.local/lib/python3.7/site-packages/airflow/example_dags/example_kubernetes_executor.py
[2024-03-30T06:24:16.063+0000] {logging_mixin.py:149} INFO - [2024-03-30T06:24:16.063+0000] {dag.py:2726} INFO - Sync 1 DAGs
[2024-03-30T06:24:16.091+0000] {logging_mixin.py:149} INFO - [2024-03-30T06:24:16.091+0000] {dag.py:3490} INFO - Setting next_dagrun for example_kubernetes_executor to None, run_after=None
[2024-03-30T06:24:16.126+0000] {processor.py:179} INFO - Processing /home/airflow/.local/lib/python3.7/site-packages/airflow/example_dags/example_kubernetes_executor.py took 0.279 seconds
[2024-03-30T06:24:46.192+0000] {processor.py:157} INFO - Started process (PID=1142) to work on /home/airflow/.local/lib/python3.7/site-packages/airflow/example_dags/example_kubernetes_executor.py
[2024-03-30T06:24:46.193+0000] {processor.py:826} INFO - Processing file /home/airflow/.local/lib/python3.7/site-packages/airflow/example_dags/example_kubernetes_executor.py for tasks to queue
[2024-03-30T06:24:46.194+0000] {logging_mixin.py:149} INFO - [2024-03-30T06:24:46.194+0000] {dagbag.py:541} INFO - Filling up the DagBag from /home/airflow/.local/lib/python3.7/site-packages/airflow/example_dags/example_kubernetes_executor.py
[2024-03-30T06:24:46.361+0000] {processor.py:836} INFO - DAG(s) dict_keys(['example_kubernetes_executor']) retrieved from /home/airflow/.local/lib/python3.7/site-packages/airflow/example_dags/example_kubernetes_executor.py
[2024-03-30T06:24:46.407+0000] {logging_mixin.py:149} INFO - [2024-03-30T06:24:46.407+0000] {dag.py:2726} INFO - Sync 1 DAGs
[2024-03-30T06:24:46.430+0000] {logging_mixin.py:149} INFO - [2024-03-30T06:24:46.430+0000] {dag.py:3490} INFO - Setting next_dagrun for example_kubernetes_executor to None, run_after=None
[2024-03-30T06:24:46.470+0000] {processor.py:179} INFO - Processing /home/airflow/.local/lib/python3.7/site-packages/airflow/example_dags/example_kubernetes_executor.py took 0.280 seconds
[2024-03-30T06:25:16.565+0000] {processor.py:157} INFO - Started process (PID=1203) to work on /home/airflow/.local/lib/python3.7/site-packages/airflow/example_dags/example_kubernetes_executor.py
[2024-03-30T06:25:16.565+0000] {processor.py:826} INFO - Processing file /home/airflow/.local/lib/python3.7/site-packages/airflow/example_dags/example_kubernetes_executor.py for tasks to queue
[2024-03-30T06:25:16.566+0000] {logging_mixin.py:149} INFO - [2024-03-30T06:25:16.566+0000] {dagbag.py:541} INFO - Filling up the DagBag from /home/airflow/.local/lib/python3.7/site-packages/airflow/example_dags/example_kubernetes_executor.py
[2024-03-30T06:25:16.721+0000] {processor.py:836} INFO - DAG(s) dict_keys(['example_kubernetes_executor']) retrieved from /home/airflow/.local/lib/python3.7/site-packages/airflow/example_dags/example_kubernetes_executor.py
[2024-03-30T06:25:16.775+0000] {logging_mixin.py:149} INFO - [2024-03-30T06:25:16.774+0000] {dag.py:2726} INFO - Sync 1 DAGs
[2024-03-30T06:25:16.800+0000] {logging_mixin.py:149} INFO - [2024-03-30T06:25:16.800+0000] {dag.py:3490} INFO - Setting next_dagrun for example_kubernetes_executor to None, run_after=None
[2024-03-30T06:25:16.837+0000] {processor.py:179} INFO - Processing /home/airflow/.local/lib/python3.7/site-packages/airflow/example_dags/example_kubernetes_executor.py took 0.275 seconds
[2024-03-30T06:25:46.937+0000] {processor.py:157} INFO - Started process (PID=1264) to work on /home/airflow/.local/lib/python3.7/site-packages/airflow/example_dags/example_kubernetes_executor.py
[2024-03-30T06:25:46.938+0000] {processor.py:826} INFO - Processing file /home/airflow/.local/lib/python3.7/site-packages/airflow/example_dags/example_kubernetes_executor.py for tasks to queue
[2024-03-30T06:25:46.939+0000] {logging_mixin.py:149} INFO - [2024-03-30T06:25:46.939+0000] {dagbag.py:541} INFO - Filling up the DagBag from /home/airflow/.local/lib/python3.7/site-packages/airflow/example_dags/example_kubernetes_executor.py
[2024-03-30T06:25:47.121+0000] {processor.py:836} INFO - DAG(s) dict_keys(['example_kubernetes_executor']) retrieved from /home/airflow/.local/lib/python3.7/site-packages/airflow/example_dags/example_kubernetes_executor.py
[2024-03-30T06:25:47.221+0000] {logging_mixin.py:149} INFO - [2024-03-30T06:25:47.221+0000] {dag.py:2726} INFO - Sync 1 DAGs
[2024-03-30T06:25:47.257+0000] {logging_mixin.py:149} INFO - [2024-03-30T06:25:47.256+0000] {dag.py:3490} INFO - Setting next_dagrun for example_kubernetes_executor to None, run_after=None
[2024-03-30T06:25:47.304+0000] {processor.py:179} INFO - Processing /home/airflow/.local/lib/python3.7/site-packages/airflow/example_dags/example_kubernetes_executor.py took 0.370 seconds
[2024-03-30T06:26:17.454+0000] {processor.py:157} INFO - Started process (PID=1325) to work on /home/airflow/.local/lib/python3.7/site-packages/airflow/example_dags/example_kubernetes_executor.py
[2024-03-30T06:26:17.454+0000] {processor.py:826} INFO - Processing file /home/airflow/.local/lib/python3.7/site-packages/airflow/example_dags/example_kubernetes_executor.py for tasks to queue
[2024-03-30T06:26:17.455+0000] {logging_mixin.py:149} INFO - [2024-03-30T06:26:17.455+0000] {dagbag.py:541} INFO - Filling up the DagBag from /home/airflow/.local/lib/python3.7/site-packages/airflow/example_dags/example_kubernetes_executor.py
[2024-03-30T06:26:17.718+0000] {processor.py:836} INFO - DAG(s) dict_keys(['example_kubernetes_executor']) retrieved from /home/airflow/.local/lib/python3.7/site-packages/airflow/example_dags/example_kubernetes_executor.py
[2024-03-30T06:26:17.799+0000] {logging_mixin.py:149} INFO - [2024-03-30T06:26:17.799+0000] {dag.py:2726} INFO - Sync 1 DAGs
[2024-03-30T06:26:17.839+0000] {logging_mixin.py:149} INFO - [2024-03-30T06:26:17.839+0000] {dag.py:3490} INFO - Setting next_dagrun for example_kubernetes_executor to None, run_after=None
[2024-03-30T06:26:17.896+0000] {processor.py:179} INFO - Processing /home/airflow/.local/lib/python3.7/site-packages/airflow/example_dags/example_kubernetes_executor.py took 0.445 seconds
[2024-03-30T06:26:48.631+0000] {processor.py:157} INFO - Started process (PID=1387) to work on /home/airflow/.local/lib/python3.7/site-packages/airflow/example_dags/example_kubernetes_executor.py
[2024-03-30T06:26:48.633+0000] {processor.py:826} INFO - Processing file /home/airflow/.local/lib/python3.7/site-packages/airflow/example_dags/example_kubernetes_executor.py for tasks to queue
[2024-03-30T06:26:48.633+0000] {logging_mixin.py:149} INFO - [2024-03-30T06:26:48.633+0000] {dagbag.py:541} INFO - Filling up the DagBag from /home/airflow/.local/lib/python3.7/site-packages/airflow/example_dags/example_kubernetes_executor.py
[2024-03-30T06:26:48.811+0000] {processor.py:836} INFO - DAG(s) dict_keys(['example_kubernetes_executor']) retrieved from /home/airflow/.local/lib/python3.7/site-packages/airflow/example_dags/example_kubernetes_executor.py
[2024-03-30T06:26:48.862+0000] {logging_mixin.py:149} INFO - [2024-03-30T06:26:48.862+0000] {dag.py:2726} INFO - Sync 1 DAGs
[2024-03-30T06:26:48.888+0000] {logging_mixin.py:149} INFO - [2024-03-30T06:26:48.888+0000] {dag.py:3490} INFO - Setting next_dagrun for example_kubernetes_executor to None, run_after=None
[2024-03-30T06:26:48.927+0000] {processor.py:179} INFO - Processing /home/airflow/.local/lib/python3.7/site-packages/airflow/example_dags/example_kubernetes_executor.py took 0.299 seconds
[2024-03-30T06:27:19.197+0000] {processor.py:157} INFO - Started process (PID=1448) to work on /home/airflow/.local/lib/python3.7/site-packages/airflow/example_dags/example_kubernetes_executor.py
[2024-03-30T06:27:19.198+0000] {processor.py:826} INFO - Processing file /home/airflow/.local/lib/python3.7/site-packages/airflow/example_dags/example_kubernetes_executor.py for tasks to queue
[2024-03-30T06:27:19.198+0000] {logging_mixin.py:149} INFO - [2024-03-30T06:27:19.198+0000] {dagbag.py:541} INFO - Filling up the DagBag from /home/airflow/.local/lib/python3.7/site-packages/airflow/example_dags/example_kubernetes_executor.py
[2024-03-30T06:27:19.368+0000] {processor.py:836} INFO - DAG(s) dict_keys(['example_kubernetes_executor']) retrieved from /home/airflow/.local/lib/python3.7/site-packages/airflow/example_dags/example_kubernetes_executor.py
[2024-03-30T06:27:19.418+0000] {logging_mixin.py:149} INFO - [2024-03-30T06:27:19.418+0000] {dag.py:2726} INFO - Sync 1 DAGs
[2024-03-30T06:27:19.442+0000] {logging_mixin.py:149} INFO - [2024-03-30T06:27:19.442+0000] {dag.py:3490} INFO - Setting next_dagrun for example_kubernetes_executor to None, run_after=None
[2024-03-30T06:27:19.479+0000] {processor.py:179} INFO - Processing /home/airflow/.local/lib/python3.7/site-packages/airflow/example_dags/example_kubernetes_executor.py took 0.285 seconds
[2024-03-30T06:27:49.761+0000] {processor.py:157} INFO - Started process (PID=1510) to work on /home/airflow/.local/lib/python3.7/site-packages/airflow/example_dags/example_kubernetes_executor.py
[2024-03-30T06:27:49.763+0000] {processor.py:826} INFO - Processing file /home/airflow/.local/lib/python3.7/site-packages/airflow/example_dags/example_kubernetes_executor.py for tasks to queue
[2024-03-30T06:27:49.764+0000] {logging_mixin.py:149} INFO - [2024-03-30T06:27:49.763+0000] {dagbag.py:541} INFO - Filling up the DagBag from /home/airflow/.local/lib/python3.7/site-packages/airflow/example_dags/example_kubernetes_executor.py
[2024-03-30T06:27:50.000+0000] {processor.py:836} INFO - DAG(s) dict_keys(['example_kubernetes_executor']) retrieved from /home/airflow/.local/lib/python3.7/site-packages/airflow/example_dags/example_kubernetes_executor.py
[2024-03-30T06:27:50.064+0000] {logging_mixin.py:149} INFO - [2024-03-30T06:27:50.064+0000] {dag.py:2726} INFO - Sync 1 DAGs
[2024-03-30T06:27:50.098+0000] {logging_mixin.py:149} INFO - [2024-03-30T06:27:50.098+0000] {dag.py:3490} INFO - Setting next_dagrun for example_kubernetes_executor to None, run_after=None
[2024-03-30T06:27:50.132+0000] {processor.py:179} INFO - Processing /home/airflow/.local/lib/python3.7/site-packages/airflow/example_dags/example_kubernetes_executor.py took 0.376 seconds
[2024-03-30T06:28:20.906+0000] {processor.py:157} INFO - Started process (PID=1571) to work on /home/airflow/.local/lib/python3.7/site-packages/airflow/example_dags/example_kubernetes_executor.py
[2024-03-30T06:28:20.907+0000] {processor.py:826} INFO - Processing file /home/airflow/.local/lib/python3.7/site-packages/airflow/example_dags/example_kubernetes_executor.py for tasks to queue
[2024-03-30T06:28:20.907+0000] {logging_mixin.py:149} INFO - [2024-03-30T06:28:20.907+0000] {dagbag.py:541} INFO - Filling up the DagBag from /home/airflow/.local/lib/python3.7/site-packages/airflow/example_dags/example_kubernetes_executor.py
[2024-03-30T06:28:21.084+0000] {processor.py:836} INFO - DAG(s) dict_keys(['example_kubernetes_executor']) retrieved from /home/airflow/.local/lib/python3.7/site-packages/airflow/example_dags/example_kubernetes_executor.py
[2024-03-30T06:28:21.136+0000] {logging_mixin.py:149} INFO - [2024-03-30T06:28:21.136+0000] {dag.py:2726} INFO - Sync 1 DAGs
[2024-03-30T06:28:21.211+0000] {logging_mixin.py:149} INFO - [2024-03-30T06:28:21.211+0000] {dag.py:3490} INFO - Setting next_dagrun for example_kubernetes_executor to None, run_after=None
[2024-03-30T06:28:21.246+0000] {processor.py:179} INFO - Processing /home/airflow/.local/lib/python3.7/site-packages/airflow/example_dags/example_kubernetes_executor.py took 0.342 seconds
[2024-03-30T06:28:51.531+0000] {processor.py:157} INFO - Started process (PID=1632) to work on /home/airflow/.local/lib/python3.7/site-packages/airflow/example_dags/example_kubernetes_executor.py
[2024-03-30T06:28:51.532+0000] {processor.py:826} INFO - Processing file /home/airflow/.local/lib/python3.7/site-packages/airflow/example_dags/example_kubernetes_executor.py for tasks to queue
[2024-03-30T06:28:51.533+0000] {logging_mixin.py:149} INFO - [2024-03-30T06:28:51.533+0000] {dagbag.py:541} INFO - Filling up the DagBag from /home/airflow/.local/lib/python3.7/site-packages/airflow/example_dags/example_kubernetes_executor.py
[2024-03-30T06:28:51.694+0000] {processor.py:836} INFO - DAG(s) dict_keys(['example_kubernetes_executor']) retrieved from /home/airflow/.local/lib/python3.7/site-packages/airflow/example_dags/example_kubernetes_executor.py
[2024-03-30T06:28:51.742+0000] {logging_mixin.py:149} INFO - [2024-03-30T06:28:51.742+0000] {dag.py:2726} INFO - Sync 1 DAGs
[2024-03-30T06:28:51.768+0000] {logging_mixin.py:149} INFO - [2024-03-30T06:28:51.767+0000] {dag.py:3490} INFO - Setting next_dagrun for example_kubernetes_executor to None, run_after=None
[2024-03-30T06:28:51.802+0000] {processor.py:179} INFO - Processing /home/airflow/.local/lib/python3.7/site-packages/airflow/example_dags/example_kubernetes_executor.py took 0.273 seconds
[2024-03-30T06:29:22.052+0000] {processor.py:157} INFO - Started process (PID=1693) to work on /home/airflow/.local/lib/python3.7/site-packages/airflow/example_dags/example_kubernetes_executor.py
[2024-03-30T06:29:22.053+0000] {processor.py:826} INFO - Processing file /home/airflow/.local/lib/python3.7/site-packages/airflow/example_dags/example_kubernetes_executor.py for tasks to queue
[2024-03-30T06:29:22.053+0000] {logging_mixin.py:149} INFO - [2024-03-30T06:29:22.053+0000] {dagbag.py:541} INFO - Filling up the DagBag from /home/airflow/.local/lib/python3.7/site-packages/airflow/example_dags/example_kubernetes_executor.py
[2024-03-30T06:29:22.220+0000] {processor.py:836} INFO - DAG(s) dict_keys(['example_kubernetes_executor']) retrieved from /home/airflow/.local/lib/python3.7/site-packages/airflow/example_dags/example_kubernetes_executor.py
[2024-03-30T06:29:22.279+0000] {logging_mixin.py:149} INFO - [2024-03-30T06:29:22.279+0000] {dag.py:2726} INFO - Sync 1 DAGs
[2024-03-30T06:29:22.359+0000] {logging_mixin.py:149} INFO - [2024-03-30T06:29:22.359+0000] {dag.py:3490} INFO - Setting next_dagrun for example_kubernetes_executor to None, run_after=None
[2024-03-30T06:29:22.392+0000] {processor.py:179} INFO - Processing /home/airflow/.local/lib/python3.7/site-packages/airflow/example_dags/example_kubernetes_executor.py took 0.344 seconds
[2024-03-30T06:29:52.690+0000] {processor.py:157} INFO - Started process (PID=1754) to work on /home/airflow/.local/lib/python3.7/site-packages/airflow/example_dags/example_kubernetes_executor.py
[2024-03-30T06:29:52.691+0000] {processor.py:826} INFO - Processing file /home/airflow/.local/lib/python3.7/site-packages/airflow/example_dags/example_kubernetes_executor.py for tasks to queue
[2024-03-30T06:29:52.692+0000] {logging_mixin.py:149} INFO - [2024-03-30T06:29:52.691+0000] {dagbag.py:541} INFO - Filling up the DagBag from /home/airflow/.local/lib/python3.7/site-packages/airflow/example_dags/example_kubernetes_executor.py
[2024-03-30T06:29:52.862+0000] {processor.py:836} INFO - DAG(s) dict_keys(['example_kubernetes_executor']) retrieved from /home/airflow/.local/lib/python3.7/site-packages/airflow/example_dags/example_kubernetes_executor.py
[2024-03-30T06:29:52.913+0000] {logging_mixin.py:149} INFO - [2024-03-30T06:29:52.913+0000] {dag.py:2726} INFO - Sync 1 DAGs
[2024-03-30T06:29:52.949+0000] {logging_mixin.py:149} INFO - [2024-03-30T06:29:52.948+0000] {dag.py:3490} INFO - Setting next_dagrun for example_kubernetes_executor to None, run_after=None
[2024-03-30T06:29:52.994+0000] {processor.py:179} INFO - Processing /home/airflow/.local/lib/python3.7/site-packages/airflow/example_dags/example_kubernetes_executor.py took 0.306 seconds
[2024-03-30T06:30:23.142+0000] {processor.py:157} INFO - Started process (PID=1815) to work on /home/airflow/.local/lib/python3.7/site-packages/airflow/example_dags/example_kubernetes_executor.py
[2024-03-30T06:30:23.142+0000] {processor.py:826} INFO - Processing file /home/airflow/.local/lib/python3.7/site-packages/airflow/example_dags/example_kubernetes_executor.py for tasks to queue
[2024-03-30T06:30:23.143+0000] {logging_mixin.py:149} INFO - [2024-03-30T06:30:23.143+0000] {dagbag.py:541} INFO - Filling up the DagBag from /home/airflow/.local/lib/python3.7/site-packages/airflow/example_dags/example_kubernetes_executor.py
[2024-03-30T06:30:23.297+0000] {processor.py:836} INFO - DAG(s) dict_keys(['example_kubernetes_executor']) retrieved from /home/airflow/.local/lib/python3.7/site-packages/airflow/example_dags/example_kubernetes_executor.py
[2024-03-30T06:30:23.342+0000] {logging_mixin.py:149} INFO - [2024-03-30T06:30:23.342+0000] {dag.py:2726} INFO - Sync 1 DAGs
[2024-03-30T06:30:23.369+0000] {logging_mixin.py:149} INFO - [2024-03-30T06:30:23.369+0000] {dag.py:3490} INFO - Setting next_dagrun for example_kubernetes_executor to None, run_after=None
[2024-03-30T06:30:23.403+0000] {processor.py:179} INFO - Processing /home/airflow/.local/lib/python3.7/site-packages/airflow/example_dags/example_kubernetes_executor.py took 0.264 seconds
[2024-03-30T06:30:53.632+0000] {processor.py:157} INFO - Started process (PID=1876) to work on /home/airflow/.local/lib/python3.7/site-packages/airflow/example_dags/example_kubernetes_executor.py
[2024-03-30T06:30:53.634+0000] {processor.py:826} INFO - Processing file /home/airflow/.local/lib/python3.7/site-packages/airflow/example_dags/example_kubernetes_executor.py for tasks to queue
[2024-03-30T06:30:53.635+0000] {logging_mixin.py:149} INFO - [2024-03-30T06:30:53.634+0000] {dagbag.py:541} INFO - Filling up the DagBag from /home/airflow/.local/lib/python3.7/site-packages/airflow/example_dags/example_kubernetes_executor.py
[2024-03-30T06:30:53.808+0000] {processor.py:836} INFO - DAG(s) dict_keys(['example_kubernetes_executor']) retrieved from /home/airflow/.local/lib/python3.7/site-packages/airflow/example_dags/example_kubernetes_executor.py
[2024-03-30T06:30:53.894+0000] {logging_mixin.py:149} INFO - [2024-03-30T06:30:53.894+0000] {dag.py:2726} INFO - Sync 1 DAGs
[2024-03-30T06:30:53.930+0000] {logging_mixin.py:149} INFO - [2024-03-30T06:30:53.929+0000] {dag.py:3490} INFO - Setting next_dagrun for example_kubernetes_executor to None, run_after=None
[2024-03-30T06:30:53.964+0000] {processor.py:179} INFO - Processing /home/airflow/.local/lib/python3.7/site-packages/airflow/example_dags/example_kubernetes_executor.py took 0.334 seconds
[2024-03-30T06:31:24.565+0000] {processor.py:157} INFO - Started process (PID=1944) to work on /home/airflow/.local/lib/python3.7/site-packages/airflow/example_dags/example_kubernetes_executor.py
[2024-03-30T06:31:24.566+0000] {processor.py:826} INFO - Processing file /home/airflow/.local/lib/python3.7/site-packages/airflow/example_dags/example_kubernetes_executor.py for tasks to queue
[2024-03-30T06:31:24.567+0000] {logging_mixin.py:149} INFO - [2024-03-30T06:31:24.567+0000] {dagbag.py:541} INFO - Filling up the DagBag from /home/airflow/.local/lib/python3.7/site-packages/airflow/example_dags/example_kubernetes_executor.py
[2024-03-30T06:31:24.753+0000] {processor.py:836} INFO - DAG(s) dict_keys(['example_kubernetes_executor']) retrieved from /home/airflow/.local/lib/python3.7/site-packages/airflow/example_dags/example_kubernetes_executor.py
[2024-03-30T06:31:24.809+0000] {logging_mixin.py:149} INFO - [2024-03-30T06:31:24.809+0000] {dag.py:2726} INFO - Sync 1 DAGs
[2024-03-30T06:31:24.836+0000] {logging_mixin.py:149} INFO - [2024-03-30T06:31:24.836+0000] {dag.py:3490} INFO - Setting next_dagrun for example_kubernetes_executor to None, run_after=None
[2024-03-30T06:31:24.871+0000] {processor.py:179} INFO - Processing /home/airflow/.local/lib/python3.7/site-packages/airflow/example_dags/example_kubernetes_executor.py took 0.310 seconds
[2024-03-30T08:20:56.088+0000] {processor.py:157} INFO - Started process (PID=52) to work on /home/airflow/.local/lib/python3.7/site-packages/airflow/example_dags/example_kubernetes_executor.py
[2024-03-30T08:20:56.089+0000] {processor.py:826} INFO - Processing file /home/airflow/.local/lib/python3.7/site-packages/airflow/example_dags/example_kubernetes_executor.py for tasks to queue
[2024-03-30T08:20:56.090+0000] {logging_mixin.py:149} INFO - [2024-03-30T08:20:56.090+0000] {dagbag.py:541} INFO - Filling up the DagBag from /home/airflow/.local/lib/python3.7/site-packages/airflow/example_dags/example_kubernetes_executor.py
[2024-03-30T08:20:56.464+0000] {processor.py:836} INFO - DAG(s) dict_keys(['example_kubernetes_executor']) retrieved from /home/airflow/.local/lib/python3.7/site-packages/airflow/example_dags/example_kubernetes_executor.py
[2024-03-30T08:20:56.539+0000] {logging_mixin.py:149} INFO - [2024-03-30T08:20:56.539+0000] {dag.py:2726} INFO - Sync 1 DAGs
[2024-03-30T08:20:56.570+0000] {logging_mixin.py:149} INFO - [2024-03-30T08:20:56.569+0000] {dag.py:3490} INFO - Setting next_dagrun for example_kubernetes_executor to None, run_after=None
[2024-03-30T08:20:56.626+0000] {processor.py:179} INFO - Processing /home/airflow/.local/lib/python3.7/site-packages/airflow/example_dags/example_kubernetes_executor.py took 0.543 seconds
[2024-03-30T08:21:26.684+0000] {processor.py:157} INFO - Started process (PID=113) to work on /home/airflow/.local/lib/python3.7/site-packages/airflow/example_dags/example_kubernetes_executor.py
[2024-03-30T08:21:26.685+0000] {processor.py:826} INFO - Processing file /home/airflow/.local/lib/python3.7/site-packages/airflow/example_dags/example_kubernetes_executor.py for tasks to queue
[2024-03-30T08:21:26.686+0000] {logging_mixin.py:149} INFO - [2024-03-30T08:21:26.686+0000] {dagbag.py:541} INFO - Filling up the DagBag from /home/airflow/.local/lib/python3.7/site-packages/airflow/example_dags/example_kubernetes_executor.py
[2024-03-30T08:21:26.989+0000] {processor.py:836} INFO - DAG(s) dict_keys(['example_kubernetes_executor']) retrieved from /home/airflow/.local/lib/python3.7/site-packages/airflow/example_dags/example_kubernetes_executor.py
[2024-03-30T08:21:27.049+0000] {logging_mixin.py:149} INFO - [2024-03-30T08:21:27.049+0000] {dag.py:2726} INFO - Sync 1 DAGs
[2024-03-30T08:21:27.082+0000] {logging_mixin.py:149} INFO - [2024-03-30T08:21:27.081+0000] {dag.py:3490} INFO - Setting next_dagrun for example_kubernetes_executor to None, run_after=None
[2024-03-30T08:21:27.121+0000] {processor.py:179} INFO - Processing /home/airflow/.local/lib/python3.7/site-packages/airflow/example_dags/example_kubernetes_executor.py took 0.440 seconds
[2024-03-30T08:21:57.416+0000] {processor.py:157} INFO - Started process (PID=175) to work on /home/airflow/.local/lib/python3.7/site-packages/airflow/example_dags/example_kubernetes_executor.py
[2024-03-30T08:21:57.417+0000] {processor.py:826} INFO - Processing file /home/airflow/.local/lib/python3.7/site-packages/airflow/example_dags/example_kubernetes_executor.py for tasks to queue
[2024-03-30T08:21:57.417+0000] {logging_mixin.py:149} INFO - [2024-03-30T08:21:57.417+0000] {dagbag.py:541} INFO - Filling up the DagBag from /home/airflow/.local/lib/python3.7/site-packages/airflow/example_dags/example_kubernetes_executor.py
[2024-03-30T08:21:57.710+0000] {processor.py:836} INFO - DAG(s) dict_keys(['example_kubernetes_executor']) retrieved from /home/airflow/.local/lib/python3.7/site-packages/airflow/example_dags/example_kubernetes_executor.py
[2024-03-30T08:21:57.757+0000] {logging_mixin.py:149} INFO - [2024-03-30T08:21:57.757+0000] {dag.py:2726} INFO - Sync 1 DAGs
[2024-03-30T08:21:57.782+0000] {logging_mixin.py:149} INFO - [2024-03-30T08:21:57.782+0000] {dag.py:3490} INFO - Setting next_dagrun for example_kubernetes_executor to None, run_after=None
[2024-03-30T08:21:57.817+0000] {processor.py:179} INFO - Processing /home/airflow/.local/lib/python3.7/site-packages/airflow/example_dags/example_kubernetes_executor.py took 0.404 seconds
[2024-03-30T08:22:28.172+0000] {processor.py:157} INFO - Started process (PID=236) to work on /home/airflow/.local/lib/python3.7/site-packages/airflow/example_dags/example_kubernetes_executor.py
[2024-03-30T08:22:28.173+0000] {processor.py:826} INFO - Processing file /home/airflow/.local/lib/python3.7/site-packages/airflow/example_dags/example_kubernetes_executor.py for tasks to queue
[2024-03-30T08:22:28.173+0000] {logging_mixin.py:149} INFO - [2024-03-30T08:22:28.173+0000] {dagbag.py:541} INFO - Filling up the DagBag from /home/airflow/.local/lib/python3.7/site-packages/airflow/example_dags/example_kubernetes_executor.py
[2024-03-30T08:22:28.375+0000] {processor.py:836} INFO - DAG(s) dict_keys(['example_kubernetes_executor']) retrieved from /home/airflow/.local/lib/python3.7/site-packages/airflow/example_dags/example_kubernetes_executor.py
[2024-03-30T08:22:28.439+0000] {logging_mixin.py:149} INFO - [2024-03-30T08:22:28.439+0000] {dag.py:2726} INFO - Sync 1 DAGs
[2024-03-30T08:22:28.483+0000] {logging_mixin.py:149} INFO - [2024-03-30T08:22:28.483+0000] {dag.py:3490} INFO - Setting next_dagrun for example_kubernetes_executor to None, run_after=None
[2024-03-30T08:22:28.532+0000] {processor.py:179} INFO - Processing /home/airflow/.local/lib/python3.7/site-packages/airflow/example_dags/example_kubernetes_executor.py took 0.364 seconds
[2024-03-30T08:22:58.852+0000] {processor.py:157} INFO - Started process (PID=298) to work on /home/airflow/.local/lib/python3.7/site-packages/airflow/example_dags/example_kubernetes_executor.py
[2024-03-30T08:22:58.853+0000] {processor.py:826} INFO - Processing file /home/airflow/.local/lib/python3.7/site-packages/airflow/example_dags/example_kubernetes_executor.py for tasks to queue
[2024-03-30T08:22:58.854+0000] {logging_mixin.py:149} INFO - [2024-03-30T08:22:58.853+0000] {dagbag.py:541} INFO - Filling up the DagBag from /home/airflow/.local/lib/python3.7/site-packages/airflow/example_dags/example_kubernetes_executor.py
[2024-03-30T08:22:59.066+0000] {processor.py:836} INFO - DAG(s) dict_keys(['example_kubernetes_executor']) retrieved from /home/airflow/.local/lib/python3.7/site-packages/airflow/example_dags/example_kubernetes_executor.py
[2024-03-30T08:22:59.130+0000] {logging_mixin.py:149} INFO - [2024-03-30T08:22:59.130+0000] {dag.py:2726} INFO - Sync 1 DAGs
[2024-03-30T08:22:59.158+0000] {logging_mixin.py:149} INFO - [2024-03-30T08:22:59.158+0000] {dag.py:3490} INFO - Setting next_dagrun for example_kubernetes_executor to None, run_after=None
[2024-03-30T08:22:59.203+0000] {processor.py:179} INFO - Processing /home/airflow/.local/lib/python3.7/site-packages/airflow/example_dags/example_kubernetes_executor.py took 0.354 seconds
[2024-03-30T08:23:29.684+0000] {processor.py:157} INFO - Started process (PID=360) to work on /home/airflow/.local/lib/python3.7/site-packages/airflow/example_dags/example_kubernetes_executor.py
[2024-03-30T08:23:29.684+0000] {processor.py:826} INFO - Processing file /home/airflow/.local/lib/python3.7/site-packages/airflow/example_dags/example_kubernetes_executor.py for tasks to queue
[2024-03-30T08:23:29.685+0000] {logging_mixin.py:149} INFO - [2024-03-30T08:23:29.685+0000] {dagbag.py:541} INFO - Filling up the DagBag from /home/airflow/.local/lib/python3.7/site-packages/airflow/example_dags/example_kubernetes_executor.py
[2024-03-30T08:23:29.963+0000] {processor.py:836} INFO - DAG(s) dict_keys(['example_kubernetes_executor']) retrieved from /home/airflow/.local/lib/python3.7/site-packages/airflow/example_dags/example_kubernetes_executor.py
[2024-03-30T08:23:30.033+0000] {logging_mixin.py:149} INFO - [2024-03-30T08:23:30.032+0000] {dag.py:2726} INFO - Sync 1 DAGs
[2024-03-30T08:23:30.137+0000] {logging_mixin.py:149} INFO - [2024-03-30T08:23:30.137+0000] {dag.py:3490} INFO - Setting next_dagrun for example_kubernetes_executor to None, run_after=None
[2024-03-30T08:23:30.205+0000] {processor.py:179} INFO - Processing /home/airflow/.local/lib/python3.7/site-packages/airflow/example_dags/example_kubernetes_executor.py took 0.524 seconds
[2024-03-30T08:24:00.940+0000] {processor.py:157} INFO - Started process (PID=420) to work on /home/airflow/.local/lib/python3.7/site-packages/airflow/example_dags/example_kubernetes_executor.py
[2024-03-30T08:24:00.942+0000] {processor.py:826} INFO - Processing file /home/airflow/.local/lib/python3.7/site-packages/airflow/example_dags/example_kubernetes_executor.py for tasks to queue
[2024-03-30T08:24:00.943+0000] {logging_mixin.py:149} INFO - [2024-03-30T08:24:00.942+0000] {dagbag.py:541} INFO - Filling up the DagBag from /home/airflow/.local/lib/python3.7/site-packages/airflow/example_dags/example_kubernetes_executor.py
[2024-03-30T08:24:01.140+0000] {processor.py:836} INFO - DAG(s) dict_keys(['example_kubernetes_executor']) retrieved from /home/airflow/.local/lib/python3.7/site-packages/airflow/example_dags/example_kubernetes_executor.py
[2024-03-30T08:24:01.195+0000] {logging_mixin.py:149} INFO - [2024-03-30T08:24:01.195+0000] {dag.py:2726} INFO - Sync 1 DAGs
[2024-03-30T08:24:01.230+0000] {logging_mixin.py:149} INFO - [2024-03-30T08:24:01.229+0000] {dag.py:3490} INFO - Setting next_dagrun for example_kubernetes_executor to None, run_after=None
[2024-03-30T08:24:01.275+0000] {processor.py:179} INFO - Processing /home/airflow/.local/lib/python3.7/site-packages/airflow/example_dags/example_kubernetes_executor.py took 0.339 seconds
[2024-03-30T08:24:31.365+0000] {processor.py:157} INFO - Started process (PID=481) to work on /home/airflow/.local/lib/python3.7/site-packages/airflow/example_dags/example_kubernetes_executor.py
[2024-03-30T08:24:31.366+0000] {processor.py:826} INFO - Processing file /home/airflow/.local/lib/python3.7/site-packages/airflow/example_dags/example_kubernetes_executor.py for tasks to queue
[2024-03-30T08:24:31.374+0000] {logging_mixin.py:149} INFO - [2024-03-30T08:24:31.373+0000] {dagbag.py:541} INFO - Filling up the DagBag from /home/airflow/.local/lib/python3.7/site-packages/airflow/example_dags/example_kubernetes_executor.py
[2024-03-30T08:24:31.748+0000] {processor.py:836} INFO - DAG(s) dict_keys(['example_kubernetes_executor']) retrieved from /home/airflow/.local/lib/python3.7/site-packages/airflow/example_dags/example_kubernetes_executor.py
[2024-03-30T08:24:31.855+0000] {logging_mixin.py:149} INFO - [2024-03-30T08:24:31.855+0000] {dag.py:2726} INFO - Sync 1 DAGs
[2024-03-30T08:24:31.896+0000] {logging_mixin.py:149} INFO - [2024-03-30T08:24:31.896+0000] {dag.py:3490} INFO - Setting next_dagrun for example_kubernetes_executor to None, run_after=None
[2024-03-30T08:24:31.949+0000] {processor.py:179} INFO - Processing /home/airflow/.local/lib/python3.7/site-packages/airflow/example_dags/example_kubernetes_executor.py took 0.590 seconds
[2024-03-30T08:25:02.715+0000] {processor.py:157} INFO - Started process (PID=543) to work on /home/airflow/.local/lib/python3.7/site-packages/airflow/example_dags/example_kubernetes_executor.py
[2024-03-30T08:25:02.717+0000] {processor.py:826} INFO - Processing file /home/airflow/.local/lib/python3.7/site-packages/airflow/example_dags/example_kubernetes_executor.py for tasks to queue
[2024-03-30T08:25:02.718+0000] {logging_mixin.py:149} INFO - [2024-03-30T08:25:02.717+0000] {dagbag.py:541} INFO - Filling up the DagBag from /home/airflow/.local/lib/python3.7/site-packages/airflow/example_dags/example_kubernetes_executor.py
[2024-03-30T08:25:02.964+0000] {processor.py:836} INFO - DAG(s) dict_keys(['example_kubernetes_executor']) retrieved from /home/airflow/.local/lib/python3.7/site-packages/airflow/example_dags/example_kubernetes_executor.py
[2024-03-30T08:25:03.021+0000] {logging_mixin.py:149} INFO - [2024-03-30T08:25:03.021+0000] {dag.py:2726} INFO - Sync 1 DAGs
[2024-03-30T08:25:03.059+0000] {logging_mixin.py:149} INFO - [2024-03-30T08:25:03.059+0000] {dag.py:3490} INFO - Setting next_dagrun for example_kubernetes_executor to None, run_after=None
[2024-03-30T08:25:03.108+0000] {processor.py:179} INFO - Processing /home/airflow/.local/lib/python3.7/site-packages/airflow/example_dags/example_kubernetes_executor.py took 0.398 seconds
[2024-03-30T08:25:33.218+0000] {processor.py:157} INFO - Started process (PID=606) to work on /home/airflow/.local/lib/python3.7/site-packages/airflow/example_dags/example_kubernetes_executor.py
[2024-03-30T08:25:33.218+0000] {processor.py:826} INFO - Processing file /home/airflow/.local/lib/python3.7/site-packages/airflow/example_dags/example_kubernetes_executor.py for tasks to queue
[2024-03-30T08:25:33.219+0000] {logging_mixin.py:149} INFO - [2024-03-30T08:25:33.219+0000] {dagbag.py:541} INFO - Filling up the DagBag from /home/airflow/.local/lib/python3.7/site-packages/airflow/example_dags/example_kubernetes_executor.py
[2024-03-30T08:25:33.394+0000] {processor.py:836} INFO - DAG(s) dict_keys(['example_kubernetes_executor']) retrieved from /home/airflow/.local/lib/python3.7/site-packages/airflow/example_dags/example_kubernetes_executor.py
[2024-03-30T08:25:33.448+0000] {logging_mixin.py:149} INFO - [2024-03-30T08:25:33.448+0000] {dag.py:2726} INFO - Sync 1 DAGs
[2024-03-30T08:25:33.479+0000] {logging_mixin.py:149} INFO - [2024-03-30T08:25:33.479+0000] {dag.py:3490} INFO - Setting next_dagrun for example_kubernetes_executor to None, run_after=None
[2024-03-30T08:25:33.515+0000] {processor.py:179} INFO - Processing /home/airflow/.local/lib/python3.7/site-packages/airflow/example_dags/example_kubernetes_executor.py took 0.300 seconds
[2024-03-30T08:26:03.611+0000] {processor.py:157} INFO - Started process (PID=668) to work on /home/airflow/.local/lib/python3.7/site-packages/airflow/example_dags/example_kubernetes_executor.py
[2024-03-30T08:26:03.612+0000] {processor.py:826} INFO - Processing file /home/airflow/.local/lib/python3.7/site-packages/airflow/example_dags/example_kubernetes_executor.py for tasks to queue
[2024-03-30T08:26:03.613+0000] {logging_mixin.py:149} INFO - [2024-03-30T08:26:03.613+0000] {dagbag.py:541} INFO - Filling up the DagBag from /home/airflow/.local/lib/python3.7/site-packages/airflow/example_dags/example_kubernetes_executor.py
[2024-03-30T08:26:03.782+0000] {processor.py:836} INFO - DAG(s) dict_keys(['example_kubernetes_executor']) retrieved from /home/airflow/.local/lib/python3.7/site-packages/airflow/example_dags/example_kubernetes_executor.py
[2024-03-30T08:26:03.834+0000] {logging_mixin.py:149} INFO - [2024-03-30T08:26:03.834+0000] {dag.py:2726} INFO - Sync 1 DAGs
[2024-03-30T08:26:03.868+0000] {logging_mixin.py:149} INFO - [2024-03-30T08:26:03.868+0000] {dag.py:3490} INFO - Setting next_dagrun for example_kubernetes_executor to None, run_after=None
[2024-03-30T08:26:03.913+0000] {processor.py:179} INFO - Processing /home/airflow/.local/lib/python3.7/site-packages/airflow/example_dags/example_kubernetes_executor.py took 0.307 seconds
