[2024-03-30T06:15:35.569+0000] {processor.py:157} INFO - Started process (PID=66) to work on /home/airflow/.local/lib/python3.7/site-packages/airflow/example_dags/example_sla_dag.py
[2024-03-30T06:15:35.570+0000] {processor.py:826} INFO - Processing file /home/airflow/.local/lib/python3.7/site-packages/airflow/example_dags/example_sla_dag.py for tasks to queue
[2024-03-30T06:15:35.571+0000] {logging_mixin.py:149} INFO - [2024-03-30T06:15:35.571+0000] {dagbag.py:541} INFO - Filling up the DagBag from /home/airflow/.local/lib/python3.7/site-packages/airflow/example_dags/example_sla_dag.py
[2024-03-30T06:15:35.583+0000] {processor.py:836} INFO - DAG(s) dict_keys(['example_sla_dag']) retrieved from /home/airflow/.local/lib/python3.7/site-packages/airflow/example_dags/example_sla_dag.py
[2024-03-30T06:15:35.606+0000] {logging_mixin.py:149} INFO - [2024-03-30T06:15:35.606+0000] {dag.py:2726} INFO - Sync 1 DAGs
[2024-03-30T06:15:35.632+0000] {logging_mixin.py:149} INFO - [2024-03-30T06:15:35.632+0000] {dag.py:3490} INFO - Setting next_dagrun for example_sla_dag to 2024-03-30T06:12:00+00:00, run_after=2024-03-30T06:14:00+00:00
[2024-03-30T06:15:35.664+0000] {processor.py:179} INFO - Processing /home/airflow/.local/lib/python3.7/site-packages/airflow/example_dags/example_sla_dag.py took 0.097 seconds
[2024-03-30T06:16:05.998+0000] {processor.py:157} INFO - Started process (PID=125) to work on /home/airflow/.local/lib/python3.7/site-packages/airflow/example_dags/example_sla_dag.py
[2024-03-30T06:16:05.999+0000] {processor.py:826} INFO - Processing file /home/airflow/.local/lib/python3.7/site-packages/airflow/example_dags/example_sla_dag.py for tasks to queue
[2024-03-30T06:16:06.000+0000] {logging_mixin.py:149} INFO - [2024-03-30T06:16:06.000+0000] {dagbag.py:541} INFO - Filling up the DagBag from /home/airflow/.local/lib/python3.7/site-packages/airflow/example_dags/example_sla_dag.py
[2024-03-30T06:16:06.008+0000] {processor.py:836} INFO - DAG(s) dict_keys(['example_sla_dag']) retrieved from /home/airflow/.local/lib/python3.7/site-packages/airflow/example_dags/example_sla_dag.py
[2024-03-30T06:16:06.050+0000] {logging_mixin.py:149} INFO - [2024-03-30T06:16:06.050+0000] {dag.py:2726} INFO - Sync 1 DAGs
[2024-03-30T06:16:06.078+0000] {logging_mixin.py:149} INFO - [2024-03-30T06:16:06.078+0000] {dag.py:3490} INFO - Setting next_dagrun for example_sla_dag to 2024-03-30T06:14:00+00:00, run_after=2024-03-30T06:16:00+00:00
[2024-03-30T06:16:06.112+0000] {processor.py:179} INFO - Processing /home/airflow/.local/lib/python3.7/site-packages/airflow/example_dags/example_sla_dag.py took 0.117 seconds
[2024-03-30T06:16:36.888+0000] {processor.py:157} INFO - Started process (PID=185) to work on /home/airflow/.local/lib/python3.7/site-packages/airflow/example_dags/example_sla_dag.py
[2024-03-30T06:16:36.890+0000] {processor.py:826} INFO - Processing file /home/airflow/.local/lib/python3.7/site-packages/airflow/example_dags/example_sla_dag.py for tasks to queue
[2024-03-30T06:16:36.890+0000] {logging_mixin.py:149} INFO - [2024-03-30T06:16:36.890+0000] {dagbag.py:541} INFO - Filling up the DagBag from /home/airflow/.local/lib/python3.7/site-packages/airflow/example_dags/example_sla_dag.py
[2024-03-30T06:16:36.897+0000] {processor.py:836} INFO - DAG(s) dict_keys(['example_sla_dag']) retrieved from /home/airflow/.local/lib/python3.7/site-packages/airflow/example_dags/example_sla_dag.py
[2024-03-30T06:16:36.934+0000] {logging_mixin.py:149} INFO - [2024-03-30T06:16:36.934+0000] {dag.py:2726} INFO - Sync 1 DAGs
[2024-03-30T06:16:36.967+0000] {logging_mixin.py:149} INFO - [2024-03-30T06:16:36.967+0000] {dag.py:3490} INFO - Setting next_dagrun for example_sla_dag to 2024-03-30T06:14:00+00:00, run_after=2024-03-30T06:16:00+00:00
[2024-03-30T06:16:37.000+0000] {processor.py:179} INFO - Processing /home/airflow/.local/lib/python3.7/site-packages/airflow/example_dags/example_sla_dag.py took 0.115 seconds
[2024-03-30T06:17:07.142+0000] {processor.py:157} INFO - Started process (PID=245) to work on /home/airflow/.local/lib/python3.7/site-packages/airflow/example_dags/example_sla_dag.py
[2024-03-30T06:17:07.142+0000] {processor.py:826} INFO - Processing file /home/airflow/.local/lib/python3.7/site-packages/airflow/example_dags/example_sla_dag.py for tasks to queue
[2024-03-30T06:17:07.143+0000] {logging_mixin.py:149} INFO - [2024-03-30T06:17:07.143+0000] {dagbag.py:541} INFO - Filling up the DagBag from /home/airflow/.local/lib/python3.7/site-packages/airflow/example_dags/example_sla_dag.py
[2024-03-30T06:17:07.149+0000] {processor.py:836} INFO - DAG(s) dict_keys(['example_sla_dag']) retrieved from /home/airflow/.local/lib/python3.7/site-packages/airflow/example_dags/example_sla_dag.py
[2024-03-30T06:17:07.186+0000] {logging_mixin.py:149} INFO - [2024-03-30T06:17:07.186+0000] {dag.py:2726} INFO - Sync 1 DAGs
[2024-03-30T06:17:07.213+0000] {logging_mixin.py:149} INFO - [2024-03-30T06:17:07.213+0000] {dag.py:3490} INFO - Setting next_dagrun for example_sla_dag to 2024-03-30T06:14:00+00:00, run_after=2024-03-30T06:16:00+00:00
[2024-03-30T06:17:07.248+0000] {processor.py:179} INFO - Processing /home/airflow/.local/lib/python3.7/site-packages/airflow/example_dags/example_sla_dag.py took 0.109 seconds
[2024-03-30T06:17:37.449+0000] {processor.py:157} INFO - Started process (PID=305) to work on /home/airflow/.local/lib/python3.7/site-packages/airflow/example_dags/example_sla_dag.py
[2024-03-30T06:17:37.450+0000] {processor.py:826} INFO - Processing file /home/airflow/.local/lib/python3.7/site-packages/airflow/example_dags/example_sla_dag.py for tasks to queue
[2024-03-30T06:17:37.450+0000] {logging_mixin.py:149} INFO - [2024-03-30T06:17:37.450+0000] {dagbag.py:541} INFO - Filling up the DagBag from /home/airflow/.local/lib/python3.7/site-packages/airflow/example_dags/example_sla_dag.py
[2024-03-30T06:17:37.457+0000] {processor.py:836} INFO - DAG(s) dict_keys(['example_sla_dag']) retrieved from /home/airflow/.local/lib/python3.7/site-packages/airflow/example_dags/example_sla_dag.py
[2024-03-30T06:17:37.491+0000] {logging_mixin.py:149} INFO - [2024-03-30T06:17:37.490+0000] {dag.py:2726} INFO - Sync 1 DAGs
[2024-03-30T06:17:37.517+0000] {logging_mixin.py:149} INFO - [2024-03-30T06:17:37.517+0000] {dag.py:3490} INFO - Setting next_dagrun for example_sla_dag to 2024-03-30T06:14:00+00:00, run_after=2024-03-30T06:16:00+00:00
[2024-03-30T06:17:37.546+0000] {processor.py:179} INFO - Processing /home/airflow/.local/lib/python3.7/site-packages/airflow/example_dags/example_sla_dag.py took 0.100 seconds
[2024-03-30T06:18:07.718+0000] {processor.py:157} INFO - Started process (PID=365) to work on /home/airflow/.local/lib/python3.7/site-packages/airflow/example_dags/example_sla_dag.py
[2024-03-30T06:18:07.718+0000] {processor.py:826} INFO - Processing file /home/airflow/.local/lib/python3.7/site-packages/airflow/example_dags/example_sla_dag.py for tasks to queue
[2024-03-30T06:18:07.719+0000] {logging_mixin.py:149} INFO - [2024-03-30T06:18:07.719+0000] {dagbag.py:541} INFO - Filling up the DagBag from /home/airflow/.local/lib/python3.7/site-packages/airflow/example_dags/example_sla_dag.py
[2024-03-30T06:18:07.726+0000] {processor.py:836} INFO - DAG(s) dict_keys(['example_sla_dag']) retrieved from /home/airflow/.local/lib/python3.7/site-packages/airflow/example_dags/example_sla_dag.py
[2024-03-30T06:18:07.759+0000] {logging_mixin.py:149} INFO - [2024-03-30T06:18:07.759+0000] {dag.py:2726} INFO - Sync 1 DAGs
[2024-03-30T06:18:07.786+0000] {logging_mixin.py:149} INFO - [2024-03-30T06:18:07.786+0000] {dag.py:3490} INFO - Setting next_dagrun for example_sla_dag to 2024-03-30T06:16:00+00:00, run_after=2024-03-30T06:18:00+00:00
[2024-03-30T06:18:07.820+0000] {processor.py:179} INFO - Processing /home/airflow/.local/lib/python3.7/site-packages/airflow/example_dags/example_sla_dag.py took 0.104 seconds
[2024-03-30T06:18:38.566+0000] {processor.py:157} INFO - Started process (PID=426) to work on /home/airflow/.local/lib/python3.7/site-packages/airflow/example_dags/example_sla_dag.py
[2024-03-30T06:18:38.567+0000] {processor.py:826} INFO - Processing file /home/airflow/.local/lib/python3.7/site-packages/airflow/example_dags/example_sla_dag.py for tasks to queue
[2024-03-30T06:18:38.568+0000] {logging_mixin.py:149} INFO - [2024-03-30T06:18:38.568+0000] {dagbag.py:541} INFO - Filling up the DagBag from /home/airflow/.local/lib/python3.7/site-packages/airflow/example_dags/example_sla_dag.py
[2024-03-30T06:18:38.579+0000] {processor.py:836} INFO - DAG(s) dict_keys(['example_sla_dag']) retrieved from /home/airflow/.local/lib/python3.7/site-packages/airflow/example_dags/example_sla_dag.py
[2024-03-30T06:18:38.625+0000] {logging_mixin.py:149} INFO - [2024-03-30T06:18:38.625+0000] {dag.py:2726} INFO - Sync 1 DAGs
[2024-03-30T06:18:38.662+0000] {logging_mixin.py:149} INFO - [2024-03-30T06:18:38.662+0000] {dag.py:3490} INFO - Setting next_dagrun for example_sla_dag to 2024-03-30T06:16:00+00:00, run_after=2024-03-30T06:18:00+00:00
[2024-03-30T06:18:38.701+0000] {processor.py:179} INFO - Processing /home/airflow/.local/lib/python3.7/site-packages/airflow/example_dags/example_sla_dag.py took 0.138 seconds
[2024-03-30T06:19:08.788+0000] {processor.py:157} INFO - Started process (PID=486) to work on /home/airflow/.local/lib/python3.7/site-packages/airflow/example_dags/example_sla_dag.py
[2024-03-30T06:19:08.789+0000] {processor.py:826} INFO - Processing file /home/airflow/.local/lib/python3.7/site-packages/airflow/example_dags/example_sla_dag.py for tasks to queue
[2024-03-30T06:19:08.790+0000] {logging_mixin.py:149} INFO - [2024-03-30T06:19:08.789+0000] {dagbag.py:541} INFO - Filling up the DagBag from /home/airflow/.local/lib/python3.7/site-packages/airflow/example_dags/example_sla_dag.py
[2024-03-30T06:19:08.797+0000] {processor.py:836} INFO - DAG(s) dict_keys(['example_sla_dag']) retrieved from /home/airflow/.local/lib/python3.7/site-packages/airflow/example_dags/example_sla_dag.py
[2024-03-30T06:19:08.835+0000] {logging_mixin.py:149} INFO - [2024-03-30T06:19:08.835+0000] {dag.py:2726} INFO - Sync 1 DAGs
[2024-03-30T06:19:08.861+0000] {logging_mixin.py:149} INFO - [2024-03-30T06:19:08.861+0000] {dag.py:3490} INFO - Setting next_dagrun for example_sla_dag to 2024-03-30T06:16:00+00:00, run_after=2024-03-30T06:18:00+00:00
[2024-03-30T06:19:08.891+0000] {processor.py:179} INFO - Processing /home/airflow/.local/lib/python3.7/site-packages/airflow/example_dags/example_sla_dag.py took 0.105 seconds
[2024-03-30T06:19:39.974+0000] {processor.py:157} INFO - Started process (PID=546) to work on /home/airflow/.local/lib/python3.7/site-packages/airflow/example_dags/example_sla_dag.py
[2024-03-30T06:19:39.975+0000] {processor.py:826} INFO - Processing file /home/airflow/.local/lib/python3.7/site-packages/airflow/example_dags/example_sla_dag.py for tasks to queue
[2024-03-30T06:19:39.976+0000] {logging_mixin.py:149} INFO - [2024-03-30T06:19:39.976+0000] {dagbag.py:541} INFO - Filling up the DagBag from /home/airflow/.local/lib/python3.7/site-packages/airflow/example_dags/example_sla_dag.py
[2024-03-30T06:19:39.984+0000] {processor.py:836} INFO - DAG(s) dict_keys(['example_sla_dag']) retrieved from /home/airflow/.local/lib/python3.7/site-packages/airflow/example_dags/example_sla_dag.py
[2024-03-30T06:19:40.020+0000] {logging_mixin.py:149} INFO - [2024-03-30T06:19:40.020+0000] {dag.py:2726} INFO - Sync 1 DAGs
[2024-03-30T06:19:40.046+0000] {logging_mixin.py:149} INFO - [2024-03-30T06:19:40.046+0000] {dag.py:3490} INFO - Setting next_dagrun for example_sla_dag to 2024-03-30T06:16:00+00:00, run_after=2024-03-30T06:18:00+00:00
[2024-03-30T06:19:40.077+0000] {processor.py:179} INFO - Processing /home/airflow/.local/lib/python3.7/site-packages/airflow/example_dags/example_sla_dag.py took 0.106 seconds
[2024-03-30T06:20:10.945+0000] {processor.py:157} INFO - Started process (PID=606) to work on /home/airflow/.local/lib/python3.7/site-packages/airflow/example_dags/example_sla_dag.py
[2024-03-30T06:20:10.946+0000] {processor.py:826} INFO - Processing file /home/airflow/.local/lib/python3.7/site-packages/airflow/example_dags/example_sla_dag.py for tasks to queue
[2024-03-30T06:20:10.947+0000] {logging_mixin.py:149} INFO - [2024-03-30T06:20:10.947+0000] {dagbag.py:541} INFO - Filling up the DagBag from /home/airflow/.local/lib/python3.7/site-packages/airflow/example_dags/example_sla_dag.py
[2024-03-30T06:20:10.954+0000] {processor.py:836} INFO - DAG(s) dict_keys(['example_sla_dag']) retrieved from /home/airflow/.local/lib/python3.7/site-packages/airflow/example_dags/example_sla_dag.py
[2024-03-30T06:20:10.989+0000] {logging_mixin.py:149} INFO - [2024-03-30T06:20:10.989+0000] {dag.py:2726} INFO - Sync 1 DAGs
[2024-03-30T06:20:11.016+0000] {logging_mixin.py:149} INFO - [2024-03-30T06:20:11.016+0000] {dag.py:3490} INFO - Setting next_dagrun for example_sla_dag to 2024-03-30T06:18:00+00:00, run_after=2024-03-30T06:20:00+00:00
[2024-03-30T06:20:11.051+0000] {processor.py:179} INFO - Processing /home/airflow/.local/lib/python3.7/site-packages/airflow/example_dags/example_sla_dag.py took 0.108 seconds
[2024-03-30T06:20:41.707+0000] {processor.py:157} INFO - Started process (PID=668) to work on /home/airflow/.local/lib/python3.7/site-packages/airflow/example_dags/example_sla_dag.py
[2024-03-30T06:20:41.708+0000] {processor.py:826} INFO - Processing file /home/airflow/.local/lib/python3.7/site-packages/airflow/example_dags/example_sla_dag.py for tasks to queue
[2024-03-30T06:20:41.708+0000] {logging_mixin.py:149} INFO - [2024-03-30T06:20:41.708+0000] {dagbag.py:541} INFO - Filling up the DagBag from /home/airflow/.local/lib/python3.7/site-packages/airflow/example_dags/example_sla_dag.py
[2024-03-30T06:20:41.716+0000] {processor.py:836} INFO - DAG(s) dict_keys(['example_sla_dag']) retrieved from /home/airflow/.local/lib/python3.7/site-packages/airflow/example_dags/example_sla_dag.py
[2024-03-30T06:20:41.760+0000] {logging_mixin.py:149} INFO - [2024-03-30T06:20:41.759+0000] {dag.py:2726} INFO - Sync 1 DAGs
[2024-03-30T06:20:41.835+0000] {logging_mixin.py:149} INFO - [2024-03-30T06:20:41.835+0000] {dag.py:3490} INFO - Setting next_dagrun for example_sla_dag to 2024-03-30T06:18:00+00:00, run_after=2024-03-30T06:20:00+00:00
[2024-03-30T06:20:41.870+0000] {processor.py:179} INFO - Processing /home/airflow/.local/lib/python3.7/site-packages/airflow/example_dags/example_sla_dag.py took 0.166 seconds
[2024-03-30T06:21:12.366+0000] {processor.py:157} INFO - Started process (PID=729) to work on /home/airflow/.local/lib/python3.7/site-packages/airflow/example_dags/example_sla_dag.py
[2024-03-30T06:21:12.366+0000] {processor.py:826} INFO - Processing file /home/airflow/.local/lib/python3.7/site-packages/airflow/example_dags/example_sla_dag.py for tasks to queue
[2024-03-30T06:21:12.367+0000] {logging_mixin.py:149} INFO - [2024-03-30T06:21:12.367+0000] {dagbag.py:541} INFO - Filling up the DagBag from /home/airflow/.local/lib/python3.7/site-packages/airflow/example_dags/example_sla_dag.py
[2024-03-30T06:21:12.374+0000] {processor.py:836} INFO - DAG(s) dict_keys(['example_sla_dag']) retrieved from /home/airflow/.local/lib/python3.7/site-packages/airflow/example_dags/example_sla_dag.py
[2024-03-30T06:21:12.411+0000] {logging_mixin.py:149} INFO - [2024-03-30T06:21:12.411+0000] {dag.py:2726} INFO - Sync 1 DAGs
[2024-03-30T06:21:12.439+0000] {logging_mixin.py:149} INFO - [2024-03-30T06:21:12.439+0000] {dag.py:3490} INFO - Setting next_dagrun for example_sla_dag to 2024-03-30T06:18:00+00:00, run_after=2024-03-30T06:20:00+00:00
[2024-03-30T06:21:12.471+0000] {processor.py:179} INFO - Processing /home/airflow/.local/lib/python3.7/site-packages/airflow/example_dags/example_sla_dag.py took 0.108 seconds
[2024-03-30T06:21:43.535+0000] {processor.py:157} INFO - Started process (PID=790) to work on /home/airflow/.local/lib/python3.7/site-packages/airflow/example_dags/example_sla_dag.py
[2024-03-30T06:21:43.536+0000] {processor.py:826} INFO - Processing file /home/airflow/.local/lib/python3.7/site-packages/airflow/example_dags/example_sla_dag.py for tasks to queue
[2024-03-30T06:21:43.536+0000] {logging_mixin.py:149} INFO - [2024-03-30T06:21:43.536+0000] {dagbag.py:541} INFO - Filling up the DagBag from /home/airflow/.local/lib/python3.7/site-packages/airflow/example_dags/example_sla_dag.py
[2024-03-30T06:21:43.544+0000] {processor.py:836} INFO - DAG(s) dict_keys(['example_sla_dag']) retrieved from /home/airflow/.local/lib/python3.7/site-packages/airflow/example_dags/example_sla_dag.py
[2024-03-30T06:21:43.580+0000] {logging_mixin.py:149} INFO - [2024-03-30T06:21:43.580+0000] {dag.py:2726} INFO - Sync 1 DAGs
[2024-03-30T06:21:43.607+0000] {logging_mixin.py:149} INFO - [2024-03-30T06:21:43.607+0000] {dag.py:3490} INFO - Setting next_dagrun for example_sla_dag to 2024-03-30T06:18:00+00:00, run_after=2024-03-30T06:20:00+00:00
[2024-03-30T06:21:43.640+0000] {processor.py:179} INFO - Processing /home/airflow/.local/lib/python3.7/site-packages/airflow/example_dags/example_sla_dag.py took 0.108 seconds
[2024-03-30T06:22:14.352+0000] {processor.py:157} INFO - Started process (PID=851) to work on /home/airflow/.local/lib/python3.7/site-packages/airflow/example_dags/example_sla_dag.py
[2024-03-30T06:22:14.353+0000] {processor.py:826} INFO - Processing file /home/airflow/.local/lib/python3.7/site-packages/airflow/example_dags/example_sla_dag.py for tasks to queue
[2024-03-30T06:22:14.353+0000] {logging_mixin.py:149} INFO - [2024-03-30T06:22:14.353+0000] {dagbag.py:541} INFO - Filling up the DagBag from /home/airflow/.local/lib/python3.7/site-packages/airflow/example_dags/example_sla_dag.py
[2024-03-30T06:22:14.361+0000] {processor.py:836} INFO - DAG(s) dict_keys(['example_sla_dag']) retrieved from /home/airflow/.local/lib/python3.7/site-packages/airflow/example_dags/example_sla_dag.py
[2024-03-30T06:22:14.398+0000] {logging_mixin.py:149} INFO - [2024-03-30T06:22:14.398+0000] {dag.py:2726} INFO - Sync 1 DAGs
[2024-03-30T06:22:14.432+0000] {logging_mixin.py:149} INFO - [2024-03-30T06:22:14.432+0000] {dag.py:3490} INFO - Setting next_dagrun for example_sla_dag to 2024-03-30T06:20:00+00:00, run_after=2024-03-30T06:22:00+00:00
[2024-03-30T06:22:14.473+0000] {processor.py:179} INFO - Processing /home/airflow/.local/lib/python3.7/site-packages/airflow/example_dags/example_sla_dag.py took 0.124 seconds
[2024-03-30T06:22:44.816+0000] {processor.py:157} INFO - Started process (PID=912) to work on /home/airflow/.local/lib/python3.7/site-packages/airflow/example_dags/example_sla_dag.py
[2024-03-30T06:22:44.818+0000] {processor.py:826} INFO - Processing file /home/airflow/.local/lib/python3.7/site-packages/airflow/example_dags/example_sla_dag.py for tasks to queue
[2024-03-30T06:22:44.819+0000] {logging_mixin.py:149} INFO - [2024-03-30T06:22:44.819+0000] {dagbag.py:541} INFO - Filling up the DagBag from /home/airflow/.local/lib/python3.7/site-packages/airflow/example_dags/example_sla_dag.py
[2024-03-30T06:22:44.827+0000] {processor.py:836} INFO - DAG(s) dict_keys(['example_sla_dag']) retrieved from /home/airflow/.local/lib/python3.7/site-packages/airflow/example_dags/example_sla_dag.py
[2024-03-30T06:22:44.873+0000] {logging_mixin.py:149} INFO - [2024-03-30T06:22:44.873+0000] {dag.py:2726} INFO - Sync 1 DAGs
[2024-03-30T06:22:44.946+0000] {logging_mixin.py:149} INFO - [2024-03-30T06:22:44.946+0000] {dag.py:3490} INFO - Setting next_dagrun for example_sla_dag to 2024-03-30T06:20:00+00:00, run_after=2024-03-30T06:22:00+00:00
[2024-03-30T06:22:44.984+0000] {processor.py:179} INFO - Processing /home/airflow/.local/lib/python3.7/site-packages/airflow/example_dags/example_sla_dag.py took 0.171 seconds
[2024-03-30T06:23:15.191+0000] {processor.py:157} INFO - Started process (PID=973) to work on /home/airflow/.local/lib/python3.7/site-packages/airflow/example_dags/example_sla_dag.py
[2024-03-30T06:23:15.192+0000] {processor.py:826} INFO - Processing file /home/airflow/.local/lib/python3.7/site-packages/airflow/example_dags/example_sla_dag.py for tasks to queue
[2024-03-30T06:23:15.193+0000] {logging_mixin.py:149} INFO - [2024-03-30T06:23:15.192+0000] {dagbag.py:541} INFO - Filling up the DagBag from /home/airflow/.local/lib/python3.7/site-packages/airflow/example_dags/example_sla_dag.py
[2024-03-30T06:23:15.201+0000] {processor.py:836} INFO - DAG(s) dict_keys(['example_sla_dag']) retrieved from /home/airflow/.local/lib/python3.7/site-packages/airflow/example_dags/example_sla_dag.py
[2024-03-30T06:23:15.238+0000] {logging_mixin.py:149} INFO - [2024-03-30T06:23:15.238+0000] {dag.py:2726} INFO - Sync 1 DAGs
[2024-03-30T06:23:15.264+0000] {logging_mixin.py:149} INFO - [2024-03-30T06:23:15.264+0000] {dag.py:3490} INFO - Setting next_dagrun for example_sla_dag to 2024-03-30T06:20:00+00:00, run_after=2024-03-30T06:22:00+00:00
[2024-03-30T06:23:15.296+0000] {processor.py:179} INFO - Processing /home/airflow/.local/lib/python3.7/site-packages/airflow/example_dags/example_sla_dag.py took 0.107 seconds
[2024-03-30T06:23:46.504+0000] {processor.py:157} INFO - Started process (PID=1034) to work on /home/airflow/.local/lib/python3.7/site-packages/airflow/example_dags/example_sla_dag.py
[2024-03-30T06:23:46.505+0000] {processor.py:826} INFO - Processing file /home/airflow/.local/lib/python3.7/site-packages/airflow/example_dags/example_sla_dag.py for tasks to queue
[2024-03-30T06:23:46.506+0000] {logging_mixin.py:149} INFO - [2024-03-30T06:23:46.506+0000] {dagbag.py:541} INFO - Filling up the DagBag from /home/airflow/.local/lib/python3.7/site-packages/airflow/example_dags/example_sla_dag.py
[2024-03-30T06:23:46.514+0000] {processor.py:836} INFO - DAG(s) dict_keys(['example_sla_dag']) retrieved from /home/airflow/.local/lib/python3.7/site-packages/airflow/example_dags/example_sla_dag.py
[2024-03-30T06:23:46.549+0000] {logging_mixin.py:149} INFO - [2024-03-30T06:23:46.548+0000] {dag.py:2726} INFO - Sync 1 DAGs
[2024-03-30T06:23:46.625+0000] {logging_mixin.py:149} INFO - [2024-03-30T06:23:46.625+0000] {dag.py:3490} INFO - Setting next_dagrun for example_sla_dag to 2024-03-30T06:20:00+00:00, run_after=2024-03-30T06:22:00+00:00
[2024-03-30T06:23:46.655+0000] {processor.py:179} INFO - Processing /home/airflow/.local/lib/python3.7/site-packages/airflow/example_dags/example_sla_dag.py took 0.154 seconds
[2024-03-30T06:24:16.985+0000] {processor.py:157} INFO - Started process (PID=1095) to work on /home/airflow/.local/lib/python3.7/site-packages/airflow/example_dags/example_sla_dag.py
[2024-03-30T06:24:16.986+0000] {processor.py:826} INFO - Processing file /home/airflow/.local/lib/python3.7/site-packages/airflow/example_dags/example_sla_dag.py for tasks to queue
[2024-03-30T06:24:16.986+0000] {logging_mixin.py:149} INFO - [2024-03-30T06:24:16.986+0000] {dagbag.py:541} INFO - Filling up the DagBag from /home/airflow/.local/lib/python3.7/site-packages/airflow/example_dags/example_sla_dag.py
[2024-03-30T06:24:16.996+0000] {processor.py:836} INFO - DAG(s) dict_keys(['example_sla_dag']) retrieved from /home/airflow/.local/lib/python3.7/site-packages/airflow/example_dags/example_sla_dag.py
[2024-03-30T06:24:17.030+0000] {logging_mixin.py:149} INFO - [2024-03-30T06:24:17.030+0000] {dag.py:2726} INFO - Sync 1 DAGs
[2024-03-30T06:24:17.057+0000] {logging_mixin.py:149} INFO - [2024-03-30T06:24:17.057+0000] {dag.py:3490} INFO - Setting next_dagrun for example_sla_dag to 2024-03-30T06:22:00+00:00, run_after=2024-03-30T06:24:00+00:00
[2024-03-30T06:24:17.089+0000] {processor.py:179} INFO - Processing /home/airflow/.local/lib/python3.7/site-packages/airflow/example_dags/example_sla_dag.py took 0.107 seconds
[2024-03-30T06:24:47.448+0000] {processor.py:157} INFO - Started process (PID=1156) to work on /home/airflow/.local/lib/python3.7/site-packages/airflow/example_dags/example_sla_dag.py
[2024-03-30T06:24:47.449+0000] {processor.py:826} INFO - Processing file /home/airflow/.local/lib/python3.7/site-packages/airflow/example_dags/example_sla_dag.py for tasks to queue
[2024-03-30T06:24:47.449+0000] {logging_mixin.py:149} INFO - [2024-03-30T06:24:47.449+0000] {dagbag.py:541} INFO - Filling up the DagBag from /home/airflow/.local/lib/python3.7/site-packages/airflow/example_dags/example_sla_dag.py
[2024-03-30T06:24:47.457+0000] {processor.py:836} INFO - DAG(s) dict_keys(['example_sla_dag']) retrieved from /home/airflow/.local/lib/python3.7/site-packages/airflow/example_dags/example_sla_dag.py
[2024-03-30T06:24:47.490+0000] {logging_mixin.py:149} INFO - [2024-03-30T06:24:47.490+0000] {dag.py:2726} INFO - Sync 1 DAGs
[2024-03-30T06:24:47.519+0000] {logging_mixin.py:149} INFO - [2024-03-30T06:24:47.519+0000] {dag.py:3490} INFO - Setting next_dagrun for example_sla_dag to 2024-03-30T06:22:00+00:00, run_after=2024-03-30T06:24:00+00:00
[2024-03-30T06:24:47.557+0000] {processor.py:179} INFO - Processing /home/airflow/.local/lib/python3.7/site-packages/airflow/example_dags/example_sla_dag.py took 0.113 seconds
[2024-03-30T06:25:17.865+0000] {processor.py:157} INFO - Started process (PID=1217) to work on /home/airflow/.local/lib/python3.7/site-packages/airflow/example_dags/example_sla_dag.py
[2024-03-30T06:25:17.866+0000] {processor.py:826} INFO - Processing file /home/airflow/.local/lib/python3.7/site-packages/airflow/example_dags/example_sla_dag.py for tasks to queue
[2024-03-30T06:25:17.867+0000] {logging_mixin.py:149} INFO - [2024-03-30T06:25:17.867+0000] {dagbag.py:541} INFO - Filling up the DagBag from /home/airflow/.local/lib/python3.7/site-packages/airflow/example_dags/example_sla_dag.py
[2024-03-30T06:25:17.876+0000] {processor.py:836} INFO - DAG(s) dict_keys(['example_sla_dag']) retrieved from /home/airflow/.local/lib/python3.7/site-packages/airflow/example_dags/example_sla_dag.py
[2024-03-30T06:25:17.910+0000] {logging_mixin.py:149} INFO - [2024-03-30T06:25:17.909+0000] {dag.py:2726} INFO - Sync 1 DAGs
[2024-03-30T06:25:17.937+0000] {logging_mixin.py:149} INFO - [2024-03-30T06:25:17.937+0000] {dag.py:3490} INFO - Setting next_dagrun for example_sla_dag to 2024-03-30T06:22:00+00:00, run_after=2024-03-30T06:24:00+00:00
[2024-03-30T06:25:17.968+0000] {processor.py:179} INFO - Processing /home/airflow/.local/lib/python3.7/site-packages/airflow/example_dags/example_sla_dag.py took 0.105 seconds
[2024-03-30T06:25:48.150+0000] {processor.py:157} INFO - Started process (PID=1278) to work on /home/airflow/.local/lib/python3.7/site-packages/airflow/example_dags/example_sla_dag.py
[2024-03-30T06:25:48.151+0000] {processor.py:826} INFO - Processing file /home/airflow/.local/lib/python3.7/site-packages/airflow/example_dags/example_sla_dag.py for tasks to queue
[2024-03-30T06:25:48.152+0000] {logging_mixin.py:149} INFO - [2024-03-30T06:25:48.151+0000] {dagbag.py:541} INFO - Filling up the DagBag from /home/airflow/.local/lib/python3.7/site-packages/airflow/example_dags/example_sla_dag.py
[2024-03-30T06:25:48.159+0000] {processor.py:836} INFO - DAG(s) dict_keys(['example_sla_dag']) retrieved from /home/airflow/.local/lib/python3.7/site-packages/airflow/example_dags/example_sla_dag.py
[2024-03-30T06:25:48.197+0000] {logging_mixin.py:149} INFO - [2024-03-30T06:25:48.197+0000] {dag.py:2726} INFO - Sync 1 DAGs
[2024-03-30T06:25:48.229+0000] {logging_mixin.py:149} INFO - [2024-03-30T06:25:48.229+0000] {dag.py:3490} INFO - Setting next_dagrun for example_sla_dag to 2024-03-30T06:22:00+00:00, run_after=2024-03-30T06:24:00+00:00
[2024-03-30T06:25:48.269+0000] {processor.py:179} INFO - Processing /home/airflow/.local/lib/python3.7/site-packages/airflow/example_dags/example_sla_dag.py took 0.122 seconds
[2024-03-30T06:26:19.022+0000] {processor.py:157} INFO - Started process (PID=1339) to work on /home/airflow/.local/lib/python3.7/site-packages/airflow/example_dags/example_sla_dag.py
[2024-03-30T06:26:19.023+0000] {processor.py:826} INFO - Processing file /home/airflow/.local/lib/python3.7/site-packages/airflow/example_dags/example_sla_dag.py for tasks to queue
[2024-03-30T06:26:19.024+0000] {logging_mixin.py:149} INFO - [2024-03-30T06:26:19.024+0000] {dagbag.py:541} INFO - Filling up the DagBag from /home/airflow/.local/lib/python3.7/site-packages/airflow/example_dags/example_sla_dag.py
[2024-03-30T06:26:19.031+0000] {processor.py:836} INFO - DAG(s) dict_keys(['example_sla_dag']) retrieved from /home/airflow/.local/lib/python3.7/site-packages/airflow/example_dags/example_sla_dag.py
[2024-03-30T06:26:19.065+0000] {logging_mixin.py:149} INFO - [2024-03-30T06:26:19.064+0000] {dag.py:2726} INFO - Sync 1 DAGs
[2024-03-30T06:26:19.093+0000] {logging_mixin.py:149} INFO - [2024-03-30T06:26:19.092+0000] {dag.py:3490} INFO - Setting next_dagrun for example_sla_dag to 2024-03-30T06:24:00+00:00, run_after=2024-03-30T06:26:00+00:00
[2024-03-30T06:26:19.125+0000] {processor.py:179} INFO - Processing /home/airflow/.local/lib/python3.7/site-packages/airflow/example_dags/example_sla_dag.py took 0.106 seconds
[2024-03-30T06:26:49.960+0000] {processor.py:157} INFO - Started process (PID=1401) to work on /home/airflow/.local/lib/python3.7/site-packages/airflow/example_dags/example_sla_dag.py
[2024-03-30T06:26:49.962+0000] {processor.py:826} INFO - Processing file /home/airflow/.local/lib/python3.7/site-packages/airflow/example_dags/example_sla_dag.py for tasks to queue
[2024-03-30T06:26:49.962+0000] {logging_mixin.py:149} INFO - [2024-03-30T06:26:49.962+0000] {dagbag.py:541} INFO - Filling up the DagBag from /home/airflow/.local/lib/python3.7/site-packages/airflow/example_dags/example_sla_dag.py
[2024-03-30T06:26:49.971+0000] {processor.py:836} INFO - DAG(s) dict_keys(['example_sla_dag']) retrieved from /home/airflow/.local/lib/python3.7/site-packages/airflow/example_dags/example_sla_dag.py
[2024-03-30T06:26:50.005+0000] {logging_mixin.py:149} INFO - [2024-03-30T06:26:50.005+0000] {dag.py:2726} INFO - Sync 1 DAGs
[2024-03-30T06:26:50.031+0000] {logging_mixin.py:149} INFO - [2024-03-30T06:26:50.031+0000] {dag.py:3490} INFO - Setting next_dagrun for example_sla_dag to 2024-03-30T06:24:00+00:00, run_after=2024-03-30T06:26:00+00:00
[2024-03-30T06:26:50.064+0000] {processor.py:179} INFO - Processing /home/airflow/.local/lib/python3.7/site-packages/airflow/example_dags/example_sla_dag.py took 0.107 seconds
[2024-03-30T06:27:20.450+0000] {processor.py:157} INFO - Started process (PID=1462) to work on /home/airflow/.local/lib/python3.7/site-packages/airflow/example_dags/example_sla_dag.py
[2024-03-30T06:27:20.451+0000] {processor.py:826} INFO - Processing file /home/airflow/.local/lib/python3.7/site-packages/airflow/example_dags/example_sla_dag.py for tasks to queue
[2024-03-30T06:27:20.452+0000] {logging_mixin.py:149} INFO - [2024-03-30T06:27:20.452+0000] {dagbag.py:541} INFO - Filling up the DagBag from /home/airflow/.local/lib/python3.7/site-packages/airflow/example_dags/example_sla_dag.py
[2024-03-30T06:27:20.461+0000] {processor.py:836} INFO - DAG(s) dict_keys(['example_sla_dag']) retrieved from /home/airflow/.local/lib/python3.7/site-packages/airflow/example_dags/example_sla_dag.py
[2024-03-30T06:27:20.501+0000] {logging_mixin.py:149} INFO - [2024-03-30T06:27:20.501+0000] {dag.py:2726} INFO - Sync 1 DAGs
[2024-03-30T06:27:20.529+0000] {logging_mixin.py:149} INFO - [2024-03-30T06:27:20.529+0000] {dag.py:3490} INFO - Setting next_dagrun for example_sla_dag to 2024-03-30T06:24:00+00:00, run_after=2024-03-30T06:26:00+00:00
[2024-03-30T06:27:20.567+0000] {processor.py:179} INFO - Processing /home/airflow/.local/lib/python3.7/site-packages/airflow/example_dags/example_sla_dag.py took 0.121 seconds
[2024-03-30T06:27:51.343+0000] {processor.py:157} INFO - Started process (PID=1524) to work on /home/airflow/.local/lib/python3.7/site-packages/airflow/example_dags/example_sla_dag.py
[2024-03-30T06:27:51.344+0000] {processor.py:826} INFO - Processing file /home/airflow/.local/lib/python3.7/site-packages/airflow/example_dags/example_sla_dag.py for tasks to queue
[2024-03-30T06:27:51.345+0000] {logging_mixin.py:149} INFO - [2024-03-30T06:27:51.345+0000] {dagbag.py:541} INFO - Filling up the DagBag from /home/airflow/.local/lib/python3.7/site-packages/airflow/example_dags/example_sla_dag.py
[2024-03-30T06:27:51.355+0000] {processor.py:836} INFO - DAG(s) dict_keys(['example_sla_dag']) retrieved from /home/airflow/.local/lib/python3.7/site-packages/airflow/example_dags/example_sla_dag.py
[2024-03-30T06:27:51.399+0000] {logging_mixin.py:149} INFO - [2024-03-30T06:27:51.398+0000] {dag.py:2726} INFO - Sync 1 DAGs
[2024-03-30T06:27:51.437+0000] {logging_mixin.py:149} INFO - [2024-03-30T06:27:51.437+0000] {dag.py:3490} INFO - Setting next_dagrun for example_sla_dag to 2024-03-30T06:24:00+00:00, run_after=2024-03-30T06:26:00+00:00
[2024-03-30T06:27:51.491+0000] {processor.py:179} INFO - Processing /home/airflow/.local/lib/python3.7/site-packages/airflow/example_dags/example_sla_dag.py took 0.151 seconds
[2024-03-30T06:28:22.154+0000] {processor.py:157} INFO - Started process (PID=1585) to work on /home/airflow/.local/lib/python3.7/site-packages/airflow/example_dags/example_sla_dag.py
[2024-03-30T06:28:22.155+0000] {processor.py:826} INFO - Processing file /home/airflow/.local/lib/python3.7/site-packages/airflow/example_dags/example_sla_dag.py for tasks to queue
[2024-03-30T06:28:22.156+0000] {logging_mixin.py:149} INFO - [2024-03-30T06:28:22.155+0000] {dagbag.py:541} INFO - Filling up the DagBag from /home/airflow/.local/lib/python3.7/site-packages/airflow/example_dags/example_sla_dag.py
[2024-03-30T06:28:22.166+0000] {processor.py:836} INFO - DAG(s) dict_keys(['example_sla_dag']) retrieved from /home/airflow/.local/lib/python3.7/site-packages/airflow/example_dags/example_sla_dag.py
[2024-03-30T06:28:22.204+0000] {logging_mixin.py:149} INFO - [2024-03-30T06:28:22.203+0000] {dag.py:2726} INFO - Sync 1 DAGs
[2024-03-30T06:28:22.233+0000] {logging_mixin.py:149} INFO - [2024-03-30T06:28:22.233+0000] {dag.py:3490} INFO - Setting next_dagrun for example_sla_dag to 2024-03-30T06:26:00+00:00, run_after=2024-03-30T06:28:00+00:00
[2024-03-30T06:28:22.270+0000] {processor.py:179} INFO - Processing /home/airflow/.local/lib/python3.7/site-packages/airflow/example_dags/example_sla_dag.py took 0.118 seconds
[2024-03-30T06:28:52.775+0000] {processor.py:157} INFO - Started process (PID=1646) to work on /home/airflow/.local/lib/python3.7/site-packages/airflow/example_dags/example_sla_dag.py
[2024-03-30T06:28:52.777+0000] {processor.py:826} INFO - Processing file /home/airflow/.local/lib/python3.7/site-packages/airflow/example_dags/example_sla_dag.py for tasks to queue
[2024-03-30T06:28:52.777+0000] {logging_mixin.py:149} INFO - [2024-03-30T06:28:52.777+0000] {dagbag.py:541} INFO - Filling up the DagBag from /home/airflow/.local/lib/python3.7/site-packages/airflow/example_dags/example_sla_dag.py
[2024-03-30T06:28:52.785+0000] {processor.py:836} INFO - DAG(s) dict_keys(['example_sla_dag']) retrieved from /home/airflow/.local/lib/python3.7/site-packages/airflow/example_dags/example_sla_dag.py
[2024-03-30T06:28:52.826+0000] {logging_mixin.py:149} INFO - [2024-03-30T06:28:52.826+0000] {dag.py:2726} INFO - Sync 1 DAGs
[2024-03-30T06:28:52.904+0000] {logging_mixin.py:149} INFO - [2024-03-30T06:28:52.904+0000] {dag.py:3490} INFO - Setting next_dagrun for example_sla_dag to 2024-03-30T06:26:00+00:00, run_after=2024-03-30T06:28:00+00:00
[2024-03-30T06:28:52.939+0000] {processor.py:179} INFO - Processing /home/airflow/.local/lib/python3.7/site-packages/airflow/example_dags/example_sla_dag.py took 0.167 seconds
[2024-03-30T06:29:23.256+0000] {processor.py:157} INFO - Started process (PID=1707) to work on /home/airflow/.local/lib/python3.7/site-packages/airflow/example_dags/example_sla_dag.py
[2024-03-30T06:29:23.256+0000] {processor.py:826} INFO - Processing file /home/airflow/.local/lib/python3.7/site-packages/airflow/example_dags/example_sla_dag.py for tasks to queue
[2024-03-30T06:29:23.257+0000] {logging_mixin.py:149} INFO - [2024-03-30T06:29:23.257+0000] {dagbag.py:541} INFO - Filling up the DagBag from /home/airflow/.local/lib/python3.7/site-packages/airflow/example_dags/example_sla_dag.py
[2024-03-30T06:29:23.265+0000] {processor.py:836} INFO - DAG(s) dict_keys(['example_sla_dag']) retrieved from /home/airflow/.local/lib/python3.7/site-packages/airflow/example_dags/example_sla_dag.py
[2024-03-30T06:29:23.300+0000] {logging_mixin.py:149} INFO - [2024-03-30T06:29:23.299+0000] {dag.py:2726} INFO - Sync 1 DAGs
[2024-03-30T06:29:23.330+0000] {logging_mixin.py:149} INFO - [2024-03-30T06:29:23.330+0000] {dag.py:3490} INFO - Setting next_dagrun for example_sla_dag to 2024-03-30T06:26:00+00:00, run_after=2024-03-30T06:28:00+00:00
[2024-03-30T06:29:23.362+0000] {processor.py:179} INFO - Processing /home/airflow/.local/lib/python3.7/site-packages/airflow/example_dags/example_sla_dag.py took 0.109 seconds
[2024-03-30T06:29:53.959+0000] {processor.py:157} INFO - Started process (PID=1768) to work on /home/airflow/.local/lib/python3.7/site-packages/airflow/example_dags/example_sla_dag.py
[2024-03-30T06:29:53.960+0000] {processor.py:826} INFO - Processing file /home/airflow/.local/lib/python3.7/site-packages/airflow/example_dags/example_sla_dag.py for tasks to queue
[2024-03-30T06:29:53.961+0000] {logging_mixin.py:149} INFO - [2024-03-30T06:29:53.961+0000] {dagbag.py:541} INFO - Filling up the DagBag from /home/airflow/.local/lib/python3.7/site-packages/airflow/example_dags/example_sla_dag.py
[2024-03-30T06:29:53.969+0000] {processor.py:836} INFO - DAG(s) dict_keys(['example_sla_dag']) retrieved from /home/airflow/.local/lib/python3.7/site-packages/airflow/example_dags/example_sla_dag.py
[2024-03-30T06:29:54.005+0000] {logging_mixin.py:149} INFO - [2024-03-30T06:29:54.004+0000] {dag.py:2726} INFO - Sync 1 DAGs
[2024-03-30T06:29:54.032+0000] {logging_mixin.py:149} INFO - [2024-03-30T06:29:54.032+0000] {dag.py:3490} INFO - Setting next_dagrun for example_sla_dag to 2024-03-30T06:26:00+00:00, run_after=2024-03-30T06:28:00+00:00
[2024-03-30T06:29:54.067+0000] {processor.py:179} INFO - Processing /home/airflow/.local/lib/python3.7/site-packages/airflow/example_dags/example_sla_dag.py took 0.111 seconds
[2024-03-30T06:30:24.274+0000] {processor.py:157} INFO - Started process (PID=1829) to work on /home/airflow/.local/lib/python3.7/site-packages/airflow/example_dags/example_sla_dag.py
[2024-03-30T06:30:24.275+0000] {processor.py:826} INFO - Processing file /home/airflow/.local/lib/python3.7/site-packages/airflow/example_dags/example_sla_dag.py for tasks to queue
[2024-03-30T06:30:24.275+0000] {logging_mixin.py:149} INFO - [2024-03-30T06:30:24.275+0000] {dagbag.py:541} INFO - Filling up the DagBag from /home/airflow/.local/lib/python3.7/site-packages/airflow/example_dags/example_sla_dag.py
[2024-03-30T06:30:24.283+0000] {processor.py:836} INFO - DAG(s) dict_keys(['example_sla_dag']) retrieved from /home/airflow/.local/lib/python3.7/site-packages/airflow/example_dags/example_sla_dag.py
[2024-03-30T06:30:24.318+0000] {logging_mixin.py:149} INFO - [2024-03-30T06:30:24.318+0000] {dag.py:2726} INFO - Sync 1 DAGs
[2024-03-30T06:30:24.356+0000] {logging_mixin.py:149} INFO - [2024-03-30T06:30:24.356+0000] {dag.py:3490} INFO - Setting next_dagrun for example_sla_dag to 2024-03-30T06:28:00+00:00, run_after=2024-03-30T06:30:00+00:00
[2024-03-30T06:30:24.394+0000] {processor.py:179} INFO - Processing /home/airflow/.local/lib/python3.7/site-packages/airflow/example_dags/example_sla_dag.py took 0.123 seconds
[2024-03-30T06:30:54.969+0000] {processor.py:157} INFO - Started process (PID=1897) to work on /home/airflow/.local/lib/python3.7/site-packages/airflow/example_dags/example_sla_dag.py
[2024-03-30T06:30:54.970+0000] {processor.py:826} INFO - Processing file /home/airflow/.local/lib/python3.7/site-packages/airflow/example_dags/example_sla_dag.py for tasks to queue
[2024-03-30T06:30:54.970+0000] {logging_mixin.py:149} INFO - [2024-03-30T06:30:54.970+0000] {dagbag.py:541} INFO - Filling up the DagBag from /home/airflow/.local/lib/python3.7/site-packages/airflow/example_dags/example_sla_dag.py
[2024-03-30T06:30:54.977+0000] {processor.py:836} INFO - DAG(s) dict_keys(['example_sla_dag']) retrieved from /home/airflow/.local/lib/python3.7/site-packages/airflow/example_dags/example_sla_dag.py
[2024-03-30T06:30:55.016+0000] {logging_mixin.py:149} INFO - [2024-03-30T06:30:55.015+0000] {dag.py:2726} INFO - Sync 1 DAGs
[2024-03-30T06:30:55.044+0000] {logging_mixin.py:149} INFO - [2024-03-30T06:30:55.043+0000] {dag.py:3490} INFO - Setting next_dagrun for example_sla_dag to 2024-03-30T06:28:00+00:00, run_after=2024-03-30T06:30:00+00:00
[2024-03-30T06:30:55.080+0000] {processor.py:179} INFO - Processing /home/airflow/.local/lib/python3.7/site-packages/airflow/example_dags/example_sla_dag.py took 0.114 seconds
[2024-03-30T06:31:25.849+0000] {processor.py:157} INFO - Started process (PID=1958) to work on /home/airflow/.local/lib/python3.7/site-packages/airflow/example_dags/example_sla_dag.py
[2024-03-30T06:31:25.849+0000] {processor.py:826} INFO - Processing file /home/airflow/.local/lib/python3.7/site-packages/airflow/example_dags/example_sla_dag.py for tasks to queue
[2024-03-30T06:31:25.850+0000] {logging_mixin.py:149} INFO - [2024-03-30T06:31:25.850+0000] {dagbag.py:541} INFO - Filling up the DagBag from /home/airflow/.local/lib/python3.7/site-packages/airflow/example_dags/example_sla_dag.py
[2024-03-30T06:31:25.860+0000] {processor.py:836} INFO - DAG(s) dict_keys(['example_sla_dag']) retrieved from /home/airflow/.local/lib/python3.7/site-packages/airflow/example_dags/example_sla_dag.py
[2024-03-30T06:31:25.900+0000] {logging_mixin.py:149} INFO - [2024-03-30T06:31:25.900+0000] {dag.py:2726} INFO - Sync 1 DAGs
[2024-03-30T06:31:25.974+0000] {logging_mixin.py:149} INFO - [2024-03-30T06:31:25.974+0000] {dag.py:3490} INFO - Setting next_dagrun for example_sla_dag to 2024-03-30T06:28:00+00:00, run_after=2024-03-30T06:30:00+00:00
[2024-03-30T06:31:26.010+0000] {processor.py:179} INFO - Processing /home/airflow/.local/lib/python3.7/site-packages/airflow/example_dags/example_sla_dag.py took 0.165 seconds
[2024-03-30T08:20:58.171+0000] {processor.py:157} INFO - Started process (PID=66) to work on /home/airflow/.local/lib/python3.7/site-packages/airflow/example_dags/example_sla_dag.py
[2024-03-30T08:20:58.172+0000] {processor.py:826} INFO - Processing file /home/airflow/.local/lib/python3.7/site-packages/airflow/example_dags/example_sla_dag.py for tasks to queue
[2024-03-30T08:20:58.173+0000] {logging_mixin.py:149} INFO - [2024-03-30T08:20:58.172+0000] {dagbag.py:541} INFO - Filling up the DagBag from /home/airflow/.local/lib/python3.7/site-packages/airflow/example_dags/example_sla_dag.py
[2024-03-30T08:20:58.184+0000] {processor.py:836} INFO - DAG(s) dict_keys(['example_sla_dag']) retrieved from /home/airflow/.local/lib/python3.7/site-packages/airflow/example_dags/example_sla_dag.py
[2024-03-30T08:20:58.233+0000] {logging_mixin.py:149} INFO - [2024-03-30T08:20:58.233+0000] {dag.py:2726} INFO - Sync 1 DAGs
[2024-03-30T08:20:58.268+0000] {logging_mixin.py:149} INFO - [2024-03-30T08:20:58.267+0000] {dag.py:3490} INFO - Setting next_dagrun for example_sla_dag to 2024-03-30T08:18:00+00:00, run_after=2024-03-30T08:20:00+00:00
[2024-03-30T08:20:58.315+0000] {processor.py:179} INFO - Processing /home/airflow/.local/lib/python3.7/site-packages/airflow/example_dags/example_sla_dag.py took 0.148 seconds
[2024-03-30T08:21:28.859+0000] {processor.py:157} INFO - Started process (PID=127) to work on /home/airflow/.local/lib/python3.7/site-packages/airflow/example_dags/example_sla_dag.py
[2024-03-30T08:21:28.859+0000] {processor.py:826} INFO - Processing file /home/airflow/.local/lib/python3.7/site-packages/airflow/example_dags/example_sla_dag.py for tasks to queue
[2024-03-30T08:21:28.860+0000] {logging_mixin.py:149} INFO - [2024-03-30T08:21:28.860+0000] {dagbag.py:541} INFO - Filling up the DagBag from /home/airflow/.local/lib/python3.7/site-packages/airflow/example_dags/example_sla_dag.py
[2024-03-30T08:21:28.867+0000] {processor.py:836} INFO - DAG(s) dict_keys(['example_sla_dag']) retrieved from /home/airflow/.local/lib/python3.7/site-packages/airflow/example_dags/example_sla_dag.py
[2024-03-30T08:21:28.911+0000] {logging_mixin.py:149} INFO - [2024-03-30T08:21:28.911+0000] {dag.py:2726} INFO - Sync 1 DAGs
[2024-03-30T08:21:28.940+0000] {logging_mixin.py:149} INFO - [2024-03-30T08:21:28.940+0000] {dag.py:3490} INFO - Setting next_dagrun for example_sla_dag to 2024-03-30T08:18:00+00:00, run_after=2024-03-30T08:20:00+00:00
[2024-03-30T08:21:28.978+0000] {processor.py:179} INFO - Processing /home/airflow/.local/lib/python3.7/site-packages/airflow/example_dags/example_sla_dag.py took 0.122 seconds
[2024-03-30T08:21:59.621+0000] {processor.py:157} INFO - Started process (PID=188) to work on /home/airflow/.local/lib/python3.7/site-packages/airflow/example_dags/example_sla_dag.py
[2024-03-30T08:21:59.622+0000] {processor.py:826} INFO - Processing file /home/airflow/.local/lib/python3.7/site-packages/airflow/example_dags/example_sla_dag.py for tasks to queue
[2024-03-30T08:21:59.623+0000] {logging_mixin.py:149} INFO - [2024-03-30T08:21:59.623+0000] {dagbag.py:541} INFO - Filling up the DagBag from /home/airflow/.local/lib/python3.7/site-packages/airflow/example_dags/example_sla_dag.py
[2024-03-30T08:21:59.631+0000] {processor.py:836} INFO - DAG(s) dict_keys(['example_sla_dag']) retrieved from /home/airflow/.local/lib/python3.7/site-packages/airflow/example_dags/example_sla_dag.py
[2024-03-30T08:21:59.672+0000] {logging_mixin.py:149} INFO - [2024-03-30T08:21:59.672+0000] {dag.py:2726} INFO - Sync 1 DAGs
[2024-03-30T08:21:59.808+0000] {logging_mixin.py:149} INFO - [2024-03-30T08:21:59.808+0000] {dag.py:3490} INFO - Setting next_dagrun for example_sla_dag to 2024-03-30T08:18:00+00:00, run_after=2024-03-30T08:20:00+00:00
[2024-03-30T08:21:59.852+0000] {processor.py:179} INFO - Processing /home/airflow/.local/lib/python3.7/site-packages/airflow/example_dags/example_sla_dag.py took 0.235 seconds
[2024-03-30T08:22:30.044+0000] {processor.py:157} INFO - Started process (PID=249) to work on /home/airflow/.local/lib/python3.7/site-packages/airflow/example_dags/example_sla_dag.py
[2024-03-30T08:22:30.045+0000] {processor.py:826} INFO - Processing file /home/airflow/.local/lib/python3.7/site-packages/airflow/example_dags/example_sla_dag.py for tasks to queue
[2024-03-30T08:22:30.046+0000] {logging_mixin.py:149} INFO - [2024-03-30T08:22:30.046+0000] {dagbag.py:541} INFO - Filling up the DagBag from /home/airflow/.local/lib/python3.7/site-packages/airflow/example_dags/example_sla_dag.py
[2024-03-30T08:22:30.055+0000] {processor.py:836} INFO - DAG(s) dict_keys(['example_sla_dag']) retrieved from /home/airflow/.local/lib/python3.7/site-packages/airflow/example_dags/example_sla_dag.py
[2024-03-30T08:22:30.110+0000] {logging_mixin.py:149} INFO - [2024-03-30T08:22:30.109+0000] {dag.py:2726} INFO - Sync 1 DAGs
[2024-03-30T08:22:30.150+0000] {logging_mixin.py:149} INFO - [2024-03-30T08:22:30.150+0000] {dag.py:3490} INFO - Setting next_dagrun for example_sla_dag to 2024-03-30T08:20:00+00:00, run_after=2024-03-30T08:22:00+00:00
[2024-03-30T08:22:30.201+0000] {processor.py:179} INFO - Processing /home/airflow/.local/lib/python3.7/site-packages/airflow/example_dags/example_sla_dag.py took 0.161 seconds
[2024-03-30T08:23:00.273+0000] {processor.py:157} INFO - Started process (PID=310) to work on /home/airflow/.local/lib/python3.7/site-packages/airflow/example_dags/example_sla_dag.py
[2024-03-30T08:23:00.274+0000] {processor.py:826} INFO - Processing file /home/airflow/.local/lib/python3.7/site-packages/airflow/example_dags/example_sla_dag.py for tasks to queue
[2024-03-30T08:23:00.276+0000] {logging_mixin.py:149} INFO - [2024-03-30T08:23:00.276+0000] {dagbag.py:541} INFO - Filling up the DagBag from /home/airflow/.local/lib/python3.7/site-packages/airflow/example_dags/example_sla_dag.py
[2024-03-30T08:23:00.290+0000] {processor.py:836} INFO - DAG(s) dict_keys(['example_sla_dag']) retrieved from /home/airflow/.local/lib/python3.7/site-packages/airflow/example_dags/example_sla_dag.py
[2024-03-30T08:23:00.353+0000] {logging_mixin.py:149} INFO - [2024-03-30T08:23:00.353+0000] {dag.py:2726} INFO - Sync 1 DAGs
[2024-03-30T08:23:00.391+0000] {logging_mixin.py:149} INFO - [2024-03-30T08:23:00.391+0000] {dag.py:3490} INFO - Setting next_dagrun for example_sla_dag to 2024-03-30T08:20:00+00:00, run_after=2024-03-30T08:22:00+00:00
[2024-03-30T08:23:00.439+0000] {processor.py:179} INFO - Processing /home/airflow/.local/lib/python3.7/site-packages/airflow/example_dags/example_sla_dag.py took 0.171 seconds
[2024-03-30T08:23:31.112+0000] {processor.py:157} INFO - Started process (PID=371) to work on /home/airflow/.local/lib/python3.7/site-packages/airflow/example_dags/example_sla_dag.py
[2024-03-30T08:23:31.113+0000] {processor.py:826} INFO - Processing file /home/airflow/.local/lib/python3.7/site-packages/airflow/example_dags/example_sla_dag.py for tasks to queue
[2024-03-30T08:23:31.113+0000] {logging_mixin.py:149} INFO - [2024-03-30T08:23:31.113+0000] {dagbag.py:541} INFO - Filling up the DagBag from /home/airflow/.local/lib/python3.7/site-packages/airflow/example_dags/example_sla_dag.py
[2024-03-30T08:23:31.121+0000] {processor.py:836} INFO - DAG(s) dict_keys(['example_sla_dag']) retrieved from /home/airflow/.local/lib/python3.7/site-packages/airflow/example_dags/example_sla_dag.py
[2024-03-30T08:23:31.166+0000] {logging_mixin.py:149} INFO - [2024-03-30T08:23:31.166+0000] {dag.py:2726} INFO - Sync 1 DAGs
[2024-03-30T08:23:31.260+0000] {logging_mixin.py:149} INFO - [2024-03-30T08:23:31.259+0000] {dag.py:3490} INFO - Setting next_dagrun for example_sla_dag to 2024-03-30T08:20:00+00:00, run_after=2024-03-30T08:22:00+00:00
[2024-03-30T08:23:31.304+0000] {processor.py:179} INFO - Processing /home/airflow/.local/lib/python3.7/site-packages/airflow/example_dags/example_sla_dag.py took 0.197 seconds
[2024-03-30T08:24:02.018+0000] {processor.py:157} INFO - Started process (PID=431) to work on /home/airflow/.local/lib/python3.7/site-packages/airflow/example_dags/example_sla_dag.py
[2024-03-30T08:24:02.019+0000] {processor.py:826} INFO - Processing file /home/airflow/.local/lib/python3.7/site-packages/airflow/example_dags/example_sla_dag.py for tasks to queue
[2024-03-30T08:24:02.020+0000] {logging_mixin.py:149} INFO - [2024-03-30T08:24:02.020+0000] {dagbag.py:541} INFO - Filling up the DagBag from /home/airflow/.local/lib/python3.7/site-packages/airflow/example_dags/example_sla_dag.py
[2024-03-30T08:24:02.029+0000] {processor.py:836} INFO - DAG(s) dict_keys(['example_sla_dag']) retrieved from /home/airflow/.local/lib/python3.7/site-packages/airflow/example_dags/example_sla_dag.py
[2024-03-30T08:24:02.074+0000] {logging_mixin.py:149} INFO - [2024-03-30T08:24:02.074+0000] {dag.py:2726} INFO - Sync 1 DAGs
[2024-03-30T08:24:02.108+0000] {logging_mixin.py:149} INFO - [2024-03-30T08:24:02.108+0000] {dag.py:3490} INFO - Setting next_dagrun for example_sla_dag to 2024-03-30T08:22:00+00:00, run_after=2024-03-30T08:24:00+00:00
[2024-03-30T08:24:02.151+0000] {processor.py:179} INFO - Processing /home/airflow/.local/lib/python3.7/site-packages/airflow/example_dags/example_sla_dag.py took 0.136 seconds
[2024-03-30T08:24:32.698+0000] {processor.py:157} INFO - Started process (PID=492) to work on /home/airflow/.local/lib/python3.7/site-packages/airflow/example_dags/example_sla_dag.py
[2024-03-30T08:24:32.699+0000] {processor.py:826} INFO - Processing file /home/airflow/.local/lib/python3.7/site-packages/airflow/example_dags/example_sla_dag.py for tasks to queue
[2024-03-30T08:24:32.699+0000] {logging_mixin.py:149} INFO - [2024-03-30T08:24:32.699+0000] {dagbag.py:541} INFO - Filling up the DagBag from /home/airflow/.local/lib/python3.7/site-packages/airflow/example_dags/example_sla_dag.py
[2024-03-30T08:24:32.708+0000] {processor.py:836} INFO - DAG(s) dict_keys(['example_sla_dag']) retrieved from /home/airflow/.local/lib/python3.7/site-packages/airflow/example_dags/example_sla_dag.py
[2024-03-30T08:24:32.749+0000] {logging_mixin.py:149} INFO - [2024-03-30T08:24:32.749+0000] {dag.py:2726} INFO - Sync 1 DAGs
[2024-03-30T08:24:32.781+0000] {logging_mixin.py:149} INFO - [2024-03-30T08:24:32.781+0000] {dag.py:3490} INFO - Setting next_dagrun for example_sla_dag to 2024-03-30T08:22:00+00:00, run_after=2024-03-30T08:24:00+00:00
[2024-03-30T08:24:32.819+0000] {processor.py:179} INFO - Processing /home/airflow/.local/lib/python3.7/site-packages/airflow/example_dags/example_sla_dag.py took 0.124 seconds
[2024-03-30T08:25:03.705+0000] {processor.py:157} INFO - Started process (PID=553) to work on /home/airflow/.local/lib/python3.7/site-packages/airflow/example_dags/example_sla_dag.py
[2024-03-30T08:25:03.706+0000] {processor.py:826} INFO - Processing file /home/airflow/.local/lib/python3.7/site-packages/airflow/example_dags/example_sla_dag.py for tasks to queue
[2024-03-30T08:25:03.707+0000] {logging_mixin.py:149} INFO - [2024-03-30T08:25:03.707+0000] {dagbag.py:541} INFO - Filling up the DagBag from /home/airflow/.local/lib/python3.7/site-packages/airflow/example_dags/example_sla_dag.py
[2024-03-30T08:25:03.714+0000] {processor.py:836} INFO - DAG(s) dict_keys(['example_sla_dag']) retrieved from /home/airflow/.local/lib/python3.7/site-packages/airflow/example_dags/example_sla_dag.py
[2024-03-30T08:25:03.757+0000] {logging_mixin.py:149} INFO - [2024-03-30T08:25:03.756+0000] {dag.py:2726} INFO - Sync 1 DAGs
[2024-03-30T08:25:03.794+0000] {logging_mixin.py:149} INFO - [2024-03-30T08:25:03.794+0000] {dag.py:3490} INFO - Setting next_dagrun for example_sla_dag to 2024-03-30T08:22:00+00:00, run_after=2024-03-30T08:24:00+00:00
[2024-03-30T08:25:03.840+0000] {processor.py:179} INFO - Processing /home/airflow/.local/lib/python3.7/site-packages/airflow/example_dags/example_sla_dag.py took 0.139 seconds
[2024-03-30T08:25:34.130+0000] {processor.py:157} INFO - Started process (PID=614) to work on /home/airflow/.local/lib/python3.7/site-packages/airflow/example_dags/example_sla_dag.py
[2024-03-30T08:25:34.131+0000] {processor.py:826} INFO - Processing file /home/airflow/.local/lib/python3.7/site-packages/airflow/example_dags/example_sla_dag.py for tasks to queue
[2024-03-30T08:25:34.132+0000] {logging_mixin.py:149} INFO - [2024-03-30T08:25:34.131+0000] {dagbag.py:541} INFO - Filling up the DagBag from /home/airflow/.local/lib/python3.7/site-packages/airflow/example_dags/example_sla_dag.py
[2024-03-30T08:25:34.140+0000] {processor.py:836} INFO - DAG(s) dict_keys(['example_sla_dag']) retrieved from /home/airflow/.local/lib/python3.7/site-packages/airflow/example_dags/example_sla_dag.py
[2024-03-30T08:25:34.178+0000] {logging_mixin.py:149} INFO - [2024-03-30T08:25:34.178+0000] {dag.py:2726} INFO - Sync 1 DAGs
[2024-03-30T08:25:34.209+0000] {logging_mixin.py:149} INFO - [2024-03-30T08:25:34.209+0000] {dag.py:3490} INFO - Setting next_dagrun for example_sla_dag to 2024-03-30T08:22:00+00:00, run_after=2024-03-30T08:24:00+00:00
[2024-03-30T08:25:34.249+0000] {processor.py:179} INFO - Processing /home/airflow/.local/lib/python3.7/site-packages/airflow/example_dags/example_sla_dag.py took 0.123 seconds
[2024-03-30T08:26:04.525+0000] {processor.py:157} INFO - Started process (PID=676) to work on /home/airflow/.local/lib/python3.7/site-packages/airflow/example_dags/example_sla_dag.py
[2024-03-30T08:26:04.526+0000] {processor.py:826} INFO - Processing file /home/airflow/.local/lib/python3.7/site-packages/airflow/example_dags/example_sla_dag.py for tasks to queue
[2024-03-30T08:26:04.526+0000] {logging_mixin.py:149} INFO - [2024-03-30T08:26:04.526+0000] {dagbag.py:541} INFO - Filling up the DagBag from /home/airflow/.local/lib/python3.7/site-packages/airflow/example_dags/example_sla_dag.py
[2024-03-30T08:26:04.534+0000] {processor.py:836} INFO - DAG(s) dict_keys(['example_sla_dag']) retrieved from /home/airflow/.local/lib/python3.7/site-packages/airflow/example_dags/example_sla_dag.py
[2024-03-30T08:26:04.572+0000] {logging_mixin.py:149} INFO - [2024-03-30T08:26:04.572+0000] {dag.py:2726} INFO - Sync 1 DAGs
[2024-03-30T08:26:04.600+0000] {logging_mixin.py:149} INFO - [2024-03-30T08:26:04.600+0000] {dag.py:3490} INFO - Setting next_dagrun for example_sla_dag to 2024-03-30T08:24:00+00:00, run_after=2024-03-30T08:26:00+00:00
[2024-03-30T08:26:04.651+0000] {processor.py:179} INFO - Processing /home/airflow/.local/lib/python3.7/site-packages/airflow/example_dags/example_sla_dag.py took 0.130 seconds
[2024-03-30T08:26:34.832+0000] {processor.py:157} INFO - Started process (PID=737) to work on /home/airflow/.local/lib/python3.7/site-packages/airflow/example_dags/example_sla_dag.py
[2024-03-30T08:26:34.833+0000] {processor.py:826} INFO - Processing file /home/airflow/.local/lib/python3.7/site-packages/airflow/example_dags/example_sla_dag.py for tasks to queue
[2024-03-30T08:26:34.834+0000] {logging_mixin.py:149} INFO - [2024-03-30T08:26:34.834+0000] {dagbag.py:541} INFO - Filling up the DagBag from /home/airflow/.local/lib/python3.7/site-packages/airflow/example_dags/example_sla_dag.py
[2024-03-30T08:26:34.856+0000] {processor.py:836} INFO - DAG(s) dict_keys(['example_sla_dag']) retrieved from /home/airflow/.local/lib/python3.7/site-packages/airflow/example_dags/example_sla_dag.py
[2024-03-30T08:26:34.910+0000] {logging_mixin.py:149} INFO - [2024-03-30T08:26:34.910+0000] {dag.py:2726} INFO - Sync 1 DAGs
[2024-03-30T08:26:34.950+0000] {logging_mixin.py:149} INFO - [2024-03-30T08:26:34.949+0000] {dag.py:3490} INFO - Setting next_dagrun for example_sla_dag to 2024-03-30T08:24:00+00:00, run_after=2024-03-30T08:26:00+00:00
[2024-03-30T08:26:35.000+0000] {processor.py:179} INFO - Processing /home/airflow/.local/lib/python3.7/site-packages/airflow/example_dags/example_sla_dag.py took 0.171 seconds
[2024-03-30T08:27:05.862+0000] {processor.py:157} INFO - Started process (PID=798) to work on /home/airflow/.local/lib/python3.7/site-packages/airflow/example_dags/example_sla_dag.py
[2024-03-30T08:27:05.863+0000] {processor.py:826} INFO - Processing file /home/airflow/.local/lib/python3.7/site-packages/airflow/example_dags/example_sla_dag.py for tasks to queue
[2024-03-30T08:27:05.864+0000] {logging_mixin.py:149} INFO - [2024-03-30T08:27:05.864+0000] {dagbag.py:541} INFO - Filling up the DagBag from /home/airflow/.local/lib/python3.7/site-packages/airflow/example_dags/example_sla_dag.py
[2024-03-30T08:27:05.873+0000] {processor.py:836} INFO - DAG(s) dict_keys(['example_sla_dag']) retrieved from /home/airflow/.local/lib/python3.7/site-packages/airflow/example_dags/example_sla_dag.py
[2024-03-30T08:27:05.917+0000] {logging_mixin.py:149} INFO - [2024-03-30T08:27:05.917+0000] {dag.py:2726} INFO - Sync 1 DAGs
[2024-03-30T08:27:05.950+0000] {logging_mixin.py:149} INFO - [2024-03-30T08:27:05.950+0000] {dag.py:3490} INFO - Setting next_dagrun for example_sla_dag to 2024-03-30T08:24:00+00:00, run_after=2024-03-30T08:26:00+00:00
[2024-03-30T08:27:05.990+0000] {processor.py:179} INFO - Processing /home/airflow/.local/lib/python3.7/site-packages/airflow/example_dags/example_sla_dag.py took 0.131 seconds
[2024-03-30T08:27:36.442+0000] {processor.py:157} INFO - Started process (PID=858) to work on /home/airflow/.local/lib/python3.7/site-packages/airflow/example_dags/example_sla_dag.py
[2024-03-30T08:27:36.443+0000] {processor.py:826} INFO - Processing file /home/airflow/.local/lib/python3.7/site-packages/airflow/example_dags/example_sla_dag.py for tasks to queue
[2024-03-30T08:27:36.444+0000] {logging_mixin.py:149} INFO - [2024-03-30T08:27:36.444+0000] {dagbag.py:541} INFO - Filling up the DagBag from /home/airflow/.local/lib/python3.7/site-packages/airflow/example_dags/example_sla_dag.py
[2024-03-30T08:27:36.453+0000] {processor.py:836} INFO - DAG(s) dict_keys(['example_sla_dag']) retrieved from /home/airflow/.local/lib/python3.7/site-packages/airflow/example_dags/example_sla_dag.py
[2024-03-30T08:27:36.512+0000] {logging_mixin.py:149} INFO - [2024-03-30T08:27:36.512+0000] {dag.py:2726} INFO - Sync 1 DAGs
[2024-03-30T08:27:36.553+0000] {logging_mixin.py:149} INFO - [2024-03-30T08:27:36.553+0000] {dag.py:3490} INFO - Setting next_dagrun for example_sla_dag to 2024-03-30T08:24:00+00:00, run_after=2024-03-30T08:26:00+00:00
[2024-03-30T08:27:36.606+0000] {processor.py:179} INFO - Processing /home/airflow/.local/lib/python3.7/site-packages/airflow/example_dags/example_sla_dag.py took 0.168 seconds
[2024-03-30T08:28:06.895+0000] {processor.py:157} INFO - Started process (PID=919) to work on /home/airflow/.local/lib/python3.7/site-packages/airflow/example_dags/example_sla_dag.py
[2024-03-30T08:28:06.896+0000] {processor.py:826} INFO - Processing file /home/airflow/.local/lib/python3.7/site-packages/airflow/example_dags/example_sla_dag.py for tasks to queue
[2024-03-30T08:28:06.897+0000] {logging_mixin.py:149} INFO - [2024-03-30T08:28:06.897+0000] {dagbag.py:541} INFO - Filling up the DagBag from /home/airflow/.local/lib/python3.7/site-packages/airflow/example_dags/example_sla_dag.py
[2024-03-30T08:28:06.907+0000] {processor.py:836} INFO - DAG(s) dict_keys(['example_sla_dag']) retrieved from /home/airflow/.local/lib/python3.7/site-packages/airflow/example_dags/example_sla_dag.py
[2024-03-30T08:28:06.958+0000] {logging_mixin.py:149} INFO - [2024-03-30T08:28:06.958+0000] {dag.py:2726} INFO - Sync 1 DAGs
[2024-03-30T08:28:06.994+0000] {logging_mixin.py:149} INFO - [2024-03-30T08:28:06.994+0000] {dag.py:3490} INFO - Setting next_dagrun for example_sla_dag to 2024-03-30T08:26:00+00:00, run_after=2024-03-30T08:28:00+00:00
[2024-03-30T08:28:07.043+0000] {processor.py:179} INFO - Processing /home/airflow/.local/lib/python3.7/site-packages/airflow/example_dags/example_sla_dag.py took 0.152 seconds
[2024-03-30T08:28:37.425+0000] {processor.py:157} INFO - Started process (PID=980) to work on /home/airflow/.local/lib/python3.7/site-packages/airflow/example_dags/example_sla_dag.py
[2024-03-30T08:28:37.425+0000] {processor.py:826} INFO - Processing file /home/airflow/.local/lib/python3.7/site-packages/airflow/example_dags/example_sla_dag.py for tasks to queue
[2024-03-30T08:28:37.426+0000] {logging_mixin.py:149} INFO - [2024-03-30T08:28:37.426+0000] {dagbag.py:541} INFO - Filling up the DagBag from /home/airflow/.local/lib/python3.7/site-packages/airflow/example_dags/example_sla_dag.py
[2024-03-30T08:28:37.434+0000] {processor.py:836} INFO - DAG(s) dict_keys(['example_sla_dag']) retrieved from /home/airflow/.local/lib/python3.7/site-packages/airflow/example_dags/example_sla_dag.py
[2024-03-30T08:28:37.474+0000] {logging_mixin.py:149} INFO - [2024-03-30T08:28:37.474+0000] {dag.py:2726} INFO - Sync 1 DAGs
[2024-03-30T08:28:37.506+0000] {logging_mixin.py:149} INFO - [2024-03-30T08:28:37.506+0000] {dag.py:3490} INFO - Setting next_dagrun for example_sla_dag to 2024-03-30T08:26:00+00:00, run_after=2024-03-30T08:28:00+00:00
[2024-03-30T08:28:37.547+0000] {processor.py:179} INFO - Processing /home/airflow/.local/lib/python3.7/site-packages/airflow/example_dags/example_sla_dag.py took 0.125 seconds
