[2024-03-30T06:15:31.537+0000] {processor.py:157} INFO - Started process (PID=32) to work on /home/airflow/.local/lib/python3.7/site-packages/airflow/example_dags/example_params_ui_tutorial.py
[2024-03-30T06:15:31.538+0000] {processor.py:826} INFO - Processing file /home/airflow/.local/lib/python3.7/site-packages/airflow/example_dags/example_params_ui_tutorial.py for tasks to queue
[2024-03-30T06:15:31.539+0000] {logging_mixin.py:149} INFO - [2024-03-30T06:15:31.538+0000] {dagbag.py:541} INFO - Filling up the DagBag from /home/airflow/.local/lib/python3.7/site-packages/airflow/example_dags/example_params_ui_tutorial.py
[2024-03-30T06:15:31.710+0000] {processor.py:836} INFO - DAG(s) dict_keys(['example_params_ui_tutorial']) retrieved from /home/airflow/.local/lib/python3.7/site-packages/airflow/example_dags/example_params_ui_tutorial.py
[2024-03-30T06:15:31.744+0000] {logging_mixin.py:149} INFO - [2024-03-30T06:15:31.744+0000] {dag.py:2726} INFO - Sync 1 DAGs
[2024-03-30T06:15:31.767+0000] {logging_mixin.py:149} INFO - [2024-03-30T06:15:31.767+0000] {dag.py:3490} INFO - Setting next_dagrun for example_params_ui_tutorial to None, run_after=None
[2024-03-30T06:15:31.799+0000] {processor.py:179} INFO - Processing /home/airflow/.local/lib/python3.7/site-packages/airflow/example_dags/example_params_ui_tutorial.py took 0.265 seconds
[2024-03-30T06:16:02.453+0000] {processor.py:157} INFO - Started process (PID=91) to work on /home/airflow/.local/lib/python3.7/site-packages/airflow/example_dags/example_params_ui_tutorial.py
[2024-03-30T06:16:02.453+0000] {processor.py:826} INFO - Processing file /home/airflow/.local/lib/python3.7/site-packages/airflow/example_dags/example_params_ui_tutorial.py for tasks to queue
[2024-03-30T06:16:02.454+0000] {logging_mixin.py:149} INFO - [2024-03-30T06:16:02.454+0000] {dagbag.py:541} INFO - Filling up the DagBag from /home/airflow/.local/lib/python3.7/site-packages/airflow/example_dags/example_params_ui_tutorial.py
[2024-03-30T06:16:02.491+0000] {processor.py:836} INFO - DAG(s) dict_keys(['example_params_ui_tutorial']) retrieved from /home/airflow/.local/lib/python3.7/site-packages/airflow/example_dags/example_params_ui_tutorial.py
[2024-03-30T06:16:02.567+0000] {logging_mixin.py:149} INFO - [2024-03-30T06:16:02.567+0000] {dag.py:2726} INFO - Sync 1 DAGs
[2024-03-30T06:16:02.592+0000] {logging_mixin.py:149} INFO - [2024-03-30T06:16:02.591+0000] {dag.py:3490} INFO - Setting next_dagrun for example_params_ui_tutorial to None, run_after=None
[2024-03-30T06:16:02.623+0000] {processor.py:179} INFO - Processing /home/airflow/.local/lib/python3.7/site-packages/airflow/example_dags/example_params_ui_tutorial.py took 0.173 seconds
[2024-03-30T06:16:32.928+0000] {processor.py:157} INFO - Started process (PID=151) to work on /home/airflow/.local/lib/python3.7/site-packages/airflow/example_dags/example_params_ui_tutorial.py
[2024-03-30T06:16:32.930+0000] {processor.py:826} INFO - Processing file /home/airflow/.local/lib/python3.7/site-packages/airflow/example_dags/example_params_ui_tutorial.py for tasks to queue
[2024-03-30T06:16:32.931+0000] {logging_mixin.py:149} INFO - [2024-03-30T06:16:32.931+0000] {dagbag.py:541} INFO - Filling up the DagBag from /home/airflow/.local/lib/python3.7/site-packages/airflow/example_dags/example_params_ui_tutorial.py
[2024-03-30T06:16:32.974+0000] {processor.py:836} INFO - DAG(s) dict_keys(['example_params_ui_tutorial']) retrieved from /home/airflow/.local/lib/python3.7/site-packages/airflow/example_dags/example_params_ui_tutorial.py
[2024-03-30T06:16:33.050+0000] {logging_mixin.py:149} INFO - [2024-03-30T06:16:33.050+0000] {dag.py:2726} INFO - Sync 1 DAGs
[2024-03-30T06:16:33.124+0000] {logging_mixin.py:149} INFO - [2024-03-30T06:16:33.123+0000] {dag.py:3490} INFO - Setting next_dagrun for example_params_ui_tutorial to None, run_after=None
[2024-03-30T06:16:33.160+0000] {processor.py:179} INFO - Processing /home/airflow/.local/lib/python3.7/site-packages/airflow/example_dags/example_params_ui_tutorial.py took 0.235 seconds
[2024-03-30T06:17:03.361+0000] {processor.py:157} INFO - Started process (PID=211) to work on /home/airflow/.local/lib/python3.7/site-packages/airflow/example_dags/example_params_ui_tutorial.py
[2024-03-30T06:17:03.362+0000] {processor.py:826} INFO - Processing file /home/airflow/.local/lib/python3.7/site-packages/airflow/example_dags/example_params_ui_tutorial.py for tasks to queue
[2024-03-30T06:17:03.362+0000] {logging_mixin.py:149} INFO - [2024-03-30T06:17:03.362+0000] {dagbag.py:541} INFO - Filling up the DagBag from /home/airflow/.local/lib/python3.7/site-packages/airflow/example_dags/example_params_ui_tutorial.py
[2024-03-30T06:17:03.406+0000] {processor.py:836} INFO - DAG(s) dict_keys(['example_params_ui_tutorial']) retrieved from /home/airflow/.local/lib/python3.7/site-packages/airflow/example_dags/example_params_ui_tutorial.py
[2024-03-30T06:17:03.480+0000] {logging_mixin.py:149} INFO - [2024-03-30T06:17:03.480+0000] {dag.py:2726} INFO - Sync 1 DAGs
[2024-03-30T06:17:03.552+0000] {logging_mixin.py:149} INFO - [2024-03-30T06:17:03.552+0000] {dag.py:3490} INFO - Setting next_dagrun for example_params_ui_tutorial to None, run_after=None
[2024-03-30T06:17:03.586+0000] {processor.py:179} INFO - Processing /home/airflow/.local/lib/python3.7/site-packages/airflow/example_dags/example_params_ui_tutorial.py took 0.228 seconds
[2024-03-30T06:17:33.876+0000] {processor.py:157} INFO - Started process (PID=271) to work on /home/airflow/.local/lib/python3.7/site-packages/airflow/example_dags/example_params_ui_tutorial.py
[2024-03-30T06:17:33.878+0000] {processor.py:826} INFO - Processing file /home/airflow/.local/lib/python3.7/site-packages/airflow/example_dags/example_params_ui_tutorial.py for tasks to queue
[2024-03-30T06:17:33.878+0000] {logging_mixin.py:149} INFO - [2024-03-30T06:17:33.878+0000] {dagbag.py:541} INFO - Filling up the DagBag from /home/airflow/.local/lib/python3.7/site-packages/airflow/example_dags/example_params_ui_tutorial.py
[2024-03-30T06:17:33.919+0000] {processor.py:836} INFO - DAG(s) dict_keys(['example_params_ui_tutorial']) retrieved from /home/airflow/.local/lib/python3.7/site-packages/airflow/example_dags/example_params_ui_tutorial.py
[2024-03-30T06:17:34.000+0000] {logging_mixin.py:149} INFO - [2024-03-30T06:17:33.999+0000] {dag.py:2726} INFO - Sync 1 DAGs
[2024-03-30T06:17:34.025+0000] {logging_mixin.py:149} INFO - [2024-03-30T06:17:34.024+0000] {dag.py:3490} INFO - Setting next_dagrun for example_params_ui_tutorial to None, run_after=None
[2024-03-30T06:17:34.058+0000] {processor.py:179} INFO - Processing /home/airflow/.local/lib/python3.7/site-packages/airflow/example_dags/example_params_ui_tutorial.py took 0.185 seconds
[2024-03-30T06:18:04.286+0000] {processor.py:157} INFO - Started process (PID=331) to work on /home/airflow/.local/lib/python3.7/site-packages/airflow/example_dags/example_params_ui_tutorial.py
[2024-03-30T06:18:04.287+0000] {processor.py:826} INFO - Processing file /home/airflow/.local/lib/python3.7/site-packages/airflow/example_dags/example_params_ui_tutorial.py for tasks to queue
[2024-03-30T06:18:04.288+0000] {logging_mixin.py:149} INFO - [2024-03-30T06:18:04.287+0000] {dagbag.py:541} INFO - Filling up the DagBag from /home/airflow/.local/lib/python3.7/site-packages/airflow/example_dags/example_params_ui_tutorial.py
[2024-03-30T06:18:04.337+0000] {processor.py:836} INFO - DAG(s) dict_keys(['example_params_ui_tutorial']) retrieved from /home/airflow/.local/lib/python3.7/site-packages/airflow/example_dags/example_params_ui_tutorial.py
[2024-03-30T06:18:04.427+0000] {logging_mixin.py:149} INFO - [2024-03-30T06:18:04.426+0000] {dag.py:2726} INFO - Sync 1 DAGs
[2024-03-30T06:18:04.453+0000] {logging_mixin.py:149} INFO - [2024-03-30T06:18:04.453+0000] {dag.py:3490} INFO - Setting next_dagrun for example_params_ui_tutorial to None, run_after=None
[2024-03-30T06:18:04.488+0000] {processor.py:179} INFO - Processing /home/airflow/.local/lib/python3.7/site-packages/airflow/example_dags/example_params_ui_tutorial.py took 0.206 seconds
[2024-03-30T06:18:34.551+0000] {processor.py:157} INFO - Started process (PID=392) to work on /home/airflow/.local/lib/python3.7/site-packages/airflow/example_dags/example_params_ui_tutorial.py
[2024-03-30T06:18:34.553+0000] {processor.py:826} INFO - Processing file /home/airflow/.local/lib/python3.7/site-packages/airflow/example_dags/example_params_ui_tutorial.py for tasks to queue
[2024-03-30T06:18:34.554+0000] {logging_mixin.py:149} INFO - [2024-03-30T06:18:34.554+0000] {dagbag.py:541} INFO - Filling up the DagBag from /home/airflow/.local/lib/python3.7/site-packages/airflow/example_dags/example_params_ui_tutorial.py
[2024-03-30T06:18:34.603+0000] {processor.py:836} INFO - DAG(s) dict_keys(['example_params_ui_tutorial']) retrieved from /home/airflow/.local/lib/python3.7/site-packages/airflow/example_dags/example_params_ui_tutorial.py
[2024-03-30T06:18:34.696+0000] {logging_mixin.py:149} INFO - [2024-03-30T06:18:34.696+0000] {dag.py:2726} INFO - Sync 1 DAGs
[2024-03-30T06:18:34.779+0000] {logging_mixin.py:149} INFO - [2024-03-30T06:18:34.779+0000] {dag.py:3490} INFO - Setting next_dagrun for example_params_ui_tutorial to None, run_after=None
[2024-03-30T06:18:34.821+0000] {processor.py:179} INFO - Processing /home/airflow/.local/lib/python3.7/site-packages/airflow/example_dags/example_params_ui_tutorial.py took 0.273 seconds
[2024-03-30T06:19:04.887+0000] {processor.py:157} INFO - Started process (PID=452) to work on /home/airflow/.local/lib/python3.7/site-packages/airflow/example_dags/example_params_ui_tutorial.py
[2024-03-30T06:19:04.887+0000] {processor.py:826} INFO - Processing file /home/airflow/.local/lib/python3.7/site-packages/airflow/example_dags/example_params_ui_tutorial.py for tasks to queue
[2024-03-30T06:19:04.888+0000] {logging_mixin.py:149} INFO - [2024-03-30T06:19:04.888+0000] {dagbag.py:541} INFO - Filling up the DagBag from /home/airflow/.local/lib/python3.7/site-packages/airflow/example_dags/example_params_ui_tutorial.py
[2024-03-30T06:19:04.937+0000] {processor.py:836} INFO - DAG(s) dict_keys(['example_params_ui_tutorial']) retrieved from /home/airflow/.local/lib/python3.7/site-packages/airflow/example_dags/example_params_ui_tutorial.py
[2024-03-30T06:19:05.020+0000] {logging_mixin.py:149} INFO - [2024-03-30T06:19:05.020+0000] {dag.py:2726} INFO - Sync 1 DAGs
[2024-03-30T06:19:05.087+0000] {logging_mixin.py:149} INFO - [2024-03-30T06:19:05.087+0000] {dag.py:3490} INFO - Setting next_dagrun for example_params_ui_tutorial to None, run_after=None
[2024-03-30T06:19:05.127+0000] {processor.py:179} INFO - Processing /home/airflow/.local/lib/python3.7/site-packages/airflow/example_dags/example_params_ui_tutorial.py took 0.243 seconds
[2024-03-30T06:19:36.051+0000] {processor.py:157} INFO - Started process (PID=513) to work on /home/airflow/.local/lib/python3.7/site-packages/airflow/example_dags/example_params_ui_tutorial.py
[2024-03-30T06:19:36.052+0000] {processor.py:826} INFO - Processing file /home/airflow/.local/lib/python3.7/site-packages/airflow/example_dags/example_params_ui_tutorial.py for tasks to queue
[2024-03-30T06:19:36.053+0000] {logging_mixin.py:149} INFO - [2024-03-30T06:19:36.053+0000] {dagbag.py:541} INFO - Filling up the DagBag from /home/airflow/.local/lib/python3.7/site-packages/airflow/example_dags/example_params_ui_tutorial.py
[2024-03-30T06:19:36.094+0000] {processor.py:836} INFO - DAG(s) dict_keys(['example_params_ui_tutorial']) retrieved from /home/airflow/.local/lib/python3.7/site-packages/airflow/example_dags/example_params_ui_tutorial.py
[2024-03-30T06:19:36.172+0000] {logging_mixin.py:149} INFO - [2024-03-30T06:19:36.172+0000] {dag.py:2726} INFO - Sync 1 DAGs
[2024-03-30T06:19:36.197+0000] {logging_mixin.py:149} INFO - [2024-03-30T06:19:36.197+0000] {dag.py:3490} INFO - Setting next_dagrun for example_params_ui_tutorial to None, run_after=None
[2024-03-30T06:19:36.231+0000] {processor.py:179} INFO - Processing /home/airflow/.local/lib/python3.7/site-packages/airflow/example_dags/example_params_ui_tutorial.py took 0.182 seconds
[2024-03-30T06:20:06.246+0000] {processor.py:157} INFO - Started process (PID=573) to work on /home/airflow/.local/lib/python3.7/site-packages/airflow/example_dags/example_params_ui_tutorial.py
[2024-03-30T06:20:06.246+0000] {processor.py:826} INFO - Processing file /home/airflow/.local/lib/python3.7/site-packages/airflow/example_dags/example_params_ui_tutorial.py for tasks to queue
[2024-03-30T06:20:06.247+0000] {logging_mixin.py:149} INFO - [2024-03-30T06:20:06.247+0000] {dagbag.py:541} INFO - Filling up the DagBag from /home/airflow/.local/lib/python3.7/site-packages/airflow/example_dags/example_params_ui_tutorial.py
[2024-03-30T06:20:06.285+0000] {processor.py:836} INFO - DAG(s) dict_keys(['example_params_ui_tutorial']) retrieved from /home/airflow/.local/lib/python3.7/site-packages/airflow/example_dags/example_params_ui_tutorial.py
[2024-03-30T06:20:06.357+0000] {logging_mixin.py:149} INFO - [2024-03-30T06:20:06.357+0000] {dag.py:2726} INFO - Sync 1 DAGs
[2024-03-30T06:20:06.384+0000] {logging_mixin.py:149} INFO - [2024-03-30T06:20:06.384+0000] {dag.py:3490} INFO - Setting next_dagrun for example_params_ui_tutorial to None, run_after=None
[2024-03-30T06:20:06.418+0000] {processor.py:179} INFO - Processing /home/airflow/.local/lib/python3.7/site-packages/airflow/example_dags/example_params_ui_tutorial.py took 0.175 seconds
[2024-03-30T06:20:36.852+0000] {processor.py:157} INFO - Started process (PID=634) to work on /home/airflow/.local/lib/python3.7/site-packages/airflow/example_dags/example_params_ui_tutorial.py
[2024-03-30T06:20:36.854+0000] {processor.py:826} INFO - Processing file /home/airflow/.local/lib/python3.7/site-packages/airflow/example_dags/example_params_ui_tutorial.py for tasks to queue
[2024-03-30T06:20:36.855+0000] {logging_mixin.py:149} INFO - [2024-03-30T06:20:36.855+0000] {dagbag.py:541} INFO - Filling up the DagBag from /home/airflow/.local/lib/python3.7/site-packages/airflow/example_dags/example_params_ui_tutorial.py
[2024-03-30T06:20:36.897+0000] {processor.py:836} INFO - DAG(s) dict_keys(['example_params_ui_tutorial']) retrieved from /home/airflow/.local/lib/python3.7/site-packages/airflow/example_dags/example_params_ui_tutorial.py
[2024-03-30T06:20:36.973+0000] {logging_mixin.py:149} INFO - [2024-03-30T06:20:36.973+0000] {dag.py:2726} INFO - Sync 1 DAGs
[2024-03-30T06:20:37.054+0000] {logging_mixin.py:149} INFO - [2024-03-30T06:20:37.054+0000] {dag.py:3490} INFO - Setting next_dagrun for example_params_ui_tutorial to None, run_after=None
[2024-03-30T06:20:37.088+0000] {processor.py:179} INFO - Processing /home/airflow/.local/lib/python3.7/site-packages/airflow/example_dags/example_params_ui_tutorial.py took 0.238 seconds
[2024-03-30T06:21:07.946+0000] {processor.py:157} INFO - Started process (PID=695) to work on /home/airflow/.local/lib/python3.7/site-packages/airflow/example_dags/example_params_ui_tutorial.py
[2024-03-30T06:21:07.947+0000] {processor.py:826} INFO - Processing file /home/airflow/.local/lib/python3.7/site-packages/airflow/example_dags/example_params_ui_tutorial.py for tasks to queue
[2024-03-30T06:21:07.947+0000] {logging_mixin.py:149} INFO - [2024-03-30T06:21:07.947+0000] {dagbag.py:541} INFO - Filling up the DagBag from /home/airflow/.local/lib/python3.7/site-packages/airflow/example_dags/example_params_ui_tutorial.py
[2024-03-30T06:21:07.988+0000] {processor.py:836} INFO - DAG(s) dict_keys(['example_params_ui_tutorial']) retrieved from /home/airflow/.local/lib/python3.7/site-packages/airflow/example_dags/example_params_ui_tutorial.py
[2024-03-30T06:21:08.060+0000] {logging_mixin.py:149} INFO - [2024-03-30T06:21:08.060+0000] {dag.py:2726} INFO - Sync 1 DAGs
[2024-03-30T06:21:08.084+0000] {logging_mixin.py:149} INFO - [2024-03-30T06:21:08.084+0000] {dag.py:3490} INFO - Setting next_dagrun for example_params_ui_tutorial to None, run_after=None
[2024-03-30T06:21:08.117+0000] {processor.py:179} INFO - Processing /home/airflow/.local/lib/python3.7/site-packages/airflow/example_dags/example_params_ui_tutorial.py took 0.174 seconds
[2024-03-30T06:21:38.480+0000] {processor.py:157} INFO - Started process (PID=756) to work on /home/airflow/.local/lib/python3.7/site-packages/airflow/example_dags/example_params_ui_tutorial.py
[2024-03-30T06:21:38.482+0000] {processor.py:826} INFO - Processing file /home/airflow/.local/lib/python3.7/site-packages/airflow/example_dags/example_params_ui_tutorial.py for tasks to queue
[2024-03-30T06:21:38.482+0000] {logging_mixin.py:149} INFO - [2024-03-30T06:21:38.482+0000] {dagbag.py:541} INFO - Filling up the DagBag from /home/airflow/.local/lib/python3.7/site-packages/airflow/example_dags/example_params_ui_tutorial.py
[2024-03-30T06:21:38.522+0000] {processor.py:836} INFO - DAG(s) dict_keys(['example_params_ui_tutorial']) retrieved from /home/airflow/.local/lib/python3.7/site-packages/airflow/example_dags/example_params_ui_tutorial.py
[2024-03-30T06:21:38.589+0000] {logging_mixin.py:149} INFO - [2024-03-30T06:21:38.588+0000] {dag.py:2726} INFO - Sync 1 DAGs
[2024-03-30T06:21:38.615+0000] {logging_mixin.py:149} INFO - [2024-03-30T06:21:38.615+0000] {dag.py:3490} INFO - Setting next_dagrun for example_params_ui_tutorial to None, run_after=None
[2024-03-30T06:21:38.650+0000] {processor.py:179} INFO - Processing /home/airflow/.local/lib/python3.7/site-packages/airflow/example_dags/example_params_ui_tutorial.py took 0.173 seconds
[2024-03-30T06:22:08.724+0000] {processor.py:157} INFO - Started process (PID=817) to work on /home/airflow/.local/lib/python3.7/site-packages/airflow/example_dags/example_params_ui_tutorial.py
[2024-03-30T06:22:08.725+0000] {processor.py:826} INFO - Processing file /home/airflow/.local/lib/python3.7/site-packages/airflow/example_dags/example_params_ui_tutorial.py for tasks to queue
[2024-03-30T06:22:08.725+0000] {logging_mixin.py:149} INFO - [2024-03-30T06:22:08.725+0000] {dagbag.py:541} INFO - Filling up the DagBag from /home/airflow/.local/lib/python3.7/site-packages/airflow/example_dags/example_params_ui_tutorial.py
[2024-03-30T06:22:08.774+0000] {processor.py:836} INFO - DAG(s) dict_keys(['example_params_ui_tutorial']) retrieved from /home/airflow/.local/lib/python3.7/site-packages/airflow/example_dags/example_params_ui_tutorial.py
[2024-03-30T06:22:08.865+0000] {logging_mixin.py:149} INFO - [2024-03-30T06:22:08.864+0000] {dag.py:2726} INFO - Sync 1 DAGs
[2024-03-30T06:22:08.891+0000] {logging_mixin.py:149} INFO - [2024-03-30T06:22:08.891+0000] {dag.py:3490} INFO - Setting next_dagrun for example_params_ui_tutorial to None, run_after=None
[2024-03-30T06:22:08.927+0000] {processor.py:179} INFO - Processing /home/airflow/.local/lib/python3.7/site-packages/airflow/example_dags/example_params_ui_tutorial.py took 0.205 seconds
[2024-03-30T06:22:39.355+0000] {processor.py:157} INFO - Started process (PID=879) to work on /home/airflow/.local/lib/python3.7/site-packages/airflow/example_dags/example_params_ui_tutorial.py
[2024-03-30T06:22:39.357+0000] {processor.py:826} INFO - Processing file /home/airflow/.local/lib/python3.7/site-packages/airflow/example_dags/example_params_ui_tutorial.py for tasks to queue
[2024-03-30T06:22:39.358+0000] {logging_mixin.py:149} INFO - [2024-03-30T06:22:39.358+0000] {dagbag.py:541} INFO - Filling up the DagBag from /home/airflow/.local/lib/python3.7/site-packages/airflow/example_dags/example_params_ui_tutorial.py
[2024-03-30T06:22:39.405+0000] {processor.py:836} INFO - DAG(s) dict_keys(['example_params_ui_tutorial']) retrieved from /home/airflow/.local/lib/python3.7/site-packages/airflow/example_dags/example_params_ui_tutorial.py
[2024-03-30T06:22:39.489+0000] {logging_mixin.py:149} INFO - [2024-03-30T06:22:39.489+0000] {dag.py:2726} INFO - Sync 1 DAGs
[2024-03-30T06:22:39.520+0000] {logging_mixin.py:149} INFO - [2024-03-30T06:22:39.519+0000] {dag.py:3490} INFO - Setting next_dagrun for example_params_ui_tutorial to None, run_after=None
[2024-03-30T06:22:39.561+0000] {processor.py:179} INFO - Processing /home/airflow/.local/lib/python3.7/site-packages/airflow/example_dags/example_params_ui_tutorial.py took 0.209 seconds
[2024-03-30T06:23:09.674+0000] {processor.py:157} INFO - Started process (PID=940) to work on /home/airflow/.local/lib/python3.7/site-packages/airflow/example_dags/example_params_ui_tutorial.py
[2024-03-30T06:23:09.674+0000] {processor.py:826} INFO - Processing file /home/airflow/.local/lib/python3.7/site-packages/airflow/example_dags/example_params_ui_tutorial.py for tasks to queue
[2024-03-30T06:23:09.675+0000] {logging_mixin.py:149} INFO - [2024-03-30T06:23:09.675+0000] {dagbag.py:541} INFO - Filling up the DagBag from /home/airflow/.local/lib/python3.7/site-packages/airflow/example_dags/example_params_ui_tutorial.py
[2024-03-30T06:23:09.716+0000] {processor.py:836} INFO - DAG(s) dict_keys(['example_params_ui_tutorial']) retrieved from /home/airflow/.local/lib/python3.7/site-packages/airflow/example_dags/example_params_ui_tutorial.py
[2024-03-30T06:23:09.794+0000] {logging_mixin.py:149} INFO - [2024-03-30T06:23:09.794+0000] {dag.py:2726} INFO - Sync 1 DAGs
[2024-03-30T06:23:09.860+0000] {logging_mixin.py:149} INFO - [2024-03-30T06:23:09.860+0000] {dag.py:3490} INFO - Setting next_dagrun for example_params_ui_tutorial to None, run_after=None
[2024-03-30T06:23:09.895+0000] {processor.py:179} INFO - Processing /home/airflow/.local/lib/python3.7/site-packages/airflow/example_dags/example_params_ui_tutorial.py took 0.224 seconds
[2024-03-30T06:23:40.040+0000] {processor.py:157} INFO - Started process (PID=1001) to work on /home/airflow/.local/lib/python3.7/site-packages/airflow/example_dags/example_params_ui_tutorial.py
[2024-03-30T06:23:40.041+0000] {processor.py:826} INFO - Processing file /home/airflow/.local/lib/python3.7/site-packages/airflow/example_dags/example_params_ui_tutorial.py for tasks to queue
[2024-03-30T06:23:40.042+0000] {logging_mixin.py:149} INFO - [2024-03-30T06:23:40.042+0000] {dagbag.py:541} INFO - Filling up the DagBag from /home/airflow/.local/lib/python3.7/site-packages/airflow/example_dags/example_params_ui_tutorial.py
[2024-03-30T06:23:40.080+0000] {processor.py:836} INFO - DAG(s) dict_keys(['example_params_ui_tutorial']) retrieved from /home/airflow/.local/lib/python3.7/site-packages/airflow/example_dags/example_params_ui_tutorial.py
[2024-03-30T06:23:40.152+0000] {logging_mixin.py:149} INFO - [2024-03-30T06:23:40.152+0000] {dag.py:2726} INFO - Sync 1 DAGs
[2024-03-30T06:23:40.177+0000] {logging_mixin.py:149} INFO - [2024-03-30T06:23:40.177+0000] {dag.py:3490} INFO - Setting next_dagrun for example_params_ui_tutorial to None, run_after=None
[2024-03-30T06:23:40.211+0000] {processor.py:179} INFO - Processing /home/airflow/.local/lib/python3.7/site-packages/airflow/example_dags/example_params_ui_tutorial.py took 0.174 seconds
[2024-03-30T06:24:10.437+0000] {processor.py:157} INFO - Started process (PID=1062) to work on /home/airflow/.local/lib/python3.7/site-packages/airflow/example_dags/example_params_ui_tutorial.py
[2024-03-30T06:24:10.438+0000] {processor.py:826} INFO - Processing file /home/airflow/.local/lib/python3.7/site-packages/airflow/example_dags/example_params_ui_tutorial.py for tasks to queue
[2024-03-30T06:24:10.438+0000] {logging_mixin.py:149} INFO - [2024-03-30T06:24:10.438+0000] {dagbag.py:541} INFO - Filling up the DagBag from /home/airflow/.local/lib/python3.7/site-packages/airflow/example_dags/example_params_ui_tutorial.py
[2024-03-30T06:24:10.477+0000] {processor.py:836} INFO - DAG(s) dict_keys(['example_params_ui_tutorial']) retrieved from /home/airflow/.local/lib/python3.7/site-packages/airflow/example_dags/example_params_ui_tutorial.py
[2024-03-30T06:24:10.552+0000] {logging_mixin.py:149} INFO - [2024-03-30T06:24:10.551+0000] {dag.py:2726} INFO - Sync 1 DAGs
[2024-03-30T06:24:10.580+0000] {logging_mixin.py:149} INFO - [2024-03-30T06:24:10.580+0000] {dag.py:3490} INFO - Setting next_dagrun for example_params_ui_tutorial to None, run_after=None
[2024-03-30T06:24:10.613+0000] {processor.py:179} INFO - Processing /home/airflow/.local/lib/python3.7/site-packages/airflow/example_dags/example_params_ui_tutorial.py took 0.178 seconds
[2024-03-30T06:24:40.793+0000] {processor.py:157} INFO - Started process (PID=1123) to work on /home/airflow/.local/lib/python3.7/site-packages/airflow/example_dags/example_params_ui_tutorial.py
[2024-03-30T06:24:40.794+0000] {processor.py:826} INFO - Processing file /home/airflow/.local/lib/python3.7/site-packages/airflow/example_dags/example_params_ui_tutorial.py for tasks to queue
[2024-03-30T06:24:40.795+0000] {logging_mixin.py:149} INFO - [2024-03-30T06:24:40.794+0000] {dagbag.py:541} INFO - Filling up the DagBag from /home/airflow/.local/lib/python3.7/site-packages/airflow/example_dags/example_params_ui_tutorial.py
[2024-03-30T06:24:40.833+0000] {processor.py:836} INFO - DAG(s) dict_keys(['example_params_ui_tutorial']) retrieved from /home/airflow/.local/lib/python3.7/site-packages/airflow/example_dags/example_params_ui_tutorial.py
[2024-03-30T06:24:40.909+0000] {logging_mixin.py:149} INFO - [2024-03-30T06:24:40.909+0000] {dag.py:2726} INFO - Sync 1 DAGs
[2024-03-30T06:24:40.991+0000] {logging_mixin.py:149} INFO - [2024-03-30T06:24:40.990+0000] {dag.py:3490} INFO - Setting next_dagrun for example_params_ui_tutorial to None, run_after=None
[2024-03-30T06:24:41.025+0000] {processor.py:179} INFO - Processing /home/airflow/.local/lib/python3.7/site-packages/airflow/example_dags/example_params_ui_tutorial.py took 0.235 seconds
[2024-03-30T06:25:11.222+0000] {processor.py:157} INFO - Started process (PID=1184) to work on /home/airflow/.local/lib/python3.7/site-packages/airflow/example_dags/example_params_ui_tutorial.py
[2024-03-30T06:25:11.223+0000] {processor.py:826} INFO - Processing file /home/airflow/.local/lib/python3.7/site-packages/airflow/example_dags/example_params_ui_tutorial.py for tasks to queue
[2024-03-30T06:25:11.223+0000] {logging_mixin.py:149} INFO - [2024-03-30T06:25:11.223+0000] {dagbag.py:541} INFO - Filling up the DagBag from /home/airflow/.local/lib/python3.7/site-packages/airflow/example_dags/example_params_ui_tutorial.py
[2024-03-30T06:25:11.267+0000] {processor.py:836} INFO - DAG(s) dict_keys(['example_params_ui_tutorial']) retrieved from /home/airflow/.local/lib/python3.7/site-packages/airflow/example_dags/example_params_ui_tutorial.py
[2024-03-30T06:25:11.342+0000] {logging_mixin.py:149} INFO - [2024-03-30T06:25:11.342+0000] {dag.py:2726} INFO - Sync 1 DAGs
[2024-03-30T06:25:11.366+0000] {logging_mixin.py:149} INFO - [2024-03-30T06:25:11.366+0000] {dag.py:3490} INFO - Setting next_dagrun for example_params_ui_tutorial to None, run_after=None
[2024-03-30T06:25:11.405+0000] {processor.py:179} INFO - Processing /home/airflow/.local/lib/python3.7/site-packages/airflow/example_dags/example_params_ui_tutorial.py took 0.186 seconds
[2024-03-30T06:25:41.642+0000] {processor.py:157} INFO - Started process (PID=1245) to work on /home/airflow/.local/lib/python3.7/site-packages/airflow/example_dags/example_params_ui_tutorial.py
[2024-03-30T06:25:41.644+0000] {processor.py:826} INFO - Processing file /home/airflow/.local/lib/python3.7/site-packages/airflow/example_dags/example_params_ui_tutorial.py for tasks to queue
[2024-03-30T06:25:41.644+0000] {logging_mixin.py:149} INFO - [2024-03-30T06:25:41.644+0000] {dagbag.py:541} INFO - Filling up the DagBag from /home/airflow/.local/lib/python3.7/site-packages/airflow/example_dags/example_params_ui_tutorial.py
[2024-03-30T06:25:41.684+0000] {processor.py:836} INFO - DAG(s) dict_keys(['example_params_ui_tutorial']) retrieved from /home/airflow/.local/lib/python3.7/site-packages/airflow/example_dags/example_params_ui_tutorial.py
[2024-03-30T06:25:41.763+0000] {logging_mixin.py:149} INFO - [2024-03-30T06:25:41.763+0000] {dag.py:2726} INFO - Sync 1 DAGs
[2024-03-30T06:25:41.787+0000] {logging_mixin.py:149} INFO - [2024-03-30T06:25:41.787+0000] {dag.py:3490} INFO - Setting next_dagrun for example_params_ui_tutorial to None, run_after=None
[2024-03-30T06:25:41.819+0000] {processor.py:179} INFO - Processing /home/airflow/.local/lib/python3.7/site-packages/airflow/example_dags/example_params_ui_tutorial.py took 0.180 seconds
[2024-03-30T06:26:11.971+0000] {processor.py:157} INFO - Started process (PID=1306) to work on /home/airflow/.local/lib/python3.7/site-packages/airflow/example_dags/example_params_ui_tutorial.py
[2024-03-30T06:26:11.972+0000] {processor.py:826} INFO - Processing file /home/airflow/.local/lib/python3.7/site-packages/airflow/example_dags/example_params_ui_tutorial.py for tasks to queue
[2024-03-30T06:26:11.973+0000] {logging_mixin.py:149} INFO - [2024-03-30T06:26:11.972+0000] {dagbag.py:541} INFO - Filling up the DagBag from /home/airflow/.local/lib/python3.7/site-packages/airflow/example_dags/example_params_ui_tutorial.py
[2024-03-30T06:26:12.012+0000] {processor.py:836} INFO - DAG(s) dict_keys(['example_params_ui_tutorial']) retrieved from /home/airflow/.local/lib/python3.7/site-packages/airflow/example_dags/example_params_ui_tutorial.py
[2024-03-30T06:26:12.085+0000] {logging_mixin.py:149} INFO - [2024-03-30T06:26:12.085+0000] {dag.py:2726} INFO - Sync 1 DAGs
[2024-03-30T06:26:12.111+0000] {logging_mixin.py:149} INFO - [2024-03-30T06:26:12.110+0000] {dag.py:3490} INFO - Setting next_dagrun for example_params_ui_tutorial to None, run_after=None
[2024-03-30T06:26:12.144+0000] {processor.py:179} INFO - Processing /home/airflow/.local/lib/python3.7/site-packages/airflow/example_dags/example_params_ui_tutorial.py took 0.175 seconds
[2024-03-30T06:26:42.187+0000] {processor.py:157} INFO - Started process (PID=1368) to work on /home/airflow/.local/lib/python3.7/site-packages/airflow/example_dags/example_params_ui_tutorial.py
[2024-03-30T06:26:42.189+0000] {processor.py:826} INFO - Processing file /home/airflow/.local/lib/python3.7/site-packages/airflow/example_dags/example_params_ui_tutorial.py for tasks to queue
[2024-03-30T06:26:42.190+0000] {logging_mixin.py:149} INFO - [2024-03-30T06:26:42.190+0000] {dagbag.py:541} INFO - Filling up the DagBag from /home/airflow/.local/lib/python3.7/site-packages/airflow/example_dags/example_params_ui_tutorial.py
[2024-03-30T06:26:42.234+0000] {processor.py:836} INFO - DAG(s) dict_keys(['example_params_ui_tutorial']) retrieved from /home/airflow/.local/lib/python3.7/site-packages/airflow/example_dags/example_params_ui_tutorial.py
[2024-03-30T06:26:42.305+0000] {logging_mixin.py:149} INFO - [2024-03-30T06:26:42.305+0000] {dag.py:2726} INFO - Sync 1 DAGs
[2024-03-30T06:26:42.330+0000] {logging_mixin.py:149} INFO - [2024-03-30T06:26:42.330+0000] {dag.py:3490} INFO - Setting next_dagrun for example_params_ui_tutorial to None, run_after=None
[2024-03-30T06:26:42.367+0000] {processor.py:179} INFO - Processing /home/airflow/.local/lib/python3.7/site-packages/airflow/example_dags/example_params_ui_tutorial.py took 0.182 seconds
[2024-03-30T06:27:12.812+0000] {processor.py:157} INFO - Started process (PID=1429) to work on /home/airflow/.local/lib/python3.7/site-packages/airflow/example_dags/example_params_ui_tutorial.py
[2024-03-30T06:27:12.812+0000] {processor.py:826} INFO - Processing file /home/airflow/.local/lib/python3.7/site-packages/airflow/example_dags/example_params_ui_tutorial.py for tasks to queue
[2024-03-30T06:27:12.813+0000] {logging_mixin.py:149} INFO - [2024-03-30T06:27:12.813+0000] {dagbag.py:541} INFO - Filling up the DagBag from /home/airflow/.local/lib/python3.7/site-packages/airflow/example_dags/example_params_ui_tutorial.py
[2024-03-30T06:27:12.852+0000] {processor.py:836} INFO - DAG(s) dict_keys(['example_params_ui_tutorial']) retrieved from /home/airflow/.local/lib/python3.7/site-packages/airflow/example_dags/example_params_ui_tutorial.py
[2024-03-30T06:27:12.925+0000] {logging_mixin.py:149} INFO - [2024-03-30T06:27:12.925+0000] {dag.py:2726} INFO - Sync 1 DAGs
[2024-03-30T06:27:12.949+0000] {logging_mixin.py:149} INFO - [2024-03-30T06:27:12.949+0000] {dag.py:3490} INFO - Setting next_dagrun for example_params_ui_tutorial to None, run_after=None
[2024-03-30T06:27:12.983+0000] {processor.py:179} INFO - Processing /home/airflow/.local/lib/python3.7/site-packages/airflow/example_dags/example_params_ui_tutorial.py took 0.175 seconds
[2024-03-30T06:27:43.375+0000] {processor.py:157} INFO - Started process (PID=1491) to work on /home/airflow/.local/lib/python3.7/site-packages/airflow/example_dags/example_params_ui_tutorial.py
[2024-03-30T06:27:43.377+0000] {processor.py:826} INFO - Processing file /home/airflow/.local/lib/python3.7/site-packages/airflow/example_dags/example_params_ui_tutorial.py for tasks to queue
[2024-03-30T06:27:43.378+0000] {logging_mixin.py:149} INFO - [2024-03-30T06:27:43.378+0000] {dagbag.py:541} INFO - Filling up the DagBag from /home/airflow/.local/lib/python3.7/site-packages/airflow/example_dags/example_params_ui_tutorial.py
[2024-03-30T06:27:43.416+0000] {processor.py:836} INFO - DAG(s) dict_keys(['example_params_ui_tutorial']) retrieved from /home/airflow/.local/lib/python3.7/site-packages/airflow/example_dags/example_params_ui_tutorial.py
[2024-03-30T06:27:43.492+0000] {logging_mixin.py:149} INFO - [2024-03-30T06:27:43.491+0000] {dag.py:2726} INFO - Sync 1 DAGs
[2024-03-30T06:27:43.517+0000] {logging_mixin.py:149} INFO - [2024-03-30T06:27:43.517+0000] {dag.py:3490} INFO - Setting next_dagrun for example_params_ui_tutorial to None, run_after=None
[2024-03-30T06:27:43.551+0000] {processor.py:179} INFO - Processing /home/airflow/.local/lib/python3.7/site-packages/airflow/example_dags/example_params_ui_tutorial.py took 0.180 seconds
[2024-03-30T06:28:13.698+0000] {processor.py:157} INFO - Started process (PID=1552) to work on /home/airflow/.local/lib/python3.7/site-packages/airflow/example_dags/example_params_ui_tutorial.py
[2024-03-30T06:28:13.698+0000] {processor.py:826} INFO - Processing file /home/airflow/.local/lib/python3.7/site-packages/airflow/example_dags/example_params_ui_tutorial.py for tasks to queue
[2024-03-30T06:28:13.699+0000] {logging_mixin.py:149} INFO - [2024-03-30T06:28:13.699+0000] {dagbag.py:541} INFO - Filling up the DagBag from /home/airflow/.local/lib/python3.7/site-packages/airflow/example_dags/example_params_ui_tutorial.py
[2024-03-30T06:28:13.738+0000] {processor.py:836} INFO - DAG(s) dict_keys(['example_params_ui_tutorial']) retrieved from /home/airflow/.local/lib/python3.7/site-packages/airflow/example_dags/example_params_ui_tutorial.py
[2024-03-30T06:28:13.805+0000] {logging_mixin.py:149} INFO - [2024-03-30T06:28:13.804+0000] {dag.py:2726} INFO - Sync 1 DAGs
[2024-03-30T06:28:13.829+0000] {logging_mixin.py:149} INFO - [2024-03-30T06:28:13.829+0000] {dag.py:3490} INFO - Setting next_dagrun for example_params_ui_tutorial to None, run_after=None
[2024-03-30T06:28:13.861+0000] {processor.py:179} INFO - Processing /home/airflow/.local/lib/python3.7/site-packages/airflow/example_dags/example_params_ui_tutorial.py took 0.166 seconds
[2024-03-30T06:28:44.084+0000] {processor.py:157} INFO - Started process (PID=1613) to work on /home/airflow/.local/lib/python3.7/site-packages/airflow/example_dags/example_params_ui_tutorial.py
[2024-03-30T06:28:44.085+0000] {processor.py:826} INFO - Processing file /home/airflow/.local/lib/python3.7/site-packages/airflow/example_dags/example_params_ui_tutorial.py for tasks to queue
[2024-03-30T06:28:44.086+0000] {logging_mixin.py:149} INFO - [2024-03-30T06:28:44.086+0000] {dagbag.py:541} INFO - Filling up the DagBag from /home/airflow/.local/lib/python3.7/site-packages/airflow/example_dags/example_params_ui_tutorial.py
[2024-03-30T06:28:44.124+0000] {processor.py:836} INFO - DAG(s) dict_keys(['example_params_ui_tutorial']) retrieved from /home/airflow/.local/lib/python3.7/site-packages/airflow/example_dags/example_params_ui_tutorial.py
[2024-03-30T06:28:44.197+0000] {logging_mixin.py:149} INFO - [2024-03-30T06:28:44.197+0000] {dag.py:2726} INFO - Sync 1 DAGs
[2024-03-30T06:28:44.221+0000] {logging_mixin.py:149} INFO - [2024-03-30T06:28:44.221+0000] {dag.py:3490} INFO - Setting next_dagrun for example_params_ui_tutorial to None, run_after=None
[2024-03-30T06:28:44.258+0000] {processor.py:179} INFO - Processing /home/airflow/.local/lib/python3.7/site-packages/airflow/example_dags/example_params_ui_tutorial.py took 0.176 seconds
[2024-03-30T06:29:14.717+0000] {processor.py:157} INFO - Started process (PID=1674) to work on /home/airflow/.local/lib/python3.7/site-packages/airflow/example_dags/example_params_ui_tutorial.py
[2024-03-30T06:29:14.720+0000] {processor.py:826} INFO - Processing file /home/airflow/.local/lib/python3.7/site-packages/airflow/example_dags/example_params_ui_tutorial.py for tasks to queue
[2024-03-30T06:29:14.720+0000] {logging_mixin.py:149} INFO - [2024-03-30T06:29:14.720+0000] {dagbag.py:541} INFO - Filling up the DagBag from /home/airflow/.local/lib/python3.7/site-packages/airflow/example_dags/example_params_ui_tutorial.py
[2024-03-30T06:29:14.760+0000] {processor.py:836} INFO - DAG(s) dict_keys(['example_params_ui_tutorial']) retrieved from /home/airflow/.local/lib/python3.7/site-packages/airflow/example_dags/example_params_ui_tutorial.py
[2024-03-30T06:29:14.834+0000] {logging_mixin.py:149} INFO - [2024-03-30T06:29:14.833+0000] {dag.py:2726} INFO - Sync 1 DAGs
[2024-03-30T06:29:14.861+0000] {logging_mixin.py:149} INFO - [2024-03-30T06:29:14.861+0000] {dag.py:3490} INFO - Setting next_dagrun for example_params_ui_tutorial to None, run_after=None
[2024-03-30T06:29:14.897+0000] {processor.py:179} INFO - Processing /home/airflow/.local/lib/python3.7/site-packages/airflow/example_dags/example_params_ui_tutorial.py took 0.182 seconds
[2024-03-30T06:29:45.075+0000] {processor.py:157} INFO - Started process (PID=1735) to work on /home/airflow/.local/lib/python3.7/site-packages/airflow/example_dags/example_params_ui_tutorial.py
[2024-03-30T06:29:45.077+0000] {processor.py:826} INFO - Processing file /home/airflow/.local/lib/python3.7/site-packages/airflow/example_dags/example_params_ui_tutorial.py for tasks to queue
[2024-03-30T06:29:45.077+0000] {logging_mixin.py:149} INFO - [2024-03-30T06:29:45.077+0000] {dagbag.py:541} INFO - Filling up the DagBag from /home/airflow/.local/lib/python3.7/site-packages/airflow/example_dags/example_params_ui_tutorial.py
[2024-03-30T06:29:45.118+0000] {processor.py:836} INFO - DAG(s) dict_keys(['example_params_ui_tutorial']) retrieved from /home/airflow/.local/lib/python3.7/site-packages/airflow/example_dags/example_params_ui_tutorial.py
[2024-03-30T06:29:45.193+0000] {logging_mixin.py:149} INFO - [2024-03-30T06:29:45.192+0000] {dag.py:2726} INFO - Sync 1 DAGs
[2024-03-30T06:29:45.217+0000] {logging_mixin.py:149} INFO - [2024-03-30T06:29:45.217+0000] {dag.py:3490} INFO - Setting next_dagrun for example_params_ui_tutorial to None, run_after=None
[2024-03-30T06:29:45.254+0000] {processor.py:179} INFO - Processing /home/airflow/.local/lib/python3.7/site-packages/airflow/example_dags/example_params_ui_tutorial.py took 0.182 seconds
[2024-03-30T06:30:15.789+0000] {processor.py:157} INFO - Started process (PID=1796) to work on /home/airflow/.local/lib/python3.7/site-packages/airflow/example_dags/example_params_ui_tutorial.py
[2024-03-30T06:30:15.792+0000] {processor.py:826} INFO - Processing file /home/airflow/.local/lib/python3.7/site-packages/airflow/example_dags/example_params_ui_tutorial.py for tasks to queue
[2024-03-30T06:30:15.793+0000] {logging_mixin.py:149} INFO - [2024-03-30T06:30:15.792+0000] {dagbag.py:541} INFO - Filling up the DagBag from /home/airflow/.local/lib/python3.7/site-packages/airflow/example_dags/example_params_ui_tutorial.py
[2024-03-30T06:30:15.835+0000] {processor.py:836} INFO - DAG(s) dict_keys(['example_params_ui_tutorial']) retrieved from /home/airflow/.local/lib/python3.7/site-packages/airflow/example_dags/example_params_ui_tutorial.py
[2024-03-30T06:30:15.906+0000] {logging_mixin.py:149} INFO - [2024-03-30T06:30:15.906+0000] {dag.py:2726} INFO - Sync 1 DAGs
[2024-03-30T06:30:15.930+0000] {logging_mixin.py:149} INFO - [2024-03-30T06:30:15.930+0000] {dag.py:3490} INFO - Setting next_dagrun for example_params_ui_tutorial to None, run_after=None
[2024-03-30T06:30:15.965+0000] {processor.py:179} INFO - Processing /home/airflow/.local/lib/python3.7/site-packages/airflow/example_dags/example_params_ui_tutorial.py took 0.178 seconds
[2024-03-30T06:30:46.196+0000] {processor.py:157} INFO - Started process (PID=1857) to work on /home/airflow/.local/lib/python3.7/site-packages/airflow/example_dags/example_params_ui_tutorial.py
[2024-03-30T06:30:46.197+0000] {processor.py:826} INFO - Processing file /home/airflow/.local/lib/python3.7/site-packages/airflow/example_dags/example_params_ui_tutorial.py for tasks to queue
[2024-03-30T06:30:46.197+0000] {logging_mixin.py:149} INFO - [2024-03-30T06:30:46.197+0000] {dagbag.py:541} INFO - Filling up the DagBag from /home/airflow/.local/lib/python3.7/site-packages/airflow/example_dags/example_params_ui_tutorial.py
[2024-03-30T06:30:46.237+0000] {processor.py:836} INFO - DAG(s) dict_keys(['example_params_ui_tutorial']) retrieved from /home/airflow/.local/lib/python3.7/site-packages/airflow/example_dags/example_params_ui_tutorial.py
[2024-03-30T06:30:46.317+0000] {logging_mixin.py:149} INFO - [2024-03-30T06:30:46.316+0000] {dag.py:2726} INFO - Sync 1 DAGs
[2024-03-30T06:30:46.347+0000] {logging_mixin.py:149} INFO - [2024-03-30T06:30:46.347+0000] {dag.py:3490} INFO - Setting next_dagrun for example_params_ui_tutorial to None, run_after=None
[2024-03-30T06:30:46.393+0000] {processor.py:179} INFO - Processing /home/airflow/.local/lib/python3.7/site-packages/airflow/example_dags/example_params_ui_tutorial.py took 0.199 seconds
[2024-03-30T06:31:16.981+0000] {processor.py:157} INFO - Started process (PID=1918) to work on /home/airflow/.local/lib/python3.7/site-packages/airflow/example_dags/example_params_ui_tutorial.py
[2024-03-30T06:31:16.982+0000] {processor.py:826} INFO - Processing file /home/airflow/.local/lib/python3.7/site-packages/airflow/example_dags/example_params_ui_tutorial.py for tasks to queue
[2024-03-30T06:31:16.983+0000] {logging_mixin.py:149} INFO - [2024-03-30T06:31:16.982+0000] {dagbag.py:541} INFO - Filling up the DagBag from /home/airflow/.local/lib/python3.7/site-packages/airflow/example_dags/example_params_ui_tutorial.py
[2024-03-30T06:31:17.029+0000] {processor.py:836} INFO - DAG(s) dict_keys(['example_params_ui_tutorial']) retrieved from /home/airflow/.local/lib/python3.7/site-packages/airflow/example_dags/example_params_ui_tutorial.py
[2024-03-30T06:31:17.118+0000] {logging_mixin.py:149} INFO - [2024-03-30T06:31:17.118+0000] {dag.py:2726} INFO - Sync 1 DAGs
[2024-03-30T06:31:17.152+0000] {logging_mixin.py:149} INFO - [2024-03-30T06:31:17.152+0000] {dag.py:3490} INFO - Setting next_dagrun for example_params_ui_tutorial to None, run_after=None
[2024-03-30T06:31:17.192+0000] {processor.py:179} INFO - Processing /home/airflow/.local/lib/python3.7/site-packages/airflow/example_dags/example_params_ui_tutorial.py took 0.214 seconds
[2024-03-30T08:20:53.532+0000] {processor.py:157} INFO - Started process (PID=32) to work on /home/airflow/.local/lib/python3.7/site-packages/airflow/example_dags/example_params_ui_tutorial.py
[2024-03-30T08:20:53.533+0000] {processor.py:826} INFO - Processing file /home/airflow/.local/lib/python3.7/site-packages/airflow/example_dags/example_params_ui_tutorial.py for tasks to queue
[2024-03-30T08:20:53.534+0000] {logging_mixin.py:149} INFO - [2024-03-30T08:20:53.534+0000] {dagbag.py:541} INFO - Filling up the DagBag from /home/airflow/.local/lib/python3.7/site-packages/airflow/example_dags/example_params_ui_tutorial.py
[2024-03-30T08:20:53.590+0000] {processor.py:836} INFO - DAG(s) dict_keys(['example_params_ui_tutorial']) retrieved from /home/airflow/.local/lib/python3.7/site-packages/airflow/example_dags/example_params_ui_tutorial.py
[2024-03-30T08:20:53.726+0000] {logging_mixin.py:149} INFO - [2024-03-30T08:20:53.726+0000] {dag.py:2726} INFO - Sync 1 DAGs
[2024-03-30T08:20:53.758+0000] {logging_mixin.py:149} INFO - [2024-03-30T08:20:53.758+0000] {dag.py:3490} INFO - Setting next_dagrun for example_params_ui_tutorial to None, run_after=None
[2024-03-30T08:20:53.802+0000] {processor.py:179} INFO - Processing /home/airflow/.local/lib/python3.7/site-packages/airflow/example_dags/example_params_ui_tutorial.py took 0.272 seconds
[2024-03-30T08:21:23.997+0000] {processor.py:157} INFO - Started process (PID=93) to work on /home/airflow/.local/lib/python3.7/site-packages/airflow/example_dags/example_params_ui_tutorial.py
[2024-03-30T08:21:23.998+0000] {processor.py:826} INFO - Processing file /home/airflow/.local/lib/python3.7/site-packages/airflow/example_dags/example_params_ui_tutorial.py for tasks to queue
[2024-03-30T08:21:23.999+0000] {logging_mixin.py:149} INFO - [2024-03-30T08:21:23.999+0000] {dagbag.py:541} INFO - Filling up the DagBag from /home/airflow/.local/lib/python3.7/site-packages/airflow/example_dags/example_params_ui_tutorial.py
[2024-03-30T08:21:24.053+0000] {processor.py:836} INFO - DAG(s) dict_keys(['example_params_ui_tutorial']) retrieved from /home/airflow/.local/lib/python3.7/site-packages/airflow/example_dags/example_params_ui_tutorial.py
[2024-03-30T08:21:24.173+0000] {logging_mixin.py:149} INFO - [2024-03-30T08:21:24.173+0000] {dag.py:2726} INFO - Sync 1 DAGs
[2024-03-30T08:21:24.229+0000] {logging_mixin.py:149} INFO - [2024-03-30T08:21:24.229+0000] {dag.py:3490} INFO - Setting next_dagrun for example_params_ui_tutorial to None, run_after=None
[2024-03-30T08:21:24.298+0000] {processor.py:179} INFO - Processing /home/airflow/.local/lib/python3.7/site-packages/airflow/example_dags/example_params_ui_tutorial.py took 0.307 seconds
[2024-03-30T08:21:54.373+0000] {processor.py:157} INFO - Started process (PID=155) to work on /home/airflow/.local/lib/python3.7/site-packages/airflow/example_dags/example_params_ui_tutorial.py
[2024-03-30T08:21:54.376+0000] {processor.py:826} INFO - Processing file /home/airflow/.local/lib/python3.7/site-packages/airflow/example_dags/example_params_ui_tutorial.py for tasks to queue
[2024-03-30T08:21:54.376+0000] {logging_mixin.py:149} INFO - [2024-03-30T08:21:54.376+0000] {dagbag.py:541} INFO - Filling up the DagBag from /home/airflow/.local/lib/python3.7/site-packages/airflow/example_dags/example_params_ui_tutorial.py
[2024-03-30T08:21:54.417+0000] {processor.py:836} INFO - DAG(s) dict_keys(['example_params_ui_tutorial']) retrieved from /home/airflow/.local/lib/python3.7/site-packages/airflow/example_dags/example_params_ui_tutorial.py
[2024-03-30T08:21:54.500+0000] {logging_mixin.py:149} INFO - [2024-03-30T08:21:54.499+0000] {dag.py:2726} INFO - Sync 1 DAGs
[2024-03-30T08:21:54.630+0000] {logging_mixin.py:149} INFO - [2024-03-30T08:21:54.630+0000] {dag.py:3490} INFO - Setting next_dagrun for example_params_ui_tutorial to None, run_after=None
[2024-03-30T08:21:54.664+0000] {processor.py:179} INFO - Processing /home/airflow/.local/lib/python3.7/site-packages/airflow/example_dags/example_params_ui_tutorial.py took 0.293 seconds
[2024-03-30T08:22:24.922+0000] {processor.py:157} INFO - Started process (PID=216) to work on /home/airflow/.local/lib/python3.7/site-packages/airflow/example_dags/example_params_ui_tutorial.py
[2024-03-30T08:22:24.923+0000] {processor.py:826} INFO - Processing file /home/airflow/.local/lib/python3.7/site-packages/airflow/example_dags/example_params_ui_tutorial.py for tasks to queue
[2024-03-30T08:22:24.923+0000] {logging_mixin.py:149} INFO - [2024-03-30T08:22:24.923+0000] {dagbag.py:541} INFO - Filling up the DagBag from /home/airflow/.local/lib/python3.7/site-packages/airflow/example_dags/example_params_ui_tutorial.py
[2024-03-30T08:22:25.121+0000] {processor.py:836} INFO - DAG(s) dict_keys(['example_params_ui_tutorial']) retrieved from /home/airflow/.local/lib/python3.7/site-packages/airflow/example_dags/example_params_ui_tutorial.py
[2024-03-30T08:22:25.213+0000] {logging_mixin.py:149} INFO - [2024-03-30T08:22:25.213+0000] {dag.py:2726} INFO - Sync 1 DAGs
[2024-03-30T08:22:25.258+0000] {logging_mixin.py:149} INFO - [2024-03-30T08:22:25.258+0000] {dag.py:3490} INFO - Setting next_dagrun for example_params_ui_tutorial to None, run_after=None
[2024-03-30T08:22:25.304+0000] {processor.py:179} INFO - Processing /home/airflow/.local/lib/python3.7/site-packages/airflow/example_dags/example_params_ui_tutorial.py took 0.386 seconds
[2024-03-30T08:22:56.202+0000] {processor.py:157} INFO - Started process (PID=277) to work on /home/airflow/.local/lib/python3.7/site-packages/airflow/example_dags/example_params_ui_tutorial.py
[2024-03-30T08:22:56.203+0000] {processor.py:826} INFO - Processing file /home/airflow/.local/lib/python3.7/site-packages/airflow/example_dags/example_params_ui_tutorial.py for tasks to queue
[2024-03-30T08:22:56.204+0000] {logging_mixin.py:149} INFO - [2024-03-30T08:22:56.204+0000] {dagbag.py:541} INFO - Filling up the DagBag from /home/airflow/.local/lib/python3.7/site-packages/airflow/example_dags/example_params_ui_tutorial.py
[2024-03-30T08:22:56.257+0000] {processor.py:836} INFO - DAG(s) dict_keys(['example_params_ui_tutorial']) retrieved from /home/airflow/.local/lib/python3.7/site-packages/airflow/example_dags/example_params_ui_tutorial.py
[2024-03-30T08:22:56.346+0000] {logging_mixin.py:149} INFO - [2024-03-30T08:22:56.346+0000] {dag.py:2726} INFO - Sync 1 DAGs
[2024-03-30T08:22:56.377+0000] {logging_mixin.py:149} INFO - [2024-03-30T08:22:56.377+0000] {dag.py:3490} INFO - Setting next_dagrun for example_params_ui_tutorial to None, run_after=None
[2024-03-30T08:22:56.420+0000] {processor.py:179} INFO - Processing /home/airflow/.local/lib/python3.7/site-packages/airflow/example_dags/example_params_ui_tutorial.py took 0.222 seconds
[2024-03-30T08:23:26.455+0000] {processor.py:157} INFO - Started process (PID=339) to work on /home/airflow/.local/lib/python3.7/site-packages/airflow/example_dags/example_params_ui_tutorial.py
[2024-03-30T08:23:26.456+0000] {processor.py:826} INFO - Processing file /home/airflow/.local/lib/python3.7/site-packages/airflow/example_dags/example_params_ui_tutorial.py for tasks to queue
[2024-03-30T08:23:26.457+0000] {logging_mixin.py:149} INFO - [2024-03-30T08:23:26.457+0000] {dagbag.py:541} INFO - Filling up the DagBag from /home/airflow/.local/lib/python3.7/site-packages/airflow/example_dags/example_params_ui_tutorial.py
[2024-03-30T08:23:26.510+0000] {processor.py:836} INFO - DAG(s) dict_keys(['example_params_ui_tutorial']) retrieved from /home/airflow/.local/lib/python3.7/site-packages/airflow/example_dags/example_params_ui_tutorial.py
[2024-03-30T08:23:26.603+0000] {logging_mixin.py:149} INFO - [2024-03-30T08:23:26.603+0000] {dag.py:2726} INFO - Sync 1 DAGs
[2024-03-30T08:23:26.639+0000] {logging_mixin.py:149} INFO - [2024-03-30T08:23:26.638+0000] {dag.py:3490} INFO - Setting next_dagrun for example_params_ui_tutorial to None, run_after=None
[2024-03-30T08:23:26.680+0000] {processor.py:179} INFO - Processing /home/airflow/.local/lib/python3.7/site-packages/airflow/example_dags/example_params_ui_tutorial.py took 0.229 seconds
[2024-03-30T08:23:56.738+0000] {processor.py:157} INFO - Started process (PID=400) to work on /home/airflow/.local/lib/python3.7/site-packages/airflow/example_dags/example_params_ui_tutorial.py
[2024-03-30T08:23:56.738+0000] {processor.py:826} INFO - Processing file /home/airflow/.local/lib/python3.7/site-packages/airflow/example_dags/example_params_ui_tutorial.py for tasks to queue
[2024-03-30T08:23:56.739+0000] {logging_mixin.py:149} INFO - [2024-03-30T08:23:56.739+0000] {dagbag.py:541} INFO - Filling up the DagBag from /home/airflow/.local/lib/python3.7/site-packages/airflow/example_dags/example_params_ui_tutorial.py
[2024-03-30T08:23:56.779+0000] {processor.py:836} INFO - DAG(s) dict_keys(['example_params_ui_tutorial']) retrieved from /home/airflow/.local/lib/python3.7/site-packages/airflow/example_dags/example_params_ui_tutorial.py
[2024-03-30T08:23:56.858+0000] {logging_mixin.py:149} INFO - [2024-03-30T08:23:56.858+0000] {dag.py:2726} INFO - Sync 1 DAGs
[2024-03-30T08:23:56.885+0000] {logging_mixin.py:149} INFO - [2024-03-30T08:23:56.885+0000] {dag.py:3490} INFO - Setting next_dagrun for example_params_ui_tutorial to None, run_after=None
[2024-03-30T08:23:56.933+0000] {processor.py:179} INFO - Processing /home/airflow/.local/lib/python3.7/site-packages/airflow/example_dags/example_params_ui_tutorial.py took 0.198 seconds
[2024-03-30T08:24:27.197+0000] {processor.py:157} INFO - Started process (PID=459) to work on /home/airflow/.local/lib/python3.7/site-packages/airflow/example_dags/example_params_ui_tutorial.py
[2024-03-30T08:24:27.198+0000] {processor.py:826} INFO - Processing file /home/airflow/.local/lib/python3.7/site-packages/airflow/example_dags/example_params_ui_tutorial.py for tasks to queue
[2024-03-30T08:24:27.199+0000] {logging_mixin.py:149} INFO - [2024-03-30T08:24:27.199+0000] {dagbag.py:541} INFO - Filling up the DagBag from /home/airflow/.local/lib/python3.7/site-packages/airflow/example_dags/example_params_ui_tutorial.py
[2024-03-30T08:24:27.247+0000] {processor.py:836} INFO - DAG(s) dict_keys(['example_params_ui_tutorial']) retrieved from /home/airflow/.local/lib/python3.7/site-packages/airflow/example_dags/example_params_ui_tutorial.py
[2024-03-30T08:24:27.348+0000] {logging_mixin.py:149} INFO - [2024-03-30T08:24:27.347+0000] {dag.py:2726} INFO - Sync 1 DAGs
[2024-03-30T08:24:27.424+0000] {logging_mixin.py:149} INFO - [2024-03-30T08:24:27.424+0000] {dag.py:3490} INFO - Setting next_dagrun for example_params_ui_tutorial to None, run_after=None
[2024-03-30T08:24:27.473+0000] {processor.py:179} INFO - Processing /home/airflow/.local/lib/python3.7/site-packages/airflow/example_dags/example_params_ui_tutorial.py took 0.279 seconds
[2024-03-30T08:24:57.684+0000] {processor.py:157} INFO - Started process (PID=520) to work on /home/airflow/.local/lib/python3.7/site-packages/airflow/example_dags/example_params_ui_tutorial.py
[2024-03-30T08:24:57.686+0000] {processor.py:826} INFO - Processing file /home/airflow/.local/lib/python3.7/site-packages/airflow/example_dags/example_params_ui_tutorial.py for tasks to queue
[2024-03-30T08:24:57.687+0000] {logging_mixin.py:149} INFO - [2024-03-30T08:24:57.687+0000] {dagbag.py:541} INFO - Filling up the DagBag from /home/airflow/.local/lib/python3.7/site-packages/airflow/example_dags/example_params_ui_tutorial.py
[2024-03-30T08:24:57.737+0000] {processor.py:836} INFO - DAG(s) dict_keys(['example_params_ui_tutorial']) retrieved from /home/airflow/.local/lib/python3.7/site-packages/airflow/example_dags/example_params_ui_tutorial.py
[2024-03-30T08:24:57.827+0000] {logging_mixin.py:149} INFO - [2024-03-30T08:24:57.827+0000] {dag.py:2726} INFO - Sync 1 DAGs
[2024-03-30T08:24:57.856+0000] {logging_mixin.py:149} INFO - [2024-03-30T08:24:57.856+0000] {dag.py:3490} INFO - Setting next_dagrun for example_params_ui_tutorial to None, run_after=None
[2024-03-30T08:24:57.902+0000] {processor.py:179} INFO - Processing /home/airflow/.local/lib/python3.7/site-packages/airflow/example_dags/example_params_ui_tutorial.py took 0.222 seconds
[2024-03-30T08:25:28.018+0000] {processor.py:157} INFO - Started process (PID=581) to work on /home/airflow/.local/lib/python3.7/site-packages/airflow/example_dags/example_params_ui_tutorial.py
[2024-03-30T08:25:28.018+0000] {processor.py:826} INFO - Processing file /home/airflow/.local/lib/python3.7/site-packages/airflow/example_dags/example_params_ui_tutorial.py for tasks to queue
[2024-03-30T08:25:28.019+0000] {logging_mixin.py:149} INFO - [2024-03-30T08:25:28.019+0000] {dagbag.py:541} INFO - Filling up the DagBag from /home/airflow/.local/lib/python3.7/site-packages/airflow/example_dags/example_params_ui_tutorial.py
[2024-03-30T08:25:28.069+0000] {processor.py:836} INFO - DAG(s) dict_keys(['example_params_ui_tutorial']) retrieved from /home/airflow/.local/lib/python3.7/site-packages/airflow/example_dags/example_params_ui_tutorial.py
[2024-03-30T08:25:28.166+0000] {logging_mixin.py:149} INFO - [2024-03-30T08:25:28.166+0000] {dag.py:2726} INFO - Sync 1 DAGs
[2024-03-30T08:25:28.194+0000] {logging_mixin.py:149} INFO - [2024-03-30T08:25:28.194+0000] {dag.py:3490} INFO - Setting next_dagrun for example_params_ui_tutorial to None, run_after=None
[2024-03-30T08:25:28.231+0000] {processor.py:179} INFO - Processing /home/airflow/.local/lib/python3.7/site-packages/airflow/example_dags/example_params_ui_tutorial.py took 0.218 seconds
[2024-03-30T08:25:58.358+0000] {processor.py:157} INFO - Started process (PID=644) to work on /home/airflow/.local/lib/python3.7/site-packages/airflow/example_dags/example_params_ui_tutorial.py
[2024-03-30T08:25:58.359+0000] {processor.py:826} INFO - Processing file /home/airflow/.local/lib/python3.7/site-packages/airflow/example_dags/example_params_ui_tutorial.py for tasks to queue
[2024-03-30T08:25:58.360+0000] {logging_mixin.py:149} INFO - [2024-03-30T08:25:58.360+0000] {dagbag.py:541} INFO - Filling up the DagBag from /home/airflow/.local/lib/python3.7/site-packages/airflow/example_dags/example_params_ui_tutorial.py
[2024-03-30T08:25:58.408+0000] {processor.py:836} INFO - DAG(s) dict_keys(['example_params_ui_tutorial']) retrieved from /home/airflow/.local/lib/python3.7/site-packages/airflow/example_dags/example_params_ui_tutorial.py
[2024-03-30T08:25:58.550+0000] {logging_mixin.py:149} INFO - [2024-03-30T08:25:58.549+0000] {dag.py:2726} INFO - Sync 1 DAGs
[2024-03-30T08:25:58.580+0000] {logging_mixin.py:149} INFO - [2024-03-30T08:25:58.580+0000] {dag.py:3490} INFO - Setting next_dagrun for example_params_ui_tutorial to None, run_after=None
[2024-03-30T08:25:58.626+0000] {processor.py:179} INFO - Processing /home/airflow/.local/lib/python3.7/site-packages/airflow/example_dags/example_params_ui_tutorial.py took 0.273 seconds
[2024-03-30T08:26:28.780+0000] {processor.py:157} INFO - Started process (PID=706) to work on /home/airflow/.local/lib/python3.7/site-packages/airflow/example_dags/example_params_ui_tutorial.py
[2024-03-30T08:26:28.780+0000] {processor.py:826} INFO - Processing file /home/airflow/.local/lib/python3.7/site-packages/airflow/example_dags/example_params_ui_tutorial.py for tasks to queue
[2024-03-30T08:26:28.781+0000] {logging_mixin.py:149} INFO - [2024-03-30T08:26:28.781+0000] {dagbag.py:541} INFO - Filling up the DagBag from /home/airflow/.local/lib/python3.7/site-packages/airflow/example_dags/example_params_ui_tutorial.py
[2024-03-30T08:26:28.819+0000] {processor.py:836} INFO - DAG(s) dict_keys(['example_params_ui_tutorial']) retrieved from /home/airflow/.local/lib/python3.7/site-packages/airflow/example_dags/example_params_ui_tutorial.py
[2024-03-30T08:26:28.893+0000] {logging_mixin.py:149} INFO - [2024-03-30T08:26:28.893+0000] {dag.py:2726} INFO - Sync 1 DAGs
[2024-03-30T08:26:28.918+0000] {logging_mixin.py:149} INFO - [2024-03-30T08:26:28.918+0000] {dag.py:3490} INFO - Setting next_dagrun for example_params_ui_tutorial to None, run_after=None
[2024-03-30T08:26:28.960+0000] {processor.py:179} INFO - Processing /home/airflow/.local/lib/python3.7/site-packages/airflow/example_dags/example_params_ui_tutorial.py took 0.184 seconds
[2024-03-30T08:26:58.989+0000] {processor.py:157} INFO - Started process (PID=765) to work on /home/airflow/.local/lib/python3.7/site-packages/airflow/example_dags/example_params_ui_tutorial.py
[2024-03-30T08:26:58.991+0000] {processor.py:826} INFO - Processing file /home/airflow/.local/lib/python3.7/site-packages/airflow/example_dags/example_params_ui_tutorial.py for tasks to queue
[2024-03-30T08:26:58.992+0000] {logging_mixin.py:149} INFO - [2024-03-30T08:26:58.992+0000] {dagbag.py:541} INFO - Filling up the DagBag from /home/airflow/.local/lib/python3.7/site-packages/airflow/example_dags/example_params_ui_tutorial.py
[2024-03-30T08:26:59.038+0000] {processor.py:836} INFO - DAG(s) dict_keys(['example_params_ui_tutorial']) retrieved from /home/airflow/.local/lib/python3.7/site-packages/airflow/example_dags/example_params_ui_tutorial.py
[2024-03-30T08:26:59.118+0000] {logging_mixin.py:149} INFO - [2024-03-30T08:26:59.118+0000] {dag.py:2726} INFO - Sync 1 DAGs
[2024-03-30T08:26:59.145+0000] {logging_mixin.py:149} INFO - [2024-03-30T08:26:59.145+0000] {dag.py:3490} INFO - Setting next_dagrun for example_params_ui_tutorial to None, run_after=None
[2024-03-30T08:26:59.181+0000] {processor.py:179} INFO - Processing /home/airflow/.local/lib/python3.7/site-packages/airflow/example_dags/example_params_ui_tutorial.py took 0.196 seconds
[2024-03-30T08:27:29.302+0000] {processor.py:157} INFO - Started process (PID=825) to work on /home/airflow/.local/lib/python3.7/site-packages/airflow/example_dags/example_params_ui_tutorial.py
[2024-03-30T08:27:29.302+0000] {processor.py:826} INFO - Processing file /home/airflow/.local/lib/python3.7/site-packages/airflow/example_dags/example_params_ui_tutorial.py for tasks to queue
[2024-03-30T08:27:29.303+0000] {logging_mixin.py:149} INFO - [2024-03-30T08:27:29.303+0000] {dagbag.py:541} INFO - Filling up the DagBag from /home/airflow/.local/lib/python3.7/site-packages/airflow/example_dags/example_params_ui_tutorial.py
[2024-03-30T08:27:29.352+0000] {processor.py:836} INFO - DAG(s) dict_keys(['example_params_ui_tutorial']) retrieved from /home/airflow/.local/lib/python3.7/site-packages/airflow/example_dags/example_params_ui_tutorial.py
[2024-03-30T08:27:29.432+0000] {logging_mixin.py:149} INFO - [2024-03-30T08:27:29.432+0000] {dag.py:2726} INFO - Sync 1 DAGs
[2024-03-30T08:27:29.460+0000] {logging_mixin.py:149} INFO - [2024-03-30T08:27:29.460+0000] {dag.py:3490} INFO - Setting next_dagrun for example_params_ui_tutorial to None, run_after=None
[2024-03-30T08:27:29.499+0000] {processor.py:179} INFO - Processing /home/airflow/.local/lib/python3.7/site-packages/airflow/example_dags/example_params_ui_tutorial.py took 0.200 seconds
[2024-03-30T08:27:59.575+0000] {processor.py:157} INFO - Started process (PID=886) to work on /home/airflow/.local/lib/python3.7/site-packages/airflow/example_dags/example_params_ui_tutorial.py
[2024-03-30T08:27:59.577+0000] {processor.py:826} INFO - Processing file /home/airflow/.local/lib/python3.7/site-packages/airflow/example_dags/example_params_ui_tutorial.py for tasks to queue
[2024-03-30T08:27:59.578+0000] {logging_mixin.py:149} INFO - [2024-03-30T08:27:59.578+0000] {dagbag.py:541} INFO - Filling up the DagBag from /home/airflow/.local/lib/python3.7/site-packages/airflow/example_dags/example_params_ui_tutorial.py
[2024-03-30T08:27:59.640+0000] {processor.py:836} INFO - DAG(s) dict_keys(['example_params_ui_tutorial']) retrieved from /home/airflow/.local/lib/python3.7/site-packages/airflow/example_dags/example_params_ui_tutorial.py
[2024-03-30T08:27:59.742+0000] {logging_mixin.py:149} INFO - [2024-03-30T08:27:59.742+0000] {dag.py:2726} INFO - Sync 1 DAGs
[2024-03-30T08:27:59.788+0000] {logging_mixin.py:149} INFO - [2024-03-30T08:27:59.788+0000] {dag.py:3490} INFO - Setting next_dagrun for example_params_ui_tutorial to None, run_after=None
[2024-03-30T08:27:59.843+0000] {processor.py:179} INFO - Processing /home/airflow/.local/lib/python3.7/site-packages/airflow/example_dags/example_params_ui_tutorial.py took 0.272 seconds
[2024-03-30T08:28:30.266+0000] {processor.py:157} INFO - Started process (PID=947) to work on /home/airflow/.local/lib/python3.7/site-packages/airflow/example_dags/example_params_ui_tutorial.py
[2024-03-30T08:28:30.267+0000] {processor.py:826} INFO - Processing file /home/airflow/.local/lib/python3.7/site-packages/airflow/example_dags/example_params_ui_tutorial.py for tasks to queue
[2024-03-30T08:28:30.267+0000] {logging_mixin.py:149} INFO - [2024-03-30T08:28:30.267+0000] {dagbag.py:541} INFO - Filling up the DagBag from /home/airflow/.local/lib/python3.7/site-packages/airflow/example_dags/example_params_ui_tutorial.py
[2024-03-30T08:28:30.313+0000] {processor.py:836} INFO - DAG(s) dict_keys(['example_params_ui_tutorial']) retrieved from /home/airflow/.local/lib/python3.7/site-packages/airflow/example_dags/example_params_ui_tutorial.py
[2024-03-30T08:28:30.409+0000] {logging_mixin.py:149} INFO - [2024-03-30T08:28:30.408+0000] {dag.py:2726} INFO - Sync 1 DAGs
[2024-03-30T08:28:30.443+0000] {logging_mixin.py:149} INFO - [2024-03-30T08:28:30.443+0000] {dag.py:3490} INFO - Setting next_dagrun for example_params_ui_tutorial to None, run_after=None
[2024-03-30T08:28:30.485+0000] {processor.py:179} INFO - Processing /home/airflow/.local/lib/python3.7/site-packages/airflow/example_dags/example_params_ui_tutorial.py took 0.222 seconds
