[2024-03-30T06:15:35.445+0000] {processor.py:157} INFO - Started process (PID=64) to work on /home/airflow/.local/lib/python3.7/site-packages/airflow/example_dags/example_branch_labels.py
[2024-03-30T06:15:35.446+0000] {processor.py:826} INFO - Processing file /home/airflow/.local/lib/python3.7/site-packages/airflow/example_dags/example_branch_labels.py for tasks to queue
[2024-03-30T06:15:35.446+0000] {logging_mixin.py:149} INFO - [2024-03-30T06:15:35.446+0000] {dagbag.py:541} INFO - Filling up the DagBag from /home/airflow/.local/lib/python3.7/site-packages/airflow/example_dags/example_branch_labels.py
[2024-03-30T06:15:35.458+0000] {processor.py:836} INFO - DAG(s) dict_keys(['example_branch_labels']) retrieved from /home/airflow/.local/lib/python3.7/site-packages/airflow/example_dags/example_branch_labels.py
[2024-03-30T06:15:35.484+0000] {logging_mixin.py:149} INFO - [2024-03-30T06:15:35.484+0000] {dag.py:2726} INFO - Sync 1 DAGs
[2024-03-30T06:15:35.512+0000] {logging_mixin.py:149} INFO - [2024-03-30T06:15:35.512+0000] {dag.py:3490} INFO - Setting next_dagrun for example_branch_labels to 2024-03-29T00:00:00+00:00, run_after=2024-03-30T00:00:00+00:00
[2024-03-30T06:15:35.548+0000] {processor.py:179} INFO - Processing /home/airflow/.local/lib/python3.7/site-packages/airflow/example_dags/example_branch_labels.py took 0.106 seconds
[2024-03-30T06:16:05.866+0000] {processor.py:157} INFO - Started process (PID=123) to work on /home/airflow/.local/lib/python3.7/site-packages/airflow/example_dags/example_branch_labels.py
[2024-03-30T06:16:05.866+0000] {processor.py:826} INFO - Processing file /home/airflow/.local/lib/python3.7/site-packages/airflow/example_dags/example_branch_labels.py for tasks to queue
[2024-03-30T06:16:05.867+0000] {logging_mixin.py:149} INFO - [2024-03-30T06:16:05.867+0000] {dagbag.py:541} INFO - Filling up the DagBag from /home/airflow/.local/lib/python3.7/site-packages/airflow/example_dags/example_branch_labels.py
[2024-03-30T06:16:05.875+0000] {processor.py:836} INFO - DAG(s) dict_keys(['example_branch_labels']) retrieved from /home/airflow/.local/lib/python3.7/site-packages/airflow/example_dags/example_branch_labels.py
[2024-03-30T06:16:05.912+0000] {logging_mixin.py:149} INFO - [2024-03-30T06:16:05.912+0000] {dag.py:2726} INFO - Sync 1 DAGs
[2024-03-30T06:16:05.943+0000] {logging_mixin.py:149} INFO - [2024-03-30T06:16:05.943+0000] {dag.py:3490} INFO - Setting next_dagrun for example_branch_labels to 2024-03-29T00:00:00+00:00, run_after=2024-03-30T00:00:00+00:00
[2024-03-30T06:16:05.977+0000] {processor.py:179} INFO - Processing /home/airflow/.local/lib/python3.7/site-packages/airflow/example_dags/example_branch_labels.py took 0.114 seconds
[2024-03-30T06:16:36.646+0000] {processor.py:157} INFO - Started process (PID=183) to work on /home/airflow/.local/lib/python3.7/site-packages/airflow/example_dags/example_branch_labels.py
[2024-03-30T06:16:36.647+0000] {processor.py:826} INFO - Processing file /home/airflow/.local/lib/python3.7/site-packages/airflow/example_dags/example_branch_labels.py for tasks to queue
[2024-03-30T06:16:36.648+0000] {logging_mixin.py:149} INFO - [2024-03-30T06:16:36.648+0000] {dagbag.py:541} INFO - Filling up the DagBag from /home/airflow/.local/lib/python3.7/site-packages/airflow/example_dags/example_branch_labels.py
[2024-03-30T06:16:36.657+0000] {processor.py:836} INFO - DAG(s) dict_keys(['example_branch_labels']) retrieved from /home/airflow/.local/lib/python3.7/site-packages/airflow/example_dags/example_branch_labels.py
[2024-03-30T06:16:36.695+0000] {logging_mixin.py:149} INFO - [2024-03-30T06:16:36.694+0000] {dag.py:2726} INFO - Sync 1 DAGs
[2024-03-30T06:16:36.724+0000] {logging_mixin.py:149} INFO - [2024-03-30T06:16:36.724+0000] {dag.py:3490} INFO - Setting next_dagrun for example_branch_labels to 2024-03-29T00:00:00+00:00, run_after=2024-03-30T00:00:00+00:00
[2024-03-30T06:16:36.759+0000] {processor.py:179} INFO - Processing /home/airflow/.local/lib/python3.7/site-packages/airflow/example_dags/example_branch_labels.py took 0.115 seconds
[2024-03-30T06:17:07.018+0000] {processor.py:157} INFO - Started process (PID=243) to work on /home/airflow/.local/lib/python3.7/site-packages/airflow/example_dags/example_branch_labels.py
[2024-03-30T06:17:07.018+0000] {processor.py:826} INFO - Processing file /home/airflow/.local/lib/python3.7/site-packages/airflow/example_dags/example_branch_labels.py for tasks to queue
[2024-03-30T06:17:07.019+0000] {logging_mixin.py:149} INFO - [2024-03-30T06:17:07.019+0000] {dagbag.py:541} INFO - Filling up the DagBag from /home/airflow/.local/lib/python3.7/site-packages/airflow/example_dags/example_branch_labels.py
[2024-03-30T06:17:07.027+0000] {processor.py:836} INFO - DAG(s) dict_keys(['example_branch_labels']) retrieved from /home/airflow/.local/lib/python3.7/site-packages/airflow/example_dags/example_branch_labels.py
[2024-03-30T06:17:07.066+0000] {logging_mixin.py:149} INFO - [2024-03-30T06:17:07.065+0000] {dag.py:2726} INFO - Sync 1 DAGs
[2024-03-30T06:17:07.090+0000] {logging_mixin.py:149} INFO - [2024-03-30T06:17:07.090+0000] {dag.py:3490} INFO - Setting next_dagrun for example_branch_labels to 2024-03-29T00:00:00+00:00, run_after=2024-03-30T00:00:00+00:00
[2024-03-30T06:17:07.123+0000] {processor.py:179} INFO - Processing /home/airflow/.local/lib/python3.7/site-packages/airflow/example_dags/example_branch_labels.py took 0.108 seconds
[2024-03-30T06:17:37.283+0000] {processor.py:157} INFO - Started process (PID=303) to work on /home/airflow/.local/lib/python3.7/site-packages/airflow/example_dags/example_branch_labels.py
[2024-03-30T06:17:37.284+0000] {processor.py:826} INFO - Processing file /home/airflow/.local/lib/python3.7/site-packages/airflow/example_dags/example_branch_labels.py for tasks to queue
[2024-03-30T06:17:37.284+0000] {logging_mixin.py:149} INFO - [2024-03-30T06:17:37.284+0000] {dagbag.py:541} INFO - Filling up the DagBag from /home/airflow/.local/lib/python3.7/site-packages/airflow/example_dags/example_branch_labels.py
[2024-03-30T06:17:37.291+0000] {processor.py:836} INFO - DAG(s) dict_keys(['example_branch_labels']) retrieved from /home/airflow/.local/lib/python3.7/site-packages/airflow/example_dags/example_branch_labels.py
[2024-03-30T06:17:37.327+0000] {logging_mixin.py:149} INFO - [2024-03-30T06:17:37.327+0000] {dag.py:2726} INFO - Sync 1 DAGs
[2024-03-30T06:17:37.402+0000] {logging_mixin.py:149} INFO - [2024-03-30T06:17:37.402+0000] {dag.py:3490} INFO - Setting next_dagrun for example_branch_labels to 2024-03-29T00:00:00+00:00, run_after=2024-03-30T00:00:00+00:00
[2024-03-30T06:17:37.437+0000] {processor.py:179} INFO - Processing /home/airflow/.local/lib/python3.7/site-packages/airflow/example_dags/example_branch_labels.py took 0.157 seconds
[2024-03-30T06:18:07.588+0000] {processor.py:157} INFO - Started process (PID=363) to work on /home/airflow/.local/lib/python3.7/site-packages/airflow/example_dags/example_branch_labels.py
[2024-03-30T06:18:07.589+0000] {processor.py:826} INFO - Processing file /home/airflow/.local/lib/python3.7/site-packages/airflow/example_dags/example_branch_labels.py for tasks to queue
[2024-03-30T06:18:07.590+0000] {logging_mixin.py:149} INFO - [2024-03-30T06:18:07.590+0000] {dagbag.py:541} INFO - Filling up the DagBag from /home/airflow/.local/lib/python3.7/site-packages/airflow/example_dags/example_branch_labels.py
[2024-03-30T06:18:07.597+0000] {processor.py:836} INFO - DAG(s) dict_keys(['example_branch_labels']) retrieved from /home/airflow/.local/lib/python3.7/site-packages/airflow/example_dags/example_branch_labels.py
[2024-03-30T06:18:07.636+0000] {logging_mixin.py:149} INFO - [2024-03-30T06:18:07.636+0000] {dag.py:2726} INFO - Sync 1 DAGs
[2024-03-30T06:18:07.661+0000] {logging_mixin.py:149} INFO - [2024-03-30T06:18:07.661+0000] {dag.py:3490} INFO - Setting next_dagrun for example_branch_labels to 2024-03-29T00:00:00+00:00, run_after=2024-03-30T00:00:00+00:00
[2024-03-30T06:18:07.699+0000] {processor.py:179} INFO - Processing /home/airflow/.local/lib/python3.7/site-packages/airflow/example_dags/example_branch_labels.py took 0.115 seconds
[2024-03-30T06:18:38.427+0000] {processor.py:157} INFO - Started process (PID=424) to work on /home/airflow/.local/lib/python3.7/site-packages/airflow/example_dags/example_branch_labels.py
[2024-03-30T06:18:38.428+0000] {processor.py:826} INFO - Processing file /home/airflow/.local/lib/python3.7/site-packages/airflow/example_dags/example_branch_labels.py for tasks to queue
[2024-03-30T06:18:38.429+0000] {logging_mixin.py:149} INFO - [2024-03-30T06:18:38.429+0000] {dagbag.py:541} INFO - Filling up the DagBag from /home/airflow/.local/lib/python3.7/site-packages/airflow/example_dags/example_branch_labels.py
[2024-03-30T06:18:38.437+0000] {processor.py:836} INFO - DAG(s) dict_keys(['example_branch_labels']) retrieved from /home/airflow/.local/lib/python3.7/site-packages/airflow/example_dags/example_branch_labels.py
[2024-03-30T06:18:38.479+0000] {logging_mixin.py:149} INFO - [2024-03-30T06:18:38.478+0000] {dag.py:2726} INFO - Sync 1 DAGs
[2024-03-30T06:18:38.511+0000] {logging_mixin.py:149} INFO - [2024-03-30T06:18:38.511+0000] {dag.py:3490} INFO - Setting next_dagrun for example_branch_labels to 2024-03-29T00:00:00+00:00, run_after=2024-03-30T00:00:00+00:00
[2024-03-30T06:18:38.544+0000] {processor.py:179} INFO - Processing /home/airflow/.local/lib/python3.7/site-packages/airflow/example_dags/example_branch_labels.py took 0.120 seconds
[2024-03-30T06:19:08.666+0000] {processor.py:157} INFO - Started process (PID=484) to work on /home/airflow/.local/lib/python3.7/site-packages/airflow/example_dags/example_branch_labels.py
[2024-03-30T06:19:08.667+0000] {processor.py:826} INFO - Processing file /home/airflow/.local/lib/python3.7/site-packages/airflow/example_dags/example_branch_labels.py for tasks to queue
[2024-03-30T06:19:08.667+0000] {logging_mixin.py:149} INFO - [2024-03-30T06:19:08.667+0000] {dagbag.py:541} INFO - Filling up the DagBag from /home/airflow/.local/lib/python3.7/site-packages/airflow/example_dags/example_branch_labels.py
[2024-03-30T06:19:08.674+0000] {processor.py:836} INFO - DAG(s) dict_keys(['example_branch_labels']) retrieved from /home/airflow/.local/lib/python3.7/site-packages/airflow/example_dags/example_branch_labels.py
[2024-03-30T06:19:08.710+0000] {logging_mixin.py:149} INFO - [2024-03-30T06:19:08.710+0000] {dag.py:2726} INFO - Sync 1 DAGs
[2024-03-30T06:19:08.738+0000] {logging_mixin.py:149} INFO - [2024-03-30T06:19:08.738+0000] {dag.py:3490} INFO - Setting next_dagrun for example_branch_labels to 2024-03-29T00:00:00+00:00, run_after=2024-03-30T00:00:00+00:00
[2024-03-30T06:19:08.769+0000] {processor.py:179} INFO - Processing /home/airflow/.local/lib/python3.7/site-packages/airflow/example_dags/example_branch_labels.py took 0.106 seconds
[2024-03-30T06:19:39.851+0000] {processor.py:157} INFO - Started process (PID=544) to work on /home/airflow/.local/lib/python3.7/site-packages/airflow/example_dags/example_branch_labels.py
[2024-03-30T06:19:39.852+0000] {processor.py:826} INFO - Processing file /home/airflow/.local/lib/python3.7/site-packages/airflow/example_dags/example_branch_labels.py for tasks to queue
[2024-03-30T06:19:39.853+0000] {logging_mixin.py:149} INFO - [2024-03-30T06:19:39.853+0000] {dagbag.py:541} INFO - Filling up the DagBag from /home/airflow/.local/lib/python3.7/site-packages/airflow/example_dags/example_branch_labels.py
[2024-03-30T06:19:39.860+0000] {processor.py:836} INFO - DAG(s) dict_keys(['example_branch_labels']) retrieved from /home/airflow/.local/lib/python3.7/site-packages/airflow/example_dags/example_branch_labels.py
[2024-03-30T06:19:39.895+0000] {logging_mixin.py:149} INFO - [2024-03-30T06:19:39.895+0000] {dag.py:2726} INFO - Sync 1 DAGs
[2024-03-30T06:19:39.921+0000] {logging_mixin.py:149} INFO - [2024-03-30T06:19:39.921+0000] {dag.py:3490} INFO - Setting next_dagrun for example_branch_labels to 2024-03-29T00:00:00+00:00, run_after=2024-03-30T00:00:00+00:00
[2024-03-30T06:19:39.954+0000] {processor.py:179} INFO - Processing /home/airflow/.local/lib/python3.7/site-packages/airflow/example_dags/example_branch_labels.py took 0.106 seconds
[2024-03-30T06:20:10.810+0000] {processor.py:157} INFO - Started process (PID=604) to work on /home/airflow/.local/lib/python3.7/site-packages/airflow/example_dags/example_branch_labels.py
[2024-03-30T06:20:10.811+0000] {processor.py:826} INFO - Processing file /home/airflow/.local/lib/python3.7/site-packages/airflow/example_dags/example_branch_labels.py for tasks to queue
[2024-03-30T06:20:10.811+0000] {logging_mixin.py:149} INFO - [2024-03-30T06:20:10.811+0000] {dagbag.py:541} INFO - Filling up the DagBag from /home/airflow/.local/lib/python3.7/site-packages/airflow/example_dags/example_branch_labels.py
[2024-03-30T06:20:10.819+0000] {processor.py:836} INFO - DAG(s) dict_keys(['example_branch_labels']) retrieved from /home/airflow/.local/lib/python3.7/site-packages/airflow/example_dags/example_branch_labels.py
[2024-03-30T06:20:10.864+0000] {logging_mixin.py:149} INFO - [2024-03-30T06:20:10.864+0000] {dag.py:2726} INFO - Sync 1 DAGs
[2024-03-30T06:20:10.891+0000] {logging_mixin.py:149} INFO - [2024-03-30T06:20:10.891+0000] {dag.py:3490} INFO - Setting next_dagrun for example_branch_labels to 2024-03-29T00:00:00+00:00, run_after=2024-03-30T00:00:00+00:00
[2024-03-30T06:20:10.925+0000] {processor.py:179} INFO - Processing /home/airflow/.local/lib/python3.7/site-packages/airflow/example_dags/example_branch_labels.py took 0.119 seconds
[2024-03-30T06:20:41.439+0000] {processor.py:157} INFO - Started process (PID=666) to work on /home/airflow/.local/lib/python3.7/site-packages/airflow/example_dags/example_branch_labels.py
[2024-03-30T06:20:41.440+0000] {processor.py:826} INFO - Processing file /home/airflow/.local/lib/python3.7/site-packages/airflow/example_dags/example_branch_labels.py for tasks to queue
[2024-03-30T06:20:41.440+0000] {logging_mixin.py:149} INFO - [2024-03-30T06:20:41.440+0000] {dagbag.py:541} INFO - Filling up the DagBag from /home/airflow/.local/lib/python3.7/site-packages/airflow/example_dags/example_branch_labels.py
[2024-03-30T06:20:41.449+0000] {processor.py:836} INFO - DAG(s) dict_keys(['example_branch_labels']) retrieved from /home/airflow/.local/lib/python3.7/site-packages/airflow/example_dags/example_branch_labels.py
[2024-03-30T06:20:41.486+0000] {logging_mixin.py:149} INFO - [2024-03-30T06:20:41.486+0000] {dag.py:2726} INFO - Sync 1 DAGs
[2024-03-30T06:20:41.516+0000] {logging_mixin.py:149} INFO - [2024-03-30T06:20:41.516+0000] {dag.py:3490} INFO - Setting next_dagrun for example_branch_labels to 2024-03-29T00:00:00+00:00, run_after=2024-03-30T00:00:00+00:00
[2024-03-30T06:20:41.556+0000] {processor.py:179} INFO - Processing /home/airflow/.local/lib/python3.7/site-packages/airflow/example_dags/example_branch_labels.py took 0.120 seconds
[2024-03-30T06:21:12.232+0000] {processor.py:157} INFO - Started process (PID=727) to work on /home/airflow/.local/lib/python3.7/site-packages/airflow/example_dags/example_branch_labels.py
[2024-03-30T06:21:12.233+0000] {processor.py:826} INFO - Processing file /home/airflow/.local/lib/python3.7/site-packages/airflow/example_dags/example_branch_labels.py for tasks to queue
[2024-03-30T06:21:12.234+0000] {logging_mixin.py:149} INFO - [2024-03-30T06:21:12.234+0000] {dagbag.py:541} INFO - Filling up the DagBag from /home/airflow/.local/lib/python3.7/site-packages/airflow/example_dags/example_branch_labels.py
[2024-03-30T06:21:12.241+0000] {processor.py:836} INFO - DAG(s) dict_keys(['example_branch_labels']) retrieved from /home/airflow/.local/lib/python3.7/site-packages/airflow/example_dags/example_branch_labels.py
[2024-03-30T06:21:12.277+0000] {logging_mixin.py:149} INFO - [2024-03-30T06:21:12.277+0000] {dag.py:2726} INFO - Sync 1 DAGs
[2024-03-30T06:21:12.307+0000] {logging_mixin.py:149} INFO - [2024-03-30T06:21:12.307+0000] {dag.py:3490} INFO - Setting next_dagrun for example_branch_labels to 2024-03-29T00:00:00+00:00, run_after=2024-03-30T00:00:00+00:00
[2024-03-30T06:21:12.345+0000] {processor.py:179} INFO - Processing /home/airflow/.local/lib/python3.7/site-packages/airflow/example_dags/example_branch_labels.py took 0.117 seconds
[2024-03-30T06:21:43.406+0000] {processor.py:157} INFO - Started process (PID=788) to work on /home/airflow/.local/lib/python3.7/site-packages/airflow/example_dags/example_branch_labels.py
[2024-03-30T06:21:43.407+0000] {processor.py:826} INFO - Processing file /home/airflow/.local/lib/python3.7/site-packages/airflow/example_dags/example_branch_labels.py for tasks to queue
[2024-03-30T06:21:43.408+0000] {logging_mixin.py:149} INFO - [2024-03-30T06:21:43.408+0000] {dagbag.py:541} INFO - Filling up the DagBag from /home/airflow/.local/lib/python3.7/site-packages/airflow/example_dags/example_branch_labels.py
[2024-03-30T06:21:43.415+0000] {processor.py:836} INFO - DAG(s) dict_keys(['example_branch_labels']) retrieved from /home/airflow/.local/lib/python3.7/site-packages/airflow/example_dags/example_branch_labels.py
[2024-03-30T06:21:43.455+0000] {logging_mixin.py:149} INFO - [2024-03-30T06:21:43.455+0000] {dag.py:2726} INFO - Sync 1 DAGs
[2024-03-30T06:21:43.480+0000] {logging_mixin.py:149} INFO - [2024-03-30T06:21:43.480+0000] {dag.py:3490} INFO - Setting next_dagrun for example_branch_labels to 2024-03-29T00:00:00+00:00, run_after=2024-03-30T00:00:00+00:00
[2024-03-30T06:21:43.512+0000] {processor.py:179} INFO - Processing /home/airflow/.local/lib/python3.7/site-packages/airflow/example_dags/example_branch_labels.py took 0.108 seconds
[2024-03-30T06:22:14.224+0000] {processor.py:157} INFO - Started process (PID=849) to work on /home/airflow/.local/lib/python3.7/site-packages/airflow/example_dags/example_branch_labels.py
[2024-03-30T06:22:14.225+0000] {processor.py:826} INFO - Processing file /home/airflow/.local/lib/python3.7/site-packages/airflow/example_dags/example_branch_labels.py for tasks to queue
[2024-03-30T06:22:14.226+0000] {logging_mixin.py:149} INFO - [2024-03-30T06:22:14.225+0000] {dagbag.py:541} INFO - Filling up the DagBag from /home/airflow/.local/lib/python3.7/site-packages/airflow/example_dags/example_branch_labels.py
[2024-03-30T06:22:14.235+0000] {processor.py:836} INFO - DAG(s) dict_keys(['example_branch_labels']) retrieved from /home/airflow/.local/lib/python3.7/site-packages/airflow/example_dags/example_branch_labels.py
[2024-03-30T06:22:14.271+0000] {logging_mixin.py:149} INFO - [2024-03-30T06:22:14.271+0000] {dag.py:2726} INFO - Sync 1 DAGs
[2024-03-30T06:22:14.299+0000] {logging_mixin.py:149} INFO - [2024-03-30T06:22:14.299+0000] {dag.py:3490} INFO - Setting next_dagrun for example_branch_labels to 2024-03-29T00:00:00+00:00, run_after=2024-03-30T00:00:00+00:00
[2024-03-30T06:22:14.332+0000] {processor.py:179} INFO - Processing /home/airflow/.local/lib/python3.7/site-packages/airflow/example_dags/example_branch_labels.py took 0.110 seconds
[2024-03-30T06:22:44.677+0000] {processor.py:157} INFO - Started process (PID=910) to work on /home/airflow/.local/lib/python3.7/site-packages/airflow/example_dags/example_branch_labels.py
[2024-03-30T06:22:44.678+0000] {processor.py:826} INFO - Processing file /home/airflow/.local/lib/python3.7/site-packages/airflow/example_dags/example_branch_labels.py for tasks to queue
[2024-03-30T06:22:44.678+0000] {logging_mixin.py:149} INFO - [2024-03-30T06:22:44.678+0000] {dagbag.py:541} INFO - Filling up the DagBag from /home/airflow/.local/lib/python3.7/site-packages/airflow/example_dags/example_branch_labels.py
[2024-03-30T06:22:44.688+0000] {processor.py:836} INFO - DAG(s) dict_keys(['example_branch_labels']) retrieved from /home/airflow/.local/lib/python3.7/site-packages/airflow/example_dags/example_branch_labels.py
[2024-03-30T06:22:44.730+0000] {logging_mixin.py:149} INFO - [2024-03-30T06:22:44.730+0000] {dag.py:2726} INFO - Sync 1 DAGs
[2024-03-30T06:22:44.759+0000] {logging_mixin.py:149} INFO - [2024-03-30T06:22:44.759+0000] {dag.py:3490} INFO - Setting next_dagrun for example_branch_labels to 2024-03-29T00:00:00+00:00, run_after=2024-03-30T00:00:00+00:00
[2024-03-30T06:22:44.795+0000] {processor.py:179} INFO - Processing /home/airflow/.local/lib/python3.7/site-packages/airflow/example_dags/example_branch_labels.py took 0.121 seconds
[2024-03-30T06:23:15.068+0000] {processor.py:157} INFO - Started process (PID=971) to work on /home/airflow/.local/lib/python3.7/site-packages/airflow/example_dags/example_branch_labels.py
[2024-03-30T06:23:15.069+0000] {processor.py:826} INFO - Processing file /home/airflow/.local/lib/python3.7/site-packages/airflow/example_dags/example_branch_labels.py for tasks to queue
[2024-03-30T06:23:15.070+0000] {logging_mixin.py:149} INFO - [2024-03-30T06:23:15.069+0000] {dagbag.py:541} INFO - Filling up the DagBag from /home/airflow/.local/lib/python3.7/site-packages/airflow/example_dags/example_branch_labels.py
[2024-03-30T06:23:15.077+0000] {processor.py:836} INFO - DAG(s) dict_keys(['example_branch_labels']) retrieved from /home/airflow/.local/lib/python3.7/site-packages/airflow/example_dags/example_branch_labels.py
[2024-03-30T06:23:15.112+0000] {logging_mixin.py:149} INFO - [2024-03-30T06:23:15.112+0000] {dag.py:2726} INFO - Sync 1 DAGs
[2024-03-30T06:23:15.138+0000] {logging_mixin.py:149} INFO - [2024-03-30T06:23:15.138+0000] {dag.py:3490} INFO - Setting next_dagrun for example_branch_labels to 2024-03-29T00:00:00+00:00, run_after=2024-03-30T00:00:00+00:00
[2024-03-30T06:23:15.172+0000] {processor.py:179} INFO - Processing /home/airflow/.local/lib/python3.7/site-packages/airflow/example_dags/example_branch_labels.py took 0.106 seconds
[2024-03-30T06:23:46.379+0000] {processor.py:157} INFO - Started process (PID=1032) to work on /home/airflow/.local/lib/python3.7/site-packages/airflow/example_dags/example_branch_labels.py
[2024-03-30T06:23:46.380+0000] {processor.py:826} INFO - Processing file /home/airflow/.local/lib/python3.7/site-packages/airflow/example_dags/example_branch_labels.py for tasks to queue
[2024-03-30T06:23:46.381+0000] {logging_mixin.py:149} INFO - [2024-03-30T06:23:46.380+0000] {dagbag.py:541} INFO - Filling up the DagBag from /home/airflow/.local/lib/python3.7/site-packages/airflow/example_dags/example_branch_labels.py
[2024-03-30T06:23:46.388+0000] {processor.py:836} INFO - DAG(s) dict_keys(['example_branch_labels']) retrieved from /home/airflow/.local/lib/python3.7/site-packages/airflow/example_dags/example_branch_labels.py
[2024-03-30T06:23:46.427+0000] {logging_mixin.py:149} INFO - [2024-03-30T06:23:46.427+0000] {dag.py:2726} INFO - Sync 1 DAGs
[2024-03-30T06:23:46.453+0000] {logging_mixin.py:149} INFO - [2024-03-30T06:23:46.453+0000] {dag.py:3490} INFO - Setting next_dagrun for example_branch_labels to 2024-03-29T00:00:00+00:00, run_after=2024-03-30T00:00:00+00:00
[2024-03-30T06:23:46.484+0000] {processor.py:179} INFO - Processing /home/airflow/.local/lib/python3.7/site-packages/airflow/example_dags/example_branch_labels.py took 0.108 seconds
[2024-03-30T06:24:16.860+0000] {processor.py:157} INFO - Started process (PID=1093) to work on /home/airflow/.local/lib/python3.7/site-packages/airflow/example_dags/example_branch_labels.py
[2024-03-30T06:24:16.861+0000] {processor.py:826} INFO - Processing file /home/airflow/.local/lib/python3.7/site-packages/airflow/example_dags/example_branch_labels.py for tasks to queue
[2024-03-30T06:24:16.862+0000] {logging_mixin.py:149} INFO - [2024-03-30T06:24:16.861+0000] {dagbag.py:541} INFO - Filling up the DagBag from /home/airflow/.local/lib/python3.7/site-packages/airflow/example_dags/example_branch_labels.py
[2024-03-30T06:24:16.870+0000] {processor.py:836} INFO - DAG(s) dict_keys(['example_branch_labels']) retrieved from /home/airflow/.local/lib/python3.7/site-packages/airflow/example_dags/example_branch_labels.py
[2024-03-30T06:24:16.909+0000] {logging_mixin.py:149} INFO - [2024-03-30T06:24:16.909+0000] {dag.py:2726} INFO - Sync 1 DAGs
[2024-03-30T06:24:16.934+0000] {logging_mixin.py:149} INFO - [2024-03-30T06:24:16.934+0000] {dag.py:3490} INFO - Setting next_dagrun for example_branch_labels to 2024-03-29T00:00:00+00:00, run_after=2024-03-30T00:00:00+00:00
[2024-03-30T06:24:16.965+0000] {processor.py:179} INFO - Processing /home/airflow/.local/lib/python3.7/site-packages/airflow/example_dags/example_branch_labels.py took 0.108 seconds
[2024-03-30T06:24:47.318+0000] {processor.py:157} INFO - Started process (PID=1154) to work on /home/airflow/.local/lib/python3.7/site-packages/airflow/example_dags/example_branch_labels.py
[2024-03-30T06:24:47.319+0000] {processor.py:826} INFO - Processing file /home/airflow/.local/lib/python3.7/site-packages/airflow/example_dags/example_branch_labels.py for tasks to queue
[2024-03-30T06:24:47.319+0000] {logging_mixin.py:149} INFO - [2024-03-30T06:24:47.319+0000] {dagbag.py:541} INFO - Filling up the DagBag from /home/airflow/.local/lib/python3.7/site-packages/airflow/example_dags/example_branch_labels.py
[2024-03-30T06:24:47.326+0000] {processor.py:836} INFO - DAG(s) dict_keys(['example_branch_labels']) retrieved from /home/airflow/.local/lib/python3.7/site-packages/airflow/example_dags/example_branch_labels.py
[2024-03-30T06:24:47.362+0000] {logging_mixin.py:149} INFO - [2024-03-30T06:24:47.362+0000] {dag.py:2726} INFO - Sync 1 DAGs
[2024-03-30T06:24:47.431+0000] {logging_mixin.py:149} INFO - [2024-03-30T06:24:47.431+0000] {dag.py:3490} INFO - Setting next_dagrun for example_branch_labels to 2024-03-29T00:00:00+00:00, run_after=2024-03-30T00:00:00+00:00
[2024-03-30T06:24:47.465+0000] {processor.py:179} INFO - Processing /home/airflow/.local/lib/python3.7/site-packages/airflow/example_dags/example_branch_labels.py took 0.150 seconds
[2024-03-30T06:25:17.697+0000] {processor.py:157} INFO - Started process (PID=1215) to work on /home/airflow/.local/lib/python3.7/site-packages/airflow/example_dags/example_branch_labels.py
[2024-03-30T06:25:17.698+0000] {processor.py:826} INFO - Processing file /home/airflow/.local/lib/python3.7/site-packages/airflow/example_dags/example_branch_labels.py for tasks to queue
[2024-03-30T06:25:17.698+0000] {logging_mixin.py:149} INFO - [2024-03-30T06:25:17.698+0000] {dagbag.py:541} INFO - Filling up the DagBag from /home/airflow/.local/lib/python3.7/site-packages/airflow/example_dags/example_branch_labels.py
[2024-03-30T06:25:17.705+0000] {processor.py:836} INFO - DAG(s) dict_keys(['example_branch_labels']) retrieved from /home/airflow/.local/lib/python3.7/site-packages/airflow/example_dags/example_branch_labels.py
[2024-03-30T06:25:17.741+0000] {logging_mixin.py:149} INFO - [2024-03-30T06:25:17.741+0000] {dag.py:2726} INFO - Sync 1 DAGs
[2024-03-30T06:25:17.811+0000] {logging_mixin.py:149} INFO - [2024-03-30T06:25:17.811+0000] {dag.py:3490} INFO - Setting next_dagrun for example_branch_labels to 2024-03-29T00:00:00+00:00, run_after=2024-03-30T00:00:00+00:00
[2024-03-30T06:25:17.843+0000] {processor.py:179} INFO - Processing /home/airflow/.local/lib/python3.7/site-packages/airflow/example_dags/example_branch_labels.py took 0.148 seconds
[2024-03-30T06:25:48.027+0000] {processor.py:157} INFO - Started process (PID=1276) to work on /home/airflow/.local/lib/python3.7/site-packages/airflow/example_dags/example_branch_labels.py
[2024-03-30T06:25:48.027+0000] {processor.py:826} INFO - Processing file /home/airflow/.local/lib/python3.7/site-packages/airflow/example_dags/example_branch_labels.py for tasks to queue
[2024-03-30T06:25:48.028+0000] {logging_mixin.py:149} INFO - [2024-03-30T06:25:48.028+0000] {dagbag.py:541} INFO - Filling up the DagBag from /home/airflow/.local/lib/python3.7/site-packages/airflow/example_dags/example_branch_labels.py
[2024-03-30T06:25:48.035+0000] {processor.py:836} INFO - DAG(s) dict_keys(['example_branch_labels']) retrieved from /home/airflow/.local/lib/python3.7/site-packages/airflow/example_dags/example_branch_labels.py
[2024-03-30T06:25:48.072+0000] {logging_mixin.py:149} INFO - [2024-03-30T06:25:48.072+0000] {dag.py:2726} INFO - Sync 1 DAGs
[2024-03-30T06:25:48.099+0000] {logging_mixin.py:149} INFO - [2024-03-30T06:25:48.099+0000] {dag.py:3490} INFO - Setting next_dagrun for example_branch_labels to 2024-03-29T00:00:00+00:00, run_after=2024-03-30T00:00:00+00:00
[2024-03-30T06:25:48.131+0000] {processor.py:179} INFO - Processing /home/airflow/.local/lib/python3.7/site-packages/airflow/example_dags/example_branch_labels.py took 0.108 seconds
[2024-03-30T06:26:18.860+0000] {processor.py:157} INFO - Started process (PID=1337) to work on /home/airflow/.local/lib/python3.7/site-packages/airflow/example_dags/example_branch_labels.py
[2024-03-30T06:26:18.861+0000] {processor.py:826} INFO - Processing file /home/airflow/.local/lib/python3.7/site-packages/airflow/example_dags/example_branch_labels.py for tasks to queue
[2024-03-30T06:26:18.862+0000] {logging_mixin.py:149} INFO - [2024-03-30T06:26:18.862+0000] {dagbag.py:541} INFO - Filling up the DagBag from /home/airflow/.local/lib/python3.7/site-packages/airflow/example_dags/example_branch_labels.py
[2024-03-30T06:26:18.871+0000] {processor.py:836} INFO - DAG(s) dict_keys(['example_branch_labels']) retrieved from /home/airflow/.local/lib/python3.7/site-packages/airflow/example_dags/example_branch_labels.py
[2024-03-30T06:26:18.917+0000] {logging_mixin.py:149} INFO - [2024-03-30T06:26:18.916+0000] {dag.py:2726} INFO - Sync 1 DAGs
[2024-03-30T06:26:18.953+0000] {logging_mixin.py:149} INFO - [2024-03-30T06:26:18.953+0000] {dag.py:3490} INFO - Setting next_dagrun for example_branch_labels to 2024-03-29T00:00:00+00:00, run_after=2024-03-30T00:00:00+00:00
[2024-03-30T06:26:19.000+0000] {processor.py:179} INFO - Processing /home/airflow/.local/lib/python3.7/site-packages/airflow/example_dags/example_branch_labels.py took 0.143 seconds
[2024-03-30T06:26:49.831+0000] {processor.py:157} INFO - Started process (PID=1399) to work on /home/airflow/.local/lib/python3.7/site-packages/airflow/example_dags/example_branch_labels.py
[2024-03-30T06:26:49.832+0000] {processor.py:826} INFO - Processing file /home/airflow/.local/lib/python3.7/site-packages/airflow/example_dags/example_branch_labels.py for tasks to queue
[2024-03-30T06:26:49.833+0000] {logging_mixin.py:149} INFO - [2024-03-30T06:26:49.833+0000] {dagbag.py:541} INFO - Filling up the DagBag from /home/airflow/.local/lib/python3.7/site-packages/airflow/example_dags/example_branch_labels.py
[2024-03-30T06:26:49.843+0000] {processor.py:836} INFO - DAG(s) dict_keys(['example_branch_labels']) retrieved from /home/airflow/.local/lib/python3.7/site-packages/airflow/example_dags/example_branch_labels.py
[2024-03-30T06:26:49.879+0000] {logging_mixin.py:149} INFO - [2024-03-30T06:26:49.879+0000] {dag.py:2726} INFO - Sync 1 DAGs
[2024-03-30T06:26:49.906+0000] {logging_mixin.py:149} INFO - [2024-03-30T06:26:49.906+0000] {dag.py:3490} INFO - Setting next_dagrun for example_branch_labels to 2024-03-29T00:00:00+00:00, run_after=2024-03-30T00:00:00+00:00
[2024-03-30T06:26:49.940+0000] {processor.py:179} INFO - Processing /home/airflow/.local/lib/python3.7/site-packages/airflow/example_dags/example_branch_labels.py took 0.112 seconds
[2024-03-30T06:27:20.305+0000] {processor.py:157} INFO - Started process (PID=1460) to work on /home/airflow/.local/lib/python3.7/site-packages/airflow/example_dags/example_branch_labels.py
[2024-03-30T06:27:20.305+0000] {processor.py:826} INFO - Processing file /home/airflow/.local/lib/python3.7/site-packages/airflow/example_dags/example_branch_labels.py for tasks to queue
[2024-03-30T06:27:20.306+0000] {logging_mixin.py:149} INFO - [2024-03-30T06:27:20.306+0000] {dagbag.py:541} INFO - Filling up the DagBag from /home/airflow/.local/lib/python3.7/site-packages/airflow/example_dags/example_branch_labels.py
[2024-03-30T06:27:20.314+0000] {processor.py:836} INFO - DAG(s) dict_keys(['example_branch_labels']) retrieved from /home/airflow/.local/lib/python3.7/site-packages/airflow/example_dags/example_branch_labels.py
[2024-03-30T06:27:20.355+0000] {logging_mixin.py:149} INFO - [2024-03-30T06:27:20.355+0000] {dag.py:2726} INFO - Sync 1 DAGs
[2024-03-30T06:27:20.387+0000] {logging_mixin.py:149} INFO - [2024-03-30T06:27:20.387+0000] {dag.py:3490} INFO - Setting next_dagrun for example_branch_labels to 2024-03-29T00:00:00+00:00, run_after=2024-03-30T00:00:00+00:00
[2024-03-30T06:27:20.427+0000] {processor.py:179} INFO - Processing /home/airflow/.local/lib/python3.7/site-packages/airflow/example_dags/example_branch_labels.py took 0.125 seconds
[2024-03-30T06:27:51.160+0000] {processor.py:157} INFO - Started process (PID=1522) to work on /home/airflow/.local/lib/python3.7/site-packages/airflow/example_dags/example_branch_labels.py
[2024-03-30T06:27:51.161+0000] {processor.py:826} INFO - Processing file /home/airflow/.local/lib/python3.7/site-packages/airflow/example_dags/example_branch_labels.py for tasks to queue
[2024-03-30T06:27:51.162+0000] {logging_mixin.py:149} INFO - [2024-03-30T06:27:51.162+0000] {dagbag.py:541} INFO - Filling up the DagBag from /home/airflow/.local/lib/python3.7/site-packages/airflow/example_dags/example_branch_labels.py
[2024-03-30T06:27:51.170+0000] {processor.py:836} INFO - DAG(s) dict_keys(['example_branch_labels']) retrieved from /home/airflow/.local/lib/python3.7/site-packages/airflow/example_dags/example_branch_labels.py
[2024-03-30T06:27:51.208+0000] {logging_mixin.py:149} INFO - [2024-03-30T06:27:51.208+0000] {dag.py:2726} INFO - Sync 1 DAGs
[2024-03-30T06:27:51.243+0000] {logging_mixin.py:149} INFO - [2024-03-30T06:27:51.242+0000] {dag.py:3490} INFO - Setting next_dagrun for example_branch_labels to 2024-03-29T00:00:00+00:00, run_after=2024-03-30T00:00:00+00:00
[2024-03-30T06:27:51.315+0000] {processor.py:179} INFO - Processing /home/airflow/.local/lib/python3.7/site-packages/airflow/example_dags/example_branch_labels.py took 0.159 seconds
[2024-03-30T06:28:22.003+0000] {processor.py:157} INFO - Started process (PID=1583) to work on /home/airflow/.local/lib/python3.7/site-packages/airflow/example_dags/example_branch_labels.py
[2024-03-30T06:28:22.004+0000] {processor.py:826} INFO - Processing file /home/airflow/.local/lib/python3.7/site-packages/airflow/example_dags/example_branch_labels.py for tasks to queue
[2024-03-30T06:28:22.004+0000] {logging_mixin.py:149} INFO - [2024-03-30T06:28:22.004+0000] {dagbag.py:541} INFO - Filling up the DagBag from /home/airflow/.local/lib/python3.7/site-packages/airflow/example_dags/example_branch_labels.py
[2024-03-30T06:28:22.011+0000] {processor.py:836} INFO - DAG(s) dict_keys(['example_branch_labels']) retrieved from /home/airflow/.local/lib/python3.7/site-packages/airflow/example_dags/example_branch_labels.py
[2024-03-30T06:28:22.051+0000] {logging_mixin.py:149} INFO - [2024-03-30T06:28:22.051+0000] {dag.py:2726} INFO - Sync 1 DAGs
[2024-03-30T06:28:22.088+0000] {logging_mixin.py:149} INFO - [2024-03-30T06:28:22.088+0000] {dag.py:3490} INFO - Setting next_dagrun for example_branch_labels to 2024-03-29T00:00:00+00:00, run_after=2024-03-30T00:00:00+00:00
[2024-03-30T06:28:22.134+0000] {processor.py:179} INFO - Processing /home/airflow/.local/lib/python3.7/site-packages/airflow/example_dags/example_branch_labels.py took 0.134 seconds
[2024-03-30T06:28:52.643+0000] {processor.py:157} INFO - Started process (PID=1644) to work on /home/airflow/.local/lib/python3.7/site-packages/airflow/example_dags/example_branch_labels.py
[2024-03-30T06:28:52.645+0000] {processor.py:826} INFO - Processing file /home/airflow/.local/lib/python3.7/site-packages/airflow/example_dags/example_branch_labels.py for tasks to queue
[2024-03-30T06:28:52.645+0000] {logging_mixin.py:149} INFO - [2024-03-30T06:28:52.645+0000] {dagbag.py:541} INFO - Filling up the DagBag from /home/airflow/.local/lib/python3.7/site-packages/airflow/example_dags/example_branch_labels.py
[2024-03-30T06:28:52.653+0000] {processor.py:836} INFO - DAG(s) dict_keys(['example_branch_labels']) retrieved from /home/airflow/.local/lib/python3.7/site-packages/airflow/example_dags/example_branch_labels.py
[2024-03-30T06:28:52.692+0000] {logging_mixin.py:149} INFO - [2024-03-30T06:28:52.692+0000] {dag.py:2726} INFO - Sync 1 DAGs
[2024-03-30T06:28:52.720+0000] {logging_mixin.py:149} INFO - [2024-03-30T06:28:52.720+0000] {dag.py:3490} INFO - Setting next_dagrun for example_branch_labels to 2024-03-29T00:00:00+00:00, run_after=2024-03-30T00:00:00+00:00
[2024-03-30T06:28:52.755+0000] {processor.py:179} INFO - Processing /home/airflow/.local/lib/python3.7/site-packages/airflow/example_dags/example_branch_labels.py took 0.115 seconds
[2024-03-30T06:29:23.124+0000] {processor.py:157} INFO - Started process (PID=1705) to work on /home/airflow/.local/lib/python3.7/site-packages/airflow/example_dags/example_branch_labels.py
[2024-03-30T06:29:23.125+0000] {processor.py:826} INFO - Processing file /home/airflow/.local/lib/python3.7/site-packages/airflow/example_dags/example_branch_labels.py for tasks to queue
[2024-03-30T06:29:23.126+0000] {logging_mixin.py:149} INFO - [2024-03-30T06:29:23.126+0000] {dagbag.py:541} INFO - Filling up the DagBag from /home/airflow/.local/lib/python3.7/site-packages/airflow/example_dags/example_branch_labels.py
[2024-03-30T06:29:23.135+0000] {processor.py:836} INFO - DAG(s) dict_keys(['example_branch_labels']) retrieved from /home/airflow/.local/lib/python3.7/site-packages/airflow/example_dags/example_branch_labels.py
[2024-03-30T06:29:23.173+0000] {logging_mixin.py:149} INFO - [2024-03-30T06:29:23.173+0000] {dag.py:2726} INFO - Sync 1 DAGs
[2024-03-30T06:29:23.202+0000] {logging_mixin.py:149} INFO - [2024-03-30T06:29:23.201+0000] {dag.py:3490} INFO - Setting next_dagrun for example_branch_labels to 2024-03-29T00:00:00+00:00, run_after=2024-03-30T00:00:00+00:00
[2024-03-30T06:29:23.234+0000] {processor.py:179} INFO - Processing /home/airflow/.local/lib/python3.7/site-packages/airflow/example_dags/example_branch_labels.py took 0.114 seconds
[2024-03-30T06:29:53.822+0000] {processor.py:157} INFO - Started process (PID=1766) to work on /home/airflow/.local/lib/python3.7/site-packages/airflow/example_dags/example_branch_labels.py
[2024-03-30T06:29:53.823+0000] {processor.py:826} INFO - Processing file /home/airflow/.local/lib/python3.7/site-packages/airflow/example_dags/example_branch_labels.py for tasks to queue
[2024-03-30T06:29:53.823+0000] {logging_mixin.py:149} INFO - [2024-03-30T06:29:53.823+0000] {dagbag.py:541} INFO - Filling up the DagBag from /home/airflow/.local/lib/python3.7/site-packages/airflow/example_dags/example_branch_labels.py
[2024-03-30T06:29:53.831+0000] {processor.py:836} INFO - DAG(s) dict_keys(['example_branch_labels']) retrieved from /home/airflow/.local/lib/python3.7/site-packages/airflow/example_dags/example_branch_labels.py
[2024-03-30T06:29:53.874+0000] {logging_mixin.py:149} INFO - [2024-03-30T06:29:53.874+0000] {dag.py:2726} INFO - Sync 1 DAGs
[2024-03-30T06:29:53.903+0000] {logging_mixin.py:149} INFO - [2024-03-30T06:29:53.903+0000] {dag.py:3490} INFO - Setting next_dagrun for example_branch_labels to 2024-03-29T00:00:00+00:00, run_after=2024-03-30T00:00:00+00:00
[2024-03-30T06:29:53.937+0000] {processor.py:179} INFO - Processing /home/airflow/.local/lib/python3.7/site-packages/airflow/example_dags/example_branch_labels.py took 0.118 seconds
[2024-03-30T06:30:24.151+0000] {processor.py:157} INFO - Started process (PID=1827) to work on /home/airflow/.local/lib/python3.7/site-packages/airflow/example_dags/example_branch_labels.py
[2024-03-30T06:30:24.152+0000] {processor.py:826} INFO - Processing file /home/airflow/.local/lib/python3.7/site-packages/airflow/example_dags/example_branch_labels.py for tasks to queue
[2024-03-30T06:30:24.153+0000] {logging_mixin.py:149} INFO - [2024-03-30T06:30:24.152+0000] {dagbag.py:541} INFO - Filling up the DagBag from /home/airflow/.local/lib/python3.7/site-packages/airflow/example_dags/example_branch_labels.py
[2024-03-30T06:30:24.160+0000] {processor.py:836} INFO - DAG(s) dict_keys(['example_branch_labels']) retrieved from /home/airflow/.local/lib/python3.7/site-packages/airflow/example_dags/example_branch_labels.py
[2024-03-30T06:30:24.196+0000] {logging_mixin.py:149} INFO - [2024-03-30T06:30:24.196+0000] {dag.py:2726} INFO - Sync 1 DAGs
[2024-03-30T06:30:24.223+0000] {logging_mixin.py:149} INFO - [2024-03-30T06:30:24.223+0000] {dag.py:3490} INFO - Setting next_dagrun for example_branch_labels to 2024-03-29T00:00:00+00:00, run_after=2024-03-30T00:00:00+00:00
[2024-03-30T06:30:24.255+0000] {processor.py:179} INFO - Processing /home/airflow/.local/lib/python3.7/site-packages/airflow/example_dags/example_branch_labels.py took 0.107 seconds
[2024-03-30T06:30:54.735+0000] {processor.py:157} INFO - Started process (PID=1895) to work on /home/airflow/.local/lib/python3.7/site-packages/airflow/example_dags/example_branch_labels.py
[2024-03-30T06:30:54.736+0000] {processor.py:826} INFO - Processing file /home/airflow/.local/lib/python3.7/site-packages/airflow/example_dags/example_branch_labels.py for tasks to queue
[2024-03-30T06:30:54.736+0000] {logging_mixin.py:149} INFO - [2024-03-30T06:30:54.736+0000] {dagbag.py:541} INFO - Filling up the DagBag from /home/airflow/.local/lib/python3.7/site-packages/airflow/example_dags/example_branch_labels.py
[2024-03-30T06:30:54.743+0000] {processor.py:836} INFO - DAG(s) dict_keys(['example_branch_labels']) retrieved from /home/airflow/.local/lib/python3.7/site-packages/airflow/example_dags/example_branch_labels.py
[2024-03-30T06:30:54.781+0000] {logging_mixin.py:149} INFO - [2024-03-30T06:30:54.781+0000] {dag.py:2726} INFO - Sync 1 DAGs
[2024-03-30T06:30:54.810+0000] {logging_mixin.py:149} INFO - [2024-03-30T06:30:54.810+0000] {dag.py:3490} INFO - Setting next_dagrun for example_branch_labels to 2024-03-29T00:00:00+00:00, run_after=2024-03-30T00:00:00+00:00
[2024-03-30T06:30:54.843+0000] {processor.py:179} INFO - Processing /home/airflow/.local/lib/python3.7/site-packages/airflow/example_dags/example_branch_labels.py took 0.111 seconds
[2024-03-30T06:31:25.714+0000] {processor.py:157} INFO - Started process (PID=1956) to work on /home/airflow/.local/lib/python3.7/site-packages/airflow/example_dags/example_branch_labels.py
[2024-03-30T06:31:25.714+0000] {processor.py:826} INFO - Processing file /home/airflow/.local/lib/python3.7/site-packages/airflow/example_dags/example_branch_labels.py for tasks to queue
[2024-03-30T06:31:25.715+0000] {logging_mixin.py:149} INFO - [2024-03-30T06:31:25.715+0000] {dagbag.py:541} INFO - Filling up the DagBag from /home/airflow/.local/lib/python3.7/site-packages/airflow/example_dags/example_branch_labels.py
[2024-03-30T06:31:25.722+0000] {processor.py:836} INFO - DAG(s) dict_keys(['example_branch_labels']) retrieved from /home/airflow/.local/lib/python3.7/site-packages/airflow/example_dags/example_branch_labels.py
[2024-03-30T06:31:25.765+0000] {logging_mixin.py:149} INFO - [2024-03-30T06:31:25.764+0000] {dag.py:2726} INFO - Sync 1 DAGs
[2024-03-30T06:31:25.793+0000] {logging_mixin.py:149} INFO - [2024-03-30T06:31:25.793+0000] {dag.py:3490} INFO - Setting next_dagrun for example_branch_labels to 2024-03-29T00:00:00+00:00, run_after=2024-03-30T00:00:00+00:00
[2024-03-30T06:31:25.827+0000] {processor.py:179} INFO - Processing /home/airflow/.local/lib/python3.7/site-packages/airflow/example_dags/example_branch_labels.py took 0.116 seconds
[2024-03-30T08:20:58.007+0000] {processor.py:157} INFO - Started process (PID=64) to work on /home/airflow/.local/lib/python3.7/site-packages/airflow/example_dags/example_branch_labels.py
[2024-03-30T08:20:58.008+0000] {processor.py:826} INFO - Processing file /home/airflow/.local/lib/python3.7/site-packages/airflow/example_dags/example_branch_labels.py for tasks to queue
[2024-03-30T08:20:58.008+0000] {logging_mixin.py:149} INFO - [2024-03-30T08:20:58.008+0000] {dagbag.py:541} INFO - Filling up the DagBag from /home/airflow/.local/lib/python3.7/site-packages/airflow/example_dags/example_branch_labels.py
[2024-03-30T08:20:58.019+0000] {processor.py:836} INFO - DAG(s) dict_keys(['example_branch_labels']) retrieved from /home/airflow/.local/lib/python3.7/site-packages/airflow/example_dags/example_branch_labels.py
[2024-03-30T08:20:58.074+0000] {logging_mixin.py:149} INFO - [2024-03-30T08:20:58.074+0000] {dag.py:2726} INFO - Sync 1 DAGs
[2024-03-30T08:20:58.167+0000] {logging_mixin.py:149} INFO - [2024-03-30T08:20:58.167+0000] {dag.py:3490} INFO - Setting next_dagrun for example_branch_labels to 2024-03-29T00:00:00+00:00, run_after=2024-03-30T00:00:00+00:00
[2024-03-30T08:20:58.210+0000] {processor.py:179} INFO - Processing /home/airflow/.local/lib/python3.7/site-packages/airflow/example_dags/example_branch_labels.py took 0.206 seconds
[2024-03-30T08:21:28.719+0000] {processor.py:157} INFO - Started process (PID=125) to work on /home/airflow/.local/lib/python3.7/site-packages/airflow/example_dags/example_branch_labels.py
[2024-03-30T08:21:28.719+0000] {processor.py:826} INFO - Processing file /home/airflow/.local/lib/python3.7/site-packages/airflow/example_dags/example_branch_labels.py for tasks to queue
[2024-03-30T08:21:28.720+0000] {logging_mixin.py:149} INFO - [2024-03-30T08:21:28.720+0000] {dagbag.py:541} INFO - Filling up the DagBag from /home/airflow/.local/lib/python3.7/site-packages/airflow/example_dags/example_branch_labels.py
[2024-03-30T08:21:28.727+0000] {processor.py:836} INFO - DAG(s) dict_keys(['example_branch_labels']) retrieved from /home/airflow/.local/lib/python3.7/site-packages/airflow/example_dags/example_branch_labels.py
[2024-03-30T08:21:28.769+0000] {logging_mixin.py:149} INFO - [2024-03-30T08:21:28.768+0000] {dag.py:2726} INFO - Sync 1 DAGs
[2024-03-30T08:21:28.797+0000] {logging_mixin.py:149} INFO - [2024-03-30T08:21:28.797+0000] {dag.py:3490} INFO - Setting next_dagrun for example_branch_labels to 2024-03-29T00:00:00+00:00, run_after=2024-03-30T00:00:00+00:00
[2024-03-30T08:21:28.839+0000] {processor.py:179} INFO - Processing /home/airflow/.local/lib/python3.7/site-packages/airflow/example_dags/example_branch_labels.py took 0.124 seconds
[2024-03-30T08:21:59.324+0000] {processor.py:157} INFO - Started process (PID=186) to work on /home/airflow/.local/lib/python3.7/site-packages/airflow/example_dags/example_branch_labels.py
[2024-03-30T08:21:59.325+0000] {processor.py:826} INFO - Processing file /home/airflow/.local/lib/python3.7/site-packages/airflow/example_dags/example_branch_labels.py for tasks to queue
[2024-03-30T08:21:59.326+0000] {logging_mixin.py:149} INFO - [2024-03-30T08:21:59.325+0000] {dagbag.py:541} INFO - Filling up the DagBag from /home/airflow/.local/lib/python3.7/site-packages/airflow/example_dags/example_branch_labels.py
[2024-03-30T08:21:59.335+0000] {processor.py:836} INFO - DAG(s) dict_keys(['example_branch_labels']) retrieved from /home/airflow/.local/lib/python3.7/site-packages/airflow/example_dags/example_branch_labels.py
[2024-03-30T08:21:59.383+0000] {logging_mixin.py:149} INFO - [2024-03-30T08:21:59.382+0000] {dag.py:2726} INFO - Sync 1 DAGs
[2024-03-30T08:21:59.537+0000] {logging_mixin.py:149} INFO - [2024-03-30T08:21:59.537+0000] {dag.py:3490} INFO - Setting next_dagrun for example_branch_labels to 2024-03-29T00:00:00+00:00, run_after=2024-03-30T00:00:00+00:00
[2024-03-30T08:21:59.583+0000] {processor.py:179} INFO - Processing /home/airflow/.local/lib/python3.7/site-packages/airflow/example_dags/example_branch_labels.py took 0.262 seconds
[2024-03-30T08:22:29.653+0000] {processor.py:157} INFO - Started process (PID=247) to work on /home/airflow/.local/lib/python3.7/site-packages/airflow/example_dags/example_branch_labels.py
[2024-03-30T08:22:29.654+0000] {processor.py:826} INFO - Processing file /home/airflow/.local/lib/python3.7/site-packages/airflow/example_dags/example_branch_labels.py for tasks to queue
[2024-03-30T08:22:29.655+0000] {logging_mixin.py:149} INFO - [2024-03-30T08:22:29.655+0000] {dagbag.py:541} INFO - Filling up the DagBag from /home/airflow/.local/lib/python3.7/site-packages/airflow/example_dags/example_branch_labels.py
[2024-03-30T08:22:29.664+0000] {processor.py:836} INFO - DAG(s) dict_keys(['example_branch_labels']) retrieved from /home/airflow/.local/lib/python3.7/site-packages/airflow/example_dags/example_branch_labels.py
[2024-03-30T08:22:29.713+0000] {logging_mixin.py:149} INFO - [2024-03-30T08:22:29.713+0000] {dag.py:2726} INFO - Sync 1 DAGs
[2024-03-30T08:22:29.758+0000] {logging_mixin.py:149} INFO - [2024-03-30T08:22:29.758+0000] {dag.py:3490} INFO - Setting next_dagrun for example_branch_labels to 2024-03-29T00:00:00+00:00, run_after=2024-03-30T00:00:00+00:00
[2024-03-30T08:22:29.806+0000] {processor.py:179} INFO - Processing /home/airflow/.local/lib/python3.7/site-packages/airflow/example_dags/example_branch_labels.py took 0.156 seconds
[2024-03-30T08:22:59.923+0000] {processor.py:157} INFO - Started process (PID=308) to work on /home/airflow/.local/lib/python3.7/site-packages/airflow/example_dags/example_branch_labels.py
[2024-03-30T08:22:59.924+0000] {processor.py:826} INFO - Processing file /home/airflow/.local/lib/python3.7/site-packages/airflow/example_dags/example_branch_labels.py for tasks to queue
[2024-03-30T08:22:59.924+0000] {logging_mixin.py:149} INFO - [2024-03-30T08:22:59.924+0000] {dagbag.py:541} INFO - Filling up the DagBag from /home/airflow/.local/lib/python3.7/site-packages/airflow/example_dags/example_branch_labels.py
[2024-03-30T08:22:59.933+0000] {processor.py:836} INFO - DAG(s) dict_keys(['example_branch_labels']) retrieved from /home/airflow/.local/lib/python3.7/site-packages/airflow/example_dags/example_branch_labels.py
[2024-03-30T08:22:59.981+0000] {logging_mixin.py:149} INFO - [2024-03-30T08:22:59.981+0000] {dag.py:2726} INFO - Sync 1 DAGs
[2024-03-30T08:23:00.038+0000] {logging_mixin.py:149} INFO - [2024-03-30T08:23:00.036+0000] {dag.py:3490} INFO - Setting next_dagrun for example_branch_labels to 2024-03-29T00:00:00+00:00, run_after=2024-03-30T00:00:00+00:00
[2024-03-30T08:23:00.087+0000] {processor.py:179} INFO - Processing /home/airflow/.local/lib/python3.7/site-packages/airflow/example_dags/example_branch_labels.py took 0.168 seconds
[2024-03-30T08:23:30.947+0000] {processor.py:157} INFO - Started process (PID=369) to work on /home/airflow/.local/lib/python3.7/site-packages/airflow/example_dags/example_branch_labels.py
[2024-03-30T08:23:30.948+0000] {processor.py:826} INFO - Processing file /home/airflow/.local/lib/python3.7/site-packages/airflow/example_dags/example_branch_labels.py for tasks to queue
[2024-03-30T08:23:30.949+0000] {logging_mixin.py:149} INFO - [2024-03-30T08:23:30.949+0000] {dagbag.py:541} INFO - Filling up the DagBag from /home/airflow/.local/lib/python3.7/site-packages/airflow/example_dags/example_branch_labels.py
[2024-03-30T08:23:30.958+0000] {processor.py:836} INFO - DAG(s) dict_keys(['example_branch_labels']) retrieved from /home/airflow/.local/lib/python3.7/site-packages/airflow/example_dags/example_branch_labels.py
[2024-03-30T08:23:31.011+0000] {logging_mixin.py:149} INFO - [2024-03-30T08:23:31.010+0000] {dag.py:2726} INFO - Sync 1 DAGs
[2024-03-30T08:23:31.039+0000] {logging_mixin.py:149} INFO - [2024-03-30T08:23:31.039+0000] {dag.py:3490} INFO - Setting next_dagrun for example_branch_labels to 2024-03-29T00:00:00+00:00, run_after=2024-03-30T00:00:00+00:00
[2024-03-30T08:23:31.087+0000] {processor.py:179} INFO - Processing /home/airflow/.local/lib/python3.7/site-packages/airflow/example_dags/example_branch_labels.py took 0.143 seconds
[2024-03-30T08:24:01.864+0000] {processor.py:157} INFO - Started process (PID=429) to work on /home/airflow/.local/lib/python3.7/site-packages/airflow/example_dags/example_branch_labels.py
[2024-03-30T08:24:01.865+0000] {processor.py:826} INFO - Processing file /home/airflow/.local/lib/python3.7/site-packages/airflow/example_dags/example_branch_labels.py for tasks to queue
[2024-03-30T08:24:01.866+0000] {logging_mixin.py:149} INFO - [2024-03-30T08:24:01.865+0000] {dagbag.py:541} INFO - Filling up the DagBag from /home/airflow/.local/lib/python3.7/site-packages/airflow/example_dags/example_branch_labels.py
[2024-03-30T08:24:01.874+0000] {processor.py:836} INFO - DAG(s) dict_keys(['example_branch_labels']) retrieved from /home/airflow/.local/lib/python3.7/site-packages/airflow/example_dags/example_branch_labels.py
[2024-03-30T08:24:01.919+0000] {logging_mixin.py:149} INFO - [2024-03-30T08:24:01.919+0000] {dag.py:2726} INFO - Sync 1 DAGs
[2024-03-30T08:24:01.950+0000] {logging_mixin.py:149} INFO - [2024-03-30T08:24:01.950+0000] {dag.py:3490} INFO - Setting next_dagrun for example_branch_labels to 2024-03-29T00:00:00+00:00, run_after=2024-03-30T00:00:00+00:00
[2024-03-30T08:24:01.995+0000] {processor.py:179} INFO - Processing /home/airflow/.local/lib/python3.7/site-packages/airflow/example_dags/example_branch_labels.py took 0.134 seconds
[2024-03-30T08:24:32.552+0000] {processor.py:157} INFO - Started process (PID=490) to work on /home/airflow/.local/lib/python3.7/site-packages/airflow/example_dags/example_branch_labels.py
[2024-03-30T08:24:32.552+0000] {processor.py:826} INFO - Processing file /home/airflow/.local/lib/python3.7/site-packages/airflow/example_dags/example_branch_labels.py for tasks to queue
[2024-03-30T08:24:32.553+0000] {logging_mixin.py:149} INFO - [2024-03-30T08:24:32.553+0000] {dagbag.py:541} INFO - Filling up the DagBag from /home/airflow/.local/lib/python3.7/site-packages/airflow/example_dags/example_branch_labels.py
[2024-03-30T08:24:32.563+0000] {processor.py:836} INFO - DAG(s) dict_keys(['example_branch_labels']) retrieved from /home/airflow/.local/lib/python3.7/site-packages/airflow/example_dags/example_branch_labels.py
[2024-03-30T08:24:32.604+0000] {logging_mixin.py:149} INFO - [2024-03-30T08:24:32.604+0000] {dag.py:2726} INFO - Sync 1 DAGs
[2024-03-30T08:24:32.636+0000] {logging_mixin.py:149} INFO - [2024-03-30T08:24:32.636+0000] {dag.py:3490} INFO - Setting next_dagrun for example_branch_labels to 2024-03-29T00:00:00+00:00, run_after=2024-03-30T00:00:00+00:00
[2024-03-30T08:24:32.677+0000] {processor.py:179} INFO - Processing /home/airflow/.local/lib/python3.7/site-packages/airflow/example_dags/example_branch_labels.py took 0.128 seconds
[2024-03-30T08:25:03.515+0000] {processor.py:157} INFO - Started process (PID=551) to work on /home/airflow/.local/lib/python3.7/site-packages/airflow/example_dags/example_branch_labels.py
[2024-03-30T08:25:03.516+0000] {processor.py:826} INFO - Processing file /home/airflow/.local/lib/python3.7/site-packages/airflow/example_dags/example_branch_labels.py for tasks to queue
[2024-03-30T08:25:03.517+0000] {logging_mixin.py:149} INFO - [2024-03-30T08:25:03.517+0000] {dagbag.py:541} INFO - Filling up the DagBag from /home/airflow/.local/lib/python3.7/site-packages/airflow/example_dags/example_branch_labels.py
[2024-03-30T08:25:03.528+0000] {processor.py:836} INFO - DAG(s) dict_keys(['example_branch_labels']) retrieved from /home/airflow/.local/lib/python3.7/site-packages/airflow/example_dags/example_branch_labels.py
[2024-03-30T08:25:03.571+0000] {logging_mixin.py:149} INFO - [2024-03-30T08:25:03.570+0000] {dag.py:2726} INFO - Sync 1 DAGs
[2024-03-30T08:25:03.600+0000] {logging_mixin.py:149} INFO - [2024-03-30T08:25:03.600+0000] {dag.py:3490} INFO - Setting next_dagrun for example_branch_labels to 2024-03-29T00:00:00+00:00, run_after=2024-03-30T00:00:00+00:00
[2024-03-30T08:25:03.644+0000] {processor.py:179} INFO - Processing /home/airflow/.local/lib/python3.7/site-packages/airflow/example_dags/example_branch_labels.py took 0.132 seconds
[2024-03-30T08:25:33.980+0000] {processor.py:157} INFO - Started process (PID=612) to work on /home/airflow/.local/lib/python3.7/site-packages/airflow/example_dags/example_branch_labels.py
[2024-03-30T08:25:33.981+0000] {processor.py:826} INFO - Processing file /home/airflow/.local/lib/python3.7/site-packages/airflow/example_dags/example_branch_labels.py for tasks to queue
[2024-03-30T08:25:33.982+0000] {logging_mixin.py:149} INFO - [2024-03-30T08:25:33.982+0000] {dagbag.py:541} INFO - Filling up the DagBag from /home/airflow/.local/lib/python3.7/site-packages/airflow/example_dags/example_branch_labels.py
[2024-03-30T08:25:33.990+0000] {processor.py:836} INFO - DAG(s) dict_keys(['example_branch_labels']) retrieved from /home/airflow/.local/lib/python3.7/site-packages/airflow/example_dags/example_branch_labels.py
[2024-03-30T08:25:34.032+0000] {logging_mixin.py:149} INFO - [2024-03-30T08:25:34.031+0000] {dag.py:2726} INFO - Sync 1 DAGs
[2024-03-30T08:25:34.066+0000] {logging_mixin.py:149} INFO - [2024-03-30T08:25:34.066+0000] {dag.py:3490} INFO - Setting next_dagrun for example_branch_labels to 2024-03-29T00:00:00+00:00, run_after=2024-03-30T00:00:00+00:00
[2024-03-30T08:25:34.107+0000] {processor.py:179} INFO - Processing /home/airflow/.local/lib/python3.7/site-packages/airflow/example_dags/example_branch_labels.py took 0.130 seconds
[2024-03-30T08:26:04.379+0000] {processor.py:157} INFO - Started process (PID=674) to work on /home/airflow/.local/lib/python3.7/site-packages/airflow/example_dags/example_branch_labels.py
[2024-03-30T08:26:04.381+0000] {processor.py:826} INFO - Processing file /home/airflow/.local/lib/python3.7/site-packages/airflow/example_dags/example_branch_labels.py for tasks to queue
[2024-03-30T08:26:04.381+0000] {logging_mixin.py:149} INFO - [2024-03-30T08:26:04.381+0000] {dagbag.py:541} INFO - Filling up the DagBag from /home/airflow/.local/lib/python3.7/site-packages/airflow/example_dags/example_branch_labels.py
[2024-03-30T08:26:04.391+0000] {processor.py:836} INFO - DAG(s) dict_keys(['example_branch_labels']) retrieved from /home/airflow/.local/lib/python3.7/site-packages/airflow/example_dags/example_branch_labels.py
[2024-03-30T08:26:04.435+0000] {logging_mixin.py:149} INFO - [2024-03-30T08:26:04.435+0000] {dag.py:2726} INFO - Sync 1 DAGs
[2024-03-30T08:26:04.462+0000] {logging_mixin.py:149} INFO - [2024-03-30T08:26:04.462+0000] {dag.py:3490} INFO - Setting next_dagrun for example_branch_labels to 2024-03-29T00:00:00+00:00, run_after=2024-03-30T00:00:00+00:00
[2024-03-30T08:26:04.499+0000] {processor.py:179} INFO - Processing /home/airflow/.local/lib/python3.7/site-packages/airflow/example_dags/example_branch_labels.py took 0.123 seconds
[2024-03-30T08:26:34.661+0000] {processor.py:157} INFO - Started process (PID=735) to work on /home/airflow/.local/lib/python3.7/site-packages/airflow/example_dags/example_branch_labels.py
[2024-03-30T08:26:34.662+0000] {processor.py:826} INFO - Processing file /home/airflow/.local/lib/python3.7/site-packages/airflow/example_dags/example_branch_labels.py for tasks to queue
[2024-03-30T08:26:34.663+0000] {logging_mixin.py:149} INFO - [2024-03-30T08:26:34.663+0000] {dagbag.py:541} INFO - Filling up the DagBag from /home/airflow/.local/lib/python3.7/site-packages/airflow/example_dags/example_branch_labels.py
[2024-03-30T08:26:34.676+0000] {processor.py:836} INFO - DAG(s) dict_keys(['example_branch_labels']) retrieved from /home/airflow/.local/lib/python3.7/site-packages/airflow/example_dags/example_branch_labels.py
[2024-03-30T08:26:34.727+0000] {logging_mixin.py:149} INFO - [2024-03-30T08:26:34.727+0000] {dag.py:2726} INFO - Sync 1 DAGs
[2024-03-30T08:26:34.760+0000] {logging_mixin.py:149} INFO - [2024-03-30T08:26:34.760+0000] {dag.py:3490} INFO - Setting next_dagrun for example_branch_labels to 2024-03-29T00:00:00+00:00, run_after=2024-03-30T00:00:00+00:00
[2024-03-30T08:26:34.804+0000] {processor.py:179} INFO - Processing /home/airflow/.local/lib/python3.7/site-packages/airflow/example_dags/example_branch_labels.py took 0.146 seconds
[2024-03-30T08:27:05.713+0000] {processor.py:157} INFO - Started process (PID=796) to work on /home/airflow/.local/lib/python3.7/site-packages/airflow/example_dags/example_branch_labels.py
[2024-03-30T08:27:05.714+0000] {processor.py:826} INFO - Processing file /home/airflow/.local/lib/python3.7/site-packages/airflow/example_dags/example_branch_labels.py for tasks to queue
[2024-03-30T08:27:05.715+0000] {logging_mixin.py:149} INFO - [2024-03-30T08:27:05.714+0000] {dagbag.py:541} INFO - Filling up the DagBag from /home/airflow/.local/lib/python3.7/site-packages/airflow/example_dags/example_branch_labels.py
[2024-03-30T08:27:05.724+0000] {processor.py:836} INFO - DAG(s) dict_keys(['example_branch_labels']) retrieved from /home/airflow/.local/lib/python3.7/site-packages/airflow/example_dags/example_branch_labels.py
[2024-03-30T08:27:05.769+0000] {logging_mixin.py:149} INFO - [2024-03-30T08:27:05.769+0000] {dag.py:2726} INFO - Sync 1 DAGs
[2024-03-30T08:27:05.799+0000] {logging_mixin.py:149} INFO - [2024-03-30T08:27:05.799+0000] {dag.py:3490} INFO - Setting next_dagrun for example_branch_labels to 2024-03-29T00:00:00+00:00, run_after=2024-03-30T00:00:00+00:00
[2024-03-30T08:27:05.840+0000] {processor.py:179} INFO - Processing /home/airflow/.local/lib/python3.7/site-packages/airflow/example_dags/example_branch_labels.py took 0.131 seconds
[2024-03-30T08:27:36.281+0000] {processor.py:157} INFO - Started process (PID=856) to work on /home/airflow/.local/lib/python3.7/site-packages/airflow/example_dags/example_branch_labels.py
[2024-03-30T08:27:36.282+0000] {processor.py:826} INFO - Processing file /home/airflow/.local/lib/python3.7/site-packages/airflow/example_dags/example_branch_labels.py for tasks to queue
[2024-03-30T08:27:36.283+0000] {logging_mixin.py:149} INFO - [2024-03-30T08:27:36.283+0000] {dagbag.py:541} INFO - Filling up the DagBag from /home/airflow/.local/lib/python3.7/site-packages/airflow/example_dags/example_branch_labels.py
[2024-03-30T08:27:36.292+0000] {processor.py:836} INFO - DAG(s) dict_keys(['example_branch_labels']) retrieved from /home/airflow/.local/lib/python3.7/site-packages/airflow/example_dags/example_branch_labels.py
[2024-03-30T08:27:36.336+0000] {logging_mixin.py:149} INFO - [2024-03-30T08:27:36.335+0000] {dag.py:2726} INFO - Sync 1 DAGs
[2024-03-30T08:27:36.370+0000] {logging_mixin.py:149} INFO - [2024-03-30T08:27:36.370+0000] {dag.py:3490} INFO - Setting next_dagrun for example_branch_labels to 2024-03-29T00:00:00+00:00, run_after=2024-03-30T00:00:00+00:00
[2024-03-30T08:27:36.412+0000] {processor.py:179} INFO - Processing /home/airflow/.local/lib/python3.7/site-packages/airflow/example_dags/example_branch_labels.py took 0.136 seconds
[2024-03-30T08:28:06.729+0000] {processor.py:157} INFO - Started process (PID=917) to work on /home/airflow/.local/lib/python3.7/site-packages/airflow/example_dags/example_branch_labels.py
[2024-03-30T08:28:06.730+0000] {processor.py:826} INFO - Processing file /home/airflow/.local/lib/python3.7/site-packages/airflow/example_dags/example_branch_labels.py for tasks to queue
[2024-03-30T08:28:06.730+0000] {logging_mixin.py:149} INFO - [2024-03-30T08:28:06.730+0000] {dagbag.py:541} INFO - Filling up the DagBag from /home/airflow/.local/lib/python3.7/site-packages/airflow/example_dags/example_branch_labels.py
[2024-03-30T08:28:06.736+0000] {processor.py:836} INFO - DAG(s) dict_keys(['example_branch_labels']) retrieved from /home/airflow/.local/lib/python3.7/site-packages/airflow/example_dags/example_branch_labels.py
[2024-03-30T08:28:06.780+0000] {logging_mixin.py:149} INFO - [2024-03-30T08:28:06.780+0000] {dag.py:2726} INFO - Sync 1 DAGs
[2024-03-30T08:28:06.811+0000] {logging_mixin.py:149} INFO - [2024-03-30T08:28:06.811+0000] {dag.py:3490} INFO - Setting next_dagrun for example_branch_labels to 2024-03-29T00:00:00+00:00, run_after=2024-03-30T00:00:00+00:00
[2024-03-30T08:28:06.864+0000] {processor.py:179} INFO - Processing /home/airflow/.local/lib/python3.7/site-packages/airflow/example_dags/example_branch_labels.py took 0.138 seconds
[2024-03-30T08:28:37.272+0000] {processor.py:157} INFO - Started process (PID=978) to work on /home/airflow/.local/lib/python3.7/site-packages/airflow/example_dags/example_branch_labels.py
[2024-03-30T08:28:37.273+0000] {processor.py:826} INFO - Processing file /home/airflow/.local/lib/python3.7/site-packages/airflow/example_dags/example_branch_labels.py for tasks to queue
[2024-03-30T08:28:37.274+0000] {logging_mixin.py:149} INFO - [2024-03-30T08:28:37.273+0000] {dagbag.py:541} INFO - Filling up the DagBag from /home/airflow/.local/lib/python3.7/site-packages/airflow/example_dags/example_branch_labels.py
[2024-03-30T08:28:37.289+0000] {processor.py:836} INFO - DAG(s) dict_keys(['example_branch_labels']) retrieved from /home/airflow/.local/lib/python3.7/site-packages/airflow/example_dags/example_branch_labels.py
[2024-03-30T08:28:37.333+0000] {logging_mixin.py:149} INFO - [2024-03-30T08:28:37.333+0000] {dag.py:2726} INFO - Sync 1 DAGs
[2024-03-30T08:28:37.361+0000] {logging_mixin.py:149} INFO - [2024-03-30T08:28:37.361+0000] {dag.py:3490} INFO - Setting next_dagrun for example_branch_labels to 2024-03-29T00:00:00+00:00, run_after=2024-03-30T00:00:00+00:00
[2024-03-30T08:28:37.400+0000] {processor.py:179} INFO - Processing /home/airflow/.local/lib/python3.7/site-packages/airflow/example_dags/example_branch_labels.py took 0.133 seconds
