[2024-03-30T06:15:35.557+0000] {processor.py:157} INFO - Started process (PID=65) to work on /home/airflow/.local/lib/python3.7/site-packages/airflow/example_dags/example_latest_only_with_trigger.py
[2024-03-30T06:15:35.558+0000] {processor.py:826} INFO - Processing file /home/airflow/.local/lib/python3.7/site-packages/airflow/example_dags/example_latest_only_with_trigger.py for tasks to queue
[2024-03-30T06:15:35.559+0000] {logging_mixin.py:149} INFO - [2024-03-30T06:15:35.559+0000] {dagbag.py:541} INFO - Filling up the DagBag from /home/airflow/.local/lib/python3.7/site-packages/airflow/example_dags/example_latest_only_with_trigger.py
[2024-03-30T06:15:35.568+0000] {processor.py:836} INFO - DAG(s) dict_keys(['latest_only_with_trigger']) retrieved from /home/airflow/.local/lib/python3.7/site-packages/airflow/example_dags/example_latest_only_with_trigger.py
[2024-03-30T06:15:35.593+0000] {logging_mixin.py:149} INFO - [2024-03-30T06:15:35.593+0000] {dag.py:2726} INFO - Sync 1 DAGs
[2024-03-30T06:15:35.622+0000] {logging_mixin.py:149} INFO - [2024-03-30T06:15:35.622+0000] {dag.py:3490} INFO - Setting next_dagrun for latest_only_with_trigger to 2024-03-30T02:15:35.622105+00:00, run_after=2024-03-30T06:15:35.622105+00:00
[2024-03-30T06:15:35.657+0000] {processor.py:179} INFO - Processing /home/airflow/.local/lib/python3.7/site-packages/airflow/example_dags/example_latest_only_with_trigger.py took 0.102 seconds
[2024-03-30T06:16:05.905+0000] {processor.py:157} INFO - Started process (PID=124) to work on /home/airflow/.local/lib/python3.7/site-packages/airflow/example_dags/example_latest_only_with_trigger.py
[2024-03-30T06:16:05.906+0000] {processor.py:826} INFO - Processing file /home/airflow/.local/lib/python3.7/site-packages/airflow/example_dags/example_latest_only_with_trigger.py for tasks to queue
[2024-03-30T06:16:05.906+0000] {logging_mixin.py:149} INFO - [2024-03-30T06:16:05.906+0000] {dagbag.py:541} INFO - Filling up the DagBag from /home/airflow/.local/lib/python3.7/site-packages/airflow/example_dags/example_latest_only_with_trigger.py
[2024-03-30T06:16:05.911+0000] {processor.py:836} INFO - DAG(s) dict_keys(['latest_only_with_trigger']) retrieved from /home/airflow/.local/lib/python3.7/site-packages/airflow/example_dags/example_latest_only_with_trigger.py
[2024-03-30T06:16:05.952+0000] {logging_mixin.py:149} INFO - [2024-03-30T06:16:05.951+0000] {dag.py:2726} INFO - Sync 1 DAGs
[2024-03-30T06:16:05.976+0000] {logging_mixin.py:149} INFO - [2024-03-30T06:16:05.976+0000] {dag.py:3490} INFO - Setting next_dagrun for latest_only_with_trigger to 2024-03-30T02:16:05.975815+00:00, run_after=2024-03-30T06:16:05.975815+00:00
[2024-03-30T06:16:06.013+0000] {processor.py:179} INFO - Processing /home/airflow/.local/lib/python3.7/site-packages/airflow/example_dags/example_latest_only_with_trigger.py took 0.111 seconds
[2024-03-30T06:16:36.771+0000] {processor.py:157} INFO - Started process (PID=184) to work on /home/airflow/.local/lib/python3.7/site-packages/airflow/example_dags/example_latest_only_with_trigger.py
[2024-03-30T06:16:36.772+0000] {processor.py:826} INFO - Processing file /home/airflow/.local/lib/python3.7/site-packages/airflow/example_dags/example_latest_only_with_trigger.py for tasks to queue
[2024-03-30T06:16:36.772+0000] {logging_mixin.py:149} INFO - [2024-03-30T06:16:36.772+0000] {dagbag.py:541} INFO - Filling up the DagBag from /home/airflow/.local/lib/python3.7/site-packages/airflow/example_dags/example_latest_only_with_trigger.py
[2024-03-30T06:16:36.777+0000] {processor.py:836} INFO - DAG(s) dict_keys(['latest_only_with_trigger']) retrieved from /home/airflow/.local/lib/python3.7/site-packages/airflow/example_dags/example_latest_only_with_trigger.py
[2024-03-30T06:16:36.813+0000] {logging_mixin.py:149} INFO - [2024-03-30T06:16:36.813+0000] {dag.py:2726} INFO - Sync 1 DAGs
[2024-03-30T06:16:36.837+0000] {logging_mixin.py:149} INFO - [2024-03-30T06:16:36.837+0000] {dag.py:3490} INFO - Setting next_dagrun for latest_only_with_trigger to 2024-03-30T02:16:36.837045+00:00, run_after=2024-03-30T06:16:36.837045+00:00
[2024-03-30T06:16:36.869+0000] {processor.py:179} INFO - Processing /home/airflow/.local/lib/python3.7/site-packages/airflow/example_dags/example_latest_only_with_trigger.py took 0.101 seconds
[2024-03-30T06:17:07.084+0000] {processor.py:157} INFO - Started process (PID=244) to work on /home/airflow/.local/lib/python3.7/site-packages/airflow/example_dags/example_latest_only_with_trigger.py
[2024-03-30T06:17:07.085+0000] {processor.py:826} INFO - Processing file /home/airflow/.local/lib/python3.7/site-packages/airflow/example_dags/example_latest_only_with_trigger.py for tasks to queue
[2024-03-30T06:17:07.085+0000] {logging_mixin.py:149} INFO - [2024-03-30T06:17:07.085+0000] {dagbag.py:541} INFO - Filling up the DagBag from /home/airflow/.local/lib/python3.7/site-packages/airflow/example_dags/example_latest_only_with_trigger.py
[2024-03-30T06:17:07.091+0000] {processor.py:836} INFO - DAG(s) dict_keys(['latest_only_with_trigger']) retrieved from /home/airflow/.local/lib/python3.7/site-packages/airflow/example_dags/example_latest_only_with_trigger.py
[2024-03-30T06:17:07.126+0000] {logging_mixin.py:149} INFO - [2024-03-30T06:17:07.126+0000] {dag.py:2726} INFO - Sync 1 DAGs
[2024-03-30T06:17:07.150+0000] {logging_mixin.py:149} INFO - [2024-03-30T06:17:07.150+0000] {dag.py:3490} INFO - Setting next_dagrun for latest_only_with_trigger to 2024-03-30T02:17:07.150341+00:00, run_after=2024-03-30T06:17:07.150341+00:00
[2024-03-30T06:17:07.183+0000] {processor.py:179} INFO - Processing /home/airflow/.local/lib/python3.7/site-packages/airflow/example_dags/example_latest_only_with_trigger.py took 0.101 seconds
[2024-03-30T06:17:37.333+0000] {processor.py:157} INFO - Started process (PID=304) to work on /home/airflow/.local/lib/python3.7/site-packages/airflow/example_dags/example_latest_only_with_trigger.py
[2024-03-30T06:17:37.334+0000] {processor.py:826} INFO - Processing file /home/airflow/.local/lib/python3.7/site-packages/airflow/example_dags/example_latest_only_with_trigger.py for tasks to queue
[2024-03-30T06:17:37.334+0000] {logging_mixin.py:149} INFO - [2024-03-30T06:17:37.334+0000] {dagbag.py:541} INFO - Filling up the DagBag from /home/airflow/.local/lib/python3.7/site-packages/airflow/example_dags/example_latest_only_with_trigger.py
[2024-03-30T06:17:37.340+0000] {processor.py:836} INFO - DAG(s) dict_keys(['latest_only_with_trigger']) retrieved from /home/airflow/.local/lib/python3.7/site-packages/airflow/example_dags/example_latest_only_with_trigger.py
[2024-03-30T06:17:37.372+0000] {logging_mixin.py:149} INFO - [2024-03-30T06:17:37.372+0000] {dag.py:2726} INFO - Sync 1 DAGs
[2024-03-30T06:17:37.395+0000] {logging_mixin.py:149} INFO - [2024-03-30T06:17:37.395+0000] {dag.py:3490} INFO - Setting next_dagrun for latest_only_with_trigger to 2024-03-30T02:17:37.394815+00:00, run_after=2024-03-30T06:17:37.394815+00:00
[2024-03-30T06:17:37.429+0000] {processor.py:179} INFO - Processing /home/airflow/.local/lib/python3.7/site-packages/airflow/example_dags/example_latest_only_with_trigger.py took 0.098 seconds
[2024-03-30T06:18:07.678+0000] {processor.py:157} INFO - Started process (PID=364) to work on /home/airflow/.local/lib/python3.7/site-packages/airflow/example_dags/example_latest_only_with_trigger.py
[2024-03-30T06:18:07.679+0000] {processor.py:826} INFO - Processing file /home/airflow/.local/lib/python3.7/site-packages/airflow/example_dags/example_latest_only_with_trigger.py for tasks to queue
[2024-03-30T06:18:07.679+0000] {logging_mixin.py:149} INFO - [2024-03-30T06:18:07.679+0000] {dagbag.py:541} INFO - Filling up the DagBag from /home/airflow/.local/lib/python3.7/site-packages/airflow/example_dags/example_latest_only_with_trigger.py
[2024-03-30T06:18:07.685+0000] {processor.py:836} INFO - DAG(s) dict_keys(['latest_only_with_trigger']) retrieved from /home/airflow/.local/lib/python3.7/site-packages/airflow/example_dags/example_latest_only_with_trigger.py
[2024-03-30T06:18:07.722+0000] {logging_mixin.py:149} INFO - [2024-03-30T06:18:07.722+0000] {dag.py:2726} INFO - Sync 1 DAGs
[2024-03-30T06:18:07.747+0000] {logging_mixin.py:149} INFO - [2024-03-30T06:18:07.747+0000] {dag.py:3490} INFO - Setting next_dagrun for latest_only_with_trigger to 2024-03-30T02:18:07.746807+00:00, run_after=2024-03-30T06:18:07.746807+00:00
[2024-03-30T06:18:07.779+0000] {processor.py:179} INFO - Processing /home/airflow/.local/lib/python3.7/site-packages/airflow/example_dags/example_latest_only_with_trigger.py took 0.104 seconds
[2024-03-30T06:18:38.484+0000] {processor.py:157} INFO - Started process (PID=425) to work on /home/airflow/.local/lib/python3.7/site-packages/airflow/example_dags/example_latest_only_with_trigger.py
[2024-03-30T06:18:38.486+0000] {processor.py:826} INFO - Processing file /home/airflow/.local/lib/python3.7/site-packages/airflow/example_dags/example_latest_only_with_trigger.py for tasks to queue
[2024-03-30T06:18:38.487+0000] {logging_mixin.py:149} INFO - [2024-03-30T06:18:38.486+0000] {dagbag.py:541} INFO - Filling up the DagBag from /home/airflow/.local/lib/python3.7/site-packages/airflow/example_dags/example_latest_only_with_trigger.py
[2024-03-30T06:18:38.493+0000] {processor.py:836} INFO - DAG(s) dict_keys(['latest_only_with_trigger']) retrieved from /home/airflow/.local/lib/python3.7/site-packages/airflow/example_dags/example_latest_only_with_trigger.py
[2024-03-30T06:18:38.531+0000] {logging_mixin.py:149} INFO - [2024-03-30T06:18:38.531+0000] {dag.py:2726} INFO - Sync 1 DAGs
[2024-03-30T06:18:38.560+0000] {logging_mixin.py:149} INFO - [2024-03-30T06:18:38.559+0000] {dag.py:3490} INFO - Setting next_dagrun for latest_only_with_trigger to 2024-03-30T02:18:38.559336+00:00, run_after=2024-03-30T06:18:38.559336+00:00
[2024-03-30T06:18:38.603+0000] {processor.py:179} INFO - Processing /home/airflow/.local/lib/python3.7/site-packages/airflow/example_dags/example_latest_only_with_trigger.py took 0.122 seconds
[2024-03-30T06:19:08.670+0000] {processor.py:157} INFO - Started process (PID=485) to work on /home/airflow/.local/lib/python3.7/site-packages/airflow/example_dags/example_latest_only_with_trigger.py
[2024-03-30T06:19:08.671+0000] {processor.py:826} INFO - Processing file /home/airflow/.local/lib/python3.7/site-packages/airflow/example_dags/example_latest_only_with_trigger.py for tasks to queue
[2024-03-30T06:19:08.671+0000] {logging_mixin.py:149} INFO - [2024-03-30T06:19:08.671+0000] {dagbag.py:541} INFO - Filling up the DagBag from /home/airflow/.local/lib/python3.7/site-packages/airflow/example_dags/example_latest_only_with_trigger.py
[2024-03-30T06:19:08.677+0000] {processor.py:836} INFO - DAG(s) dict_keys(['latest_only_with_trigger']) retrieved from /home/airflow/.local/lib/python3.7/site-packages/airflow/example_dags/example_latest_only_with_trigger.py
[2024-03-30T06:19:08.710+0000] {logging_mixin.py:149} INFO - [2024-03-30T06:19:08.710+0000] {dag.py:2726} INFO - Sync 1 DAGs
[2024-03-30T06:19:08.737+0000] {logging_mixin.py:149} INFO - [2024-03-30T06:19:08.737+0000] {dag.py:3490} INFO - Setting next_dagrun for latest_only_with_trigger to 2024-03-30T02:19:08.736878+00:00, run_after=2024-03-30T06:19:08.736878+00:00
[2024-03-30T06:19:08.770+0000] {processor.py:179} INFO - Processing /home/airflow/.local/lib/python3.7/site-packages/airflow/example_dags/example_latest_only_with_trigger.py took 0.103 seconds
[2024-03-30T06:19:39.869+0000] {processor.py:157} INFO - Started process (PID=545) to work on /home/airflow/.local/lib/python3.7/site-packages/airflow/example_dags/example_latest_only_with_trigger.py
[2024-03-30T06:19:39.870+0000] {processor.py:826} INFO - Processing file /home/airflow/.local/lib/python3.7/site-packages/airflow/example_dags/example_latest_only_with_trigger.py for tasks to queue
[2024-03-30T06:19:39.871+0000] {logging_mixin.py:149} INFO - [2024-03-30T06:19:39.871+0000] {dagbag.py:541} INFO - Filling up the DagBag from /home/airflow/.local/lib/python3.7/site-packages/airflow/example_dags/example_latest_only_with_trigger.py
[2024-03-30T06:19:39.876+0000] {processor.py:836} INFO - DAG(s) dict_keys(['latest_only_with_trigger']) retrieved from /home/airflow/.local/lib/python3.7/site-packages/airflow/example_dags/example_latest_only_with_trigger.py
[2024-03-30T06:19:39.911+0000] {logging_mixin.py:149} INFO - [2024-03-30T06:19:39.911+0000] {dag.py:2726} INFO - Sync 1 DAGs
[2024-03-30T06:19:39.936+0000] {logging_mixin.py:149} INFO - [2024-03-30T06:19:39.935+0000] {dag.py:3490} INFO - Setting next_dagrun for latest_only_with_trigger to 2024-03-30T02:19:39.935683+00:00, run_after=2024-03-30T06:19:39.935683+00:00
[2024-03-30T06:19:39.970+0000] {processor.py:179} INFO - Processing /home/airflow/.local/lib/python3.7/site-packages/airflow/example_dags/example_latest_only_with_trigger.py took 0.104 seconds
[2024-03-30T06:20:10.834+0000] {processor.py:157} INFO - Started process (PID=605) to work on /home/airflow/.local/lib/python3.7/site-packages/airflow/example_dags/example_latest_only_with_trigger.py
[2024-03-30T06:20:10.835+0000] {processor.py:826} INFO - Processing file /home/airflow/.local/lib/python3.7/site-packages/airflow/example_dags/example_latest_only_with_trigger.py for tasks to queue
[2024-03-30T06:20:10.836+0000] {logging_mixin.py:149} INFO - [2024-03-30T06:20:10.835+0000] {dagbag.py:541} INFO - Filling up the DagBag from /home/airflow/.local/lib/python3.7/site-packages/airflow/example_dags/example_latest_only_with_trigger.py
[2024-03-30T06:20:10.845+0000] {processor.py:836} INFO - DAG(s) dict_keys(['latest_only_with_trigger']) retrieved from /home/airflow/.local/lib/python3.7/site-packages/airflow/example_dags/example_latest_only_with_trigger.py
[2024-03-30T06:20:10.886+0000] {logging_mixin.py:149} INFO - [2024-03-30T06:20:10.886+0000] {dag.py:2726} INFO - Sync 1 DAGs
[2024-03-30T06:20:10.911+0000] {logging_mixin.py:149} INFO - [2024-03-30T06:20:10.911+0000] {dag.py:3490} INFO - Setting next_dagrun for latest_only_with_trigger to 2024-03-30T02:20:10.911028+00:00, run_after=2024-03-30T06:20:10.911028+00:00
[2024-03-30T06:20:10.945+0000] {processor.py:179} INFO - Processing /home/airflow/.local/lib/python3.7/site-packages/airflow/example_dags/example_latest_only_with_trigger.py took 0.114 seconds
[2024-03-30T06:20:41.575+0000] {processor.py:157} INFO - Started process (PID=667) to work on /home/airflow/.local/lib/python3.7/site-packages/airflow/example_dags/example_latest_only_with_trigger.py
[2024-03-30T06:20:41.576+0000] {processor.py:826} INFO - Processing file /home/airflow/.local/lib/python3.7/site-packages/airflow/example_dags/example_latest_only_with_trigger.py for tasks to queue
[2024-03-30T06:20:41.577+0000] {logging_mixin.py:149} INFO - [2024-03-30T06:20:41.577+0000] {dagbag.py:541} INFO - Filling up the DagBag from /home/airflow/.local/lib/python3.7/site-packages/airflow/example_dags/example_latest_only_with_trigger.py
[2024-03-30T06:20:41.583+0000] {processor.py:836} INFO - DAG(s) dict_keys(['latest_only_with_trigger']) retrieved from /home/airflow/.local/lib/python3.7/site-packages/airflow/example_dags/example_latest_only_with_trigger.py
[2024-03-30T06:20:41.628+0000] {logging_mixin.py:149} INFO - [2024-03-30T06:20:41.628+0000] {dag.py:2726} INFO - Sync 1 DAGs
[2024-03-30T06:20:41.655+0000] {logging_mixin.py:149} INFO - [2024-03-30T06:20:41.655+0000] {dag.py:3490} INFO - Setting next_dagrun for latest_only_with_trigger to 2024-03-30T02:20:41.655264+00:00, run_after=2024-03-30T06:20:41.655264+00:00
[2024-03-30T06:20:41.689+0000] {processor.py:179} INFO - Processing /home/airflow/.local/lib/python3.7/site-packages/airflow/example_dags/example_latest_only_with_trigger.py took 0.117 seconds
[2024-03-30T06:21:12.301+0000] {processor.py:157} INFO - Started process (PID=728) to work on /home/airflow/.local/lib/python3.7/site-packages/airflow/example_dags/example_latest_only_with_trigger.py
[2024-03-30T06:21:12.301+0000] {processor.py:826} INFO - Processing file /home/airflow/.local/lib/python3.7/site-packages/airflow/example_dags/example_latest_only_with_trigger.py for tasks to queue
[2024-03-30T06:21:12.302+0000] {logging_mixin.py:149} INFO - [2024-03-30T06:21:12.302+0000] {dagbag.py:541} INFO - Filling up the DagBag from /home/airflow/.local/lib/python3.7/site-packages/airflow/example_dags/example_latest_only_with_trigger.py
[2024-03-30T06:21:12.309+0000] {processor.py:836} INFO - DAG(s) dict_keys(['latest_only_with_trigger']) retrieved from /home/airflow/.local/lib/python3.7/site-packages/airflow/example_dags/example_latest_only_with_trigger.py
[2024-03-30T06:21:12.348+0000] {logging_mixin.py:149} INFO - [2024-03-30T06:21:12.348+0000] {dag.py:2726} INFO - Sync 1 DAGs
[2024-03-30T06:21:12.373+0000] {logging_mixin.py:149} INFO - [2024-03-30T06:21:12.372+0000] {dag.py:3490} INFO - Setting next_dagrun for latest_only_with_trigger to 2024-03-30T02:21:12.372750+00:00, run_after=2024-03-30T06:21:12.372750+00:00
[2024-03-30T06:21:12.408+0000] {processor.py:179} INFO - Processing /home/airflow/.local/lib/python3.7/site-packages/airflow/example_dags/example_latest_only_with_trigger.py took 0.110 seconds
[2024-03-30T06:21:43.529+0000] {processor.py:157} INFO - Started process (PID=789) to work on /home/airflow/.local/lib/python3.7/site-packages/airflow/example_dags/example_latest_only_with_trigger.py
[2024-03-30T06:21:43.530+0000] {processor.py:826} INFO - Processing file /home/airflow/.local/lib/python3.7/site-packages/airflow/example_dags/example_latest_only_with_trigger.py for tasks to queue
[2024-03-30T06:21:43.531+0000] {logging_mixin.py:149} INFO - [2024-03-30T06:21:43.531+0000] {dagbag.py:541} INFO - Filling up the DagBag from /home/airflow/.local/lib/python3.7/site-packages/airflow/example_dags/example_latest_only_with_trigger.py
[2024-03-30T06:21:43.536+0000] {processor.py:836} INFO - DAG(s) dict_keys(['latest_only_with_trigger']) retrieved from /home/airflow/.local/lib/python3.7/site-packages/airflow/example_dags/example_latest_only_with_trigger.py
[2024-03-30T06:21:43.573+0000] {logging_mixin.py:149} INFO - [2024-03-30T06:21:43.572+0000] {dag.py:2726} INFO - Sync 1 DAGs
[2024-03-30T06:21:43.641+0000] {logging_mixin.py:149} INFO - [2024-03-30T06:21:43.641+0000] {dag.py:3490} INFO - Setting next_dagrun for latest_only_with_trigger to 2024-03-30T02:21:43.640801+00:00, run_after=2024-03-30T06:21:43.640801+00:00
[2024-03-30T06:21:43.675+0000] {processor.py:179} INFO - Processing /home/airflow/.local/lib/python3.7/site-packages/airflow/example_dags/example_latest_only_with_trigger.py took 0.148 seconds
[2024-03-30T06:22:14.252+0000] {processor.py:157} INFO - Started process (PID=850) to work on /home/airflow/.local/lib/python3.7/site-packages/airflow/example_dags/example_latest_only_with_trigger.py
[2024-03-30T06:22:14.253+0000] {processor.py:826} INFO - Processing file /home/airflow/.local/lib/python3.7/site-packages/airflow/example_dags/example_latest_only_with_trigger.py for tasks to queue
[2024-03-30T06:22:14.253+0000] {logging_mixin.py:149} INFO - [2024-03-30T06:22:14.253+0000] {dagbag.py:541} INFO - Filling up the DagBag from /home/airflow/.local/lib/python3.7/site-packages/airflow/example_dags/example_latest_only_with_trigger.py
[2024-03-30T06:22:14.258+0000] {processor.py:836} INFO - DAG(s) dict_keys(['latest_only_with_trigger']) retrieved from /home/airflow/.local/lib/python3.7/site-packages/airflow/example_dags/example_latest_only_with_trigger.py
[2024-03-30T06:22:14.298+0000] {logging_mixin.py:149} INFO - [2024-03-30T06:22:14.297+0000] {dag.py:2726} INFO - Sync 1 DAGs
[2024-03-30T06:22:14.324+0000] {logging_mixin.py:149} INFO - [2024-03-30T06:22:14.324+0000] {dag.py:3490} INFO - Setting next_dagrun for latest_only_with_trigger to 2024-03-30T02:22:14.323955+00:00, run_after=2024-03-30T06:22:14.323955+00:00
[2024-03-30T06:22:14.358+0000] {processor.py:179} INFO - Processing /home/airflow/.local/lib/python3.7/site-packages/airflow/example_dags/example_latest_only_with_trigger.py took 0.109 seconds
[2024-03-30T06:22:44.710+0000] {processor.py:157} INFO - Started process (PID=911) to work on /home/airflow/.local/lib/python3.7/site-packages/airflow/example_dags/example_latest_only_with_trigger.py
[2024-03-30T06:22:44.711+0000] {processor.py:826} INFO - Processing file /home/airflow/.local/lib/python3.7/site-packages/airflow/example_dags/example_latest_only_with_trigger.py for tasks to queue
[2024-03-30T06:22:44.712+0000] {logging_mixin.py:149} INFO - [2024-03-30T06:22:44.712+0000] {dagbag.py:541} INFO - Filling up the DagBag from /home/airflow/.local/lib/python3.7/site-packages/airflow/example_dags/example_latest_only_with_trigger.py
[2024-03-30T06:22:44.719+0000] {processor.py:836} INFO - DAG(s) dict_keys(['latest_only_with_trigger']) retrieved from /home/airflow/.local/lib/python3.7/site-packages/airflow/example_dags/example_latest_only_with_trigger.py
[2024-03-30T06:22:44.754+0000] {logging_mixin.py:149} INFO - [2024-03-30T06:22:44.754+0000] {dag.py:2726} INFO - Sync 1 DAGs
[2024-03-30T06:22:44.780+0000] {logging_mixin.py:149} INFO - [2024-03-30T06:22:44.780+0000] {dag.py:3490} INFO - Setting next_dagrun for latest_only_with_trigger to 2024-03-30T02:22:44.779784+00:00, run_after=2024-03-30T06:22:44.779784+00:00
[2024-03-30T06:22:44.817+0000] {processor.py:179} INFO - Processing /home/airflow/.local/lib/python3.7/site-packages/airflow/example_dags/example_latest_only_with_trigger.py took 0.110 seconds
[2024-03-30T06:23:15.090+0000] {processor.py:157} INFO - Started process (PID=972) to work on /home/airflow/.local/lib/python3.7/site-packages/airflow/example_dags/example_latest_only_with_trigger.py
[2024-03-30T06:23:15.091+0000] {processor.py:826} INFO - Processing file /home/airflow/.local/lib/python3.7/site-packages/airflow/example_dags/example_latest_only_with_trigger.py for tasks to queue
[2024-03-30T06:23:15.091+0000] {logging_mixin.py:149} INFO - [2024-03-30T06:23:15.091+0000] {dagbag.py:541} INFO - Filling up the DagBag from /home/airflow/.local/lib/python3.7/site-packages/airflow/example_dags/example_latest_only_with_trigger.py
[2024-03-30T06:23:15.097+0000] {processor.py:836} INFO - DAG(s) dict_keys(['latest_only_with_trigger']) retrieved from /home/airflow/.local/lib/python3.7/site-packages/airflow/example_dags/example_latest_only_with_trigger.py
[2024-03-30T06:23:15.139+0000] {logging_mixin.py:149} INFO - [2024-03-30T06:23:15.139+0000] {dag.py:2726} INFO - Sync 1 DAGs
[2024-03-30T06:23:15.163+0000] {logging_mixin.py:149} INFO - [2024-03-30T06:23:15.162+0000] {dag.py:3490} INFO - Setting next_dagrun for latest_only_with_trigger to 2024-03-30T02:23:15.162544+00:00, run_after=2024-03-30T06:23:15.162544+00:00
[2024-03-30T06:23:15.194+0000] {processor.py:179} INFO - Processing /home/airflow/.local/lib/python3.7/site-packages/airflow/example_dags/example_latest_only_with_trigger.py took 0.106 seconds
[2024-03-30T06:23:46.425+0000] {processor.py:157} INFO - Started process (PID=1033) to work on /home/airflow/.local/lib/python3.7/site-packages/airflow/example_dags/example_latest_only_with_trigger.py
[2024-03-30T06:23:46.426+0000] {processor.py:826} INFO - Processing file /home/airflow/.local/lib/python3.7/site-packages/airflow/example_dags/example_latest_only_with_trigger.py for tasks to queue
[2024-03-30T06:23:46.427+0000] {logging_mixin.py:149} INFO - [2024-03-30T06:23:46.427+0000] {dagbag.py:541} INFO - Filling up the DagBag from /home/airflow/.local/lib/python3.7/site-packages/airflow/example_dags/example_latest_only_with_trigger.py
[2024-03-30T06:23:46.432+0000] {processor.py:836} INFO - DAG(s) dict_keys(['latest_only_with_trigger']) retrieved from /home/airflow/.local/lib/python3.7/site-packages/airflow/example_dags/example_latest_only_with_trigger.py
[2024-03-30T06:23:46.468+0000] {logging_mixin.py:149} INFO - [2024-03-30T06:23:46.468+0000] {dag.py:2726} INFO - Sync 1 DAGs
[2024-03-30T06:23:46.494+0000] {logging_mixin.py:149} INFO - [2024-03-30T06:23:46.493+0000] {dag.py:3490} INFO - Setting next_dagrun for latest_only_with_trigger to 2024-03-30T02:23:46.493692+00:00, run_after=2024-03-30T06:23:46.493692+00:00
[2024-03-30T06:23:46.528+0000] {processor.py:179} INFO - Processing /home/airflow/.local/lib/python3.7/site-packages/airflow/example_dags/example_latest_only_with_trigger.py took 0.106 seconds
[2024-03-30T06:24:16.890+0000] {processor.py:157} INFO - Started process (PID=1094) to work on /home/airflow/.local/lib/python3.7/site-packages/airflow/example_dags/example_latest_only_with_trigger.py
[2024-03-30T06:24:16.890+0000] {processor.py:826} INFO - Processing file /home/airflow/.local/lib/python3.7/site-packages/airflow/example_dags/example_latest_only_with_trigger.py for tasks to queue
[2024-03-30T06:24:16.891+0000] {logging_mixin.py:149} INFO - [2024-03-30T06:24:16.891+0000] {dagbag.py:541} INFO - Filling up the DagBag from /home/airflow/.local/lib/python3.7/site-packages/airflow/example_dags/example_latest_only_with_trigger.py
[2024-03-30T06:24:16.897+0000] {processor.py:836} INFO - DAG(s) dict_keys(['latest_only_with_trigger']) retrieved from /home/airflow/.local/lib/python3.7/site-packages/airflow/example_dags/example_latest_only_with_trigger.py
[2024-03-30T06:24:16.932+0000] {logging_mixin.py:149} INFO - [2024-03-30T06:24:16.932+0000] {dag.py:2726} INFO - Sync 1 DAGs
[2024-03-30T06:24:16.957+0000] {logging_mixin.py:149} INFO - [2024-03-30T06:24:16.957+0000] {dag.py:3490} INFO - Setting next_dagrun for latest_only_with_trigger to 2024-03-30T02:24:16.956784+00:00, run_after=2024-03-30T06:24:16.956784+00:00
[2024-03-30T06:24:16.989+0000] {processor.py:179} INFO - Processing /home/airflow/.local/lib/python3.7/site-packages/airflow/example_dags/example_latest_only_with_trigger.py took 0.102 seconds
[2024-03-30T06:24:47.322+0000] {processor.py:157} INFO - Started process (PID=1155) to work on /home/airflow/.local/lib/python3.7/site-packages/airflow/example_dags/example_latest_only_with_trigger.py
[2024-03-30T06:24:47.323+0000] {processor.py:826} INFO - Processing file /home/airflow/.local/lib/python3.7/site-packages/airflow/example_dags/example_latest_only_with_trigger.py for tasks to queue
[2024-03-30T06:24:47.323+0000] {logging_mixin.py:149} INFO - [2024-03-30T06:24:47.323+0000] {dagbag.py:541} INFO - Filling up the DagBag from /home/airflow/.local/lib/python3.7/site-packages/airflow/example_dags/example_latest_only_with_trigger.py
[2024-03-30T06:24:47.328+0000] {processor.py:836} INFO - DAG(s) dict_keys(['latest_only_with_trigger']) retrieved from /home/airflow/.local/lib/python3.7/site-packages/airflow/example_dags/example_latest_only_with_trigger.py
[2024-03-30T06:24:47.362+0000] {logging_mixin.py:149} INFO - [2024-03-30T06:24:47.362+0000] {dag.py:2726} INFO - Sync 1 DAGs
[2024-03-30T06:24:47.385+0000] {logging_mixin.py:149} INFO - [2024-03-30T06:24:47.385+0000] {dag.py:3490} INFO - Setting next_dagrun for latest_only_with_trigger to 2024-03-30T02:24:47.385642+00:00, run_after=2024-03-30T06:24:47.385642+00:00
[2024-03-30T06:24:47.427+0000] {processor.py:179} INFO - Processing /home/airflow/.local/lib/python3.7/site-packages/airflow/example_dags/example_latest_only_with_trigger.py took 0.108 seconds
[2024-03-30T06:25:17.784+0000] {processor.py:157} INFO - Started process (PID=1216) to work on /home/airflow/.local/lib/python3.7/site-packages/airflow/example_dags/example_latest_only_with_trigger.py
[2024-03-30T06:25:17.784+0000] {processor.py:826} INFO - Processing file /home/airflow/.local/lib/python3.7/site-packages/airflow/example_dags/example_latest_only_with_trigger.py for tasks to queue
[2024-03-30T06:25:17.785+0000] {logging_mixin.py:149} INFO - [2024-03-30T06:25:17.785+0000] {dagbag.py:541} INFO - Filling up the DagBag from /home/airflow/.local/lib/python3.7/site-packages/airflow/example_dags/example_latest_only_with_trigger.py
[2024-03-30T06:25:17.791+0000] {processor.py:836} INFO - DAG(s) dict_keys(['latest_only_with_trigger']) retrieved from /home/airflow/.local/lib/python3.7/site-packages/airflow/example_dags/example_latest_only_with_trigger.py
[2024-03-30T06:25:17.827+0000] {logging_mixin.py:149} INFO - [2024-03-30T06:25:17.827+0000] {dag.py:2726} INFO - Sync 1 DAGs
[2024-03-30T06:25:17.853+0000] {logging_mixin.py:149} INFO - [2024-03-30T06:25:17.853+0000] {dag.py:3490} INFO - Setting next_dagrun for latest_only_with_trigger to 2024-03-30T02:25:17.853311+00:00, run_after=2024-03-30T06:25:17.853311+00:00
[2024-03-30T06:25:17.889+0000] {processor.py:179} INFO - Processing /home/airflow/.local/lib/python3.7/site-packages/airflow/example_dags/example_latest_only_with_trigger.py took 0.108 seconds
[2024-03-30T06:25:48.095+0000] {processor.py:157} INFO - Started process (PID=1277) to work on /home/airflow/.local/lib/python3.7/site-packages/airflow/example_dags/example_latest_only_with_trigger.py
[2024-03-30T06:25:48.096+0000] {processor.py:826} INFO - Processing file /home/airflow/.local/lib/python3.7/site-packages/airflow/example_dags/example_latest_only_with_trigger.py for tasks to queue
[2024-03-30T06:25:48.097+0000] {logging_mixin.py:149} INFO - [2024-03-30T06:25:48.097+0000] {dagbag.py:541} INFO - Filling up the DagBag from /home/airflow/.local/lib/python3.7/site-packages/airflow/example_dags/example_latest_only_with_trigger.py
[2024-03-30T06:25:48.102+0000] {processor.py:836} INFO - DAG(s) dict_keys(['latest_only_with_trigger']) retrieved from /home/airflow/.local/lib/python3.7/site-packages/airflow/example_dags/example_latest_only_with_trigger.py
[2024-03-30T06:25:48.138+0000] {logging_mixin.py:149} INFO - [2024-03-30T06:25:48.138+0000] {dag.py:2726} INFO - Sync 1 DAGs
[2024-03-30T06:25:48.165+0000] {logging_mixin.py:149} INFO - [2024-03-30T06:25:48.165+0000] {dag.py:3490} INFO - Setting next_dagrun for latest_only_with_trigger to 2024-03-30T02:25:48.164806+00:00, run_after=2024-03-30T06:25:48.164806+00:00
[2024-03-30T06:25:48.199+0000] {processor.py:179} INFO - Processing /home/airflow/.local/lib/python3.7/site-packages/airflow/example_dags/example_latest_only_with_trigger.py took 0.106 seconds
[2024-03-30T06:26:18.942+0000] {processor.py:157} INFO - Started process (PID=1338) to work on /home/airflow/.local/lib/python3.7/site-packages/airflow/example_dags/example_latest_only_with_trigger.py
[2024-03-30T06:26:18.943+0000] {processor.py:826} INFO - Processing file /home/airflow/.local/lib/python3.7/site-packages/airflow/example_dags/example_latest_only_with_trigger.py for tasks to queue
[2024-03-30T06:26:18.944+0000] {logging_mixin.py:149} INFO - [2024-03-30T06:26:18.944+0000] {dagbag.py:541} INFO - Filling up the DagBag from /home/airflow/.local/lib/python3.7/site-packages/airflow/example_dags/example_latest_only_with_trigger.py
[2024-03-30T06:26:18.954+0000] {processor.py:836} INFO - DAG(s) dict_keys(['latest_only_with_trigger']) retrieved from /home/airflow/.local/lib/python3.7/site-packages/airflow/example_dags/example_latest_only_with_trigger.py
[2024-03-30T06:26:19.001+0000] {logging_mixin.py:149} INFO - [2024-03-30T06:26:19.000+0000] {dag.py:2726} INFO - Sync 1 DAGs
[2024-03-30T06:26:19.033+0000] {logging_mixin.py:149} INFO - [2024-03-30T06:26:19.032+0000] {dag.py:3490} INFO - Setting next_dagrun for latest_only_with_trigger to 2024-03-30T02:26:19.032675+00:00, run_after=2024-03-30T06:26:19.032675+00:00
[2024-03-30T06:26:19.066+0000] {processor.py:179} INFO - Processing /home/airflow/.local/lib/python3.7/site-packages/airflow/example_dags/example_latest_only_with_trigger.py took 0.127 seconds
[2024-03-30T06:26:49.948+0000] {processor.py:157} INFO - Started process (PID=1400) to work on /home/airflow/.local/lib/python3.7/site-packages/airflow/example_dags/example_latest_only_with_trigger.py
[2024-03-30T06:26:49.949+0000] {processor.py:826} INFO - Processing file /home/airflow/.local/lib/python3.7/site-packages/airflow/example_dags/example_latest_only_with_trigger.py for tasks to queue
[2024-03-30T06:26:49.949+0000] {logging_mixin.py:149} INFO - [2024-03-30T06:26:49.949+0000] {dagbag.py:541} INFO - Filling up the DagBag from /home/airflow/.local/lib/python3.7/site-packages/airflow/example_dags/example_latest_only_with_trigger.py
[2024-03-30T06:26:49.955+0000] {processor.py:836} INFO - DAG(s) dict_keys(['latest_only_with_trigger']) retrieved from /home/airflow/.local/lib/python3.7/site-packages/airflow/example_dags/example_latest_only_with_trigger.py
[2024-03-30T06:26:49.993+0000] {logging_mixin.py:149} INFO - [2024-03-30T06:26:49.993+0000] {dag.py:2726} INFO - Sync 1 DAGs
[2024-03-30T06:26:50.017+0000] {logging_mixin.py:149} INFO - [2024-03-30T06:26:50.016+0000] {dag.py:3490} INFO - Setting next_dagrun for latest_only_with_trigger to 2024-03-30T02:26:50.016674+00:00, run_after=2024-03-30T06:26:50.016674+00:00
[2024-03-30T06:26:50.051+0000] {processor.py:179} INFO - Processing /home/airflow/.local/lib/python3.7/site-packages/airflow/example_dags/example_latest_only_with_trigger.py took 0.105 seconds
[2024-03-30T06:27:20.435+0000] {processor.py:157} INFO - Started process (PID=1461) to work on /home/airflow/.local/lib/python3.7/site-packages/airflow/example_dags/example_latest_only_with_trigger.py
[2024-03-30T06:27:20.436+0000] {processor.py:826} INFO - Processing file /home/airflow/.local/lib/python3.7/site-packages/airflow/example_dags/example_latest_only_with_trigger.py for tasks to queue
[2024-03-30T06:27:20.437+0000] {logging_mixin.py:149} INFO - [2024-03-30T06:27:20.436+0000] {dagbag.py:541} INFO - Filling up the DagBag from /home/airflow/.local/lib/python3.7/site-packages/airflow/example_dags/example_latest_only_with_trigger.py
[2024-03-30T06:27:20.442+0000] {processor.py:836} INFO - DAG(s) dict_keys(['latest_only_with_trigger']) retrieved from /home/airflow/.local/lib/python3.7/site-packages/airflow/example_dags/example_latest_only_with_trigger.py
[2024-03-30T06:27:20.485+0000] {logging_mixin.py:149} INFO - [2024-03-30T06:27:20.485+0000] {dag.py:2726} INFO - Sync 1 DAGs
[2024-03-30T06:27:20.515+0000] {logging_mixin.py:149} INFO - [2024-03-30T06:27:20.514+0000] {dag.py:3490} INFO - Setting next_dagrun for latest_only_with_trigger to 2024-03-30T02:27:20.514587+00:00, run_after=2024-03-30T06:27:20.514587+00:00
[2024-03-30T06:27:20.554+0000] {processor.py:179} INFO - Processing /home/airflow/.local/lib/python3.7/site-packages/airflow/example_dags/example_latest_only_with_trigger.py took 0.122 seconds
[2024-03-30T06:27:51.321+0000] {processor.py:157} INFO - Started process (PID=1523) to work on /home/airflow/.local/lib/python3.7/site-packages/airflow/example_dags/example_latest_only_with_trigger.py
[2024-03-30T06:27:51.322+0000] {processor.py:826} INFO - Processing file /home/airflow/.local/lib/python3.7/site-packages/airflow/example_dags/example_latest_only_with_trigger.py for tasks to queue
[2024-03-30T06:27:51.323+0000] {logging_mixin.py:149} INFO - [2024-03-30T06:27:51.323+0000] {dagbag.py:541} INFO - Filling up the DagBag from /home/airflow/.local/lib/python3.7/site-packages/airflow/example_dags/example_latest_only_with_trigger.py
[2024-03-30T06:27:51.332+0000] {processor.py:836} INFO - DAG(s) dict_keys(['latest_only_with_trigger']) retrieved from /home/airflow/.local/lib/python3.7/site-packages/airflow/example_dags/example_latest_only_with_trigger.py
[2024-03-30T06:27:51.382+0000] {logging_mixin.py:149} INFO - [2024-03-30T06:27:51.382+0000] {dag.py:2726} INFO - Sync 1 DAGs
[2024-03-30T06:27:51.411+0000] {logging_mixin.py:149} INFO - [2024-03-30T06:27:51.411+0000] {dag.py:3490} INFO - Setting next_dagrun for latest_only_with_trigger to 2024-03-30T02:27:51.411476+00:00, run_after=2024-03-30T06:27:51.411476+00:00
[2024-03-30T06:27:51.461+0000] {processor.py:179} INFO - Processing /home/airflow/.local/lib/python3.7/site-packages/airflow/example_dags/example_latest_only_with_trigger.py took 0.147 seconds
[2024-03-30T06:28:22.104+0000] {processor.py:157} INFO - Started process (PID=1584) to work on /home/airflow/.local/lib/python3.7/site-packages/airflow/example_dags/example_latest_only_with_trigger.py
[2024-03-30T06:28:22.104+0000] {processor.py:826} INFO - Processing file /home/airflow/.local/lib/python3.7/site-packages/airflow/example_dags/example_latest_only_with_trigger.py for tasks to queue
[2024-03-30T06:28:22.105+0000] {logging_mixin.py:149} INFO - [2024-03-30T06:28:22.105+0000] {dagbag.py:541} INFO - Filling up the DagBag from /home/airflow/.local/lib/python3.7/site-packages/airflow/example_dags/example_latest_only_with_trigger.py
[2024-03-30T06:28:22.112+0000] {processor.py:836} INFO - DAG(s) dict_keys(['latest_only_with_trigger']) retrieved from /home/airflow/.local/lib/python3.7/site-packages/airflow/example_dags/example_latest_only_with_trigger.py
[2024-03-30T06:28:22.151+0000] {logging_mixin.py:149} INFO - [2024-03-30T06:28:22.151+0000] {dag.py:2726} INFO - Sync 1 DAGs
[2024-03-30T06:28:22.182+0000] {logging_mixin.py:149} INFO - [2024-03-30T06:28:22.182+0000] {dag.py:3490} INFO - Setting next_dagrun for latest_only_with_trigger to 2024-03-30T02:28:22.182167+00:00, run_after=2024-03-30T06:28:22.182167+00:00
[2024-03-30T06:28:22.217+0000] {processor.py:179} INFO - Processing /home/airflow/.local/lib/python3.7/site-packages/airflow/example_dags/example_latest_only_with_trigger.py took 0.117 seconds
[2024-03-30T06:28:52.700+0000] {processor.py:157} INFO - Started process (PID=1645) to work on /home/airflow/.local/lib/python3.7/site-packages/airflow/example_dags/example_latest_only_with_trigger.py
[2024-03-30T06:28:52.701+0000] {processor.py:826} INFO - Processing file /home/airflow/.local/lib/python3.7/site-packages/airflow/example_dags/example_latest_only_with_trigger.py for tasks to queue
[2024-03-30T06:28:52.702+0000] {logging_mixin.py:149} INFO - [2024-03-30T06:28:52.702+0000] {dagbag.py:541} INFO - Filling up the DagBag from /home/airflow/.local/lib/python3.7/site-packages/airflow/example_dags/example_latest_only_with_trigger.py
[2024-03-30T06:28:52.708+0000] {processor.py:836} INFO - DAG(s) dict_keys(['latest_only_with_trigger']) retrieved from /home/airflow/.local/lib/python3.7/site-packages/airflow/example_dags/example_latest_only_with_trigger.py
[2024-03-30T06:28:52.745+0000] {logging_mixin.py:149} INFO - [2024-03-30T06:28:52.745+0000] {dag.py:2726} INFO - Sync 1 DAGs
[2024-03-30T06:28:52.772+0000] {logging_mixin.py:149} INFO - [2024-03-30T06:28:52.771+0000] {dag.py:3490} INFO - Setting next_dagrun for latest_only_with_trigger to 2024-03-30T02:28:52.771709+00:00, run_after=2024-03-30T06:28:52.771709+00:00
[2024-03-30T06:28:52.809+0000] {processor.py:179} INFO - Processing /home/airflow/.local/lib/python3.7/site-packages/airflow/example_dags/example_latest_only_with_trigger.py took 0.112 seconds
[2024-03-30T06:29:23.173+0000] {processor.py:157} INFO - Started process (PID=1706) to work on /home/airflow/.local/lib/python3.7/site-packages/airflow/example_dags/example_latest_only_with_trigger.py
[2024-03-30T06:29:23.174+0000] {processor.py:826} INFO - Processing file /home/airflow/.local/lib/python3.7/site-packages/airflow/example_dags/example_latest_only_with_trigger.py for tasks to queue
[2024-03-30T06:29:23.174+0000] {logging_mixin.py:149} INFO - [2024-03-30T06:29:23.174+0000] {dagbag.py:541} INFO - Filling up the DagBag from /home/airflow/.local/lib/python3.7/site-packages/airflow/example_dags/example_latest_only_with_trigger.py
[2024-03-30T06:29:23.179+0000] {processor.py:836} INFO - DAG(s) dict_keys(['latest_only_with_trigger']) retrieved from /home/airflow/.local/lib/python3.7/site-packages/airflow/example_dags/example_latest_only_with_trigger.py
[2024-03-30T06:29:23.225+0000] {logging_mixin.py:149} INFO - [2024-03-30T06:29:23.224+0000] {dag.py:2726} INFO - Sync 1 DAGs
[2024-03-30T06:29:23.249+0000] {logging_mixin.py:149} INFO - [2024-03-30T06:29:23.249+0000] {dag.py:3490} INFO - Setting next_dagrun for latest_only_with_trigger to 2024-03-30T02:29:23.249192+00:00, run_after=2024-03-30T06:29:23.249192+00:00
[2024-03-30T06:29:23.283+0000] {processor.py:179} INFO - Processing /home/airflow/.local/lib/python3.7/site-packages/airflow/example_dags/example_latest_only_with_trigger.py took 0.113 seconds
[2024-03-30T06:29:53.878+0000] {processor.py:157} INFO - Started process (PID=1767) to work on /home/airflow/.local/lib/python3.7/site-packages/airflow/example_dags/example_latest_only_with_trigger.py
[2024-03-30T06:29:53.879+0000] {processor.py:826} INFO - Processing file /home/airflow/.local/lib/python3.7/site-packages/airflow/example_dags/example_latest_only_with_trigger.py for tasks to queue
[2024-03-30T06:29:53.880+0000] {logging_mixin.py:149} INFO - [2024-03-30T06:29:53.880+0000] {dagbag.py:541} INFO - Filling up the DagBag from /home/airflow/.local/lib/python3.7/site-packages/airflow/example_dags/example_latest_only_with_trigger.py
[2024-03-30T06:29:53.886+0000] {processor.py:836} INFO - DAG(s) dict_keys(['latest_only_with_trigger']) retrieved from /home/airflow/.local/lib/python3.7/site-packages/airflow/example_dags/example_latest_only_with_trigger.py
[2024-03-30T06:29:53.922+0000] {logging_mixin.py:149} INFO - [2024-03-30T06:29:53.922+0000] {dag.py:2726} INFO - Sync 1 DAGs
[2024-03-30T06:29:53.949+0000] {logging_mixin.py:149} INFO - [2024-03-30T06:29:53.949+0000] {dag.py:3490} INFO - Setting next_dagrun for latest_only_with_trigger to 2024-03-30T02:29:53.948935+00:00, run_after=2024-03-30T06:29:53.948935+00:00
[2024-03-30T06:29:53.985+0000] {processor.py:179} INFO - Processing /home/airflow/.local/lib/python3.7/site-packages/airflow/example_dags/example_latest_only_with_trigger.py took 0.111 seconds
[2024-03-30T06:30:24.188+0000] {processor.py:157} INFO - Started process (PID=1828) to work on /home/airflow/.local/lib/python3.7/site-packages/airflow/example_dags/example_latest_only_with_trigger.py
[2024-03-30T06:30:24.189+0000] {processor.py:826} INFO - Processing file /home/airflow/.local/lib/python3.7/site-packages/airflow/example_dags/example_latest_only_with_trigger.py for tasks to queue
[2024-03-30T06:30:24.189+0000] {logging_mixin.py:149} INFO - [2024-03-30T06:30:24.189+0000] {dagbag.py:541} INFO - Filling up the DagBag from /home/airflow/.local/lib/python3.7/site-packages/airflow/example_dags/example_latest_only_with_trigger.py
[2024-03-30T06:30:24.194+0000] {processor.py:836} INFO - DAG(s) dict_keys(['latest_only_with_trigger']) retrieved from /home/airflow/.local/lib/python3.7/site-packages/airflow/example_dags/example_latest_only_with_trigger.py
[2024-03-30T06:30:24.229+0000] {logging_mixin.py:149} INFO - [2024-03-30T06:30:24.229+0000] {dag.py:2726} INFO - Sync 1 DAGs
[2024-03-30T06:30:24.255+0000] {logging_mixin.py:149} INFO - [2024-03-30T06:30:24.254+0000] {dag.py:3490} INFO - Setting next_dagrun for latest_only_with_trigger to 2024-03-30T02:30:24.254592+00:00, run_after=2024-03-30T06:30:24.254592+00:00
[2024-03-30T06:30:24.289+0000] {processor.py:179} INFO - Processing /home/airflow/.local/lib/python3.7/site-packages/airflow/example_dags/example_latest_only_with_trigger.py took 0.104 seconds
[2024-03-30T06:30:54.853+0000] {processor.py:157} INFO - Started process (PID=1896) to work on /home/airflow/.local/lib/python3.7/site-packages/airflow/example_dags/example_latest_only_with_trigger.py
[2024-03-30T06:30:54.854+0000] {processor.py:826} INFO - Processing file /home/airflow/.local/lib/python3.7/site-packages/airflow/example_dags/example_latest_only_with_trigger.py for tasks to queue
[2024-03-30T06:30:54.854+0000] {logging_mixin.py:149} INFO - [2024-03-30T06:30:54.854+0000] {dagbag.py:541} INFO - Filling up the DagBag from /home/airflow/.local/lib/python3.7/site-packages/airflow/example_dags/example_latest_only_with_trigger.py
[2024-03-30T06:30:54.859+0000] {processor.py:836} INFO - DAG(s) dict_keys(['latest_only_with_trigger']) retrieved from /home/airflow/.local/lib/python3.7/site-packages/airflow/example_dags/example_latest_only_with_trigger.py
[2024-03-30T06:30:54.893+0000] {logging_mixin.py:149} INFO - [2024-03-30T06:30:54.893+0000] {dag.py:2726} INFO - Sync 1 DAGs
[2024-03-30T06:30:54.919+0000] {logging_mixin.py:149} INFO - [2024-03-30T06:30:54.919+0000] {dag.py:3490} INFO - Setting next_dagrun for latest_only_with_trigger to 2024-03-30T02:30:54.918779+00:00, run_after=2024-03-30T06:30:54.918779+00:00
[2024-03-30T06:30:54.952+0000] {processor.py:179} INFO - Processing /home/airflow/.local/lib/python3.7/site-packages/airflow/example_dags/example_latest_only_with_trigger.py took 0.101 seconds
[2024-03-30T06:31:25.767+0000] {processor.py:157} INFO - Started process (PID=1957) to work on /home/airflow/.local/lib/python3.7/site-packages/airflow/example_dags/example_latest_only_with_trigger.py
[2024-03-30T06:31:25.768+0000] {processor.py:826} INFO - Processing file /home/airflow/.local/lib/python3.7/site-packages/airflow/example_dags/example_latest_only_with_trigger.py for tasks to queue
[2024-03-30T06:31:25.768+0000] {logging_mixin.py:149} INFO - [2024-03-30T06:31:25.768+0000] {dagbag.py:541} INFO - Filling up the DagBag from /home/airflow/.local/lib/python3.7/site-packages/airflow/example_dags/example_latest_only_with_trigger.py
[2024-03-30T06:31:25.775+0000] {processor.py:836} INFO - DAG(s) dict_keys(['latest_only_with_trigger']) retrieved from /home/airflow/.local/lib/python3.7/site-packages/airflow/example_dags/example_latest_only_with_trigger.py
[2024-03-30T06:31:25.814+0000] {logging_mixin.py:149} INFO - [2024-03-30T06:31:25.814+0000] {dag.py:2726} INFO - Sync 1 DAGs
[2024-03-30T06:31:25.841+0000] {logging_mixin.py:149} INFO - [2024-03-30T06:31:25.841+0000] {dag.py:3490} INFO - Setting next_dagrun for latest_only_with_trigger to 2024-03-30T02:31:25.840282+00:00, run_after=2024-03-30T06:31:25.840282+00:00
[2024-03-30T06:31:25.881+0000] {processor.py:179} INFO - Processing /home/airflow/.local/lib/python3.7/site-packages/airflow/example_dags/example_latest_only_with_trigger.py took 0.117 seconds
[2024-03-30T08:20:58.011+0000] {processor.py:157} INFO - Started process (PID=65) to work on /home/airflow/.local/lib/python3.7/site-packages/airflow/example_dags/example_latest_only_with_trigger.py
[2024-03-30T08:20:58.012+0000] {processor.py:826} INFO - Processing file /home/airflow/.local/lib/python3.7/site-packages/airflow/example_dags/example_latest_only_with_trigger.py for tasks to queue
[2024-03-30T08:20:58.013+0000] {logging_mixin.py:149} INFO - [2024-03-30T08:20:58.013+0000] {dagbag.py:541} INFO - Filling up the DagBag from /home/airflow/.local/lib/python3.7/site-packages/airflow/example_dags/example_latest_only_with_trigger.py
[2024-03-30T08:20:58.022+0000] {processor.py:836} INFO - DAG(s) dict_keys(['latest_only_with_trigger']) retrieved from /home/airflow/.local/lib/python3.7/site-packages/airflow/example_dags/example_latest_only_with_trigger.py
[2024-03-30T08:20:58.072+0000] {logging_mixin.py:149} INFO - [2024-03-30T08:20:58.072+0000] {dag.py:2726} INFO - Sync 1 DAGs
[2024-03-30T08:20:58.102+0000] {logging_mixin.py:149} INFO - [2024-03-30T08:20:58.102+0000] {dag.py:3490} INFO - Setting next_dagrun for latest_only_with_trigger to 2024-03-30T04:20:58.102496+00:00, run_after=2024-03-30T08:20:58.102496+00:00
[2024-03-30T08:20:58.148+0000] {processor.py:179} INFO - Processing /home/airflow/.local/lib/python3.7/site-packages/airflow/example_dags/example_latest_only_with_trigger.py took 0.140 seconds
[2024-03-30T08:21:28.802+0000] {processor.py:157} INFO - Started process (PID=126) to work on /home/airflow/.local/lib/python3.7/site-packages/airflow/example_dags/example_latest_only_with_trigger.py
[2024-03-30T08:21:28.803+0000] {processor.py:826} INFO - Processing file /home/airflow/.local/lib/python3.7/site-packages/airflow/example_dags/example_latest_only_with_trigger.py for tasks to queue
[2024-03-30T08:21:28.804+0000] {logging_mixin.py:149} INFO - [2024-03-30T08:21:28.803+0000] {dagbag.py:541} INFO - Filling up the DagBag from /home/airflow/.local/lib/python3.7/site-packages/airflow/example_dags/example_latest_only_with_trigger.py
[2024-03-30T08:21:28.813+0000] {processor.py:836} INFO - DAG(s) dict_keys(['latest_only_with_trigger']) retrieved from /home/airflow/.local/lib/python3.7/site-packages/airflow/example_dags/example_latest_only_with_trigger.py
[2024-03-30T08:21:28.856+0000] {logging_mixin.py:149} INFO - [2024-03-30T08:21:28.856+0000] {dag.py:2726} INFO - Sync 1 DAGs
[2024-03-30T08:21:28.883+0000] {logging_mixin.py:149} INFO - [2024-03-30T08:21:28.883+0000] {dag.py:3490} INFO - Setting next_dagrun for latest_only_with_trigger to 2024-03-30T04:21:28.883167+00:00, run_after=2024-03-30T08:21:28.883167+00:00
[2024-03-30T08:21:28.920+0000] {processor.py:179} INFO - Processing /home/airflow/.local/lib/python3.7/site-packages/airflow/example_dags/example_latest_only_with_trigger.py took 0.123 seconds
[2024-03-30T08:21:59.387+0000] {processor.py:157} INFO - Started process (PID=187) to work on /home/airflow/.local/lib/python3.7/site-packages/airflow/example_dags/example_latest_only_with_trigger.py
[2024-03-30T08:21:59.388+0000] {processor.py:826} INFO - Processing file /home/airflow/.local/lib/python3.7/site-packages/airflow/example_dags/example_latest_only_with_trigger.py for tasks to queue
[2024-03-30T08:21:59.389+0000] {logging_mixin.py:149} INFO - [2024-03-30T08:21:59.389+0000] {dagbag.py:541} INFO - Filling up the DagBag from /home/airflow/.local/lib/python3.7/site-packages/airflow/example_dags/example_latest_only_with_trigger.py
[2024-03-30T08:21:59.394+0000] {processor.py:836} INFO - DAG(s) dict_keys(['latest_only_with_trigger']) retrieved from /home/airflow/.local/lib/python3.7/site-packages/airflow/example_dags/example_latest_only_with_trigger.py
[2024-03-30T08:21:59.441+0000] {logging_mixin.py:149} INFO - [2024-03-30T08:21:59.440+0000] {dag.py:2726} INFO - Sync 1 DAGs
[2024-03-30T08:21:59.589+0000] {logging_mixin.py:149} INFO - [2024-03-30T08:21:59.589+0000] {dag.py:3490} INFO - Setting next_dagrun for latest_only_with_trigger to 2024-03-30T04:21:59.589371+00:00, run_after=2024-03-30T08:21:59.589371+00:00
[2024-03-30T08:21:59.626+0000] {processor.py:179} INFO - Processing /home/airflow/.local/lib/python3.7/site-packages/airflow/example_dags/example_latest_only_with_trigger.py took 0.242 seconds
[2024-03-30T08:22:29.831+0000] {processor.py:157} INFO - Started process (PID=248) to work on /home/airflow/.local/lib/python3.7/site-packages/airflow/example_dags/example_latest_only_with_trigger.py
[2024-03-30T08:22:29.832+0000] {processor.py:826} INFO - Processing file /home/airflow/.local/lib/python3.7/site-packages/airflow/example_dags/example_latest_only_with_trigger.py for tasks to queue
[2024-03-30T08:22:29.832+0000] {logging_mixin.py:149} INFO - [2024-03-30T08:22:29.832+0000] {dagbag.py:541} INFO - Filling up the DagBag from /home/airflow/.local/lib/python3.7/site-packages/airflow/example_dags/example_latest_only_with_trigger.py
[2024-03-30T08:22:29.837+0000] {processor.py:836} INFO - DAG(s) dict_keys(['latest_only_with_trigger']) retrieved from /home/airflow/.local/lib/python3.7/site-packages/airflow/example_dags/example_latest_only_with_trigger.py
[2024-03-30T08:22:29.884+0000] {logging_mixin.py:149} INFO - [2024-03-30T08:22:29.883+0000] {dag.py:2726} INFO - Sync 1 DAGs
[2024-03-30T08:22:29.968+0000] {logging_mixin.py:149} INFO - [2024-03-30T08:22:29.967+0000] {dag.py:3490} INFO - Setting next_dagrun for latest_only_with_trigger to 2024-03-30T04:22:29.967644+00:00, run_after=2024-03-30T08:22:29.967644+00:00
[2024-03-30T08:22:30.021+0000] {processor.py:179} INFO - Processing /home/airflow/.local/lib/python3.7/site-packages/airflow/example_dags/example_latest_only_with_trigger.py took 0.194 seconds
[2024-03-30T08:23:00.111+0000] {processor.py:157} INFO - Started process (PID=309) to work on /home/airflow/.local/lib/python3.7/site-packages/airflow/example_dags/example_latest_only_with_trigger.py
[2024-03-30T08:23:00.113+0000] {processor.py:826} INFO - Processing file /home/airflow/.local/lib/python3.7/site-packages/airflow/example_dags/example_latest_only_with_trigger.py for tasks to queue
[2024-03-30T08:23:00.114+0000] {logging_mixin.py:149} INFO - [2024-03-30T08:23:00.114+0000] {dagbag.py:541} INFO - Filling up the DagBag from /home/airflow/.local/lib/python3.7/site-packages/airflow/example_dags/example_latest_only_with_trigger.py
[2024-03-30T08:23:00.120+0000] {processor.py:836} INFO - DAG(s) dict_keys(['latest_only_with_trigger']) retrieved from /home/airflow/.local/lib/python3.7/site-packages/airflow/example_dags/example_latest_only_with_trigger.py
[2024-03-30T08:23:00.166+0000] {logging_mixin.py:149} INFO - [2024-03-30T08:23:00.166+0000] {dag.py:2726} INFO - Sync 1 DAGs
[2024-03-30T08:23:00.195+0000] {logging_mixin.py:149} INFO - [2024-03-30T08:23:00.194+0000] {dag.py:3490} INFO - Setting next_dagrun for latest_only_with_trigger to 2024-03-30T04:23:00.194475+00:00, run_after=2024-03-30T08:23:00.194475+00:00
[2024-03-30T08:23:00.247+0000] {processor.py:179} INFO - Processing /home/airflow/.local/lib/python3.7/site-packages/airflow/example_dags/example_latest_only_with_trigger.py took 0.141 seconds
[2024-03-30T08:23:31.058+0000] {processor.py:157} INFO - Started process (PID=370) to work on /home/airflow/.local/lib/python3.7/site-packages/airflow/example_dags/example_latest_only_with_trigger.py
[2024-03-30T08:23:31.059+0000] {processor.py:826} INFO - Processing file /home/airflow/.local/lib/python3.7/site-packages/airflow/example_dags/example_latest_only_with_trigger.py for tasks to queue
[2024-03-30T08:23:31.060+0000] {logging_mixin.py:149} INFO - [2024-03-30T08:23:31.060+0000] {dagbag.py:541} INFO - Filling up the DagBag from /home/airflow/.local/lib/python3.7/site-packages/airflow/example_dags/example_latest_only_with_trigger.py
[2024-03-30T08:23:31.067+0000] {processor.py:836} INFO - DAG(s) dict_keys(['latest_only_with_trigger']) retrieved from /home/airflow/.local/lib/python3.7/site-packages/airflow/example_dags/example_latest_only_with_trigger.py
[2024-03-30T08:23:31.113+0000] {logging_mixin.py:149} INFO - [2024-03-30T08:23:31.113+0000] {dag.py:2726} INFO - Sync 1 DAGs
[2024-03-30T08:23:31.144+0000] {logging_mixin.py:149} INFO - [2024-03-30T08:23:31.143+0000] {dag.py:3490} INFO - Setting next_dagrun for latest_only_with_trigger to 2024-03-30T04:23:31.143398+00:00, run_after=2024-03-30T08:23:31.143398+00:00
[2024-03-30T08:23:31.189+0000] {processor.py:179} INFO - Processing /home/airflow/.local/lib/python3.7/site-packages/airflow/example_dags/example_latest_only_with_trigger.py took 0.134 seconds
[2024-03-30T08:24:01.899+0000] {processor.py:157} INFO - Started process (PID=430) to work on /home/airflow/.local/lib/python3.7/site-packages/airflow/example_dags/example_latest_only_with_trigger.py
[2024-03-30T08:24:01.900+0000] {processor.py:826} INFO - Processing file /home/airflow/.local/lib/python3.7/site-packages/airflow/example_dags/example_latest_only_with_trigger.py for tasks to queue
[2024-03-30T08:24:01.901+0000] {logging_mixin.py:149} INFO - [2024-03-30T08:24:01.901+0000] {dagbag.py:541} INFO - Filling up the DagBag from /home/airflow/.local/lib/python3.7/site-packages/airflow/example_dags/example_latest_only_with_trigger.py
[2024-03-30T08:24:01.907+0000] {processor.py:836} INFO - DAG(s) dict_keys(['latest_only_with_trigger']) retrieved from /home/airflow/.local/lib/python3.7/site-packages/airflow/example_dags/example_latest_only_with_trigger.py
[2024-03-30T08:24:01.954+0000] {logging_mixin.py:149} INFO - [2024-03-30T08:24:01.954+0000] {dag.py:2726} INFO - Sync 1 DAGs
[2024-03-30T08:24:01.988+0000] {logging_mixin.py:149} INFO - [2024-03-30T08:24:01.988+0000] {dag.py:3490} INFO - Setting next_dagrun for latest_only_with_trigger to 2024-03-30T04:24:01.987984+00:00, run_after=2024-03-30T08:24:01.987984+00:00
[2024-03-30T08:24:02.031+0000] {processor.py:179} INFO - Processing /home/airflow/.local/lib/python3.7/site-packages/airflow/example_dags/example_latest_only_with_trigger.py took 0.135 seconds
[2024-03-30T08:24:32.640+0000] {processor.py:157} INFO - Started process (PID=491) to work on /home/airflow/.local/lib/python3.7/site-packages/airflow/example_dags/example_latest_only_with_trigger.py
[2024-03-30T08:24:32.641+0000] {processor.py:826} INFO - Processing file /home/airflow/.local/lib/python3.7/site-packages/airflow/example_dags/example_latest_only_with_trigger.py for tasks to queue
[2024-03-30T08:24:32.642+0000] {logging_mixin.py:149} INFO - [2024-03-30T08:24:32.642+0000] {dagbag.py:541} INFO - Filling up the DagBag from /home/airflow/.local/lib/python3.7/site-packages/airflow/example_dags/example_latest_only_with_trigger.py
[2024-03-30T08:24:32.648+0000] {processor.py:836} INFO - DAG(s) dict_keys(['latest_only_with_trigger']) retrieved from /home/airflow/.local/lib/python3.7/site-packages/airflow/example_dags/example_latest_only_with_trigger.py
[2024-03-30T08:24:32.689+0000] {logging_mixin.py:149} INFO - [2024-03-30T08:24:32.689+0000] {dag.py:2726} INFO - Sync 1 DAGs
[2024-03-30T08:24:32.717+0000] {logging_mixin.py:149} INFO - [2024-03-30T08:24:32.717+0000] {dag.py:3490} INFO - Setting next_dagrun for latest_only_with_trigger to 2024-03-30T04:24:32.717400+00:00, run_after=2024-03-30T08:24:32.717400+00:00
[2024-03-30T08:24:32.756+0000] {processor.py:179} INFO - Processing /home/airflow/.local/lib/python3.7/site-packages/airflow/example_dags/example_latest_only_with_trigger.py took 0.119 seconds
[2024-03-30T08:25:03.667+0000] {processor.py:157} INFO - Started process (PID=552) to work on /home/airflow/.local/lib/python3.7/site-packages/airflow/example_dags/example_latest_only_with_trigger.py
[2024-03-30T08:25:03.668+0000] {processor.py:826} INFO - Processing file /home/airflow/.local/lib/python3.7/site-packages/airflow/example_dags/example_latest_only_with_trigger.py for tasks to queue
[2024-03-30T08:25:03.669+0000] {logging_mixin.py:149} INFO - [2024-03-30T08:25:03.669+0000] {dagbag.py:541} INFO - Filling up the DagBag from /home/airflow/.local/lib/python3.7/site-packages/airflow/example_dags/example_latest_only_with_trigger.py
[2024-03-30T08:25:03.675+0000] {processor.py:836} INFO - DAG(s) dict_keys(['latest_only_with_trigger']) retrieved from /home/airflow/.local/lib/python3.7/site-packages/airflow/example_dags/example_latest_only_with_trigger.py
[2024-03-30T08:25:03.719+0000] {logging_mixin.py:149} INFO - [2024-03-30T08:25:03.718+0000] {dag.py:2726} INFO - Sync 1 DAGs
[2024-03-30T08:25:03.749+0000] {logging_mixin.py:149} INFO - [2024-03-30T08:25:03.749+0000] {dag.py:3490} INFO - Setting next_dagrun for latest_only_with_trigger to 2024-03-30T04:25:03.749259+00:00, run_after=2024-03-30T08:25:03.749259+00:00
[2024-03-30T08:25:03.794+0000] {processor.py:179} INFO - Processing /home/airflow/.local/lib/python3.7/site-packages/airflow/example_dags/example_latest_only_with_trigger.py took 0.130 seconds
[2024-03-30T08:25:34.015+0000] {processor.py:157} INFO - Started process (PID=613) to work on /home/airflow/.local/lib/python3.7/site-packages/airflow/example_dags/example_latest_only_with_trigger.py
[2024-03-30T08:25:34.016+0000] {processor.py:826} INFO - Processing file /home/airflow/.local/lib/python3.7/site-packages/airflow/example_dags/example_latest_only_with_trigger.py for tasks to queue
[2024-03-30T08:25:34.017+0000] {logging_mixin.py:149} INFO - [2024-03-30T08:25:34.016+0000] {dagbag.py:541} INFO - Filling up the DagBag from /home/airflow/.local/lib/python3.7/site-packages/airflow/example_dags/example_latest_only_with_trigger.py
[2024-03-30T08:25:34.022+0000] {processor.py:836} INFO - DAG(s) dict_keys(['latest_only_with_trigger']) retrieved from /home/airflow/.local/lib/python3.7/site-packages/airflow/example_dags/example_latest_only_with_trigger.py
[2024-03-30T08:25:34.068+0000] {logging_mixin.py:149} INFO - [2024-03-30T08:25:34.068+0000] {dag.py:2726} INFO - Sync 1 DAGs
[2024-03-30T08:25:34.099+0000] {logging_mixin.py:149} INFO - [2024-03-30T08:25:34.099+0000] {dag.py:3490} INFO - Setting next_dagrun for latest_only_with_trigger to 2024-03-30T04:25:34.098952+00:00, run_after=2024-03-30T08:25:34.098952+00:00
[2024-03-30T08:25:34.142+0000] {processor.py:179} INFO - Processing /home/airflow/.local/lib/python3.7/site-packages/airflow/example_dags/example_latest_only_with_trigger.py took 0.130 seconds
[2024-03-30T08:26:04.407+0000] {processor.py:157} INFO - Started process (PID=675) to work on /home/airflow/.local/lib/python3.7/site-packages/airflow/example_dags/example_latest_only_with_trigger.py
[2024-03-30T08:26:04.409+0000] {processor.py:826} INFO - Processing file /home/airflow/.local/lib/python3.7/site-packages/airflow/example_dags/example_latest_only_with_trigger.py for tasks to queue
[2024-03-30T08:26:04.409+0000] {logging_mixin.py:149} INFO - [2024-03-30T08:26:04.409+0000] {dagbag.py:541} INFO - Filling up the DagBag from /home/airflow/.local/lib/python3.7/site-packages/airflow/example_dags/example_latest_only_with_trigger.py
[2024-03-30T08:26:04.416+0000] {processor.py:836} INFO - DAG(s) dict_keys(['latest_only_with_trigger']) retrieved from /home/airflow/.local/lib/python3.7/site-packages/airflow/example_dags/example_latest_only_with_trigger.py
[2024-03-30T08:26:04.457+0000] {logging_mixin.py:149} INFO - [2024-03-30T08:26:04.457+0000] {dag.py:2726} INFO - Sync 1 DAGs
[2024-03-30T08:26:04.482+0000] {logging_mixin.py:149} INFO - [2024-03-30T08:26:04.482+0000] {dag.py:3490} INFO - Setting next_dagrun for latest_only_with_trigger to 2024-03-30T04:26:04.482233+00:00, run_after=2024-03-30T08:26:04.482233+00:00
[2024-03-30T08:26:04.523+0000] {processor.py:179} INFO - Processing /home/airflow/.local/lib/python3.7/site-packages/airflow/example_dags/example_latest_only_with_trigger.py took 0.119 seconds
