[2024-03-30T06:15:32.681+0000] {processor.py:157} INFO - Started process (PID=46) to work on /home/airflow/.local/lib/python3.7/site-packages/airflow/example_dags/example_task_group.py
[2024-03-30T06:15:32.682+0000] {processor.py:826} INFO - Processing file /home/airflow/.local/lib/python3.7/site-packages/airflow/example_dags/example_task_group.py for tasks to queue
[2024-03-30T06:15:32.682+0000] {logging_mixin.py:149} INFO - [2024-03-30T06:15:32.682+0000] {dagbag.py:541} INFO - Filling up the DagBag from /home/airflow/.local/lib/python3.7/site-packages/airflow/example_dags/example_task_group.py
[2024-03-30T06:15:32.695+0000] {processor.py:836} INFO - DAG(s) dict_keys(['example_task_group']) retrieved from /home/airflow/.local/lib/python3.7/site-packages/airflow/example_dags/example_task_group.py
[2024-03-30T06:15:32.726+0000] {logging_mixin.py:149} INFO - [2024-03-30T06:15:32.725+0000] {dag.py:2726} INFO - Sync 1 DAGs
[2024-03-30T06:15:32.758+0000] {logging_mixin.py:149} INFO - [2024-03-30T06:15:32.758+0000] {dag.py:3490} INFO - Setting next_dagrun for example_task_group to 2024-03-29T06:15:32.758294+00:00, run_after=2024-03-30T06:15:32.758294+00:00
[2024-03-30T06:15:32.800+0000] {processor.py:179} INFO - Processing /home/airflow/.local/lib/python3.7/site-packages/airflow/example_dags/example_task_group.py took 0.122 seconds
[2024-03-30T06:16:03.296+0000] {processor.py:157} INFO - Started process (PID=105) to work on /home/airflow/.local/lib/python3.7/site-packages/airflow/example_dags/example_task_group.py
[2024-03-30T06:16:03.297+0000] {processor.py:826} INFO - Processing file /home/airflow/.local/lib/python3.7/site-packages/airflow/example_dags/example_task_group.py for tasks to queue
[2024-03-30T06:16:03.297+0000] {logging_mixin.py:149} INFO - [2024-03-30T06:16:03.297+0000] {dagbag.py:541} INFO - Filling up the DagBag from /home/airflow/.local/lib/python3.7/site-packages/airflow/example_dags/example_task_group.py
[2024-03-30T06:16:03.304+0000] {processor.py:836} INFO - DAG(s) dict_keys(['example_task_group']) retrieved from /home/airflow/.local/lib/python3.7/site-packages/airflow/example_dags/example_task_group.py
[2024-03-30T06:16:03.341+0000] {logging_mixin.py:149} INFO - [2024-03-30T06:16:03.341+0000] {dag.py:2726} INFO - Sync 1 DAGs
[2024-03-30T06:16:03.367+0000] {logging_mixin.py:149} INFO - [2024-03-30T06:16:03.367+0000] {dag.py:3490} INFO - Setting next_dagrun for example_task_group to 2024-03-29T06:16:03.367074+00:00, run_after=2024-03-30T06:16:03.367074+00:00
[2024-03-30T06:16:03.400+0000] {processor.py:179} INFO - Processing /home/airflow/.local/lib/python3.7/site-packages/airflow/example_dags/example_task_group.py took 0.107 seconds
[2024-03-30T06:16:34.024+0000] {processor.py:157} INFO - Started process (PID=165) to work on /home/airflow/.local/lib/python3.7/site-packages/airflow/example_dags/example_task_group.py
[2024-03-30T06:16:34.025+0000] {processor.py:826} INFO - Processing file /home/airflow/.local/lib/python3.7/site-packages/airflow/example_dags/example_task_group.py for tasks to queue
[2024-03-30T06:16:34.025+0000] {logging_mixin.py:149} INFO - [2024-03-30T06:16:34.025+0000] {dagbag.py:541} INFO - Filling up the DagBag from /home/airflow/.local/lib/python3.7/site-packages/airflow/example_dags/example_task_group.py
[2024-03-30T06:16:34.033+0000] {processor.py:836} INFO - DAG(s) dict_keys(['example_task_group']) retrieved from /home/airflow/.local/lib/python3.7/site-packages/airflow/example_dags/example_task_group.py
[2024-03-30T06:16:34.067+0000] {logging_mixin.py:149} INFO - [2024-03-30T06:16:34.067+0000] {dag.py:2726} INFO - Sync 1 DAGs
[2024-03-30T06:16:34.091+0000] {logging_mixin.py:149} INFO - [2024-03-30T06:16:34.091+0000] {dag.py:3490} INFO - Setting next_dagrun for example_task_group to 2024-03-29T06:16:34.090877+00:00, run_after=2024-03-30T06:16:34.090877+00:00
[2024-03-30T06:16:34.124+0000] {processor.py:179} INFO - Processing /home/airflow/.local/lib/python3.7/site-packages/airflow/example_dags/example_task_group.py took 0.103 seconds
[2024-03-30T06:17:04.373+0000] {processor.py:157} INFO - Started process (PID=225) to work on /home/airflow/.local/lib/python3.7/site-packages/airflow/example_dags/example_task_group.py
[2024-03-30T06:17:04.374+0000] {processor.py:826} INFO - Processing file /home/airflow/.local/lib/python3.7/site-packages/airflow/example_dags/example_task_group.py for tasks to queue
[2024-03-30T06:17:04.374+0000] {logging_mixin.py:149} INFO - [2024-03-30T06:17:04.374+0000] {dagbag.py:541} INFO - Filling up the DagBag from /home/airflow/.local/lib/python3.7/site-packages/airflow/example_dags/example_task_group.py
[2024-03-30T06:17:04.381+0000] {processor.py:836} INFO - DAG(s) dict_keys(['example_task_group']) retrieved from /home/airflow/.local/lib/python3.7/site-packages/airflow/example_dags/example_task_group.py
[2024-03-30T06:17:04.419+0000] {logging_mixin.py:149} INFO - [2024-03-30T06:17:04.419+0000] {dag.py:2726} INFO - Sync 1 DAGs
[2024-03-30T06:17:04.443+0000] {logging_mixin.py:149} INFO - [2024-03-30T06:17:04.443+0000] {dag.py:3490} INFO - Setting next_dagrun for example_task_group to 2024-03-29T06:17:04.443492+00:00, run_after=2024-03-30T06:17:04.443492+00:00
[2024-03-30T06:17:04.477+0000] {processor.py:179} INFO - Processing /home/airflow/.local/lib/python3.7/site-packages/airflow/example_dags/example_task_group.py took 0.107 seconds
[2024-03-30T06:17:34.739+0000] {processor.py:157} INFO - Started process (PID=285) to work on /home/airflow/.local/lib/python3.7/site-packages/airflow/example_dags/example_task_group.py
[2024-03-30T06:17:34.740+0000] {processor.py:826} INFO - Processing file /home/airflow/.local/lib/python3.7/site-packages/airflow/example_dags/example_task_group.py for tasks to queue
[2024-03-30T06:17:34.740+0000] {logging_mixin.py:149} INFO - [2024-03-30T06:17:34.740+0000] {dagbag.py:541} INFO - Filling up the DagBag from /home/airflow/.local/lib/python3.7/site-packages/airflow/example_dags/example_task_group.py
[2024-03-30T06:17:34.747+0000] {processor.py:836} INFO - DAG(s) dict_keys(['example_task_group']) retrieved from /home/airflow/.local/lib/python3.7/site-packages/airflow/example_dags/example_task_group.py
[2024-03-30T06:17:34.784+0000] {logging_mixin.py:149} INFO - [2024-03-30T06:17:34.784+0000] {dag.py:2726} INFO - Sync 1 DAGs
[2024-03-30T06:17:34.811+0000] {logging_mixin.py:149} INFO - [2024-03-30T06:17:34.811+0000] {dag.py:3490} INFO - Setting next_dagrun for example_task_group to 2024-03-29T06:17:34.810806+00:00, run_after=2024-03-30T06:17:34.810806+00:00
[2024-03-30T06:17:34.844+0000] {processor.py:179} INFO - Processing /home/airflow/.local/lib/python3.7/site-packages/airflow/example_dags/example_task_group.py took 0.109 seconds
[2024-03-30T06:18:05.211+0000] {processor.py:157} INFO - Started process (PID=345) to work on /home/airflow/.local/lib/python3.7/site-packages/airflow/example_dags/example_task_group.py
[2024-03-30T06:18:05.212+0000] {processor.py:826} INFO - Processing file /home/airflow/.local/lib/python3.7/site-packages/airflow/example_dags/example_task_group.py for tasks to queue
[2024-03-30T06:18:05.212+0000] {logging_mixin.py:149} INFO - [2024-03-30T06:18:05.212+0000] {dagbag.py:541} INFO - Filling up the DagBag from /home/airflow/.local/lib/python3.7/site-packages/airflow/example_dags/example_task_group.py
[2024-03-30T06:18:05.219+0000] {processor.py:836} INFO - DAG(s) dict_keys(['example_task_group']) retrieved from /home/airflow/.local/lib/python3.7/site-packages/airflow/example_dags/example_task_group.py
[2024-03-30T06:18:05.254+0000] {logging_mixin.py:149} INFO - [2024-03-30T06:18:05.254+0000] {dag.py:2726} INFO - Sync 1 DAGs
[2024-03-30T06:18:05.322+0000] {logging_mixin.py:149} INFO - [2024-03-30T06:18:05.322+0000] {dag.py:3490} INFO - Setting next_dagrun for example_task_group to 2024-03-29T06:18:05.322101+00:00, run_after=2024-03-30T06:18:05.322101+00:00
[2024-03-30T06:18:05.353+0000] {processor.py:179} INFO - Processing /home/airflow/.local/lib/python3.7/site-packages/airflow/example_dags/example_task_group.py took 0.144 seconds
[2024-03-30T06:18:35.753+0000] {processor.py:157} INFO - Started process (PID=406) to work on /home/airflow/.local/lib/python3.7/site-packages/airflow/example_dags/example_task_group.py
[2024-03-30T06:18:35.755+0000] {processor.py:826} INFO - Processing file /home/airflow/.local/lib/python3.7/site-packages/airflow/example_dags/example_task_group.py for tasks to queue
[2024-03-30T06:18:35.755+0000] {logging_mixin.py:149} INFO - [2024-03-30T06:18:35.755+0000] {dagbag.py:541} INFO - Filling up the DagBag from /home/airflow/.local/lib/python3.7/site-packages/airflow/example_dags/example_task_group.py
[2024-03-30T06:18:35.762+0000] {processor.py:836} INFO - DAG(s) dict_keys(['example_task_group']) retrieved from /home/airflow/.local/lib/python3.7/site-packages/airflow/example_dags/example_task_group.py
[2024-03-30T06:18:35.808+0000] {logging_mixin.py:149} INFO - [2024-03-30T06:18:35.808+0000] {dag.py:2726} INFO - Sync 1 DAGs
[2024-03-30T06:18:35.844+0000] {logging_mixin.py:149} INFO - [2024-03-30T06:18:35.844+0000] {dag.py:3490} INFO - Setting next_dagrun for example_task_group to 2024-03-29T06:18:35.844319+00:00, run_after=2024-03-30T06:18:35.844319+00:00
[2024-03-30T06:18:35.884+0000] {processor.py:179} INFO - Processing /home/airflow/.local/lib/python3.7/site-packages/airflow/example_dags/example_task_group.py took 0.134 seconds
[2024-03-30T06:19:05.969+0000] {processor.py:157} INFO - Started process (PID=466) to work on /home/airflow/.local/lib/python3.7/site-packages/airflow/example_dags/example_task_group.py
[2024-03-30T06:19:05.969+0000] {processor.py:826} INFO - Processing file /home/airflow/.local/lib/python3.7/site-packages/airflow/example_dags/example_task_group.py for tasks to queue
[2024-03-30T06:19:05.970+0000] {logging_mixin.py:149} INFO - [2024-03-30T06:19:05.970+0000] {dagbag.py:541} INFO - Filling up the DagBag from /home/airflow/.local/lib/python3.7/site-packages/airflow/example_dags/example_task_group.py
[2024-03-30T06:19:05.976+0000] {processor.py:836} INFO - DAG(s) dict_keys(['example_task_group']) retrieved from /home/airflow/.local/lib/python3.7/site-packages/airflow/example_dags/example_task_group.py
[2024-03-30T06:19:06.033+0000] {logging_mixin.py:149} INFO - [2024-03-30T06:19:06.033+0000] {dag.py:2726} INFO - Sync 1 DAGs
[2024-03-30T06:19:06.132+0000] {logging_mixin.py:149} INFO - [2024-03-30T06:19:06.132+0000] {dag.py:3490} INFO - Setting next_dagrun for example_task_group to 2024-03-29T06:19:06.131368+00:00, run_after=2024-03-30T06:19:06.131368+00:00
[2024-03-30T06:19:06.173+0000] {processor.py:179} INFO - Processing /home/airflow/.local/lib/python3.7/site-packages/airflow/example_dags/example_task_group.py took 0.207 seconds
[2024-03-30T06:19:37.118+0000] {processor.py:157} INFO - Started process (PID=526) to work on /home/airflow/.local/lib/python3.7/site-packages/airflow/example_dags/example_task_group.py
[2024-03-30T06:19:37.119+0000] {processor.py:826} INFO - Processing file /home/airflow/.local/lib/python3.7/site-packages/airflow/example_dags/example_task_group.py for tasks to queue
[2024-03-30T06:19:37.119+0000] {logging_mixin.py:149} INFO - [2024-03-30T06:19:37.119+0000] {dagbag.py:541} INFO - Filling up the DagBag from /home/airflow/.local/lib/python3.7/site-packages/airflow/example_dags/example_task_group.py
[2024-03-30T06:19:37.126+0000] {processor.py:836} INFO - DAG(s) dict_keys(['example_task_group']) retrieved from /home/airflow/.local/lib/python3.7/site-packages/airflow/example_dags/example_task_group.py
[2024-03-30T06:19:37.164+0000] {logging_mixin.py:149} INFO - [2024-03-30T06:19:37.164+0000] {dag.py:2726} INFO - Sync 1 DAGs
[2024-03-30T06:19:37.192+0000] {logging_mixin.py:149} INFO - [2024-03-30T06:19:37.192+0000] {dag.py:3490} INFO - Setting next_dagrun for example_task_group to 2024-03-29T06:19:37.191753+00:00, run_after=2024-03-30T06:19:37.191753+00:00
[2024-03-30T06:19:37.234+0000] {processor.py:179} INFO - Processing /home/airflow/.local/lib/python3.7/site-packages/airflow/example_dags/example_task_group.py took 0.121 seconds
[2024-03-30T06:20:08.237+0000] {processor.py:157} INFO - Started process (PID=586) to work on /home/airflow/.local/lib/python3.7/site-packages/airflow/example_dags/example_task_group.py
[2024-03-30T06:20:08.238+0000] {processor.py:826} INFO - Processing file /home/airflow/.local/lib/python3.7/site-packages/airflow/example_dags/example_task_group.py for tasks to queue
[2024-03-30T06:20:08.239+0000] {logging_mixin.py:149} INFO - [2024-03-30T06:20:08.238+0000] {dagbag.py:541} INFO - Filling up the DagBag from /home/airflow/.local/lib/python3.7/site-packages/airflow/example_dags/example_task_group.py
[2024-03-30T06:20:08.246+0000] {processor.py:836} INFO - DAG(s) dict_keys(['example_task_group']) retrieved from /home/airflow/.local/lib/python3.7/site-packages/airflow/example_dags/example_task_group.py
[2024-03-30T06:20:08.286+0000] {logging_mixin.py:149} INFO - [2024-03-30T06:20:08.286+0000] {dag.py:2726} INFO - Sync 1 DAGs
[2024-03-30T06:20:08.312+0000] {logging_mixin.py:149} INFO - [2024-03-30T06:20:08.312+0000] {dag.py:3490} INFO - Setting next_dagrun for example_task_group to 2024-03-29T06:20:08.311806+00:00, run_after=2024-03-30T06:20:08.311806+00:00
[2024-03-30T06:20:08.345+0000] {processor.py:179} INFO - Processing /home/airflow/.local/lib/python3.7/site-packages/airflow/example_dags/example_task_group.py took 0.112 seconds
[2024-03-30T06:20:38.867+0000] {processor.py:157} INFO - Started process (PID=647) to work on /home/airflow/.local/lib/python3.7/site-packages/airflow/example_dags/example_task_group.py
[2024-03-30T06:20:38.868+0000] {processor.py:826} INFO - Processing file /home/airflow/.local/lib/python3.7/site-packages/airflow/example_dags/example_task_group.py for tasks to queue
[2024-03-30T06:20:38.869+0000] {logging_mixin.py:149} INFO - [2024-03-30T06:20:38.869+0000] {dagbag.py:541} INFO - Filling up the DagBag from /home/airflow/.local/lib/python3.7/site-packages/airflow/example_dags/example_task_group.py
[2024-03-30T06:20:38.876+0000] {processor.py:836} INFO - DAG(s) dict_keys(['example_task_group']) retrieved from /home/airflow/.local/lib/python3.7/site-packages/airflow/example_dags/example_task_group.py
[2024-03-30T06:20:38.910+0000] {logging_mixin.py:149} INFO - [2024-03-30T06:20:38.910+0000] {dag.py:2726} INFO - Sync 1 DAGs
[2024-03-30T06:20:38.936+0000] {logging_mixin.py:149} INFO - [2024-03-30T06:20:38.936+0000] {dag.py:3490} INFO - Setting next_dagrun for example_task_group to 2024-03-29T06:20:38.936310+00:00, run_after=2024-03-30T06:20:38.936310+00:00
[2024-03-30T06:20:38.969+0000] {processor.py:179} INFO - Processing /home/airflow/.local/lib/python3.7/site-packages/airflow/example_dags/example_task_group.py took 0.105 seconds
[2024-03-30T06:21:09.770+0000] {processor.py:157} INFO - Started process (PID=708) to work on /home/airflow/.local/lib/python3.7/site-packages/airflow/example_dags/example_task_group.py
[2024-03-30T06:21:09.770+0000] {processor.py:826} INFO - Processing file /home/airflow/.local/lib/python3.7/site-packages/airflow/example_dags/example_task_group.py for tasks to queue
[2024-03-30T06:21:09.771+0000] {logging_mixin.py:149} INFO - [2024-03-30T06:21:09.771+0000] {dagbag.py:541} INFO - Filling up the DagBag from /home/airflow/.local/lib/python3.7/site-packages/airflow/example_dags/example_task_group.py
[2024-03-30T06:21:09.778+0000] {processor.py:836} INFO - DAG(s) dict_keys(['example_task_group']) retrieved from /home/airflow/.local/lib/python3.7/site-packages/airflow/example_dags/example_task_group.py
[2024-03-30T06:21:09.814+0000] {logging_mixin.py:149} INFO - [2024-03-30T06:21:09.814+0000] {dag.py:2726} INFO - Sync 1 DAGs
[2024-03-30T06:21:09.841+0000] {logging_mixin.py:149} INFO - [2024-03-30T06:21:09.841+0000] {dag.py:3490} INFO - Setting next_dagrun for example_task_group to 2024-03-29T06:21:09.840922+00:00, run_after=2024-03-30T06:21:09.840922+00:00
[2024-03-30T06:21:09.872+0000] {processor.py:179} INFO - Processing /home/airflow/.local/lib/python3.7/site-packages/airflow/example_dags/example_task_group.py took 0.105 seconds
[2024-03-30T06:21:40.707+0000] {processor.py:157} INFO - Started process (PID=769) to work on /home/airflow/.local/lib/python3.7/site-packages/airflow/example_dags/example_task_group.py
[2024-03-30T06:21:40.708+0000] {processor.py:826} INFO - Processing file /home/airflow/.local/lib/python3.7/site-packages/airflow/example_dags/example_task_group.py for tasks to queue
[2024-03-30T06:21:40.709+0000] {logging_mixin.py:149} INFO - [2024-03-30T06:21:40.709+0000] {dagbag.py:541} INFO - Filling up the DagBag from /home/airflow/.local/lib/python3.7/site-packages/airflow/example_dags/example_task_group.py
[2024-03-30T06:21:40.715+0000] {processor.py:836} INFO - DAG(s) dict_keys(['example_task_group']) retrieved from /home/airflow/.local/lib/python3.7/site-packages/airflow/example_dags/example_task_group.py
[2024-03-30T06:21:40.755+0000] {logging_mixin.py:149} INFO - [2024-03-30T06:21:40.755+0000] {dag.py:2726} INFO - Sync 1 DAGs
[2024-03-30T06:21:40.792+0000] {logging_mixin.py:149} INFO - [2024-03-30T06:21:40.791+0000] {dag.py:3490} INFO - Setting next_dagrun for example_task_group to 2024-03-29T06:21:40.790383+00:00, run_after=2024-03-30T06:21:40.790383+00:00
[2024-03-30T06:21:40.835+0000] {processor.py:179} INFO - Processing /home/airflow/.local/lib/python3.7/site-packages/airflow/example_dags/example_task_group.py took 0.132 seconds
[2024-03-30T06:22:11.607+0000] {processor.py:157} INFO - Started process (PID=830) to work on /home/airflow/.local/lib/python3.7/site-packages/airflow/example_dags/example_task_group.py
[2024-03-30T06:22:11.608+0000] {processor.py:826} INFO - Processing file /home/airflow/.local/lib/python3.7/site-packages/airflow/example_dags/example_task_group.py for tasks to queue
[2024-03-30T06:22:11.608+0000] {logging_mixin.py:149} INFO - [2024-03-30T06:22:11.608+0000] {dagbag.py:541} INFO - Filling up the DagBag from /home/airflow/.local/lib/python3.7/site-packages/airflow/example_dags/example_task_group.py
[2024-03-30T06:22:11.615+0000] {processor.py:836} INFO - DAG(s) dict_keys(['example_task_group']) retrieved from /home/airflow/.local/lib/python3.7/site-packages/airflow/example_dags/example_task_group.py
[2024-03-30T06:22:11.656+0000] {logging_mixin.py:149} INFO - [2024-03-30T06:22:11.656+0000] {dag.py:2726} INFO - Sync 1 DAGs
[2024-03-30T06:22:11.687+0000] {logging_mixin.py:149} INFO - [2024-03-30T06:22:11.687+0000] {dag.py:3490} INFO - Setting next_dagrun for example_task_group to 2024-03-29T06:22:11.686516+00:00, run_after=2024-03-30T06:22:11.686516+00:00
[2024-03-30T06:22:11.729+0000] {processor.py:179} INFO - Processing /home/airflow/.local/lib/python3.7/site-packages/airflow/example_dags/example_task_group.py took 0.125 seconds
[2024-03-30T06:22:42.246+0000] {processor.py:157} INFO - Started process (PID=892) to work on /home/airflow/.local/lib/python3.7/site-packages/airflow/example_dags/example_task_group.py
[2024-03-30T06:22:42.247+0000] {processor.py:826} INFO - Processing file /home/airflow/.local/lib/python3.7/site-packages/airflow/example_dags/example_task_group.py for tasks to queue
[2024-03-30T06:22:42.247+0000] {logging_mixin.py:149} INFO - [2024-03-30T06:22:42.247+0000] {dagbag.py:541} INFO - Filling up the DagBag from /home/airflow/.local/lib/python3.7/site-packages/airflow/example_dags/example_task_group.py
[2024-03-30T06:22:42.254+0000] {processor.py:836} INFO - DAG(s) dict_keys(['example_task_group']) retrieved from /home/airflow/.local/lib/python3.7/site-packages/airflow/example_dags/example_task_group.py
[2024-03-30T06:22:42.291+0000] {logging_mixin.py:149} INFO - [2024-03-30T06:22:42.291+0000] {dag.py:2726} INFO - Sync 1 DAGs
[2024-03-30T06:22:42.315+0000] {logging_mixin.py:149} INFO - [2024-03-30T06:22:42.315+0000] {dag.py:3490} INFO - Setting next_dagrun for example_task_group to 2024-03-29T06:22:42.315511+00:00, run_after=2024-03-30T06:22:42.315511+00:00
[2024-03-30T06:22:42.351+0000] {processor.py:179} INFO - Processing /home/airflow/.local/lib/python3.7/site-packages/airflow/example_dags/example_task_group.py took 0.109 seconds
[2024-03-30T06:23:12.626+0000] {processor.py:157} INFO - Started process (PID=953) to work on /home/airflow/.local/lib/python3.7/site-packages/airflow/example_dags/example_task_group.py
[2024-03-30T06:23:12.627+0000] {processor.py:826} INFO - Processing file /home/airflow/.local/lib/python3.7/site-packages/airflow/example_dags/example_task_group.py for tasks to queue
[2024-03-30T06:23:12.627+0000] {logging_mixin.py:149} INFO - [2024-03-30T06:23:12.627+0000] {dagbag.py:541} INFO - Filling up the DagBag from /home/airflow/.local/lib/python3.7/site-packages/airflow/example_dags/example_task_group.py
[2024-03-30T06:23:12.634+0000] {processor.py:836} INFO - DAG(s) dict_keys(['example_task_group']) retrieved from /home/airflow/.local/lib/python3.7/site-packages/airflow/example_dags/example_task_group.py
[2024-03-30T06:23:12.669+0000] {logging_mixin.py:149} INFO - [2024-03-30T06:23:12.669+0000] {dag.py:2726} INFO - Sync 1 DAGs
[2024-03-30T06:23:12.693+0000] {logging_mixin.py:149} INFO - [2024-03-30T06:23:12.693+0000] {dag.py:3490} INFO - Setting next_dagrun for example_task_group to 2024-03-29T06:23:12.693211+00:00, run_after=2024-03-30T06:23:12.693211+00:00
[2024-03-30T06:23:12.736+0000] {processor.py:179} INFO - Processing /home/airflow/.local/lib/python3.7/site-packages/airflow/example_dags/example_task_group.py took 0.113 seconds
[2024-03-30T06:23:42.878+0000] {processor.py:157} INFO - Started process (PID=1014) to work on /home/airflow/.local/lib/python3.7/site-packages/airflow/example_dags/example_task_group.py
[2024-03-30T06:23:42.879+0000] {processor.py:826} INFO - Processing file /home/airflow/.local/lib/python3.7/site-packages/airflow/example_dags/example_task_group.py for tasks to queue
[2024-03-30T06:23:42.880+0000] {logging_mixin.py:149} INFO - [2024-03-30T06:23:42.880+0000] {dagbag.py:541} INFO - Filling up the DagBag from /home/airflow/.local/lib/python3.7/site-packages/airflow/example_dags/example_task_group.py
[2024-03-30T06:23:42.887+0000] {processor.py:836} INFO - DAG(s) dict_keys(['example_task_group']) retrieved from /home/airflow/.local/lib/python3.7/site-packages/airflow/example_dags/example_task_group.py
[2024-03-30T06:23:42.933+0000] {logging_mixin.py:149} INFO - [2024-03-30T06:23:42.932+0000] {dag.py:2726} INFO - Sync 1 DAGs
[2024-03-30T06:23:42.960+0000] {logging_mixin.py:149} INFO - [2024-03-30T06:23:42.960+0000] {dag.py:3490} INFO - Setting next_dagrun for example_task_group to 2024-03-29T06:23:42.960329+00:00, run_after=2024-03-30T06:23:42.960329+00:00
[2024-03-30T06:23:42.997+0000] {processor.py:179} INFO - Processing /home/airflow/.local/lib/python3.7/site-packages/airflow/example_dags/example_task_group.py took 0.121 seconds
[2024-03-30T06:24:13.399+0000] {processor.py:157} INFO - Started process (PID=1075) to work on /home/airflow/.local/lib/python3.7/site-packages/airflow/example_dags/example_task_group.py
[2024-03-30T06:24:13.400+0000] {processor.py:826} INFO - Processing file /home/airflow/.local/lib/python3.7/site-packages/airflow/example_dags/example_task_group.py for tasks to queue
[2024-03-30T06:24:13.400+0000] {logging_mixin.py:149} INFO - [2024-03-30T06:24:13.400+0000] {dagbag.py:541} INFO - Filling up the DagBag from /home/airflow/.local/lib/python3.7/site-packages/airflow/example_dags/example_task_group.py
[2024-03-30T06:24:13.407+0000] {processor.py:836} INFO - DAG(s) dict_keys(['example_task_group']) retrieved from /home/airflow/.local/lib/python3.7/site-packages/airflow/example_dags/example_task_group.py
[2024-03-30T06:24:13.444+0000] {logging_mixin.py:149} INFO - [2024-03-30T06:24:13.444+0000] {dag.py:2726} INFO - Sync 1 DAGs
[2024-03-30T06:24:13.468+0000] {logging_mixin.py:149} INFO - [2024-03-30T06:24:13.468+0000] {dag.py:3490} INFO - Setting next_dagrun for example_task_group to 2024-03-29T06:24:13.468438+00:00, run_after=2024-03-30T06:24:13.468438+00:00
[2024-03-30T06:24:13.505+0000] {processor.py:179} INFO - Processing /home/airflow/.local/lib/python3.7/site-packages/airflow/example_dags/example_task_group.py took 0.108 seconds
[2024-03-30T06:24:43.734+0000] {processor.py:157} INFO - Started process (PID=1136) to work on /home/airflow/.local/lib/python3.7/site-packages/airflow/example_dags/example_task_group.py
[2024-03-30T06:24:43.735+0000] {processor.py:826} INFO - Processing file /home/airflow/.local/lib/python3.7/site-packages/airflow/example_dags/example_task_group.py for tasks to queue
[2024-03-30T06:24:43.736+0000] {logging_mixin.py:149} INFO - [2024-03-30T06:24:43.736+0000] {dagbag.py:541} INFO - Filling up the DagBag from /home/airflow/.local/lib/python3.7/site-packages/airflow/example_dags/example_task_group.py
[2024-03-30T06:24:43.744+0000] {processor.py:836} INFO - DAG(s) dict_keys(['example_task_group']) retrieved from /home/airflow/.local/lib/python3.7/site-packages/airflow/example_dags/example_task_group.py
[2024-03-30T06:24:43.783+0000] {logging_mixin.py:149} INFO - [2024-03-30T06:24:43.783+0000] {dag.py:2726} INFO - Sync 1 DAGs
[2024-03-30T06:24:43.809+0000] {logging_mixin.py:149} INFO - [2024-03-30T06:24:43.809+0000] {dag.py:3490} INFO - Setting next_dagrun for example_task_group to 2024-03-29T06:24:43.809418+00:00, run_after=2024-03-30T06:24:43.809418+00:00
[2024-03-30T06:24:43.843+0000] {processor.py:179} INFO - Processing /home/airflow/.local/lib/python3.7/site-packages/airflow/example_dags/example_task_group.py took 0.112 seconds
[2024-03-30T06:25:14.257+0000] {processor.py:157} INFO - Started process (PID=1197) to work on /home/airflow/.local/lib/python3.7/site-packages/airflow/example_dags/example_task_group.py
[2024-03-30T06:25:14.257+0000] {processor.py:826} INFO - Processing file /home/airflow/.local/lib/python3.7/site-packages/airflow/example_dags/example_task_group.py for tasks to queue
[2024-03-30T06:25:14.258+0000] {logging_mixin.py:149} INFO - [2024-03-30T06:25:14.258+0000] {dagbag.py:541} INFO - Filling up the DagBag from /home/airflow/.local/lib/python3.7/site-packages/airflow/example_dags/example_task_group.py
[2024-03-30T06:25:14.265+0000] {processor.py:836} INFO - DAG(s) dict_keys(['example_task_group']) retrieved from /home/airflow/.local/lib/python3.7/site-packages/airflow/example_dags/example_task_group.py
[2024-03-30T06:25:14.312+0000] {logging_mixin.py:149} INFO - [2024-03-30T06:25:14.311+0000] {dag.py:2726} INFO - Sync 1 DAGs
[2024-03-30T06:25:14.337+0000] {logging_mixin.py:149} INFO - [2024-03-30T06:25:14.337+0000] {dag.py:3490} INFO - Setting next_dagrun for example_task_group to 2024-03-29T06:25:14.337554+00:00, run_after=2024-03-30T06:25:14.337554+00:00
[2024-03-30T06:25:14.373+0000] {processor.py:179} INFO - Processing /home/airflow/.local/lib/python3.7/site-packages/airflow/example_dags/example_task_group.py took 0.119 seconds
[2024-03-30T06:25:44.515+0000] {processor.py:157} INFO - Started process (PID=1258) to work on /home/airflow/.local/lib/python3.7/site-packages/airflow/example_dags/example_task_group.py
[2024-03-30T06:25:44.516+0000] {processor.py:826} INFO - Processing file /home/airflow/.local/lib/python3.7/site-packages/airflow/example_dags/example_task_group.py for tasks to queue
[2024-03-30T06:25:44.517+0000] {logging_mixin.py:149} INFO - [2024-03-30T06:25:44.517+0000] {dagbag.py:541} INFO - Filling up the DagBag from /home/airflow/.local/lib/python3.7/site-packages/airflow/example_dags/example_task_group.py
[2024-03-30T06:25:44.525+0000] {processor.py:836} INFO - DAG(s) dict_keys(['example_task_group']) retrieved from /home/airflow/.local/lib/python3.7/site-packages/airflow/example_dags/example_task_group.py
[2024-03-30T06:25:44.565+0000] {logging_mixin.py:149} INFO - [2024-03-30T06:25:44.565+0000] {dag.py:2726} INFO - Sync 1 DAGs
[2024-03-30T06:25:44.592+0000] {logging_mixin.py:149} INFO - [2024-03-30T06:25:44.592+0000] {dag.py:3490} INFO - Setting next_dagrun for example_task_group to 2024-03-29T06:25:44.591821+00:00, run_after=2024-03-30T06:25:44.591821+00:00
[2024-03-30T06:25:44.629+0000] {processor.py:179} INFO - Processing /home/airflow/.local/lib/python3.7/site-packages/airflow/example_dags/example_task_group.py took 0.118 seconds
[2024-03-30T06:26:15.001+0000] {processor.py:157} INFO - Started process (PID=1319) to work on /home/airflow/.local/lib/python3.7/site-packages/airflow/example_dags/example_task_group.py
[2024-03-30T06:26:15.002+0000] {processor.py:826} INFO - Processing file /home/airflow/.local/lib/python3.7/site-packages/airflow/example_dags/example_task_group.py for tasks to queue
[2024-03-30T06:26:15.002+0000] {logging_mixin.py:149} INFO - [2024-03-30T06:26:15.002+0000] {dagbag.py:541} INFO - Filling up the DagBag from /home/airflow/.local/lib/python3.7/site-packages/airflow/example_dags/example_task_group.py
[2024-03-30T06:26:15.011+0000] {processor.py:836} INFO - DAG(s) dict_keys(['example_task_group']) retrieved from /home/airflow/.local/lib/python3.7/site-packages/airflow/example_dags/example_task_group.py
[2024-03-30T06:26:15.051+0000] {logging_mixin.py:149} INFO - [2024-03-30T06:26:15.051+0000] {dag.py:2726} INFO - Sync 1 DAGs
[2024-03-30T06:26:15.079+0000] {logging_mixin.py:149} INFO - [2024-03-30T06:26:15.079+0000] {dag.py:3490} INFO - Setting next_dagrun for example_task_group to 2024-03-29T06:26:15.079086+00:00, run_after=2024-03-30T06:26:15.079086+00:00
[2024-03-30T06:26:15.113+0000] {processor.py:179} INFO - Processing /home/airflow/.local/lib/python3.7/site-packages/airflow/example_dags/example_task_group.py took 0.115 seconds
[2024-03-30T06:26:45.198+0000] {processor.py:157} INFO - Started process (PID=1381) to work on /home/airflow/.local/lib/python3.7/site-packages/airflow/example_dags/example_task_group.py
[2024-03-30T06:26:45.200+0000] {processor.py:826} INFO - Processing file /home/airflow/.local/lib/python3.7/site-packages/airflow/example_dags/example_task_group.py for tasks to queue
[2024-03-30T06:26:45.200+0000] {logging_mixin.py:149} INFO - [2024-03-30T06:26:45.200+0000] {dagbag.py:541} INFO - Filling up the DagBag from /home/airflow/.local/lib/python3.7/site-packages/airflow/example_dags/example_task_group.py
[2024-03-30T06:26:45.207+0000] {processor.py:836} INFO - DAG(s) dict_keys(['example_task_group']) retrieved from /home/airflow/.local/lib/python3.7/site-packages/airflow/example_dags/example_task_group.py
[2024-03-30T06:26:45.247+0000] {logging_mixin.py:149} INFO - [2024-03-30T06:26:45.246+0000] {dag.py:2726} INFO - Sync 1 DAGs
[2024-03-30T06:26:45.275+0000] {logging_mixin.py:149} INFO - [2024-03-30T06:26:45.275+0000] {dag.py:3490} INFO - Setting next_dagrun for example_task_group to 2024-03-29T06:26:45.274994+00:00, run_after=2024-03-30T06:26:45.274994+00:00
[2024-03-30T06:26:45.310+0000] {processor.py:179} INFO - Processing /home/airflow/.local/lib/python3.7/site-packages/airflow/example_dags/example_task_group.py took 0.115 seconds
[2024-03-30T06:27:15.770+0000] {processor.py:157} INFO - Started process (PID=1442) to work on /home/airflow/.local/lib/python3.7/site-packages/airflow/example_dags/example_task_group.py
[2024-03-30T06:27:15.771+0000] {processor.py:826} INFO - Processing file /home/airflow/.local/lib/python3.7/site-packages/airflow/example_dags/example_task_group.py for tasks to queue
[2024-03-30T06:27:15.772+0000] {logging_mixin.py:149} INFO - [2024-03-30T06:27:15.772+0000] {dagbag.py:541} INFO - Filling up the DagBag from /home/airflow/.local/lib/python3.7/site-packages/airflow/example_dags/example_task_group.py
[2024-03-30T06:27:15.779+0000] {processor.py:836} INFO - DAG(s) dict_keys(['example_task_group']) retrieved from /home/airflow/.local/lib/python3.7/site-packages/airflow/example_dags/example_task_group.py
[2024-03-30T06:27:15.820+0000] {logging_mixin.py:149} INFO - [2024-03-30T06:27:15.820+0000] {dag.py:2726} INFO - Sync 1 DAGs
[2024-03-30T06:27:15.846+0000] {logging_mixin.py:149} INFO - [2024-03-30T06:27:15.846+0000] {dag.py:3490} INFO - Setting next_dagrun for example_task_group to 2024-03-29T06:27:15.846078+00:00, run_after=2024-03-30T06:27:15.846078+00:00
[2024-03-30T06:27:15.883+0000] {processor.py:179} INFO - Processing /home/airflow/.local/lib/python3.7/site-packages/airflow/example_dags/example_task_group.py took 0.116 seconds
[2024-03-30T06:27:46.342+0000] {processor.py:157} INFO - Started process (PID=1504) to work on /home/airflow/.local/lib/python3.7/site-packages/airflow/example_dags/example_task_group.py
[2024-03-30T06:27:46.346+0000] {processor.py:826} INFO - Processing file /home/airflow/.local/lib/python3.7/site-packages/airflow/example_dags/example_task_group.py for tasks to queue
[2024-03-30T06:27:46.347+0000] {logging_mixin.py:149} INFO - [2024-03-30T06:27:46.346+0000] {dagbag.py:541} INFO - Filling up the DagBag from /home/airflow/.local/lib/python3.7/site-packages/airflow/example_dags/example_task_group.py
[2024-03-30T06:27:46.354+0000] {processor.py:836} INFO - DAG(s) dict_keys(['example_task_group']) retrieved from /home/airflow/.local/lib/python3.7/site-packages/airflow/example_dags/example_task_group.py
[2024-03-30T06:27:46.391+0000] {logging_mixin.py:149} INFO - [2024-03-30T06:27:46.391+0000] {dag.py:2726} INFO - Sync 1 DAGs
[2024-03-30T06:27:46.418+0000] {logging_mixin.py:149} INFO - [2024-03-30T06:27:46.418+0000] {dag.py:3490} INFO - Setting next_dagrun for example_task_group to 2024-03-29T06:27:46.417824+00:00, run_after=2024-03-30T06:27:46.417824+00:00
[2024-03-30T06:27:46.453+0000] {processor.py:179} INFO - Processing /home/airflow/.local/lib/python3.7/site-packages/airflow/example_dags/example_task_group.py took 0.113 seconds
[2024-03-30T06:28:16.542+0000] {processor.py:157} INFO - Started process (PID=1565) to work on /home/airflow/.local/lib/python3.7/site-packages/airflow/example_dags/example_task_group.py
[2024-03-30T06:28:16.542+0000] {processor.py:826} INFO - Processing file /home/airflow/.local/lib/python3.7/site-packages/airflow/example_dags/example_task_group.py for tasks to queue
[2024-03-30T06:28:16.543+0000] {logging_mixin.py:149} INFO - [2024-03-30T06:28:16.543+0000] {dagbag.py:541} INFO - Filling up the DagBag from /home/airflow/.local/lib/python3.7/site-packages/airflow/example_dags/example_task_group.py
[2024-03-30T06:28:16.550+0000] {processor.py:836} INFO - DAG(s) dict_keys(['example_task_group']) retrieved from /home/airflow/.local/lib/python3.7/site-packages/airflow/example_dags/example_task_group.py
[2024-03-30T06:28:16.585+0000] {logging_mixin.py:149} INFO - [2024-03-30T06:28:16.584+0000] {dag.py:2726} INFO - Sync 1 DAGs
[2024-03-30T06:28:16.609+0000] {logging_mixin.py:149} INFO - [2024-03-30T06:28:16.609+0000] {dag.py:3490} INFO - Setting next_dagrun for example_task_group to 2024-03-29T06:28:16.608979+00:00, run_after=2024-03-30T06:28:16.608979+00:00
[2024-03-30T06:28:16.640+0000] {processor.py:179} INFO - Processing /home/airflow/.local/lib/python3.7/site-packages/airflow/example_dags/example_task_group.py took 0.101 seconds
[2024-03-30T06:28:47.106+0000] {processor.py:157} INFO - Started process (PID=1626) to work on /home/airflow/.local/lib/python3.7/site-packages/airflow/example_dags/example_task_group.py
[2024-03-30T06:28:47.107+0000] {processor.py:826} INFO - Processing file /home/airflow/.local/lib/python3.7/site-packages/airflow/example_dags/example_task_group.py for tasks to queue
[2024-03-30T06:28:47.108+0000] {logging_mixin.py:149} INFO - [2024-03-30T06:28:47.108+0000] {dagbag.py:541} INFO - Filling up the DagBag from /home/airflow/.local/lib/python3.7/site-packages/airflow/example_dags/example_task_group.py
[2024-03-30T06:28:47.115+0000] {processor.py:836} INFO - DAG(s) dict_keys(['example_task_group']) retrieved from /home/airflow/.local/lib/python3.7/site-packages/airflow/example_dags/example_task_group.py
[2024-03-30T06:28:47.155+0000] {logging_mixin.py:149} INFO - [2024-03-30T06:28:47.155+0000] {dag.py:2726} INFO - Sync 1 DAGs
[2024-03-30T06:28:47.183+0000] {logging_mixin.py:149} INFO - [2024-03-30T06:28:47.183+0000] {dag.py:3490} INFO - Setting next_dagrun for example_task_group to 2024-03-29T06:28:47.183369+00:00, run_after=2024-03-30T06:28:47.183369+00:00
[2024-03-30T06:28:47.219+0000] {processor.py:179} INFO - Processing /home/airflow/.local/lib/python3.7/site-packages/airflow/example_dags/example_task_group.py took 0.115 seconds
[2024-03-30T06:29:17.625+0000] {processor.py:157} INFO - Started process (PID=1687) to work on /home/airflow/.local/lib/python3.7/site-packages/airflow/example_dags/example_task_group.py
[2024-03-30T06:29:17.626+0000] {processor.py:826} INFO - Processing file /home/airflow/.local/lib/python3.7/site-packages/airflow/example_dags/example_task_group.py for tasks to queue
[2024-03-30T06:29:17.627+0000] {logging_mixin.py:149} INFO - [2024-03-30T06:29:17.626+0000] {dagbag.py:541} INFO - Filling up the DagBag from /home/airflow/.local/lib/python3.7/site-packages/airflow/example_dags/example_task_group.py
[2024-03-30T06:29:17.633+0000] {processor.py:836} INFO - DAG(s) dict_keys(['example_task_group']) retrieved from /home/airflow/.local/lib/python3.7/site-packages/airflow/example_dags/example_task_group.py
[2024-03-30T06:29:17.670+0000] {logging_mixin.py:149} INFO - [2024-03-30T06:29:17.670+0000] {dag.py:2726} INFO - Sync 1 DAGs
[2024-03-30T06:29:17.695+0000] {logging_mixin.py:149} INFO - [2024-03-30T06:29:17.695+0000] {dag.py:3490} INFO - Setting next_dagrun for example_task_group to 2024-03-29T06:29:17.695239+00:00, run_after=2024-03-30T06:29:17.695239+00:00
[2024-03-30T06:29:17.729+0000] {processor.py:179} INFO - Processing /home/airflow/.local/lib/python3.7/site-packages/airflow/example_dags/example_task_group.py took 0.107 seconds
[2024-03-30T06:29:47.949+0000] {processor.py:157} INFO - Started process (PID=1748) to work on /home/airflow/.local/lib/python3.7/site-packages/airflow/example_dags/example_task_group.py
[2024-03-30T06:29:47.950+0000] {processor.py:826} INFO - Processing file /home/airflow/.local/lib/python3.7/site-packages/airflow/example_dags/example_task_group.py for tasks to queue
[2024-03-30T06:29:47.950+0000] {logging_mixin.py:149} INFO - [2024-03-30T06:29:47.950+0000] {dagbag.py:541} INFO - Filling up the DagBag from /home/airflow/.local/lib/python3.7/site-packages/airflow/example_dags/example_task_group.py
[2024-03-30T06:29:47.957+0000] {processor.py:836} INFO - DAG(s) dict_keys(['example_task_group']) retrieved from /home/airflow/.local/lib/python3.7/site-packages/airflow/example_dags/example_task_group.py
[2024-03-30T06:29:47.992+0000] {logging_mixin.py:149} INFO - [2024-03-30T06:29:47.992+0000] {dag.py:2726} INFO - Sync 1 DAGs
[2024-03-30T06:29:48.018+0000] {logging_mixin.py:149} INFO - [2024-03-30T06:29:48.018+0000] {dag.py:3490} INFO - Setting next_dagrun for example_task_group to 2024-03-29T06:29:48.018083+00:00, run_after=2024-03-30T06:29:48.018083+00:00
[2024-03-30T06:29:48.058+0000] {processor.py:179} INFO - Processing /home/airflow/.local/lib/python3.7/site-packages/airflow/example_dags/example_task_group.py took 0.112 seconds
[2024-03-30T06:30:18.765+0000] {processor.py:157} INFO - Started process (PID=1809) to work on /home/airflow/.local/lib/python3.7/site-packages/airflow/example_dags/example_task_group.py
[2024-03-30T06:30:18.766+0000] {processor.py:826} INFO - Processing file /home/airflow/.local/lib/python3.7/site-packages/airflow/example_dags/example_task_group.py for tasks to queue
[2024-03-30T06:30:18.766+0000] {logging_mixin.py:149} INFO - [2024-03-30T06:30:18.766+0000] {dagbag.py:541} INFO - Filling up the DagBag from /home/airflow/.local/lib/python3.7/site-packages/airflow/example_dags/example_task_group.py
[2024-03-30T06:30:18.774+0000] {processor.py:836} INFO - DAG(s) dict_keys(['example_task_group']) retrieved from /home/airflow/.local/lib/python3.7/site-packages/airflow/example_dags/example_task_group.py
[2024-03-30T06:30:18.811+0000] {logging_mixin.py:149} INFO - [2024-03-30T06:30:18.811+0000] {dag.py:2726} INFO - Sync 1 DAGs
[2024-03-30T06:30:18.837+0000] {logging_mixin.py:149} INFO - [2024-03-30T06:30:18.837+0000] {dag.py:3490} INFO - Setting next_dagrun for example_task_group to 2024-03-29T06:30:18.836912+00:00, run_after=2024-03-30T06:30:18.836912+00:00
[2024-03-30T06:30:18.871+0000] {processor.py:179} INFO - Processing /home/airflow/.local/lib/python3.7/site-packages/airflow/example_dags/example_task_group.py took 0.109 seconds
[2024-03-30T06:30:49.112+0000] {processor.py:157} INFO - Started process (PID=1870) to work on /home/airflow/.local/lib/python3.7/site-packages/airflow/example_dags/example_task_group.py
[2024-03-30T06:30:49.113+0000] {processor.py:826} INFO - Processing file /home/airflow/.local/lib/python3.7/site-packages/airflow/example_dags/example_task_group.py for tasks to queue
[2024-03-30T06:30:49.113+0000] {logging_mixin.py:149} INFO - [2024-03-30T06:30:49.113+0000] {dagbag.py:541} INFO - Filling up the DagBag from /home/airflow/.local/lib/python3.7/site-packages/airflow/example_dags/example_task_group.py
[2024-03-30T06:30:49.120+0000] {processor.py:836} INFO - DAG(s) dict_keys(['example_task_group']) retrieved from /home/airflow/.local/lib/python3.7/site-packages/airflow/example_dags/example_task_group.py
[2024-03-30T06:30:49.156+0000] {logging_mixin.py:149} INFO - [2024-03-30T06:30:49.156+0000] {dag.py:2726} INFO - Sync 1 DAGs
[2024-03-30T06:30:49.180+0000] {logging_mixin.py:149} INFO - [2024-03-30T06:30:49.180+0000] {dag.py:3490} INFO - Setting next_dagrun for example_task_group to 2024-03-29T06:30:49.180000+00:00, run_after=2024-03-30T06:30:49.180000+00:00
[2024-03-30T06:30:49.217+0000] {processor.py:179} INFO - Processing /home/airflow/.local/lib/python3.7/site-packages/airflow/example_dags/example_task_group.py took 0.108 seconds
[2024-03-30T06:31:20.120+0000] {processor.py:157} INFO - Started process (PID=1931) to work on /home/airflow/.local/lib/python3.7/site-packages/airflow/example_dags/example_task_group.py
[2024-03-30T06:31:20.121+0000] {processor.py:826} INFO - Processing file /home/airflow/.local/lib/python3.7/site-packages/airflow/example_dags/example_task_group.py for tasks to queue
[2024-03-30T06:31:20.121+0000] {logging_mixin.py:149} INFO - [2024-03-30T06:31:20.121+0000] {dagbag.py:541} INFO - Filling up the DagBag from /home/airflow/.local/lib/python3.7/site-packages/airflow/example_dags/example_task_group.py
[2024-03-30T06:31:20.130+0000] {processor.py:836} INFO - DAG(s) dict_keys(['example_task_group']) retrieved from /home/airflow/.local/lib/python3.7/site-packages/airflow/example_dags/example_task_group.py
[2024-03-30T06:31:20.170+0000] {logging_mixin.py:149} INFO - [2024-03-30T06:31:20.170+0000] {dag.py:2726} INFO - Sync 1 DAGs
[2024-03-30T06:31:20.208+0000] {logging_mixin.py:149} INFO - [2024-03-30T06:31:20.208+0000] {dag.py:3490} INFO - Setting next_dagrun for example_task_group to 2024-03-29T06:31:20.208232+00:00, run_after=2024-03-30T06:31:20.208232+00:00
[2024-03-30T06:31:20.241+0000] {processor.py:179} INFO - Processing /home/airflow/.local/lib/python3.7/site-packages/airflow/example_dags/example_task_group.py took 0.124 seconds
[2024-03-30T08:20:54.999+0000] {processor.py:157} INFO - Started process (PID=46) to work on /home/airflow/.local/lib/python3.7/site-packages/airflow/example_dags/example_task_group.py
[2024-03-30T08:20:55.001+0000] {processor.py:826} INFO - Processing file /home/airflow/.local/lib/python3.7/site-packages/airflow/example_dags/example_task_group.py for tasks to queue
[2024-03-30T08:20:55.002+0000] {logging_mixin.py:149} INFO - [2024-03-30T08:20:55.001+0000] {dagbag.py:541} INFO - Filling up the DagBag from /home/airflow/.local/lib/python3.7/site-packages/airflow/example_dags/example_task_group.py
[2024-03-30T08:20:55.016+0000] {processor.py:836} INFO - DAG(s) dict_keys(['example_task_group']) retrieved from /home/airflow/.local/lib/python3.7/site-packages/airflow/example_dags/example_task_group.py
[2024-03-30T08:20:55.069+0000] {logging_mixin.py:149} INFO - [2024-03-30T08:20:55.069+0000] {dag.py:2726} INFO - Sync 1 DAGs
[2024-03-30T08:20:55.103+0000] {logging_mixin.py:149} INFO - [2024-03-30T08:20:55.103+0000] {dag.py:3490} INFO - Setting next_dagrun for example_task_group to 2024-03-29T08:20:55.102608+00:00, run_after=2024-03-30T08:20:55.102608+00:00
[2024-03-30T08:20:55.152+0000] {processor.py:179} INFO - Processing /home/airflow/.local/lib/python3.7/site-packages/airflow/example_dags/example_task_group.py took 0.157 seconds
[2024-03-30T08:21:25.709+0000] {processor.py:157} INFO - Started process (PID=107) to work on /home/airflow/.local/lib/python3.7/site-packages/airflow/example_dags/example_task_group.py
[2024-03-30T08:21:25.710+0000] {processor.py:826} INFO - Processing file /home/airflow/.local/lib/python3.7/site-packages/airflow/example_dags/example_task_group.py for tasks to queue
[2024-03-30T08:21:25.711+0000] {logging_mixin.py:149} INFO - [2024-03-30T08:21:25.711+0000] {dagbag.py:541} INFO - Filling up the DagBag from /home/airflow/.local/lib/python3.7/site-packages/airflow/example_dags/example_task_group.py
[2024-03-30T08:21:25.717+0000] {processor.py:836} INFO - DAG(s) dict_keys(['example_task_group']) retrieved from /home/airflow/.local/lib/python3.7/site-packages/airflow/example_dags/example_task_group.py
[2024-03-30T08:21:25.758+0000] {logging_mixin.py:149} INFO - [2024-03-30T08:21:25.758+0000] {dag.py:2726} INFO - Sync 1 DAGs
[2024-03-30T08:21:25.784+0000] {logging_mixin.py:149} INFO - [2024-03-30T08:21:25.783+0000] {dag.py:3490} INFO - Setting next_dagrun for example_task_group to 2024-03-29T08:21:25.783621+00:00, run_after=2024-03-30T08:21:25.783621+00:00
[2024-03-30T08:21:25.819+0000] {processor.py:179} INFO - Processing /home/airflow/.local/lib/python3.7/site-packages/airflow/example_dags/example_task_group.py took 0.113 seconds
[2024-03-30T08:21:56.110+0000] {processor.py:157} INFO - Started process (PID=168) to work on /home/airflow/.local/lib/python3.7/site-packages/airflow/example_dags/example_task_group.py
[2024-03-30T08:21:56.111+0000] {processor.py:826} INFO - Processing file /home/airflow/.local/lib/python3.7/site-packages/airflow/example_dags/example_task_group.py for tasks to queue
[2024-03-30T08:21:56.112+0000] {logging_mixin.py:149} INFO - [2024-03-30T08:21:56.111+0000] {dagbag.py:541} INFO - Filling up the DagBag from /home/airflow/.local/lib/python3.7/site-packages/airflow/example_dags/example_task_group.py
[2024-03-30T08:21:56.120+0000] {processor.py:836} INFO - DAG(s) dict_keys(['example_task_group']) retrieved from /home/airflow/.local/lib/python3.7/site-packages/airflow/example_dags/example_task_group.py
[2024-03-30T08:21:56.162+0000] {logging_mixin.py:149} INFO - [2024-03-30T08:21:56.162+0000] {dag.py:2726} INFO - Sync 1 DAGs
[2024-03-30T08:21:56.299+0000] {logging_mixin.py:149} INFO - [2024-03-30T08:21:56.298+0000] {dag.py:3490} INFO - Setting next_dagrun for example_task_group to 2024-03-29T08:21:56.298573+00:00, run_after=2024-03-30T08:21:56.298573+00:00
[2024-03-30T08:21:56.344+0000] {processor.py:179} INFO - Processing /home/airflow/.local/lib/python3.7/site-packages/airflow/example_dags/example_task_group.py took 0.237 seconds
[2024-03-30T08:22:27.485+0000] {processor.py:157} INFO - Started process (PID=229) to work on /home/airflow/.local/lib/python3.7/site-packages/airflow/example_dags/example_task_group.py
[2024-03-30T08:22:27.486+0000] {processor.py:826} INFO - Processing file /home/airflow/.local/lib/python3.7/site-packages/airflow/example_dags/example_task_group.py for tasks to queue
[2024-03-30T08:22:27.487+0000] {logging_mixin.py:149} INFO - [2024-03-30T08:22:27.486+0000] {dagbag.py:541} INFO - Filling up the DagBag from /home/airflow/.local/lib/python3.7/site-packages/airflow/example_dags/example_task_group.py
[2024-03-30T08:22:27.496+0000] {processor.py:836} INFO - DAG(s) dict_keys(['example_task_group']) retrieved from /home/airflow/.local/lib/python3.7/site-packages/airflow/example_dags/example_task_group.py
[2024-03-30T08:22:27.548+0000] {logging_mixin.py:149} INFO - [2024-03-30T08:22:27.548+0000] {dag.py:2726} INFO - Sync 1 DAGs
[2024-03-30T08:22:27.580+0000] {logging_mixin.py:149} INFO - [2024-03-30T08:22:27.580+0000] {dag.py:3490} INFO - Setting next_dagrun for example_task_group to 2024-03-29T08:22:27.579702+00:00, run_after=2024-03-30T08:22:27.579702+00:00
[2024-03-30T08:22:27.632+0000] {processor.py:179} INFO - Processing /home/airflow/.local/lib/python3.7/site-packages/airflow/example_dags/example_task_group.py took 0.150 seconds
[2024-03-30T08:22:57.730+0000] {processor.py:157} INFO - Started process (PID=290) to work on /home/airflow/.local/lib/python3.7/site-packages/airflow/example_dags/example_task_group.py
[2024-03-30T08:22:57.732+0000] {processor.py:826} INFO - Processing file /home/airflow/.local/lib/python3.7/site-packages/airflow/example_dags/example_task_group.py for tasks to queue
[2024-03-30T08:22:57.733+0000] {logging_mixin.py:149} INFO - [2024-03-30T08:22:57.733+0000] {dagbag.py:541} INFO - Filling up the DagBag from /home/airflow/.local/lib/python3.7/site-packages/airflow/example_dags/example_task_group.py
[2024-03-30T08:22:57.744+0000] {processor.py:836} INFO - DAG(s) dict_keys(['example_task_group']) retrieved from /home/airflow/.local/lib/python3.7/site-packages/airflow/example_dags/example_task_group.py
[2024-03-30T08:22:57.792+0000] {logging_mixin.py:149} INFO - [2024-03-30T08:22:57.792+0000] {dag.py:2726} INFO - Sync 1 DAGs
[2024-03-30T08:22:57.829+0000] {logging_mixin.py:149} INFO - [2024-03-30T08:22:57.829+0000] {dag.py:3490} INFO - Setting next_dagrun for example_task_group to 2024-03-29T08:22:57.829007+00:00, run_after=2024-03-30T08:22:57.829007+00:00
[2024-03-30T08:22:57.875+0000] {processor.py:179} INFO - Processing /home/airflow/.local/lib/python3.7/site-packages/airflow/example_dags/example_task_group.py took 0.152 seconds
[2024-03-30T08:23:28.647+0000] {processor.py:157} INFO - Started process (PID=351) to work on /home/airflow/.local/lib/python3.7/site-packages/airflow/example_dags/example_task_group.py
[2024-03-30T08:23:28.648+0000] {processor.py:826} INFO - Processing file /home/airflow/.local/lib/python3.7/site-packages/airflow/example_dags/example_task_group.py for tasks to queue
[2024-03-30T08:23:28.649+0000] {logging_mixin.py:149} INFO - [2024-03-30T08:23:28.649+0000] {dagbag.py:541} INFO - Filling up the DagBag from /home/airflow/.local/lib/python3.7/site-packages/airflow/example_dags/example_task_group.py
[2024-03-30T08:23:28.656+0000] {processor.py:836} INFO - DAG(s) dict_keys(['example_task_group']) retrieved from /home/airflow/.local/lib/python3.7/site-packages/airflow/example_dags/example_task_group.py
[2024-03-30T08:23:28.703+0000] {logging_mixin.py:149} INFO - [2024-03-30T08:23:28.703+0000] {dag.py:2726} INFO - Sync 1 DAGs
[2024-03-30T08:23:28.738+0000] {logging_mixin.py:149} INFO - [2024-03-30T08:23:28.737+0000] {dag.py:3490} INFO - Setting next_dagrun for example_task_group to 2024-03-29T08:23:28.737626+00:00, run_after=2024-03-30T08:23:28.737626+00:00
[2024-03-30T08:23:28.785+0000] {processor.py:179} INFO - Processing /home/airflow/.local/lib/python3.7/site-packages/airflow/example_dags/example_task_group.py took 0.141 seconds
[2024-03-30T08:23:58.853+0000] {processor.py:157} INFO - Started process (PID=411) to work on /home/airflow/.local/lib/python3.7/site-packages/airflow/example_dags/example_task_group.py
[2024-03-30T08:23:58.855+0000] {processor.py:826} INFO - Processing file /home/airflow/.local/lib/python3.7/site-packages/airflow/example_dags/example_task_group.py for tasks to queue
[2024-03-30T08:23:58.856+0000] {logging_mixin.py:149} INFO - [2024-03-30T08:23:58.856+0000] {dagbag.py:541} INFO - Filling up the DagBag from /home/airflow/.local/lib/python3.7/site-packages/airflow/example_dags/example_task_group.py
[2024-03-30T08:23:58.867+0000] {processor.py:836} INFO - DAG(s) dict_keys(['example_task_group']) retrieved from /home/airflow/.local/lib/python3.7/site-packages/airflow/example_dags/example_task_group.py
[2024-03-30T08:23:58.910+0000] {logging_mixin.py:149} INFO - [2024-03-30T08:23:58.910+0000] {dag.py:2726} INFO - Sync 1 DAGs
[2024-03-30T08:23:58.947+0000] {logging_mixin.py:149} INFO - [2024-03-30T08:23:58.947+0000] {dag.py:3490} INFO - Setting next_dagrun for example_task_group to 2024-03-29T08:23:58.946907+00:00, run_after=2024-03-30T08:23:58.946907+00:00
[2024-03-30T08:23:59.007+0000] {processor.py:179} INFO - Processing /home/airflow/.local/lib/python3.7/site-packages/airflow/example_dags/example_task_group.py took 0.159 seconds
[2024-03-30T08:24:29.313+0000] {processor.py:157} INFO - Started process (PID=472) to work on /home/airflow/.local/lib/python3.7/site-packages/airflow/example_dags/example_task_group.py
[2024-03-30T08:24:29.314+0000] {processor.py:826} INFO - Processing file /home/airflow/.local/lib/python3.7/site-packages/airflow/example_dags/example_task_group.py for tasks to queue
[2024-03-30T08:24:29.315+0000] {logging_mixin.py:149} INFO - [2024-03-30T08:24:29.315+0000] {dagbag.py:541} INFO - Filling up the DagBag from /home/airflow/.local/lib/python3.7/site-packages/airflow/example_dags/example_task_group.py
[2024-03-30T08:24:29.323+0000] {processor.py:836} INFO - DAG(s) dict_keys(['example_task_group']) retrieved from /home/airflow/.local/lib/python3.7/site-packages/airflow/example_dags/example_task_group.py
[2024-03-30T08:24:29.371+0000] {logging_mixin.py:149} INFO - [2024-03-30T08:24:29.371+0000] {dag.py:2726} INFO - Sync 1 DAGs
[2024-03-30T08:24:29.405+0000] {logging_mixin.py:149} INFO - [2024-03-30T08:24:29.405+0000] {dag.py:3490} INFO - Setting next_dagrun for example_task_group to 2024-03-29T08:24:29.404703+00:00, run_after=2024-03-30T08:24:29.404703+00:00
[2024-03-30T08:24:29.457+0000] {processor.py:179} INFO - Processing /home/airflow/.local/lib/python3.7/site-packages/airflow/example_dags/example_task_group.py took 0.147 seconds
[2024-03-30T08:24:59.748+0000] {processor.py:157} INFO - Started process (PID=533) to work on /home/airflow/.local/lib/python3.7/site-packages/airflow/example_dags/example_task_group.py
[2024-03-30T08:24:59.749+0000] {processor.py:826} INFO - Processing file /home/airflow/.local/lib/python3.7/site-packages/airflow/example_dags/example_task_group.py for tasks to queue
[2024-03-30T08:24:59.749+0000] {logging_mixin.py:149} INFO - [2024-03-30T08:24:59.749+0000] {dagbag.py:541} INFO - Filling up the DagBag from /home/airflow/.local/lib/python3.7/site-packages/airflow/example_dags/example_task_group.py
[2024-03-30T08:24:59.759+0000] {processor.py:836} INFO - DAG(s) dict_keys(['example_task_group']) retrieved from /home/airflow/.local/lib/python3.7/site-packages/airflow/example_dags/example_task_group.py
[2024-03-30T08:24:59.808+0000] {logging_mixin.py:149} INFO - [2024-03-30T08:24:59.808+0000] {dag.py:2726} INFO - Sync 1 DAGs
[2024-03-30T08:24:59.897+0000] {logging_mixin.py:149} INFO - [2024-03-30T08:24:59.897+0000] {dag.py:3490} INFO - Setting next_dagrun for example_task_group to 2024-03-29T08:24:59.896742+00:00, run_after=2024-03-30T08:24:59.896742+00:00
[2024-03-30T08:24:59.956+0000] {processor.py:179} INFO - Processing /home/airflow/.local/lib/python3.7/site-packages/airflow/example_dags/example_task_group.py took 0.214 seconds
[2024-03-30T08:25:30.074+0000] {processor.py:157} INFO - Started process (PID=594) to work on /home/airflow/.local/lib/python3.7/site-packages/airflow/example_dags/example_task_group.py
[2024-03-30T08:25:30.075+0000] {processor.py:826} INFO - Processing file /home/airflow/.local/lib/python3.7/site-packages/airflow/example_dags/example_task_group.py for tasks to queue
[2024-03-30T08:25:30.076+0000] {logging_mixin.py:149} INFO - [2024-03-30T08:25:30.075+0000] {dagbag.py:541} INFO - Filling up the DagBag from /home/airflow/.local/lib/python3.7/site-packages/airflow/example_dags/example_task_group.py
[2024-03-30T08:25:30.082+0000] {processor.py:836} INFO - DAG(s) dict_keys(['example_task_group']) retrieved from /home/airflow/.local/lib/python3.7/site-packages/airflow/example_dags/example_task_group.py
[2024-03-30T08:25:30.134+0000] {logging_mixin.py:149} INFO - [2024-03-30T08:25:30.134+0000] {dag.py:2726} INFO - Sync 1 DAGs
[2024-03-30T08:25:30.163+0000] {logging_mixin.py:149} INFO - [2024-03-30T08:25:30.163+0000] {dag.py:3490} INFO - Setting next_dagrun for example_task_group to 2024-03-29T08:25:30.163484+00:00, run_after=2024-03-30T08:25:30.163484+00:00
[2024-03-30T08:25:30.212+0000] {processor.py:179} INFO - Processing /home/airflow/.local/lib/python3.7/site-packages/airflow/example_dags/example_task_group.py took 0.141 seconds
[2024-03-30T08:26:00.555+0000] {processor.py:157} INFO - Started process (PID=656) to work on /home/airflow/.local/lib/python3.7/site-packages/airflow/example_dags/example_task_group.py
[2024-03-30T08:26:00.557+0000] {processor.py:826} INFO - Processing file /home/airflow/.local/lib/python3.7/site-packages/airflow/example_dags/example_task_group.py for tasks to queue
[2024-03-30T08:26:00.558+0000] {logging_mixin.py:149} INFO - [2024-03-30T08:26:00.558+0000] {dagbag.py:541} INFO - Filling up the DagBag from /home/airflow/.local/lib/python3.7/site-packages/airflow/example_dags/example_task_group.py
[2024-03-30T08:26:00.565+0000] {processor.py:836} INFO - DAG(s) dict_keys(['example_task_group']) retrieved from /home/airflow/.local/lib/python3.7/site-packages/airflow/example_dags/example_task_group.py
[2024-03-30T08:26:00.611+0000] {logging_mixin.py:149} INFO - [2024-03-30T08:26:00.611+0000] {dag.py:2726} INFO - Sync 1 DAGs
[2024-03-30T08:26:00.647+0000] {logging_mixin.py:149} INFO - [2024-03-30T08:26:00.647+0000] {dag.py:3490} INFO - Setting next_dagrun for example_task_group to 2024-03-29T08:26:00.647372+00:00, run_after=2024-03-30T08:26:00.647372+00:00
[2024-03-30T08:26:00.690+0000] {processor.py:179} INFO - Processing /home/airflow/.local/lib/python3.7/site-packages/airflow/example_dags/example_task_group.py took 0.138 seconds
[2024-03-30T08:26:30.920+0000] {processor.py:157} INFO - Started process (PID=717) to work on /home/airflow/.local/lib/python3.7/site-packages/airflow/example_dags/example_task_group.py
[2024-03-30T08:26:30.921+0000] {processor.py:826} INFO - Processing file /home/airflow/.local/lib/python3.7/site-packages/airflow/example_dags/example_task_group.py for tasks to queue
[2024-03-30T08:26:30.922+0000] {logging_mixin.py:149} INFO - [2024-03-30T08:26:30.922+0000] {dagbag.py:541} INFO - Filling up the DagBag from /home/airflow/.local/lib/python3.7/site-packages/airflow/example_dags/example_task_group.py
[2024-03-30T08:26:30.930+0000] {processor.py:836} INFO - DAG(s) dict_keys(['example_task_group']) retrieved from /home/airflow/.local/lib/python3.7/site-packages/airflow/example_dags/example_task_group.py
[2024-03-30T08:26:30.970+0000] {logging_mixin.py:149} INFO - [2024-03-30T08:26:30.970+0000] {dag.py:2726} INFO - Sync 1 DAGs
[2024-03-30T08:26:30.997+0000] {logging_mixin.py:149} INFO - [2024-03-30T08:26:30.997+0000] {dag.py:3490} INFO - Setting next_dagrun for example_task_group to 2024-03-29T08:26:30.997519+00:00, run_after=2024-03-30T08:26:30.997519+00:00
[2024-03-30T08:26:31.032+0000] {processor.py:179} INFO - Processing /home/airflow/.local/lib/python3.7/site-packages/airflow/example_dags/example_task_group.py took 0.114 seconds
[2024-03-30T08:27:01.150+0000] {processor.py:157} INFO - Started process (PID=778) to work on /home/airflow/.local/lib/python3.7/site-packages/airflow/example_dags/example_task_group.py
[2024-03-30T08:27:01.151+0000] {processor.py:826} INFO - Processing file /home/airflow/.local/lib/python3.7/site-packages/airflow/example_dags/example_task_group.py for tasks to queue
[2024-03-30T08:27:01.152+0000] {logging_mixin.py:149} INFO - [2024-03-30T08:27:01.152+0000] {dagbag.py:541} INFO - Filling up the DagBag from /home/airflow/.local/lib/python3.7/site-packages/airflow/example_dags/example_task_group.py
[2024-03-30T08:27:01.161+0000] {processor.py:836} INFO - DAG(s) dict_keys(['example_task_group']) retrieved from /home/airflow/.local/lib/python3.7/site-packages/airflow/example_dags/example_task_group.py
[2024-03-30T08:27:01.213+0000] {logging_mixin.py:149} INFO - [2024-03-30T08:27:01.213+0000] {dag.py:2726} INFO - Sync 1 DAGs
[2024-03-30T08:27:01.288+0000] {logging_mixin.py:149} INFO - [2024-03-30T08:27:01.288+0000] {dag.py:3490} INFO - Setting next_dagrun for example_task_group to 2024-03-29T08:27:01.287856+00:00, run_after=2024-03-30T08:27:01.287856+00:00
[2024-03-30T08:27:01.330+0000] {processor.py:179} INFO - Processing /home/airflow/.local/lib/python3.7/site-packages/airflow/example_dags/example_task_group.py took 0.183 seconds
[2024-03-30T08:27:31.558+0000] {processor.py:157} INFO - Started process (PID=838) to work on /home/airflow/.local/lib/python3.7/site-packages/airflow/example_dags/example_task_group.py
[2024-03-30T08:27:31.559+0000] {processor.py:826} INFO - Processing file /home/airflow/.local/lib/python3.7/site-packages/airflow/example_dags/example_task_group.py for tasks to queue
[2024-03-30T08:27:31.559+0000] {logging_mixin.py:149} INFO - [2024-03-30T08:27:31.559+0000] {dagbag.py:541} INFO - Filling up the DagBag from /home/airflow/.local/lib/python3.7/site-packages/airflow/example_dags/example_task_group.py
[2024-03-30T08:27:31.569+0000] {processor.py:836} INFO - DAG(s) dict_keys(['example_task_group']) retrieved from /home/airflow/.local/lib/python3.7/site-packages/airflow/example_dags/example_task_group.py
[2024-03-30T08:27:31.620+0000] {logging_mixin.py:149} INFO - [2024-03-30T08:27:31.619+0000] {dag.py:2726} INFO - Sync 1 DAGs
[2024-03-30T08:27:31.654+0000] {logging_mixin.py:149} INFO - [2024-03-30T08:27:31.654+0000] {dag.py:3490} INFO - Setting next_dagrun for example_task_group to 2024-03-29T08:27:31.654453+00:00, run_after=2024-03-30T08:27:31.654453+00:00
[2024-03-30T08:27:31.710+0000] {processor.py:179} INFO - Processing /home/airflow/.local/lib/python3.7/site-packages/airflow/example_dags/example_task_group.py took 0.155 seconds
[2024-03-30T08:28:01.781+0000] {processor.py:157} INFO - Started process (PID=899) to work on /home/airflow/.local/lib/python3.7/site-packages/airflow/example_dags/example_task_group.py
[2024-03-30T08:28:01.782+0000] {processor.py:826} INFO - Processing file /home/airflow/.local/lib/python3.7/site-packages/airflow/example_dags/example_task_group.py for tasks to queue
[2024-03-30T08:28:01.783+0000] {logging_mixin.py:149} INFO - [2024-03-30T08:28:01.783+0000] {dagbag.py:541} INFO - Filling up the DagBag from /home/airflow/.local/lib/python3.7/site-packages/airflow/example_dags/example_task_group.py
[2024-03-30T08:28:01.791+0000] {processor.py:836} INFO - DAG(s) dict_keys(['example_task_group']) retrieved from /home/airflow/.local/lib/python3.7/site-packages/airflow/example_dags/example_task_group.py
[2024-03-30T08:28:01.841+0000] {logging_mixin.py:149} INFO - [2024-03-30T08:28:01.841+0000] {dag.py:2726} INFO - Sync 1 DAGs
[2024-03-30T08:28:01.879+0000] {logging_mixin.py:149} INFO - [2024-03-30T08:28:01.878+0000] {dag.py:3490} INFO - Setting next_dagrun for example_task_group to 2024-03-29T08:28:01.878558+00:00, run_after=2024-03-30T08:28:01.878558+00:00
[2024-03-30T08:28:01.921+0000] {processor.py:179} INFO - Processing /home/airflow/.local/lib/python3.7/site-packages/airflow/example_dags/example_task_group.py took 0.144 seconds
[2024-03-30T08:28:32.371+0000] {processor.py:157} INFO - Started process (PID=960) to work on /home/airflow/.local/lib/python3.7/site-packages/airflow/example_dags/example_task_group.py
[2024-03-30T08:28:32.372+0000] {processor.py:826} INFO - Processing file /home/airflow/.local/lib/python3.7/site-packages/airflow/example_dags/example_task_group.py for tasks to queue
[2024-03-30T08:28:32.372+0000] {logging_mixin.py:149} INFO - [2024-03-30T08:28:32.372+0000] {dagbag.py:541} INFO - Filling up the DagBag from /home/airflow/.local/lib/python3.7/site-packages/airflow/example_dags/example_task_group.py
[2024-03-30T08:28:32.378+0000] {processor.py:836} INFO - DAG(s) dict_keys(['example_task_group']) retrieved from /home/airflow/.local/lib/python3.7/site-packages/airflow/example_dags/example_task_group.py
[2024-03-30T08:28:32.420+0000] {logging_mixin.py:149} INFO - [2024-03-30T08:28:32.420+0000] {dag.py:2726} INFO - Sync 1 DAGs
[2024-03-30T08:28:32.451+0000] {logging_mixin.py:149} INFO - [2024-03-30T08:28:32.451+0000] {dag.py:3490} INFO - Setting next_dagrun for example_task_group to 2024-03-29T08:28:32.451425+00:00, run_after=2024-03-30T08:28:32.451425+00:00
[2024-03-30T08:28:32.499+0000] {processor.py:179} INFO - Processing /home/airflow/.local/lib/python3.7/site-packages/airflow/example_dags/example_task_group.py took 0.130 seconds
