[2024-03-30T06:15:33.309+0000] {processor.py:157} INFO - Started process (PID=51) to work on /home/airflow/.local/lib/python3.7/site-packages/airflow/example_dags/tutorial_taskflow_api.py
[2024-03-30T06:15:33.310+0000] {processor.py:826} INFO - Processing file /home/airflow/.local/lib/python3.7/site-packages/airflow/example_dags/tutorial_taskflow_api.py for tasks to queue
[2024-03-30T06:15:33.311+0000] {logging_mixin.py:149} INFO - [2024-03-30T06:15:33.311+0000] {dagbag.py:541} INFO - Filling up the DagBag from /home/airflow/.local/lib/python3.7/site-packages/airflow/example_dags/tutorial_taskflow_api.py
[2024-03-30T06:15:33.324+0000] {processor.py:836} INFO - DAG(s) dict_keys(['tutorial_taskflow_api']) retrieved from /home/airflow/.local/lib/python3.7/site-packages/airflow/example_dags/tutorial_taskflow_api.py
[2024-03-30T06:15:33.361+0000] {logging_mixin.py:149} INFO - [2024-03-30T06:15:33.361+0000] {dag.py:2726} INFO - Sync 1 DAGs
[2024-03-30T06:15:33.449+0000] {logging_mixin.py:149} INFO - [2024-03-30T06:15:33.449+0000] {dag.py:3490} INFO - Setting next_dagrun for tutorial_taskflow_api to None, run_after=None
[2024-03-30T06:15:33.497+0000] {processor.py:179} INFO - Processing /home/airflow/.local/lib/python3.7/site-packages/airflow/example_dags/tutorial_taskflow_api.py took 0.192 seconds
[2024-03-30T06:16:03.595+0000] {processor.py:157} INFO - Started process (PID=109) to work on /home/airflow/.local/lib/python3.7/site-packages/airflow/example_dags/tutorial_taskflow_api.py
[2024-03-30T06:16:03.595+0000] {processor.py:826} INFO - Processing file /home/airflow/.local/lib/python3.7/site-packages/airflow/example_dags/tutorial_taskflow_api.py for tasks to queue
[2024-03-30T06:16:03.596+0000] {logging_mixin.py:149} INFO - [2024-03-30T06:16:03.596+0000] {dagbag.py:541} INFO - Filling up the DagBag from /home/airflow/.local/lib/python3.7/site-packages/airflow/example_dags/tutorial_taskflow_api.py
[2024-03-30T06:16:03.601+0000] {processor.py:836} INFO - DAG(s) dict_keys(['tutorial_taskflow_api']) retrieved from /home/airflow/.local/lib/python3.7/site-packages/airflow/example_dags/tutorial_taskflow_api.py
[2024-03-30T06:16:03.635+0000] {logging_mixin.py:149} INFO - [2024-03-30T06:16:03.635+0000] {dag.py:2726} INFO - Sync 1 DAGs
[2024-03-30T06:16:03.658+0000] {logging_mixin.py:149} INFO - [2024-03-30T06:16:03.658+0000] {dag.py:3490} INFO - Setting next_dagrun for tutorial_taskflow_api to None, run_after=None
[2024-03-30T06:16:03.688+0000] {processor.py:179} INFO - Processing /home/airflow/.local/lib/python3.7/site-packages/airflow/example_dags/tutorial_taskflow_api.py took 0.096 seconds
[2024-03-30T06:16:34.465+0000] {processor.py:157} INFO - Started process (PID=169) to work on /home/airflow/.local/lib/python3.7/site-packages/airflow/example_dags/tutorial_taskflow_api.py
[2024-03-30T06:16:34.466+0000] {processor.py:826} INFO - Processing file /home/airflow/.local/lib/python3.7/site-packages/airflow/example_dags/tutorial_taskflow_api.py for tasks to queue
[2024-03-30T06:16:34.466+0000] {logging_mixin.py:149} INFO - [2024-03-30T06:16:34.466+0000] {dagbag.py:541} INFO - Filling up the DagBag from /home/airflow/.local/lib/python3.7/site-packages/airflow/example_dags/tutorial_taskflow_api.py
[2024-03-30T06:16:34.472+0000] {processor.py:836} INFO - DAG(s) dict_keys(['tutorial_taskflow_api']) retrieved from /home/airflow/.local/lib/python3.7/site-packages/airflow/example_dags/tutorial_taskflow_api.py
[2024-03-30T06:16:34.507+0000] {logging_mixin.py:149} INFO - [2024-03-30T06:16:34.507+0000] {dag.py:2726} INFO - Sync 1 DAGs
[2024-03-30T06:16:34.531+0000] {logging_mixin.py:149} INFO - [2024-03-30T06:16:34.531+0000] {dag.py:3490} INFO - Setting next_dagrun for tutorial_taskflow_api to None, run_after=None
[2024-03-30T06:16:34.561+0000] {processor.py:179} INFO - Processing /home/airflow/.local/lib/python3.7/site-packages/airflow/example_dags/tutorial_taskflow_api.py took 0.098 seconds
[2024-03-30T06:17:04.676+0000] {processor.py:157} INFO - Started process (PID=229) to work on /home/airflow/.local/lib/python3.7/site-packages/airflow/example_dags/tutorial_taskflow_api.py
[2024-03-30T06:17:04.676+0000] {processor.py:826} INFO - Processing file /home/airflow/.local/lib/python3.7/site-packages/airflow/example_dags/tutorial_taskflow_api.py for tasks to queue
[2024-03-30T06:17:04.677+0000] {logging_mixin.py:149} INFO - [2024-03-30T06:17:04.677+0000] {dagbag.py:541} INFO - Filling up the DagBag from /home/airflow/.local/lib/python3.7/site-packages/airflow/example_dags/tutorial_taskflow_api.py
[2024-03-30T06:17:04.682+0000] {processor.py:836} INFO - DAG(s) dict_keys(['tutorial_taskflow_api']) retrieved from /home/airflow/.local/lib/python3.7/site-packages/airflow/example_dags/tutorial_taskflow_api.py
[2024-03-30T06:17:04.721+0000] {logging_mixin.py:149} INFO - [2024-03-30T06:17:04.721+0000] {dag.py:2726} INFO - Sync 1 DAGs
[2024-03-30T06:17:04.747+0000] {logging_mixin.py:149} INFO - [2024-03-30T06:17:04.747+0000] {dag.py:3490} INFO - Setting next_dagrun for tutorial_taskflow_api to None, run_after=None
[2024-03-30T06:17:04.781+0000] {processor.py:179} INFO - Processing /home/airflow/.local/lib/python3.7/site-packages/airflow/example_dags/tutorial_taskflow_api.py took 0.108 seconds
[2024-03-30T06:17:35.043+0000] {processor.py:157} INFO - Started process (PID=289) to work on /home/airflow/.local/lib/python3.7/site-packages/airflow/example_dags/tutorial_taskflow_api.py
[2024-03-30T06:17:35.044+0000] {processor.py:826} INFO - Processing file /home/airflow/.local/lib/python3.7/site-packages/airflow/example_dags/tutorial_taskflow_api.py for tasks to queue
[2024-03-30T06:17:35.045+0000] {logging_mixin.py:149} INFO - [2024-03-30T06:17:35.045+0000] {dagbag.py:541} INFO - Filling up the DagBag from /home/airflow/.local/lib/python3.7/site-packages/airflow/example_dags/tutorial_taskflow_api.py
[2024-03-30T06:17:35.050+0000] {processor.py:836} INFO - DAG(s) dict_keys(['tutorial_taskflow_api']) retrieved from /home/airflow/.local/lib/python3.7/site-packages/airflow/example_dags/tutorial_taskflow_api.py
[2024-03-30T06:17:35.088+0000] {logging_mixin.py:149} INFO - [2024-03-30T06:17:35.088+0000] {dag.py:2726} INFO - Sync 1 DAGs
[2024-03-30T06:17:35.112+0000] {logging_mixin.py:149} INFO - [2024-03-30T06:17:35.112+0000] {dag.py:3490} INFO - Setting next_dagrun for tutorial_taskflow_api to None, run_after=None
[2024-03-30T06:17:35.145+0000] {processor.py:179} INFO - Processing /home/airflow/.local/lib/python3.7/site-packages/airflow/example_dags/tutorial_taskflow_api.py took 0.105 seconds
[2024-03-30T06:18:05.551+0000] {processor.py:157} INFO - Started process (PID=349) to work on /home/airflow/.local/lib/python3.7/site-packages/airflow/example_dags/tutorial_taskflow_api.py
[2024-03-30T06:18:05.552+0000] {processor.py:826} INFO - Processing file /home/airflow/.local/lib/python3.7/site-packages/airflow/example_dags/tutorial_taskflow_api.py for tasks to queue
[2024-03-30T06:18:05.552+0000] {logging_mixin.py:149} INFO - [2024-03-30T06:18:05.552+0000] {dagbag.py:541} INFO - Filling up the DagBag from /home/airflow/.local/lib/python3.7/site-packages/airflow/example_dags/tutorial_taskflow_api.py
[2024-03-30T06:18:05.560+0000] {processor.py:836} INFO - DAG(s) dict_keys(['tutorial_taskflow_api']) retrieved from /home/airflow/.local/lib/python3.7/site-packages/airflow/example_dags/tutorial_taskflow_api.py
[2024-03-30T06:18:05.597+0000] {logging_mixin.py:149} INFO - [2024-03-30T06:18:05.597+0000] {dag.py:2726} INFO - Sync 1 DAGs
[2024-03-30T06:18:05.625+0000] {logging_mixin.py:149} INFO - [2024-03-30T06:18:05.625+0000] {dag.py:3490} INFO - Setting next_dagrun for tutorial_taskflow_api to None, run_after=None
[2024-03-30T06:18:05.659+0000] {processor.py:179} INFO - Processing /home/airflow/.local/lib/python3.7/site-packages/airflow/example_dags/tutorial_taskflow_api.py took 0.111 seconds
[2024-03-30T06:18:36.093+0000] {processor.py:157} INFO - Started process (PID=410) to work on /home/airflow/.local/lib/python3.7/site-packages/airflow/example_dags/tutorial_taskflow_api.py
[2024-03-30T06:18:36.094+0000] {processor.py:826} INFO - Processing file /home/airflow/.local/lib/python3.7/site-packages/airflow/example_dags/tutorial_taskflow_api.py for tasks to queue
[2024-03-30T06:18:36.094+0000] {logging_mixin.py:149} INFO - [2024-03-30T06:18:36.094+0000] {dagbag.py:541} INFO - Filling up the DagBag from /home/airflow/.local/lib/python3.7/site-packages/airflow/example_dags/tutorial_taskflow_api.py
[2024-03-30T06:18:36.100+0000] {processor.py:836} INFO - DAG(s) dict_keys(['tutorial_taskflow_api']) retrieved from /home/airflow/.local/lib/python3.7/site-packages/airflow/example_dags/tutorial_taskflow_api.py
[2024-03-30T06:18:36.142+0000] {logging_mixin.py:149} INFO - [2024-03-30T06:18:36.141+0000] {dag.py:2726} INFO - Sync 1 DAGs
[2024-03-30T06:18:36.168+0000] {logging_mixin.py:149} INFO - [2024-03-30T06:18:36.167+0000] {dag.py:3490} INFO - Setting next_dagrun for tutorial_taskflow_api to None, run_after=None
[2024-03-30T06:18:36.207+0000] {processor.py:179} INFO - Processing /home/airflow/.local/lib/python3.7/site-packages/airflow/example_dags/tutorial_taskflow_api.py took 0.118 seconds
[2024-03-30T06:19:06.512+0000] {processor.py:157} INFO - Started process (PID=470) to work on /home/airflow/.local/lib/python3.7/site-packages/airflow/example_dags/tutorial_taskflow_api.py
[2024-03-30T06:19:06.512+0000] {processor.py:826} INFO - Processing file /home/airflow/.local/lib/python3.7/site-packages/airflow/example_dags/tutorial_taskflow_api.py for tasks to queue
[2024-03-30T06:19:06.513+0000] {logging_mixin.py:149} INFO - [2024-03-30T06:19:06.513+0000] {dagbag.py:541} INFO - Filling up the DagBag from /home/airflow/.local/lib/python3.7/site-packages/airflow/example_dags/tutorial_taskflow_api.py
[2024-03-30T06:19:06.518+0000] {processor.py:836} INFO - DAG(s) dict_keys(['tutorial_taskflow_api']) retrieved from /home/airflow/.local/lib/python3.7/site-packages/airflow/example_dags/tutorial_taskflow_api.py
[2024-03-30T06:19:06.550+0000] {logging_mixin.py:149} INFO - [2024-03-30T06:19:06.550+0000] {dag.py:2726} INFO - Sync 1 DAGs
[2024-03-30T06:19:06.573+0000] {logging_mixin.py:149} INFO - [2024-03-30T06:19:06.572+0000] {dag.py:3490} INFO - Setting next_dagrun for tutorial_taskflow_api to None, run_after=None
[2024-03-30T06:19:06.602+0000] {processor.py:179} INFO - Processing /home/airflow/.local/lib/python3.7/site-packages/airflow/example_dags/tutorial_taskflow_api.py took 0.092 seconds
[2024-03-30T06:19:37.443+0000] {processor.py:157} INFO - Started process (PID=530) to work on /home/airflow/.local/lib/python3.7/site-packages/airflow/example_dags/tutorial_taskflow_api.py
[2024-03-30T06:19:37.445+0000] {processor.py:826} INFO - Processing file /home/airflow/.local/lib/python3.7/site-packages/airflow/example_dags/tutorial_taskflow_api.py for tasks to queue
[2024-03-30T06:19:37.445+0000] {logging_mixin.py:149} INFO - [2024-03-30T06:19:37.445+0000] {dagbag.py:541} INFO - Filling up the DagBag from /home/airflow/.local/lib/python3.7/site-packages/airflow/example_dags/tutorial_taskflow_api.py
[2024-03-30T06:19:37.451+0000] {processor.py:836} INFO - DAG(s) dict_keys(['tutorial_taskflow_api']) retrieved from /home/airflow/.local/lib/python3.7/site-packages/airflow/example_dags/tutorial_taskflow_api.py
[2024-03-30T06:19:37.497+0000] {logging_mixin.py:149} INFO - [2024-03-30T06:19:37.497+0000] {dag.py:2726} INFO - Sync 1 DAGs
[2024-03-30T06:19:37.553+0000] {logging_mixin.py:149} INFO - [2024-03-30T06:19:37.552+0000] {dag.py:3490} INFO - Setting next_dagrun for tutorial_taskflow_api to None, run_after=None
[2024-03-30T06:19:37.599+0000] {processor.py:179} INFO - Processing /home/airflow/.local/lib/python3.7/site-packages/airflow/example_dags/tutorial_taskflow_api.py took 0.159 seconds
[2024-03-30T06:20:08.507+0000] {processor.py:157} INFO - Started process (PID=590) to work on /home/airflow/.local/lib/python3.7/site-packages/airflow/example_dags/tutorial_taskflow_api.py
[2024-03-30T06:20:08.508+0000] {processor.py:826} INFO - Processing file /home/airflow/.local/lib/python3.7/site-packages/airflow/example_dags/tutorial_taskflow_api.py for tasks to queue
[2024-03-30T06:20:08.508+0000] {logging_mixin.py:149} INFO - [2024-03-30T06:20:08.508+0000] {dagbag.py:541} INFO - Filling up the DagBag from /home/airflow/.local/lib/python3.7/site-packages/airflow/example_dags/tutorial_taskflow_api.py
[2024-03-30T06:20:08.514+0000] {processor.py:836} INFO - DAG(s) dict_keys(['tutorial_taskflow_api']) retrieved from /home/airflow/.local/lib/python3.7/site-packages/airflow/example_dags/tutorial_taskflow_api.py
[2024-03-30T06:20:08.549+0000] {logging_mixin.py:149} INFO - [2024-03-30T06:20:08.549+0000] {dag.py:2726} INFO - Sync 1 DAGs
[2024-03-30T06:20:08.573+0000] {logging_mixin.py:149} INFO - [2024-03-30T06:20:08.572+0000] {dag.py:3490} INFO - Setting next_dagrun for tutorial_taskflow_api to None, run_after=None
[2024-03-30T06:20:08.603+0000] {processor.py:179} INFO - Processing /home/airflow/.local/lib/python3.7/site-packages/airflow/example_dags/tutorial_taskflow_api.py took 0.099 seconds
[2024-03-30T06:20:39.119+0000] {processor.py:157} INFO - Started process (PID=651) to work on /home/airflow/.local/lib/python3.7/site-packages/airflow/example_dags/tutorial_taskflow_api.py
[2024-03-30T06:20:39.120+0000] {processor.py:826} INFO - Processing file /home/airflow/.local/lib/python3.7/site-packages/airflow/example_dags/tutorial_taskflow_api.py for tasks to queue
[2024-03-30T06:20:39.121+0000] {logging_mixin.py:149} INFO - [2024-03-30T06:20:39.121+0000] {dagbag.py:541} INFO - Filling up the DagBag from /home/airflow/.local/lib/python3.7/site-packages/airflow/example_dags/tutorial_taskflow_api.py
[2024-03-30T06:20:39.126+0000] {processor.py:836} INFO - DAG(s) dict_keys(['tutorial_taskflow_api']) retrieved from /home/airflow/.local/lib/python3.7/site-packages/airflow/example_dags/tutorial_taskflow_api.py
[2024-03-30T06:20:39.164+0000] {logging_mixin.py:149} INFO - [2024-03-30T06:20:39.163+0000] {dag.py:2726} INFO - Sync 1 DAGs
[2024-03-30T06:20:39.188+0000] {logging_mixin.py:149} INFO - [2024-03-30T06:20:39.188+0000] {dag.py:3490} INFO - Setting next_dagrun for tutorial_taskflow_api to None, run_after=None
[2024-03-30T06:20:39.220+0000] {processor.py:179} INFO - Processing /home/airflow/.local/lib/python3.7/site-packages/airflow/example_dags/tutorial_taskflow_api.py took 0.103 seconds
[2024-03-30T06:21:10.130+0000] {processor.py:157} INFO - Started process (PID=712) to work on /home/airflow/.local/lib/python3.7/site-packages/airflow/example_dags/tutorial_taskflow_api.py
[2024-03-30T06:21:10.131+0000] {processor.py:826} INFO - Processing file /home/airflow/.local/lib/python3.7/site-packages/airflow/example_dags/tutorial_taskflow_api.py for tasks to queue
[2024-03-30T06:21:10.131+0000] {logging_mixin.py:149} INFO - [2024-03-30T06:21:10.131+0000] {dagbag.py:541} INFO - Filling up the DagBag from /home/airflow/.local/lib/python3.7/site-packages/airflow/example_dags/tutorial_taskflow_api.py
[2024-03-30T06:21:10.136+0000] {processor.py:836} INFO - DAG(s) dict_keys(['tutorial_taskflow_api']) retrieved from /home/airflow/.local/lib/python3.7/site-packages/airflow/example_dags/tutorial_taskflow_api.py
[2024-03-30T06:21:10.170+0000] {logging_mixin.py:149} INFO - [2024-03-30T06:21:10.170+0000] {dag.py:2726} INFO - Sync 1 DAGs
[2024-03-30T06:21:10.192+0000] {logging_mixin.py:149} INFO - [2024-03-30T06:21:10.192+0000] {dag.py:3490} INFO - Setting next_dagrun for tutorial_taskflow_api to None, run_after=None
[2024-03-30T06:21:10.221+0000] {processor.py:179} INFO - Processing /home/airflow/.local/lib/python3.7/site-packages/airflow/example_dags/tutorial_taskflow_api.py took 0.094 seconds
[2024-03-30T06:21:41.024+0000] {processor.py:157} INFO - Started process (PID=773) to work on /home/airflow/.local/lib/python3.7/site-packages/airflow/example_dags/tutorial_taskflow_api.py
[2024-03-30T06:21:41.025+0000] {processor.py:826} INFO - Processing file /home/airflow/.local/lib/python3.7/site-packages/airflow/example_dags/tutorial_taskflow_api.py for tasks to queue
[2024-03-30T06:21:41.026+0000] {logging_mixin.py:149} INFO - [2024-03-30T06:21:41.026+0000] {dagbag.py:541} INFO - Filling up the DagBag from /home/airflow/.local/lib/python3.7/site-packages/airflow/example_dags/tutorial_taskflow_api.py
[2024-03-30T06:21:41.032+0000] {processor.py:836} INFO - DAG(s) dict_keys(['tutorial_taskflow_api']) retrieved from /home/airflow/.local/lib/python3.7/site-packages/airflow/example_dags/tutorial_taskflow_api.py
[2024-03-30T06:21:41.077+0000] {logging_mixin.py:149} INFO - [2024-03-30T06:21:41.076+0000] {dag.py:2726} INFO - Sync 1 DAGs
[2024-03-30T06:21:41.100+0000] {logging_mixin.py:149} INFO - [2024-03-30T06:21:41.100+0000] {dag.py:3490} INFO - Setting next_dagrun for tutorial_taskflow_api to None, run_after=None
[2024-03-30T06:21:41.132+0000] {processor.py:179} INFO - Processing /home/airflow/.local/lib/python3.7/site-packages/airflow/example_dags/tutorial_taskflow_api.py took 0.112 seconds
[2024-03-30T06:22:11.950+0000] {processor.py:157} INFO - Started process (PID=834) to work on /home/airflow/.local/lib/python3.7/site-packages/airflow/example_dags/tutorial_taskflow_api.py
[2024-03-30T06:22:11.951+0000] {processor.py:826} INFO - Processing file /home/airflow/.local/lib/python3.7/site-packages/airflow/example_dags/tutorial_taskflow_api.py for tasks to queue
[2024-03-30T06:22:11.952+0000] {logging_mixin.py:149} INFO - [2024-03-30T06:22:11.951+0000] {dagbag.py:541} INFO - Filling up the DagBag from /home/airflow/.local/lib/python3.7/site-packages/airflow/example_dags/tutorial_taskflow_api.py
[2024-03-30T06:22:11.959+0000] {processor.py:836} INFO - DAG(s) dict_keys(['tutorial_taskflow_api']) retrieved from /home/airflow/.local/lib/python3.7/site-packages/airflow/example_dags/tutorial_taskflow_api.py
[2024-03-30T06:22:11.997+0000] {logging_mixin.py:149} INFO - [2024-03-30T06:22:11.996+0000] {dag.py:2726} INFO - Sync 1 DAGs
[2024-03-30T06:22:12.023+0000] {logging_mixin.py:149} INFO - [2024-03-30T06:22:12.023+0000] {dag.py:3490} INFO - Setting next_dagrun for tutorial_taskflow_api to None, run_after=None
[2024-03-30T06:22:12.055+0000] {processor.py:179} INFO - Processing /home/airflow/.local/lib/python3.7/site-packages/airflow/example_dags/tutorial_taskflow_api.py took 0.108 seconds
[2024-03-30T06:22:42.603+0000] {processor.py:157} INFO - Started process (PID=896) to work on /home/airflow/.local/lib/python3.7/site-packages/airflow/example_dags/tutorial_taskflow_api.py
[2024-03-30T06:22:42.604+0000] {processor.py:826} INFO - Processing file /home/airflow/.local/lib/python3.7/site-packages/airflow/example_dags/tutorial_taskflow_api.py for tasks to queue
[2024-03-30T06:22:42.605+0000] {logging_mixin.py:149} INFO - [2024-03-30T06:22:42.605+0000] {dagbag.py:541} INFO - Filling up the DagBag from /home/airflow/.local/lib/python3.7/site-packages/airflow/example_dags/tutorial_taskflow_api.py
[2024-03-30T06:22:42.610+0000] {processor.py:836} INFO - DAG(s) dict_keys(['tutorial_taskflow_api']) retrieved from /home/airflow/.local/lib/python3.7/site-packages/airflow/example_dags/tutorial_taskflow_api.py
[2024-03-30T06:22:42.642+0000] {logging_mixin.py:149} INFO - [2024-03-30T06:22:42.642+0000] {dag.py:2726} INFO - Sync 1 DAGs
[2024-03-30T06:22:42.665+0000] {logging_mixin.py:149} INFO - [2024-03-30T06:22:42.665+0000] {dag.py:3490} INFO - Setting next_dagrun for tutorial_taskflow_api to None, run_after=None
[2024-03-30T06:22:42.695+0000] {processor.py:179} INFO - Processing /home/airflow/.local/lib/python3.7/site-packages/airflow/example_dags/tutorial_taskflow_api.py took 0.095 seconds
[2024-03-30T06:23:13.036+0000] {processor.py:157} INFO - Started process (PID=957) to work on /home/airflow/.local/lib/python3.7/site-packages/airflow/example_dags/tutorial_taskflow_api.py
[2024-03-30T06:23:13.037+0000] {processor.py:826} INFO - Processing file /home/airflow/.local/lib/python3.7/site-packages/airflow/example_dags/tutorial_taskflow_api.py for tasks to queue
[2024-03-30T06:23:13.037+0000] {logging_mixin.py:149} INFO - [2024-03-30T06:23:13.037+0000] {dagbag.py:541} INFO - Filling up the DagBag from /home/airflow/.local/lib/python3.7/site-packages/airflow/example_dags/tutorial_taskflow_api.py
[2024-03-30T06:23:13.042+0000] {processor.py:836} INFO - DAG(s) dict_keys(['tutorial_taskflow_api']) retrieved from /home/airflow/.local/lib/python3.7/site-packages/airflow/example_dags/tutorial_taskflow_api.py
[2024-03-30T06:23:13.075+0000] {logging_mixin.py:149} INFO - [2024-03-30T06:23:13.075+0000] {dag.py:2726} INFO - Sync 1 DAGs
[2024-03-30T06:23:13.098+0000] {logging_mixin.py:149} INFO - [2024-03-30T06:23:13.098+0000] {dag.py:3490} INFO - Setting next_dagrun for tutorial_taskflow_api to None, run_after=None
[2024-03-30T06:23:13.129+0000] {processor.py:179} INFO - Processing /home/airflow/.local/lib/python3.7/site-packages/airflow/example_dags/tutorial_taskflow_api.py took 0.096 seconds
[2024-03-30T06:23:43.184+0000] {processor.py:157} INFO - Started process (PID=1018) to work on /home/airflow/.local/lib/python3.7/site-packages/airflow/example_dags/tutorial_taskflow_api.py
[2024-03-30T06:23:43.185+0000] {processor.py:826} INFO - Processing file /home/airflow/.local/lib/python3.7/site-packages/airflow/example_dags/tutorial_taskflow_api.py for tasks to queue
[2024-03-30T06:23:43.185+0000] {logging_mixin.py:149} INFO - [2024-03-30T06:23:43.185+0000] {dagbag.py:541} INFO - Filling up the DagBag from /home/airflow/.local/lib/python3.7/site-packages/airflow/example_dags/tutorial_taskflow_api.py
[2024-03-30T06:23:43.191+0000] {processor.py:836} INFO - DAG(s) dict_keys(['tutorial_taskflow_api']) retrieved from /home/airflow/.local/lib/python3.7/site-packages/airflow/example_dags/tutorial_taskflow_api.py
[2024-03-30T06:23:43.236+0000] {logging_mixin.py:149} INFO - [2024-03-30T06:23:43.236+0000] {dag.py:2726} INFO - Sync 1 DAGs
[2024-03-30T06:23:43.262+0000] {logging_mixin.py:149} INFO - [2024-03-30T06:23:43.262+0000] {dag.py:3490} INFO - Setting next_dagrun for tutorial_taskflow_api to None, run_after=None
[2024-03-30T06:23:43.290+0000] {processor.py:179} INFO - Processing /home/airflow/.local/lib/python3.7/site-packages/airflow/example_dags/tutorial_taskflow_api.py took 0.110 seconds
[2024-03-30T06:24:13.819+0000] {processor.py:157} INFO - Started process (PID=1079) to work on /home/airflow/.local/lib/python3.7/site-packages/airflow/example_dags/tutorial_taskflow_api.py
[2024-03-30T06:24:13.820+0000] {processor.py:826} INFO - Processing file /home/airflow/.local/lib/python3.7/site-packages/airflow/example_dags/tutorial_taskflow_api.py for tasks to queue
[2024-03-30T06:24:13.820+0000] {logging_mixin.py:149} INFO - [2024-03-30T06:24:13.820+0000] {dagbag.py:541} INFO - Filling up the DagBag from /home/airflow/.local/lib/python3.7/site-packages/airflow/example_dags/tutorial_taskflow_api.py
[2024-03-30T06:24:13.825+0000] {processor.py:836} INFO - DAG(s) dict_keys(['tutorial_taskflow_api']) retrieved from /home/airflow/.local/lib/python3.7/site-packages/airflow/example_dags/tutorial_taskflow_api.py
[2024-03-30T06:24:13.859+0000] {logging_mixin.py:149} INFO - [2024-03-30T06:24:13.859+0000] {dag.py:2726} INFO - Sync 1 DAGs
[2024-03-30T06:24:13.885+0000] {logging_mixin.py:149} INFO - [2024-03-30T06:24:13.885+0000] {dag.py:3490} INFO - Setting next_dagrun for tutorial_taskflow_api to None, run_after=None
[2024-03-30T06:24:13.919+0000] {processor.py:179} INFO - Processing /home/airflow/.local/lib/python3.7/site-packages/airflow/example_dags/tutorial_taskflow_api.py took 0.103 seconds
[2024-03-30T06:24:44.165+0000] {processor.py:157} INFO - Started process (PID=1140) to work on /home/airflow/.local/lib/python3.7/site-packages/airflow/example_dags/tutorial_taskflow_api.py
[2024-03-30T06:24:44.166+0000] {processor.py:826} INFO - Processing file /home/airflow/.local/lib/python3.7/site-packages/airflow/example_dags/tutorial_taskflow_api.py for tasks to queue
[2024-03-30T06:24:44.167+0000] {logging_mixin.py:149} INFO - [2024-03-30T06:24:44.167+0000] {dagbag.py:541} INFO - Filling up the DagBag from /home/airflow/.local/lib/python3.7/site-packages/airflow/example_dags/tutorial_taskflow_api.py
[2024-03-30T06:24:44.173+0000] {processor.py:836} INFO - DAG(s) dict_keys(['tutorial_taskflow_api']) retrieved from /home/airflow/.local/lib/python3.7/site-packages/airflow/example_dags/tutorial_taskflow_api.py
[2024-03-30T06:24:44.211+0000] {logging_mixin.py:149} INFO - [2024-03-30T06:24:44.211+0000] {dag.py:2726} INFO - Sync 1 DAGs
[2024-03-30T06:24:44.238+0000] {logging_mixin.py:149} INFO - [2024-03-30T06:24:44.238+0000] {dag.py:3490} INFO - Setting next_dagrun for tutorial_taskflow_api to None, run_after=None
[2024-03-30T06:24:44.280+0000] {processor.py:179} INFO - Processing /home/airflow/.local/lib/python3.7/site-packages/airflow/example_dags/tutorial_taskflow_api.py took 0.119 seconds
[2024-03-30T06:25:14.534+0000] {processor.py:157} INFO - Started process (PID=1201) to work on /home/airflow/.local/lib/python3.7/site-packages/airflow/example_dags/tutorial_taskflow_api.py
[2024-03-30T06:25:14.535+0000] {processor.py:826} INFO - Processing file /home/airflow/.local/lib/python3.7/site-packages/airflow/example_dags/tutorial_taskflow_api.py for tasks to queue
[2024-03-30T06:25:14.535+0000] {logging_mixin.py:149} INFO - [2024-03-30T06:25:14.535+0000] {dagbag.py:541} INFO - Filling up the DagBag from /home/airflow/.local/lib/python3.7/site-packages/airflow/example_dags/tutorial_taskflow_api.py
[2024-03-30T06:25:14.540+0000] {processor.py:836} INFO - DAG(s) dict_keys(['tutorial_taskflow_api']) retrieved from /home/airflow/.local/lib/python3.7/site-packages/airflow/example_dags/tutorial_taskflow_api.py
[2024-03-30T06:25:14.576+0000] {logging_mixin.py:149} INFO - [2024-03-30T06:25:14.576+0000] {dag.py:2726} INFO - Sync 1 DAGs
[2024-03-30T06:25:14.607+0000] {logging_mixin.py:149} INFO - [2024-03-30T06:25:14.607+0000] {dag.py:3490} INFO - Setting next_dagrun for tutorial_taskflow_api to None, run_after=None
[2024-03-30T06:25:14.650+0000] {processor.py:179} INFO - Processing /home/airflow/.local/lib/python3.7/site-packages/airflow/example_dags/tutorial_taskflow_api.py took 0.118 seconds
[2024-03-30T06:25:44.837+0000] {processor.py:157} INFO - Started process (PID=1262) to work on /home/airflow/.local/lib/python3.7/site-packages/airflow/example_dags/tutorial_taskflow_api.py
[2024-03-30T06:25:44.838+0000] {processor.py:826} INFO - Processing file /home/airflow/.local/lib/python3.7/site-packages/airflow/example_dags/tutorial_taskflow_api.py for tasks to queue
[2024-03-30T06:25:44.839+0000] {logging_mixin.py:149} INFO - [2024-03-30T06:25:44.839+0000] {dagbag.py:541} INFO - Filling up the DagBag from /home/airflow/.local/lib/python3.7/site-packages/airflow/example_dags/tutorial_taskflow_api.py
[2024-03-30T06:25:44.845+0000] {processor.py:836} INFO - DAG(s) dict_keys(['tutorial_taskflow_api']) retrieved from /home/airflow/.local/lib/python3.7/site-packages/airflow/example_dags/tutorial_taskflow_api.py
[2024-03-30T06:25:44.886+0000] {logging_mixin.py:149} INFO - [2024-03-30T06:25:44.886+0000] {dag.py:2726} INFO - Sync 1 DAGs
[2024-03-30T06:25:44.912+0000] {logging_mixin.py:149} INFO - [2024-03-30T06:25:44.912+0000] {dag.py:3490} INFO - Setting next_dagrun for tutorial_taskflow_api to None, run_after=None
[2024-03-30T06:25:44.941+0000] {processor.py:179} INFO - Processing /home/airflow/.local/lib/python3.7/site-packages/airflow/example_dags/tutorial_taskflow_api.py took 0.107 seconds
[2024-03-30T06:26:15.337+0000] {processor.py:157} INFO - Started process (PID=1323) to work on /home/airflow/.local/lib/python3.7/site-packages/airflow/example_dags/tutorial_taskflow_api.py
[2024-03-30T06:26:15.338+0000] {processor.py:826} INFO - Processing file /home/airflow/.local/lib/python3.7/site-packages/airflow/example_dags/tutorial_taskflow_api.py for tasks to queue
[2024-03-30T06:26:15.338+0000] {logging_mixin.py:149} INFO - [2024-03-30T06:26:15.338+0000] {dagbag.py:541} INFO - Filling up the DagBag from /home/airflow/.local/lib/python3.7/site-packages/airflow/example_dags/tutorial_taskflow_api.py
[2024-03-30T06:26:15.349+0000] {processor.py:836} INFO - DAG(s) dict_keys(['tutorial_taskflow_api']) retrieved from /home/airflow/.local/lib/python3.7/site-packages/airflow/example_dags/tutorial_taskflow_api.py
[2024-03-30T06:26:15.400+0000] {logging_mixin.py:149} INFO - [2024-03-30T06:26:15.399+0000] {dag.py:2726} INFO - Sync 1 DAGs
[2024-03-30T06:26:15.428+0000] {logging_mixin.py:149} INFO - [2024-03-30T06:26:15.428+0000] {dag.py:3490} INFO - Setting next_dagrun for tutorial_taskflow_api to None, run_after=None
[2024-03-30T06:26:15.464+0000] {processor.py:179} INFO - Processing /home/airflow/.local/lib/python3.7/site-packages/airflow/example_dags/tutorial_taskflow_api.py took 0.131 seconds
[2024-03-30T06:26:45.593+0000] {processor.py:157} INFO - Started process (PID=1385) to work on /home/airflow/.local/lib/python3.7/site-packages/airflow/example_dags/tutorial_taskflow_api.py
[2024-03-30T06:26:45.594+0000] {processor.py:826} INFO - Processing file /home/airflow/.local/lib/python3.7/site-packages/airflow/example_dags/tutorial_taskflow_api.py for tasks to queue
[2024-03-30T06:26:45.594+0000] {logging_mixin.py:149} INFO - [2024-03-30T06:26:45.594+0000] {dagbag.py:541} INFO - Filling up the DagBag from /home/airflow/.local/lib/python3.7/site-packages/airflow/example_dags/tutorial_taskflow_api.py
[2024-03-30T06:26:45.599+0000] {processor.py:836} INFO - DAG(s) dict_keys(['tutorial_taskflow_api']) retrieved from /home/airflow/.local/lib/python3.7/site-packages/airflow/example_dags/tutorial_taskflow_api.py
[2024-03-30T06:26:45.633+0000] {logging_mixin.py:149} INFO - [2024-03-30T06:26:45.633+0000] {dag.py:2726} INFO - Sync 1 DAGs
[2024-03-30T06:26:45.656+0000] {logging_mixin.py:149} INFO - [2024-03-30T06:26:45.656+0000] {dag.py:3490} INFO - Setting next_dagrun for tutorial_taskflow_api to None, run_after=None
[2024-03-30T06:26:45.688+0000] {processor.py:179} INFO - Processing /home/airflow/.local/lib/python3.7/site-packages/airflow/example_dags/tutorial_taskflow_api.py took 0.098 seconds
[2024-03-30T06:27:16.158+0000] {processor.py:157} INFO - Started process (PID=1446) to work on /home/airflow/.local/lib/python3.7/site-packages/airflow/example_dags/tutorial_taskflow_api.py
[2024-03-30T06:27:16.158+0000] {processor.py:826} INFO - Processing file /home/airflow/.local/lib/python3.7/site-packages/airflow/example_dags/tutorial_taskflow_api.py for tasks to queue
[2024-03-30T06:27:16.159+0000] {logging_mixin.py:149} INFO - [2024-03-30T06:27:16.159+0000] {dagbag.py:541} INFO - Filling up the DagBag from /home/airflow/.local/lib/python3.7/site-packages/airflow/example_dags/tutorial_taskflow_api.py
[2024-03-30T06:27:16.164+0000] {processor.py:836} INFO - DAG(s) dict_keys(['tutorial_taskflow_api']) retrieved from /home/airflow/.local/lib/python3.7/site-packages/airflow/example_dags/tutorial_taskflow_api.py
[2024-03-30T06:27:16.197+0000] {logging_mixin.py:149} INFO - [2024-03-30T06:27:16.197+0000] {dag.py:2726} INFO - Sync 1 DAGs
[2024-03-30T06:27:16.221+0000] {logging_mixin.py:149} INFO - [2024-03-30T06:27:16.221+0000] {dag.py:3490} INFO - Setting next_dagrun for tutorial_taskflow_api to None, run_after=None
[2024-03-30T06:27:16.252+0000] {processor.py:179} INFO - Processing /home/airflow/.local/lib/python3.7/site-packages/airflow/example_dags/tutorial_taskflow_api.py took 0.097 seconds
[2024-03-30T06:27:46.718+0000] {processor.py:157} INFO - Started process (PID=1508) to work on /home/airflow/.local/lib/python3.7/site-packages/airflow/example_dags/tutorial_taskflow_api.py
[2024-03-30T06:27:46.719+0000] {processor.py:826} INFO - Processing file /home/airflow/.local/lib/python3.7/site-packages/airflow/example_dags/tutorial_taskflow_api.py for tasks to queue
[2024-03-30T06:27:46.720+0000] {logging_mixin.py:149} INFO - [2024-03-30T06:27:46.719+0000] {dagbag.py:541} INFO - Filling up the DagBag from /home/airflow/.local/lib/python3.7/site-packages/airflow/example_dags/tutorial_taskflow_api.py
[2024-03-30T06:27:46.725+0000] {processor.py:836} INFO - DAG(s) dict_keys(['tutorial_taskflow_api']) retrieved from /home/airflow/.local/lib/python3.7/site-packages/airflow/example_dags/tutorial_taskflow_api.py
[2024-03-30T06:27:46.760+0000] {logging_mixin.py:149} INFO - [2024-03-30T06:27:46.760+0000] {dag.py:2726} INFO - Sync 1 DAGs
[2024-03-30T06:27:46.785+0000] {logging_mixin.py:149} INFO - [2024-03-30T06:27:46.785+0000] {dag.py:3490} INFO - Setting next_dagrun for tutorial_taskflow_api to None, run_after=None
[2024-03-30T06:27:46.821+0000] {processor.py:179} INFO - Processing /home/airflow/.local/lib/python3.7/site-packages/airflow/example_dags/tutorial_taskflow_api.py took 0.106 seconds
[2024-03-30T06:28:16.858+0000] {processor.py:157} INFO - Started process (PID=1569) to work on /home/airflow/.local/lib/python3.7/site-packages/airflow/example_dags/tutorial_taskflow_api.py
[2024-03-30T06:28:16.859+0000] {processor.py:826} INFO - Processing file /home/airflow/.local/lib/python3.7/site-packages/airflow/example_dags/tutorial_taskflow_api.py for tasks to queue
[2024-03-30T06:28:16.860+0000] {logging_mixin.py:149} INFO - [2024-03-30T06:28:16.860+0000] {dagbag.py:541} INFO - Filling up the DagBag from /home/airflow/.local/lib/python3.7/site-packages/airflow/example_dags/tutorial_taskflow_api.py
[2024-03-30T06:28:16.867+0000] {processor.py:836} INFO - DAG(s) dict_keys(['tutorial_taskflow_api']) retrieved from /home/airflow/.local/lib/python3.7/site-packages/airflow/example_dags/tutorial_taskflow_api.py
[2024-03-30T06:28:16.911+0000] {logging_mixin.py:149} INFO - [2024-03-30T06:28:16.911+0000] {dag.py:2726} INFO - Sync 1 DAGs
[2024-03-30T06:28:16.938+0000] {logging_mixin.py:149} INFO - [2024-03-30T06:28:16.938+0000] {dag.py:3490} INFO - Setting next_dagrun for tutorial_taskflow_api to None, run_after=None
[2024-03-30T06:28:16.971+0000] {processor.py:179} INFO - Processing /home/airflow/.local/lib/python3.7/site-packages/airflow/example_dags/tutorial_taskflow_api.py took 0.116 seconds
[2024-03-30T06:28:47.368+0000] {processor.py:157} INFO - Started process (PID=1630) to work on /home/airflow/.local/lib/python3.7/site-packages/airflow/example_dags/tutorial_taskflow_api.py
[2024-03-30T06:28:47.369+0000] {processor.py:826} INFO - Processing file /home/airflow/.local/lib/python3.7/site-packages/airflow/example_dags/tutorial_taskflow_api.py for tasks to queue
[2024-03-30T06:28:47.370+0000] {logging_mixin.py:149} INFO - [2024-03-30T06:28:47.369+0000] {dagbag.py:541} INFO - Filling up the DagBag from /home/airflow/.local/lib/python3.7/site-packages/airflow/example_dags/tutorial_taskflow_api.py
[2024-03-30T06:28:47.375+0000] {processor.py:836} INFO - DAG(s) dict_keys(['tutorial_taskflow_api']) retrieved from /home/airflow/.local/lib/python3.7/site-packages/airflow/example_dags/tutorial_taskflow_api.py
[2024-03-30T06:28:47.412+0000] {logging_mixin.py:149} INFO - [2024-03-30T06:28:47.412+0000] {dag.py:2726} INFO - Sync 1 DAGs
[2024-03-30T06:28:47.437+0000] {logging_mixin.py:149} INFO - [2024-03-30T06:28:47.437+0000] {dag.py:3490} INFO - Setting next_dagrun for tutorial_taskflow_api to None, run_after=None
[2024-03-30T06:28:47.471+0000] {processor.py:179} INFO - Processing /home/airflow/.local/lib/python3.7/site-packages/airflow/example_dags/tutorial_taskflow_api.py took 0.106 seconds
[2024-03-30T06:29:17.907+0000] {processor.py:157} INFO - Started process (PID=1691) to work on /home/airflow/.local/lib/python3.7/site-packages/airflow/example_dags/tutorial_taskflow_api.py
[2024-03-30T06:29:17.908+0000] {processor.py:826} INFO - Processing file /home/airflow/.local/lib/python3.7/site-packages/airflow/example_dags/tutorial_taskflow_api.py for tasks to queue
[2024-03-30T06:29:17.908+0000] {logging_mixin.py:149} INFO - [2024-03-30T06:29:17.908+0000] {dagbag.py:541} INFO - Filling up the DagBag from /home/airflow/.local/lib/python3.7/site-packages/airflow/example_dags/tutorial_taskflow_api.py
[2024-03-30T06:29:17.916+0000] {processor.py:836} INFO - DAG(s) dict_keys(['tutorial_taskflow_api']) retrieved from /home/airflow/.local/lib/python3.7/site-packages/airflow/example_dags/tutorial_taskflow_api.py
[2024-03-30T06:29:17.951+0000] {logging_mixin.py:149} INFO - [2024-03-30T06:29:17.951+0000] {dag.py:2726} INFO - Sync 1 DAGs
[2024-03-30T06:29:17.976+0000] {logging_mixin.py:149} INFO - [2024-03-30T06:29:17.976+0000] {dag.py:3490} INFO - Setting next_dagrun for tutorial_taskflow_api to None, run_after=None
[2024-03-30T06:29:18.009+0000] {processor.py:179} INFO - Processing /home/airflow/.local/lib/python3.7/site-packages/airflow/example_dags/tutorial_taskflow_api.py took 0.106 seconds
[2024-03-30T06:29:48.207+0000] {processor.py:157} INFO - Started process (PID=1752) to work on /home/airflow/.local/lib/python3.7/site-packages/airflow/example_dags/tutorial_taskflow_api.py
[2024-03-30T06:29:48.208+0000] {processor.py:826} INFO - Processing file /home/airflow/.local/lib/python3.7/site-packages/airflow/example_dags/tutorial_taskflow_api.py for tasks to queue
[2024-03-30T06:29:48.209+0000] {logging_mixin.py:149} INFO - [2024-03-30T06:29:48.209+0000] {dagbag.py:541} INFO - Filling up the DagBag from /home/airflow/.local/lib/python3.7/site-packages/airflow/example_dags/tutorial_taskflow_api.py
[2024-03-30T06:29:48.213+0000] {processor.py:836} INFO - DAG(s) dict_keys(['tutorial_taskflow_api']) retrieved from /home/airflow/.local/lib/python3.7/site-packages/airflow/example_dags/tutorial_taskflow_api.py
[2024-03-30T06:29:48.251+0000] {logging_mixin.py:149} INFO - [2024-03-30T06:29:48.250+0000] {dag.py:2726} INFO - Sync 1 DAGs
[2024-03-30T06:29:48.275+0000] {logging_mixin.py:149} INFO - [2024-03-30T06:29:48.275+0000] {dag.py:3490} INFO - Setting next_dagrun for tutorial_taskflow_api to None, run_after=None
[2024-03-30T06:29:48.312+0000] {processor.py:179} INFO - Processing /home/airflow/.local/lib/python3.7/site-packages/airflow/example_dags/tutorial_taskflow_api.py took 0.107 seconds
[2024-03-30T06:30:19.024+0000] {processor.py:157} INFO - Started process (PID=1813) to work on /home/airflow/.local/lib/python3.7/site-packages/airflow/example_dags/tutorial_taskflow_api.py
[2024-03-30T06:30:19.025+0000] {processor.py:826} INFO - Processing file /home/airflow/.local/lib/python3.7/site-packages/airflow/example_dags/tutorial_taskflow_api.py for tasks to queue
[2024-03-30T06:30:19.025+0000] {logging_mixin.py:149} INFO - [2024-03-30T06:30:19.025+0000] {dagbag.py:541} INFO - Filling up the DagBag from /home/airflow/.local/lib/python3.7/site-packages/airflow/example_dags/tutorial_taskflow_api.py
[2024-03-30T06:30:19.031+0000] {processor.py:836} INFO - DAG(s) dict_keys(['tutorial_taskflow_api']) retrieved from /home/airflow/.local/lib/python3.7/site-packages/airflow/example_dags/tutorial_taskflow_api.py
[2024-03-30T06:30:19.068+0000] {logging_mixin.py:149} INFO - [2024-03-30T06:30:19.068+0000] {dag.py:2726} INFO - Sync 1 DAGs
[2024-03-30T06:30:19.092+0000] {logging_mixin.py:149} INFO - [2024-03-30T06:30:19.092+0000] {dag.py:3490} INFO - Setting next_dagrun for tutorial_taskflow_api to None, run_after=None
[2024-03-30T06:30:19.123+0000] {processor.py:179} INFO - Processing /home/airflow/.local/lib/python3.7/site-packages/airflow/example_dags/tutorial_taskflow_api.py took 0.103 seconds
[2024-03-30T06:30:49.525+0000] {processor.py:157} INFO - Started process (PID=1874) to work on /home/airflow/.local/lib/python3.7/site-packages/airflow/example_dags/tutorial_taskflow_api.py
[2024-03-30T06:30:49.526+0000] {processor.py:826} INFO - Processing file /home/airflow/.local/lib/python3.7/site-packages/airflow/example_dags/tutorial_taskflow_api.py for tasks to queue
[2024-03-30T06:30:49.527+0000] {logging_mixin.py:149} INFO - [2024-03-30T06:30:49.526+0000] {dagbag.py:541} INFO - Filling up the DagBag from /home/airflow/.local/lib/python3.7/site-packages/airflow/example_dags/tutorial_taskflow_api.py
[2024-03-30T06:30:49.532+0000] {processor.py:836} INFO - DAG(s) dict_keys(['tutorial_taskflow_api']) retrieved from /home/airflow/.local/lib/python3.7/site-packages/airflow/example_dags/tutorial_taskflow_api.py
[2024-03-30T06:30:49.567+0000] {logging_mixin.py:149} INFO - [2024-03-30T06:30:49.567+0000] {dag.py:2726} INFO - Sync 1 DAGs
[2024-03-30T06:30:49.590+0000] {logging_mixin.py:149} INFO - [2024-03-30T06:30:49.590+0000] {dag.py:3490} INFO - Setting next_dagrun for tutorial_taskflow_api to None, run_after=None
[2024-03-30T06:30:49.623+0000] {processor.py:179} INFO - Processing /home/airflow/.local/lib/python3.7/site-packages/airflow/example_dags/tutorial_taskflow_api.py took 0.101 seconds
[2024-03-30T06:31:20.425+0000] {processor.py:157} INFO - Started process (PID=1935) to work on /home/airflow/.local/lib/python3.7/site-packages/airflow/example_dags/tutorial_taskflow_api.py
[2024-03-30T06:31:20.426+0000] {processor.py:826} INFO - Processing file /home/airflow/.local/lib/python3.7/site-packages/airflow/example_dags/tutorial_taskflow_api.py for tasks to queue
[2024-03-30T06:31:20.427+0000] {logging_mixin.py:149} INFO - [2024-03-30T06:31:20.427+0000] {dagbag.py:541} INFO - Filling up the DagBag from /home/airflow/.local/lib/python3.7/site-packages/airflow/example_dags/tutorial_taskflow_api.py
[2024-03-30T06:31:20.434+0000] {processor.py:836} INFO - DAG(s) dict_keys(['tutorial_taskflow_api']) retrieved from /home/airflow/.local/lib/python3.7/site-packages/airflow/example_dags/tutorial_taskflow_api.py
[2024-03-30T06:31:20.480+0000] {logging_mixin.py:149} INFO - [2024-03-30T06:31:20.480+0000] {dag.py:2726} INFO - Sync 1 DAGs
[2024-03-30T06:31:20.510+0000] {logging_mixin.py:149} INFO - [2024-03-30T06:31:20.509+0000] {dag.py:3490} INFO - Setting next_dagrun for tutorial_taskflow_api to None, run_after=None
[2024-03-30T06:31:20.542+0000] {processor.py:179} INFO - Processing /home/airflow/.local/lib/python3.7/site-packages/airflow/example_dags/tutorial_taskflow_api.py took 0.121 seconds
[2024-03-30T08:20:55.895+0000] {processor.py:157} INFO - Started process (PID=51) to work on /home/airflow/.local/lib/python3.7/site-packages/airflow/example_dags/tutorial_taskflow_api.py
[2024-03-30T08:20:55.897+0000] {processor.py:826} INFO - Processing file /home/airflow/.local/lib/python3.7/site-packages/airflow/example_dags/tutorial_taskflow_api.py for tasks to queue
[2024-03-30T08:20:55.897+0000] {logging_mixin.py:149} INFO - [2024-03-30T08:20:55.897+0000] {dagbag.py:541} INFO - Filling up the DagBag from /home/airflow/.local/lib/python3.7/site-packages/airflow/example_dags/tutorial_taskflow_api.py
[2024-03-30T08:20:55.913+0000] {processor.py:836} INFO - DAG(s) dict_keys(['tutorial_taskflow_api']) retrieved from /home/airflow/.local/lib/python3.7/site-packages/airflow/example_dags/tutorial_taskflow_api.py
[2024-03-30T08:20:55.973+0000] {logging_mixin.py:149} INFO - [2024-03-30T08:20:55.973+0000] {dag.py:2726} INFO - Sync 1 DAGs
[2024-03-30T08:20:56.008+0000] {logging_mixin.py:149} INFO - [2024-03-30T08:20:56.008+0000] {dag.py:3490} INFO - Setting next_dagrun for tutorial_taskflow_api to None, run_after=None
[2024-03-30T08:20:56.056+0000] {processor.py:179} INFO - Processing /home/airflow/.local/lib/python3.7/site-packages/airflow/example_dags/tutorial_taskflow_api.py took 0.164 seconds
[2024-03-30T08:21:26.154+0000] {processor.py:157} INFO - Started process (PID=111) to work on /home/airflow/.local/lib/python3.7/site-packages/airflow/example_dags/tutorial_taskflow_api.py
[2024-03-30T08:21:26.154+0000] {processor.py:826} INFO - Processing file /home/airflow/.local/lib/python3.7/site-packages/airflow/example_dags/tutorial_taskflow_api.py for tasks to queue
[2024-03-30T08:21:26.155+0000] {logging_mixin.py:149} INFO - [2024-03-30T08:21:26.155+0000] {dagbag.py:541} INFO - Filling up the DagBag from /home/airflow/.local/lib/python3.7/site-packages/airflow/example_dags/tutorial_taskflow_api.py
[2024-03-30T08:21:26.161+0000] {processor.py:836} INFO - DAG(s) dict_keys(['tutorial_taskflow_api']) retrieved from /home/airflow/.local/lib/python3.7/site-packages/airflow/example_dags/tutorial_taskflow_api.py
[2024-03-30T08:21:26.202+0000] {logging_mixin.py:149} INFO - [2024-03-30T08:21:26.202+0000] {dag.py:2726} INFO - Sync 1 DAGs
[2024-03-30T08:21:26.232+0000] {logging_mixin.py:149} INFO - [2024-03-30T08:21:26.232+0000] {dag.py:3490} INFO - Setting next_dagrun for tutorial_taskflow_api to None, run_after=None
[2024-03-30T08:21:26.274+0000] {processor.py:179} INFO - Processing /home/airflow/.local/lib/python3.7/site-packages/airflow/example_dags/tutorial_taskflow_api.py took 0.123 seconds
[2024-03-30T08:21:56.903+0000] {processor.py:157} INFO - Started process (PID=172) to work on /home/airflow/.local/lib/python3.7/site-packages/airflow/example_dags/tutorial_taskflow_api.py
[2024-03-30T08:21:56.905+0000] {processor.py:826} INFO - Processing file /home/airflow/.local/lib/python3.7/site-packages/airflow/example_dags/tutorial_taskflow_api.py for tasks to queue
[2024-03-30T08:21:56.906+0000] {logging_mixin.py:149} INFO - [2024-03-30T08:21:56.905+0000] {dagbag.py:541} INFO - Filling up the DagBag from /home/airflow/.local/lib/python3.7/site-packages/airflow/example_dags/tutorial_taskflow_api.py
[2024-03-30T08:21:56.911+0000] {processor.py:836} INFO - DAG(s) dict_keys(['tutorial_taskflow_api']) retrieved from /home/airflow/.local/lib/python3.7/site-packages/airflow/example_dags/tutorial_taskflow_api.py
[2024-03-30T08:21:56.960+0000] {logging_mixin.py:149} INFO - [2024-03-30T08:21:56.959+0000] {dag.py:2726} INFO - Sync 1 DAGs
[2024-03-30T08:21:57.099+0000] {logging_mixin.py:149} INFO - [2024-03-30T08:21:57.099+0000] {dag.py:3490} INFO - Setting next_dagrun for tutorial_taskflow_api to None, run_after=None
[2024-03-30T08:21:57.134+0000] {processor.py:179} INFO - Processing /home/airflow/.local/lib/python3.7/site-packages/airflow/example_dags/tutorial_taskflow_api.py took 0.234 seconds
[2024-03-30T08:22:28.026+0000] {processor.py:157} INFO - Started process (PID=234) to work on /home/airflow/.local/lib/python3.7/site-packages/airflow/example_dags/tutorial_taskflow_api.py
[2024-03-30T08:22:28.027+0000] {processor.py:826} INFO - Processing file /home/airflow/.local/lib/python3.7/site-packages/airflow/example_dags/tutorial_taskflow_api.py for tasks to queue
[2024-03-30T08:22:28.028+0000] {logging_mixin.py:149} INFO - [2024-03-30T08:22:28.028+0000] {dagbag.py:541} INFO - Filling up the DagBag from /home/airflow/.local/lib/python3.7/site-packages/airflow/example_dags/tutorial_taskflow_api.py
[2024-03-30T08:22:28.034+0000] {processor.py:836} INFO - DAG(s) dict_keys(['tutorial_taskflow_api']) retrieved from /home/airflow/.local/lib/python3.7/site-packages/airflow/example_dags/tutorial_taskflow_api.py
[2024-03-30T08:22:28.078+0000] {logging_mixin.py:149} INFO - [2024-03-30T08:22:28.077+0000] {dag.py:2726} INFO - Sync 1 DAGs
[2024-03-30T08:22:28.104+0000] {logging_mixin.py:149} INFO - [2024-03-30T08:22:28.104+0000] {dag.py:3490} INFO - Setting next_dagrun for tutorial_taskflow_api to None, run_after=None
[2024-03-30T08:22:28.148+0000] {processor.py:179} INFO - Processing /home/airflow/.local/lib/python3.7/site-packages/airflow/example_dags/tutorial_taskflow_api.py took 0.125 seconds
[2024-03-30T08:22:58.454+0000] {processor.py:157} INFO - Started process (PID=295) to work on /home/airflow/.local/lib/python3.7/site-packages/airflow/example_dags/tutorial_taskflow_api.py
[2024-03-30T08:22:58.455+0000] {processor.py:826} INFO - Processing file /home/airflow/.local/lib/python3.7/site-packages/airflow/example_dags/tutorial_taskflow_api.py for tasks to queue
[2024-03-30T08:22:58.456+0000] {logging_mixin.py:149} INFO - [2024-03-30T08:22:58.456+0000] {dagbag.py:541} INFO - Filling up the DagBag from /home/airflow/.local/lib/python3.7/site-packages/airflow/example_dags/tutorial_taskflow_api.py
[2024-03-30T08:22:58.463+0000] {processor.py:836} INFO - DAG(s) dict_keys(['tutorial_taskflow_api']) retrieved from /home/airflow/.local/lib/python3.7/site-packages/airflow/example_dags/tutorial_taskflow_api.py
[2024-03-30T08:22:58.513+0000] {logging_mixin.py:149} INFO - [2024-03-30T08:22:58.513+0000] {dag.py:2726} INFO - Sync 1 DAGs
[2024-03-30T08:22:58.582+0000] {logging_mixin.py:149} INFO - [2024-03-30T08:22:58.581+0000] {dag.py:3490} INFO - Setting next_dagrun for tutorial_taskflow_api to None, run_after=None
[2024-03-30T08:22:58.624+0000] {processor.py:179} INFO - Processing /home/airflow/.local/lib/python3.7/site-packages/airflow/example_dags/tutorial_taskflow_api.py took 0.174 seconds
[2024-03-30T08:23:29.330+0000] {processor.py:157} INFO - Started process (PID=356) to work on /home/airflow/.local/lib/python3.7/site-packages/airflow/example_dags/tutorial_taskflow_api.py
[2024-03-30T08:23:29.331+0000] {processor.py:826} INFO - Processing file /home/airflow/.local/lib/python3.7/site-packages/airflow/example_dags/tutorial_taskflow_api.py for tasks to queue
[2024-03-30T08:23:29.332+0000] {logging_mixin.py:149} INFO - [2024-03-30T08:23:29.332+0000] {dagbag.py:541} INFO - Filling up the DagBag from /home/airflow/.local/lib/python3.7/site-packages/airflow/example_dags/tutorial_taskflow_api.py
[2024-03-30T08:23:29.337+0000] {processor.py:836} INFO - DAG(s) dict_keys(['tutorial_taskflow_api']) retrieved from /home/airflow/.local/lib/python3.7/site-packages/airflow/example_dags/tutorial_taskflow_api.py
[2024-03-30T08:23:29.386+0000] {logging_mixin.py:149} INFO - [2024-03-30T08:23:29.385+0000] {dag.py:2726} INFO - Sync 1 DAGs
[2024-03-30T08:23:29.423+0000] {logging_mixin.py:149} INFO - [2024-03-30T08:23:29.423+0000] {dag.py:3490} INFO - Setting next_dagrun for tutorial_taskflow_api to None, run_after=None
[2024-03-30T08:23:29.472+0000] {processor.py:179} INFO - Processing /home/airflow/.local/lib/python3.7/site-packages/airflow/example_dags/tutorial_taskflow_api.py took 0.144 seconds
[2024-03-30T08:23:59.611+0000] {processor.py:157} INFO - Started process (PID=416) to work on /home/airflow/.local/lib/python3.7/site-packages/airflow/example_dags/tutorial_taskflow_api.py
[2024-03-30T08:23:59.613+0000] {processor.py:826} INFO - Processing file /home/airflow/.local/lib/python3.7/site-packages/airflow/example_dags/tutorial_taskflow_api.py for tasks to queue
[2024-03-30T08:23:59.613+0000] {logging_mixin.py:149} INFO - [2024-03-30T08:23:59.613+0000] {dagbag.py:541} INFO - Filling up the DagBag from /home/airflow/.local/lib/python3.7/site-packages/airflow/example_dags/tutorial_taskflow_api.py
[2024-03-30T08:23:59.619+0000] {processor.py:836} INFO - DAG(s) dict_keys(['tutorial_taskflow_api']) retrieved from /home/airflow/.local/lib/python3.7/site-packages/airflow/example_dags/tutorial_taskflow_api.py
[2024-03-30T08:23:59.664+0000] {logging_mixin.py:149} INFO - [2024-03-30T08:23:59.664+0000] {dag.py:2726} INFO - Sync 1 DAGs
[2024-03-30T08:23:59.692+0000] {logging_mixin.py:149} INFO - [2024-03-30T08:23:59.691+0000] {dag.py:3490} INFO - Setting next_dagrun for tutorial_taskflow_api to None, run_after=None
[2024-03-30T08:23:59.732+0000] {processor.py:179} INFO - Processing /home/airflow/.local/lib/python3.7/site-packages/airflow/example_dags/tutorial_taskflow_api.py took 0.125 seconds
[2024-03-30T08:24:29.809+0000] {processor.py:157} INFO - Started process (PID=477) to work on /home/airflow/.local/lib/python3.7/site-packages/airflow/example_dags/tutorial_taskflow_api.py
[2024-03-30T08:24:29.810+0000] {processor.py:826} INFO - Processing file /home/airflow/.local/lib/python3.7/site-packages/airflow/example_dags/tutorial_taskflow_api.py for tasks to queue
[2024-03-30T08:24:29.811+0000] {logging_mixin.py:149} INFO - [2024-03-30T08:24:29.811+0000] {dagbag.py:541} INFO - Filling up the DagBag from /home/airflow/.local/lib/python3.7/site-packages/airflow/example_dags/tutorial_taskflow_api.py
[2024-03-30T08:24:29.818+0000] {processor.py:836} INFO - DAG(s) dict_keys(['tutorial_taskflow_api']) retrieved from /home/airflow/.local/lib/python3.7/site-packages/airflow/example_dags/tutorial_taskflow_api.py
[2024-03-30T08:24:29.871+0000] {logging_mixin.py:149} INFO - [2024-03-30T08:24:29.871+0000] {dag.py:2726} INFO - Sync 1 DAGs
[2024-03-30T08:24:29.909+0000] {logging_mixin.py:149} INFO - [2024-03-30T08:24:29.908+0000] {dag.py:3490} INFO - Setting next_dagrun for tutorial_taskflow_api to None, run_after=None
[2024-03-30T08:24:29.965+0000] {processor.py:179} INFO - Processing /home/airflow/.local/lib/python3.7/site-packages/airflow/example_dags/tutorial_taskflow_api.py took 0.160 seconds
[2024-03-30T08:25:00.176+0000] {processor.py:157} INFO - Started process (PID=537) to work on /home/airflow/.local/lib/python3.7/site-packages/airflow/example_dags/tutorial_taskflow_api.py
[2024-03-30T08:25:00.177+0000] {processor.py:826} INFO - Processing file /home/airflow/.local/lib/python3.7/site-packages/airflow/example_dags/tutorial_taskflow_api.py for tasks to queue
[2024-03-30T08:25:00.178+0000] {logging_mixin.py:149} INFO - [2024-03-30T08:25:00.178+0000] {dagbag.py:541} INFO - Filling up the DagBag from /home/airflow/.local/lib/python3.7/site-packages/airflow/example_dags/tutorial_taskflow_api.py
[2024-03-30T08:25:00.184+0000] {processor.py:836} INFO - DAG(s) dict_keys(['tutorial_taskflow_api']) retrieved from /home/airflow/.local/lib/python3.7/site-packages/airflow/example_dags/tutorial_taskflow_api.py
[2024-03-30T08:25:00.224+0000] {logging_mixin.py:149} INFO - [2024-03-30T08:25:00.224+0000] {dag.py:2726} INFO - Sync 1 DAGs
[2024-03-30T08:25:00.250+0000] {logging_mixin.py:149} INFO - [2024-03-30T08:25:00.250+0000] {dag.py:3490} INFO - Setting next_dagrun for tutorial_taskflow_api to None, run_after=None
[2024-03-30T08:25:00.289+0000] {processor.py:179} INFO - Processing /home/airflow/.local/lib/python3.7/site-packages/airflow/example_dags/tutorial_taskflow_api.py took 0.116 seconds
[2024-03-30T08:25:30.424+0000] {processor.py:157} INFO - Started process (PID=598) to work on /home/airflow/.local/lib/python3.7/site-packages/airflow/example_dags/tutorial_taskflow_api.py
[2024-03-30T08:25:30.425+0000] {processor.py:826} INFO - Processing file /home/airflow/.local/lib/python3.7/site-packages/airflow/example_dags/tutorial_taskflow_api.py for tasks to queue
[2024-03-30T08:25:30.426+0000] {logging_mixin.py:149} INFO - [2024-03-30T08:25:30.425+0000] {dagbag.py:541} INFO - Filling up the DagBag from /home/airflow/.local/lib/python3.7/site-packages/airflow/example_dags/tutorial_taskflow_api.py
[2024-03-30T08:25:30.431+0000] {processor.py:836} INFO - DAG(s) dict_keys(['tutorial_taskflow_api']) retrieved from /home/airflow/.local/lib/python3.7/site-packages/airflow/example_dags/tutorial_taskflow_api.py
[2024-03-30T08:25:30.473+0000] {logging_mixin.py:149} INFO - [2024-03-30T08:25:30.473+0000] {dag.py:2726} INFO - Sync 1 DAGs
[2024-03-30T08:25:30.502+0000] {logging_mixin.py:149} INFO - [2024-03-30T08:25:30.501+0000] {dag.py:3490} INFO - Setting next_dagrun for tutorial_taskflow_api to None, run_after=None
[2024-03-30T08:25:30.542+0000] {processor.py:179} INFO - Processing /home/airflow/.local/lib/python3.7/site-packages/airflow/example_dags/tutorial_taskflow_api.py took 0.120 seconds
[2024-03-30T08:26:00.919+0000] {processor.py:157} INFO - Started process (PID=660) to work on /home/airflow/.local/lib/python3.7/site-packages/airflow/example_dags/tutorial_taskflow_api.py
[2024-03-30T08:26:00.919+0000] {processor.py:826} INFO - Processing file /home/airflow/.local/lib/python3.7/site-packages/airflow/example_dags/tutorial_taskflow_api.py for tasks to queue
[2024-03-30T08:26:00.920+0000] {logging_mixin.py:149} INFO - [2024-03-30T08:26:00.920+0000] {dagbag.py:541} INFO - Filling up the DagBag from /home/airflow/.local/lib/python3.7/site-packages/airflow/example_dags/tutorial_taskflow_api.py
[2024-03-30T08:26:00.927+0000] {processor.py:836} INFO - DAG(s) dict_keys(['tutorial_taskflow_api']) retrieved from /home/airflow/.local/lib/python3.7/site-packages/airflow/example_dags/tutorial_taskflow_api.py
[2024-03-30T08:26:00.969+0000] {logging_mixin.py:149} INFO - [2024-03-30T08:26:00.968+0000] {dag.py:2726} INFO - Sync 1 DAGs
[2024-03-30T08:26:01.052+0000] {logging_mixin.py:149} INFO - [2024-03-30T08:26:01.052+0000] {dag.py:3490} INFO - Setting next_dagrun for tutorial_taskflow_api to None, run_after=None
[2024-03-30T08:26:01.099+0000] {processor.py:179} INFO - Processing /home/airflow/.local/lib/python3.7/site-packages/airflow/example_dags/tutorial_taskflow_api.py took 0.183 seconds
