[2024-03-30T06:15:35.786+0000] {processor.py:157} INFO - Started process (PID=68) to work on /home/airflow/.local/lib/python3.7/site-packages/airflow/example_dags/tutorial_dag.py
[2024-03-30T06:15:35.787+0000] {processor.py:826} INFO - Processing file /home/airflow/.local/lib/python3.7/site-packages/airflow/example_dags/tutorial_dag.py for tasks to queue
[2024-03-30T06:15:35.788+0000] {logging_mixin.py:149} INFO - [2024-03-30T06:15:35.788+0000] {dagbag.py:541} INFO - Filling up the DagBag from /home/airflow/.local/lib/python3.7/site-packages/airflow/example_dags/tutorial_dag.py
[2024-03-30T06:15:35.797+0000] {processor.py:836} INFO - DAG(s) dict_keys(['tutorial_dag']) retrieved from /home/airflow/.local/lib/python3.7/site-packages/airflow/example_dags/tutorial_dag.py
[2024-03-30T06:15:35.824+0000] {logging_mixin.py:149} INFO - [2024-03-30T06:15:35.824+0000] {dag.py:2726} INFO - Sync 1 DAGs
[2024-03-30T06:15:35.850+0000] {logging_mixin.py:149} INFO - [2024-03-30T06:15:35.850+0000] {dag.py:3490} INFO - Setting next_dagrun for tutorial_dag to None, run_after=None
[2024-03-30T06:15:35.885+0000] {processor.py:179} INFO - Processing /home/airflow/.local/lib/python3.7/site-packages/airflow/example_dags/tutorial_dag.py took 0.102 seconds
[2024-03-30T06:16:06.132+0000] {processor.py:157} INFO - Started process (PID=127) to work on /home/airflow/.local/lib/python3.7/site-packages/airflow/example_dags/tutorial_dag.py
[2024-03-30T06:16:06.132+0000] {processor.py:826} INFO - Processing file /home/airflow/.local/lib/python3.7/site-packages/airflow/example_dags/tutorial_dag.py for tasks to queue
[2024-03-30T06:16:06.133+0000] {logging_mixin.py:149} INFO - [2024-03-30T06:16:06.133+0000] {dagbag.py:541} INFO - Filling up the DagBag from /home/airflow/.local/lib/python3.7/site-packages/airflow/example_dags/tutorial_dag.py
[2024-03-30T06:16:06.138+0000] {processor.py:836} INFO - DAG(s) dict_keys(['tutorial_dag']) retrieved from /home/airflow/.local/lib/python3.7/site-packages/airflow/example_dags/tutorial_dag.py
[2024-03-30T06:16:06.173+0000] {logging_mixin.py:149} INFO - [2024-03-30T06:16:06.173+0000] {dag.py:2726} INFO - Sync 1 DAGs
[2024-03-30T06:16:06.201+0000] {logging_mixin.py:149} INFO - [2024-03-30T06:16:06.200+0000] {dag.py:3490} INFO - Setting next_dagrun for tutorial_dag to None, run_after=None
[2024-03-30T06:16:06.233+0000] {processor.py:179} INFO - Processing /home/airflow/.local/lib/python3.7/site-packages/airflow/example_dags/tutorial_dag.py took 0.104 seconds
[2024-03-30T06:16:37.020+0000] {processor.py:157} INFO - Started process (PID=187) to work on /home/airflow/.local/lib/python3.7/site-packages/airflow/example_dags/tutorial_dag.py
[2024-03-30T06:16:37.022+0000] {processor.py:826} INFO - Processing file /home/airflow/.local/lib/python3.7/site-packages/airflow/example_dags/tutorial_dag.py for tasks to queue
[2024-03-30T06:16:37.023+0000] {logging_mixin.py:149} INFO - [2024-03-30T06:16:37.023+0000] {dagbag.py:541} INFO - Filling up the DagBag from /home/airflow/.local/lib/python3.7/site-packages/airflow/example_dags/tutorial_dag.py
[2024-03-30T06:16:37.028+0000] {processor.py:836} INFO - DAG(s) dict_keys(['tutorial_dag']) retrieved from /home/airflow/.local/lib/python3.7/site-packages/airflow/example_dags/tutorial_dag.py
[2024-03-30T06:16:37.079+0000] {logging_mixin.py:149} INFO - [2024-03-30T06:16:37.079+0000] {dag.py:2726} INFO - Sync 1 DAGs
[2024-03-30T06:16:37.108+0000] {logging_mixin.py:149} INFO - [2024-03-30T06:16:37.108+0000] {dag.py:3490} INFO - Setting next_dagrun for tutorial_dag to None, run_after=None
[2024-03-30T06:16:37.148+0000] {processor.py:179} INFO - Processing /home/airflow/.local/lib/python3.7/site-packages/airflow/example_dags/tutorial_dag.py took 0.131 seconds
[2024-03-30T06:17:07.267+0000] {processor.py:157} INFO - Started process (PID=247) to work on /home/airflow/.local/lib/python3.7/site-packages/airflow/example_dags/tutorial_dag.py
[2024-03-30T06:17:07.268+0000] {processor.py:826} INFO - Processing file /home/airflow/.local/lib/python3.7/site-packages/airflow/example_dags/tutorial_dag.py for tasks to queue
[2024-03-30T06:17:07.268+0000] {logging_mixin.py:149} INFO - [2024-03-30T06:17:07.268+0000] {dagbag.py:541} INFO - Filling up the DagBag from /home/airflow/.local/lib/python3.7/site-packages/airflow/example_dags/tutorial_dag.py
[2024-03-30T06:17:07.272+0000] {processor.py:836} INFO - DAG(s) dict_keys(['tutorial_dag']) retrieved from /home/airflow/.local/lib/python3.7/site-packages/airflow/example_dags/tutorial_dag.py
[2024-03-30T06:17:07.307+0000] {logging_mixin.py:149} INFO - [2024-03-30T06:17:07.307+0000] {dag.py:2726} INFO - Sync 1 DAGs
[2024-03-30T06:17:07.332+0000] {logging_mixin.py:149} INFO - [2024-03-30T06:17:07.332+0000] {dag.py:3490} INFO - Setting next_dagrun for tutorial_dag to None, run_after=None
[2024-03-30T06:17:07.365+0000] {processor.py:179} INFO - Processing /home/airflow/.local/lib/python3.7/site-packages/airflow/example_dags/tutorial_dag.py took 0.101 seconds
[2024-03-30T06:17:37.568+0000] {processor.py:157} INFO - Started process (PID=307) to work on /home/airflow/.local/lib/python3.7/site-packages/airflow/example_dags/tutorial_dag.py
[2024-03-30T06:17:37.569+0000] {processor.py:826} INFO - Processing file /home/airflow/.local/lib/python3.7/site-packages/airflow/example_dags/tutorial_dag.py for tasks to queue
[2024-03-30T06:17:37.569+0000] {logging_mixin.py:149} INFO - [2024-03-30T06:17:37.569+0000] {dagbag.py:541} INFO - Filling up the DagBag from /home/airflow/.local/lib/python3.7/site-packages/airflow/example_dags/tutorial_dag.py
[2024-03-30T06:17:37.573+0000] {processor.py:836} INFO - DAG(s) dict_keys(['tutorial_dag']) retrieved from /home/airflow/.local/lib/python3.7/site-packages/airflow/example_dags/tutorial_dag.py
[2024-03-30T06:17:37.606+0000] {logging_mixin.py:149} INFO - [2024-03-30T06:17:37.606+0000] {dag.py:2726} INFO - Sync 1 DAGs
[2024-03-30T06:17:37.630+0000] {logging_mixin.py:149} INFO - [2024-03-30T06:17:37.630+0000] {dag.py:3490} INFO - Setting next_dagrun for tutorial_dag to None, run_after=None
[2024-03-30T06:17:37.665+0000] {processor.py:179} INFO - Processing /home/airflow/.local/lib/python3.7/site-packages/airflow/example_dags/tutorial_dag.py took 0.100 seconds
[2024-03-30T06:18:07.838+0000] {processor.py:157} INFO - Started process (PID=367) to work on /home/airflow/.local/lib/python3.7/site-packages/airflow/example_dags/tutorial_dag.py
[2024-03-30T06:18:07.839+0000] {processor.py:826} INFO - Processing file /home/airflow/.local/lib/python3.7/site-packages/airflow/example_dags/tutorial_dag.py for tasks to queue
[2024-03-30T06:18:07.839+0000] {logging_mixin.py:149} INFO - [2024-03-30T06:18:07.839+0000] {dagbag.py:541} INFO - Filling up the DagBag from /home/airflow/.local/lib/python3.7/site-packages/airflow/example_dags/tutorial_dag.py
[2024-03-30T06:18:07.843+0000] {processor.py:836} INFO - DAG(s) dict_keys(['tutorial_dag']) retrieved from /home/airflow/.local/lib/python3.7/site-packages/airflow/example_dags/tutorial_dag.py
[2024-03-30T06:18:07.878+0000] {logging_mixin.py:149} INFO - [2024-03-30T06:18:07.878+0000] {dag.py:2726} INFO - Sync 1 DAGs
[2024-03-30T06:18:07.902+0000] {logging_mixin.py:149} INFO - [2024-03-30T06:18:07.902+0000] {dag.py:3490} INFO - Setting next_dagrun for tutorial_dag to None, run_after=None
[2024-03-30T06:18:07.941+0000] {processor.py:179} INFO - Processing /home/airflow/.local/lib/python3.7/site-packages/airflow/example_dags/tutorial_dag.py took 0.106 seconds
[2024-03-30T06:18:38.727+0000] {processor.py:157} INFO - Started process (PID=428) to work on /home/airflow/.local/lib/python3.7/site-packages/airflow/example_dags/tutorial_dag.py
[2024-03-30T06:18:38.728+0000] {processor.py:826} INFO - Processing file /home/airflow/.local/lib/python3.7/site-packages/airflow/example_dags/tutorial_dag.py for tasks to queue
[2024-03-30T06:18:38.729+0000] {logging_mixin.py:149} INFO - [2024-03-30T06:18:38.728+0000] {dagbag.py:541} INFO - Filling up the DagBag from /home/airflow/.local/lib/python3.7/site-packages/airflow/example_dags/tutorial_dag.py
[2024-03-30T06:18:38.733+0000] {processor.py:836} INFO - DAG(s) dict_keys(['tutorial_dag']) retrieved from /home/airflow/.local/lib/python3.7/site-packages/airflow/example_dags/tutorial_dag.py
[2024-03-30T06:18:38.783+0000] {logging_mixin.py:149} INFO - [2024-03-30T06:18:38.783+0000] {dag.py:2726} INFO - Sync 1 DAGs
[2024-03-30T06:18:38.815+0000] {logging_mixin.py:149} INFO - [2024-03-30T06:18:38.815+0000] {dag.py:3490} INFO - Setting next_dagrun for tutorial_dag to None, run_after=None
[2024-03-30T06:18:38.855+0000] {processor.py:179} INFO - Processing /home/airflow/.local/lib/python3.7/site-packages/airflow/example_dags/tutorial_dag.py took 0.131 seconds
[2024-03-30T06:19:09.034+0000] {processor.py:157} INFO - Started process (PID=488) to work on /home/airflow/.local/lib/python3.7/site-packages/airflow/example_dags/tutorial_dag.py
[2024-03-30T06:19:09.035+0000] {processor.py:826} INFO - Processing file /home/airflow/.local/lib/python3.7/site-packages/airflow/example_dags/tutorial_dag.py for tasks to queue
[2024-03-30T06:19:09.035+0000] {logging_mixin.py:149} INFO - [2024-03-30T06:19:09.035+0000] {dagbag.py:541} INFO - Filling up the DagBag from /home/airflow/.local/lib/python3.7/site-packages/airflow/example_dags/tutorial_dag.py
[2024-03-30T06:19:09.039+0000] {processor.py:836} INFO - DAG(s) dict_keys(['tutorial_dag']) retrieved from /home/airflow/.local/lib/python3.7/site-packages/airflow/example_dags/tutorial_dag.py
[2024-03-30T06:19:09.074+0000] {logging_mixin.py:149} INFO - [2024-03-30T06:19:09.074+0000] {dag.py:2726} INFO - Sync 1 DAGs
[2024-03-30T06:19:09.100+0000] {logging_mixin.py:149} INFO - [2024-03-30T06:19:09.099+0000] {dag.py:3490} INFO - Setting next_dagrun for tutorial_dag to None, run_after=None
[2024-03-30T06:19:09.137+0000] {processor.py:179} INFO - Processing /home/airflow/.local/lib/python3.7/site-packages/airflow/example_dags/tutorial_dag.py took 0.106 seconds
[2024-03-30T06:19:40.097+0000] {processor.py:157} INFO - Started process (PID=548) to work on /home/airflow/.local/lib/python3.7/site-packages/airflow/example_dags/tutorial_dag.py
[2024-03-30T06:19:40.098+0000] {processor.py:826} INFO - Processing file /home/airflow/.local/lib/python3.7/site-packages/airflow/example_dags/tutorial_dag.py for tasks to queue
[2024-03-30T06:19:40.099+0000] {logging_mixin.py:149} INFO - [2024-03-30T06:19:40.099+0000] {dagbag.py:541} INFO - Filling up the DagBag from /home/airflow/.local/lib/python3.7/site-packages/airflow/example_dags/tutorial_dag.py
[2024-03-30T06:19:40.103+0000] {processor.py:836} INFO - DAG(s) dict_keys(['tutorial_dag']) retrieved from /home/airflow/.local/lib/python3.7/site-packages/airflow/example_dags/tutorial_dag.py
[2024-03-30T06:19:40.138+0000] {logging_mixin.py:149} INFO - [2024-03-30T06:19:40.138+0000] {dag.py:2726} INFO - Sync 1 DAGs
[2024-03-30T06:19:40.164+0000] {logging_mixin.py:149} INFO - [2024-03-30T06:19:40.163+0000] {dag.py:3490} INFO - Setting next_dagrun for tutorial_dag to None, run_after=None
[2024-03-30T06:19:40.197+0000] {processor.py:179} INFO - Processing /home/airflow/.local/lib/python3.7/site-packages/airflow/example_dags/tutorial_dag.py took 0.102 seconds
[2024-03-30T06:20:11.072+0000] {processor.py:157} INFO - Started process (PID=608) to work on /home/airflow/.local/lib/python3.7/site-packages/airflow/example_dags/tutorial_dag.py
[2024-03-30T06:20:11.072+0000] {processor.py:826} INFO - Processing file /home/airflow/.local/lib/python3.7/site-packages/airflow/example_dags/tutorial_dag.py for tasks to queue
[2024-03-30T06:20:11.073+0000] {logging_mixin.py:149} INFO - [2024-03-30T06:20:11.073+0000] {dagbag.py:541} INFO - Filling up the DagBag from /home/airflow/.local/lib/python3.7/site-packages/airflow/example_dags/tutorial_dag.py
[2024-03-30T06:20:11.077+0000] {processor.py:836} INFO - DAG(s) dict_keys(['tutorial_dag']) retrieved from /home/airflow/.local/lib/python3.7/site-packages/airflow/example_dags/tutorial_dag.py
[2024-03-30T06:20:11.118+0000] {logging_mixin.py:149} INFO - [2024-03-30T06:20:11.117+0000] {dag.py:2726} INFO - Sync 1 DAGs
[2024-03-30T06:20:11.143+0000] {logging_mixin.py:149} INFO - [2024-03-30T06:20:11.143+0000] {dag.py:3490} INFO - Setting next_dagrun for tutorial_dag to None, run_after=None
[2024-03-30T06:20:11.180+0000] {processor.py:179} INFO - Processing /home/airflow/.local/lib/python3.7/site-packages/airflow/example_dags/tutorial_dag.py took 0.112 seconds
[2024-03-30T06:20:41.894+0000] {processor.py:157} INFO - Started process (PID=670) to work on /home/airflow/.local/lib/python3.7/site-packages/airflow/example_dags/tutorial_dag.py
[2024-03-30T06:20:41.895+0000] {processor.py:826} INFO - Processing file /home/airflow/.local/lib/python3.7/site-packages/airflow/example_dags/tutorial_dag.py for tasks to queue
[2024-03-30T06:20:41.896+0000] {logging_mixin.py:149} INFO - [2024-03-30T06:20:41.895+0000] {dagbag.py:541} INFO - Filling up the DagBag from /home/airflow/.local/lib/python3.7/site-packages/airflow/example_dags/tutorial_dag.py
[2024-03-30T06:20:41.900+0000] {processor.py:836} INFO - DAG(s) dict_keys(['tutorial_dag']) retrieved from /home/airflow/.local/lib/python3.7/site-packages/airflow/example_dags/tutorial_dag.py
[2024-03-30T06:20:41.941+0000] {logging_mixin.py:149} INFO - [2024-03-30T06:20:41.941+0000] {dag.py:2726} INFO - Sync 1 DAGs
[2024-03-30T06:20:41.971+0000] {logging_mixin.py:149} INFO - [2024-03-30T06:20:41.971+0000] {dag.py:3490} INFO - Setting next_dagrun for tutorial_dag to None, run_after=None
[2024-03-30T06:20:42.009+0000] {processor.py:179} INFO - Processing /home/airflow/.local/lib/python3.7/site-packages/airflow/example_dags/tutorial_dag.py took 0.117 seconds
[2024-03-30T06:21:12.490+0000] {processor.py:157} INFO - Started process (PID=731) to work on /home/airflow/.local/lib/python3.7/site-packages/airflow/example_dags/tutorial_dag.py
[2024-03-30T06:21:12.491+0000] {processor.py:826} INFO - Processing file /home/airflow/.local/lib/python3.7/site-packages/airflow/example_dags/tutorial_dag.py for tasks to queue
[2024-03-30T06:21:12.491+0000] {logging_mixin.py:149} INFO - [2024-03-30T06:21:12.491+0000] {dagbag.py:541} INFO - Filling up the DagBag from /home/airflow/.local/lib/python3.7/site-packages/airflow/example_dags/tutorial_dag.py
[2024-03-30T06:21:12.495+0000] {processor.py:836} INFO - DAG(s) dict_keys(['tutorial_dag']) retrieved from /home/airflow/.local/lib/python3.7/site-packages/airflow/example_dags/tutorial_dag.py
[2024-03-30T06:21:12.529+0000] {logging_mixin.py:149} INFO - [2024-03-30T06:21:12.528+0000] {dag.py:2726} INFO - Sync 1 DAGs
[2024-03-30T06:21:12.552+0000] {logging_mixin.py:149} INFO - [2024-03-30T06:21:12.552+0000] {dag.py:3490} INFO - Setting next_dagrun for tutorial_dag to None, run_after=None
[2024-03-30T06:21:12.584+0000] {processor.py:179} INFO - Processing /home/airflow/.local/lib/python3.7/site-packages/airflow/example_dags/tutorial_dag.py took 0.097 seconds
[2024-03-30T06:21:43.695+0000] {processor.py:157} INFO - Started process (PID=792) to work on /home/airflow/.local/lib/python3.7/site-packages/airflow/example_dags/tutorial_dag.py
[2024-03-30T06:21:43.696+0000] {processor.py:826} INFO - Processing file /home/airflow/.local/lib/python3.7/site-packages/airflow/example_dags/tutorial_dag.py for tasks to queue
[2024-03-30T06:21:43.697+0000] {logging_mixin.py:149} INFO - [2024-03-30T06:21:43.697+0000] {dagbag.py:541} INFO - Filling up the DagBag from /home/airflow/.local/lib/python3.7/site-packages/airflow/example_dags/tutorial_dag.py
[2024-03-30T06:21:43.702+0000] {processor.py:836} INFO - DAG(s) dict_keys(['tutorial_dag']) retrieved from /home/airflow/.local/lib/python3.7/site-packages/airflow/example_dags/tutorial_dag.py
[2024-03-30T06:21:43.739+0000] {logging_mixin.py:149} INFO - [2024-03-30T06:21:43.738+0000] {dag.py:2726} INFO - Sync 1 DAGs
[2024-03-30T06:21:43.762+0000] {logging_mixin.py:149} INFO - [2024-03-30T06:21:43.762+0000] {dag.py:3490} INFO - Setting next_dagrun for tutorial_dag to None, run_after=None
[2024-03-30T06:21:43.794+0000] {processor.py:179} INFO - Processing /home/airflow/.local/lib/python3.7/site-packages/airflow/example_dags/tutorial_dag.py took 0.101 seconds
[2024-03-30T06:22:14.494+0000] {processor.py:157} INFO - Started process (PID=853) to work on /home/airflow/.local/lib/python3.7/site-packages/airflow/example_dags/tutorial_dag.py
[2024-03-30T06:22:14.495+0000] {processor.py:826} INFO - Processing file /home/airflow/.local/lib/python3.7/site-packages/airflow/example_dags/tutorial_dag.py for tasks to queue
[2024-03-30T06:22:14.496+0000] {logging_mixin.py:149} INFO - [2024-03-30T06:22:14.496+0000] {dagbag.py:541} INFO - Filling up the DagBag from /home/airflow/.local/lib/python3.7/site-packages/airflow/example_dags/tutorial_dag.py
[2024-03-30T06:22:14.501+0000] {processor.py:836} INFO - DAG(s) dict_keys(['tutorial_dag']) retrieved from /home/airflow/.local/lib/python3.7/site-packages/airflow/example_dags/tutorial_dag.py
[2024-03-30T06:22:14.546+0000] {logging_mixin.py:149} INFO - [2024-03-30T06:22:14.546+0000] {dag.py:2726} INFO - Sync 1 DAGs
[2024-03-30T06:22:14.572+0000] {logging_mixin.py:149} INFO - [2024-03-30T06:22:14.572+0000] {dag.py:3490} INFO - Setting next_dagrun for tutorial_dag to None, run_after=None
[2024-03-30T06:22:14.609+0000] {processor.py:179} INFO - Processing /home/airflow/.local/lib/python3.7/site-packages/airflow/example_dags/tutorial_dag.py took 0.118 seconds
[2024-03-30T06:22:44.975+0000] {processor.py:157} INFO - Started process (PID=914) to work on /home/airflow/.local/lib/python3.7/site-packages/airflow/example_dags/tutorial_dag.py
[2024-03-30T06:22:44.977+0000] {processor.py:826} INFO - Processing file /home/airflow/.local/lib/python3.7/site-packages/airflow/example_dags/tutorial_dag.py for tasks to queue
[2024-03-30T06:22:44.977+0000] {logging_mixin.py:149} INFO - [2024-03-30T06:22:44.977+0000] {dagbag.py:541} INFO - Filling up the DagBag from /home/airflow/.local/lib/python3.7/site-packages/airflow/example_dags/tutorial_dag.py
[2024-03-30T06:22:44.982+0000] {processor.py:836} INFO - DAG(s) dict_keys(['tutorial_dag']) retrieved from /home/airflow/.local/lib/python3.7/site-packages/airflow/example_dags/tutorial_dag.py
[2024-03-30T06:22:45.021+0000] {logging_mixin.py:149} INFO - [2024-03-30T06:22:45.020+0000] {dag.py:2726} INFO - Sync 1 DAGs
[2024-03-30T06:22:45.048+0000] {logging_mixin.py:149} INFO - [2024-03-30T06:22:45.048+0000] {dag.py:3490} INFO - Setting next_dagrun for tutorial_dag to None, run_after=None
[2024-03-30T06:22:45.087+0000] {processor.py:179} INFO - Processing /home/airflow/.local/lib/python3.7/site-packages/airflow/example_dags/tutorial_dag.py took 0.115 seconds
[2024-03-30T06:23:15.315+0000] {processor.py:157} INFO - Started process (PID=975) to work on /home/airflow/.local/lib/python3.7/site-packages/airflow/example_dags/tutorial_dag.py
[2024-03-30T06:23:15.315+0000] {processor.py:826} INFO - Processing file /home/airflow/.local/lib/python3.7/site-packages/airflow/example_dags/tutorial_dag.py for tasks to queue
[2024-03-30T06:23:15.316+0000] {logging_mixin.py:149} INFO - [2024-03-30T06:23:15.316+0000] {dagbag.py:541} INFO - Filling up the DagBag from /home/airflow/.local/lib/python3.7/site-packages/airflow/example_dags/tutorial_dag.py
[2024-03-30T06:23:15.320+0000] {processor.py:836} INFO - DAG(s) dict_keys(['tutorial_dag']) retrieved from /home/airflow/.local/lib/python3.7/site-packages/airflow/example_dags/tutorial_dag.py
[2024-03-30T06:23:15.357+0000] {logging_mixin.py:149} INFO - [2024-03-30T06:23:15.357+0000] {dag.py:2726} INFO - Sync 1 DAGs
[2024-03-30T06:23:15.430+0000] {logging_mixin.py:149} INFO - [2024-03-30T06:23:15.430+0000] {dag.py:3490} INFO - Setting next_dagrun for tutorial_dag to None, run_after=None
[2024-03-30T06:23:15.464+0000] {processor.py:179} INFO - Processing /home/airflow/.local/lib/python3.7/site-packages/airflow/example_dags/tutorial_dag.py took 0.152 seconds
[2024-03-30T06:23:46.669+0000] {processor.py:157} INFO - Started process (PID=1036) to work on /home/airflow/.local/lib/python3.7/site-packages/airflow/example_dags/tutorial_dag.py
[2024-03-30T06:23:46.670+0000] {processor.py:826} INFO - Processing file /home/airflow/.local/lib/python3.7/site-packages/airflow/example_dags/tutorial_dag.py for tasks to queue
[2024-03-30T06:23:46.670+0000] {logging_mixin.py:149} INFO - [2024-03-30T06:23:46.670+0000] {dagbag.py:541} INFO - Filling up the DagBag from /home/airflow/.local/lib/python3.7/site-packages/airflow/example_dags/tutorial_dag.py
[2024-03-30T06:23:46.674+0000] {processor.py:836} INFO - DAG(s) dict_keys(['tutorial_dag']) retrieved from /home/airflow/.local/lib/python3.7/site-packages/airflow/example_dags/tutorial_dag.py
[2024-03-30T06:23:46.706+0000] {logging_mixin.py:149} INFO - [2024-03-30T06:23:46.706+0000] {dag.py:2726} INFO - Sync 1 DAGs
[2024-03-30T06:23:46.730+0000] {logging_mixin.py:149} INFO - [2024-03-30T06:23:46.730+0000] {dag.py:3490} INFO - Setting next_dagrun for tutorial_dag to None, run_after=None
[2024-03-30T06:23:46.761+0000] {processor.py:179} INFO - Processing /home/airflow/.local/lib/python3.7/site-packages/airflow/example_dags/tutorial_dag.py took 0.095 seconds
[2024-03-30T06:24:17.110+0000] {processor.py:157} INFO - Started process (PID=1097) to work on /home/airflow/.local/lib/python3.7/site-packages/airflow/example_dags/tutorial_dag.py
[2024-03-30T06:24:17.111+0000] {processor.py:826} INFO - Processing file /home/airflow/.local/lib/python3.7/site-packages/airflow/example_dags/tutorial_dag.py for tasks to queue
[2024-03-30T06:24:17.111+0000] {logging_mixin.py:149} INFO - [2024-03-30T06:24:17.111+0000] {dagbag.py:541} INFO - Filling up the DagBag from /home/airflow/.local/lib/python3.7/site-packages/airflow/example_dags/tutorial_dag.py
[2024-03-30T06:24:17.116+0000] {processor.py:836} INFO - DAG(s) dict_keys(['tutorial_dag']) retrieved from /home/airflow/.local/lib/python3.7/site-packages/airflow/example_dags/tutorial_dag.py
[2024-03-30T06:24:17.150+0000] {logging_mixin.py:149} INFO - [2024-03-30T06:24:17.150+0000] {dag.py:2726} INFO - Sync 1 DAGs
[2024-03-30T06:24:17.175+0000] {logging_mixin.py:149} INFO - [2024-03-30T06:24:17.175+0000] {dag.py:3490} INFO - Setting next_dagrun for tutorial_dag to None, run_after=None
[2024-03-30T06:24:17.207+0000] {processor.py:179} INFO - Processing /home/airflow/.local/lib/python3.7/site-packages/airflow/example_dags/tutorial_dag.py took 0.100 seconds
[2024-03-30T06:24:47.579+0000] {processor.py:157} INFO - Started process (PID=1158) to work on /home/airflow/.local/lib/python3.7/site-packages/airflow/example_dags/tutorial_dag.py
[2024-03-30T06:24:47.580+0000] {processor.py:826} INFO - Processing file /home/airflow/.local/lib/python3.7/site-packages/airflow/example_dags/tutorial_dag.py for tasks to queue
[2024-03-30T06:24:47.581+0000] {logging_mixin.py:149} INFO - [2024-03-30T06:24:47.581+0000] {dagbag.py:541} INFO - Filling up the DagBag from /home/airflow/.local/lib/python3.7/site-packages/airflow/example_dags/tutorial_dag.py
[2024-03-30T06:24:47.585+0000] {processor.py:836} INFO - DAG(s) dict_keys(['tutorial_dag']) retrieved from /home/airflow/.local/lib/python3.7/site-packages/airflow/example_dags/tutorial_dag.py
[2024-03-30T06:24:47.621+0000] {logging_mixin.py:149} INFO - [2024-03-30T06:24:47.620+0000] {dag.py:2726} INFO - Sync 1 DAGs
[2024-03-30T06:24:47.645+0000] {logging_mixin.py:149} INFO - [2024-03-30T06:24:47.645+0000] {dag.py:3490} INFO - Setting next_dagrun for tutorial_dag to None, run_after=None
[2024-03-30T06:24:47.680+0000] {processor.py:179} INFO - Processing /home/airflow/.local/lib/python3.7/site-packages/airflow/example_dags/tutorial_dag.py took 0.103 seconds
[2024-03-30T06:25:17.987+0000] {processor.py:157} INFO - Started process (PID=1219) to work on /home/airflow/.local/lib/python3.7/site-packages/airflow/example_dags/tutorial_dag.py
[2024-03-30T06:25:17.988+0000] {processor.py:826} INFO - Processing file /home/airflow/.local/lib/python3.7/site-packages/airflow/example_dags/tutorial_dag.py for tasks to queue
[2024-03-30T06:25:17.988+0000] {logging_mixin.py:149} INFO - [2024-03-30T06:25:17.988+0000] {dagbag.py:541} INFO - Filling up the DagBag from /home/airflow/.local/lib/python3.7/site-packages/airflow/example_dags/tutorial_dag.py
[2024-03-30T06:25:17.993+0000] {processor.py:836} INFO - DAG(s) dict_keys(['tutorial_dag']) retrieved from /home/airflow/.local/lib/python3.7/site-packages/airflow/example_dags/tutorial_dag.py
[2024-03-30T06:25:18.028+0000] {logging_mixin.py:149} INFO - [2024-03-30T06:25:18.027+0000] {dag.py:2726} INFO - Sync 1 DAGs
[2024-03-30T06:25:18.051+0000] {logging_mixin.py:149} INFO - [2024-03-30T06:25:18.051+0000] {dag.py:3490} INFO - Setting next_dagrun for tutorial_dag to None, run_after=None
[2024-03-30T06:25:18.084+0000] {processor.py:179} INFO - Processing /home/airflow/.local/lib/python3.7/site-packages/airflow/example_dags/tutorial_dag.py took 0.100 seconds
[2024-03-30T06:25:48.290+0000] {processor.py:157} INFO - Started process (PID=1280) to work on /home/airflow/.local/lib/python3.7/site-packages/airflow/example_dags/tutorial_dag.py
[2024-03-30T06:25:48.291+0000] {processor.py:826} INFO - Processing file /home/airflow/.local/lib/python3.7/site-packages/airflow/example_dags/tutorial_dag.py for tasks to queue
[2024-03-30T06:25:48.291+0000] {logging_mixin.py:149} INFO - [2024-03-30T06:25:48.291+0000] {dagbag.py:541} INFO - Filling up the DagBag from /home/airflow/.local/lib/python3.7/site-packages/airflow/example_dags/tutorial_dag.py
[2024-03-30T06:25:48.295+0000] {processor.py:836} INFO - DAG(s) dict_keys(['tutorial_dag']) retrieved from /home/airflow/.local/lib/python3.7/site-packages/airflow/example_dags/tutorial_dag.py
[2024-03-30T06:25:48.330+0000] {logging_mixin.py:149} INFO - [2024-03-30T06:25:48.330+0000] {dag.py:2726} INFO - Sync 1 DAGs
[2024-03-30T06:25:48.358+0000] {logging_mixin.py:149} INFO - [2024-03-30T06:25:48.357+0000] {dag.py:3490} INFO - Setting next_dagrun for tutorial_dag to None, run_after=None
[2024-03-30T06:25:48.393+0000] {processor.py:179} INFO - Processing /home/airflow/.local/lib/python3.7/site-packages/airflow/example_dags/tutorial_dag.py took 0.106 seconds
[2024-03-30T06:26:19.145+0000] {processor.py:157} INFO - Started process (PID=1341) to work on /home/airflow/.local/lib/python3.7/site-packages/airflow/example_dags/tutorial_dag.py
[2024-03-30T06:26:19.146+0000] {processor.py:826} INFO - Processing file /home/airflow/.local/lib/python3.7/site-packages/airflow/example_dags/tutorial_dag.py for tasks to queue
[2024-03-30T06:26:19.146+0000] {logging_mixin.py:149} INFO - [2024-03-30T06:26:19.146+0000] {dagbag.py:541} INFO - Filling up the DagBag from /home/airflow/.local/lib/python3.7/site-packages/airflow/example_dags/tutorial_dag.py
[2024-03-30T06:26:19.150+0000] {processor.py:836} INFO - DAG(s) dict_keys(['tutorial_dag']) retrieved from /home/airflow/.local/lib/python3.7/site-packages/airflow/example_dags/tutorial_dag.py
[2024-03-30T06:26:19.186+0000] {logging_mixin.py:149} INFO - [2024-03-30T06:26:19.185+0000] {dag.py:2726} INFO - Sync 1 DAGs
[2024-03-30T06:26:19.216+0000] {logging_mixin.py:149} INFO - [2024-03-30T06:26:19.215+0000] {dag.py:3490} INFO - Setting next_dagrun for tutorial_dag to None, run_after=None
[2024-03-30T06:26:19.248+0000] {processor.py:179} INFO - Processing /home/airflow/.local/lib/python3.7/site-packages/airflow/example_dags/tutorial_dag.py took 0.106 seconds
[2024-03-30T06:26:50.086+0000] {processor.py:157} INFO - Started process (PID=1403) to work on /home/airflow/.local/lib/python3.7/site-packages/airflow/example_dags/tutorial_dag.py
[2024-03-30T06:26:50.088+0000] {processor.py:826} INFO - Processing file /home/airflow/.local/lib/python3.7/site-packages/airflow/example_dags/tutorial_dag.py for tasks to queue
[2024-03-30T06:26:50.088+0000] {logging_mixin.py:149} INFO - [2024-03-30T06:26:50.088+0000] {dagbag.py:541} INFO - Filling up the DagBag from /home/airflow/.local/lib/python3.7/site-packages/airflow/example_dags/tutorial_dag.py
[2024-03-30T06:26:50.093+0000] {processor.py:836} INFO - DAG(s) dict_keys(['tutorial_dag']) retrieved from /home/airflow/.local/lib/python3.7/site-packages/airflow/example_dags/tutorial_dag.py
[2024-03-30T06:26:50.132+0000] {logging_mixin.py:149} INFO - [2024-03-30T06:26:50.132+0000] {dag.py:2726} INFO - Sync 1 DAGs
[2024-03-30T06:26:50.155+0000] {logging_mixin.py:149} INFO - [2024-03-30T06:26:50.155+0000] {dag.py:3490} INFO - Setting next_dagrun for tutorial_dag to None, run_after=None
[2024-03-30T06:26:50.188+0000] {processor.py:179} INFO - Processing /home/airflow/.local/lib/python3.7/site-packages/airflow/example_dags/tutorial_dag.py took 0.105 seconds
[2024-03-30T06:27:20.593+0000] {processor.py:157} INFO - Started process (PID=1464) to work on /home/airflow/.local/lib/python3.7/site-packages/airflow/example_dags/tutorial_dag.py
[2024-03-30T06:27:20.594+0000] {processor.py:826} INFO - Processing file /home/airflow/.local/lib/python3.7/site-packages/airflow/example_dags/tutorial_dag.py for tasks to queue
[2024-03-30T06:27:20.594+0000] {logging_mixin.py:149} INFO - [2024-03-30T06:27:20.594+0000] {dagbag.py:541} INFO - Filling up the DagBag from /home/airflow/.local/lib/python3.7/site-packages/airflow/example_dags/tutorial_dag.py
[2024-03-30T06:27:20.599+0000] {processor.py:836} INFO - DAG(s) dict_keys(['tutorial_dag']) retrieved from /home/airflow/.local/lib/python3.7/site-packages/airflow/example_dags/tutorial_dag.py
[2024-03-30T06:27:20.638+0000] {logging_mixin.py:149} INFO - [2024-03-30T06:27:20.638+0000] {dag.py:2726} INFO - Sync 1 DAGs
[2024-03-30T06:27:20.664+0000] {logging_mixin.py:149} INFO - [2024-03-30T06:27:20.664+0000] {dag.py:3490} INFO - Setting next_dagrun for tutorial_dag to None, run_after=None
[2024-03-30T06:27:20.699+0000] {processor.py:179} INFO - Processing /home/airflow/.local/lib/python3.7/site-packages/airflow/example_dags/tutorial_dag.py took 0.110 seconds
[2024-03-30T06:27:51.523+0000] {processor.py:157} INFO - Started process (PID=1526) to work on /home/airflow/.local/lib/python3.7/site-packages/airflow/example_dags/tutorial_dag.py
[2024-03-30T06:27:51.524+0000] {processor.py:826} INFO - Processing file /home/airflow/.local/lib/python3.7/site-packages/airflow/example_dags/tutorial_dag.py for tasks to queue
[2024-03-30T06:27:51.525+0000] {logging_mixin.py:149} INFO - [2024-03-30T06:27:51.524+0000] {dagbag.py:541} INFO - Filling up the DagBag from /home/airflow/.local/lib/python3.7/site-packages/airflow/example_dags/tutorial_dag.py
[2024-03-30T06:27:51.532+0000] {processor.py:836} INFO - DAG(s) dict_keys(['tutorial_dag']) retrieved from /home/airflow/.local/lib/python3.7/site-packages/airflow/example_dags/tutorial_dag.py
[2024-03-30T06:27:51.576+0000] {logging_mixin.py:149} INFO - [2024-03-30T06:27:51.575+0000] {dag.py:2726} INFO - Sync 1 DAGs
[2024-03-30T06:27:51.605+0000] {logging_mixin.py:149} INFO - [2024-03-30T06:27:51.605+0000] {dag.py:3490} INFO - Setting next_dagrun for tutorial_dag to None, run_after=None
[2024-03-30T06:27:51.645+0000] {processor.py:179} INFO - Processing /home/airflow/.local/lib/python3.7/site-packages/airflow/example_dags/tutorial_dag.py took 0.125 seconds
[2024-03-30T06:28:22.291+0000] {processor.py:157} INFO - Started process (PID=1587) to work on /home/airflow/.local/lib/python3.7/site-packages/airflow/example_dags/tutorial_dag.py
[2024-03-30T06:28:22.292+0000] {processor.py:826} INFO - Processing file /home/airflow/.local/lib/python3.7/site-packages/airflow/example_dags/tutorial_dag.py for tasks to queue
[2024-03-30T06:28:22.292+0000] {logging_mixin.py:149} INFO - [2024-03-30T06:28:22.292+0000] {dagbag.py:541} INFO - Filling up the DagBag from /home/airflow/.local/lib/python3.7/site-packages/airflow/example_dags/tutorial_dag.py
[2024-03-30T06:28:22.297+0000] {processor.py:836} INFO - DAG(s) dict_keys(['tutorial_dag']) retrieved from /home/airflow/.local/lib/python3.7/site-packages/airflow/example_dags/tutorial_dag.py
[2024-03-30T06:28:22.333+0000] {logging_mixin.py:149} INFO - [2024-03-30T06:28:22.333+0000] {dag.py:2726} INFO - Sync 1 DAGs
[2024-03-30T06:28:22.366+0000] {logging_mixin.py:149} INFO - [2024-03-30T06:28:22.365+0000] {dag.py:3490} INFO - Setting next_dagrun for tutorial_dag to None, run_after=None
[2024-03-30T06:28:22.406+0000] {processor.py:179} INFO - Processing /home/airflow/.local/lib/python3.7/site-packages/airflow/example_dags/tutorial_dag.py took 0.118 seconds
[2024-03-30T06:28:52.959+0000] {processor.py:157} INFO - Started process (PID=1648) to work on /home/airflow/.local/lib/python3.7/site-packages/airflow/example_dags/tutorial_dag.py
[2024-03-30T06:28:52.960+0000] {processor.py:826} INFO - Processing file /home/airflow/.local/lib/python3.7/site-packages/airflow/example_dags/tutorial_dag.py for tasks to queue
[2024-03-30T06:28:52.960+0000] {logging_mixin.py:149} INFO - [2024-03-30T06:28:52.960+0000] {dagbag.py:541} INFO - Filling up the DagBag from /home/airflow/.local/lib/python3.7/site-packages/airflow/example_dags/tutorial_dag.py
[2024-03-30T06:28:52.964+0000] {processor.py:836} INFO - DAG(s) dict_keys(['tutorial_dag']) retrieved from /home/airflow/.local/lib/python3.7/site-packages/airflow/example_dags/tutorial_dag.py
[2024-03-30T06:28:53.003+0000] {logging_mixin.py:149} INFO - [2024-03-30T06:28:53.002+0000] {dag.py:2726} INFO - Sync 1 DAGs
[2024-03-30T06:28:53.027+0000] {logging_mixin.py:149} INFO - [2024-03-30T06:28:53.026+0000] {dag.py:3490} INFO - Setting next_dagrun for tutorial_dag to None, run_after=None
[2024-03-30T06:28:53.062+0000] {processor.py:179} INFO - Processing /home/airflow/.local/lib/python3.7/site-packages/airflow/example_dags/tutorial_dag.py took 0.106 seconds
[2024-03-30T06:29:23.382+0000] {processor.py:157} INFO - Started process (PID=1709) to work on /home/airflow/.local/lib/python3.7/site-packages/airflow/example_dags/tutorial_dag.py
[2024-03-30T06:29:23.383+0000] {processor.py:826} INFO - Processing file /home/airflow/.local/lib/python3.7/site-packages/airflow/example_dags/tutorial_dag.py for tasks to queue
[2024-03-30T06:29:23.384+0000] {logging_mixin.py:149} INFO - [2024-03-30T06:29:23.383+0000] {dagbag.py:541} INFO - Filling up the DagBag from /home/airflow/.local/lib/python3.7/site-packages/airflow/example_dags/tutorial_dag.py
[2024-03-30T06:29:23.388+0000] {processor.py:836} INFO - DAG(s) dict_keys(['tutorial_dag']) retrieved from /home/airflow/.local/lib/python3.7/site-packages/airflow/example_dags/tutorial_dag.py
[2024-03-30T06:29:23.424+0000] {logging_mixin.py:149} INFO - [2024-03-30T06:29:23.424+0000] {dag.py:2726} INFO - Sync 1 DAGs
[2024-03-30T06:29:23.454+0000] {logging_mixin.py:149} INFO - [2024-03-30T06:29:23.454+0000] {dag.py:3490} INFO - Setting next_dagrun for tutorial_dag to None, run_after=None
[2024-03-30T06:29:23.487+0000] {processor.py:179} INFO - Processing /home/airflow/.local/lib/python3.7/site-packages/airflow/example_dags/tutorial_dag.py took 0.108 seconds
[2024-03-30T06:29:54.090+0000] {processor.py:157} INFO - Started process (PID=1770) to work on /home/airflow/.local/lib/python3.7/site-packages/airflow/example_dags/tutorial_dag.py
[2024-03-30T06:29:54.091+0000] {processor.py:826} INFO - Processing file /home/airflow/.local/lib/python3.7/site-packages/airflow/example_dags/tutorial_dag.py for tasks to queue
[2024-03-30T06:29:54.091+0000] {logging_mixin.py:149} INFO - [2024-03-30T06:29:54.091+0000] {dagbag.py:541} INFO - Filling up the DagBag from /home/airflow/.local/lib/python3.7/site-packages/airflow/example_dags/tutorial_dag.py
[2024-03-30T06:29:54.096+0000] {processor.py:836} INFO - DAG(s) dict_keys(['tutorial_dag']) retrieved from /home/airflow/.local/lib/python3.7/site-packages/airflow/example_dags/tutorial_dag.py
[2024-03-30T06:29:54.134+0000] {logging_mixin.py:149} INFO - [2024-03-30T06:29:54.134+0000] {dag.py:2726} INFO - Sync 1 DAGs
[2024-03-30T06:29:54.163+0000] {logging_mixin.py:149} INFO - [2024-03-30T06:29:54.162+0000] {dag.py:3490} INFO - Setting next_dagrun for tutorial_dag to None, run_after=None
[2024-03-30T06:29:54.198+0000] {processor.py:179} INFO - Processing /home/airflow/.local/lib/python3.7/site-packages/airflow/example_dags/tutorial_dag.py took 0.111 seconds
[2024-03-30T06:30:24.415+0000] {processor.py:157} INFO - Started process (PID=1838) to work on /home/airflow/.local/lib/python3.7/site-packages/airflow/example_dags/tutorial_dag.py
[2024-03-30T06:30:24.416+0000] {processor.py:826} INFO - Processing file /home/airflow/.local/lib/python3.7/site-packages/airflow/example_dags/tutorial_dag.py for tasks to queue
[2024-03-30T06:30:24.416+0000] {logging_mixin.py:149} INFO - [2024-03-30T06:30:24.416+0000] {dagbag.py:541} INFO - Filling up the DagBag from /home/airflow/.local/lib/python3.7/site-packages/airflow/example_dags/tutorial_dag.py
[2024-03-30T06:30:24.421+0000] {processor.py:836} INFO - DAG(s) dict_keys(['tutorial_dag']) retrieved from /home/airflow/.local/lib/python3.7/site-packages/airflow/example_dags/tutorial_dag.py
[2024-03-30T06:30:24.457+0000] {logging_mixin.py:149} INFO - [2024-03-30T06:30:24.457+0000] {dag.py:2726} INFO - Sync 1 DAGs
[2024-03-30T06:30:24.490+0000] {logging_mixin.py:149} INFO - [2024-03-30T06:30:24.490+0000] {dag.py:3490} INFO - Setting next_dagrun for tutorial_dag to None, run_after=None
[2024-03-30T06:30:24.529+0000] {processor.py:179} INFO - Processing /home/airflow/.local/lib/python3.7/site-packages/airflow/example_dags/tutorial_dag.py took 0.117 seconds
[2024-03-30T06:30:55.099+0000] {processor.py:157} INFO - Started process (PID=1899) to work on /home/airflow/.local/lib/python3.7/site-packages/airflow/example_dags/tutorial_dag.py
[2024-03-30T06:30:55.100+0000] {processor.py:826} INFO - Processing file /home/airflow/.local/lib/python3.7/site-packages/airflow/example_dags/tutorial_dag.py for tasks to queue
[2024-03-30T06:30:55.100+0000] {logging_mixin.py:149} INFO - [2024-03-30T06:30:55.100+0000] {dagbag.py:541} INFO - Filling up the DagBag from /home/airflow/.local/lib/python3.7/site-packages/airflow/example_dags/tutorial_dag.py
[2024-03-30T06:30:55.104+0000] {processor.py:836} INFO - DAG(s) dict_keys(['tutorial_dag']) retrieved from /home/airflow/.local/lib/python3.7/site-packages/airflow/example_dags/tutorial_dag.py
[2024-03-30T06:30:55.138+0000] {logging_mixin.py:149} INFO - [2024-03-30T06:30:55.138+0000] {dag.py:2726} INFO - Sync 1 DAGs
[2024-03-30T06:30:55.161+0000] {logging_mixin.py:149} INFO - [2024-03-30T06:30:55.160+0000] {dag.py:3490} INFO - Setting next_dagrun for tutorial_dag to None, run_after=None
[2024-03-30T06:30:55.190+0000] {processor.py:179} INFO - Processing /home/airflow/.local/lib/python3.7/site-packages/airflow/example_dags/tutorial_dag.py took 0.094 seconds
[2024-03-30T06:31:26.033+0000] {processor.py:157} INFO - Started process (PID=1960) to work on /home/airflow/.local/lib/python3.7/site-packages/airflow/example_dags/tutorial_dag.py
[2024-03-30T06:31:26.034+0000] {processor.py:826} INFO - Processing file /home/airflow/.local/lib/python3.7/site-packages/airflow/example_dags/tutorial_dag.py for tasks to queue
[2024-03-30T06:31:26.034+0000] {logging_mixin.py:149} INFO - [2024-03-30T06:31:26.034+0000] {dagbag.py:541} INFO - Filling up the DagBag from /home/airflow/.local/lib/python3.7/site-packages/airflow/example_dags/tutorial_dag.py
[2024-03-30T06:31:26.038+0000] {processor.py:836} INFO - DAG(s) dict_keys(['tutorial_dag']) retrieved from /home/airflow/.local/lib/python3.7/site-packages/airflow/example_dags/tutorial_dag.py
[2024-03-30T06:31:26.084+0000] {logging_mixin.py:149} INFO - [2024-03-30T06:31:26.083+0000] {dag.py:2726} INFO - Sync 1 DAGs
[2024-03-30T06:31:26.122+0000] {logging_mixin.py:149} INFO - [2024-03-30T06:31:26.122+0000] {dag.py:3490} INFO - Setting next_dagrun for tutorial_dag to None, run_after=None
[2024-03-30T06:31:26.157+0000] {processor.py:179} INFO - Processing /home/airflow/.local/lib/python3.7/site-packages/airflow/example_dags/tutorial_dag.py took 0.127 seconds
[2024-03-30T08:20:58.339+0000] {processor.py:157} INFO - Started process (PID=68) to work on /home/airflow/.local/lib/python3.7/site-packages/airflow/example_dags/tutorial_dag.py
[2024-03-30T08:20:58.340+0000] {processor.py:826} INFO - Processing file /home/airflow/.local/lib/python3.7/site-packages/airflow/example_dags/tutorial_dag.py for tasks to queue
[2024-03-30T08:20:58.340+0000] {logging_mixin.py:149} INFO - [2024-03-30T08:20:58.340+0000] {dagbag.py:541} INFO - Filling up the DagBag from /home/airflow/.local/lib/python3.7/site-packages/airflow/example_dags/tutorial_dag.py
[2024-03-30T08:20:58.350+0000] {processor.py:836} INFO - DAG(s) dict_keys(['tutorial_dag']) retrieved from /home/airflow/.local/lib/python3.7/site-packages/airflow/example_dags/tutorial_dag.py
[2024-03-30T08:20:58.403+0000] {logging_mixin.py:149} INFO - [2024-03-30T08:20:58.403+0000] {dag.py:2726} INFO - Sync 1 DAGs
[2024-03-30T08:20:58.448+0000] {logging_mixin.py:149} INFO - [2024-03-30T08:20:58.447+0000] {dag.py:3490} INFO - Setting next_dagrun for tutorial_dag to None, run_after=None
[2024-03-30T08:20:58.496+0000] {processor.py:179} INFO - Processing /home/airflow/.local/lib/python3.7/site-packages/airflow/example_dags/tutorial_dag.py took 0.159 seconds
[2024-03-30T08:21:28.998+0000] {processor.py:157} INFO - Started process (PID=129) to work on /home/airflow/.local/lib/python3.7/site-packages/airflow/example_dags/tutorial_dag.py
[2024-03-30T08:21:28.999+0000] {processor.py:826} INFO - Processing file /home/airflow/.local/lib/python3.7/site-packages/airflow/example_dags/tutorial_dag.py for tasks to queue
[2024-03-30T08:21:29.000+0000] {logging_mixin.py:149} INFO - [2024-03-30T08:21:29.000+0000] {dagbag.py:541} INFO - Filling up the DagBag from /home/airflow/.local/lib/python3.7/site-packages/airflow/example_dags/tutorial_dag.py
[2024-03-30T08:21:29.004+0000] {processor.py:836} INFO - DAG(s) dict_keys(['tutorial_dag']) retrieved from /home/airflow/.local/lib/python3.7/site-packages/airflow/example_dags/tutorial_dag.py
[2024-03-30T08:21:29.045+0000] {logging_mixin.py:149} INFO - [2024-03-30T08:21:29.045+0000] {dag.py:2726} INFO - Sync 1 DAGs
[2024-03-30T08:21:29.070+0000] {logging_mixin.py:149} INFO - [2024-03-30T08:21:29.070+0000] {dag.py:3490} INFO - Setting next_dagrun for tutorial_dag to None, run_after=None
[2024-03-30T08:21:29.109+0000] {processor.py:179} INFO - Processing /home/airflow/.local/lib/python3.7/site-packages/airflow/example_dags/tutorial_dag.py took 0.114 seconds
[2024-03-30T08:21:59.893+0000] {processor.py:157} INFO - Started process (PID=190) to work on /home/airflow/.local/lib/python3.7/site-packages/airflow/example_dags/tutorial_dag.py
[2024-03-30T08:21:59.894+0000] {processor.py:826} INFO - Processing file /home/airflow/.local/lib/python3.7/site-packages/airflow/example_dags/tutorial_dag.py for tasks to queue
[2024-03-30T08:21:59.896+0000] {logging_mixin.py:149} INFO - [2024-03-30T08:21:59.895+0000] {dagbag.py:541} INFO - Filling up the DagBag from /home/airflow/.local/lib/python3.7/site-packages/airflow/example_dags/tutorial_dag.py
[2024-03-30T08:21:59.900+0000] {processor.py:836} INFO - DAG(s) dict_keys(['tutorial_dag']) retrieved from /home/airflow/.local/lib/python3.7/site-packages/airflow/example_dags/tutorial_dag.py
[2024-03-30T08:21:59.945+0000] {logging_mixin.py:149} INFO - [2024-03-30T08:21:59.945+0000] {dag.py:2726} INFO - Sync 1 DAGs
[2024-03-30T08:22:00.096+0000] {logging_mixin.py:149} INFO - [2024-03-30T08:22:00.096+0000] {dag.py:3490} INFO - Setting next_dagrun for tutorial_dag to None, run_after=None
[2024-03-30T08:22:00.140+0000] {processor.py:179} INFO - Processing /home/airflow/.local/lib/python3.7/site-packages/airflow/example_dags/tutorial_dag.py took 0.249 seconds
[2024-03-30T08:22:30.226+0000] {processor.py:157} INFO - Started process (PID=251) to work on /home/airflow/.local/lib/python3.7/site-packages/airflow/example_dags/tutorial_dag.py
[2024-03-30T08:22:30.228+0000] {processor.py:826} INFO - Processing file /home/airflow/.local/lib/python3.7/site-packages/airflow/example_dags/tutorial_dag.py for tasks to queue
[2024-03-30T08:22:30.229+0000] {logging_mixin.py:149} INFO - [2024-03-30T08:22:30.229+0000] {dagbag.py:541} INFO - Filling up the DagBag from /home/airflow/.local/lib/python3.7/site-packages/airflow/example_dags/tutorial_dag.py
[2024-03-30T08:22:30.235+0000] {processor.py:836} INFO - DAG(s) dict_keys(['tutorial_dag']) retrieved from /home/airflow/.local/lib/python3.7/site-packages/airflow/example_dags/tutorial_dag.py
[2024-03-30T08:22:30.279+0000] {logging_mixin.py:149} INFO - [2024-03-30T08:22:30.279+0000] {dag.py:2726} INFO - Sync 1 DAGs
[2024-03-30T08:22:30.305+0000] {logging_mixin.py:149} INFO - [2024-03-30T08:22:30.305+0000] {dag.py:3490} INFO - Setting next_dagrun for tutorial_dag to None, run_after=None
[2024-03-30T08:22:30.349+0000] {processor.py:179} INFO - Processing /home/airflow/.local/lib/python3.7/site-packages/airflow/example_dags/tutorial_dag.py took 0.126 seconds
[2024-03-30T08:23:00.468+0000] {processor.py:157} INFO - Started process (PID=312) to work on /home/airflow/.local/lib/python3.7/site-packages/airflow/example_dags/tutorial_dag.py
[2024-03-30T08:23:00.470+0000] {processor.py:826} INFO - Processing file /home/airflow/.local/lib/python3.7/site-packages/airflow/example_dags/tutorial_dag.py for tasks to queue
[2024-03-30T08:23:00.470+0000] {logging_mixin.py:149} INFO - [2024-03-30T08:23:00.470+0000] {dagbag.py:541} INFO - Filling up the DagBag from /home/airflow/.local/lib/python3.7/site-packages/airflow/example_dags/tutorial_dag.py
[2024-03-30T08:23:00.477+0000] {processor.py:836} INFO - DAG(s) dict_keys(['tutorial_dag']) retrieved from /home/airflow/.local/lib/python3.7/site-packages/airflow/example_dags/tutorial_dag.py
[2024-03-30T08:23:00.525+0000] {logging_mixin.py:149} INFO - [2024-03-30T08:23:00.525+0000] {dag.py:2726} INFO - Sync 1 DAGs
[2024-03-30T08:23:00.559+0000] {logging_mixin.py:149} INFO - [2024-03-30T08:23:00.558+0000] {dag.py:3490} INFO - Setting next_dagrun for tutorial_dag to None, run_after=None
[2024-03-30T08:23:00.613+0000] {processor.py:179} INFO - Processing /home/airflow/.local/lib/python3.7/site-packages/airflow/example_dags/tutorial_dag.py took 0.150 seconds
[2024-03-30T08:23:31.331+0000] {processor.py:157} INFO - Started process (PID=373) to work on /home/airflow/.local/lib/python3.7/site-packages/airflow/example_dags/tutorial_dag.py
[2024-03-30T08:23:31.332+0000] {processor.py:826} INFO - Processing file /home/airflow/.local/lib/python3.7/site-packages/airflow/example_dags/tutorial_dag.py for tasks to queue
[2024-03-30T08:23:31.332+0000] {logging_mixin.py:149} INFO - [2024-03-30T08:23:31.332+0000] {dagbag.py:541} INFO - Filling up the DagBag from /home/airflow/.local/lib/python3.7/site-packages/airflow/example_dags/tutorial_dag.py
[2024-03-30T08:23:31.337+0000] {processor.py:836} INFO - DAG(s) dict_keys(['tutorial_dag']) retrieved from /home/airflow/.local/lib/python3.7/site-packages/airflow/example_dags/tutorial_dag.py
[2024-03-30T08:23:31.382+0000] {logging_mixin.py:149} INFO - [2024-03-30T08:23:31.381+0000] {dag.py:2726} INFO - Sync 1 DAGs
[2024-03-30T08:23:31.409+0000] {logging_mixin.py:149} INFO - [2024-03-30T08:23:31.409+0000] {dag.py:3490} INFO - Setting next_dagrun for tutorial_dag to None, run_after=None
[2024-03-30T08:23:31.451+0000] {processor.py:179} INFO - Processing /home/airflow/.local/lib/python3.7/site-packages/airflow/example_dags/tutorial_dag.py took 0.123 seconds
[2024-03-30T08:24:02.174+0000] {processor.py:157} INFO - Started process (PID=433) to work on /home/airflow/.local/lib/python3.7/site-packages/airflow/example_dags/tutorial_dag.py
[2024-03-30T08:24:02.176+0000] {processor.py:826} INFO - Processing file /home/airflow/.local/lib/python3.7/site-packages/airflow/example_dags/tutorial_dag.py for tasks to queue
[2024-03-30T08:24:02.177+0000] {logging_mixin.py:149} INFO - [2024-03-30T08:24:02.177+0000] {dagbag.py:541} INFO - Filling up the DagBag from /home/airflow/.local/lib/python3.7/site-packages/airflow/example_dags/tutorial_dag.py
[2024-03-30T08:24:02.183+0000] {processor.py:836} INFO - DAG(s) dict_keys(['tutorial_dag']) retrieved from /home/airflow/.local/lib/python3.7/site-packages/airflow/example_dags/tutorial_dag.py
[2024-03-30T08:24:02.238+0000] {logging_mixin.py:149} INFO - [2024-03-30T08:24:02.237+0000] {dag.py:2726} INFO - Sync 1 DAGs
[2024-03-30T08:24:02.272+0000] {logging_mixin.py:149} INFO - [2024-03-30T08:24:02.272+0000] {dag.py:3490} INFO - Setting next_dagrun for tutorial_dag to None, run_after=None
[2024-03-30T08:24:02.319+0000] {processor.py:179} INFO - Processing /home/airflow/.local/lib/python3.7/site-packages/airflow/example_dags/tutorial_dag.py took 0.149 seconds
[2024-03-30T08:24:32.846+0000] {processor.py:157} INFO - Started process (PID=494) to work on /home/airflow/.local/lib/python3.7/site-packages/airflow/example_dags/tutorial_dag.py
[2024-03-30T08:24:32.847+0000] {processor.py:826} INFO - Processing file /home/airflow/.local/lib/python3.7/site-packages/airflow/example_dags/tutorial_dag.py for tasks to queue
[2024-03-30T08:24:32.848+0000] {logging_mixin.py:149} INFO - [2024-03-30T08:24:32.848+0000] {dagbag.py:541} INFO - Filling up the DagBag from /home/airflow/.local/lib/python3.7/site-packages/airflow/example_dags/tutorial_dag.py
[2024-03-30T08:24:32.855+0000] {processor.py:836} INFO - DAG(s) dict_keys(['tutorial_dag']) retrieved from /home/airflow/.local/lib/python3.7/site-packages/airflow/example_dags/tutorial_dag.py
[2024-03-30T08:24:32.900+0000] {logging_mixin.py:149} INFO - [2024-03-30T08:24:32.900+0000] {dag.py:2726} INFO - Sync 1 DAGs
[2024-03-30T08:24:32.933+0000] {logging_mixin.py:149} INFO - [2024-03-30T08:24:32.933+0000] {dag.py:3490} INFO - Setting next_dagrun for tutorial_dag to None, run_after=None
[2024-03-30T08:24:32.979+0000] {processor.py:179} INFO - Processing /home/airflow/.local/lib/python3.7/site-packages/airflow/example_dags/tutorial_dag.py took 0.137 seconds
[2024-03-30T08:25:03.863+0000] {processor.py:157} INFO - Started process (PID=555) to work on /home/airflow/.local/lib/python3.7/site-packages/airflow/example_dags/tutorial_dag.py
[2024-03-30T08:25:03.864+0000] {processor.py:826} INFO - Processing file /home/airflow/.local/lib/python3.7/site-packages/airflow/example_dags/tutorial_dag.py for tasks to queue
[2024-03-30T08:25:03.865+0000] {logging_mixin.py:149} INFO - [2024-03-30T08:25:03.865+0000] {dagbag.py:541} INFO - Filling up the DagBag from /home/airflow/.local/lib/python3.7/site-packages/airflow/example_dags/tutorial_dag.py
[2024-03-30T08:25:03.869+0000] {processor.py:836} INFO - DAG(s) dict_keys(['tutorial_dag']) retrieved from /home/airflow/.local/lib/python3.7/site-packages/airflow/example_dags/tutorial_dag.py
[2024-03-30T08:25:03.918+0000] {logging_mixin.py:149} INFO - [2024-03-30T08:25:03.918+0000] {dag.py:2726} INFO - Sync 1 DAGs
[2024-03-30T08:25:03.955+0000] {logging_mixin.py:149} INFO - [2024-03-30T08:25:03.955+0000] {dag.py:3490} INFO - Setting next_dagrun for tutorial_dag to None, run_after=None
[2024-03-30T08:25:04.005+0000] {processor.py:179} INFO - Processing /home/airflow/.local/lib/python3.7/site-packages/airflow/example_dags/tutorial_dag.py took 0.144 seconds
[2024-03-30T08:25:34.269+0000] {processor.py:157} INFO - Started process (PID=616) to work on /home/airflow/.local/lib/python3.7/site-packages/airflow/example_dags/tutorial_dag.py
[2024-03-30T08:25:34.270+0000] {processor.py:826} INFO - Processing file /home/airflow/.local/lib/python3.7/site-packages/airflow/example_dags/tutorial_dag.py for tasks to queue
[2024-03-30T08:25:34.271+0000] {logging_mixin.py:149} INFO - [2024-03-30T08:25:34.271+0000] {dagbag.py:541} INFO - Filling up the DagBag from /home/airflow/.local/lib/python3.7/site-packages/airflow/example_dags/tutorial_dag.py
[2024-03-30T08:25:34.277+0000] {processor.py:836} INFO - DAG(s) dict_keys(['tutorial_dag']) retrieved from /home/airflow/.local/lib/python3.7/site-packages/airflow/example_dags/tutorial_dag.py
[2024-03-30T08:25:34.330+0000] {logging_mixin.py:149} INFO - [2024-03-30T08:25:34.330+0000] {dag.py:2726} INFO - Sync 1 DAGs
[2024-03-30T08:25:34.358+0000] {logging_mixin.py:149} INFO - [2024-03-30T08:25:34.358+0000] {dag.py:3490} INFO - Setting next_dagrun for tutorial_dag to None, run_after=None
[2024-03-30T08:25:34.398+0000] {processor.py:179} INFO - Processing /home/airflow/.local/lib/python3.7/site-packages/airflow/example_dags/tutorial_dag.py took 0.132 seconds
[2024-03-30T08:26:04.684+0000] {processor.py:157} INFO - Started process (PID=678) to work on /home/airflow/.local/lib/python3.7/site-packages/airflow/example_dags/tutorial_dag.py
[2024-03-30T08:26:04.686+0000] {processor.py:826} INFO - Processing file /home/airflow/.local/lib/python3.7/site-packages/airflow/example_dags/tutorial_dag.py for tasks to queue
[2024-03-30T08:26:04.687+0000] {logging_mixin.py:149} INFO - [2024-03-30T08:26:04.687+0000] {dagbag.py:541} INFO - Filling up the DagBag from /home/airflow/.local/lib/python3.7/site-packages/airflow/example_dags/tutorial_dag.py
[2024-03-30T08:26:04.694+0000] {processor.py:836} INFO - DAG(s) dict_keys(['tutorial_dag']) retrieved from /home/airflow/.local/lib/python3.7/site-packages/airflow/example_dags/tutorial_dag.py
[2024-03-30T08:26:04.749+0000] {logging_mixin.py:149} INFO - [2024-03-30T08:26:04.748+0000] {dag.py:2726} INFO - Sync 1 DAGs
[2024-03-30T08:26:04.788+0000] {logging_mixin.py:149} INFO - [2024-03-30T08:26:04.788+0000] {dag.py:3490} INFO - Setting next_dagrun for tutorial_dag to None, run_after=None
[2024-03-30T08:26:04.834+0000] {processor.py:179} INFO - Processing /home/airflow/.local/lib/python3.7/site-packages/airflow/example_dags/tutorial_dag.py took 0.156 seconds
[2024-03-30T08:26:35.026+0000] {processor.py:157} INFO - Started process (PID=739) to work on /home/airflow/.local/lib/python3.7/site-packages/airflow/example_dags/tutorial_dag.py
[2024-03-30T08:26:35.027+0000] {processor.py:826} INFO - Processing file /home/airflow/.local/lib/python3.7/site-packages/airflow/example_dags/tutorial_dag.py for tasks to queue
[2024-03-30T08:26:35.027+0000] {logging_mixin.py:149} INFO - [2024-03-30T08:26:35.027+0000] {dagbag.py:541} INFO - Filling up the DagBag from /home/airflow/.local/lib/python3.7/site-packages/airflow/example_dags/tutorial_dag.py
[2024-03-30T08:26:35.032+0000] {processor.py:836} INFO - DAG(s) dict_keys(['tutorial_dag']) retrieved from /home/airflow/.local/lib/python3.7/site-packages/airflow/example_dags/tutorial_dag.py
[2024-03-30T08:26:35.076+0000] {logging_mixin.py:149} INFO - [2024-03-30T08:26:35.076+0000] {dag.py:2726} INFO - Sync 1 DAGs
[2024-03-30T08:26:35.108+0000] {logging_mixin.py:149} INFO - [2024-03-30T08:26:35.107+0000] {dag.py:3490} INFO - Setting next_dagrun for tutorial_dag to None, run_after=None
[2024-03-30T08:26:35.158+0000] {processor.py:179} INFO - Processing /home/airflow/.local/lib/python3.7/site-packages/airflow/example_dags/tutorial_dag.py took 0.135 seconds
[2024-03-30T08:27:06.016+0000] {processor.py:157} INFO - Started process (PID=800) to work on /home/airflow/.local/lib/python3.7/site-packages/airflow/example_dags/tutorial_dag.py
[2024-03-30T08:27:06.017+0000] {processor.py:826} INFO - Processing file /home/airflow/.local/lib/python3.7/site-packages/airflow/example_dags/tutorial_dag.py for tasks to queue
[2024-03-30T08:27:06.017+0000] {logging_mixin.py:149} INFO - [2024-03-30T08:27:06.017+0000] {dagbag.py:541} INFO - Filling up the DagBag from /home/airflow/.local/lib/python3.7/site-packages/airflow/example_dags/tutorial_dag.py
[2024-03-30T08:27:06.022+0000] {processor.py:836} INFO - DAG(s) dict_keys(['tutorial_dag']) retrieved from /home/airflow/.local/lib/python3.7/site-packages/airflow/example_dags/tutorial_dag.py
[2024-03-30T08:27:06.063+0000] {logging_mixin.py:149} INFO - [2024-03-30T08:27:06.063+0000] {dag.py:2726} INFO - Sync 1 DAGs
[2024-03-30T08:27:06.087+0000] {logging_mixin.py:149} INFO - [2024-03-30T08:27:06.087+0000] {dag.py:3490} INFO - Setting next_dagrun for tutorial_dag to None, run_after=None
[2024-03-30T08:27:06.127+0000] {processor.py:179} INFO - Processing /home/airflow/.local/lib/python3.7/site-packages/airflow/example_dags/tutorial_dag.py took 0.114 seconds
[2024-03-30T08:27:36.644+0000] {processor.py:157} INFO - Started process (PID=860) to work on /home/airflow/.local/lib/python3.7/site-packages/airflow/example_dags/tutorial_dag.py
[2024-03-30T08:27:36.645+0000] {processor.py:826} INFO - Processing file /home/airflow/.local/lib/python3.7/site-packages/airflow/example_dags/tutorial_dag.py for tasks to queue
[2024-03-30T08:27:36.647+0000] {logging_mixin.py:149} INFO - [2024-03-30T08:27:36.646+0000] {dagbag.py:541} INFO - Filling up the DagBag from /home/airflow/.local/lib/python3.7/site-packages/airflow/example_dags/tutorial_dag.py
[2024-03-30T08:27:36.655+0000] {processor.py:836} INFO - DAG(s) dict_keys(['tutorial_dag']) retrieved from /home/airflow/.local/lib/python3.7/site-packages/airflow/example_dags/tutorial_dag.py
[2024-03-30T08:27:36.710+0000] {logging_mixin.py:149} INFO - [2024-03-30T08:27:36.710+0000] {dag.py:2726} INFO - Sync 1 DAGs
[2024-03-30T08:27:36.744+0000] {logging_mixin.py:149} INFO - [2024-03-30T08:27:36.744+0000] {dag.py:3490} INFO - Setting next_dagrun for tutorial_dag to None, run_after=None
[2024-03-30T08:27:36.796+0000] {processor.py:179} INFO - Processing /home/airflow/.local/lib/python3.7/site-packages/airflow/example_dags/tutorial_dag.py took 0.160 seconds
[2024-03-30T08:28:07.282+0000] {processor.py:157} INFO - Started process (PID=921) to work on /home/airflow/.local/lib/python3.7/site-packages/airflow/example_dags/tutorial_dag.py
[2024-03-30T08:28:07.283+0000] {processor.py:826} INFO - Processing file /home/airflow/.local/lib/python3.7/site-packages/airflow/example_dags/tutorial_dag.py for tasks to queue
[2024-03-30T08:28:07.284+0000] {logging_mixin.py:149} INFO - [2024-03-30T08:28:07.283+0000] {dagbag.py:541} INFO - Filling up the DagBag from /home/airflow/.local/lib/python3.7/site-packages/airflow/example_dags/tutorial_dag.py
[2024-03-30T08:28:07.289+0000] {processor.py:836} INFO - DAG(s) dict_keys(['tutorial_dag']) retrieved from /home/airflow/.local/lib/python3.7/site-packages/airflow/example_dags/tutorial_dag.py
[2024-03-30T08:28:07.341+0000] {logging_mixin.py:149} INFO - [2024-03-30T08:28:07.341+0000] {dag.py:2726} INFO - Sync 1 DAGs
[2024-03-30T08:28:07.372+0000] {logging_mixin.py:149} INFO - [2024-03-30T08:28:07.372+0000] {dag.py:3490} INFO - Setting next_dagrun for tutorial_dag to None, run_after=None
[2024-03-30T08:28:07.423+0000] {processor.py:179} INFO - Processing /home/airflow/.local/lib/python3.7/site-packages/airflow/example_dags/tutorial_dag.py took 0.145 seconds
[2024-03-30T08:28:37.573+0000] {processor.py:157} INFO - Started process (PID=982) to work on /home/airflow/.local/lib/python3.7/site-packages/airflow/example_dags/tutorial_dag.py
[2024-03-30T08:28:37.574+0000] {processor.py:826} INFO - Processing file /home/airflow/.local/lib/python3.7/site-packages/airflow/example_dags/tutorial_dag.py for tasks to queue
[2024-03-30T08:28:37.575+0000] {logging_mixin.py:149} INFO - [2024-03-30T08:28:37.574+0000] {dagbag.py:541} INFO - Filling up the DagBag from /home/airflow/.local/lib/python3.7/site-packages/airflow/example_dags/tutorial_dag.py
[2024-03-30T08:28:37.580+0000] {processor.py:836} INFO - DAG(s) dict_keys(['tutorial_dag']) retrieved from /home/airflow/.local/lib/python3.7/site-packages/airflow/example_dags/tutorial_dag.py
[2024-03-30T08:28:37.625+0000] {logging_mixin.py:149} INFO - [2024-03-30T08:28:37.625+0000] {dag.py:2726} INFO - Sync 1 DAGs
[2024-03-30T08:28:37.656+0000] {logging_mixin.py:149} INFO - [2024-03-30T08:28:37.655+0000] {dag.py:3490} INFO - Setting next_dagrun for tutorial_dag to None, run_after=None
[2024-03-30T08:28:37.697+0000] {processor.py:179} INFO - Processing /home/airflow/.local/lib/python3.7/site-packages/airflow/example_dags/tutorial_dag.py took 0.128 seconds
