[2024-03-30T06:15:35.440+0000] {processor.py:157} INFO - Started process (PID=63) to work on /home/airflow/.local/lib/python3.7/site-packages/airflow/example_dags/tutorial.py
[2024-03-30T06:15:35.440+0000] {processor.py:826} INFO - Processing file /home/airflow/.local/lib/python3.7/site-packages/airflow/example_dags/tutorial.py for tasks to queue
[2024-03-30T06:15:35.441+0000] {logging_mixin.py:149} INFO - [2024-03-30T06:15:35.441+0000] {dagbag.py:541} INFO - Filling up the DagBag from /home/airflow/.local/lib/python3.7/site-packages/airflow/example_dags/tutorial.py
[2024-03-30T06:15:35.450+0000] {processor.py:836} INFO - DAG(s) dict_keys(['tutorial']) retrieved from /home/airflow/.local/lib/python3.7/site-packages/airflow/example_dags/tutorial.py
[2024-03-30T06:15:35.478+0000] {logging_mixin.py:149} INFO - [2024-03-30T06:15:35.478+0000] {dag.py:2726} INFO - Sync 1 DAGs
[2024-03-30T06:15:35.503+0000] {logging_mixin.py:149} INFO - [2024-03-30T06:15:35.503+0000] {dag.py:3490} INFO - Setting next_dagrun for tutorial to 2024-03-29T06:15:35.503078+00:00, run_after=2024-03-30T06:15:35.503078+00:00
[2024-03-30T06:15:35.539+0000] {processor.py:179} INFO - Processing /home/airflow/.local/lib/python3.7/site-packages/airflow/example_dags/tutorial.py took 0.102 seconds
[2024-03-30T06:16:05.784+0000] {processor.py:157} INFO - Started process (PID=122) to work on /home/airflow/.local/lib/python3.7/site-packages/airflow/example_dags/tutorial.py
[2024-03-30T06:16:05.784+0000] {processor.py:826} INFO - Processing file /home/airflow/.local/lib/python3.7/site-packages/airflow/example_dags/tutorial.py for tasks to queue
[2024-03-30T06:16:05.785+0000] {logging_mixin.py:149} INFO - [2024-03-30T06:16:05.785+0000] {dagbag.py:541} INFO - Filling up the DagBag from /home/airflow/.local/lib/python3.7/site-packages/airflow/example_dags/tutorial.py
[2024-03-30T06:16:05.791+0000] {processor.py:836} INFO - DAG(s) dict_keys(['tutorial']) retrieved from /home/airflow/.local/lib/python3.7/site-packages/airflow/example_dags/tutorial.py
[2024-03-30T06:16:05.826+0000] {logging_mixin.py:149} INFO - [2024-03-30T06:16:05.826+0000] {dag.py:2726} INFO - Sync 1 DAGs
[2024-03-30T06:16:05.851+0000] {logging_mixin.py:149} INFO - [2024-03-30T06:16:05.851+0000] {dag.py:3490} INFO - Setting next_dagrun for tutorial to 2024-03-29T06:16:05.851501+00:00, run_after=2024-03-30T06:16:05.851501+00:00
[2024-03-30T06:16:05.885+0000] {processor.py:179} INFO - Processing /home/airflow/.local/lib/python3.7/site-packages/airflow/example_dags/tutorial.py took 0.105 seconds
[2024-03-30T06:16:36.641+0000] {processor.py:157} INFO - Started process (PID=182) to work on /home/airflow/.local/lib/python3.7/site-packages/airflow/example_dags/tutorial.py
[2024-03-30T06:16:36.642+0000] {processor.py:826} INFO - Processing file /home/airflow/.local/lib/python3.7/site-packages/airflow/example_dags/tutorial.py for tasks to queue
[2024-03-30T06:16:36.643+0000] {logging_mixin.py:149} INFO - [2024-03-30T06:16:36.643+0000] {dagbag.py:541} INFO - Filling up the DagBag from /home/airflow/.local/lib/python3.7/site-packages/airflow/example_dags/tutorial.py
[2024-03-30T06:16:36.649+0000] {processor.py:836} INFO - DAG(s) dict_keys(['tutorial']) retrieved from /home/airflow/.local/lib/python3.7/site-packages/airflow/example_dags/tutorial.py
[2024-03-30T06:16:36.687+0000] {logging_mixin.py:149} INFO - [2024-03-30T06:16:36.686+0000] {dag.py:2726} INFO - Sync 1 DAGs
[2024-03-30T06:16:36.714+0000] {logging_mixin.py:149} INFO - [2024-03-30T06:16:36.714+0000] {dag.py:3490} INFO - Setting next_dagrun for tutorial to 2024-03-29T06:16:36.713990+00:00, run_after=2024-03-30T06:16:36.713990+00:00
[2024-03-30T06:16:36.752+0000] {processor.py:179} INFO - Processing /home/airflow/.local/lib/python3.7/site-packages/airflow/example_dags/tutorial.py took 0.114 seconds
[2024-03-30T06:17:06.959+0000] {processor.py:157} INFO - Started process (PID=242) to work on /home/airflow/.local/lib/python3.7/site-packages/airflow/example_dags/tutorial.py
[2024-03-30T06:17:06.960+0000] {processor.py:826} INFO - Processing file /home/airflow/.local/lib/python3.7/site-packages/airflow/example_dags/tutorial.py for tasks to queue
[2024-03-30T06:17:06.961+0000] {logging_mixin.py:149} INFO - [2024-03-30T06:17:06.961+0000] {dagbag.py:541} INFO - Filling up the DagBag from /home/airflow/.local/lib/python3.7/site-packages/airflow/example_dags/tutorial.py
[2024-03-30T06:17:06.966+0000] {processor.py:836} INFO - DAG(s) dict_keys(['tutorial']) retrieved from /home/airflow/.local/lib/python3.7/site-packages/airflow/example_dags/tutorial.py
[2024-03-30T06:17:07.002+0000] {logging_mixin.py:149} INFO - [2024-03-30T06:17:07.002+0000] {dag.py:2726} INFO - Sync 1 DAGs
[2024-03-30T06:17:07.029+0000] {logging_mixin.py:149} INFO - [2024-03-30T06:17:07.029+0000] {dag.py:3490} INFO - Setting next_dagrun for tutorial to 2024-03-29T06:17:07.029058+00:00, run_after=2024-03-30T06:17:07.029058+00:00
[2024-03-30T06:17:07.066+0000] {processor.py:179} INFO - Processing /home/airflow/.local/lib/python3.7/site-packages/airflow/example_dags/tutorial.py took 0.110 seconds
[2024-03-30T06:17:37.210+0000] {processor.py:157} INFO - Started process (PID=302) to work on /home/airflow/.local/lib/python3.7/site-packages/airflow/example_dags/tutorial.py
[2024-03-30T06:17:37.211+0000] {processor.py:826} INFO - Processing file /home/airflow/.local/lib/python3.7/site-packages/airflow/example_dags/tutorial.py for tasks to queue
[2024-03-30T06:17:37.212+0000] {logging_mixin.py:149} INFO - [2024-03-30T06:17:37.212+0000] {dagbag.py:541} INFO - Filling up the DagBag from /home/airflow/.local/lib/python3.7/site-packages/airflow/example_dags/tutorial.py
[2024-03-30T06:17:37.217+0000] {processor.py:836} INFO - DAG(s) dict_keys(['tutorial']) retrieved from /home/airflow/.local/lib/python3.7/site-packages/airflow/example_dags/tutorial.py
[2024-03-30T06:17:37.253+0000] {logging_mixin.py:149} INFO - [2024-03-30T06:17:37.253+0000] {dag.py:2726} INFO - Sync 1 DAGs
[2024-03-30T06:17:37.280+0000] {logging_mixin.py:149} INFO - [2024-03-30T06:17:37.280+0000] {dag.py:3490} INFO - Setting next_dagrun for tutorial to 2024-03-29T06:17:37.280505+00:00, run_after=2024-03-30T06:17:37.280505+00:00
[2024-03-30T06:17:37.314+0000] {processor.py:179} INFO - Processing /home/airflow/.local/lib/python3.7/site-packages/airflow/example_dags/tutorial.py took 0.107 seconds
[2024-03-30T06:18:07.547+0000] {processor.py:157} INFO - Started process (PID=362) to work on /home/airflow/.local/lib/python3.7/site-packages/airflow/example_dags/tutorial.py
[2024-03-30T06:18:07.548+0000] {processor.py:826} INFO - Processing file /home/airflow/.local/lib/python3.7/site-packages/airflow/example_dags/tutorial.py for tasks to queue
[2024-03-30T06:18:07.548+0000] {logging_mixin.py:149} INFO - [2024-03-30T06:18:07.548+0000] {dagbag.py:541} INFO - Filling up the DagBag from /home/airflow/.local/lib/python3.7/site-packages/airflow/example_dags/tutorial.py
[2024-03-30T06:18:07.555+0000] {processor.py:836} INFO - DAG(s) dict_keys(['tutorial']) retrieved from /home/airflow/.local/lib/python3.7/site-packages/airflow/example_dags/tutorial.py
[2024-03-30T06:18:07.594+0000] {logging_mixin.py:149} INFO - [2024-03-30T06:18:07.594+0000] {dag.py:2726} INFO - Sync 1 DAGs
[2024-03-30T06:18:07.624+0000] {logging_mixin.py:149} INFO - [2024-03-30T06:18:07.624+0000] {dag.py:3490} INFO - Setting next_dagrun for tutorial to 2024-03-29T06:18:07.624319+00:00, run_after=2024-03-30T06:18:07.624319+00:00
[2024-03-30T06:18:07.658+0000] {processor.py:179} INFO - Processing /home/airflow/.local/lib/python3.7/site-packages/airflow/example_dags/tutorial.py took 0.114 seconds
[2024-03-30T06:18:38.349+0000] {processor.py:157} INFO - Started process (PID=423) to work on /home/airflow/.local/lib/python3.7/site-packages/airflow/example_dags/tutorial.py
[2024-03-30T06:18:38.350+0000] {processor.py:826} INFO - Processing file /home/airflow/.local/lib/python3.7/site-packages/airflow/example_dags/tutorial.py for tasks to queue
[2024-03-30T06:18:38.351+0000] {logging_mixin.py:149} INFO - [2024-03-30T06:18:38.351+0000] {dagbag.py:541} INFO - Filling up the DagBag from /home/airflow/.local/lib/python3.7/site-packages/airflow/example_dags/tutorial.py
[2024-03-30T06:18:38.358+0000] {processor.py:836} INFO - DAG(s) dict_keys(['tutorial']) retrieved from /home/airflow/.local/lib/python3.7/site-packages/airflow/example_dags/tutorial.py
[2024-03-30T06:18:38.397+0000] {logging_mixin.py:149} INFO - [2024-03-30T06:18:38.397+0000] {dag.py:2726} INFO - Sync 1 DAGs
[2024-03-30T06:18:38.425+0000] {logging_mixin.py:149} INFO - [2024-03-30T06:18:38.425+0000] {dag.py:3490} INFO - Setting next_dagrun for tutorial to 2024-03-29T06:18:38.425223+00:00, run_after=2024-03-30T06:18:38.425223+00:00
[2024-03-30T06:18:38.461+0000] {processor.py:179} INFO - Processing /home/airflow/.local/lib/python3.7/site-packages/airflow/example_dags/tutorial.py took 0.115 seconds
[2024-03-30T06:19:08.556+0000] {processor.py:157} INFO - Started process (PID=483) to work on /home/airflow/.local/lib/python3.7/site-packages/airflow/example_dags/tutorial.py
[2024-03-30T06:19:08.557+0000] {processor.py:826} INFO - Processing file /home/airflow/.local/lib/python3.7/site-packages/airflow/example_dags/tutorial.py for tasks to queue
[2024-03-30T06:19:08.557+0000] {logging_mixin.py:149} INFO - [2024-03-30T06:19:08.557+0000] {dagbag.py:541} INFO - Filling up the DagBag from /home/airflow/.local/lib/python3.7/site-packages/airflow/example_dags/tutorial.py
[2024-03-30T06:19:08.562+0000] {processor.py:836} INFO - DAG(s) dict_keys(['tutorial']) retrieved from /home/airflow/.local/lib/python3.7/site-packages/airflow/example_dags/tutorial.py
[2024-03-30T06:19:08.595+0000] {logging_mixin.py:149} INFO - [2024-03-30T06:19:08.595+0000] {dag.py:2726} INFO - Sync 1 DAGs
[2024-03-30T06:19:08.618+0000] {logging_mixin.py:149} INFO - [2024-03-30T06:19:08.618+0000] {dag.py:3490} INFO - Setting next_dagrun for tutorial to 2024-03-29T06:19:08.618256+00:00, run_after=2024-03-30T06:19:08.618256+00:00
[2024-03-30T06:19:08.649+0000] {processor.py:179} INFO - Processing /home/airflow/.local/lib/python3.7/site-packages/airflow/example_dags/tutorial.py took 0.095 seconds
[2024-03-30T06:19:39.732+0000] {processor.py:157} INFO - Started process (PID=543) to work on /home/airflow/.local/lib/python3.7/site-packages/airflow/example_dags/tutorial.py
[2024-03-30T06:19:39.733+0000] {processor.py:826} INFO - Processing file /home/airflow/.local/lib/python3.7/site-packages/airflow/example_dags/tutorial.py for tasks to queue
[2024-03-30T06:19:39.734+0000] {logging_mixin.py:149} INFO - [2024-03-30T06:19:39.734+0000] {dagbag.py:541} INFO - Filling up the DagBag from /home/airflow/.local/lib/python3.7/site-packages/airflow/example_dags/tutorial.py
[2024-03-30T06:19:39.744+0000] {processor.py:836} INFO - DAG(s) dict_keys(['tutorial']) retrieved from /home/airflow/.local/lib/python3.7/site-packages/airflow/example_dags/tutorial.py
[2024-03-30T06:19:39.784+0000] {logging_mixin.py:149} INFO - [2024-03-30T06:19:39.784+0000] {dag.py:2726} INFO - Sync 1 DAGs
[2024-03-30T06:19:39.815+0000] {logging_mixin.py:149} INFO - [2024-03-30T06:19:39.815+0000] {dag.py:3490} INFO - Setting next_dagrun for tutorial to 2024-03-29T06:19:39.814793+00:00, run_after=2024-03-30T06:19:39.814793+00:00
[2024-03-30T06:19:39.848+0000] {processor.py:179} INFO - Processing /home/airflow/.local/lib/python3.7/site-packages/airflow/example_dags/tutorial.py took 0.120 seconds
[2024-03-30T06:20:10.712+0000] {processor.py:157} INFO - Started process (PID=603) to work on /home/airflow/.local/lib/python3.7/site-packages/airflow/example_dags/tutorial.py
[2024-03-30T06:20:10.713+0000] {processor.py:826} INFO - Processing file /home/airflow/.local/lib/python3.7/site-packages/airflow/example_dags/tutorial.py for tasks to queue
[2024-03-30T06:20:10.713+0000] {logging_mixin.py:149} INFO - [2024-03-30T06:20:10.713+0000] {dagbag.py:541} INFO - Filling up the DagBag from /home/airflow/.local/lib/python3.7/site-packages/airflow/example_dags/tutorial.py
[2024-03-30T06:20:10.719+0000] {processor.py:836} INFO - DAG(s) dict_keys(['tutorial']) retrieved from /home/airflow/.local/lib/python3.7/site-packages/airflow/example_dags/tutorial.py
[2024-03-30T06:20:10.752+0000] {logging_mixin.py:149} INFO - [2024-03-30T06:20:10.752+0000] {dag.py:2726} INFO - Sync 1 DAGs
[2024-03-30T06:20:10.779+0000] {logging_mixin.py:149} INFO - [2024-03-30T06:20:10.779+0000] {dag.py:3490} INFO - Setting next_dagrun for tutorial to 2024-03-29T06:20:10.778862+00:00, run_after=2024-03-30T06:20:10.778862+00:00
[2024-03-30T06:20:10.813+0000] {processor.py:179} INFO - Processing /home/airflow/.local/lib/python3.7/site-packages/airflow/example_dags/tutorial.py took 0.104 seconds
[2024-03-30T06:20:41.378+0000] {processor.py:157} INFO - Started process (PID=665) to work on /home/airflow/.local/lib/python3.7/site-packages/airflow/example_dags/tutorial.py
[2024-03-30T06:20:41.379+0000] {processor.py:826} INFO - Processing file /home/airflow/.local/lib/python3.7/site-packages/airflow/example_dags/tutorial.py for tasks to queue
[2024-03-30T06:20:41.379+0000] {logging_mixin.py:149} INFO - [2024-03-30T06:20:41.379+0000] {dagbag.py:541} INFO - Filling up the DagBag from /home/airflow/.local/lib/python3.7/site-packages/airflow/example_dags/tutorial.py
[2024-03-30T06:20:41.385+0000] {processor.py:836} INFO - DAG(s) dict_keys(['tutorial']) retrieved from /home/airflow/.local/lib/python3.7/site-packages/airflow/example_dags/tutorial.py
[2024-03-30T06:20:41.424+0000] {logging_mixin.py:149} INFO - [2024-03-30T06:20:41.424+0000] {dag.py:2726} INFO - Sync 1 DAGs
[2024-03-30T06:20:41.514+0000] {logging_mixin.py:149} INFO - [2024-03-30T06:20:41.514+0000] {dag.py:3490} INFO - Setting next_dagrun for tutorial to 2024-03-29T06:20:41.513796+00:00, run_after=2024-03-30T06:20:41.513796+00:00
[2024-03-30T06:20:41.555+0000] {processor.py:179} INFO - Processing /home/airflow/.local/lib/python3.7/site-packages/airflow/example_dags/tutorial.py took 0.180 seconds
[2024-03-30T06:21:12.179+0000] {processor.py:157} INFO - Started process (PID=726) to work on /home/airflow/.local/lib/python3.7/site-packages/airflow/example_dags/tutorial.py
[2024-03-30T06:21:12.179+0000] {processor.py:826} INFO - Processing file /home/airflow/.local/lib/python3.7/site-packages/airflow/example_dags/tutorial.py for tasks to queue
[2024-03-30T06:21:12.180+0000] {logging_mixin.py:149} INFO - [2024-03-30T06:21:12.180+0000] {dagbag.py:541} INFO - Filling up the DagBag from /home/airflow/.local/lib/python3.7/site-packages/airflow/example_dags/tutorial.py
[2024-03-30T06:21:12.186+0000] {processor.py:836} INFO - DAG(s) dict_keys(['tutorial']) retrieved from /home/airflow/.local/lib/python3.7/site-packages/airflow/example_dags/tutorial.py
[2024-03-30T06:21:12.220+0000] {logging_mixin.py:149} INFO - [2024-03-30T06:21:12.220+0000] {dag.py:2726} INFO - Sync 1 DAGs
[2024-03-30T06:21:12.246+0000] {logging_mixin.py:149} INFO - [2024-03-30T06:21:12.246+0000] {dag.py:3490} INFO - Setting next_dagrun for tutorial to 2024-03-29T06:21:12.245957+00:00, run_after=2024-03-30T06:21:12.245957+00:00
[2024-03-30T06:21:12.280+0000] {processor.py:179} INFO - Processing /home/airflow/.local/lib/python3.7/site-packages/airflow/example_dags/tutorial.py took 0.104 seconds
[2024-03-30T06:21:43.291+0000] {processor.py:157} INFO - Started process (PID=787) to work on /home/airflow/.local/lib/python3.7/site-packages/airflow/example_dags/tutorial.py
[2024-03-30T06:21:43.292+0000] {processor.py:826} INFO - Processing file /home/airflow/.local/lib/python3.7/site-packages/airflow/example_dags/tutorial.py for tasks to queue
[2024-03-30T06:21:43.293+0000] {logging_mixin.py:149} INFO - [2024-03-30T06:21:43.293+0000] {dagbag.py:541} INFO - Filling up the DagBag from /home/airflow/.local/lib/python3.7/site-packages/airflow/example_dags/tutorial.py
[2024-03-30T06:21:43.299+0000] {processor.py:836} INFO - DAG(s) dict_keys(['tutorial']) retrieved from /home/airflow/.local/lib/python3.7/site-packages/airflow/example_dags/tutorial.py
[2024-03-30T06:21:43.333+0000] {logging_mixin.py:149} INFO - [2024-03-30T06:21:43.333+0000] {dag.py:2726} INFO - Sync 1 DAGs
[2024-03-30T06:21:43.359+0000] {logging_mixin.py:149} INFO - [2024-03-30T06:21:43.359+0000] {dag.py:3490} INFO - Setting next_dagrun for tutorial to 2024-03-29T06:21:43.358824+00:00, run_after=2024-03-30T06:21:43.358824+00:00
[2024-03-30T06:21:43.390+0000] {processor.py:179} INFO - Processing /home/airflow/.local/lib/python3.7/site-packages/airflow/example_dags/tutorial.py took 0.102 seconds
[2024-03-30T06:22:14.121+0000] {processor.py:157} INFO - Started process (PID=848) to work on /home/airflow/.local/lib/python3.7/site-packages/airflow/example_dags/tutorial.py
[2024-03-30T06:22:14.122+0000] {processor.py:826} INFO - Processing file /home/airflow/.local/lib/python3.7/site-packages/airflow/example_dags/tutorial.py for tasks to queue
[2024-03-30T06:22:14.123+0000] {logging_mixin.py:149} INFO - [2024-03-30T06:22:14.123+0000] {dagbag.py:541} INFO - Filling up the DagBag from /home/airflow/.local/lib/python3.7/site-packages/airflow/example_dags/tutorial.py
[2024-03-30T06:22:14.130+0000] {processor.py:836} INFO - DAG(s) dict_keys(['tutorial']) retrieved from /home/airflow/.local/lib/python3.7/site-packages/airflow/example_dags/tutorial.py
[2024-03-30T06:22:14.169+0000] {logging_mixin.py:149} INFO - [2024-03-30T06:22:14.168+0000] {dag.py:2726} INFO - Sync 1 DAGs
[2024-03-30T06:22:14.196+0000] {logging_mixin.py:149} INFO - [2024-03-30T06:22:14.195+0000] {dag.py:3490} INFO - Setting next_dagrun for tutorial to 2024-03-29T06:22:14.195709+00:00, run_after=2024-03-30T06:22:14.195709+00:00
[2024-03-30T06:22:14.229+0000] {processor.py:179} INFO - Processing /home/airflow/.local/lib/python3.7/site-packages/airflow/example_dags/tutorial.py took 0.111 seconds
[2024-03-30T06:22:44.576+0000] {processor.py:157} INFO - Started process (PID=909) to work on /home/airflow/.local/lib/python3.7/site-packages/airflow/example_dags/tutorial.py
[2024-03-30T06:22:44.578+0000] {processor.py:826} INFO - Processing file /home/airflow/.local/lib/python3.7/site-packages/airflow/example_dags/tutorial.py for tasks to queue
[2024-03-30T06:22:44.579+0000] {logging_mixin.py:149} INFO - [2024-03-30T06:22:44.579+0000] {dagbag.py:541} INFO - Filling up the DagBag from /home/airflow/.local/lib/python3.7/site-packages/airflow/example_dags/tutorial.py
[2024-03-30T06:22:44.585+0000] {processor.py:836} INFO - DAG(s) dict_keys(['tutorial']) retrieved from /home/airflow/.local/lib/python3.7/site-packages/airflow/example_dags/tutorial.py
[2024-03-30T06:22:44.623+0000] {logging_mixin.py:149} INFO - [2024-03-30T06:22:44.623+0000] {dag.py:2726} INFO - Sync 1 DAGs
[2024-03-30T06:22:44.650+0000] {logging_mixin.py:149} INFO - [2024-03-30T06:22:44.650+0000] {dag.py:3490} INFO - Setting next_dagrun for tutorial to 2024-03-29T06:22:44.650093+00:00, run_after=2024-03-30T06:22:44.650093+00:00
[2024-03-30T06:22:44.688+0000] {processor.py:179} INFO - Processing /home/airflow/.local/lib/python3.7/site-packages/airflow/example_dags/tutorial.py took 0.114 seconds
[2024-03-30T06:23:14.967+0000] {processor.py:157} INFO - Started process (PID=970) to work on /home/airflow/.local/lib/python3.7/site-packages/airflow/example_dags/tutorial.py
[2024-03-30T06:23:14.968+0000] {processor.py:826} INFO - Processing file /home/airflow/.local/lib/python3.7/site-packages/airflow/example_dags/tutorial.py for tasks to queue
[2024-03-30T06:23:14.969+0000] {logging_mixin.py:149} INFO - [2024-03-30T06:23:14.969+0000] {dagbag.py:541} INFO - Filling up the DagBag from /home/airflow/.local/lib/python3.7/site-packages/airflow/example_dags/tutorial.py
[2024-03-30T06:23:14.975+0000] {processor.py:836} INFO - DAG(s) dict_keys(['tutorial']) retrieved from /home/airflow/.local/lib/python3.7/site-packages/airflow/example_dags/tutorial.py
[2024-03-30T06:23:15.009+0000] {logging_mixin.py:149} INFO - [2024-03-30T06:23:15.009+0000] {dag.py:2726} INFO - Sync 1 DAGs
[2024-03-30T06:23:15.033+0000] {logging_mixin.py:149} INFO - [2024-03-30T06:23:15.033+0000] {dag.py:3490} INFO - Setting next_dagrun for tutorial to 2024-03-29T06:23:15.032836+00:00, run_after=2024-03-30T06:23:15.032836+00:00
[2024-03-30T06:23:15.069+0000] {processor.py:179} INFO - Processing /home/airflow/.local/lib/python3.7/site-packages/airflow/example_dags/tutorial.py took 0.105 seconds
[2024-03-30T06:23:46.306+0000] {processor.py:157} INFO - Started process (PID=1031) to work on /home/airflow/.local/lib/python3.7/site-packages/airflow/example_dags/tutorial.py
[2024-03-30T06:23:46.307+0000] {processor.py:826} INFO - Processing file /home/airflow/.local/lib/python3.7/site-packages/airflow/example_dags/tutorial.py for tasks to queue
[2024-03-30T06:23:46.308+0000] {logging_mixin.py:149} INFO - [2024-03-30T06:23:46.307+0000] {dagbag.py:541} INFO - Filling up the DagBag from /home/airflow/.local/lib/python3.7/site-packages/airflow/example_dags/tutorial.py
[2024-03-30T06:23:46.313+0000] {processor.py:836} INFO - DAG(s) dict_keys(['tutorial']) retrieved from /home/airflow/.local/lib/python3.7/site-packages/airflow/example_dags/tutorial.py
[2024-03-30T06:23:46.348+0000] {logging_mixin.py:149} INFO - [2024-03-30T06:23:46.348+0000] {dag.py:2726} INFO - Sync 1 DAGs
[2024-03-30T06:23:46.372+0000] {logging_mixin.py:149} INFO - [2024-03-30T06:23:46.372+0000] {dag.py:3490} INFO - Setting next_dagrun for tutorial to 2024-03-29T06:23:46.372538+00:00, run_after=2024-03-30T06:23:46.372538+00:00
[2024-03-30T06:23:46.405+0000] {processor.py:179} INFO - Processing /home/airflow/.local/lib/python3.7/site-packages/airflow/example_dags/tutorial.py took 0.102 seconds
[2024-03-30T06:24:16.763+0000] {processor.py:157} INFO - Started process (PID=1092) to work on /home/airflow/.local/lib/python3.7/site-packages/airflow/example_dags/tutorial.py
[2024-03-30T06:24:16.764+0000] {processor.py:826} INFO - Processing file /home/airflow/.local/lib/python3.7/site-packages/airflow/example_dags/tutorial.py for tasks to queue
[2024-03-30T06:24:16.764+0000] {logging_mixin.py:149} INFO - [2024-03-30T06:24:16.764+0000] {dagbag.py:541} INFO - Filling up the DagBag from /home/airflow/.local/lib/python3.7/site-packages/airflow/example_dags/tutorial.py
[2024-03-30T06:24:16.770+0000] {processor.py:836} INFO - DAG(s) dict_keys(['tutorial']) retrieved from /home/airflow/.local/lib/python3.7/site-packages/airflow/example_dags/tutorial.py
[2024-03-30T06:24:16.803+0000] {logging_mixin.py:149} INFO - [2024-03-30T06:24:16.803+0000] {dag.py:2726} INFO - Sync 1 DAGs
[2024-03-30T06:24:16.829+0000] {logging_mixin.py:149} INFO - [2024-03-30T06:24:16.829+0000] {dag.py:3490} INFO - Setting next_dagrun for tutorial to 2024-03-29T06:24:16.829193+00:00, run_after=2024-03-30T06:24:16.829193+00:00
[2024-03-30T06:24:16.867+0000] {processor.py:179} INFO - Processing /home/airflow/.local/lib/python3.7/site-packages/airflow/example_dags/tutorial.py took 0.106 seconds
[2024-03-30T06:24:47.204+0000] {processor.py:157} INFO - Started process (PID=1153) to work on /home/airflow/.local/lib/python3.7/site-packages/airflow/example_dags/tutorial.py
[2024-03-30T06:24:47.205+0000] {processor.py:826} INFO - Processing file /home/airflow/.local/lib/python3.7/site-packages/airflow/example_dags/tutorial.py for tasks to queue
[2024-03-30T06:24:47.206+0000] {logging_mixin.py:149} INFO - [2024-03-30T06:24:47.206+0000] {dagbag.py:541} INFO - Filling up the DagBag from /home/airflow/.local/lib/python3.7/site-packages/airflow/example_dags/tutorial.py
[2024-03-30T06:24:47.211+0000] {processor.py:836} INFO - DAG(s) dict_keys(['tutorial']) retrieved from /home/airflow/.local/lib/python3.7/site-packages/airflow/example_dags/tutorial.py
[2024-03-30T06:24:47.244+0000] {logging_mixin.py:149} INFO - [2024-03-30T06:24:47.244+0000] {dag.py:2726} INFO - Sync 1 DAGs
[2024-03-30T06:24:47.269+0000] {logging_mixin.py:149} INFO - [2024-03-30T06:24:47.269+0000] {dag.py:3490} INFO - Setting next_dagrun for tutorial to 2024-03-29T06:24:47.269162+00:00, run_after=2024-03-30T06:24:47.269162+00:00
[2024-03-30T06:24:47.301+0000] {processor.py:179} INFO - Processing /home/airflow/.local/lib/python3.7/site-packages/airflow/example_dags/tutorial.py took 0.099 seconds
[2024-03-30T06:25:17.666+0000] {processor.py:157} INFO - Started process (PID=1214) to work on /home/airflow/.local/lib/python3.7/site-packages/airflow/example_dags/tutorial.py
[2024-03-30T06:25:17.667+0000] {processor.py:826} INFO - Processing file /home/airflow/.local/lib/python3.7/site-packages/airflow/example_dags/tutorial.py for tasks to queue
[2024-03-30T06:25:17.668+0000] {logging_mixin.py:149} INFO - [2024-03-30T06:25:17.667+0000] {dagbag.py:541} INFO - Filling up the DagBag from /home/airflow/.local/lib/python3.7/site-packages/airflow/example_dags/tutorial.py
[2024-03-30T06:25:17.673+0000] {processor.py:836} INFO - DAG(s) dict_keys(['tutorial']) retrieved from /home/airflow/.local/lib/python3.7/site-packages/airflow/example_dags/tutorial.py
[2024-03-30T06:25:17.707+0000] {logging_mixin.py:149} INFO - [2024-03-30T06:25:17.707+0000] {dag.py:2726} INFO - Sync 1 DAGs
[2024-03-30T06:25:17.732+0000] {logging_mixin.py:149} INFO - [2024-03-30T06:25:17.732+0000] {dag.py:3490} INFO - Setting next_dagrun for tutorial to 2024-03-29T06:25:17.732033+00:00, run_after=2024-03-30T06:25:17.732033+00:00
[2024-03-30T06:25:17.766+0000] {processor.py:179} INFO - Processing /home/airflow/.local/lib/python3.7/site-packages/airflow/example_dags/tutorial.py took 0.103 seconds
[2024-03-30T06:25:47.967+0000] {processor.py:157} INFO - Started process (PID=1275) to work on /home/airflow/.local/lib/python3.7/site-packages/airflow/example_dags/tutorial.py
[2024-03-30T06:25:47.968+0000] {processor.py:826} INFO - Processing file /home/airflow/.local/lib/python3.7/site-packages/airflow/example_dags/tutorial.py for tasks to queue
[2024-03-30T06:25:47.968+0000] {logging_mixin.py:149} INFO - [2024-03-30T06:25:47.968+0000] {dagbag.py:541} INFO - Filling up the DagBag from /home/airflow/.local/lib/python3.7/site-packages/airflow/example_dags/tutorial.py
[2024-03-30T06:25:47.975+0000] {processor.py:836} INFO - DAG(s) dict_keys(['tutorial']) retrieved from /home/airflow/.local/lib/python3.7/site-packages/airflow/example_dags/tutorial.py
[2024-03-30T06:25:48.012+0000] {logging_mixin.py:149} INFO - [2024-03-30T06:25:48.012+0000] {dag.py:2726} INFO - Sync 1 DAGs
[2024-03-30T06:25:48.043+0000] {logging_mixin.py:149} INFO - [2024-03-30T06:25:48.043+0000] {dag.py:3490} INFO - Setting next_dagrun for tutorial to 2024-03-29T06:25:48.043251+00:00, run_after=2024-03-30T06:25:48.043251+00:00
[2024-03-30T06:25:48.076+0000] {processor.py:179} INFO - Processing /home/airflow/.local/lib/python3.7/site-packages/airflow/example_dags/tutorial.py took 0.112 seconds
[2024-03-30T06:26:18.806+0000] {processor.py:157} INFO - Started process (PID=1336) to work on /home/airflow/.local/lib/python3.7/site-packages/airflow/example_dags/tutorial.py
[2024-03-30T06:26:18.807+0000] {processor.py:826} INFO - Processing file /home/airflow/.local/lib/python3.7/site-packages/airflow/example_dags/tutorial.py for tasks to queue
[2024-03-30T06:26:18.808+0000] {logging_mixin.py:149} INFO - [2024-03-30T06:26:18.808+0000] {dagbag.py:541} INFO - Filling up the DagBag from /home/airflow/.local/lib/python3.7/site-packages/airflow/example_dags/tutorial.py
[2024-03-30T06:26:18.813+0000] {processor.py:836} INFO - DAG(s) dict_keys(['tutorial']) retrieved from /home/airflow/.local/lib/python3.7/site-packages/airflow/example_dags/tutorial.py
[2024-03-30T06:26:18.848+0000] {logging_mixin.py:149} INFO - [2024-03-30T06:26:18.848+0000] {dag.py:2726} INFO - Sync 1 DAGs
[2024-03-30T06:26:18.881+0000] {logging_mixin.py:149} INFO - [2024-03-30T06:26:18.881+0000] {dag.py:3490} INFO - Setting next_dagrun for tutorial to 2024-03-29T06:26:18.880716+00:00, run_after=2024-03-30T06:26:18.880716+00:00
[2024-03-30T06:26:18.921+0000] {processor.py:179} INFO - Processing /home/airflow/.local/lib/python3.7/site-packages/airflow/example_dags/tutorial.py took 0.117 seconds
[2024-03-30T06:26:49.826+0000] {processor.py:157} INFO - Started process (PID=1398) to work on /home/airflow/.local/lib/python3.7/site-packages/airflow/example_dags/tutorial.py
[2024-03-30T06:26:49.827+0000] {processor.py:826} INFO - Processing file /home/airflow/.local/lib/python3.7/site-packages/airflow/example_dags/tutorial.py for tasks to queue
[2024-03-30T06:26:49.827+0000] {logging_mixin.py:149} INFO - [2024-03-30T06:26:49.827+0000] {dagbag.py:541} INFO - Filling up the DagBag from /home/airflow/.local/lib/python3.7/site-packages/airflow/example_dags/tutorial.py
[2024-03-30T06:26:49.833+0000] {processor.py:836} INFO - DAG(s) dict_keys(['tutorial']) retrieved from /home/airflow/.local/lib/python3.7/site-packages/airflow/example_dags/tutorial.py
[2024-03-30T06:26:49.870+0000] {logging_mixin.py:149} INFO - [2024-03-30T06:26:49.870+0000] {dag.py:2726} INFO - Sync 1 DAGs
[2024-03-30T06:26:49.895+0000] {logging_mixin.py:149} INFO - [2024-03-30T06:26:49.894+0000] {dag.py:3490} INFO - Setting next_dagrun for tutorial to 2024-03-29T06:26:49.894740+00:00, run_after=2024-03-30T06:26:49.894740+00:00
[2024-03-30T06:26:49.928+0000] {processor.py:179} INFO - Processing /home/airflow/.local/lib/python3.7/site-packages/airflow/example_dags/tutorial.py took 0.106 seconds
[2024-03-30T06:27:20.299+0000] {processor.py:157} INFO - Started process (PID=1459) to work on /home/airflow/.local/lib/python3.7/site-packages/airflow/example_dags/tutorial.py
[2024-03-30T06:27:20.300+0000] {processor.py:826} INFO - Processing file /home/airflow/.local/lib/python3.7/site-packages/airflow/example_dags/tutorial.py for tasks to queue
[2024-03-30T06:27:20.300+0000] {logging_mixin.py:149} INFO - [2024-03-30T06:27:20.300+0000] {dagbag.py:541} INFO - Filling up the DagBag from /home/airflow/.local/lib/python3.7/site-packages/airflow/example_dags/tutorial.py
[2024-03-30T06:27:20.305+0000] {processor.py:836} INFO - DAG(s) dict_keys(['tutorial']) retrieved from /home/airflow/.local/lib/python3.7/site-packages/airflow/example_dags/tutorial.py
[2024-03-30T06:27:20.346+0000] {logging_mixin.py:149} INFO - [2024-03-30T06:27:20.346+0000] {dag.py:2726} INFO - Sync 1 DAGs
[2024-03-30T06:27:20.375+0000] {logging_mixin.py:149} INFO - [2024-03-30T06:27:20.374+0000] {dag.py:3490} INFO - Setting next_dagrun for tutorial to 2024-03-29T06:27:20.374666+00:00, run_after=2024-03-30T06:27:20.374666+00:00
[2024-03-30T06:27:20.414+0000] {processor.py:179} INFO - Processing /home/airflow/.local/lib/python3.7/site-packages/airflow/example_dags/tutorial.py took 0.117 seconds
[2024-03-30T06:27:51.153+0000] {processor.py:157} INFO - Started process (PID=1521) to work on /home/airflow/.local/lib/python3.7/site-packages/airflow/example_dags/tutorial.py
[2024-03-30T06:27:51.154+0000] {processor.py:826} INFO - Processing file /home/airflow/.local/lib/python3.7/site-packages/airflow/example_dags/tutorial.py for tasks to queue
[2024-03-30T06:27:51.155+0000] {logging_mixin.py:149} INFO - [2024-03-30T06:27:51.155+0000] {dagbag.py:541} INFO - Filling up the DagBag from /home/airflow/.local/lib/python3.7/site-packages/airflow/example_dags/tutorial.py
[2024-03-30T06:27:51.162+0000] {processor.py:836} INFO - DAG(s) dict_keys(['tutorial']) retrieved from /home/airflow/.local/lib/python3.7/site-packages/airflow/example_dags/tutorial.py
[2024-03-30T06:27:51.199+0000] {logging_mixin.py:149} INFO - [2024-03-30T06:27:51.199+0000] {dag.py:2726} INFO - Sync 1 DAGs
[2024-03-30T06:27:51.231+0000] {logging_mixin.py:149} INFO - [2024-03-30T06:27:51.231+0000] {dag.py:3490} INFO - Setting next_dagrun for tutorial to 2024-03-29T06:27:51.231097+00:00, run_after=2024-03-30T06:27:51.231097+00:00
[2024-03-30T06:27:51.282+0000] {processor.py:179} INFO - Processing /home/airflow/.local/lib/python3.7/site-packages/airflow/example_dags/tutorial.py took 0.132 seconds
[2024-03-30T06:28:21.955+0000] {processor.py:157} INFO - Started process (PID=1582) to work on /home/airflow/.local/lib/python3.7/site-packages/airflow/example_dags/tutorial.py
[2024-03-30T06:28:21.956+0000] {processor.py:826} INFO - Processing file /home/airflow/.local/lib/python3.7/site-packages/airflow/example_dags/tutorial.py for tasks to queue
[2024-03-30T06:28:21.957+0000] {logging_mixin.py:149} INFO - [2024-03-30T06:28:21.957+0000] {dagbag.py:541} INFO - Filling up the DagBag from /home/airflow/.local/lib/python3.7/site-packages/airflow/example_dags/tutorial.py
[2024-03-30T06:28:21.964+0000] {processor.py:836} INFO - DAG(s) dict_keys(['tutorial']) retrieved from /home/airflow/.local/lib/python3.7/site-packages/airflow/example_dags/tutorial.py
[2024-03-30T06:28:22.002+0000] {logging_mixin.py:149} INFO - [2024-03-30T06:28:22.002+0000] {dag.py:2726} INFO - Sync 1 DAGs
[2024-03-30T06:28:22.032+0000] {logging_mixin.py:149} INFO - [2024-03-30T06:28:22.032+0000] {dag.py:3490} INFO - Setting next_dagrun for tutorial to 2024-03-29T06:28:22.031844+00:00, run_after=2024-03-30T06:28:22.031844+00:00
[2024-03-30T06:28:22.071+0000] {processor.py:179} INFO - Processing /home/airflow/.local/lib/python3.7/site-packages/airflow/example_dags/tutorial.py took 0.119 seconds
[2024-03-30T06:28:52.569+0000] {processor.py:157} INFO - Started process (PID=1643) to work on /home/airflow/.local/lib/python3.7/site-packages/airflow/example_dags/tutorial.py
[2024-03-30T06:28:52.570+0000] {processor.py:826} INFO - Processing file /home/airflow/.local/lib/python3.7/site-packages/airflow/example_dags/tutorial.py for tasks to queue
[2024-03-30T06:28:52.571+0000] {logging_mixin.py:149} INFO - [2024-03-30T06:28:52.571+0000] {dagbag.py:541} INFO - Filling up the DagBag from /home/airflow/.local/lib/python3.7/site-packages/airflow/example_dags/tutorial.py
[2024-03-30T06:28:52.576+0000] {processor.py:836} INFO - DAG(s) dict_keys(['tutorial']) retrieved from /home/airflow/.local/lib/python3.7/site-packages/airflow/example_dags/tutorial.py
[2024-03-30T06:28:52.614+0000] {logging_mixin.py:149} INFO - [2024-03-30T06:28:52.614+0000] {dag.py:2726} INFO - Sync 1 DAGs
[2024-03-30T06:28:52.639+0000] {logging_mixin.py:149} INFO - [2024-03-30T06:28:52.639+0000] {dag.py:3490} INFO - Setting next_dagrun for tutorial to 2024-03-29T06:28:52.638813+00:00, run_after=2024-03-30T06:28:52.638813+00:00
[2024-03-30T06:28:52.680+0000] {processor.py:179} INFO - Processing /home/airflow/.local/lib/python3.7/site-packages/airflow/example_dags/tutorial.py took 0.113 seconds
[2024-03-30T06:29:23.044+0000] {processor.py:157} INFO - Started process (PID=1704) to work on /home/airflow/.local/lib/python3.7/site-packages/airflow/example_dags/tutorial.py
[2024-03-30T06:29:23.045+0000] {processor.py:826} INFO - Processing file /home/airflow/.local/lib/python3.7/site-packages/airflow/example_dags/tutorial.py for tasks to queue
[2024-03-30T06:29:23.046+0000] {logging_mixin.py:149} INFO - [2024-03-30T06:29:23.046+0000] {dagbag.py:541} INFO - Filling up the DagBag from /home/airflow/.local/lib/python3.7/site-packages/airflow/example_dags/tutorial.py
[2024-03-30T06:29:23.052+0000] {processor.py:836} INFO - DAG(s) dict_keys(['tutorial']) retrieved from /home/airflow/.local/lib/python3.7/site-packages/airflow/example_dags/tutorial.py
[2024-03-30T06:29:23.088+0000] {logging_mixin.py:149} INFO - [2024-03-30T06:29:23.088+0000] {dag.py:2726} INFO - Sync 1 DAGs
[2024-03-30T06:29:23.115+0000] {logging_mixin.py:149} INFO - [2024-03-30T06:29:23.115+0000] {dag.py:3490} INFO - Setting next_dagrun for tutorial to 2024-03-29T06:29:23.114782+00:00, run_after=2024-03-30T06:29:23.114782+00:00
[2024-03-30T06:29:23.154+0000] {processor.py:179} INFO - Processing /home/airflow/.local/lib/python3.7/site-packages/airflow/example_dags/tutorial.py took 0.113 seconds
[2024-03-30T06:29:53.751+0000] {processor.py:157} INFO - Started process (PID=1765) to work on /home/airflow/.local/lib/python3.7/site-packages/airflow/example_dags/tutorial.py
[2024-03-30T06:29:53.752+0000] {processor.py:826} INFO - Processing file /home/airflow/.local/lib/python3.7/site-packages/airflow/example_dags/tutorial.py for tasks to queue
[2024-03-30T06:29:53.753+0000] {logging_mixin.py:149} INFO - [2024-03-30T06:29:53.753+0000] {dagbag.py:541} INFO - Filling up the DagBag from /home/airflow/.local/lib/python3.7/site-packages/airflow/example_dags/tutorial.py
[2024-03-30T06:29:53.759+0000] {processor.py:836} INFO - DAG(s) dict_keys(['tutorial']) retrieved from /home/airflow/.local/lib/python3.7/site-packages/airflow/example_dags/tutorial.py
[2024-03-30T06:29:53.793+0000] {logging_mixin.py:149} INFO - [2024-03-30T06:29:53.793+0000] {dag.py:2726} INFO - Sync 1 DAGs
[2024-03-30T06:29:53.818+0000] {logging_mixin.py:149} INFO - [2024-03-30T06:29:53.818+0000] {dag.py:3490} INFO - Setting next_dagrun for tutorial to 2024-03-29T06:29:53.817931+00:00, run_after=2024-03-30T06:29:53.817931+00:00
[2024-03-30T06:29:53.854+0000] {processor.py:179} INFO - Processing /home/airflow/.local/lib/python3.7/site-packages/airflow/example_dags/tutorial.py took 0.105 seconds
[2024-03-30T06:30:24.056+0000] {processor.py:157} INFO - Started process (PID=1826) to work on /home/airflow/.local/lib/python3.7/site-packages/airflow/example_dags/tutorial.py
[2024-03-30T06:30:24.057+0000] {processor.py:826} INFO - Processing file /home/airflow/.local/lib/python3.7/site-packages/airflow/example_dags/tutorial.py for tasks to queue
[2024-03-30T06:30:24.058+0000] {logging_mixin.py:149} INFO - [2024-03-30T06:30:24.058+0000] {dagbag.py:541} INFO - Filling up the DagBag from /home/airflow/.local/lib/python3.7/site-packages/airflow/example_dags/tutorial.py
[2024-03-30T06:30:24.064+0000] {processor.py:836} INFO - DAG(s) dict_keys(['tutorial']) retrieved from /home/airflow/.local/lib/python3.7/site-packages/airflow/example_dags/tutorial.py
[2024-03-30T06:30:24.105+0000] {logging_mixin.py:149} INFO - [2024-03-30T06:30:24.105+0000] {dag.py:2726} INFO - Sync 1 DAGs
[2024-03-30T06:30:24.132+0000] {logging_mixin.py:149} INFO - [2024-03-30T06:30:24.131+0000] {dag.py:3490} INFO - Setting next_dagrun for tutorial to 2024-03-29T06:30:24.131562+00:00, run_after=2024-03-30T06:30:24.131562+00:00
[2024-03-30T06:30:24.167+0000] {processor.py:179} INFO - Processing /home/airflow/.local/lib/python3.7/site-packages/airflow/example_dags/tutorial.py took 0.114 seconds
[2024-03-30T06:30:54.731+0000] {processor.py:157} INFO - Started process (PID=1894) to work on /home/airflow/.local/lib/python3.7/site-packages/airflow/example_dags/tutorial.py
[2024-03-30T06:30:54.732+0000] {processor.py:826} INFO - Processing file /home/airflow/.local/lib/python3.7/site-packages/airflow/example_dags/tutorial.py for tasks to queue
[2024-03-30T06:30:54.732+0000] {logging_mixin.py:149} INFO - [2024-03-30T06:30:54.732+0000] {dagbag.py:541} INFO - Filling up the DagBag from /home/airflow/.local/lib/python3.7/site-packages/airflow/example_dags/tutorial.py
[2024-03-30T06:30:54.738+0000] {processor.py:836} INFO - DAG(s) dict_keys(['tutorial']) retrieved from /home/airflow/.local/lib/python3.7/site-packages/airflow/example_dags/tutorial.py
[2024-03-30T06:30:54.772+0000] {logging_mixin.py:149} INFO - [2024-03-30T06:30:54.772+0000] {dag.py:2726} INFO - Sync 1 DAGs
[2024-03-30T06:30:54.802+0000] {logging_mixin.py:149} INFO - [2024-03-30T06:30:54.801+0000] {dag.py:3490} INFO - Setting next_dagrun for tutorial to 2024-03-29T06:30:54.801324+00:00, run_after=2024-03-30T06:30:54.801324+00:00
[2024-03-30T06:30:54.835+0000] {processor.py:179} INFO - Processing /home/airflow/.local/lib/python3.7/site-packages/airflow/example_dags/tutorial.py took 0.107 seconds
[2024-03-30T06:31:25.635+0000] {processor.py:157} INFO - Started process (PID=1955) to work on /home/airflow/.local/lib/python3.7/site-packages/airflow/example_dags/tutorial.py
[2024-03-30T06:31:25.635+0000] {processor.py:826} INFO - Processing file /home/airflow/.local/lib/python3.7/site-packages/airflow/example_dags/tutorial.py for tasks to queue
[2024-03-30T06:31:25.636+0000] {logging_mixin.py:149} INFO - [2024-03-30T06:31:25.636+0000] {dagbag.py:541} INFO - Filling up the DagBag from /home/airflow/.local/lib/python3.7/site-packages/airflow/example_dags/tutorial.py
[2024-03-30T06:31:25.643+0000] {processor.py:836} INFO - DAG(s) dict_keys(['tutorial']) retrieved from /home/airflow/.local/lib/python3.7/site-packages/airflow/example_dags/tutorial.py
[2024-03-30T06:31:25.681+0000] {logging_mixin.py:149} INFO - [2024-03-30T06:31:25.681+0000] {dag.py:2726} INFO - Sync 1 DAGs
[2024-03-30T06:31:25.708+0000] {logging_mixin.py:149} INFO - [2024-03-30T06:31:25.707+0000] {dag.py:3490} INFO - Setting next_dagrun for tutorial to 2024-03-29T06:31:25.706817+00:00, run_after=2024-03-30T06:31:25.706817+00:00
[2024-03-30T06:31:25.745+0000] {processor.py:179} INFO - Processing /home/airflow/.local/lib/python3.7/site-packages/airflow/example_dags/tutorial.py took 0.113 seconds
[2024-03-30T08:20:57.856+0000] {processor.py:157} INFO - Started process (PID=63) to work on /home/airflow/.local/lib/python3.7/site-packages/airflow/example_dags/tutorial.py
[2024-03-30T08:20:57.857+0000] {processor.py:826} INFO - Processing file /home/airflow/.local/lib/python3.7/site-packages/airflow/example_dags/tutorial.py for tasks to queue
[2024-03-30T08:20:57.858+0000] {logging_mixin.py:149} INFO - [2024-03-30T08:20:57.858+0000] {dagbag.py:541} INFO - Filling up the DagBag from /home/airflow/.local/lib/python3.7/site-packages/airflow/example_dags/tutorial.py
[2024-03-30T08:20:57.867+0000] {processor.py:836} INFO - DAG(s) dict_keys(['tutorial']) retrieved from /home/airflow/.local/lib/python3.7/site-packages/airflow/example_dags/tutorial.py
[2024-03-30T08:20:57.914+0000] {logging_mixin.py:149} INFO - [2024-03-30T08:20:57.913+0000] {dag.py:2726} INFO - Sync 1 DAGs
[2024-03-30T08:20:57.943+0000] {logging_mixin.py:149} INFO - [2024-03-30T08:20:57.942+0000] {dag.py:3490} INFO - Setting next_dagrun for tutorial to 2024-03-29T08:20:57.942592+00:00, run_after=2024-03-30T08:20:57.942592+00:00
[2024-03-30T08:20:57.987+0000] {processor.py:179} INFO - Processing /home/airflow/.local/lib/python3.7/site-packages/airflow/example_dags/tutorial.py took 0.133 seconds
[2024-03-30T08:21:28.667+0000] {processor.py:157} INFO - Started process (PID=124) to work on /home/airflow/.local/lib/python3.7/site-packages/airflow/example_dags/tutorial.py
[2024-03-30T08:21:28.668+0000] {processor.py:826} INFO - Processing file /home/airflow/.local/lib/python3.7/site-packages/airflow/example_dags/tutorial.py for tasks to queue
[2024-03-30T08:21:28.668+0000] {logging_mixin.py:149} INFO - [2024-03-30T08:21:28.668+0000] {dagbag.py:541} INFO - Filling up the DagBag from /home/airflow/.local/lib/python3.7/site-packages/airflow/example_dags/tutorial.py
[2024-03-30T08:21:28.674+0000] {processor.py:836} INFO - DAG(s) dict_keys(['tutorial']) retrieved from /home/airflow/.local/lib/python3.7/site-packages/airflow/example_dags/tutorial.py
[2024-03-30T08:21:28.714+0000] {logging_mixin.py:149} INFO - [2024-03-30T08:21:28.713+0000] {dag.py:2726} INFO - Sync 1 DAGs
[2024-03-30T08:21:28.741+0000] {logging_mixin.py:149} INFO - [2024-03-30T08:21:28.741+0000] {dag.py:3490} INFO - Setting next_dagrun for tutorial to 2024-03-29T08:21:28.741424+00:00, run_after=2024-03-30T08:21:28.741424+00:00
[2024-03-30T08:21:28.778+0000] {processor.py:179} INFO - Processing /home/airflow/.local/lib/python3.7/site-packages/airflow/example_dags/tutorial.py took 0.115 seconds
[2024-03-30T08:21:59.064+0000] {processor.py:157} INFO - Started process (PID=185) to work on /home/airflow/.local/lib/python3.7/site-packages/airflow/example_dags/tutorial.py
[2024-03-30T08:21:59.066+0000] {processor.py:826} INFO - Processing file /home/airflow/.local/lib/python3.7/site-packages/airflow/example_dags/tutorial.py for tasks to queue
[2024-03-30T08:21:59.067+0000] {logging_mixin.py:149} INFO - [2024-03-30T08:21:59.067+0000] {dagbag.py:541} INFO - Filling up the DagBag from /home/airflow/.local/lib/python3.7/site-packages/airflow/example_dags/tutorial.py
[2024-03-30T08:21:59.075+0000] {processor.py:836} INFO - DAG(s) dict_keys(['tutorial']) retrieved from /home/airflow/.local/lib/python3.7/site-packages/airflow/example_dags/tutorial.py
[2024-03-30T08:21:59.121+0000] {logging_mixin.py:149} INFO - [2024-03-30T08:21:59.121+0000] {dag.py:2726} INFO - Sync 1 DAGs
[2024-03-30T08:21:59.321+0000] {logging_mixin.py:149} INFO - [2024-03-30T08:21:59.321+0000] {dag.py:3490} INFO - Setting next_dagrun for tutorial to 2024-03-29T08:21:59.321341+00:00, run_after=2024-03-30T08:21:59.321341+00:00
[2024-03-30T08:21:59.365+0000] {processor.py:179} INFO - Processing /home/airflow/.local/lib/python3.7/site-packages/airflow/example_dags/tutorial.py took 0.304 seconds
[2024-03-30T08:22:29.485+0000] {processor.py:157} INFO - Started process (PID=246) to work on /home/airflow/.local/lib/python3.7/site-packages/airflow/example_dags/tutorial.py
[2024-03-30T08:22:29.486+0000] {processor.py:826} INFO - Processing file /home/airflow/.local/lib/python3.7/site-packages/airflow/example_dags/tutorial.py for tasks to queue
[2024-03-30T08:22:29.487+0000] {logging_mixin.py:149} INFO - [2024-03-30T08:22:29.487+0000] {dagbag.py:541} INFO - Filling up the DagBag from /home/airflow/.local/lib/python3.7/site-packages/airflow/example_dags/tutorial.py
[2024-03-30T08:22:29.499+0000] {processor.py:836} INFO - DAG(s) dict_keys(['tutorial']) retrieved from /home/airflow/.local/lib/python3.7/site-packages/airflow/example_dags/tutorial.py
[2024-03-30T08:22:29.553+0000] {logging_mixin.py:149} INFO - [2024-03-30T08:22:29.553+0000] {dag.py:2726} INFO - Sync 1 DAGs
[2024-03-30T08:22:29.584+0000] {logging_mixin.py:149} INFO - [2024-03-30T08:22:29.584+0000] {dag.py:3490} INFO - Setting next_dagrun for tutorial to 2024-03-29T08:22:29.584019+00:00, run_after=2024-03-30T08:22:29.584019+00:00
[2024-03-30T08:22:29.631+0000] {processor.py:179} INFO - Processing /home/airflow/.local/lib/python3.7/site-packages/airflow/example_dags/tutorial.py took 0.149 seconds
[2024-03-30T08:22:59.775+0000] {processor.py:157} INFO - Started process (PID=307) to work on /home/airflow/.local/lib/python3.7/site-packages/airflow/example_dags/tutorial.py
[2024-03-30T08:22:59.777+0000] {processor.py:826} INFO - Processing file /home/airflow/.local/lib/python3.7/site-packages/airflow/example_dags/tutorial.py for tasks to queue
[2024-03-30T08:22:59.778+0000] {logging_mixin.py:149} INFO - [2024-03-30T08:22:59.778+0000] {dagbag.py:541} INFO - Filling up the DagBag from /home/airflow/.local/lib/python3.7/site-packages/airflow/example_dags/tutorial.py
[2024-03-30T08:22:59.786+0000] {processor.py:836} INFO - DAG(s) dict_keys(['tutorial']) retrieved from /home/airflow/.local/lib/python3.7/site-packages/airflow/example_dags/tutorial.py
[2024-03-30T08:22:59.832+0000] {logging_mixin.py:149} INFO - [2024-03-30T08:22:59.832+0000] {dag.py:2726} INFO - Sync 1 DAGs
[2024-03-30T08:22:59.862+0000] {logging_mixin.py:149} INFO - [2024-03-30T08:22:59.862+0000] {dag.py:3490} INFO - Setting next_dagrun for tutorial to 2024-03-29T08:22:59.862328+00:00, run_after=2024-03-30T08:22:59.862328+00:00
[2024-03-30T08:22:59.910+0000] {processor.py:179} INFO - Processing /home/airflow/.local/lib/python3.7/site-packages/airflow/example_dags/tutorial.py took 0.138 seconds
[2024-03-30T08:23:30.894+0000] {processor.py:157} INFO - Started process (PID=368) to work on /home/airflow/.local/lib/python3.7/site-packages/airflow/example_dags/tutorial.py
[2024-03-30T08:23:30.895+0000] {processor.py:826} INFO - Processing file /home/airflow/.local/lib/python3.7/site-packages/airflow/example_dags/tutorial.py for tasks to queue
[2024-03-30T08:23:30.896+0000] {logging_mixin.py:149} INFO - [2024-03-30T08:23:30.896+0000] {dagbag.py:541} INFO - Filling up the DagBag from /home/airflow/.local/lib/python3.7/site-packages/airflow/example_dags/tutorial.py
[2024-03-30T08:23:30.903+0000] {processor.py:836} INFO - DAG(s) dict_keys(['tutorial']) retrieved from /home/airflow/.local/lib/python3.7/site-packages/airflow/example_dags/tutorial.py
[2024-03-30T08:23:30.951+0000] {logging_mixin.py:149} INFO - [2024-03-30T08:23:30.951+0000] {dag.py:2726} INFO - Sync 1 DAGs
[2024-03-30T08:23:30.990+0000] {logging_mixin.py:149} INFO - [2024-03-30T08:23:30.990+0000] {dag.py:3490} INFO - Setting next_dagrun for tutorial to 2024-03-29T08:23:30.989830+00:00, run_after=2024-03-30T08:23:30.989830+00:00
[2024-03-30T08:23:31.035+0000] {processor.py:179} INFO - Processing /home/airflow/.local/lib/python3.7/site-packages/airflow/example_dags/tutorial.py took 0.147 seconds
[2024-03-30T08:24:01.698+0000] {processor.py:157} INFO - Started process (PID=428) to work on /home/airflow/.local/lib/python3.7/site-packages/airflow/example_dags/tutorial.py
[2024-03-30T08:24:01.699+0000] {processor.py:826} INFO - Processing file /home/airflow/.local/lib/python3.7/site-packages/airflow/example_dags/tutorial.py for tasks to queue
[2024-03-30T08:24:01.700+0000] {logging_mixin.py:149} INFO - [2024-03-30T08:24:01.700+0000] {dagbag.py:541} INFO - Filling up the DagBag from /home/airflow/.local/lib/python3.7/site-packages/airflow/example_dags/tutorial.py
[2024-03-30T08:24:01.706+0000] {processor.py:836} INFO - DAG(s) dict_keys(['tutorial']) retrieved from /home/airflow/.local/lib/python3.7/site-packages/airflow/example_dags/tutorial.py
[2024-03-30T08:24:01.767+0000] {logging_mixin.py:149} INFO - [2024-03-30T08:24:01.766+0000] {dag.py:2726} INFO - Sync 1 DAGs
[2024-03-30T08:24:01.800+0000] {logging_mixin.py:149} INFO - [2024-03-30T08:24:01.800+0000] {dag.py:3490} INFO - Setting next_dagrun for tutorial to 2024-03-29T08:24:01.800154+00:00, run_after=2024-03-30T08:24:01.800154+00:00
[2024-03-30T08:24:01.842+0000] {processor.py:179} INFO - Processing /home/airflow/.local/lib/python3.7/site-packages/airflow/example_dags/tutorial.py took 0.147 seconds
[2024-03-30T08:24:32.499+0000] {processor.py:157} INFO - Started process (PID=489) to work on /home/airflow/.local/lib/python3.7/site-packages/airflow/example_dags/tutorial.py
[2024-03-30T08:24:32.500+0000] {processor.py:826} INFO - Processing file /home/airflow/.local/lib/python3.7/site-packages/airflow/example_dags/tutorial.py for tasks to queue
[2024-03-30T08:24:32.501+0000] {logging_mixin.py:149} INFO - [2024-03-30T08:24:32.501+0000] {dagbag.py:541} INFO - Filling up the DagBag from /home/airflow/.local/lib/python3.7/site-packages/airflow/example_dags/tutorial.py
[2024-03-30T08:24:32.508+0000] {processor.py:836} INFO - DAG(s) dict_keys(['tutorial']) retrieved from /home/airflow/.local/lib/python3.7/site-packages/airflow/example_dags/tutorial.py
[2024-03-30T08:24:32.548+0000] {logging_mixin.py:149} INFO - [2024-03-30T08:24:32.548+0000] {dag.py:2726} INFO - Sync 1 DAGs
[2024-03-30T08:24:32.577+0000] {logging_mixin.py:149} INFO - [2024-03-30T08:24:32.577+0000] {dag.py:3490} INFO - Setting next_dagrun for tutorial to 2024-03-29T08:24:32.577080+00:00, run_after=2024-03-30T08:24:32.577080+00:00
[2024-03-30T08:24:32.617+0000] {processor.py:179} INFO - Processing /home/airflow/.local/lib/python3.7/site-packages/airflow/example_dags/tutorial.py took 0.121 seconds
[2024-03-30T08:25:03.508+0000] {processor.py:157} INFO - Started process (PID=550) to work on /home/airflow/.local/lib/python3.7/site-packages/airflow/example_dags/tutorial.py
[2024-03-30T08:25:03.509+0000] {processor.py:826} INFO - Processing file /home/airflow/.local/lib/python3.7/site-packages/airflow/example_dags/tutorial.py for tasks to queue
[2024-03-30T08:25:03.511+0000] {logging_mixin.py:149} INFO - [2024-03-30T08:25:03.510+0000] {dagbag.py:541} INFO - Filling up the DagBag from /home/airflow/.local/lib/python3.7/site-packages/airflow/example_dags/tutorial.py
[2024-03-30T08:25:03.518+0000] {processor.py:836} INFO - DAG(s) dict_keys(['tutorial']) retrieved from /home/airflow/.local/lib/python3.7/site-packages/airflow/example_dags/tutorial.py
[2024-03-30T08:25:03.558+0000] {logging_mixin.py:149} INFO - [2024-03-30T08:25:03.558+0000] {dag.py:2726} INFO - Sync 1 DAGs
[2024-03-30T08:25:03.639+0000] {logging_mixin.py:149} INFO - [2024-03-30T08:25:03.639+0000] {dag.py:3490} INFO - Setting next_dagrun for tutorial to 2024-03-29T08:25:03.639133+00:00, run_after=2024-03-30T08:25:03.639133+00:00
[2024-03-30T08:25:03.681+0000] {processor.py:179} INFO - Processing /home/airflow/.local/lib/python3.7/site-packages/airflow/example_dags/tutorial.py took 0.177 seconds
[2024-03-30T08:25:33.876+0000] {processor.py:157} INFO - Started process (PID=611) to work on /home/airflow/.local/lib/python3.7/site-packages/airflow/example_dags/tutorial.py
[2024-03-30T08:25:33.877+0000] {processor.py:826} INFO - Processing file /home/airflow/.local/lib/python3.7/site-packages/airflow/example_dags/tutorial.py for tasks to queue
[2024-03-30T08:25:33.877+0000] {logging_mixin.py:149} INFO - [2024-03-30T08:25:33.877+0000] {dagbag.py:541} INFO - Filling up the DagBag from /home/airflow/.local/lib/python3.7/site-packages/airflow/example_dags/tutorial.py
[2024-03-30T08:25:33.883+0000] {processor.py:836} INFO - DAG(s) dict_keys(['tutorial']) retrieved from /home/airflow/.local/lib/python3.7/site-packages/airflow/example_dags/tutorial.py
[2024-03-30T08:25:33.923+0000] {logging_mixin.py:149} INFO - [2024-03-30T08:25:33.923+0000] {dag.py:2726} INFO - Sync 1 DAGs
[2024-03-30T08:25:33.951+0000] {logging_mixin.py:149} INFO - [2024-03-30T08:25:33.951+0000] {dag.py:3490} INFO - Setting next_dagrun for tutorial to 2024-03-29T08:25:33.950873+00:00, run_after=2024-03-30T08:25:33.950873+00:00
[2024-03-30T08:25:33.991+0000] {processor.py:179} INFO - Processing /home/airflow/.local/lib/python3.7/site-packages/airflow/example_dags/tutorial.py took 0.118 seconds
[2024-03-30T08:26:04.228+0000] {processor.py:157} INFO - Started process (PID=673) to work on /home/airflow/.local/lib/python3.7/site-packages/airflow/example_dags/tutorial.py
[2024-03-30T08:26:04.229+0000] {processor.py:826} INFO - Processing file /home/airflow/.local/lib/python3.7/site-packages/airflow/example_dags/tutorial.py for tasks to queue
[2024-03-30T08:26:04.229+0000] {logging_mixin.py:149} INFO - [2024-03-30T08:26:04.229+0000] {dagbag.py:541} INFO - Filling up the DagBag from /home/airflow/.local/lib/python3.7/site-packages/airflow/example_dags/tutorial.py
[2024-03-30T08:26:04.236+0000] {processor.py:836} INFO - DAG(s) dict_keys(['tutorial']) retrieved from /home/airflow/.local/lib/python3.7/site-packages/airflow/example_dags/tutorial.py
[2024-03-30T08:26:04.277+0000] {logging_mixin.py:149} INFO - [2024-03-30T08:26:04.277+0000] {dag.py:2726} INFO - Sync 1 DAGs
[2024-03-30T08:26:04.304+0000] {logging_mixin.py:149} INFO - [2024-03-30T08:26:04.303+0000] {dag.py:3490} INFO - Setting next_dagrun for tutorial to 2024-03-29T08:26:04.303657+00:00, run_after=2024-03-30T08:26:04.303657+00:00
[2024-03-30T08:26:04.355+0000] {processor.py:179} INFO - Processing /home/airflow/.local/lib/python3.7/site-packages/airflow/example_dags/tutorial.py took 0.131 seconds
[2024-03-30T08:26:34.551+0000] {processor.py:157} INFO - Started process (PID=734) to work on /home/airflow/.local/lib/python3.7/site-packages/airflow/example_dags/tutorial.py
[2024-03-30T08:26:34.552+0000] {processor.py:826} INFO - Processing file /home/airflow/.local/lib/python3.7/site-packages/airflow/example_dags/tutorial.py for tasks to queue
[2024-03-30T08:26:34.552+0000] {logging_mixin.py:149} INFO - [2024-03-30T08:26:34.552+0000] {dagbag.py:541} INFO - Filling up the DagBag from /home/airflow/.local/lib/python3.7/site-packages/airflow/example_dags/tutorial.py
[2024-03-30T08:26:34.559+0000] {processor.py:836} INFO - DAG(s) dict_keys(['tutorial']) retrieved from /home/airflow/.local/lib/python3.7/site-packages/airflow/example_dags/tutorial.py
[2024-03-30T08:26:34.605+0000] {logging_mixin.py:149} INFO - [2024-03-30T08:26:34.605+0000] {dag.py:2726} INFO - Sync 1 DAGs
[2024-03-30T08:26:34.641+0000] {logging_mixin.py:149} INFO - [2024-03-30T08:26:34.641+0000] {dag.py:3490} INFO - Setting next_dagrun for tutorial to 2024-03-29T08:26:34.641192+00:00, run_after=2024-03-30T08:26:34.641192+00:00
[2024-03-30T08:26:34.692+0000] {processor.py:179} INFO - Processing /home/airflow/.local/lib/python3.7/site-packages/airflow/example_dags/tutorial.py took 0.144 seconds
[2024-03-30T08:27:05.629+0000] {processor.py:157} INFO - Started process (PID=795) to work on /home/airflow/.local/lib/python3.7/site-packages/airflow/example_dags/tutorial.py
[2024-03-30T08:27:05.630+0000] {processor.py:826} INFO - Processing file /home/airflow/.local/lib/python3.7/site-packages/airflow/example_dags/tutorial.py for tasks to queue
[2024-03-30T08:27:05.631+0000] {logging_mixin.py:149} INFO - [2024-03-30T08:27:05.631+0000] {dagbag.py:541} INFO - Filling up the DagBag from /home/airflow/.local/lib/python3.7/site-packages/airflow/example_dags/tutorial.py
[2024-03-30T08:27:05.640+0000] {processor.py:836} INFO - DAG(s) dict_keys(['tutorial']) retrieved from /home/airflow/.local/lib/python3.7/site-packages/airflow/example_dags/tutorial.py
[2024-03-30T08:27:05.679+0000] {logging_mixin.py:149} INFO - [2024-03-30T08:27:05.679+0000] {dag.py:2726} INFO - Sync 1 DAGs
[2024-03-30T08:27:05.709+0000] {logging_mixin.py:149} INFO - [2024-03-30T08:27:05.708+0000] {dag.py:3490} INFO - Setting next_dagrun for tutorial to 2024-03-29T08:27:05.708641+00:00, run_after=2024-03-30T08:27:05.708641+00:00
[2024-03-30T08:27:05.746+0000] {processor.py:179} INFO - Processing /home/airflow/.local/lib/python3.7/site-packages/airflow/example_dags/tutorial.py took 0.120 seconds
[2024-03-30T08:27:36.246+0000] {processor.py:157} INFO - Started process (PID=855) to work on /home/airflow/.local/lib/python3.7/site-packages/airflow/example_dags/tutorial.py
[2024-03-30T08:27:36.247+0000] {processor.py:826} INFO - Processing file /home/airflow/.local/lib/python3.7/site-packages/airflow/example_dags/tutorial.py for tasks to queue
[2024-03-30T08:27:36.248+0000] {logging_mixin.py:149} INFO - [2024-03-30T08:27:36.248+0000] {dagbag.py:541} INFO - Filling up the DagBag from /home/airflow/.local/lib/python3.7/site-packages/airflow/example_dags/tutorial.py
[2024-03-30T08:27:36.258+0000] {processor.py:836} INFO - DAG(s) dict_keys(['tutorial']) retrieved from /home/airflow/.local/lib/python3.7/site-packages/airflow/example_dags/tutorial.py
[2024-03-30T08:27:36.304+0000] {logging_mixin.py:149} INFO - [2024-03-30T08:27:36.304+0000] {dag.py:2726} INFO - Sync 1 DAGs
[2024-03-30T08:27:36.332+0000] {logging_mixin.py:149} INFO - [2024-03-30T08:27:36.331+0000] {dag.py:3490} INFO - Setting next_dagrun for tutorial to 2024-03-29T08:27:36.331549+00:00, run_after=2024-03-30T08:27:36.331549+00:00
[2024-03-30T08:27:36.375+0000] {processor.py:179} INFO - Processing /home/airflow/.local/lib/python3.7/site-packages/airflow/example_dags/tutorial.py took 0.132 seconds
[2024-03-30T08:28:06.571+0000] {processor.py:157} INFO - Started process (PID=916) to work on /home/airflow/.local/lib/python3.7/site-packages/airflow/example_dags/tutorial.py
[2024-03-30T08:28:06.572+0000] {processor.py:826} INFO - Processing file /home/airflow/.local/lib/python3.7/site-packages/airflow/example_dags/tutorial.py for tasks to queue
[2024-03-30T08:28:06.573+0000] {logging_mixin.py:149} INFO - [2024-03-30T08:28:06.573+0000] {dagbag.py:541} INFO - Filling up the DagBag from /home/airflow/.local/lib/python3.7/site-packages/airflow/example_dags/tutorial.py
[2024-03-30T08:28:06.581+0000] {processor.py:836} INFO - DAG(s) dict_keys(['tutorial']) retrieved from /home/airflow/.local/lib/python3.7/site-packages/airflow/example_dags/tutorial.py
[2024-03-30T08:28:06.627+0000] {logging_mixin.py:149} INFO - [2024-03-30T08:28:06.627+0000] {dag.py:2726} INFO - Sync 1 DAGs
[2024-03-30T08:28:06.664+0000] {logging_mixin.py:149} INFO - [2024-03-30T08:28:06.664+0000] {dag.py:3490} INFO - Setting next_dagrun for tutorial to 2024-03-29T08:28:06.664435+00:00, run_after=2024-03-30T08:28:06.664435+00:00
[2024-03-30T08:28:06.708+0000] {processor.py:179} INFO - Processing /home/airflow/.local/lib/python3.7/site-packages/airflow/example_dags/tutorial.py took 0.142 seconds
[2024-03-30T08:28:37.249+0000] {processor.py:157} INFO - Started process (PID=977) to work on /home/airflow/.local/lib/python3.7/site-packages/airflow/example_dags/tutorial.py
[2024-03-30T08:28:37.250+0000] {processor.py:826} INFO - Processing file /home/airflow/.local/lib/python3.7/site-packages/airflow/example_dags/tutorial.py for tasks to queue
[2024-03-30T08:28:37.251+0000] {logging_mixin.py:149} INFO - [2024-03-30T08:28:37.251+0000] {dagbag.py:541} INFO - Filling up the DagBag from /home/airflow/.local/lib/python3.7/site-packages/airflow/example_dags/tutorial.py
[2024-03-30T08:28:37.260+0000] {processor.py:836} INFO - DAG(s) dict_keys(['tutorial']) retrieved from /home/airflow/.local/lib/python3.7/site-packages/airflow/example_dags/tutorial.py
[2024-03-30T08:28:37.310+0000] {logging_mixin.py:149} INFO - [2024-03-30T08:28:37.310+0000] {dag.py:2726} INFO - Sync 1 DAGs
[2024-03-30T08:28:37.338+0000] {logging_mixin.py:149} INFO - [2024-03-30T08:28:37.338+0000] {dag.py:3490} INFO - Setting next_dagrun for tutorial to 2024-03-29T08:28:37.338333+00:00, run_after=2024-03-30T08:28:37.338333+00:00
[2024-03-30T08:28:37.376+0000] {processor.py:179} INFO - Processing /home/airflow/.local/lib/python3.7/site-packages/airflow/example_dags/tutorial.py took 0.130 seconds
